

================================================================
== Vitis HLS Report for 'concatenate1d_array_array_array_ap_fixed_16_6_5_3_0_79u_config12_s'
================================================================
* Date:           Mon May 20 13:40:57 2024

* Version:        2023.1 (Build 3854077 on May  4 2023)
* Project:        myproject_prj
* Solution:       solution1 (Vivado IP Flow Target)
* Product family: kintexu
* Target device:  xcku040-ffva1156-2-e


================================================================
== Performance Estimates
================================================================
+ Timing: 
    * Summary: 
    +--------+----------+----------+------------+
    |  Clock |  Target  | Estimated| Uncertainty|
    +--------+----------+----------+------------+
    |ap_clk  |  25.00 ns|  2.963 ns|     6.75 ns|
    +--------+----------+----------+------------+

+ Latency: 
    * Summary: 
    +---------+---------+----------+----------+-----+-----+---------+
    |  Latency (cycles) |  Latency (absolute) |  Interval | Pipeline|
    |   min   |   max   |    min   |    max   | min | max |   Type  |
    +---------+---------+----------+----------+-----+-----+---------+
    |       13|       13|  0.325 us|  0.325 us|   13|   13|       no|
    +---------+---------+----------+----------+-----+-----+---------+

    + Detail: 
        * Instance: 
        N/A

        * Loop: 
        N/A

============================================================
+ Verbose Summary: Synthesis Manager
============================================================
InlineROM: 1
ExposeGlobal: 0
============================================================
+ Verbose Summary: CDFG Model
============================================================
IsTopModel: 0
ResetActiveHigh: 1
IsCombinational: 2
IsDatapathOnly: 0
HasWiredReturn: 1
HasMFsm: 0
HasVarLatency: 1
IsPipeline: 0
IsRtlPipelined: 0
IsInstanceOverlapped: 0
IsDontTouch: 0
HasImplIP: 0
IsGatedGlobalClock: 0


============================================================
+ Verbose Summary: Schedule
============================================================
* Number of FSM states : 6
* Pipeline : 0
* Dataflow Pipeline: 0

* FSM state transitions: 
1 --> 2 
2 --> 3 
3 --> 4 
4 --> 5 
5 --> 6 
6 --> 

* FSM state operations: 

State 1 <SV = 0> <Delay = 0.00>
ST_1 : Operation 7 [1/1] (0.00ns)   --->   "%out_data = alloca i64 1" [firmware/nnet_utils/nnet_merge_stream.h:344]   --->   Operation 7 'alloca' 'out_data' <Predicate = true> <Delay = 0.00> <CoreInst = "RAM">   --->   Core 83 'RAM' <Latency = 1> <II = 1> <Delay = 0.69> <Storage> <Opcode : 'load' 'store'> <Ports = 2> <Width = 16> <Depth = 7> <RAM>
ST_1 : Operation 8 [1/1] (0.00ns)   --->   "%out_data_1 = alloca i64 1" [firmware/nnet_utils/nnet_merge_stream.h:344]   --->   Operation 8 'alloca' 'out_data_1' <Predicate = true> <Delay = 0.00> <CoreInst = "RAM">   --->   Core 83 'RAM' <Latency = 1> <II = 1> <Delay = 0.69> <Storage> <Opcode : 'load' 'store'> <Ports = 2> <Width = 16> <Depth = 7> <RAM>
ST_1 : Operation 9 [1/1] (0.00ns)   --->   "%out_data_2 = alloca i64 1" [firmware/nnet_utils/nnet_merge_stream.h:344]   --->   Operation 9 'alloca' 'out_data_2' <Predicate = true> <Delay = 0.00> <CoreInst = "RAM">   --->   Core 83 'RAM' <Latency = 1> <II = 1> <Delay = 0.69> <Storage> <Opcode : 'load' 'store'> <Ports = 2> <Width = 16> <Depth = 7> <RAM>
ST_1 : Operation 10 [1/1] (0.00ns)   --->   "%out_data_3 = alloca i64 1" [firmware/nnet_utils/nnet_merge_stream.h:344]   --->   Operation 10 'alloca' 'out_data_3' <Predicate = true> <Delay = 0.00> <CoreInst = "RAM">   --->   Core 83 'RAM' <Latency = 1> <II = 1> <Delay = 0.69> <Storage> <Opcode : 'load' 'store'> <Ports = 2> <Width = 16> <Depth = 7> <RAM>
ST_1 : Operation 11 [1/1] (0.00ns)   --->   "%out_data_4 = alloca i64 1" [firmware/nnet_utils/nnet_merge_stream.h:344]   --->   Operation 11 'alloca' 'out_data_4' <Predicate = true> <Delay = 0.00> <CoreInst = "RAM">   --->   Core 83 'RAM' <Latency = 1> <II = 1> <Delay = 0.69> <Storage> <Opcode : 'load' 'store'> <Ports = 2> <Width = 16> <Depth = 7> <RAM>
ST_1 : Operation 12 [1/1] (0.00ns)   --->   "%out_data_5 = alloca i64 1" [firmware/nnet_utils/nnet_merge_stream.h:344]   --->   Operation 12 'alloca' 'out_data_5' <Predicate = true> <Delay = 0.00> <CoreInst = "RAM">   --->   Core 83 'RAM' <Latency = 1> <II = 1> <Delay = 0.69> <Storage> <Opcode : 'load' 'store'> <Ports = 2> <Width = 16> <Depth = 7> <RAM>
ST_1 : Operation 13 [1/1] (0.00ns)   --->   "%out_data_6 = alloca i64 1" [firmware/nnet_utils/nnet_merge_stream.h:344]   --->   Operation 13 'alloca' 'out_data_6' <Predicate = true> <Delay = 0.00> <CoreInst = "RAM">   --->   Core 83 'RAM' <Latency = 1> <II = 1> <Delay = 0.69> <Storage> <Opcode : 'load' 'store'> <Ports = 2> <Width = 16> <Depth = 7> <RAM>
ST_1 : Operation 14 [1/1] (0.00ns)   --->   "%out_data_7 = alloca i64 1" [firmware/nnet_utils/nnet_merge_stream.h:344]   --->   Operation 14 'alloca' 'out_data_7' <Predicate = true> <Delay = 0.00> <CoreInst = "RAM">   --->   Core 83 'RAM' <Latency = 1> <II = 1> <Delay = 0.69> <Storage> <Opcode : 'load' 'store'> <Ports = 2> <Width = 16> <Depth = 7> <RAM>
ST_1 : Operation 15 [1/1] (0.00ns)   --->   "%out_data_8 = alloca i64 1" [firmware/nnet_utils/nnet_merge_stream.h:344]   --->   Operation 15 'alloca' 'out_data_8' <Predicate = true> <Delay = 0.00> <CoreInst = "RAM">   --->   Core 83 'RAM' <Latency = 1> <II = 1> <Delay = 0.69> <Storage> <Opcode : 'load' 'store'> <Ports = 2> <Width = 16> <Depth = 7> <RAM>
ST_1 : Operation 16 [1/1] (0.00ns)   --->   "%out_data_9 = alloca i64 1" [firmware/nnet_utils/nnet_merge_stream.h:344]   --->   Operation 16 'alloca' 'out_data_9' <Predicate = true> <Delay = 0.00> <CoreInst = "RAM">   --->   Core 83 'RAM' <Latency = 1> <II = 1> <Delay = 0.69> <Storage> <Opcode : 'load' 'store'> <Ports = 2> <Width = 16> <Depth = 7> <RAM>
ST_1 : Operation 17 [1/1] (0.00ns)   --->   "%out_data_10 = alloca i64 1" [firmware/nnet_utils/nnet_merge_stream.h:344]   --->   Operation 17 'alloca' 'out_data_10' <Predicate = true> <Delay = 0.00> <CoreInst = "RAM">   --->   Core 83 'RAM' <Latency = 1> <II = 1> <Delay = 0.69> <Storage> <Opcode : 'load' 'store'> <Ports = 2> <Width = 16> <Depth = 7> <RAM>
ST_1 : Operation 18 [1/1] (0.00ns)   --->   "%out_data_11 = alloca i64 1" [firmware/nnet_utils/nnet_merge_stream.h:344]   --->   Operation 18 'alloca' 'out_data_11' <Predicate = true> <Delay = 0.00> <CoreInst = "RAM">   --->   Core 83 'RAM' <Latency = 1> <II = 1> <Delay = 0.69> <Storage> <Opcode : 'load' 'store'> <Ports = 2> <Width = 16> <Depth = 7> <RAM>
ST_1 : Operation 19 [1/1] (0.00ns)   --->   "%out_data_12 = alloca i64 1" [firmware/nnet_utils/nnet_merge_stream.h:344]   --->   Operation 19 'alloca' 'out_data_12' <Predicate = true> <Delay = 0.00> <CoreInst = "RAM">   --->   Core 83 'RAM' <Latency = 1> <II = 1> <Delay = 0.69> <Storage> <Opcode : 'load' 'store'> <Ports = 2> <Width = 16> <Depth = 7> <RAM>
ST_1 : Operation 20 [1/1] (0.00ns)   --->   "%empty = wait i32 @_ssdm_op_Wait"   --->   Operation 20 'wait' 'empty' <Predicate = true> <Delay = 0.00>
ST_1 : Operation 21 [2/2] (0.00ns)   --->   "%call_ln0 = call void @concatenate1d<array,array,array<ap_fixed,79u>,config12>_Pipeline_ConcatLoop1, i16 %out_data_12, i16 %out_data_11, i16 %out_data_10, i16 %out_data_9, i16 %out_data_8, i16 %out_data_7, i16 %out_data_6, i16 %out_data_5, i16 %out_data_4, i16 %out_data_3, i16 %out_data_2, i16 %out_data_1, i16 %out_data, i208 %layer9_out"   --->   Operation 21 'call' 'call_ln0' <Predicate = true> <Delay = 0.00> <CoreType = "Generic">   --->   Core 0 '' <Latency = 0> <II = 1> <Delay = 1.00> <Generic> <Opcode : >

State 2 <SV = 1> <Delay = 0.00>
ST_2 : Operation 22 [1/2] (0.00ns)   --->   "%call_ln0 = call void @concatenate1d<array,array,array<ap_fixed,79u>,config12>_Pipeline_ConcatLoop1, i16 %out_data_12, i16 %out_data_11, i16 %out_data_10, i16 %out_data_9, i16 %out_data_8, i16 %out_data_7, i16 %out_data_6, i16 %out_data_5, i16 %out_data_4, i16 %out_data_3, i16 %out_data_2, i16 %out_data_1, i16 %out_data, i208 %layer9_out"   --->   Operation 22 'call' 'call_ln0' <Predicate = true> <Delay = 0.00> <CoreType = "Generic">   --->   Core 0 '' <Latency = 0> <II = 1> <Delay = 1.00> <Generic> <Opcode : >

State 3 <SV = 2> <Delay = 0.69>
ST_3 : Operation 23 [1/1] (0.00ns)   --->   "%out_data_addr = getelementptr i16 %out_data, i64 0, i64 0"   --->   Operation 23 'getelementptr' 'out_data_addr' <Predicate = true> <Delay = 0.00>
ST_3 : Operation 24 [1/1] (0.00ns)   --->   "%out_data_1_addr = getelementptr i16 %out_data_1, i64 0, i64 0"   --->   Operation 24 'getelementptr' 'out_data_1_addr' <Predicate = true> <Delay = 0.00>
ST_3 : Operation 25 [1/1] (0.00ns)   --->   "%out_data_2_addr = getelementptr i16 %out_data_2, i64 0, i64 0"   --->   Operation 25 'getelementptr' 'out_data_2_addr' <Predicate = true> <Delay = 0.00>
ST_3 : Operation 26 [1/1] (0.00ns)   --->   "%out_data_3_addr = getelementptr i16 %out_data_3, i64 0, i64 0"   --->   Operation 26 'getelementptr' 'out_data_3_addr' <Predicate = true> <Delay = 0.00>
ST_3 : Operation 27 [1/1] (0.00ns)   --->   "%out_data_4_addr = getelementptr i16 %out_data_4, i64 0, i64 0"   --->   Operation 27 'getelementptr' 'out_data_4_addr' <Predicate = true> <Delay = 0.00>
ST_3 : Operation 28 [1/1] (0.00ns)   --->   "%out_data_5_addr = getelementptr i16 %out_data_5, i64 0, i64 0"   --->   Operation 28 'getelementptr' 'out_data_5_addr' <Predicate = true> <Delay = 0.00>
ST_3 : Operation 29 [1/1] (0.00ns)   --->   "%out_data_6_addr = getelementptr i16 %out_data_6, i64 0, i64 0"   --->   Operation 29 'getelementptr' 'out_data_6_addr' <Predicate = true> <Delay = 0.00>
ST_3 : Operation 30 [1/1] (0.00ns)   --->   "%out_data_7_addr = getelementptr i16 %out_data_7, i64 0, i64 0"   --->   Operation 30 'getelementptr' 'out_data_7_addr' <Predicate = true> <Delay = 0.00>
ST_3 : Operation 31 [1/1] (0.00ns)   --->   "%out_data_8_addr = getelementptr i16 %out_data_8, i64 0, i64 0"   --->   Operation 31 'getelementptr' 'out_data_8_addr' <Predicate = true> <Delay = 0.00>
ST_3 : Operation 32 [1/1] (0.00ns)   --->   "%out_data_9_addr = getelementptr i16 %out_data_9, i64 0, i64 0"   --->   Operation 32 'getelementptr' 'out_data_9_addr' <Predicate = true> <Delay = 0.00>
ST_3 : Operation 33 [1/1] (0.00ns)   --->   "%out_data_10_addr = getelementptr i16 %out_data_10, i64 0, i64 0"   --->   Operation 33 'getelementptr' 'out_data_10_addr' <Predicate = true> <Delay = 0.00>
ST_3 : Operation 34 [1/1] (0.00ns)   --->   "%out_data_11_addr = getelementptr i16 %out_data_11, i64 0, i64 0"   --->   Operation 34 'getelementptr' 'out_data_11_addr' <Predicate = true> <Delay = 0.00>
ST_3 : Operation 35 [1/1] (0.00ns)   --->   "%out_data_12_addr = getelementptr i16 %out_data_12, i64 0, i64 0"   --->   Operation 35 'getelementptr' 'out_data_12_addr' <Predicate = true> <Delay = 0.00>
ST_3 : Operation 36 [1/1] (0.00ns)   --->   "%empty_69 = wait i32 @_ssdm_op_Wait"   --->   Operation 36 'wait' 'empty_69' <Predicate = true> <Delay = 0.00>
ST_3 : Operation 37 [1/1] (0.00ns)   --->   "%out_data_addr_1 = getelementptr i16 %out_data, i64 0, i64 1" [firmware/nnet_utils/nnet_merge_stream.h:366]   --->   Operation 37 'getelementptr' 'out_data_addr_1' <Predicate = true> <Delay = 0.00>
ST_3 : Operation 38 [1/1] (0.00ns)   --->   "%out_data_1_addr_1 = getelementptr i16 %out_data_1, i64 0, i64 1" [firmware/nnet_utils/nnet_merge_stream.h:366]   --->   Operation 38 'getelementptr' 'out_data_1_addr_1' <Predicate = true> <Delay = 0.00>
ST_3 : Operation 39 [1/1] (0.00ns)   --->   "%out_data_2_addr_1 = getelementptr i16 %out_data_2, i64 0, i64 1" [firmware/nnet_utils/nnet_merge_stream.h:366]   --->   Operation 39 'getelementptr' 'out_data_2_addr_1' <Predicate = true> <Delay = 0.00>
ST_3 : Operation 40 [1/1] (0.00ns)   --->   "%out_data_3_addr_1 = getelementptr i16 %out_data_3, i64 0, i64 1" [firmware/nnet_utils/nnet_merge_stream.h:366]   --->   Operation 40 'getelementptr' 'out_data_3_addr_1' <Predicate = true> <Delay = 0.00>
ST_3 : Operation 41 [1/1] (0.00ns)   --->   "%out_data_4_addr_1 = getelementptr i16 %out_data_4, i64 0, i64 1" [firmware/nnet_utils/nnet_merge_stream.h:366]   --->   Operation 41 'getelementptr' 'out_data_4_addr_1' <Predicate = true> <Delay = 0.00>
ST_3 : Operation 42 [1/1] (0.00ns)   --->   "%out_data_5_addr_1 = getelementptr i16 %out_data_5, i64 0, i64 1" [firmware/nnet_utils/nnet_merge_stream.h:366]   --->   Operation 42 'getelementptr' 'out_data_5_addr_1' <Predicate = true> <Delay = 0.00>
ST_3 : Operation 43 [1/1] (0.00ns)   --->   "%out_data_6_addr_1 = getelementptr i16 %out_data_6, i64 0, i64 1" [firmware/nnet_utils/nnet_merge_stream.h:366]   --->   Operation 43 'getelementptr' 'out_data_6_addr_1' <Predicate = true> <Delay = 0.00>
ST_3 : Operation 44 [1/1] (0.00ns)   --->   "%out_data_7_addr_1 = getelementptr i16 %out_data_7, i64 0, i64 1" [firmware/nnet_utils/nnet_merge_stream.h:366]   --->   Operation 44 'getelementptr' 'out_data_7_addr_1' <Predicate = true> <Delay = 0.00>
ST_3 : Operation 45 [1/1] (0.00ns)   --->   "%out_data_8_addr_1 = getelementptr i16 %out_data_8, i64 0, i64 1" [firmware/nnet_utils/nnet_merge_stream.h:366]   --->   Operation 45 'getelementptr' 'out_data_8_addr_1' <Predicate = true> <Delay = 0.00>
ST_3 : Operation 46 [1/1] (0.00ns)   --->   "%out_data_9_addr_1 = getelementptr i16 %out_data_9, i64 0, i64 1" [firmware/nnet_utils/nnet_merge_stream.h:366]   --->   Operation 46 'getelementptr' 'out_data_9_addr_1' <Predicate = true> <Delay = 0.00>
ST_3 : Operation 47 [1/1] (0.00ns)   --->   "%out_data_10_addr_1 = getelementptr i16 %out_data_10, i64 0, i64 1" [firmware/nnet_utils/nnet_merge_stream.h:366]   --->   Operation 47 'getelementptr' 'out_data_10_addr_1' <Predicate = true> <Delay = 0.00>
ST_3 : Operation 48 [1/1] (0.00ns)   --->   "%out_data_11_addr_1 = getelementptr i16 %out_data_11, i64 0, i64 1" [firmware/nnet_utils/nnet_merge_stream.h:366]   --->   Operation 48 'getelementptr' 'out_data_11_addr_1' <Predicate = true> <Delay = 0.00>
ST_3 : Operation 49 [1/1] (0.00ns)   --->   "%out_data_12_addr_1 = getelementptr i16 %out_data_12, i64 0, i64 1" [firmware/nnet_utils/nnet_merge_stream.h:366]   --->   Operation 49 'getelementptr' 'out_data_12_addr_1' <Predicate = true> <Delay = 0.00>
ST_3 : Operation 50 [2/2] (0.69ns)   --->   "%out_data_load = load i3 %out_data_addr" [firmware/nnet_utils/nnet_merge_stream.h:366]   --->   Operation 50 'load' 'out_data_load' <Predicate = true> <Delay = 0.69> <CoreInst = "RAM">   --->   Core 83 'RAM' <Latency = 1> <II = 1> <Delay = 0.69> <Storage> <Opcode : 'load' 'store'> <Ports = 2> <Width = 16> <Depth = 7> <RAM>
ST_3 : Operation 51 [2/2] (0.69ns)   --->   "%out_data_1_load = load i3 %out_data_1_addr" [firmware/nnet_utils/nnet_merge_stream.h:366]   --->   Operation 51 'load' 'out_data_1_load' <Predicate = true> <Delay = 0.69> <CoreInst = "RAM">   --->   Core 83 'RAM' <Latency = 1> <II = 1> <Delay = 0.69> <Storage> <Opcode : 'load' 'store'> <Ports = 2> <Width = 16> <Depth = 7> <RAM>
ST_3 : Operation 52 [2/2] (0.69ns)   --->   "%out_data_2_load = load i3 %out_data_2_addr" [firmware/nnet_utils/nnet_merge_stream.h:366]   --->   Operation 52 'load' 'out_data_2_load' <Predicate = true> <Delay = 0.69> <CoreInst = "RAM">   --->   Core 83 'RAM' <Latency = 1> <II = 1> <Delay = 0.69> <Storage> <Opcode : 'load' 'store'> <Ports = 2> <Width = 16> <Depth = 7> <RAM>
ST_3 : Operation 53 [2/2] (0.69ns)   --->   "%out_data_3_load = load i3 %out_data_3_addr" [firmware/nnet_utils/nnet_merge_stream.h:366]   --->   Operation 53 'load' 'out_data_3_load' <Predicate = true> <Delay = 0.69> <CoreInst = "RAM">   --->   Core 83 'RAM' <Latency = 1> <II = 1> <Delay = 0.69> <Storage> <Opcode : 'load' 'store'> <Ports = 2> <Width = 16> <Depth = 7> <RAM>
ST_3 : Operation 54 [2/2] (0.69ns)   --->   "%out_data_4_load = load i3 %out_data_4_addr" [firmware/nnet_utils/nnet_merge_stream.h:366]   --->   Operation 54 'load' 'out_data_4_load' <Predicate = true> <Delay = 0.69> <CoreInst = "RAM">   --->   Core 83 'RAM' <Latency = 1> <II = 1> <Delay = 0.69> <Storage> <Opcode : 'load' 'store'> <Ports = 2> <Width = 16> <Depth = 7> <RAM>
ST_3 : Operation 55 [2/2] (0.69ns)   --->   "%out_data_5_load = load i3 %out_data_5_addr" [firmware/nnet_utils/nnet_merge_stream.h:366]   --->   Operation 55 'load' 'out_data_5_load' <Predicate = true> <Delay = 0.69> <CoreInst = "RAM">   --->   Core 83 'RAM' <Latency = 1> <II = 1> <Delay = 0.69> <Storage> <Opcode : 'load' 'store'> <Ports = 2> <Width = 16> <Depth = 7> <RAM>
ST_3 : Operation 56 [2/2] (0.69ns)   --->   "%out_data_6_load = load i3 %out_data_6_addr" [firmware/nnet_utils/nnet_merge_stream.h:366]   --->   Operation 56 'load' 'out_data_6_load' <Predicate = true> <Delay = 0.69> <CoreInst = "RAM">   --->   Core 83 'RAM' <Latency = 1> <II = 1> <Delay = 0.69> <Storage> <Opcode : 'load' 'store'> <Ports = 2> <Width = 16> <Depth = 7> <RAM>
ST_3 : Operation 57 [2/2] (0.69ns)   --->   "%out_data_7_load = load i3 %out_data_7_addr" [firmware/nnet_utils/nnet_merge_stream.h:366]   --->   Operation 57 'load' 'out_data_7_load' <Predicate = true> <Delay = 0.69> <CoreInst = "RAM">   --->   Core 83 'RAM' <Latency = 1> <II = 1> <Delay = 0.69> <Storage> <Opcode : 'load' 'store'> <Ports = 2> <Width = 16> <Depth = 7> <RAM>
ST_3 : Operation 58 [2/2] (0.69ns)   --->   "%out_data_8_load = load i3 %out_data_8_addr" [firmware/nnet_utils/nnet_merge_stream.h:366]   --->   Operation 58 'load' 'out_data_8_load' <Predicate = true> <Delay = 0.69> <CoreInst = "RAM">   --->   Core 83 'RAM' <Latency = 1> <II = 1> <Delay = 0.69> <Storage> <Opcode : 'load' 'store'> <Ports = 2> <Width = 16> <Depth = 7> <RAM>
ST_3 : Operation 59 [2/2] (0.69ns)   --->   "%out_data_9_load = load i3 %out_data_9_addr" [firmware/nnet_utils/nnet_merge_stream.h:366]   --->   Operation 59 'load' 'out_data_9_load' <Predicate = true> <Delay = 0.69> <CoreInst = "RAM">   --->   Core 83 'RAM' <Latency = 1> <II = 1> <Delay = 0.69> <Storage> <Opcode : 'load' 'store'> <Ports = 2> <Width = 16> <Depth = 7> <RAM>
ST_3 : Operation 60 [2/2] (0.69ns)   --->   "%out_data_10_load = load i3 %out_data_10_addr" [firmware/nnet_utils/nnet_merge_stream.h:366]   --->   Operation 60 'load' 'out_data_10_load' <Predicate = true> <Delay = 0.69> <CoreInst = "RAM">   --->   Core 83 'RAM' <Latency = 1> <II = 1> <Delay = 0.69> <Storage> <Opcode : 'load' 'store'> <Ports = 2> <Width = 16> <Depth = 7> <RAM>
ST_3 : Operation 61 [2/2] (0.69ns)   --->   "%out_data_11_load = load i3 %out_data_11_addr" [firmware/nnet_utils/nnet_merge_stream.h:366]   --->   Operation 61 'load' 'out_data_11_load' <Predicate = true> <Delay = 0.69> <CoreInst = "RAM">   --->   Core 83 'RAM' <Latency = 1> <II = 1> <Delay = 0.69> <Storage> <Opcode : 'load' 'store'> <Ports = 2> <Width = 16> <Depth = 7> <RAM>
ST_3 : Operation 62 [2/2] (0.69ns)   --->   "%out_data_12_load = load i3 %out_data_12_addr" [firmware/nnet_utils/nnet_merge_stream.h:366]   --->   Operation 62 'load' 'out_data_12_load' <Predicate = true> <Delay = 0.69> <CoreInst = "RAM">   --->   Core 83 'RAM' <Latency = 1> <II = 1> <Delay = 0.69> <Storage> <Opcode : 'load' 'store'> <Ports = 2> <Width = 16> <Depth = 7> <RAM>
ST_3 : Operation 63 [2/2] (0.69ns)   --->   "%out_data_load_1 = load i3 %out_data_addr_1" [firmware/nnet_utils/nnet_merge_stream.h:366]   --->   Operation 63 'load' 'out_data_load_1' <Predicate = true> <Delay = 0.69> <CoreInst = "RAM">   --->   Core 83 'RAM' <Latency = 1> <II = 1> <Delay = 0.69> <Storage> <Opcode : 'load' 'store'> <Ports = 2> <Width = 16> <Depth = 7> <RAM>
ST_3 : Operation 64 [2/2] (0.69ns)   --->   "%out_data_1_load_1 = load i3 %out_data_1_addr_1" [firmware/nnet_utils/nnet_merge_stream.h:366]   --->   Operation 64 'load' 'out_data_1_load_1' <Predicate = true> <Delay = 0.69> <CoreInst = "RAM">   --->   Core 83 'RAM' <Latency = 1> <II = 1> <Delay = 0.69> <Storage> <Opcode : 'load' 'store'> <Ports = 2> <Width = 16> <Depth = 7> <RAM>
ST_3 : Operation 65 [2/2] (0.69ns)   --->   "%out_data_2_load_1 = load i3 %out_data_2_addr_1" [firmware/nnet_utils/nnet_merge_stream.h:366]   --->   Operation 65 'load' 'out_data_2_load_1' <Predicate = true> <Delay = 0.69> <CoreInst = "RAM">   --->   Core 83 'RAM' <Latency = 1> <II = 1> <Delay = 0.69> <Storage> <Opcode : 'load' 'store'> <Ports = 2> <Width = 16> <Depth = 7> <RAM>
ST_3 : Operation 66 [2/2] (0.69ns)   --->   "%out_data_3_load_1 = load i3 %out_data_3_addr_1" [firmware/nnet_utils/nnet_merge_stream.h:366]   --->   Operation 66 'load' 'out_data_3_load_1' <Predicate = true> <Delay = 0.69> <CoreInst = "RAM">   --->   Core 83 'RAM' <Latency = 1> <II = 1> <Delay = 0.69> <Storage> <Opcode : 'load' 'store'> <Ports = 2> <Width = 16> <Depth = 7> <RAM>
ST_3 : Operation 67 [2/2] (0.69ns)   --->   "%out_data_4_load_1 = load i3 %out_data_4_addr_1" [firmware/nnet_utils/nnet_merge_stream.h:366]   --->   Operation 67 'load' 'out_data_4_load_1' <Predicate = true> <Delay = 0.69> <CoreInst = "RAM">   --->   Core 83 'RAM' <Latency = 1> <II = 1> <Delay = 0.69> <Storage> <Opcode : 'load' 'store'> <Ports = 2> <Width = 16> <Depth = 7> <RAM>
ST_3 : Operation 68 [2/2] (0.69ns)   --->   "%out_data_5_load_1 = load i3 %out_data_5_addr_1" [firmware/nnet_utils/nnet_merge_stream.h:366]   --->   Operation 68 'load' 'out_data_5_load_1' <Predicate = true> <Delay = 0.69> <CoreInst = "RAM">   --->   Core 83 'RAM' <Latency = 1> <II = 1> <Delay = 0.69> <Storage> <Opcode : 'load' 'store'> <Ports = 2> <Width = 16> <Depth = 7> <RAM>
ST_3 : Operation 69 [2/2] (0.69ns)   --->   "%out_data_6_load_1 = load i3 %out_data_6_addr_1" [firmware/nnet_utils/nnet_merge_stream.h:366]   --->   Operation 69 'load' 'out_data_6_load_1' <Predicate = true> <Delay = 0.69> <CoreInst = "RAM">   --->   Core 83 'RAM' <Latency = 1> <II = 1> <Delay = 0.69> <Storage> <Opcode : 'load' 'store'> <Ports = 2> <Width = 16> <Depth = 7> <RAM>
ST_3 : Operation 70 [2/2] (0.69ns)   --->   "%out_data_7_load_1 = load i3 %out_data_7_addr_1" [firmware/nnet_utils/nnet_merge_stream.h:366]   --->   Operation 70 'load' 'out_data_7_load_1' <Predicate = true> <Delay = 0.69> <CoreInst = "RAM">   --->   Core 83 'RAM' <Latency = 1> <II = 1> <Delay = 0.69> <Storage> <Opcode : 'load' 'store'> <Ports = 2> <Width = 16> <Depth = 7> <RAM>
ST_3 : Operation 71 [2/2] (0.69ns)   --->   "%out_data_8_load_1 = load i3 %out_data_8_addr_1" [firmware/nnet_utils/nnet_merge_stream.h:366]   --->   Operation 71 'load' 'out_data_8_load_1' <Predicate = true> <Delay = 0.69> <CoreInst = "RAM">   --->   Core 83 'RAM' <Latency = 1> <II = 1> <Delay = 0.69> <Storage> <Opcode : 'load' 'store'> <Ports = 2> <Width = 16> <Depth = 7> <RAM>
ST_3 : Operation 72 [2/2] (0.69ns)   --->   "%out_data_9_load_1 = load i3 %out_data_9_addr_1" [firmware/nnet_utils/nnet_merge_stream.h:366]   --->   Operation 72 'load' 'out_data_9_load_1' <Predicate = true> <Delay = 0.69> <CoreInst = "RAM">   --->   Core 83 'RAM' <Latency = 1> <II = 1> <Delay = 0.69> <Storage> <Opcode : 'load' 'store'> <Ports = 2> <Width = 16> <Depth = 7> <RAM>
ST_3 : Operation 73 [2/2] (0.69ns)   --->   "%out_data_10_load_1 = load i3 %out_data_10_addr_1" [firmware/nnet_utils/nnet_merge_stream.h:366]   --->   Operation 73 'load' 'out_data_10_load_1' <Predicate = true> <Delay = 0.69> <CoreInst = "RAM">   --->   Core 83 'RAM' <Latency = 1> <II = 1> <Delay = 0.69> <Storage> <Opcode : 'load' 'store'> <Ports = 2> <Width = 16> <Depth = 7> <RAM>
ST_3 : Operation 74 [2/2] (0.69ns)   --->   "%out_data_11_load_1 = load i3 %out_data_11_addr_1" [firmware/nnet_utils/nnet_merge_stream.h:366]   --->   Operation 74 'load' 'out_data_11_load_1' <Predicate = true> <Delay = 0.69> <CoreInst = "RAM">   --->   Core 83 'RAM' <Latency = 1> <II = 1> <Delay = 0.69> <Storage> <Opcode : 'load' 'store'> <Ports = 2> <Width = 16> <Depth = 7> <RAM>
ST_3 : Operation 75 [2/2] (0.69ns)   --->   "%out_data_12_load_1 = load i3 %out_data_12_addr_1" [firmware/nnet_utils/nnet_merge_stream.h:366]   --->   Operation 75 'load' 'out_data_12_load_1' <Predicate = true> <Delay = 0.69> <CoreInst = "RAM">   --->   Core 83 'RAM' <Latency = 1> <II = 1> <Delay = 0.69> <Storage> <Opcode : 'load' 'store'> <Ports = 2> <Width = 16> <Depth = 7> <RAM>

State 4 <SV = 3> <Delay = 0.69>
ST_4 : Operation 76 [1/1] (0.00ns)   --->   "%out_data_addr_2 = getelementptr i16 %out_data, i64 0, i64 2" [firmware/nnet_utils/nnet_merge_stream.h:366]   --->   Operation 76 'getelementptr' 'out_data_addr_2' <Predicate = true> <Delay = 0.00>
ST_4 : Operation 77 [1/1] (0.00ns)   --->   "%out_data_1_addr_2 = getelementptr i16 %out_data_1, i64 0, i64 2" [firmware/nnet_utils/nnet_merge_stream.h:366]   --->   Operation 77 'getelementptr' 'out_data_1_addr_2' <Predicate = true> <Delay = 0.00>
ST_4 : Operation 78 [1/1] (0.00ns)   --->   "%out_data_2_addr_2 = getelementptr i16 %out_data_2, i64 0, i64 2" [firmware/nnet_utils/nnet_merge_stream.h:366]   --->   Operation 78 'getelementptr' 'out_data_2_addr_2' <Predicate = true> <Delay = 0.00>
ST_4 : Operation 79 [1/1] (0.00ns)   --->   "%out_data_3_addr_2 = getelementptr i16 %out_data_3, i64 0, i64 2" [firmware/nnet_utils/nnet_merge_stream.h:366]   --->   Operation 79 'getelementptr' 'out_data_3_addr_2' <Predicate = true> <Delay = 0.00>
ST_4 : Operation 80 [1/1] (0.00ns)   --->   "%out_data_4_addr_2 = getelementptr i16 %out_data_4, i64 0, i64 2" [firmware/nnet_utils/nnet_merge_stream.h:366]   --->   Operation 80 'getelementptr' 'out_data_4_addr_2' <Predicate = true> <Delay = 0.00>
ST_4 : Operation 81 [1/1] (0.00ns)   --->   "%out_data_5_addr_2 = getelementptr i16 %out_data_5, i64 0, i64 2" [firmware/nnet_utils/nnet_merge_stream.h:366]   --->   Operation 81 'getelementptr' 'out_data_5_addr_2' <Predicate = true> <Delay = 0.00>
ST_4 : Operation 82 [1/1] (0.00ns)   --->   "%out_data_6_addr_2 = getelementptr i16 %out_data_6, i64 0, i64 2" [firmware/nnet_utils/nnet_merge_stream.h:366]   --->   Operation 82 'getelementptr' 'out_data_6_addr_2' <Predicate = true> <Delay = 0.00>
ST_4 : Operation 83 [1/1] (0.00ns)   --->   "%out_data_7_addr_2 = getelementptr i16 %out_data_7, i64 0, i64 2" [firmware/nnet_utils/nnet_merge_stream.h:366]   --->   Operation 83 'getelementptr' 'out_data_7_addr_2' <Predicate = true> <Delay = 0.00>
ST_4 : Operation 84 [1/1] (0.00ns)   --->   "%out_data_8_addr_2 = getelementptr i16 %out_data_8, i64 0, i64 2" [firmware/nnet_utils/nnet_merge_stream.h:366]   --->   Operation 84 'getelementptr' 'out_data_8_addr_2' <Predicate = true> <Delay = 0.00>
ST_4 : Operation 85 [1/1] (0.00ns)   --->   "%out_data_9_addr_2 = getelementptr i16 %out_data_9, i64 0, i64 2" [firmware/nnet_utils/nnet_merge_stream.h:366]   --->   Operation 85 'getelementptr' 'out_data_9_addr_2' <Predicate = true> <Delay = 0.00>
ST_4 : Operation 86 [1/1] (0.00ns)   --->   "%out_data_10_addr_2 = getelementptr i16 %out_data_10, i64 0, i64 2" [firmware/nnet_utils/nnet_merge_stream.h:366]   --->   Operation 86 'getelementptr' 'out_data_10_addr_2' <Predicate = true> <Delay = 0.00>
ST_4 : Operation 87 [1/1] (0.00ns)   --->   "%out_data_11_addr_2 = getelementptr i16 %out_data_11, i64 0, i64 2" [firmware/nnet_utils/nnet_merge_stream.h:366]   --->   Operation 87 'getelementptr' 'out_data_11_addr_2' <Predicate = true> <Delay = 0.00>
ST_4 : Operation 88 [1/1] (0.00ns)   --->   "%out_data_12_addr_2 = getelementptr i16 %out_data_12, i64 0, i64 2" [firmware/nnet_utils/nnet_merge_stream.h:366]   --->   Operation 88 'getelementptr' 'out_data_12_addr_2' <Predicate = true> <Delay = 0.00>
ST_4 : Operation 89 [1/1] (0.00ns)   --->   "%out_data_addr_3 = getelementptr i16 %out_data, i64 0, i64 3" [firmware/nnet_utils/nnet_merge_stream.h:366]   --->   Operation 89 'getelementptr' 'out_data_addr_3' <Predicate = true> <Delay = 0.00>
ST_4 : Operation 90 [1/1] (0.00ns)   --->   "%out_data_1_addr_3 = getelementptr i16 %out_data_1, i64 0, i64 3" [firmware/nnet_utils/nnet_merge_stream.h:366]   --->   Operation 90 'getelementptr' 'out_data_1_addr_3' <Predicate = true> <Delay = 0.00>
ST_4 : Operation 91 [1/1] (0.00ns)   --->   "%out_data_2_addr_3 = getelementptr i16 %out_data_2, i64 0, i64 3" [firmware/nnet_utils/nnet_merge_stream.h:366]   --->   Operation 91 'getelementptr' 'out_data_2_addr_3' <Predicate = true> <Delay = 0.00>
ST_4 : Operation 92 [1/1] (0.00ns)   --->   "%out_data_3_addr_3 = getelementptr i16 %out_data_3, i64 0, i64 3" [firmware/nnet_utils/nnet_merge_stream.h:366]   --->   Operation 92 'getelementptr' 'out_data_3_addr_3' <Predicate = true> <Delay = 0.00>
ST_4 : Operation 93 [1/1] (0.00ns)   --->   "%out_data_4_addr_3 = getelementptr i16 %out_data_4, i64 0, i64 3" [firmware/nnet_utils/nnet_merge_stream.h:366]   --->   Operation 93 'getelementptr' 'out_data_4_addr_3' <Predicate = true> <Delay = 0.00>
ST_4 : Operation 94 [1/1] (0.00ns)   --->   "%out_data_5_addr_3 = getelementptr i16 %out_data_5, i64 0, i64 3" [firmware/nnet_utils/nnet_merge_stream.h:366]   --->   Operation 94 'getelementptr' 'out_data_5_addr_3' <Predicate = true> <Delay = 0.00>
ST_4 : Operation 95 [1/1] (0.00ns)   --->   "%out_data_6_addr_3 = getelementptr i16 %out_data_6, i64 0, i64 3" [firmware/nnet_utils/nnet_merge_stream.h:366]   --->   Operation 95 'getelementptr' 'out_data_6_addr_3' <Predicate = true> <Delay = 0.00>
ST_4 : Operation 96 [1/1] (0.00ns)   --->   "%out_data_7_addr_3 = getelementptr i16 %out_data_7, i64 0, i64 3" [firmware/nnet_utils/nnet_merge_stream.h:366]   --->   Operation 96 'getelementptr' 'out_data_7_addr_3' <Predicate = true> <Delay = 0.00>
ST_4 : Operation 97 [1/1] (0.00ns)   --->   "%out_data_8_addr_3 = getelementptr i16 %out_data_8, i64 0, i64 3" [firmware/nnet_utils/nnet_merge_stream.h:366]   --->   Operation 97 'getelementptr' 'out_data_8_addr_3' <Predicate = true> <Delay = 0.00>
ST_4 : Operation 98 [1/1] (0.00ns)   --->   "%out_data_9_addr_3 = getelementptr i16 %out_data_9, i64 0, i64 3" [firmware/nnet_utils/nnet_merge_stream.h:366]   --->   Operation 98 'getelementptr' 'out_data_9_addr_3' <Predicate = true> <Delay = 0.00>
ST_4 : Operation 99 [1/1] (0.00ns)   --->   "%out_data_10_addr_3 = getelementptr i16 %out_data_10, i64 0, i64 3" [firmware/nnet_utils/nnet_merge_stream.h:366]   --->   Operation 99 'getelementptr' 'out_data_10_addr_3' <Predicate = true> <Delay = 0.00>
ST_4 : Operation 100 [1/1] (0.00ns)   --->   "%out_data_11_addr_3 = getelementptr i16 %out_data_11, i64 0, i64 3" [firmware/nnet_utils/nnet_merge_stream.h:366]   --->   Operation 100 'getelementptr' 'out_data_11_addr_3' <Predicate = true> <Delay = 0.00>
ST_4 : Operation 101 [1/1] (0.00ns)   --->   "%out_data_12_addr_3 = getelementptr i16 %out_data_12, i64 0, i64 3" [firmware/nnet_utils/nnet_merge_stream.h:366]   --->   Operation 101 'getelementptr' 'out_data_12_addr_3' <Predicate = true> <Delay = 0.00>
ST_4 : Operation 102 [1/2] (0.69ns)   --->   "%out_data_load = load i3 %out_data_addr" [firmware/nnet_utils/nnet_merge_stream.h:366]   --->   Operation 102 'load' 'out_data_load' <Predicate = true> <Delay = 0.69> <CoreInst = "RAM">   --->   Core 83 'RAM' <Latency = 1> <II = 1> <Delay = 0.69> <Storage> <Opcode : 'load' 'store'> <Ports = 2> <Width = 16> <Depth = 7> <RAM>
ST_4 : Operation 103 [1/2] (0.69ns)   --->   "%out_data_1_load = load i3 %out_data_1_addr" [firmware/nnet_utils/nnet_merge_stream.h:366]   --->   Operation 103 'load' 'out_data_1_load' <Predicate = true> <Delay = 0.69> <CoreInst = "RAM">   --->   Core 83 'RAM' <Latency = 1> <II = 1> <Delay = 0.69> <Storage> <Opcode : 'load' 'store'> <Ports = 2> <Width = 16> <Depth = 7> <RAM>
ST_4 : Operation 104 [1/2] (0.69ns)   --->   "%out_data_2_load = load i3 %out_data_2_addr" [firmware/nnet_utils/nnet_merge_stream.h:366]   --->   Operation 104 'load' 'out_data_2_load' <Predicate = true> <Delay = 0.69> <CoreInst = "RAM">   --->   Core 83 'RAM' <Latency = 1> <II = 1> <Delay = 0.69> <Storage> <Opcode : 'load' 'store'> <Ports = 2> <Width = 16> <Depth = 7> <RAM>
ST_4 : Operation 105 [1/2] (0.69ns)   --->   "%out_data_3_load = load i3 %out_data_3_addr" [firmware/nnet_utils/nnet_merge_stream.h:366]   --->   Operation 105 'load' 'out_data_3_load' <Predicate = true> <Delay = 0.69> <CoreInst = "RAM">   --->   Core 83 'RAM' <Latency = 1> <II = 1> <Delay = 0.69> <Storage> <Opcode : 'load' 'store'> <Ports = 2> <Width = 16> <Depth = 7> <RAM>
ST_4 : Operation 106 [1/2] (0.69ns)   --->   "%out_data_4_load = load i3 %out_data_4_addr" [firmware/nnet_utils/nnet_merge_stream.h:366]   --->   Operation 106 'load' 'out_data_4_load' <Predicate = true> <Delay = 0.69> <CoreInst = "RAM">   --->   Core 83 'RAM' <Latency = 1> <II = 1> <Delay = 0.69> <Storage> <Opcode : 'load' 'store'> <Ports = 2> <Width = 16> <Depth = 7> <RAM>
ST_4 : Operation 107 [1/2] (0.69ns)   --->   "%out_data_5_load = load i3 %out_data_5_addr" [firmware/nnet_utils/nnet_merge_stream.h:366]   --->   Operation 107 'load' 'out_data_5_load' <Predicate = true> <Delay = 0.69> <CoreInst = "RAM">   --->   Core 83 'RAM' <Latency = 1> <II = 1> <Delay = 0.69> <Storage> <Opcode : 'load' 'store'> <Ports = 2> <Width = 16> <Depth = 7> <RAM>
ST_4 : Operation 108 [1/2] (0.69ns)   --->   "%out_data_6_load = load i3 %out_data_6_addr" [firmware/nnet_utils/nnet_merge_stream.h:366]   --->   Operation 108 'load' 'out_data_6_load' <Predicate = true> <Delay = 0.69> <CoreInst = "RAM">   --->   Core 83 'RAM' <Latency = 1> <II = 1> <Delay = 0.69> <Storage> <Opcode : 'load' 'store'> <Ports = 2> <Width = 16> <Depth = 7> <RAM>
ST_4 : Operation 109 [1/2] (0.69ns)   --->   "%out_data_7_load = load i3 %out_data_7_addr" [firmware/nnet_utils/nnet_merge_stream.h:366]   --->   Operation 109 'load' 'out_data_7_load' <Predicate = true> <Delay = 0.69> <CoreInst = "RAM">   --->   Core 83 'RAM' <Latency = 1> <II = 1> <Delay = 0.69> <Storage> <Opcode : 'load' 'store'> <Ports = 2> <Width = 16> <Depth = 7> <RAM>
ST_4 : Operation 110 [1/2] (0.69ns)   --->   "%out_data_8_load = load i3 %out_data_8_addr" [firmware/nnet_utils/nnet_merge_stream.h:366]   --->   Operation 110 'load' 'out_data_8_load' <Predicate = true> <Delay = 0.69> <CoreInst = "RAM">   --->   Core 83 'RAM' <Latency = 1> <II = 1> <Delay = 0.69> <Storage> <Opcode : 'load' 'store'> <Ports = 2> <Width = 16> <Depth = 7> <RAM>
ST_4 : Operation 111 [1/2] (0.69ns)   --->   "%out_data_9_load = load i3 %out_data_9_addr" [firmware/nnet_utils/nnet_merge_stream.h:366]   --->   Operation 111 'load' 'out_data_9_load' <Predicate = true> <Delay = 0.69> <CoreInst = "RAM">   --->   Core 83 'RAM' <Latency = 1> <II = 1> <Delay = 0.69> <Storage> <Opcode : 'load' 'store'> <Ports = 2> <Width = 16> <Depth = 7> <RAM>
ST_4 : Operation 112 [1/2] (0.69ns)   --->   "%out_data_10_load = load i3 %out_data_10_addr" [firmware/nnet_utils/nnet_merge_stream.h:366]   --->   Operation 112 'load' 'out_data_10_load' <Predicate = true> <Delay = 0.69> <CoreInst = "RAM">   --->   Core 83 'RAM' <Latency = 1> <II = 1> <Delay = 0.69> <Storage> <Opcode : 'load' 'store'> <Ports = 2> <Width = 16> <Depth = 7> <RAM>
ST_4 : Operation 113 [1/2] (0.69ns)   --->   "%out_data_11_load = load i3 %out_data_11_addr" [firmware/nnet_utils/nnet_merge_stream.h:366]   --->   Operation 113 'load' 'out_data_11_load' <Predicate = true> <Delay = 0.69> <CoreInst = "RAM">   --->   Core 83 'RAM' <Latency = 1> <II = 1> <Delay = 0.69> <Storage> <Opcode : 'load' 'store'> <Ports = 2> <Width = 16> <Depth = 7> <RAM>
ST_4 : Operation 114 [1/2] (0.69ns)   --->   "%out_data_12_load = load i3 %out_data_12_addr" [firmware/nnet_utils/nnet_merge_stream.h:366]   --->   Operation 114 'load' 'out_data_12_load' <Predicate = true> <Delay = 0.69> <CoreInst = "RAM">   --->   Core 83 'RAM' <Latency = 1> <II = 1> <Delay = 0.69> <Storage> <Opcode : 'load' 'store'> <Ports = 2> <Width = 16> <Depth = 7> <RAM>
ST_4 : Operation 115 [1/2] (0.69ns)   --->   "%out_data_load_1 = load i3 %out_data_addr_1" [firmware/nnet_utils/nnet_merge_stream.h:366]   --->   Operation 115 'load' 'out_data_load_1' <Predicate = true> <Delay = 0.69> <CoreInst = "RAM">   --->   Core 83 'RAM' <Latency = 1> <II = 1> <Delay = 0.69> <Storage> <Opcode : 'load' 'store'> <Ports = 2> <Width = 16> <Depth = 7> <RAM>
ST_4 : Operation 116 [1/2] (0.69ns)   --->   "%out_data_1_load_1 = load i3 %out_data_1_addr_1" [firmware/nnet_utils/nnet_merge_stream.h:366]   --->   Operation 116 'load' 'out_data_1_load_1' <Predicate = true> <Delay = 0.69> <CoreInst = "RAM">   --->   Core 83 'RAM' <Latency = 1> <II = 1> <Delay = 0.69> <Storage> <Opcode : 'load' 'store'> <Ports = 2> <Width = 16> <Depth = 7> <RAM>
ST_4 : Operation 117 [1/2] (0.69ns)   --->   "%out_data_2_load_1 = load i3 %out_data_2_addr_1" [firmware/nnet_utils/nnet_merge_stream.h:366]   --->   Operation 117 'load' 'out_data_2_load_1' <Predicate = true> <Delay = 0.69> <CoreInst = "RAM">   --->   Core 83 'RAM' <Latency = 1> <II = 1> <Delay = 0.69> <Storage> <Opcode : 'load' 'store'> <Ports = 2> <Width = 16> <Depth = 7> <RAM>
ST_4 : Operation 118 [1/2] (0.69ns)   --->   "%out_data_3_load_1 = load i3 %out_data_3_addr_1" [firmware/nnet_utils/nnet_merge_stream.h:366]   --->   Operation 118 'load' 'out_data_3_load_1' <Predicate = true> <Delay = 0.69> <CoreInst = "RAM">   --->   Core 83 'RAM' <Latency = 1> <II = 1> <Delay = 0.69> <Storage> <Opcode : 'load' 'store'> <Ports = 2> <Width = 16> <Depth = 7> <RAM>
ST_4 : Operation 119 [1/2] (0.69ns)   --->   "%out_data_4_load_1 = load i3 %out_data_4_addr_1" [firmware/nnet_utils/nnet_merge_stream.h:366]   --->   Operation 119 'load' 'out_data_4_load_1' <Predicate = true> <Delay = 0.69> <CoreInst = "RAM">   --->   Core 83 'RAM' <Latency = 1> <II = 1> <Delay = 0.69> <Storage> <Opcode : 'load' 'store'> <Ports = 2> <Width = 16> <Depth = 7> <RAM>
ST_4 : Operation 120 [1/2] (0.69ns)   --->   "%out_data_5_load_1 = load i3 %out_data_5_addr_1" [firmware/nnet_utils/nnet_merge_stream.h:366]   --->   Operation 120 'load' 'out_data_5_load_1' <Predicate = true> <Delay = 0.69> <CoreInst = "RAM">   --->   Core 83 'RAM' <Latency = 1> <II = 1> <Delay = 0.69> <Storage> <Opcode : 'load' 'store'> <Ports = 2> <Width = 16> <Depth = 7> <RAM>
ST_4 : Operation 121 [1/2] (0.69ns)   --->   "%out_data_6_load_1 = load i3 %out_data_6_addr_1" [firmware/nnet_utils/nnet_merge_stream.h:366]   --->   Operation 121 'load' 'out_data_6_load_1' <Predicate = true> <Delay = 0.69> <CoreInst = "RAM">   --->   Core 83 'RAM' <Latency = 1> <II = 1> <Delay = 0.69> <Storage> <Opcode : 'load' 'store'> <Ports = 2> <Width = 16> <Depth = 7> <RAM>
ST_4 : Operation 122 [1/2] (0.69ns)   --->   "%out_data_7_load_1 = load i3 %out_data_7_addr_1" [firmware/nnet_utils/nnet_merge_stream.h:366]   --->   Operation 122 'load' 'out_data_7_load_1' <Predicate = true> <Delay = 0.69> <CoreInst = "RAM">   --->   Core 83 'RAM' <Latency = 1> <II = 1> <Delay = 0.69> <Storage> <Opcode : 'load' 'store'> <Ports = 2> <Width = 16> <Depth = 7> <RAM>
ST_4 : Operation 123 [1/2] (0.69ns)   --->   "%out_data_8_load_1 = load i3 %out_data_8_addr_1" [firmware/nnet_utils/nnet_merge_stream.h:366]   --->   Operation 123 'load' 'out_data_8_load_1' <Predicate = true> <Delay = 0.69> <CoreInst = "RAM">   --->   Core 83 'RAM' <Latency = 1> <II = 1> <Delay = 0.69> <Storage> <Opcode : 'load' 'store'> <Ports = 2> <Width = 16> <Depth = 7> <RAM>
ST_4 : Operation 124 [1/2] (0.69ns)   --->   "%out_data_9_load_1 = load i3 %out_data_9_addr_1" [firmware/nnet_utils/nnet_merge_stream.h:366]   --->   Operation 124 'load' 'out_data_9_load_1' <Predicate = true> <Delay = 0.69> <CoreInst = "RAM">   --->   Core 83 'RAM' <Latency = 1> <II = 1> <Delay = 0.69> <Storage> <Opcode : 'load' 'store'> <Ports = 2> <Width = 16> <Depth = 7> <RAM>
ST_4 : Operation 125 [1/2] (0.69ns)   --->   "%out_data_10_load_1 = load i3 %out_data_10_addr_1" [firmware/nnet_utils/nnet_merge_stream.h:366]   --->   Operation 125 'load' 'out_data_10_load_1' <Predicate = true> <Delay = 0.69> <CoreInst = "RAM">   --->   Core 83 'RAM' <Latency = 1> <II = 1> <Delay = 0.69> <Storage> <Opcode : 'load' 'store'> <Ports = 2> <Width = 16> <Depth = 7> <RAM>
ST_4 : Operation 126 [1/2] (0.69ns)   --->   "%out_data_11_load_1 = load i3 %out_data_11_addr_1" [firmware/nnet_utils/nnet_merge_stream.h:366]   --->   Operation 126 'load' 'out_data_11_load_1' <Predicate = true> <Delay = 0.69> <CoreInst = "RAM">   --->   Core 83 'RAM' <Latency = 1> <II = 1> <Delay = 0.69> <Storage> <Opcode : 'load' 'store'> <Ports = 2> <Width = 16> <Depth = 7> <RAM>
ST_4 : Operation 127 [1/2] (0.69ns)   --->   "%out_data_12_load_1 = load i3 %out_data_12_addr_1" [firmware/nnet_utils/nnet_merge_stream.h:366]   --->   Operation 127 'load' 'out_data_12_load_1' <Predicate = true> <Delay = 0.69> <CoreInst = "RAM">   --->   Core 83 'RAM' <Latency = 1> <II = 1> <Delay = 0.69> <Storage> <Opcode : 'load' 'store'> <Ports = 2> <Width = 16> <Depth = 7> <RAM>
ST_4 : Operation 128 [2/2] (0.69ns)   --->   "%out_data_load_2 = load i3 %out_data_addr_2" [firmware/nnet_utils/nnet_merge_stream.h:366]   --->   Operation 128 'load' 'out_data_load_2' <Predicate = true> <Delay = 0.69> <CoreInst = "RAM">   --->   Core 83 'RAM' <Latency = 1> <II = 1> <Delay = 0.69> <Storage> <Opcode : 'load' 'store'> <Ports = 2> <Width = 16> <Depth = 7> <RAM>
ST_4 : Operation 129 [2/2] (0.69ns)   --->   "%out_data_1_load_2 = load i3 %out_data_1_addr_2" [firmware/nnet_utils/nnet_merge_stream.h:366]   --->   Operation 129 'load' 'out_data_1_load_2' <Predicate = true> <Delay = 0.69> <CoreInst = "RAM">   --->   Core 83 'RAM' <Latency = 1> <II = 1> <Delay = 0.69> <Storage> <Opcode : 'load' 'store'> <Ports = 2> <Width = 16> <Depth = 7> <RAM>
ST_4 : Operation 130 [2/2] (0.69ns)   --->   "%out_data_2_load_2 = load i3 %out_data_2_addr_2" [firmware/nnet_utils/nnet_merge_stream.h:366]   --->   Operation 130 'load' 'out_data_2_load_2' <Predicate = true> <Delay = 0.69> <CoreInst = "RAM">   --->   Core 83 'RAM' <Latency = 1> <II = 1> <Delay = 0.69> <Storage> <Opcode : 'load' 'store'> <Ports = 2> <Width = 16> <Depth = 7> <RAM>
ST_4 : Operation 131 [2/2] (0.69ns)   --->   "%out_data_3_load_2 = load i3 %out_data_3_addr_2" [firmware/nnet_utils/nnet_merge_stream.h:366]   --->   Operation 131 'load' 'out_data_3_load_2' <Predicate = true> <Delay = 0.69> <CoreInst = "RAM">   --->   Core 83 'RAM' <Latency = 1> <II = 1> <Delay = 0.69> <Storage> <Opcode : 'load' 'store'> <Ports = 2> <Width = 16> <Depth = 7> <RAM>
ST_4 : Operation 132 [2/2] (0.69ns)   --->   "%out_data_4_load_2 = load i3 %out_data_4_addr_2" [firmware/nnet_utils/nnet_merge_stream.h:366]   --->   Operation 132 'load' 'out_data_4_load_2' <Predicate = true> <Delay = 0.69> <CoreInst = "RAM">   --->   Core 83 'RAM' <Latency = 1> <II = 1> <Delay = 0.69> <Storage> <Opcode : 'load' 'store'> <Ports = 2> <Width = 16> <Depth = 7> <RAM>
ST_4 : Operation 133 [2/2] (0.69ns)   --->   "%out_data_5_load_2 = load i3 %out_data_5_addr_2" [firmware/nnet_utils/nnet_merge_stream.h:366]   --->   Operation 133 'load' 'out_data_5_load_2' <Predicate = true> <Delay = 0.69> <CoreInst = "RAM">   --->   Core 83 'RAM' <Latency = 1> <II = 1> <Delay = 0.69> <Storage> <Opcode : 'load' 'store'> <Ports = 2> <Width = 16> <Depth = 7> <RAM>
ST_4 : Operation 134 [2/2] (0.69ns)   --->   "%out_data_6_load_2 = load i3 %out_data_6_addr_2" [firmware/nnet_utils/nnet_merge_stream.h:366]   --->   Operation 134 'load' 'out_data_6_load_2' <Predicate = true> <Delay = 0.69> <CoreInst = "RAM">   --->   Core 83 'RAM' <Latency = 1> <II = 1> <Delay = 0.69> <Storage> <Opcode : 'load' 'store'> <Ports = 2> <Width = 16> <Depth = 7> <RAM>
ST_4 : Operation 135 [2/2] (0.69ns)   --->   "%out_data_7_load_2 = load i3 %out_data_7_addr_2" [firmware/nnet_utils/nnet_merge_stream.h:366]   --->   Operation 135 'load' 'out_data_7_load_2' <Predicate = true> <Delay = 0.69> <CoreInst = "RAM">   --->   Core 83 'RAM' <Latency = 1> <II = 1> <Delay = 0.69> <Storage> <Opcode : 'load' 'store'> <Ports = 2> <Width = 16> <Depth = 7> <RAM>
ST_4 : Operation 136 [2/2] (0.69ns)   --->   "%out_data_8_load_2 = load i3 %out_data_8_addr_2" [firmware/nnet_utils/nnet_merge_stream.h:366]   --->   Operation 136 'load' 'out_data_8_load_2' <Predicate = true> <Delay = 0.69> <CoreInst = "RAM">   --->   Core 83 'RAM' <Latency = 1> <II = 1> <Delay = 0.69> <Storage> <Opcode : 'load' 'store'> <Ports = 2> <Width = 16> <Depth = 7> <RAM>
ST_4 : Operation 137 [2/2] (0.69ns)   --->   "%out_data_9_load_2 = load i3 %out_data_9_addr_2" [firmware/nnet_utils/nnet_merge_stream.h:366]   --->   Operation 137 'load' 'out_data_9_load_2' <Predicate = true> <Delay = 0.69> <CoreInst = "RAM">   --->   Core 83 'RAM' <Latency = 1> <II = 1> <Delay = 0.69> <Storage> <Opcode : 'load' 'store'> <Ports = 2> <Width = 16> <Depth = 7> <RAM>
ST_4 : Operation 138 [2/2] (0.69ns)   --->   "%out_data_10_load_2 = load i3 %out_data_10_addr_2" [firmware/nnet_utils/nnet_merge_stream.h:366]   --->   Operation 138 'load' 'out_data_10_load_2' <Predicate = true> <Delay = 0.69> <CoreInst = "RAM">   --->   Core 83 'RAM' <Latency = 1> <II = 1> <Delay = 0.69> <Storage> <Opcode : 'load' 'store'> <Ports = 2> <Width = 16> <Depth = 7> <RAM>
ST_4 : Operation 139 [2/2] (0.69ns)   --->   "%out_data_11_load_2 = load i3 %out_data_11_addr_2" [firmware/nnet_utils/nnet_merge_stream.h:366]   --->   Operation 139 'load' 'out_data_11_load_2' <Predicate = true> <Delay = 0.69> <CoreInst = "RAM">   --->   Core 83 'RAM' <Latency = 1> <II = 1> <Delay = 0.69> <Storage> <Opcode : 'load' 'store'> <Ports = 2> <Width = 16> <Depth = 7> <RAM>
ST_4 : Operation 140 [2/2] (0.69ns)   --->   "%out_data_12_load_2 = load i3 %out_data_12_addr_2" [firmware/nnet_utils/nnet_merge_stream.h:366]   --->   Operation 140 'load' 'out_data_12_load_2' <Predicate = true> <Delay = 0.69> <CoreInst = "RAM">   --->   Core 83 'RAM' <Latency = 1> <II = 1> <Delay = 0.69> <Storage> <Opcode : 'load' 'store'> <Ports = 2> <Width = 16> <Depth = 7> <RAM>
ST_4 : Operation 141 [2/2] (0.69ns)   --->   "%out_data_load_3 = load i3 %out_data_addr_3" [firmware/nnet_utils/nnet_merge_stream.h:366]   --->   Operation 141 'load' 'out_data_load_3' <Predicate = true> <Delay = 0.69> <CoreInst = "RAM">   --->   Core 83 'RAM' <Latency = 1> <II = 1> <Delay = 0.69> <Storage> <Opcode : 'load' 'store'> <Ports = 2> <Width = 16> <Depth = 7> <RAM>
ST_4 : Operation 142 [2/2] (0.69ns)   --->   "%out_data_1_load_3 = load i3 %out_data_1_addr_3" [firmware/nnet_utils/nnet_merge_stream.h:366]   --->   Operation 142 'load' 'out_data_1_load_3' <Predicate = true> <Delay = 0.69> <CoreInst = "RAM">   --->   Core 83 'RAM' <Latency = 1> <II = 1> <Delay = 0.69> <Storage> <Opcode : 'load' 'store'> <Ports = 2> <Width = 16> <Depth = 7> <RAM>
ST_4 : Operation 143 [2/2] (0.69ns)   --->   "%out_data_2_load_3 = load i3 %out_data_2_addr_3" [firmware/nnet_utils/nnet_merge_stream.h:366]   --->   Operation 143 'load' 'out_data_2_load_3' <Predicate = true> <Delay = 0.69> <CoreInst = "RAM">   --->   Core 83 'RAM' <Latency = 1> <II = 1> <Delay = 0.69> <Storage> <Opcode : 'load' 'store'> <Ports = 2> <Width = 16> <Depth = 7> <RAM>
ST_4 : Operation 144 [2/2] (0.69ns)   --->   "%out_data_3_load_3 = load i3 %out_data_3_addr_3" [firmware/nnet_utils/nnet_merge_stream.h:366]   --->   Operation 144 'load' 'out_data_3_load_3' <Predicate = true> <Delay = 0.69> <CoreInst = "RAM">   --->   Core 83 'RAM' <Latency = 1> <II = 1> <Delay = 0.69> <Storage> <Opcode : 'load' 'store'> <Ports = 2> <Width = 16> <Depth = 7> <RAM>
ST_4 : Operation 145 [2/2] (0.69ns)   --->   "%out_data_4_load_3 = load i3 %out_data_4_addr_3" [firmware/nnet_utils/nnet_merge_stream.h:366]   --->   Operation 145 'load' 'out_data_4_load_3' <Predicate = true> <Delay = 0.69> <CoreInst = "RAM">   --->   Core 83 'RAM' <Latency = 1> <II = 1> <Delay = 0.69> <Storage> <Opcode : 'load' 'store'> <Ports = 2> <Width = 16> <Depth = 7> <RAM>
ST_4 : Operation 146 [2/2] (0.69ns)   --->   "%out_data_5_load_3 = load i3 %out_data_5_addr_3" [firmware/nnet_utils/nnet_merge_stream.h:366]   --->   Operation 146 'load' 'out_data_5_load_3' <Predicate = true> <Delay = 0.69> <CoreInst = "RAM">   --->   Core 83 'RAM' <Latency = 1> <II = 1> <Delay = 0.69> <Storage> <Opcode : 'load' 'store'> <Ports = 2> <Width = 16> <Depth = 7> <RAM>
ST_4 : Operation 147 [2/2] (0.69ns)   --->   "%out_data_6_load_3 = load i3 %out_data_6_addr_3" [firmware/nnet_utils/nnet_merge_stream.h:366]   --->   Operation 147 'load' 'out_data_6_load_3' <Predicate = true> <Delay = 0.69> <CoreInst = "RAM">   --->   Core 83 'RAM' <Latency = 1> <II = 1> <Delay = 0.69> <Storage> <Opcode : 'load' 'store'> <Ports = 2> <Width = 16> <Depth = 7> <RAM>
ST_4 : Operation 148 [2/2] (0.69ns)   --->   "%out_data_7_load_3 = load i3 %out_data_7_addr_3" [firmware/nnet_utils/nnet_merge_stream.h:366]   --->   Operation 148 'load' 'out_data_7_load_3' <Predicate = true> <Delay = 0.69> <CoreInst = "RAM">   --->   Core 83 'RAM' <Latency = 1> <II = 1> <Delay = 0.69> <Storage> <Opcode : 'load' 'store'> <Ports = 2> <Width = 16> <Depth = 7> <RAM>
ST_4 : Operation 149 [2/2] (0.69ns)   --->   "%out_data_8_load_3 = load i3 %out_data_8_addr_3" [firmware/nnet_utils/nnet_merge_stream.h:366]   --->   Operation 149 'load' 'out_data_8_load_3' <Predicate = true> <Delay = 0.69> <CoreInst = "RAM">   --->   Core 83 'RAM' <Latency = 1> <II = 1> <Delay = 0.69> <Storage> <Opcode : 'load' 'store'> <Ports = 2> <Width = 16> <Depth = 7> <RAM>
ST_4 : Operation 150 [2/2] (0.69ns)   --->   "%out_data_9_load_3 = load i3 %out_data_9_addr_3" [firmware/nnet_utils/nnet_merge_stream.h:366]   --->   Operation 150 'load' 'out_data_9_load_3' <Predicate = true> <Delay = 0.69> <CoreInst = "RAM">   --->   Core 83 'RAM' <Latency = 1> <II = 1> <Delay = 0.69> <Storage> <Opcode : 'load' 'store'> <Ports = 2> <Width = 16> <Depth = 7> <RAM>
ST_4 : Operation 151 [2/2] (0.69ns)   --->   "%out_data_10_load_3 = load i3 %out_data_10_addr_3" [firmware/nnet_utils/nnet_merge_stream.h:366]   --->   Operation 151 'load' 'out_data_10_load_3' <Predicate = true> <Delay = 0.69> <CoreInst = "RAM">   --->   Core 83 'RAM' <Latency = 1> <II = 1> <Delay = 0.69> <Storage> <Opcode : 'load' 'store'> <Ports = 2> <Width = 16> <Depth = 7> <RAM>
ST_4 : Operation 152 [2/2] (0.69ns)   --->   "%out_data_11_load_3 = load i3 %out_data_11_addr_3" [firmware/nnet_utils/nnet_merge_stream.h:366]   --->   Operation 152 'load' 'out_data_11_load_3' <Predicate = true> <Delay = 0.69> <CoreInst = "RAM">   --->   Core 83 'RAM' <Latency = 1> <II = 1> <Delay = 0.69> <Storage> <Opcode : 'load' 'store'> <Ports = 2> <Width = 16> <Depth = 7> <RAM>
ST_4 : Operation 153 [2/2] (0.69ns)   --->   "%out_data_12_load_3 = load i3 %out_data_12_addr_3" [firmware/nnet_utils/nnet_merge_stream.h:366]   --->   Operation 153 'load' 'out_data_12_load_3' <Predicate = true> <Delay = 0.69> <CoreInst = "RAM">   --->   Core 83 'RAM' <Latency = 1> <II = 1> <Delay = 0.69> <Storage> <Opcode : 'load' 'store'> <Ports = 2> <Width = 16> <Depth = 7> <RAM>

State 5 <SV = 4> <Delay = 0.69>
ST_5 : Operation 154 [1/1] (0.00ns)   --->   "%out_data_addr_4 = getelementptr i16 %out_data, i64 0, i64 4" [firmware/nnet_utils/nnet_merge_stream.h:366]   --->   Operation 154 'getelementptr' 'out_data_addr_4' <Predicate = true> <Delay = 0.00>
ST_5 : Operation 155 [1/1] (0.00ns)   --->   "%out_data_1_addr_4 = getelementptr i16 %out_data_1, i64 0, i64 4" [firmware/nnet_utils/nnet_merge_stream.h:366]   --->   Operation 155 'getelementptr' 'out_data_1_addr_4' <Predicate = true> <Delay = 0.00>
ST_5 : Operation 156 [1/1] (0.00ns)   --->   "%out_data_2_addr_4 = getelementptr i16 %out_data_2, i64 0, i64 4" [firmware/nnet_utils/nnet_merge_stream.h:366]   --->   Operation 156 'getelementptr' 'out_data_2_addr_4' <Predicate = true> <Delay = 0.00>
ST_5 : Operation 157 [1/1] (0.00ns)   --->   "%out_data_3_addr_4 = getelementptr i16 %out_data_3, i64 0, i64 4" [firmware/nnet_utils/nnet_merge_stream.h:366]   --->   Operation 157 'getelementptr' 'out_data_3_addr_4' <Predicate = true> <Delay = 0.00>
ST_5 : Operation 158 [1/1] (0.00ns)   --->   "%out_data_4_addr_4 = getelementptr i16 %out_data_4, i64 0, i64 4" [firmware/nnet_utils/nnet_merge_stream.h:366]   --->   Operation 158 'getelementptr' 'out_data_4_addr_4' <Predicate = true> <Delay = 0.00>
ST_5 : Operation 159 [1/1] (0.00ns)   --->   "%out_data_5_addr_4 = getelementptr i16 %out_data_5, i64 0, i64 4" [firmware/nnet_utils/nnet_merge_stream.h:366]   --->   Operation 159 'getelementptr' 'out_data_5_addr_4' <Predicate = true> <Delay = 0.00>
ST_5 : Operation 160 [1/1] (0.00ns)   --->   "%out_data_6_addr_4 = getelementptr i16 %out_data_6, i64 0, i64 4" [firmware/nnet_utils/nnet_merge_stream.h:366]   --->   Operation 160 'getelementptr' 'out_data_6_addr_4' <Predicate = true> <Delay = 0.00>
ST_5 : Operation 161 [1/1] (0.00ns)   --->   "%out_data_7_addr_4 = getelementptr i16 %out_data_7, i64 0, i64 4" [firmware/nnet_utils/nnet_merge_stream.h:366]   --->   Operation 161 'getelementptr' 'out_data_7_addr_4' <Predicate = true> <Delay = 0.00>
ST_5 : Operation 162 [1/1] (0.00ns)   --->   "%out_data_8_addr_4 = getelementptr i16 %out_data_8, i64 0, i64 4" [firmware/nnet_utils/nnet_merge_stream.h:366]   --->   Operation 162 'getelementptr' 'out_data_8_addr_4' <Predicate = true> <Delay = 0.00>
ST_5 : Operation 163 [1/1] (0.00ns)   --->   "%out_data_9_addr_4 = getelementptr i16 %out_data_9, i64 0, i64 4" [firmware/nnet_utils/nnet_merge_stream.h:366]   --->   Operation 163 'getelementptr' 'out_data_9_addr_4' <Predicate = true> <Delay = 0.00>
ST_5 : Operation 164 [1/1] (0.00ns)   --->   "%out_data_10_addr_4 = getelementptr i16 %out_data_10, i64 0, i64 4" [firmware/nnet_utils/nnet_merge_stream.h:366]   --->   Operation 164 'getelementptr' 'out_data_10_addr_4' <Predicate = true> <Delay = 0.00>
ST_5 : Operation 165 [1/1] (0.00ns)   --->   "%out_data_11_addr_4 = getelementptr i16 %out_data_11, i64 0, i64 4" [firmware/nnet_utils/nnet_merge_stream.h:366]   --->   Operation 165 'getelementptr' 'out_data_11_addr_4' <Predicate = true> <Delay = 0.00>
ST_5 : Operation 166 [1/1] (0.00ns)   --->   "%out_data_12_addr_4 = getelementptr i16 %out_data_12, i64 0, i64 4" [firmware/nnet_utils/nnet_merge_stream.h:366]   --->   Operation 166 'getelementptr' 'out_data_12_addr_4' <Predicate = true> <Delay = 0.00>
ST_5 : Operation 167 [1/1] (0.00ns)   --->   "%out_data_addr_5 = getelementptr i16 %out_data, i64 0, i64 5" [firmware/nnet_utils/nnet_merge_stream.h:366]   --->   Operation 167 'getelementptr' 'out_data_addr_5' <Predicate = true> <Delay = 0.00>
ST_5 : Operation 168 [1/1] (0.00ns)   --->   "%out_data_1_addr_5 = getelementptr i16 %out_data_1, i64 0, i64 5" [firmware/nnet_utils/nnet_merge_stream.h:366]   --->   Operation 168 'getelementptr' 'out_data_1_addr_5' <Predicate = true> <Delay = 0.00>
ST_5 : Operation 169 [1/1] (0.00ns)   --->   "%out_data_2_addr_5 = getelementptr i16 %out_data_2, i64 0, i64 5" [firmware/nnet_utils/nnet_merge_stream.h:366]   --->   Operation 169 'getelementptr' 'out_data_2_addr_5' <Predicate = true> <Delay = 0.00>
ST_5 : Operation 170 [1/1] (0.00ns)   --->   "%out_data_3_addr_5 = getelementptr i16 %out_data_3, i64 0, i64 5" [firmware/nnet_utils/nnet_merge_stream.h:366]   --->   Operation 170 'getelementptr' 'out_data_3_addr_5' <Predicate = true> <Delay = 0.00>
ST_5 : Operation 171 [1/1] (0.00ns)   --->   "%out_data_4_addr_5 = getelementptr i16 %out_data_4, i64 0, i64 5" [firmware/nnet_utils/nnet_merge_stream.h:366]   --->   Operation 171 'getelementptr' 'out_data_4_addr_5' <Predicate = true> <Delay = 0.00>
ST_5 : Operation 172 [1/1] (0.00ns)   --->   "%out_data_5_addr_5 = getelementptr i16 %out_data_5, i64 0, i64 5" [firmware/nnet_utils/nnet_merge_stream.h:366]   --->   Operation 172 'getelementptr' 'out_data_5_addr_5' <Predicate = true> <Delay = 0.00>
ST_5 : Operation 173 [1/1] (0.00ns)   --->   "%out_data_6_addr_5 = getelementptr i16 %out_data_6, i64 0, i64 5" [firmware/nnet_utils/nnet_merge_stream.h:366]   --->   Operation 173 'getelementptr' 'out_data_6_addr_5' <Predicate = true> <Delay = 0.00>
ST_5 : Operation 174 [1/1] (0.00ns)   --->   "%out_data_7_addr_5 = getelementptr i16 %out_data_7, i64 0, i64 5" [firmware/nnet_utils/nnet_merge_stream.h:366]   --->   Operation 174 'getelementptr' 'out_data_7_addr_5' <Predicate = true> <Delay = 0.00>
ST_5 : Operation 175 [1/1] (0.00ns)   --->   "%out_data_8_addr_5 = getelementptr i16 %out_data_8, i64 0, i64 5" [firmware/nnet_utils/nnet_merge_stream.h:366]   --->   Operation 175 'getelementptr' 'out_data_8_addr_5' <Predicate = true> <Delay = 0.00>
ST_5 : Operation 176 [1/1] (0.00ns)   --->   "%out_data_9_addr_5 = getelementptr i16 %out_data_9, i64 0, i64 5" [firmware/nnet_utils/nnet_merge_stream.h:366]   --->   Operation 176 'getelementptr' 'out_data_9_addr_5' <Predicate = true> <Delay = 0.00>
ST_5 : Operation 177 [1/1] (0.00ns)   --->   "%out_data_10_addr_5 = getelementptr i16 %out_data_10, i64 0, i64 5" [firmware/nnet_utils/nnet_merge_stream.h:366]   --->   Operation 177 'getelementptr' 'out_data_10_addr_5' <Predicate = true> <Delay = 0.00>
ST_5 : Operation 178 [1/1] (0.00ns)   --->   "%out_data_11_addr_5 = getelementptr i16 %out_data_11, i64 0, i64 5" [firmware/nnet_utils/nnet_merge_stream.h:366]   --->   Operation 178 'getelementptr' 'out_data_11_addr_5' <Predicate = true> <Delay = 0.00>
ST_5 : Operation 179 [1/1] (0.00ns)   --->   "%out_data_12_addr_5 = getelementptr i16 %out_data_12, i64 0, i64 5" [firmware/nnet_utils/nnet_merge_stream.h:366]   --->   Operation 179 'getelementptr' 'out_data_12_addr_5' <Predicate = true> <Delay = 0.00>
ST_5 : Operation 180 [1/2] (0.69ns)   --->   "%out_data_load_2 = load i3 %out_data_addr_2" [firmware/nnet_utils/nnet_merge_stream.h:366]   --->   Operation 180 'load' 'out_data_load_2' <Predicate = true> <Delay = 0.69> <CoreInst = "RAM">   --->   Core 83 'RAM' <Latency = 1> <II = 1> <Delay = 0.69> <Storage> <Opcode : 'load' 'store'> <Ports = 2> <Width = 16> <Depth = 7> <RAM>
ST_5 : Operation 181 [1/2] (0.69ns)   --->   "%out_data_1_load_2 = load i3 %out_data_1_addr_2" [firmware/nnet_utils/nnet_merge_stream.h:366]   --->   Operation 181 'load' 'out_data_1_load_2' <Predicate = true> <Delay = 0.69> <CoreInst = "RAM">   --->   Core 83 'RAM' <Latency = 1> <II = 1> <Delay = 0.69> <Storage> <Opcode : 'load' 'store'> <Ports = 2> <Width = 16> <Depth = 7> <RAM>
ST_5 : Operation 182 [1/2] (0.69ns)   --->   "%out_data_2_load_2 = load i3 %out_data_2_addr_2" [firmware/nnet_utils/nnet_merge_stream.h:366]   --->   Operation 182 'load' 'out_data_2_load_2' <Predicate = true> <Delay = 0.69> <CoreInst = "RAM">   --->   Core 83 'RAM' <Latency = 1> <II = 1> <Delay = 0.69> <Storage> <Opcode : 'load' 'store'> <Ports = 2> <Width = 16> <Depth = 7> <RAM>
ST_5 : Operation 183 [1/2] (0.69ns)   --->   "%out_data_3_load_2 = load i3 %out_data_3_addr_2" [firmware/nnet_utils/nnet_merge_stream.h:366]   --->   Operation 183 'load' 'out_data_3_load_2' <Predicate = true> <Delay = 0.69> <CoreInst = "RAM">   --->   Core 83 'RAM' <Latency = 1> <II = 1> <Delay = 0.69> <Storage> <Opcode : 'load' 'store'> <Ports = 2> <Width = 16> <Depth = 7> <RAM>
ST_5 : Operation 184 [1/2] (0.69ns)   --->   "%out_data_4_load_2 = load i3 %out_data_4_addr_2" [firmware/nnet_utils/nnet_merge_stream.h:366]   --->   Operation 184 'load' 'out_data_4_load_2' <Predicate = true> <Delay = 0.69> <CoreInst = "RAM">   --->   Core 83 'RAM' <Latency = 1> <II = 1> <Delay = 0.69> <Storage> <Opcode : 'load' 'store'> <Ports = 2> <Width = 16> <Depth = 7> <RAM>
ST_5 : Operation 185 [1/2] (0.69ns)   --->   "%out_data_5_load_2 = load i3 %out_data_5_addr_2" [firmware/nnet_utils/nnet_merge_stream.h:366]   --->   Operation 185 'load' 'out_data_5_load_2' <Predicate = true> <Delay = 0.69> <CoreInst = "RAM">   --->   Core 83 'RAM' <Latency = 1> <II = 1> <Delay = 0.69> <Storage> <Opcode : 'load' 'store'> <Ports = 2> <Width = 16> <Depth = 7> <RAM>
ST_5 : Operation 186 [1/2] (0.69ns)   --->   "%out_data_6_load_2 = load i3 %out_data_6_addr_2" [firmware/nnet_utils/nnet_merge_stream.h:366]   --->   Operation 186 'load' 'out_data_6_load_2' <Predicate = true> <Delay = 0.69> <CoreInst = "RAM">   --->   Core 83 'RAM' <Latency = 1> <II = 1> <Delay = 0.69> <Storage> <Opcode : 'load' 'store'> <Ports = 2> <Width = 16> <Depth = 7> <RAM>
ST_5 : Operation 187 [1/2] (0.69ns)   --->   "%out_data_7_load_2 = load i3 %out_data_7_addr_2" [firmware/nnet_utils/nnet_merge_stream.h:366]   --->   Operation 187 'load' 'out_data_7_load_2' <Predicate = true> <Delay = 0.69> <CoreInst = "RAM">   --->   Core 83 'RAM' <Latency = 1> <II = 1> <Delay = 0.69> <Storage> <Opcode : 'load' 'store'> <Ports = 2> <Width = 16> <Depth = 7> <RAM>
ST_5 : Operation 188 [1/2] (0.69ns)   --->   "%out_data_8_load_2 = load i3 %out_data_8_addr_2" [firmware/nnet_utils/nnet_merge_stream.h:366]   --->   Operation 188 'load' 'out_data_8_load_2' <Predicate = true> <Delay = 0.69> <CoreInst = "RAM">   --->   Core 83 'RAM' <Latency = 1> <II = 1> <Delay = 0.69> <Storage> <Opcode : 'load' 'store'> <Ports = 2> <Width = 16> <Depth = 7> <RAM>
ST_5 : Operation 189 [1/2] (0.69ns)   --->   "%out_data_9_load_2 = load i3 %out_data_9_addr_2" [firmware/nnet_utils/nnet_merge_stream.h:366]   --->   Operation 189 'load' 'out_data_9_load_2' <Predicate = true> <Delay = 0.69> <CoreInst = "RAM">   --->   Core 83 'RAM' <Latency = 1> <II = 1> <Delay = 0.69> <Storage> <Opcode : 'load' 'store'> <Ports = 2> <Width = 16> <Depth = 7> <RAM>
ST_5 : Operation 190 [1/2] (0.69ns)   --->   "%out_data_10_load_2 = load i3 %out_data_10_addr_2" [firmware/nnet_utils/nnet_merge_stream.h:366]   --->   Operation 190 'load' 'out_data_10_load_2' <Predicate = true> <Delay = 0.69> <CoreInst = "RAM">   --->   Core 83 'RAM' <Latency = 1> <II = 1> <Delay = 0.69> <Storage> <Opcode : 'load' 'store'> <Ports = 2> <Width = 16> <Depth = 7> <RAM>
ST_5 : Operation 191 [1/2] (0.69ns)   --->   "%out_data_11_load_2 = load i3 %out_data_11_addr_2" [firmware/nnet_utils/nnet_merge_stream.h:366]   --->   Operation 191 'load' 'out_data_11_load_2' <Predicate = true> <Delay = 0.69> <CoreInst = "RAM">   --->   Core 83 'RAM' <Latency = 1> <II = 1> <Delay = 0.69> <Storage> <Opcode : 'load' 'store'> <Ports = 2> <Width = 16> <Depth = 7> <RAM>
ST_5 : Operation 192 [1/2] (0.69ns)   --->   "%out_data_12_load_2 = load i3 %out_data_12_addr_2" [firmware/nnet_utils/nnet_merge_stream.h:366]   --->   Operation 192 'load' 'out_data_12_load_2' <Predicate = true> <Delay = 0.69> <CoreInst = "RAM">   --->   Core 83 'RAM' <Latency = 1> <II = 1> <Delay = 0.69> <Storage> <Opcode : 'load' 'store'> <Ports = 2> <Width = 16> <Depth = 7> <RAM>
ST_5 : Operation 193 [1/2] (0.69ns)   --->   "%out_data_load_3 = load i3 %out_data_addr_3" [firmware/nnet_utils/nnet_merge_stream.h:366]   --->   Operation 193 'load' 'out_data_load_3' <Predicate = true> <Delay = 0.69> <CoreInst = "RAM">   --->   Core 83 'RAM' <Latency = 1> <II = 1> <Delay = 0.69> <Storage> <Opcode : 'load' 'store'> <Ports = 2> <Width = 16> <Depth = 7> <RAM>
ST_5 : Operation 194 [1/2] (0.69ns)   --->   "%out_data_1_load_3 = load i3 %out_data_1_addr_3" [firmware/nnet_utils/nnet_merge_stream.h:366]   --->   Operation 194 'load' 'out_data_1_load_3' <Predicate = true> <Delay = 0.69> <CoreInst = "RAM">   --->   Core 83 'RAM' <Latency = 1> <II = 1> <Delay = 0.69> <Storage> <Opcode : 'load' 'store'> <Ports = 2> <Width = 16> <Depth = 7> <RAM>
ST_5 : Operation 195 [1/2] (0.69ns)   --->   "%out_data_2_load_3 = load i3 %out_data_2_addr_3" [firmware/nnet_utils/nnet_merge_stream.h:366]   --->   Operation 195 'load' 'out_data_2_load_3' <Predicate = true> <Delay = 0.69> <CoreInst = "RAM">   --->   Core 83 'RAM' <Latency = 1> <II = 1> <Delay = 0.69> <Storage> <Opcode : 'load' 'store'> <Ports = 2> <Width = 16> <Depth = 7> <RAM>
ST_5 : Operation 196 [1/2] (0.69ns)   --->   "%out_data_3_load_3 = load i3 %out_data_3_addr_3" [firmware/nnet_utils/nnet_merge_stream.h:366]   --->   Operation 196 'load' 'out_data_3_load_3' <Predicate = true> <Delay = 0.69> <CoreInst = "RAM">   --->   Core 83 'RAM' <Latency = 1> <II = 1> <Delay = 0.69> <Storage> <Opcode : 'load' 'store'> <Ports = 2> <Width = 16> <Depth = 7> <RAM>
ST_5 : Operation 197 [1/2] (0.69ns)   --->   "%out_data_4_load_3 = load i3 %out_data_4_addr_3" [firmware/nnet_utils/nnet_merge_stream.h:366]   --->   Operation 197 'load' 'out_data_4_load_3' <Predicate = true> <Delay = 0.69> <CoreInst = "RAM">   --->   Core 83 'RAM' <Latency = 1> <II = 1> <Delay = 0.69> <Storage> <Opcode : 'load' 'store'> <Ports = 2> <Width = 16> <Depth = 7> <RAM>
ST_5 : Operation 198 [1/2] (0.69ns)   --->   "%out_data_5_load_3 = load i3 %out_data_5_addr_3" [firmware/nnet_utils/nnet_merge_stream.h:366]   --->   Operation 198 'load' 'out_data_5_load_3' <Predicate = true> <Delay = 0.69> <CoreInst = "RAM">   --->   Core 83 'RAM' <Latency = 1> <II = 1> <Delay = 0.69> <Storage> <Opcode : 'load' 'store'> <Ports = 2> <Width = 16> <Depth = 7> <RAM>
ST_5 : Operation 199 [1/2] (0.69ns)   --->   "%out_data_6_load_3 = load i3 %out_data_6_addr_3" [firmware/nnet_utils/nnet_merge_stream.h:366]   --->   Operation 199 'load' 'out_data_6_load_3' <Predicate = true> <Delay = 0.69> <CoreInst = "RAM">   --->   Core 83 'RAM' <Latency = 1> <II = 1> <Delay = 0.69> <Storage> <Opcode : 'load' 'store'> <Ports = 2> <Width = 16> <Depth = 7> <RAM>
ST_5 : Operation 200 [1/2] (0.69ns)   --->   "%out_data_7_load_3 = load i3 %out_data_7_addr_3" [firmware/nnet_utils/nnet_merge_stream.h:366]   --->   Operation 200 'load' 'out_data_7_load_3' <Predicate = true> <Delay = 0.69> <CoreInst = "RAM">   --->   Core 83 'RAM' <Latency = 1> <II = 1> <Delay = 0.69> <Storage> <Opcode : 'load' 'store'> <Ports = 2> <Width = 16> <Depth = 7> <RAM>
ST_5 : Operation 201 [1/2] (0.69ns)   --->   "%out_data_8_load_3 = load i3 %out_data_8_addr_3" [firmware/nnet_utils/nnet_merge_stream.h:366]   --->   Operation 201 'load' 'out_data_8_load_3' <Predicate = true> <Delay = 0.69> <CoreInst = "RAM">   --->   Core 83 'RAM' <Latency = 1> <II = 1> <Delay = 0.69> <Storage> <Opcode : 'load' 'store'> <Ports = 2> <Width = 16> <Depth = 7> <RAM>
ST_5 : Operation 202 [1/2] (0.69ns)   --->   "%out_data_9_load_3 = load i3 %out_data_9_addr_3" [firmware/nnet_utils/nnet_merge_stream.h:366]   --->   Operation 202 'load' 'out_data_9_load_3' <Predicate = true> <Delay = 0.69> <CoreInst = "RAM">   --->   Core 83 'RAM' <Latency = 1> <II = 1> <Delay = 0.69> <Storage> <Opcode : 'load' 'store'> <Ports = 2> <Width = 16> <Depth = 7> <RAM>
ST_5 : Operation 203 [1/2] (0.69ns)   --->   "%out_data_10_load_3 = load i3 %out_data_10_addr_3" [firmware/nnet_utils/nnet_merge_stream.h:366]   --->   Operation 203 'load' 'out_data_10_load_3' <Predicate = true> <Delay = 0.69> <CoreInst = "RAM">   --->   Core 83 'RAM' <Latency = 1> <II = 1> <Delay = 0.69> <Storage> <Opcode : 'load' 'store'> <Ports = 2> <Width = 16> <Depth = 7> <RAM>
ST_5 : Operation 204 [1/2] (0.69ns)   --->   "%out_data_11_load_3 = load i3 %out_data_11_addr_3" [firmware/nnet_utils/nnet_merge_stream.h:366]   --->   Operation 204 'load' 'out_data_11_load_3' <Predicate = true> <Delay = 0.69> <CoreInst = "RAM">   --->   Core 83 'RAM' <Latency = 1> <II = 1> <Delay = 0.69> <Storage> <Opcode : 'load' 'store'> <Ports = 2> <Width = 16> <Depth = 7> <RAM>
ST_5 : Operation 205 [1/2] (0.69ns)   --->   "%out_data_12_load_3 = load i3 %out_data_12_addr_3" [firmware/nnet_utils/nnet_merge_stream.h:366]   --->   Operation 205 'load' 'out_data_12_load_3' <Predicate = true> <Delay = 0.69> <CoreInst = "RAM">   --->   Core 83 'RAM' <Latency = 1> <II = 1> <Delay = 0.69> <Storage> <Opcode : 'load' 'store'> <Ports = 2> <Width = 16> <Depth = 7> <RAM>
ST_5 : Operation 206 [2/2] (0.69ns)   --->   "%out_data_load_4 = load i3 %out_data_addr_4" [firmware/nnet_utils/nnet_merge_stream.h:366]   --->   Operation 206 'load' 'out_data_load_4' <Predicate = true> <Delay = 0.69> <CoreInst = "RAM">   --->   Core 83 'RAM' <Latency = 1> <II = 1> <Delay = 0.69> <Storage> <Opcode : 'load' 'store'> <Ports = 2> <Width = 16> <Depth = 7> <RAM>
ST_5 : Operation 207 [2/2] (0.69ns)   --->   "%out_data_1_load_4 = load i3 %out_data_1_addr_4" [firmware/nnet_utils/nnet_merge_stream.h:366]   --->   Operation 207 'load' 'out_data_1_load_4' <Predicate = true> <Delay = 0.69> <CoreInst = "RAM">   --->   Core 83 'RAM' <Latency = 1> <II = 1> <Delay = 0.69> <Storage> <Opcode : 'load' 'store'> <Ports = 2> <Width = 16> <Depth = 7> <RAM>
ST_5 : Operation 208 [2/2] (0.69ns)   --->   "%out_data_2_load_4 = load i3 %out_data_2_addr_4" [firmware/nnet_utils/nnet_merge_stream.h:366]   --->   Operation 208 'load' 'out_data_2_load_4' <Predicate = true> <Delay = 0.69> <CoreInst = "RAM">   --->   Core 83 'RAM' <Latency = 1> <II = 1> <Delay = 0.69> <Storage> <Opcode : 'load' 'store'> <Ports = 2> <Width = 16> <Depth = 7> <RAM>
ST_5 : Operation 209 [2/2] (0.69ns)   --->   "%out_data_3_load_4 = load i3 %out_data_3_addr_4" [firmware/nnet_utils/nnet_merge_stream.h:366]   --->   Operation 209 'load' 'out_data_3_load_4' <Predicate = true> <Delay = 0.69> <CoreInst = "RAM">   --->   Core 83 'RAM' <Latency = 1> <II = 1> <Delay = 0.69> <Storage> <Opcode : 'load' 'store'> <Ports = 2> <Width = 16> <Depth = 7> <RAM>
ST_5 : Operation 210 [2/2] (0.69ns)   --->   "%out_data_4_load_4 = load i3 %out_data_4_addr_4" [firmware/nnet_utils/nnet_merge_stream.h:366]   --->   Operation 210 'load' 'out_data_4_load_4' <Predicate = true> <Delay = 0.69> <CoreInst = "RAM">   --->   Core 83 'RAM' <Latency = 1> <II = 1> <Delay = 0.69> <Storage> <Opcode : 'load' 'store'> <Ports = 2> <Width = 16> <Depth = 7> <RAM>
ST_5 : Operation 211 [2/2] (0.69ns)   --->   "%out_data_5_load_4 = load i3 %out_data_5_addr_4" [firmware/nnet_utils/nnet_merge_stream.h:366]   --->   Operation 211 'load' 'out_data_5_load_4' <Predicate = true> <Delay = 0.69> <CoreInst = "RAM">   --->   Core 83 'RAM' <Latency = 1> <II = 1> <Delay = 0.69> <Storage> <Opcode : 'load' 'store'> <Ports = 2> <Width = 16> <Depth = 7> <RAM>
ST_5 : Operation 212 [2/2] (0.69ns)   --->   "%out_data_6_load_4 = load i3 %out_data_6_addr_4" [firmware/nnet_utils/nnet_merge_stream.h:366]   --->   Operation 212 'load' 'out_data_6_load_4' <Predicate = true> <Delay = 0.69> <CoreInst = "RAM">   --->   Core 83 'RAM' <Latency = 1> <II = 1> <Delay = 0.69> <Storage> <Opcode : 'load' 'store'> <Ports = 2> <Width = 16> <Depth = 7> <RAM>
ST_5 : Operation 213 [2/2] (0.69ns)   --->   "%out_data_7_load_4 = load i3 %out_data_7_addr_4" [firmware/nnet_utils/nnet_merge_stream.h:366]   --->   Operation 213 'load' 'out_data_7_load_4' <Predicate = true> <Delay = 0.69> <CoreInst = "RAM">   --->   Core 83 'RAM' <Latency = 1> <II = 1> <Delay = 0.69> <Storage> <Opcode : 'load' 'store'> <Ports = 2> <Width = 16> <Depth = 7> <RAM>
ST_5 : Operation 214 [2/2] (0.69ns)   --->   "%out_data_8_load_4 = load i3 %out_data_8_addr_4" [firmware/nnet_utils/nnet_merge_stream.h:366]   --->   Operation 214 'load' 'out_data_8_load_4' <Predicate = true> <Delay = 0.69> <CoreInst = "RAM">   --->   Core 83 'RAM' <Latency = 1> <II = 1> <Delay = 0.69> <Storage> <Opcode : 'load' 'store'> <Ports = 2> <Width = 16> <Depth = 7> <RAM>
ST_5 : Operation 215 [2/2] (0.69ns)   --->   "%out_data_9_load_4 = load i3 %out_data_9_addr_4" [firmware/nnet_utils/nnet_merge_stream.h:366]   --->   Operation 215 'load' 'out_data_9_load_4' <Predicate = true> <Delay = 0.69> <CoreInst = "RAM">   --->   Core 83 'RAM' <Latency = 1> <II = 1> <Delay = 0.69> <Storage> <Opcode : 'load' 'store'> <Ports = 2> <Width = 16> <Depth = 7> <RAM>
ST_5 : Operation 216 [2/2] (0.69ns)   --->   "%out_data_10_load_4 = load i3 %out_data_10_addr_4" [firmware/nnet_utils/nnet_merge_stream.h:366]   --->   Operation 216 'load' 'out_data_10_load_4' <Predicate = true> <Delay = 0.69> <CoreInst = "RAM">   --->   Core 83 'RAM' <Latency = 1> <II = 1> <Delay = 0.69> <Storage> <Opcode : 'load' 'store'> <Ports = 2> <Width = 16> <Depth = 7> <RAM>
ST_5 : Operation 217 [2/2] (0.69ns)   --->   "%out_data_11_load_4 = load i3 %out_data_11_addr_4" [firmware/nnet_utils/nnet_merge_stream.h:366]   --->   Operation 217 'load' 'out_data_11_load_4' <Predicate = true> <Delay = 0.69> <CoreInst = "RAM">   --->   Core 83 'RAM' <Latency = 1> <II = 1> <Delay = 0.69> <Storage> <Opcode : 'load' 'store'> <Ports = 2> <Width = 16> <Depth = 7> <RAM>
ST_5 : Operation 218 [2/2] (0.69ns)   --->   "%out_data_12_load_4 = load i3 %out_data_12_addr_4" [firmware/nnet_utils/nnet_merge_stream.h:366]   --->   Operation 218 'load' 'out_data_12_load_4' <Predicate = true> <Delay = 0.69> <CoreInst = "RAM">   --->   Core 83 'RAM' <Latency = 1> <II = 1> <Delay = 0.69> <Storage> <Opcode : 'load' 'store'> <Ports = 2> <Width = 16> <Depth = 7> <RAM>
ST_5 : Operation 219 [2/2] (0.69ns)   --->   "%out_data_load_5 = load i3 %out_data_addr_5" [firmware/nnet_utils/nnet_merge_stream.h:366]   --->   Operation 219 'load' 'out_data_load_5' <Predicate = true> <Delay = 0.69> <CoreInst = "RAM">   --->   Core 83 'RAM' <Latency = 1> <II = 1> <Delay = 0.69> <Storage> <Opcode : 'load' 'store'> <Ports = 2> <Width = 16> <Depth = 7> <RAM>
ST_5 : Operation 220 [2/2] (0.69ns)   --->   "%out_data_1_load_5 = load i3 %out_data_1_addr_5" [firmware/nnet_utils/nnet_merge_stream.h:366]   --->   Operation 220 'load' 'out_data_1_load_5' <Predicate = true> <Delay = 0.69> <CoreInst = "RAM">   --->   Core 83 'RAM' <Latency = 1> <II = 1> <Delay = 0.69> <Storage> <Opcode : 'load' 'store'> <Ports = 2> <Width = 16> <Depth = 7> <RAM>
ST_5 : Operation 221 [2/2] (0.69ns)   --->   "%out_data_2_load_5 = load i3 %out_data_2_addr_5" [firmware/nnet_utils/nnet_merge_stream.h:366]   --->   Operation 221 'load' 'out_data_2_load_5' <Predicate = true> <Delay = 0.69> <CoreInst = "RAM">   --->   Core 83 'RAM' <Latency = 1> <II = 1> <Delay = 0.69> <Storage> <Opcode : 'load' 'store'> <Ports = 2> <Width = 16> <Depth = 7> <RAM>
ST_5 : Operation 222 [2/2] (0.69ns)   --->   "%out_data_3_load_5 = load i3 %out_data_3_addr_5" [firmware/nnet_utils/nnet_merge_stream.h:366]   --->   Operation 222 'load' 'out_data_3_load_5' <Predicate = true> <Delay = 0.69> <CoreInst = "RAM">   --->   Core 83 'RAM' <Latency = 1> <II = 1> <Delay = 0.69> <Storage> <Opcode : 'load' 'store'> <Ports = 2> <Width = 16> <Depth = 7> <RAM>
ST_5 : Operation 223 [2/2] (0.69ns)   --->   "%out_data_4_load_5 = load i3 %out_data_4_addr_5" [firmware/nnet_utils/nnet_merge_stream.h:366]   --->   Operation 223 'load' 'out_data_4_load_5' <Predicate = true> <Delay = 0.69> <CoreInst = "RAM">   --->   Core 83 'RAM' <Latency = 1> <II = 1> <Delay = 0.69> <Storage> <Opcode : 'load' 'store'> <Ports = 2> <Width = 16> <Depth = 7> <RAM>
ST_5 : Operation 224 [2/2] (0.69ns)   --->   "%out_data_5_load_5 = load i3 %out_data_5_addr_5" [firmware/nnet_utils/nnet_merge_stream.h:366]   --->   Operation 224 'load' 'out_data_5_load_5' <Predicate = true> <Delay = 0.69> <CoreInst = "RAM">   --->   Core 83 'RAM' <Latency = 1> <II = 1> <Delay = 0.69> <Storage> <Opcode : 'load' 'store'> <Ports = 2> <Width = 16> <Depth = 7> <RAM>
ST_5 : Operation 225 [2/2] (0.69ns)   --->   "%out_data_6_load_5 = load i3 %out_data_6_addr_5" [firmware/nnet_utils/nnet_merge_stream.h:366]   --->   Operation 225 'load' 'out_data_6_load_5' <Predicate = true> <Delay = 0.69> <CoreInst = "RAM">   --->   Core 83 'RAM' <Latency = 1> <II = 1> <Delay = 0.69> <Storage> <Opcode : 'load' 'store'> <Ports = 2> <Width = 16> <Depth = 7> <RAM>
ST_5 : Operation 226 [2/2] (0.69ns)   --->   "%out_data_7_load_5 = load i3 %out_data_7_addr_5" [firmware/nnet_utils/nnet_merge_stream.h:366]   --->   Operation 226 'load' 'out_data_7_load_5' <Predicate = true> <Delay = 0.69> <CoreInst = "RAM">   --->   Core 83 'RAM' <Latency = 1> <II = 1> <Delay = 0.69> <Storage> <Opcode : 'load' 'store'> <Ports = 2> <Width = 16> <Depth = 7> <RAM>
ST_5 : Operation 227 [2/2] (0.69ns)   --->   "%out_data_8_load_5 = load i3 %out_data_8_addr_5" [firmware/nnet_utils/nnet_merge_stream.h:366]   --->   Operation 227 'load' 'out_data_8_load_5' <Predicate = true> <Delay = 0.69> <CoreInst = "RAM">   --->   Core 83 'RAM' <Latency = 1> <II = 1> <Delay = 0.69> <Storage> <Opcode : 'load' 'store'> <Ports = 2> <Width = 16> <Depth = 7> <RAM>
ST_5 : Operation 228 [2/2] (0.69ns)   --->   "%out_data_9_load_5 = load i3 %out_data_9_addr_5" [firmware/nnet_utils/nnet_merge_stream.h:366]   --->   Operation 228 'load' 'out_data_9_load_5' <Predicate = true> <Delay = 0.69> <CoreInst = "RAM">   --->   Core 83 'RAM' <Latency = 1> <II = 1> <Delay = 0.69> <Storage> <Opcode : 'load' 'store'> <Ports = 2> <Width = 16> <Depth = 7> <RAM>
ST_5 : Operation 229 [2/2] (0.69ns)   --->   "%out_data_10_load_5 = load i3 %out_data_10_addr_5" [firmware/nnet_utils/nnet_merge_stream.h:366]   --->   Operation 229 'load' 'out_data_10_load_5' <Predicate = true> <Delay = 0.69> <CoreInst = "RAM">   --->   Core 83 'RAM' <Latency = 1> <II = 1> <Delay = 0.69> <Storage> <Opcode : 'load' 'store'> <Ports = 2> <Width = 16> <Depth = 7> <RAM>
ST_5 : Operation 230 [2/2] (0.69ns)   --->   "%out_data_11_load_5 = load i3 %out_data_11_addr_5" [firmware/nnet_utils/nnet_merge_stream.h:366]   --->   Operation 230 'load' 'out_data_11_load_5' <Predicate = true> <Delay = 0.69> <CoreInst = "RAM">   --->   Core 83 'RAM' <Latency = 1> <II = 1> <Delay = 0.69> <Storage> <Opcode : 'load' 'store'> <Ports = 2> <Width = 16> <Depth = 7> <RAM>
ST_5 : Operation 231 [2/2] (0.69ns)   --->   "%out_data_12_load_5 = load i3 %out_data_12_addr_5" [firmware/nnet_utils/nnet_merge_stream.h:366]   --->   Operation 231 'load' 'out_data_12_load_5' <Predicate = true> <Delay = 0.69> <CoreInst = "RAM">   --->   Core 83 'RAM' <Latency = 1> <II = 1> <Delay = 0.69> <Storage> <Opcode : 'load' 'store'> <Ports = 2> <Width = 16> <Depth = 7> <RAM>

State 6 <SV = 5> <Delay = 2.96>
ST_6 : Operation 232 [1/1] (0.00ns)   --->   "%specinterface_ln0 = specinterface void @_ssdm_op_SpecInterface, i1264 %layer12_out, void @empty_6, i32 0, i32 0, void @empty_1, i32 0, i32 0, void @empty_1, void @empty_1, void @empty_1, i32 0, i32 0, i32 0, i32 0, void @empty_1, void @empty_1, i32 4294967295, i32 0"   --->   Operation 232 'specinterface' 'specinterface_ln0' <Predicate = true> <Delay = 0.00>
ST_6 : Operation 233 [1/1] (0.00ns)   --->   "%specinterface_ln0 = specinterface void @_ssdm_op_SpecInterface, i208 %layer9_out, void @empty_6, i32 0, i32 0, void @empty_1, i32 0, i32 0, void @empty_1, void @empty_1, void @empty_1, i32 0, i32 0, i32 0, i32 0, void @empty_1, void @empty_1, i32 4294967295, i32 0"   --->   Operation 233 'specinterface' 'specinterface_ln0' <Predicate = true> <Delay = 0.00>
ST_6 : Operation 234 [1/1] (0.00ns)   --->   "%specinterface_ln0 = specinterface void @_ssdm_op_SpecInterface, i16 %y0_input, void @empty_5, i32 1, i32 1, void @empty_4, i32 0, i32 0, void @empty_1, void @empty_1, void @empty_1, i32 0, i32 0, i32 0, i32 0, void @empty_1, void @empty_1, i32 4294967295, i32 0"   --->   Operation 234 'specinterface' 'specinterface_ln0' <Predicate = true> <Delay = 0.00>
ST_6 : Operation 235 [1/1] (0.00ns)   --->   "%y0_input_read = read i16 @_ssdm_op_Read.axis.volatile.i16P128A, i16 %y0_input" [firmware/nnet_utils/nnet_merge_stream.h:359]   --->   Operation 235 'read' 'y0_input_read' <Predicate = true> <Delay = 0.00> <CoreInst = "axis">   --->   Core 123 'axis' <Latency = 0> <II = 1> <Delay = 1.00> <Adapter> <Opcode : >
ST_6 : Operation 236 [1/2] (0.69ns)   --->   "%out_data_load_4 = load i3 %out_data_addr_4" [firmware/nnet_utils/nnet_merge_stream.h:366]   --->   Operation 236 'load' 'out_data_load_4' <Predicate = true> <Delay = 0.69> <CoreInst = "RAM">   --->   Core 83 'RAM' <Latency = 1> <II = 1> <Delay = 0.69> <Storage> <Opcode : 'load' 'store'> <Ports = 2> <Width = 16> <Depth = 7> <RAM>
ST_6 : Operation 237 [1/2] (0.69ns)   --->   "%out_data_1_load_4 = load i3 %out_data_1_addr_4" [firmware/nnet_utils/nnet_merge_stream.h:366]   --->   Operation 237 'load' 'out_data_1_load_4' <Predicate = true> <Delay = 0.69> <CoreInst = "RAM">   --->   Core 83 'RAM' <Latency = 1> <II = 1> <Delay = 0.69> <Storage> <Opcode : 'load' 'store'> <Ports = 2> <Width = 16> <Depth = 7> <RAM>
ST_6 : Operation 238 [1/2] (0.69ns)   --->   "%out_data_2_load_4 = load i3 %out_data_2_addr_4" [firmware/nnet_utils/nnet_merge_stream.h:366]   --->   Operation 238 'load' 'out_data_2_load_4' <Predicate = true> <Delay = 0.69> <CoreInst = "RAM">   --->   Core 83 'RAM' <Latency = 1> <II = 1> <Delay = 0.69> <Storage> <Opcode : 'load' 'store'> <Ports = 2> <Width = 16> <Depth = 7> <RAM>
ST_6 : Operation 239 [1/2] (0.69ns)   --->   "%out_data_3_load_4 = load i3 %out_data_3_addr_4" [firmware/nnet_utils/nnet_merge_stream.h:366]   --->   Operation 239 'load' 'out_data_3_load_4' <Predicate = true> <Delay = 0.69> <CoreInst = "RAM">   --->   Core 83 'RAM' <Latency = 1> <II = 1> <Delay = 0.69> <Storage> <Opcode : 'load' 'store'> <Ports = 2> <Width = 16> <Depth = 7> <RAM>
ST_6 : Operation 240 [1/2] (0.69ns)   --->   "%out_data_4_load_4 = load i3 %out_data_4_addr_4" [firmware/nnet_utils/nnet_merge_stream.h:366]   --->   Operation 240 'load' 'out_data_4_load_4' <Predicate = true> <Delay = 0.69> <CoreInst = "RAM">   --->   Core 83 'RAM' <Latency = 1> <II = 1> <Delay = 0.69> <Storage> <Opcode : 'load' 'store'> <Ports = 2> <Width = 16> <Depth = 7> <RAM>
ST_6 : Operation 241 [1/2] (0.69ns)   --->   "%out_data_5_load_4 = load i3 %out_data_5_addr_4" [firmware/nnet_utils/nnet_merge_stream.h:366]   --->   Operation 241 'load' 'out_data_5_load_4' <Predicate = true> <Delay = 0.69> <CoreInst = "RAM">   --->   Core 83 'RAM' <Latency = 1> <II = 1> <Delay = 0.69> <Storage> <Opcode : 'load' 'store'> <Ports = 2> <Width = 16> <Depth = 7> <RAM>
ST_6 : Operation 242 [1/2] (0.69ns)   --->   "%out_data_6_load_4 = load i3 %out_data_6_addr_4" [firmware/nnet_utils/nnet_merge_stream.h:366]   --->   Operation 242 'load' 'out_data_6_load_4' <Predicate = true> <Delay = 0.69> <CoreInst = "RAM">   --->   Core 83 'RAM' <Latency = 1> <II = 1> <Delay = 0.69> <Storage> <Opcode : 'load' 'store'> <Ports = 2> <Width = 16> <Depth = 7> <RAM>
ST_6 : Operation 243 [1/2] (0.69ns)   --->   "%out_data_7_load_4 = load i3 %out_data_7_addr_4" [firmware/nnet_utils/nnet_merge_stream.h:366]   --->   Operation 243 'load' 'out_data_7_load_4' <Predicate = true> <Delay = 0.69> <CoreInst = "RAM">   --->   Core 83 'RAM' <Latency = 1> <II = 1> <Delay = 0.69> <Storage> <Opcode : 'load' 'store'> <Ports = 2> <Width = 16> <Depth = 7> <RAM>
ST_6 : Operation 244 [1/2] (0.69ns)   --->   "%out_data_8_load_4 = load i3 %out_data_8_addr_4" [firmware/nnet_utils/nnet_merge_stream.h:366]   --->   Operation 244 'load' 'out_data_8_load_4' <Predicate = true> <Delay = 0.69> <CoreInst = "RAM">   --->   Core 83 'RAM' <Latency = 1> <II = 1> <Delay = 0.69> <Storage> <Opcode : 'load' 'store'> <Ports = 2> <Width = 16> <Depth = 7> <RAM>
ST_6 : Operation 245 [1/2] (0.69ns)   --->   "%out_data_9_load_4 = load i3 %out_data_9_addr_4" [firmware/nnet_utils/nnet_merge_stream.h:366]   --->   Operation 245 'load' 'out_data_9_load_4' <Predicate = true> <Delay = 0.69> <CoreInst = "RAM">   --->   Core 83 'RAM' <Latency = 1> <II = 1> <Delay = 0.69> <Storage> <Opcode : 'load' 'store'> <Ports = 2> <Width = 16> <Depth = 7> <RAM>
ST_6 : Operation 246 [1/2] (0.69ns)   --->   "%out_data_10_load_4 = load i3 %out_data_10_addr_4" [firmware/nnet_utils/nnet_merge_stream.h:366]   --->   Operation 246 'load' 'out_data_10_load_4' <Predicate = true> <Delay = 0.69> <CoreInst = "RAM">   --->   Core 83 'RAM' <Latency = 1> <II = 1> <Delay = 0.69> <Storage> <Opcode : 'load' 'store'> <Ports = 2> <Width = 16> <Depth = 7> <RAM>
ST_6 : Operation 247 [1/2] (0.69ns)   --->   "%out_data_11_load_4 = load i3 %out_data_11_addr_4" [firmware/nnet_utils/nnet_merge_stream.h:366]   --->   Operation 247 'load' 'out_data_11_load_4' <Predicate = true> <Delay = 0.69> <CoreInst = "RAM">   --->   Core 83 'RAM' <Latency = 1> <II = 1> <Delay = 0.69> <Storage> <Opcode : 'load' 'store'> <Ports = 2> <Width = 16> <Depth = 7> <RAM>
ST_6 : Operation 248 [1/2] (0.69ns)   --->   "%out_data_12_load_4 = load i3 %out_data_12_addr_4" [firmware/nnet_utils/nnet_merge_stream.h:366]   --->   Operation 248 'load' 'out_data_12_load_4' <Predicate = true> <Delay = 0.69> <CoreInst = "RAM">   --->   Core 83 'RAM' <Latency = 1> <II = 1> <Delay = 0.69> <Storage> <Opcode : 'load' 'store'> <Ports = 2> <Width = 16> <Depth = 7> <RAM>
ST_6 : Operation 249 [1/2] (0.69ns)   --->   "%out_data_load_5 = load i3 %out_data_addr_5" [firmware/nnet_utils/nnet_merge_stream.h:366]   --->   Operation 249 'load' 'out_data_load_5' <Predicate = true> <Delay = 0.69> <CoreInst = "RAM">   --->   Core 83 'RAM' <Latency = 1> <II = 1> <Delay = 0.69> <Storage> <Opcode : 'load' 'store'> <Ports = 2> <Width = 16> <Depth = 7> <RAM>
ST_6 : Operation 250 [1/2] (0.69ns)   --->   "%out_data_1_load_5 = load i3 %out_data_1_addr_5" [firmware/nnet_utils/nnet_merge_stream.h:366]   --->   Operation 250 'load' 'out_data_1_load_5' <Predicate = true> <Delay = 0.69> <CoreInst = "RAM">   --->   Core 83 'RAM' <Latency = 1> <II = 1> <Delay = 0.69> <Storage> <Opcode : 'load' 'store'> <Ports = 2> <Width = 16> <Depth = 7> <RAM>
ST_6 : Operation 251 [1/2] (0.69ns)   --->   "%out_data_2_load_5 = load i3 %out_data_2_addr_5" [firmware/nnet_utils/nnet_merge_stream.h:366]   --->   Operation 251 'load' 'out_data_2_load_5' <Predicate = true> <Delay = 0.69> <CoreInst = "RAM">   --->   Core 83 'RAM' <Latency = 1> <II = 1> <Delay = 0.69> <Storage> <Opcode : 'load' 'store'> <Ports = 2> <Width = 16> <Depth = 7> <RAM>
ST_6 : Operation 252 [1/2] (0.69ns)   --->   "%out_data_3_load_5 = load i3 %out_data_3_addr_5" [firmware/nnet_utils/nnet_merge_stream.h:366]   --->   Operation 252 'load' 'out_data_3_load_5' <Predicate = true> <Delay = 0.69> <CoreInst = "RAM">   --->   Core 83 'RAM' <Latency = 1> <II = 1> <Delay = 0.69> <Storage> <Opcode : 'load' 'store'> <Ports = 2> <Width = 16> <Depth = 7> <RAM>
ST_6 : Operation 253 [1/2] (0.69ns)   --->   "%out_data_4_load_5 = load i3 %out_data_4_addr_5" [firmware/nnet_utils/nnet_merge_stream.h:366]   --->   Operation 253 'load' 'out_data_4_load_5' <Predicate = true> <Delay = 0.69> <CoreInst = "RAM">   --->   Core 83 'RAM' <Latency = 1> <II = 1> <Delay = 0.69> <Storage> <Opcode : 'load' 'store'> <Ports = 2> <Width = 16> <Depth = 7> <RAM>
ST_6 : Operation 254 [1/2] (0.69ns)   --->   "%out_data_5_load_5 = load i3 %out_data_5_addr_5" [firmware/nnet_utils/nnet_merge_stream.h:366]   --->   Operation 254 'load' 'out_data_5_load_5' <Predicate = true> <Delay = 0.69> <CoreInst = "RAM">   --->   Core 83 'RAM' <Latency = 1> <II = 1> <Delay = 0.69> <Storage> <Opcode : 'load' 'store'> <Ports = 2> <Width = 16> <Depth = 7> <RAM>
ST_6 : Operation 255 [1/2] (0.69ns)   --->   "%out_data_6_load_5 = load i3 %out_data_6_addr_5" [firmware/nnet_utils/nnet_merge_stream.h:366]   --->   Operation 255 'load' 'out_data_6_load_5' <Predicate = true> <Delay = 0.69> <CoreInst = "RAM">   --->   Core 83 'RAM' <Latency = 1> <II = 1> <Delay = 0.69> <Storage> <Opcode : 'load' 'store'> <Ports = 2> <Width = 16> <Depth = 7> <RAM>
ST_6 : Operation 256 [1/2] (0.69ns)   --->   "%out_data_7_load_5 = load i3 %out_data_7_addr_5" [firmware/nnet_utils/nnet_merge_stream.h:366]   --->   Operation 256 'load' 'out_data_7_load_5' <Predicate = true> <Delay = 0.69> <CoreInst = "RAM">   --->   Core 83 'RAM' <Latency = 1> <II = 1> <Delay = 0.69> <Storage> <Opcode : 'load' 'store'> <Ports = 2> <Width = 16> <Depth = 7> <RAM>
ST_6 : Operation 257 [1/2] (0.69ns)   --->   "%out_data_8_load_5 = load i3 %out_data_8_addr_5" [firmware/nnet_utils/nnet_merge_stream.h:366]   --->   Operation 257 'load' 'out_data_8_load_5' <Predicate = true> <Delay = 0.69> <CoreInst = "RAM">   --->   Core 83 'RAM' <Latency = 1> <II = 1> <Delay = 0.69> <Storage> <Opcode : 'load' 'store'> <Ports = 2> <Width = 16> <Depth = 7> <RAM>
ST_6 : Operation 258 [1/2] (0.69ns)   --->   "%out_data_9_load_5 = load i3 %out_data_9_addr_5" [firmware/nnet_utils/nnet_merge_stream.h:366]   --->   Operation 258 'load' 'out_data_9_load_5' <Predicate = true> <Delay = 0.69> <CoreInst = "RAM">   --->   Core 83 'RAM' <Latency = 1> <II = 1> <Delay = 0.69> <Storage> <Opcode : 'load' 'store'> <Ports = 2> <Width = 16> <Depth = 7> <RAM>
ST_6 : Operation 259 [1/2] (0.69ns)   --->   "%out_data_10_load_5 = load i3 %out_data_10_addr_5" [firmware/nnet_utils/nnet_merge_stream.h:366]   --->   Operation 259 'load' 'out_data_10_load_5' <Predicate = true> <Delay = 0.69> <CoreInst = "RAM">   --->   Core 83 'RAM' <Latency = 1> <II = 1> <Delay = 0.69> <Storage> <Opcode : 'load' 'store'> <Ports = 2> <Width = 16> <Depth = 7> <RAM>
ST_6 : Operation 260 [1/2] (0.69ns)   --->   "%out_data_11_load_5 = load i3 %out_data_11_addr_5" [firmware/nnet_utils/nnet_merge_stream.h:366]   --->   Operation 260 'load' 'out_data_11_load_5' <Predicate = true> <Delay = 0.69> <CoreInst = "RAM">   --->   Core 83 'RAM' <Latency = 1> <II = 1> <Delay = 0.69> <Storage> <Opcode : 'load' 'store'> <Ports = 2> <Width = 16> <Depth = 7> <RAM>
ST_6 : Operation 261 [1/2] (0.69ns)   --->   "%out_data_12_load_5 = load i3 %out_data_12_addr_5" [firmware/nnet_utils/nnet_merge_stream.h:366]   --->   Operation 261 'load' 'out_data_12_load_5' <Predicate = true> <Delay = 0.69> <CoreInst = "RAM">   --->   Core 83 'RAM' <Latency = 1> <II = 1> <Delay = 0.69> <Storage> <Opcode : 'load' 'store'> <Ports = 2> <Width = 16> <Depth = 7> <RAM>
ST_6 : Operation 262 [1/1] (0.00ns)   --->   "%p_s = bitconcatenate i1264 @_ssdm_op_BitConcatenate.i1264.i16.i16.i16.i16.i16.i16.i16.i16.i16.i16.i16.i16.i16.i16.i16.i16.i16.i16.i16.i16.i16.i16.i16.i16.i16.i16.i16.i16.i16.i16.i16.i16.i16.i16.i16.i16.i16.i16.i16.i16.i16.i16.i16.i16.i16.i16.i16.i16.i16.i16.i16.i16.i16.i16.i16.i16.i16.i16.i16.i16.i16.i16.i16.i16.i16.i16.i16.i16.i16.i16.i16.i16.i16.i16.i16.i16.i16.i16.i16, i16 %y0_input_read, i16 %out_data_12_load_5, i16 %out_data_11_load_5, i16 %out_data_10_load_5, i16 %out_data_9_load_5, i16 %out_data_8_load_5, i16 %out_data_7_load_5, i16 %out_data_6_load_5, i16 %out_data_5_load_5, i16 %out_data_4_load_5, i16 %out_data_3_load_5, i16 %out_data_2_load_5, i16 %out_data_1_load_5, i16 %out_data_load_5, i16 %out_data_12_load_4, i16 %out_data_11_load_4, i16 %out_data_10_load_4, i16 %out_data_9_load_4, i16 %out_data_8_load_4, i16 %out_data_7_load_4, i16 %out_data_6_load_4, i16 %out_data_5_load_4, i16 %out_data_4_load_4, i16 %out_data_3_load_4, i16 %out_data_2_load_4, i16 %out_data_1_load_4, i16 %out_data_load_4, i16 %out_data_12_load_3, i16 %out_data_11_load_3, i16 %out_data_10_load_3, i16 %out_data_9_load_3, i16 %out_data_8_load_3, i16 %out_data_7_load_3, i16 %out_data_6_load_3, i16 %out_data_5_load_3, i16 %out_data_4_load_3, i16 %out_data_3_load_3, i16 %out_data_2_load_3, i16 %out_data_1_load_3, i16 %out_data_load_3, i16 %out_data_12_load_2, i16 %out_data_11_load_2, i16 %out_data_10_load_2, i16 %out_data_9_load_2, i16 %out_data_8_load_2, i16 %out_data_7_load_2, i16 %out_data_6_load_2, i16 %out_data_5_load_2, i16 %out_data_4_load_2, i16 %out_data_3_load_2, i16 %out_data_2_load_2, i16 %out_data_1_load_2, i16 %out_data_load_2, i16 %out_data_12_load_1, i16 %out_data_11_load_1, i16 %out_data_10_load_1, i16 %out_data_9_load_1, i16 %out_data_8_load_1, i16 %out_data_7_load_1, i16 %out_data_6_load_1, i16 %out_data_5_load_1, i16 %out_data_4_load_1, i16 %out_data_3_load_1, i16 %out_data_2_load_1, i16 %out_data_1_load_1, i16 %out_data_load_1, i16 %out_data_12_load, i16 %out_data_11_load, i16 %out_data_10_load, i16 %out_data_9_load, i16 %out_data_8_load, i16 %out_data_7_load, i16 %out_data_6_load, i16 %out_data_5_load, i16 %out_data_4_load, i16 %out_data_3_load, i16 %out_data_2_load, i16 %out_data_1_load, i16 %out_data_load" [firmware/nnet_utils/nnet_merge_stream.h:366]   --->   Operation 262 'bitconcatenate' 'p_s' <Predicate = true> <Delay = 0.00>
ST_6 : Operation 263 [1/1] (2.26ns)   --->   "%write_ln366 = write void @_ssdm_op_Write.ap_fifo.volatile.i1264P0A, i1264 %layer12_out, i1264 %p_s" [firmware/nnet_utils/nnet_merge_stream.h:366]   --->   Operation 263 'write' 'write_ln366' <Predicate = true> <Delay = 2.26> <CoreInst = "FIFO_SRL">   --->   Core 81 'FIFO_SRL' <Latency = 0> <II = 1> <Delay = 2.26> <Storage> <Opcode : 'read' 'write' 'nbread' 'nbwrite'> <Ports = 0> <Width = 1264> <Depth = 1> <FIFO>
ST_6 : Operation 264 [1/1] (0.00ns)   --->   "%ret_ln367 = ret" [firmware/nnet_utils/nnet_merge_stream.h:367]   --->   Operation 264 'ret' 'ret_ln367' <Predicate = true> <Delay = 0.00>


============================================================
+ Verbose Summary: Timing violations
============================================================
Target clock period: 25.000ns, clock uncertainty: 6.750ns.

 <State 1>: 0.000ns
The critical path consists of the following:

 <State 2>: 0.000ns
The critical path consists of the following:

 <State 3>: 0.698ns
The critical path consists of the following:
	'getelementptr' operation ('out_data_addr') [20]  (0.000 ns)
	'load' operation ('out_data_load', firmware/nnet_utils/nnet_merge_stream.h:366) on array 'out_data', firmware/nnet_utils/nnet_merge_stream.h:344 [102]  (0.698 ns)

 <State 4>: 0.698ns
The critical path consists of the following:
	'load' operation ('out_data_load', firmware/nnet_utils/nnet_merge_stream.h:366) on array 'out_data', firmware/nnet_utils/nnet_merge_stream.h:344 [102]  (0.698 ns)

 <State 5>: 0.698ns
The critical path consists of the following:
	'load' operation ('out_data_load_2', firmware/nnet_utils/nnet_merge_stream.h:366) on array 'out_data', firmware/nnet_utils/nnet_merge_stream.h:344 [128]  (0.698 ns)

 <State 6>: 2.963ns
The critical path consists of the following:
	'load' operation ('out_data_load_4', firmware/nnet_utils/nnet_merge_stream.h:366) on array 'out_data', firmware/nnet_utils/nnet_merge_stream.h:344 [154]  (0.698 ns)
	fifo write operation ('write_ln366', firmware/nnet_utils/nnet_merge_stream.h:366) on port 'layer12_out' (firmware/nnet_utils/nnet_merge_stream.h:366) [181]  (2.265 ns)


============================================================
+ Verbose Summary: Binding
============================================================
N/A
* FSMD analyzer results:
  - Output states:
 - Input state : 
  - Chain level:
	State 1
	State 2
	State 3
	State 4
	State 5
	State 6


============================================================
+ Verbose Summary: Datapath Resource usage 
============================================================
N/A
