

================================================================
== Vitis HLS Report for 'concatenate1d_array_array_array_ap_fixed_79u_config12_Pipeline_ConcatLoop1'
================================================================
* Date:           Mon May 20 13:40:57 2024

* Version:        2023.1 (Build 3854077 on May  4 2023)
* Project:        myproject_prj
* Solution:       solution1 (Vivado IP Flow Target)
* Product family: kintexu
* Target device:  xcku040-ffva1156-2-e


================================================================
== Performance Estimates
================================================================
+ Timing: 
    * Summary: 
    +--------+----------+----------+------------+
    |  Clock |  Target  | Estimated| Uncertainty|
    +--------+----------+----------+------------+
    |ap_clk  |  25.00 ns|  2.817 ns|     6.75 ns|
    +--------+----------+----------+------------+

+ Latency: 
    * Summary: 
    +---------+---------+----------+----------+-----+-----+---------+
    |  Latency (cycles) |  Latency (absolute) |  Interval | Pipeline|
    |   min   |   max   |    min   |    max   | min | max |   Type  |
    +---------+---------+----------+----------+-----+-----+---------+
    |        8|        8|  0.200 us|  0.200 us|    8|    8|       no|
    +---------+---------+----------+----------+-----+-----+---------+

    + Detail: 
        * Instance: 
        N/A

        * Loop: 
        +---------------+---------+---------+----------+-----------+-----------+------+----------+
        |               |  Latency (cycles) | Iteration|  Initiation Interval  | Trip |          |
        |   Loop Name   |   min   |   max   |  Latency |  achieved |   target  | Count| Pipelined|
        +---------------+---------+---------+----------+-----------+-----------+------+----------+
        |- ConcatLoop1  |        6|        6|         2|          1|          1|     6|       yes|
        +---------------+---------+---------+----------+-----------+-----------+------+----------+

============================================================
+ Verbose Summary: Synthesis Manager
============================================================
InlineROM: 1
ExposeGlobal: 0
============================================================
+ Verbose Summary: CDFG Model
============================================================
IsTopModel: 0
ResetActiveHigh: 1
IsCombinational: 0
IsDatapathOnly: 0
HasWiredReturn: 1
HasMFsm: 2
HasVarLatency: 1
IsPipeline: 0
IsRtlPipelined: 0
IsInstanceOverlapped: 0
IsDontTouch: 0
HasImplIP: 0
IsGatedGlobalClock: 0

+ Individual pipeline summary: 
  * Pipeline-0: initiation interval (II) = 1, depth = 2


============================================================
+ Verbose Summary: Schedule
============================================================
* Number of FSM states : 2
* Pipeline : 1
  Pipeline-0 : II = 1, D = 2, States = { 1 2 }
* Dataflow Pipeline: 0

* FSM state transitions: 
1 --> 2 
2 --> 

* FSM state operations: 

State 1 <SV = 0> <Delay = 1.37>
ST_1 : Operation 5 [1/1] (0.00ns)   --->   "%i = alloca i32 1"   --->   Operation 5 'alloca' 'i' <Predicate = true> <Delay = 0.00>
ST_1 : Operation 6 [1/1] (0.00ns)   --->   "%specinterface_ln0 = specinterface void @_ssdm_op_SpecInterface, i208 %layer9_out, void @empty_6, i32 0, i32 0, void @empty_1, i32 0, i32 0, void @empty_1, void @empty_1, void @empty_1, i32 0, i32 0, i32 0, i32 0, void @empty_1, void @empty_1, i32 4294967295, i32 0"   --->   Operation 6 'specinterface' 'specinterface_ln0' <Predicate = true> <Delay = 0.00>
ST_1 : Operation 7 [1/1] (0.53ns)   --->   "%store_ln0 = store i3 0, i3 %i"   --->   Operation 7 'store' 'store_ln0' <Predicate = true> <Delay = 0.53>
ST_1 : Operation 8 [1/1] (0.00ns)   --->   "%br_ln0 = br void %for.inc"   --->   Operation 8 'br' 'br_ln0' <Predicate = true> <Delay = 0.00>
ST_1 : Operation 9 [1/1] (0.00ns)   --->   "%i_9 = load i3 %i" [firmware/nnet_utils/nnet_merge_stream.h:347]   --->   Operation 9 'load' 'i_9' <Predicate = true> <Delay = 0.00>
ST_1 : Operation 10 [1/1] (0.83ns)   --->   "%icmp_ln347 = icmp_eq  i3 %i_9, i3 6" [firmware/nnet_utils/nnet_merge_stream.h:347]   --->   Operation 10 'icmp' 'icmp_ln347' <Predicate = true> <Delay = 0.83> <CoreInst = "Cmp">   --->   Core 9 'Cmp' <Latency = 0> <II = 1> <Delay = 0.83> <FuncUnit> <Opcode : 'icmp'> <InPorts = 2> <OutPorts = 1>
ST_1 : Operation 11 [1/1] (0.83ns)   --->   "%add_ln347 = add i3 %i_9, i3 1" [firmware/nnet_utils/nnet_merge_stream.h:347]   --->   Operation 11 'add' 'add_ln347' <Predicate = true> <Delay = 0.83> <CoreInst = "Adder">   --->   Core 1 'Adder' <Latency = 0> <II = 1> <Delay = 0.83> <FuncUnit> <Opcode : 'add' 'sub'> <InPorts = 2> <OutPorts = 1>
ST_1 : Operation 12 [1/1] (0.00ns)   --->   "%br_ln347 = br i1 %icmp_ln347, void %for.inc.split, void %ConcatLoop2.exitStub" [firmware/nnet_utils/nnet_merge_stream.h:347]   --->   Operation 12 'br' 'br_ln347' <Predicate = true> <Delay = 0.00>
ST_1 : Operation 13 [1/1] (0.53ns)   --->   "%store_ln347 = store i3 %add_ln347, i3 %i" [firmware/nnet_utils/nnet_merge_stream.h:347]   --->   Operation 13 'store' 'store_ln347' <Predicate = (!icmp_ln347)> <Delay = 0.53>
ST_1 : Operation 59 [1/1] (0.00ns)   --->   "%ret_ln0 = ret"   --->   Operation 59 'ret' 'ret_ln0' <Predicate = (icmp_ln347)> <Delay = 0.00>

State 2 <SV = 1> <Delay = 2.81>
ST_2 : Operation 14 [1/1] (0.00ns)   --->   "%zext_ln347 = zext i3 %i_9" [firmware/nnet_utils/nnet_merge_stream.h:347]   --->   Operation 14 'zext' 'zext_ln347' <Predicate = true> <Delay = 0.00>
ST_2 : Operation 15 [1/1] (0.00ns)   --->   "%specpipeline_ln348 = specpipeline void @_ssdm_op_SpecPipeline, i32 4294967295, i32 0, i32 0, i32 0, void @empty_1" [firmware/nnet_utils/nnet_merge_stream.h:348]   --->   Operation 15 'specpipeline' 'specpipeline_ln348' <Predicate = true> <Delay = 0.00>
ST_2 : Operation 16 [1/1] (0.00ns)   --->   "%speclooptripcount_ln347 = speclooptripcount void @_ssdm_op_SpecLoopTripCount, i64 6, i64 6, i64 6" [firmware/nnet_utils/nnet_merge_stream.h:347]   --->   Operation 16 'speclooptripcount' 'speclooptripcount_ln347' <Predicate = true> <Delay = 0.00>
ST_2 : Operation 17 [1/1] (0.00ns)   --->   "%specloopname_ln347 = specloopname void @_ssdm_op_SpecLoopName, void @empty_2" [firmware/nnet_utils/nnet_merge_stream.h:347]   --->   Operation 17 'specloopname' 'specloopname_ln347' <Predicate = true> <Delay = 0.00>
ST_2 : Operation 18 [1/1] (2.11ns)   --->   "%layer9_out_read = read i208 @_ssdm_op_Read.ap_fifo.volatile.i208P0A, i208 %layer9_out" [firmware/nnet_utils/nnet_merge_stream.h:349]   --->   Operation 18 'read' 'layer9_out_read' <Predicate = true> <Delay = 2.11> <CoreInst = "FIFO">   --->   Core 78 'FIFO' <Latency = 0> <II = 1> <Delay = 2.11> <Storage> <Opcode : 'read' 'write' 'nbread' 'nbwrite'> <Ports = 0> <Width = 208> <Depth = 6> <FIFO>
ST_2 : Operation 19 [1/1] (0.00ns)   --->   "%trunc_ln349 = trunc i208 %layer9_out_read" [firmware/nnet_utils/nnet_merge_stream.h:349]   --->   Operation 19 'trunc' 'trunc_ln349' <Predicate = true> <Delay = 0.00>
ST_2 : Operation 20 [1/1] (0.00ns)   --->   "%trunc_ln349_s = partselect i16 @_ssdm_op_PartSelect.i16.i208.i32.i32, i208 %layer9_out_read, i32 176, i32 191" [firmware/nnet_utils/nnet_merge_stream.h:349]   --->   Operation 20 'partselect' 'trunc_ln349_s' <Predicate = true> <Delay = 0.00>
ST_2 : Operation 21 [1/1] (0.00ns)   --->   "%trunc_ln349_1 = partselect i16 @_ssdm_op_PartSelect.i16.i208.i32.i32, i208 %layer9_out_read, i32 192, i32 207" [firmware/nnet_utils/nnet_merge_stream.h:349]   --->   Operation 21 'partselect' 'trunc_ln349_1' <Predicate = true> <Delay = 0.00>
ST_2 : Operation 22 [1/1] (0.00ns)   --->   "%tmp_s = partselect i16 @_ssdm_op_PartSelect.i16.i208.i32.i32, i208 %layer9_out_read, i32 16, i32 31" [firmware/nnet_utils/nnet_merge_stream.h:349]   --->   Operation 22 'partselect' 'tmp_s' <Predicate = true> <Delay = 0.00>
ST_2 : Operation 23 [1/1] (0.00ns)   --->   "%tmp_38 = partselect i16 @_ssdm_op_PartSelect.i16.i208.i32.i32, i208 %layer9_out_read, i32 32, i32 47" [firmware/nnet_utils/nnet_merge_stream.h:349]   --->   Operation 23 'partselect' 'tmp_38' <Predicate = true> <Delay = 0.00>
ST_2 : Operation 24 [1/1] (0.00ns)   --->   "%tmp_39 = partselect i16 @_ssdm_op_PartSelect.i16.i208.i32.i32, i208 %layer9_out_read, i32 48, i32 63" [firmware/nnet_utils/nnet_merge_stream.h:349]   --->   Operation 24 'partselect' 'tmp_39' <Predicate = true> <Delay = 0.00>
ST_2 : Operation 25 [1/1] (0.00ns)   --->   "%tmp_40 = partselect i16 @_ssdm_op_PartSelect.i16.i208.i32.i32, i208 %layer9_out_read, i32 64, i32 79" [firmware/nnet_utils/nnet_merge_stream.h:349]   --->   Operation 25 'partselect' 'tmp_40' <Predicate = true> <Delay = 0.00>
ST_2 : Operation 26 [1/1] (0.00ns)   --->   "%tmp_41 = partselect i16 @_ssdm_op_PartSelect.i16.i208.i32.i32, i208 %layer9_out_read, i32 80, i32 95" [firmware/nnet_utils/nnet_merge_stream.h:349]   --->   Operation 26 'partselect' 'tmp_41' <Predicate = true> <Delay = 0.00>
ST_2 : Operation 27 [1/1] (0.00ns)   --->   "%tmp_42 = partselect i16 @_ssdm_op_PartSelect.i16.i208.i32.i32, i208 %layer9_out_read, i32 96, i32 111" [firmware/nnet_utils/nnet_merge_stream.h:349]   --->   Operation 27 'partselect' 'tmp_42' <Predicate = true> <Delay = 0.00>
ST_2 : Operation 28 [1/1] (0.00ns)   --->   "%tmp_43 = partselect i16 @_ssdm_op_PartSelect.i16.i208.i32.i32, i208 %layer9_out_read, i32 112, i32 127" [firmware/nnet_utils/nnet_merge_stream.h:349]   --->   Operation 28 'partselect' 'tmp_43' <Predicate = true> <Delay = 0.00>
ST_2 : Operation 29 [1/1] (0.00ns)   --->   "%tmp_44 = partselect i16 @_ssdm_op_PartSelect.i16.i208.i32.i32, i208 %layer9_out_read, i32 128, i32 143" [firmware/nnet_utils/nnet_merge_stream.h:349]   --->   Operation 29 'partselect' 'tmp_44' <Predicate = true> <Delay = 0.00>
ST_2 : Operation 30 [1/1] (0.00ns)   --->   "%tmp_45 = partselect i16 @_ssdm_op_PartSelect.i16.i208.i32.i32, i208 %layer9_out_read, i32 144, i32 159" [firmware/nnet_utils/nnet_merge_stream.h:349]   --->   Operation 30 'partselect' 'tmp_45' <Predicate = true> <Delay = 0.00>
ST_2 : Operation 31 [1/1] (0.00ns)   --->   "%tmp_46 = partselect i16 @_ssdm_op_PartSelect.i16.i208.i32.i32, i208 %layer9_out_read, i32 160, i32 175" [firmware/nnet_utils/nnet_merge_stream.h:349]   --->   Operation 31 'partselect' 'tmp_46' <Predicate = true> <Delay = 0.00>
ST_2 : Operation 32 [1/1] (0.00ns)   --->   "%out_data_addr = getelementptr i16 %out_data, i64 0, i64 %zext_ln347" [firmware/nnet_utils/nnet_merge_stream.h:353]   --->   Operation 32 'getelementptr' 'out_data_addr' <Predicate = true> <Delay = 0.00>
ST_2 : Operation 33 [1/1] (0.00ns)   --->   "%out_data_1_addr = getelementptr i16 %out_data_1, i64 0, i64 %zext_ln347" [firmware/nnet_utils/nnet_merge_stream.h:353]   --->   Operation 33 'getelementptr' 'out_data_1_addr' <Predicate = true> <Delay = 0.00>
ST_2 : Operation 34 [1/1] (0.00ns)   --->   "%out_data_2_addr = getelementptr i16 %out_data_2, i64 0, i64 %zext_ln347" [firmware/nnet_utils/nnet_merge_stream.h:353]   --->   Operation 34 'getelementptr' 'out_data_2_addr' <Predicate = true> <Delay = 0.00>
ST_2 : Operation 35 [1/1] (0.00ns)   --->   "%out_data_3_addr = getelementptr i16 %out_data_3, i64 0, i64 %zext_ln347" [firmware/nnet_utils/nnet_merge_stream.h:353]   --->   Operation 35 'getelementptr' 'out_data_3_addr' <Predicate = true> <Delay = 0.00>
ST_2 : Operation 36 [1/1] (0.00ns)   --->   "%out_data_4_addr = getelementptr i16 %out_data_4, i64 0, i64 %zext_ln347" [firmware/nnet_utils/nnet_merge_stream.h:353]   --->   Operation 36 'getelementptr' 'out_data_4_addr' <Predicate = true> <Delay = 0.00>
ST_2 : Operation 37 [1/1] (0.00ns)   --->   "%out_data_5_addr = getelementptr i16 %out_data_5, i64 0, i64 %zext_ln347" [firmware/nnet_utils/nnet_merge_stream.h:353]   --->   Operation 37 'getelementptr' 'out_data_5_addr' <Predicate = true> <Delay = 0.00>
ST_2 : Operation 38 [1/1] (0.00ns)   --->   "%out_data_6_addr = getelementptr i16 %out_data_6, i64 0, i64 %zext_ln347" [firmware/nnet_utils/nnet_merge_stream.h:353]   --->   Operation 38 'getelementptr' 'out_data_6_addr' <Predicate = true> <Delay = 0.00>
ST_2 : Operation 39 [1/1] (0.00ns)   --->   "%out_data_7_addr = getelementptr i16 %out_data_7, i64 0, i64 %zext_ln347" [firmware/nnet_utils/nnet_merge_stream.h:353]   --->   Operation 39 'getelementptr' 'out_data_7_addr' <Predicate = true> <Delay = 0.00>
ST_2 : Operation 40 [1/1] (0.00ns)   --->   "%out_data_8_addr = getelementptr i16 %out_data_8, i64 0, i64 %zext_ln347" [firmware/nnet_utils/nnet_merge_stream.h:353]   --->   Operation 40 'getelementptr' 'out_data_8_addr' <Predicate = true> <Delay = 0.00>
ST_2 : Operation 41 [1/1] (0.00ns)   --->   "%out_data_9_addr = getelementptr i16 %out_data_9, i64 0, i64 %zext_ln347" [firmware/nnet_utils/nnet_merge_stream.h:353]   --->   Operation 41 'getelementptr' 'out_data_9_addr' <Predicate = true> <Delay = 0.00>
ST_2 : Operation 42 [1/1] (0.00ns)   --->   "%out_data_10_addr = getelementptr i16 %out_data_10, i64 0, i64 %zext_ln347" [firmware/nnet_utils/nnet_merge_stream.h:353]   --->   Operation 42 'getelementptr' 'out_data_10_addr' <Predicate = true> <Delay = 0.00>
ST_2 : Operation 43 [1/1] (0.00ns)   --->   "%out_data_11_addr = getelementptr i16 %out_data_11, i64 0, i64 %zext_ln347" [firmware/nnet_utils/nnet_merge_stream.h:353]   --->   Operation 43 'getelementptr' 'out_data_11_addr' <Predicate = true> <Delay = 0.00>
ST_2 : Operation 44 [1/1] (0.00ns)   --->   "%out_data_12_addr = getelementptr i16 %out_data_12, i64 0, i64 %zext_ln347" [firmware/nnet_utils/nnet_merge_stream.h:353]   --->   Operation 44 'getelementptr' 'out_data_12_addr' <Predicate = true> <Delay = 0.00>
ST_2 : Operation 45 [1/1] (0.69ns)   --->   "%store_ln353 = store i16 %trunc_ln349, i3 %out_data_addr" [firmware/nnet_utils/nnet_merge_stream.h:353]   --->   Operation 45 'store' 'store_ln353' <Predicate = true> <Delay = 0.69> <CoreInst = "RAM">   --->   Core 83 'RAM' <Latency = 1> <II = 1> <Delay = 0.69> <Storage> <Opcode : 'load' 'store'> <Ports = 2> <Width = 16> <Depth = 7> <RAM>
ST_2 : Operation 46 [1/1] (0.69ns)   --->   "%store_ln353 = store i16 %tmp_s, i3 %out_data_1_addr" [firmware/nnet_utils/nnet_merge_stream.h:353]   --->   Operation 46 'store' 'store_ln353' <Predicate = true> <Delay = 0.69> <CoreInst = "RAM">   --->   Core 83 'RAM' <Latency = 1> <II = 1> <Delay = 0.69> <Storage> <Opcode : 'load' 'store'> <Ports = 2> <Width = 16> <Depth = 7> <RAM>
ST_2 : Operation 47 [1/1] (0.69ns)   --->   "%store_ln353 = store i16 %tmp_38, i3 %out_data_2_addr" [firmware/nnet_utils/nnet_merge_stream.h:353]   --->   Operation 47 'store' 'store_ln353' <Predicate = true> <Delay = 0.69> <CoreInst = "RAM">   --->   Core 83 'RAM' <Latency = 1> <II = 1> <Delay = 0.69> <Storage> <Opcode : 'load' 'store'> <Ports = 2> <Width = 16> <Depth = 7> <RAM>
ST_2 : Operation 48 [1/1] (0.69ns)   --->   "%store_ln353 = store i16 %tmp_39, i3 %out_data_3_addr" [firmware/nnet_utils/nnet_merge_stream.h:353]   --->   Operation 48 'store' 'store_ln353' <Predicate = true> <Delay = 0.69> <CoreInst = "RAM">   --->   Core 83 'RAM' <Latency = 1> <II = 1> <Delay = 0.69> <Storage> <Opcode : 'load' 'store'> <Ports = 2> <Width = 16> <Depth = 7> <RAM>
ST_2 : Operation 49 [1/1] (0.69ns)   --->   "%store_ln353 = store i16 %tmp_40, i3 %out_data_4_addr" [firmware/nnet_utils/nnet_merge_stream.h:353]   --->   Operation 49 'store' 'store_ln353' <Predicate = true> <Delay = 0.69> <CoreInst = "RAM">   --->   Core 83 'RAM' <Latency = 1> <II = 1> <Delay = 0.69> <Storage> <Opcode : 'load' 'store'> <Ports = 2> <Width = 16> <Depth = 7> <RAM>
ST_2 : Operation 50 [1/1] (0.69ns)   --->   "%store_ln353 = store i16 %tmp_41, i3 %out_data_5_addr" [firmware/nnet_utils/nnet_merge_stream.h:353]   --->   Operation 50 'store' 'store_ln353' <Predicate = true> <Delay = 0.69> <CoreInst = "RAM">   --->   Core 83 'RAM' <Latency = 1> <II = 1> <Delay = 0.69> <Storage> <Opcode : 'load' 'store'> <Ports = 2> <Width = 16> <Depth = 7> <RAM>
ST_2 : Operation 51 [1/1] (0.69ns)   --->   "%store_ln353 = store i16 %tmp_42, i3 %out_data_6_addr" [firmware/nnet_utils/nnet_merge_stream.h:353]   --->   Operation 51 'store' 'store_ln353' <Predicate = true> <Delay = 0.69> <CoreInst = "RAM">   --->   Core 83 'RAM' <Latency = 1> <II = 1> <Delay = 0.69> <Storage> <Opcode : 'load' 'store'> <Ports = 2> <Width = 16> <Depth = 7> <RAM>
ST_2 : Operation 52 [1/1] (0.69ns)   --->   "%store_ln353 = store i16 %tmp_43, i3 %out_data_7_addr" [firmware/nnet_utils/nnet_merge_stream.h:353]   --->   Operation 52 'store' 'store_ln353' <Predicate = true> <Delay = 0.69> <CoreInst = "RAM">   --->   Core 83 'RAM' <Latency = 1> <II = 1> <Delay = 0.69> <Storage> <Opcode : 'load' 'store'> <Ports = 2> <Width = 16> <Depth = 7> <RAM>
ST_2 : Operation 53 [1/1] (0.69ns)   --->   "%store_ln353 = store i16 %tmp_44, i3 %out_data_8_addr" [firmware/nnet_utils/nnet_merge_stream.h:353]   --->   Operation 53 'store' 'store_ln353' <Predicate = true> <Delay = 0.69> <CoreInst = "RAM">   --->   Core 83 'RAM' <Latency = 1> <II = 1> <Delay = 0.69> <Storage> <Opcode : 'load' 'store'> <Ports = 2> <Width = 16> <Depth = 7> <RAM>
ST_2 : Operation 54 [1/1] (0.69ns)   --->   "%store_ln353 = store i16 %tmp_45, i3 %out_data_9_addr" [firmware/nnet_utils/nnet_merge_stream.h:353]   --->   Operation 54 'store' 'store_ln353' <Predicate = true> <Delay = 0.69> <CoreInst = "RAM">   --->   Core 83 'RAM' <Latency = 1> <II = 1> <Delay = 0.69> <Storage> <Opcode : 'load' 'store'> <Ports = 2> <Width = 16> <Depth = 7> <RAM>
ST_2 : Operation 55 [1/1] (0.69ns)   --->   "%store_ln353 = store i16 %tmp_46, i3 %out_data_10_addr" [firmware/nnet_utils/nnet_merge_stream.h:353]   --->   Operation 55 'store' 'store_ln353' <Predicate = true> <Delay = 0.69> <CoreInst = "RAM">   --->   Core 83 'RAM' <Latency = 1> <II = 1> <Delay = 0.69> <Storage> <Opcode : 'load' 'store'> <Ports = 2> <Width = 16> <Depth = 7> <RAM>
ST_2 : Operation 56 [1/1] (0.69ns)   --->   "%store_ln353 = store i16 %trunc_ln349_s, i3 %out_data_11_addr" [firmware/nnet_utils/nnet_merge_stream.h:353]   --->   Operation 56 'store' 'store_ln353' <Predicate = true> <Delay = 0.69> <CoreInst = "RAM">   --->   Core 83 'RAM' <Latency = 1> <II = 1> <Delay = 0.69> <Storage> <Opcode : 'load' 'store'> <Ports = 2> <Width = 16> <Depth = 7> <RAM>
ST_2 : Operation 57 [1/1] (0.69ns)   --->   "%store_ln353 = store i16 %trunc_ln349_1, i3 %out_data_12_addr" [firmware/nnet_utils/nnet_merge_stream.h:353]   --->   Operation 57 'store' 'store_ln353' <Predicate = true> <Delay = 0.69> <CoreInst = "RAM">   --->   Core 83 'RAM' <Latency = 1> <II = 1> <Delay = 0.69> <Storage> <Opcode : 'load' 'store'> <Ports = 2> <Width = 16> <Depth = 7> <RAM>
ST_2 : Operation 58 [1/1] (0.00ns)   --->   "%br_ln347 = br void %for.inc" [firmware/nnet_utils/nnet_merge_stream.h:347]   --->   Operation 58 'br' 'br_ln347' <Predicate = true> <Delay = 0.00>


============================================================
+ Verbose Summary: Timing violations
============================================================
Target clock period: 25.000ns, clock uncertainty: 6.750ns.

 <State 1>: 1.374ns
The critical path consists of the following:
	'alloca' operation ('i') [15]  (0.000 ns)
	'load' operation ('i', firmware/nnet_utils/nnet_merge_stream.h:347) on local variable 'i' [20]  (0.000 ns)
	'add' operation ('add_ln347', firmware/nnet_utils/nnet_merge_stream.h:347) [22]  (0.836 ns)
	'store' operation ('store_ln347', firmware/nnet_utils/nnet_merge_stream.h:347) of variable 'add_ln347', firmware/nnet_utils/nnet_merge_stream.h:347 on local variable 'i' [69]  (0.538 ns)

 <State 2>: 2.817ns
The critical path consists of the following:
	fifo read operation ('layer9_out_read', firmware/nnet_utils/nnet_merge_stream.h:349) on port 'layer9_out' (firmware/nnet_utils/nnet_merge_stream.h:349) [29]  (2.119 ns)
	'store' operation ('store_ln353', firmware/nnet_utils/nnet_merge_stream.h:353) of variable 'trunc_ln349', firmware/nnet_utils/nnet_merge_stream.h:349 on array 'out_data' [56]  (0.698 ns)


============================================================
+ Verbose Summary: Binding
============================================================
N/A
* FSMD analyzer results:
  - Output states:
 - Input state : 
  - Chain level:
	State 1
	State 2


============================================================
+ Verbose Summary: Datapath Resource usage 
============================================================
N/A
