

================================================================
== Vitis HLS Report for 'relu_array_ap_fixed_8u_array_ap_ufixed_10_0_4_0_0_8u_relu_config4_s'
================================================================
* Date:           Mon May 20 13:40:45 2024

* Version:        2023.1 (Build 3854077 on May  4 2023)
* Project:        myproject_prj
* Solution:       solution1 (Vivado IP Flow Target)
* Product family: kintexu
* Target device:  xcku040-ffva1156-2-e


================================================================
== Performance Estimates
================================================================
+ Timing: 
    * Summary: 
    +--------+----------+----------+------------+
    |  Clock |  Target  | Estimated| Uncertainty|
    +--------+----------+----------+------------+
    |ap_clk  |  25.00 ns|  6.057 ns|     6.75 ns|
    +--------+----------+----------+------------+

+ Latency: 
    * Summary: 
    +---------+---------+----------+----------+-----+-----+---------+
    |  Latency (cycles) |  Latency (absolute) |  Interval | Pipeline|
    |   min   |   max   |    min   |    max   | min | max |   Type  |
    +---------+---------+----------+----------+-----+-----+---------+
    |      106|      106|  2.650 us|  2.650 us|  106|  106|       no|
    +---------+---------+----------+----------+-----+-----+---------+

    + Detail: 
        * Instance: 
        N/A

        * Loop: 
        +---------------+---------+---------+----------+-----------+-----------+------+----------+
        |               |  Latency (cycles) | Iteration|  Initiation Interval  | Trip |          |
        |   Loop Name   |   min   |   max   |  Latency |  achieved |   target  | Count| Pipelined|
        +---------------+---------+---------+----------+-----------+-----------+------+----------+
        |- ReLUActLoop  |      104|      104|         2|          1|          1|   104|       yes|
        +---------------+---------+---------+----------+-----------+-----------+------+----------+

============================================================
+ Verbose Summary: Synthesis Manager
============================================================
InlineROM: 1
ExposeGlobal: 0
============================================================
+ Verbose Summary: CDFG Model
============================================================
IsTopModel: 0
ResetActiveHigh: 1
IsCombinational: 2
IsDatapathOnly: 0
HasWiredReturn: 1
HasMFsm: 2
HasVarLatency: 1
IsPipeline: 0
IsRtlPipelined: 0
IsInstanceOverlapped: 0
IsDontTouch: 0
HasImplIP: 0
IsGatedGlobalClock: 0

+ Individual pipeline summary: 
  * Pipeline-0: initiation interval (II) = 1, depth = 2


============================================================
+ Verbose Summary: Schedule
============================================================
* Number of FSM states : 2
* Pipeline : 1
  Pipeline-0 : II = 1, D = 2, States = { 1 2 }
* Dataflow Pipeline: 0

* FSM state transitions: 
1 --> 2 
2 --> 

* FSM state operations: 

State 1 <SV = 0> <Delay = 1.73>
ST_1 : Operation 5 [1/1] (0.00ns)   --->   "%i = alloca i32 1"   --->   Operation 5 'alloca' 'i' <Predicate = true> <Delay = 0.00>
ST_1 : Operation 6 [1/1] (0.00ns)   --->   "%specinterface_ln0 = specinterface void @_ssdm_op_SpecInterface, i80 %layer4_out, void @empty_6, i32 0, i32 0, void @empty_1, i32 0, i32 0, void @empty_1, void @empty_1, void @empty_1, i32 0, i32 0, i32 0, i32 0, void @empty_1, void @empty_1, i32 4294967295, i32 0"   --->   Operation 6 'specinterface' 'specinterface_ln0' <Predicate = true> <Delay = 0.00>
ST_1 : Operation 7 [1/1] (0.00ns)   --->   "%specinterface_ln0 = specinterface void @_ssdm_op_SpecInterface, i128 %layer2_out, void @empty_6, i32 0, i32 0, void @empty_1, i32 0, i32 0, void @empty_1, void @empty_1, void @empty_1, i32 0, i32 0, i32 0, i32 0, void @empty_1, void @empty_1, i32 4294967295, i32 0"   --->   Operation 7 'specinterface' 'specinterface_ln0' <Predicate = true> <Delay = 0.00>
ST_1 : Operation 8 [1/1] (0.53ns)   --->   "%store_ln41 = store i7 0, i7 %i" [firmware/nnet_utils/nnet_activation_stream.h:41]   --->   Operation 8 'store' 'store_ln41' <Predicate = true> <Delay = 0.53>
ST_1 : Operation 9 [1/1] (0.00ns)   --->   "%br_ln41 = br void %for.body4" [firmware/nnet_utils/nnet_activation_stream.h:41]   --->   Operation 9 'br' 'br_ln41' <Predicate = true> <Delay = 0.00>
ST_1 : Operation 10 [1/1] (0.00ns)   --->   "%i_5 = load i7 %i" [firmware/nnet_utils/nnet_activation_stream.h:41]   --->   Operation 10 'load' 'i_5' <Predicate = true> <Delay = 0.00>
ST_1 : Operation 11 [1/1] (1.20ns)   --->   "%icmp_ln41 = icmp_eq  i7 %i_5, i7 104" [firmware/nnet_utils/nnet_activation_stream.h:41]   --->   Operation 11 'icmp' 'icmp_ln41' <Predicate = true> <Delay = 1.20> <CoreInst = "Cmp">   --->   Core 9 'Cmp' <Latency = 0> <II = 1> <Delay = 1.20> <FuncUnit> <Opcode : 'icmp'> <InPorts = 2> <OutPorts = 1>
ST_1 : Operation 12 [1/1] (1.20ns)   --->   "%i_6 = add i7 %i_5, i7 1" [firmware/nnet_utils/nnet_activation_stream.h:41]   --->   Operation 12 'add' 'i_6' <Predicate = true> <Delay = 1.20> <CoreInst = "Adder">   --->   Core 1 'Adder' <Latency = 0> <II = 1> <Delay = 1.20> <FuncUnit> <Opcode : 'add' 'sub'> <InPorts = 2> <OutPorts = 1>
ST_1 : Operation 13 [1/1] (0.00ns)   --->   "%br_ln41 = br i1 %icmp_ln41, void %for.body4.split_ifconv, void %for.end15" [firmware/nnet_utils/nnet_activation_stream.h:41]   --->   Operation 13 'br' 'br_ln41' <Predicate = true> <Delay = 0.00>
ST_1 : Operation 14 [1/1] (0.53ns)   --->   "%store_ln41 = store i7 %i_6, i7 %i" [firmware/nnet_utils/nnet_activation_stream.h:41]   --->   Operation 14 'store' 'store_ln41' <Predicate = (!icmp_ln41)> <Delay = 0.53>
ST_1 : Operation 78 [1/1] (0.00ns)   --->   "%ret_ln59 = ret" [firmware/nnet_utils/nnet_activation_stream.h:59]   --->   Operation 78 'ret' 'ret_ln59' <Predicate = (icmp_ln41)> <Delay = 0.00>

State 2 <SV = 1> <Delay = 6.05>
ST_2 : Operation 15 [1/1] (0.00ns)   --->   "%specpipeline_ln42 = specpipeline void @_ssdm_op_SpecPipeline, i32 4294967295, i32 0, i32 0, i32 0, void @empty_1" [firmware/nnet_utils/nnet_activation_stream.h:42]   --->   Operation 15 'specpipeline' 'specpipeline_ln42' <Predicate = true> <Delay = 0.00>
ST_2 : Operation 16 [1/1] (0.00ns)   --->   "%speclooptripcount_ln41 = speclooptripcount void @_ssdm_op_SpecLoopTripCount, i64 104, i64 104, i64 104" [firmware/nnet_utils/nnet_activation_stream.h:41]   --->   Operation 16 'speclooptripcount' 'speclooptripcount_ln41' <Predicate = true> <Delay = 0.00>
ST_2 : Operation 17 [1/1] (0.00ns)   --->   "%specloopname_ln41 = specloopname void @_ssdm_op_SpecLoopName, void @empty_7" [firmware/nnet_utils/nnet_activation_stream.h:41]   --->   Operation 17 'specloopname' 'specloopname_ln41' <Predicate = true> <Delay = 0.00>
ST_2 : Operation 18 [1/1] (2.16ns)   --->   "%layer2_out_read = read i128 @_ssdm_op_Read.ap_fifo.volatile.i128P0A, i128 %layer2_out" [firmware/nnet_utils/nnet_activation_stream.h:44]   --->   Operation 18 'read' 'layer2_out_read' <Predicate = true> <Delay = 2.16> <CoreInst = "FIFO">   --->   Core 78 'FIFO' <Latency = 0> <II = 1> <Delay = 2.16> <Storage> <Opcode : 'read' 'write' 'nbread' 'nbwrite'> <Ports = 0> <Width = 128> <Depth = 104> <FIFO>
ST_2 : Operation 19 [1/1] (0.00ns)   --->   "%in_data = trunc i128 %layer2_out_read" [firmware/nnet_utils/nnet_activation_stream.h:44]   --->   Operation 19 'trunc' 'in_data' <Predicate = true> <Delay = 0.00>
ST_2 : Operation 20 [1/1] (0.00ns)   --->   "%trunc_ln44_6 = partselect i16 @_ssdm_op_PartSelect.i16.i128.i32.i32, i128 %layer2_out_read, i32 96, i32 111" [firmware/nnet_utils/nnet_activation_stream.h:44]   --->   Operation 20 'partselect' 'trunc_ln44_6' <Predicate = true> <Delay = 0.00>
ST_2 : Operation 21 [1/1] (0.00ns)   --->   "%trunc_ln44_7 = partselect i16 @_ssdm_op_PartSelect.i16.i128.i32.i32, i128 %layer2_out_read, i32 112, i32 127" [firmware/nnet_utils/nnet_activation_stream.h:44]   --->   Operation 21 'partselect' 'trunc_ln44_7' <Predicate = true> <Delay = 0.00>
ST_2 : Operation 22 [1/1] (0.00ns)   --->   "%in_data_1 = partselect i16 @_ssdm_op_PartSelect.i16.i128.i32.i32, i128 %layer2_out_read, i32 16, i32 31" [firmware/nnet_utils/nnet_activation_stream.h:44]   --->   Operation 22 'partselect' 'in_data_1' <Predicate = true> <Delay = 0.00>
ST_2 : Operation 23 [1/1] (0.00ns)   --->   "%in_data_2 = partselect i16 @_ssdm_op_PartSelect.i16.i128.i32.i32, i128 %layer2_out_read, i32 32, i32 47" [firmware/nnet_utils/nnet_activation_stream.h:44]   --->   Operation 23 'partselect' 'in_data_2' <Predicate = true> <Delay = 0.00>
ST_2 : Operation 24 [1/1] (0.00ns)   --->   "%in_data_3 = partselect i16 @_ssdm_op_PartSelect.i16.i128.i32.i32, i128 %layer2_out_read, i32 48, i32 63" [firmware/nnet_utils/nnet_activation_stream.h:44]   --->   Operation 24 'partselect' 'in_data_3' <Predicate = true> <Delay = 0.00>
ST_2 : Operation 25 [1/1] (0.00ns)   --->   "%tmp = partselect i16 @_ssdm_op_PartSelect.i16.i128.i32.i32, i128 %layer2_out_read, i32 64, i32 79" [firmware/nnet_utils/nnet_activation_stream.h:44]   --->   Operation 25 'partselect' 'tmp' <Predicate = true> <Delay = 0.00>
ST_2 : Operation 26 [1/1] (0.00ns)   --->   "%tmp_8 = partselect i16 @_ssdm_op_PartSelect.i16.i128.i32.i32, i128 %layer2_out_read, i32 80, i32 95" [firmware/nnet_utils/nnet_activation_stream.h:44]   --->   Operation 26 'partselect' 'tmp_8' <Predicate = true> <Delay = 0.00>
ST_2 : Operation 27 [1/1] (1.41ns)   --->   "%icmp_ln51 = icmp_sgt  i16 %in_data, i16 0" [firmware/nnet_utils/nnet_activation_stream.h:51]   --->   Operation 27 'icmp' 'icmp_ln51' <Predicate = true> <Delay = 1.41> <CoreInst = "Cmp">   --->   Core 9 'Cmp' <Latency = 0> <II = 1> <Delay = 1.41> <FuncUnit> <Opcode : 'icmp'> <InPorts = 2> <OutPorts = 1>
ST_2 : Operation 28 [1/1] (0.00ns) (grouped into LUT with out node out_data_1)   --->   "%trunc_ln52 = trunc i128 %layer2_out_read" [firmware/nnet_utils/nnet_activation_stream.h:52]   --->   Operation 28 'trunc' 'trunc_ln52' <Predicate = true> <Delay = 0.00>
ST_2 : Operation 29 [1/1] (0.00ns)   --->   "%tmp_1 = partselect i6 @_ssdm_op_PartSelect.i6.i128.i32.i32, i128 %layer2_out_read, i32 10, i32 15" [firmware/nnet_utils/nnet_activation_stream.h:52]   --->   Operation 29 'partselect' 'tmp_1' <Predicate = true> <Delay = 0.00>
ST_2 : Operation 30 [1/1] (1.11ns)   --->   "%icmp_ln52 = icmp_ne  i6 %tmp_1, i6 0" [firmware/nnet_utils/nnet_activation_stream.h:52]   --->   Operation 30 'icmp' 'icmp_ln52' <Predicate = true> <Delay = 1.11> <CoreInst = "Cmp">   --->   Core 9 'Cmp' <Latency = 0> <II = 1> <Delay = 1.11> <FuncUnit> <Opcode : 'icmp'> <InPorts = 2> <OutPorts = 1>
ST_2 : Operation 31 [1/1] (0.00ns) (grouped into LUT with out node out_data_1)   --->   "%out_data = select i1 %icmp_ln52, i10 1023, i10 %trunc_ln52" [firmware/nnet_utils/nnet_activation_stream.h:52]   --->   Operation 31 'select' 'out_data' <Predicate = true> <Delay = 0.00> <CoreInst = "Sel">   --->   Core 73 'Sel' <Latency = 0> <II = 1> <Delay = 0.30> <FuncUnit> <Opcode : 'select'> <InPorts = 3> <OutPorts = 1>
ST_2 : Operation 32 [1/1] (0.30ns) (out node of the LUT)   --->   "%out_data_1 = select i1 %icmp_ln51, i10 %out_data, i10 0" [firmware/nnet_utils/nnet_activation_stream.h:51]   --->   Operation 32 'select' 'out_data_1' <Predicate = true> <Delay = 0.30> <CoreInst = "Sel">   --->   Core 73 'Sel' <Latency = 0> <II = 1> <Delay = 0.30> <FuncUnit> <Opcode : 'select'> <InPorts = 3> <OutPorts = 1>
ST_2 : Operation 33 [1/1] (1.41ns)   --->   "%icmp_ln51_1 = icmp_sgt  i16 %in_data_1, i16 0" [firmware/nnet_utils/nnet_activation_stream.h:51]   --->   Operation 33 'icmp' 'icmp_ln51_1' <Predicate = true> <Delay = 1.41> <CoreInst = "Cmp">   --->   Core 9 'Cmp' <Latency = 0> <II = 1> <Delay = 1.41> <FuncUnit> <Opcode : 'icmp'> <InPorts = 2> <OutPorts = 1>
ST_2 : Operation 34 [1/1] (0.00ns) (grouped into LUT with out node out_data_3)   --->   "%trunc_ln52_1 = partselect i10 @_ssdm_op_PartSelect.i10.i128.i32.i32, i128 %layer2_out_read, i32 16, i32 25" [firmware/nnet_utils/nnet_activation_stream.h:52]   --->   Operation 34 'partselect' 'trunc_ln52_1' <Predicate = true> <Delay = 0.00>
ST_2 : Operation 35 [1/1] (0.00ns)   --->   "%tmp_2 = partselect i6 @_ssdm_op_PartSelect.i6.i128.i32.i32, i128 %layer2_out_read, i32 26, i32 31" [firmware/nnet_utils/nnet_activation_stream.h:52]   --->   Operation 35 'partselect' 'tmp_2' <Predicate = true> <Delay = 0.00>
ST_2 : Operation 36 [1/1] (1.11ns)   --->   "%icmp_ln52_1 = icmp_ne  i6 %tmp_2, i6 0" [firmware/nnet_utils/nnet_activation_stream.h:52]   --->   Operation 36 'icmp' 'icmp_ln52_1' <Predicate = true> <Delay = 1.11> <CoreInst = "Cmp">   --->   Core 9 'Cmp' <Latency = 0> <II = 1> <Delay = 1.11> <FuncUnit> <Opcode : 'icmp'> <InPorts = 2> <OutPorts = 1>
ST_2 : Operation 37 [1/1] (0.00ns) (grouped into LUT with out node out_data_3)   --->   "%out_data_2 = select i1 %icmp_ln52_1, i10 1023, i10 %trunc_ln52_1" [firmware/nnet_utils/nnet_activation_stream.h:52]   --->   Operation 37 'select' 'out_data_2' <Predicate = true> <Delay = 0.00> <CoreInst = "Sel">   --->   Core 73 'Sel' <Latency = 0> <II = 1> <Delay = 0.30> <FuncUnit> <Opcode : 'select'> <InPorts = 3> <OutPorts = 1>
ST_2 : Operation 38 [1/1] (0.30ns) (out node of the LUT)   --->   "%out_data_3 = select i1 %icmp_ln51_1, i10 %out_data_2, i10 0" [firmware/nnet_utils/nnet_activation_stream.h:51]   --->   Operation 38 'select' 'out_data_3' <Predicate = true> <Delay = 0.30> <CoreInst = "Sel">   --->   Core 73 'Sel' <Latency = 0> <II = 1> <Delay = 0.30> <FuncUnit> <Opcode : 'select'> <InPorts = 3> <OutPorts = 1>
ST_2 : Operation 39 [1/1] (1.41ns)   --->   "%icmp_ln51_2 = icmp_sgt  i16 %in_data_2, i16 0" [firmware/nnet_utils/nnet_activation_stream.h:51]   --->   Operation 39 'icmp' 'icmp_ln51_2' <Predicate = true> <Delay = 1.41> <CoreInst = "Cmp">   --->   Core 9 'Cmp' <Latency = 0> <II = 1> <Delay = 1.41> <FuncUnit> <Opcode : 'icmp'> <InPorts = 2> <OutPorts = 1>
ST_2 : Operation 40 [1/1] (0.00ns) (grouped into LUT with out node out_data_5)   --->   "%trunc_ln52_2 = partselect i10 @_ssdm_op_PartSelect.i10.i128.i32.i32, i128 %layer2_out_read, i32 32, i32 41" [firmware/nnet_utils/nnet_activation_stream.h:52]   --->   Operation 40 'partselect' 'trunc_ln52_2' <Predicate = true> <Delay = 0.00>
ST_2 : Operation 41 [1/1] (0.00ns)   --->   "%tmp_3 = partselect i6 @_ssdm_op_PartSelect.i6.i128.i32.i32, i128 %layer2_out_read, i32 42, i32 47" [firmware/nnet_utils/nnet_activation_stream.h:52]   --->   Operation 41 'partselect' 'tmp_3' <Predicate = true> <Delay = 0.00>
ST_2 : Operation 42 [1/1] (1.11ns)   --->   "%icmp_ln52_2 = icmp_ne  i6 %tmp_3, i6 0" [firmware/nnet_utils/nnet_activation_stream.h:52]   --->   Operation 42 'icmp' 'icmp_ln52_2' <Predicate = true> <Delay = 1.11> <CoreInst = "Cmp">   --->   Core 9 'Cmp' <Latency = 0> <II = 1> <Delay = 1.11> <FuncUnit> <Opcode : 'icmp'> <InPorts = 2> <OutPorts = 1>
ST_2 : Operation 43 [1/1] (0.00ns) (grouped into LUT with out node out_data_5)   --->   "%out_data_4 = select i1 %icmp_ln52_2, i10 1023, i10 %trunc_ln52_2" [firmware/nnet_utils/nnet_activation_stream.h:52]   --->   Operation 43 'select' 'out_data_4' <Predicate = true> <Delay = 0.00> <CoreInst = "Sel">   --->   Core 73 'Sel' <Latency = 0> <II = 1> <Delay = 0.30> <FuncUnit> <Opcode : 'select'> <InPorts = 3> <OutPorts = 1>
ST_2 : Operation 44 [1/1] (0.30ns) (out node of the LUT)   --->   "%out_data_5 = select i1 %icmp_ln51_2, i10 %out_data_4, i10 0" [firmware/nnet_utils/nnet_activation_stream.h:51]   --->   Operation 44 'select' 'out_data_5' <Predicate = true> <Delay = 0.30> <CoreInst = "Sel">   --->   Core 73 'Sel' <Latency = 0> <II = 1> <Delay = 0.30> <FuncUnit> <Opcode : 'select'> <InPorts = 3> <OutPorts = 1>
ST_2 : Operation 45 [1/1] (1.41ns)   --->   "%icmp_ln51_3 = icmp_sgt  i16 %in_data_3, i16 0" [firmware/nnet_utils/nnet_activation_stream.h:51]   --->   Operation 45 'icmp' 'icmp_ln51_3' <Predicate = true> <Delay = 1.41> <CoreInst = "Cmp">   --->   Core 9 'Cmp' <Latency = 0> <II = 1> <Delay = 1.41> <FuncUnit> <Opcode : 'icmp'> <InPorts = 2> <OutPorts = 1>
ST_2 : Operation 46 [1/1] (0.00ns) (grouped into LUT with out node out_data_7)   --->   "%trunc_ln52_3 = partselect i10 @_ssdm_op_PartSelect.i10.i128.i32.i32, i128 %layer2_out_read, i32 48, i32 57" [firmware/nnet_utils/nnet_activation_stream.h:52]   --->   Operation 46 'partselect' 'trunc_ln52_3' <Predicate = true> <Delay = 0.00>
ST_2 : Operation 47 [1/1] (0.00ns)   --->   "%tmp_4 = partselect i6 @_ssdm_op_PartSelect.i6.i128.i32.i32, i128 %layer2_out_read, i32 58, i32 63" [firmware/nnet_utils/nnet_activation_stream.h:52]   --->   Operation 47 'partselect' 'tmp_4' <Predicate = true> <Delay = 0.00>
ST_2 : Operation 48 [1/1] (1.11ns)   --->   "%icmp_ln52_3 = icmp_ne  i6 %tmp_4, i6 0" [firmware/nnet_utils/nnet_activation_stream.h:52]   --->   Operation 48 'icmp' 'icmp_ln52_3' <Predicate = true> <Delay = 1.11> <CoreInst = "Cmp">   --->   Core 9 'Cmp' <Latency = 0> <II = 1> <Delay = 1.11> <FuncUnit> <Opcode : 'icmp'> <InPorts = 2> <OutPorts = 1>
ST_2 : Operation 49 [1/1] (0.00ns) (grouped into LUT with out node out_data_7)   --->   "%out_data_6 = select i1 %icmp_ln52_3, i10 1023, i10 %trunc_ln52_3" [firmware/nnet_utils/nnet_activation_stream.h:52]   --->   Operation 49 'select' 'out_data_6' <Predicate = true> <Delay = 0.00> <CoreInst = "Sel">   --->   Core 73 'Sel' <Latency = 0> <II = 1> <Delay = 0.30> <FuncUnit> <Opcode : 'select'> <InPorts = 3> <OutPorts = 1>
ST_2 : Operation 50 [1/1] (0.30ns) (out node of the LUT)   --->   "%out_data_7 = select i1 %icmp_ln51_3, i10 %out_data_6, i10 0" [firmware/nnet_utils/nnet_activation_stream.h:51]   --->   Operation 50 'select' 'out_data_7' <Predicate = true> <Delay = 0.30> <CoreInst = "Sel">   --->   Core 73 'Sel' <Latency = 0> <II = 1> <Delay = 0.30> <FuncUnit> <Opcode : 'select'> <InPorts = 3> <OutPorts = 1>
ST_2 : Operation 51 [1/1] (1.41ns)   --->   "%icmp_ln51_4 = icmp_sgt  i16 %tmp, i16 0" [firmware/nnet_utils/nnet_activation_stream.h:51]   --->   Operation 51 'icmp' 'icmp_ln51_4' <Predicate = true> <Delay = 1.41> <CoreInst = "Cmp">   --->   Core 9 'Cmp' <Latency = 0> <II = 1> <Delay = 1.41> <FuncUnit> <Opcode : 'icmp'> <InPorts = 2> <OutPorts = 1>
ST_2 : Operation 52 [1/1] (0.00ns) (grouped into LUT with out node select_ln51)   --->   "%trunc_ln52_4 = partselect i10 @_ssdm_op_PartSelect.i10.i128.i32.i32, i128 %layer2_out_read, i32 64, i32 73" [firmware/nnet_utils/nnet_activation_stream.h:52]   --->   Operation 52 'partselect' 'trunc_ln52_4' <Predicate = true> <Delay = 0.00>
ST_2 : Operation 53 [1/1] (0.00ns)   --->   "%tmp_5 = partselect i6 @_ssdm_op_PartSelect.i6.i128.i32.i32, i128 %layer2_out_read, i32 74, i32 79" [firmware/nnet_utils/nnet_activation_stream.h:52]   --->   Operation 53 'partselect' 'tmp_5' <Predicate = true> <Delay = 0.00>
ST_2 : Operation 54 [1/1] (1.11ns)   --->   "%icmp_ln52_4 = icmp_ne  i6 %tmp_5, i6 0" [firmware/nnet_utils/nnet_activation_stream.h:52]   --->   Operation 54 'icmp' 'icmp_ln52_4' <Predicate = true> <Delay = 1.11> <CoreInst = "Cmp">   --->   Core 9 'Cmp' <Latency = 0> <II = 1> <Delay = 1.11> <FuncUnit> <Opcode : 'icmp'> <InPorts = 2> <OutPorts = 1>
ST_2 : Operation 55 [1/1] (0.00ns) (grouped into LUT with out node select_ln51)   --->   "%select_ln52 = select i1 %icmp_ln52_4, i10 1023, i10 %trunc_ln52_4" [firmware/nnet_utils/nnet_activation_stream.h:52]   --->   Operation 55 'select' 'select_ln52' <Predicate = true> <Delay = 0.00> <CoreInst = "Sel">   --->   Core 73 'Sel' <Latency = 0> <II = 1> <Delay = 0.30> <FuncUnit> <Opcode : 'select'> <InPorts = 3> <OutPorts = 1>
ST_2 : Operation 56 [1/1] (0.30ns) (out node of the LUT)   --->   "%select_ln51 = select i1 %icmp_ln51_4, i10 %select_ln52, i10 0" [firmware/nnet_utils/nnet_activation_stream.h:51]   --->   Operation 56 'select' 'select_ln51' <Predicate = true> <Delay = 0.30> <CoreInst = "Sel">   --->   Core 73 'Sel' <Latency = 0> <II = 1> <Delay = 0.30> <FuncUnit> <Opcode : 'select'> <InPorts = 3> <OutPorts = 1>
ST_2 : Operation 57 [1/1] (1.41ns)   --->   "%icmp_ln51_5 = icmp_sgt  i16 %tmp_8, i16 0" [firmware/nnet_utils/nnet_activation_stream.h:51]   --->   Operation 57 'icmp' 'icmp_ln51_5' <Predicate = true> <Delay = 1.41> <CoreInst = "Cmp">   --->   Core 9 'Cmp' <Latency = 0> <II = 1> <Delay = 1.41> <FuncUnit> <Opcode : 'icmp'> <InPorts = 2> <OutPorts = 1>
ST_2 : Operation 58 [1/1] (0.00ns) (grouped into LUT with out node select_ln51_1)   --->   "%trunc_ln52_5 = partselect i10 @_ssdm_op_PartSelect.i10.i128.i32.i32, i128 %layer2_out_read, i32 80, i32 89" [firmware/nnet_utils/nnet_activation_stream.h:52]   --->   Operation 58 'partselect' 'trunc_ln52_5' <Predicate = true> <Delay = 0.00>
ST_2 : Operation 59 [1/1] (0.00ns)   --->   "%tmp_6 = partselect i6 @_ssdm_op_PartSelect.i6.i128.i32.i32, i128 %layer2_out_read, i32 90, i32 95" [firmware/nnet_utils/nnet_activation_stream.h:52]   --->   Operation 59 'partselect' 'tmp_6' <Predicate = true> <Delay = 0.00>
ST_2 : Operation 60 [1/1] (1.11ns)   --->   "%icmp_ln52_5 = icmp_ne  i6 %tmp_6, i6 0" [firmware/nnet_utils/nnet_activation_stream.h:52]   --->   Operation 60 'icmp' 'icmp_ln52_5' <Predicate = true> <Delay = 1.11> <CoreInst = "Cmp">   --->   Core 9 'Cmp' <Latency = 0> <II = 1> <Delay = 1.11> <FuncUnit> <Opcode : 'icmp'> <InPorts = 2> <OutPorts = 1>
ST_2 : Operation 61 [1/1] (0.00ns) (grouped into LUT with out node select_ln51_1)   --->   "%select_ln52_1 = select i1 %icmp_ln52_5, i10 1023, i10 %trunc_ln52_5" [firmware/nnet_utils/nnet_activation_stream.h:52]   --->   Operation 61 'select' 'select_ln52_1' <Predicate = true> <Delay = 0.00> <CoreInst = "Sel">   --->   Core 73 'Sel' <Latency = 0> <II = 1> <Delay = 0.30> <FuncUnit> <Opcode : 'select'> <InPorts = 3> <OutPorts = 1>
ST_2 : Operation 62 [1/1] (0.30ns) (out node of the LUT)   --->   "%select_ln51_1 = select i1 %icmp_ln51_5, i10 %select_ln52_1, i10 0" [firmware/nnet_utils/nnet_activation_stream.h:51]   --->   Operation 62 'select' 'select_ln51_1' <Predicate = true> <Delay = 0.30> <CoreInst = "Sel">   --->   Core 73 'Sel' <Latency = 0> <II = 1> <Delay = 0.30> <FuncUnit> <Opcode : 'select'> <InPorts = 3> <OutPorts = 1>
ST_2 : Operation 63 [1/1] (1.41ns)   --->   "%icmp_ln51_6 = icmp_sgt  i16 %trunc_ln44_6, i16 0" [firmware/nnet_utils/nnet_activation_stream.h:51]   --->   Operation 63 'icmp' 'icmp_ln51_6' <Predicate = true> <Delay = 1.41> <CoreInst = "Cmp">   --->   Core 9 'Cmp' <Latency = 0> <II = 1> <Delay = 1.41> <FuncUnit> <Opcode : 'icmp'> <InPorts = 2> <OutPorts = 1>
ST_2 : Operation 64 [1/1] (0.00ns) (grouped into LUT with out node select_ln51_2)   --->   "%trunc_ln52_6 = partselect i10 @_ssdm_op_PartSelect.i10.i128.i32.i32, i128 %layer2_out_read, i32 96, i32 105" [firmware/nnet_utils/nnet_activation_stream.h:52]   --->   Operation 64 'partselect' 'trunc_ln52_6' <Predicate = true> <Delay = 0.00>
ST_2 : Operation 65 [1/1] (0.00ns)   --->   "%tmp_7 = partselect i6 @_ssdm_op_PartSelect.i6.i128.i32.i32, i128 %layer2_out_read, i32 106, i32 111" [firmware/nnet_utils/nnet_activation_stream.h:52]   --->   Operation 65 'partselect' 'tmp_7' <Predicate = true> <Delay = 0.00>
ST_2 : Operation 66 [1/1] (1.11ns)   --->   "%icmp_ln52_6 = icmp_ne  i6 %tmp_7, i6 0" [firmware/nnet_utils/nnet_activation_stream.h:52]   --->   Operation 66 'icmp' 'icmp_ln52_6' <Predicate = true> <Delay = 1.11> <CoreInst = "Cmp">   --->   Core 9 'Cmp' <Latency = 0> <II = 1> <Delay = 1.11> <FuncUnit> <Opcode : 'icmp'> <InPorts = 2> <OutPorts = 1>
ST_2 : Operation 67 [1/1] (0.00ns) (grouped into LUT with out node select_ln51_2)   --->   "%select_ln52_2 = select i1 %icmp_ln52_6, i10 1023, i10 %trunc_ln52_6" [firmware/nnet_utils/nnet_activation_stream.h:52]   --->   Operation 67 'select' 'select_ln52_2' <Predicate = true> <Delay = 0.00> <CoreInst = "Sel">   --->   Core 73 'Sel' <Latency = 0> <II = 1> <Delay = 0.30> <FuncUnit> <Opcode : 'select'> <InPorts = 3> <OutPorts = 1>
ST_2 : Operation 68 [1/1] (0.30ns) (out node of the LUT)   --->   "%select_ln51_2 = select i1 %icmp_ln51_6, i10 %select_ln52_2, i10 0" [firmware/nnet_utils/nnet_activation_stream.h:51]   --->   Operation 68 'select' 'select_ln51_2' <Predicate = true> <Delay = 0.30> <CoreInst = "Sel">   --->   Core 73 'Sel' <Latency = 0> <II = 1> <Delay = 0.30> <FuncUnit> <Opcode : 'select'> <InPorts = 3> <OutPorts = 1>
ST_2 : Operation 69 [1/1] (1.41ns)   --->   "%icmp_ln51_7 = icmp_sgt  i16 %trunc_ln44_7, i16 0" [firmware/nnet_utils/nnet_activation_stream.h:51]   --->   Operation 69 'icmp' 'icmp_ln51_7' <Predicate = true> <Delay = 1.41> <CoreInst = "Cmp">   --->   Core 9 'Cmp' <Latency = 0> <II = 1> <Delay = 1.41> <FuncUnit> <Opcode : 'icmp'> <InPorts = 2> <OutPorts = 1>
ST_2 : Operation 70 [1/1] (0.00ns) (grouped into LUT with out node select_ln51_3)   --->   "%trunc_ln52_7 = partselect i10 @_ssdm_op_PartSelect.i10.i128.i32.i32, i128 %layer2_out_read, i32 112, i32 121" [firmware/nnet_utils/nnet_activation_stream.h:52]   --->   Operation 70 'partselect' 'trunc_ln52_7' <Predicate = true> <Delay = 0.00>
ST_2 : Operation 71 [1/1] (0.00ns)   --->   "%tmp_s = partselect i6 @_ssdm_op_PartSelect.i6.i128.i32.i32, i128 %layer2_out_read, i32 122, i32 127" [firmware/nnet_utils/nnet_activation_stream.h:52]   --->   Operation 71 'partselect' 'tmp_s' <Predicate = true> <Delay = 0.00>
ST_2 : Operation 72 [1/1] (1.11ns)   --->   "%icmp_ln52_7 = icmp_ne  i6 %tmp_s, i6 0" [firmware/nnet_utils/nnet_activation_stream.h:52]   --->   Operation 72 'icmp' 'icmp_ln52_7' <Predicate = true> <Delay = 1.11> <CoreInst = "Cmp">   --->   Core 9 'Cmp' <Latency = 0> <II = 1> <Delay = 1.11> <FuncUnit> <Opcode : 'icmp'> <InPorts = 2> <OutPorts = 1>
ST_2 : Operation 73 [1/1] (0.00ns) (grouped into LUT with out node select_ln51_3)   --->   "%select_ln52_3 = select i1 %icmp_ln52_7, i10 1023, i10 %trunc_ln52_7" [firmware/nnet_utils/nnet_activation_stream.h:52]   --->   Operation 73 'select' 'select_ln52_3' <Predicate = true> <Delay = 0.00> <CoreInst = "Sel">   --->   Core 73 'Sel' <Latency = 0> <II = 1> <Delay = 0.30> <FuncUnit> <Opcode : 'select'> <InPorts = 3> <OutPorts = 1>
ST_2 : Operation 74 [1/1] (0.30ns) (out node of the LUT)   --->   "%select_ln51_3 = select i1 %icmp_ln51_7, i10 %select_ln52_3, i10 0" [firmware/nnet_utils/nnet_activation_stream.h:51]   --->   Operation 74 'select' 'select_ln51_3' <Predicate = true> <Delay = 0.30> <CoreInst = "Sel">   --->   Core 73 'Sel' <Latency = 0> <II = 1> <Delay = 0.30> <FuncUnit> <Opcode : 'select'> <InPorts = 3> <OutPorts = 1>
ST_2 : Operation 75 [1/1] (0.00ns)   --->   "%or_ln57_s = bitconcatenate i80 @_ssdm_op_BitConcatenate.i80.i10.i10.i10.i10.i10.i10.i10.i10, i10 %select_ln51_3, i10 %select_ln51_2, i10 %select_ln51_1, i10 %select_ln51, i10 %out_data_7, i10 %out_data_5, i10 %out_data_3, i10 %out_data_1" [firmware/nnet_utils/nnet_activation_stream.h:57]   --->   Operation 75 'bitconcatenate' 'or_ln57_s' <Predicate = true> <Delay = 0.00>
ST_2 : Operation 76 [1/1] (2.16ns)   --->   "%write_ln57 = write void @_ssdm_op_Write.ap_fifo.volatile.i80P0A, i80 %layer4_out, i80 %or_ln57_s" [firmware/nnet_utils/nnet_activation_stream.h:57]   --->   Operation 76 'write' 'write_ln57' <Predicate = true> <Delay = 2.16> <CoreInst = "FIFO">   --->   Core 78 'FIFO' <Latency = 0> <II = 1> <Delay = 2.16> <Storage> <Opcode : 'read' 'write' 'nbread' 'nbwrite'> <Ports = 0> <Width = 80> <Depth = 104> <FIFO>
ST_2 : Operation 77 [1/1] (0.00ns)   --->   "%br_ln41 = br void %for.body4" [firmware/nnet_utils/nnet_activation_stream.h:41]   --->   Operation 77 'br' 'br_ln41' <Predicate = true> <Delay = 0.00>


============================================================
+ Verbose Summary: Timing violations
============================================================
Target clock period: 25.000ns, clock uncertainty: 6.750ns.

 <State 1>: 1.738ns
The critical path consists of the following:
	'alloca' operation ('i') [3]  (0.000 ns)
	'load' operation ('i', firmware/nnet_utils/nnet_activation_stream.h:41) on local variable 'i' [9]  (0.000 ns)
	'add' operation ('i', firmware/nnet_utils/nnet_activation_stream.h:41) [11]  (1.200 ns)
	'store' operation ('store_ln41', firmware/nnet_utils/nnet_activation_stream.h:41) of variable 'i', firmware/nnet_utils/nnet_activation_stream.h:41 on local variable 'i' [76]  (0.538 ns)

 <State 2>: 6.057ns
The critical path consists of the following:
	fifo read operation ('layer2_out_read', firmware/nnet_utils/nnet_activation_stream.h:44) on port 'layer2_out' (firmware/nnet_utils/nnet_activation_stream.h:44) [17]  (2.167 ns)
	'icmp' operation ('icmp_ln51_3', firmware/nnet_utils/nnet_activation_stream.h:51) [44]  (1.419 ns)
	'select' operation ('out_data', firmware/nnet_utils/nnet_activation_stream.h:51) [49]  (0.303 ns)
	fifo write operation ('write_ln57', firmware/nnet_utils/nnet_activation_stream.h:57) on port 'layer4_out' (firmware/nnet_utils/nnet_activation_stream.h:57) [75]  (2.167 ns)


============================================================
+ Verbose Summary: Binding
============================================================
N/A
* FSMD analyzer results:
  - Output states:
 - Input state : 
  - Chain level:
	State 1
	State 2


============================================================
+ Verbose Summary: Datapath Resource usage 
============================================================
N/A
