

================================================================
== Vitis HLS Report for 'concatenate1d_array_array_array_ap_fixed_16_6_5_3_0_43u_config12_s'
================================================================
* Date:           Thu Jul 11 13:31:02 2024

* Version:        2023.1 (Build 3854077 on May  4 2023)
* Project:        myproject_prj
* Solution:       solution1 (Vivado IP Flow Target)
* Product family: virtexuplus
* Target device:  xcvu13p-flga2577-2-e


================================================================
== Performance Estimates
================================================================
+ Timing: 
    * Summary: 
    +--------+---------+----------+------------+
    |  Clock |  Target | Estimated| Uncertainty|
    +--------+---------+----------+------------+
    |ap_clk  |  5.00 ns|  2.103 ns|     0.62 ns|
    +--------+---------+----------+------------+

+ Latency: 
    * Summary: 
    +---------+---------+-----------+-----------+-----+-----+---------+
    |  Latency (cycles) |   Latency (absolute)  |  Interval | Pipeline|
    |   min   |   max   |    min    |    max    | min | max |   Type  |
    +---------+---------+-----------+-----------+-----+-----+---------+
    |       13|       13|  65.000 ns|  65.000 ns|   13|   13|       no|
    +---------+---------+-----------+-----------+-----+-----+---------+

    + Detail: 
        * Instance: 
        N/A

        * Loop: 
        N/A

============================================================
+ Verbose Summary: Synthesis Manager
============================================================
InlineROM: 1
ExposeGlobal: 0
============================================================
+ Verbose Summary: CDFG Model
============================================================
IsTopModel: 0
ResetActiveHigh: 1
IsCombinational: 2
IsDatapathOnly: 0
HasWiredReturn: 1
HasMFsm: 0
HasVarLatency: 1
IsPipeline: 0
IsRtlPipelined: 0
IsInstanceOverlapped: 0
IsDontTouch: 0
HasImplIP: 0
IsGatedGlobalClock: 0


============================================================
+ Verbose Summary: Schedule
============================================================
* Number of FSM states : 6
* Pipeline : 0
* Dataflow Pipeline: 0

* FSM state transitions: 
1 --> 2 
2 --> 3 
3 --> 4 
4 --> 5 
5 --> 6 
6 --> 

* FSM state operations: 

State 1 <SV = 0> <Delay = 0.00>
ST_1 : Operation 7 [1/1] (0.00ns)   --->   "%out_data = alloca i64 1" [firmware/nnet_utils/nnet_merge_stream.h:344]   --->   Operation 7 'alloca' 'out_data' <Predicate = true> <Delay = 0.00> <CoreInst = "RAM">   --->   Core 83 'RAM' <Latency = 1> <II = 1> <Delay = 0.68> <Storage> <Opcode : 'load' 'store'> <Ports = 2> <Width = 16> <Depth = 7> <RAM>
ST_1 : Operation 8 [1/1] (0.00ns)   --->   "%out_data_1 = alloca i64 1" [firmware/nnet_utils/nnet_merge_stream.h:344]   --->   Operation 8 'alloca' 'out_data_1' <Predicate = true> <Delay = 0.00> <CoreInst = "RAM">   --->   Core 83 'RAM' <Latency = 1> <II = 1> <Delay = 0.68> <Storage> <Opcode : 'load' 'store'> <Ports = 2> <Width = 16> <Depth = 7> <RAM>
ST_1 : Operation 9 [1/1] (0.00ns)   --->   "%out_data_2 = alloca i64 1" [firmware/nnet_utils/nnet_merge_stream.h:344]   --->   Operation 9 'alloca' 'out_data_2' <Predicate = true> <Delay = 0.00> <CoreInst = "RAM">   --->   Core 83 'RAM' <Latency = 1> <II = 1> <Delay = 0.68> <Storage> <Opcode : 'load' 'store'> <Ports = 2> <Width = 16> <Depth = 7> <RAM>
ST_1 : Operation 10 [1/1] (0.00ns)   --->   "%out_data_3 = alloca i64 1" [firmware/nnet_utils/nnet_merge_stream.h:344]   --->   Operation 10 'alloca' 'out_data_3' <Predicate = true> <Delay = 0.00> <CoreInst = "RAM">   --->   Core 83 'RAM' <Latency = 1> <II = 1> <Delay = 0.68> <Storage> <Opcode : 'load' 'store'> <Ports = 2> <Width = 16> <Depth = 7> <RAM>
ST_1 : Operation 11 [1/1] (0.00ns)   --->   "%out_data_4 = alloca i64 1" [firmware/nnet_utils/nnet_merge_stream.h:344]   --->   Operation 11 'alloca' 'out_data_4' <Predicate = true> <Delay = 0.00> <CoreInst = "RAM">   --->   Core 83 'RAM' <Latency = 1> <II = 1> <Delay = 0.68> <Storage> <Opcode : 'load' 'store'> <Ports = 2> <Width = 16> <Depth = 7> <RAM>
ST_1 : Operation 12 [1/1] (0.00ns)   --->   "%out_data_5 = alloca i64 1" [firmware/nnet_utils/nnet_merge_stream.h:344]   --->   Operation 12 'alloca' 'out_data_5' <Predicate = true> <Delay = 0.00> <CoreInst = "RAM">   --->   Core 83 'RAM' <Latency = 1> <II = 1> <Delay = 0.68> <Storage> <Opcode : 'load' 'store'> <Ports = 2> <Width = 16> <Depth = 7> <RAM>
ST_1 : Operation 13 [1/1] (0.00ns)   --->   "%out_data_6 = alloca i64 1" [firmware/nnet_utils/nnet_merge_stream.h:344]   --->   Operation 13 'alloca' 'out_data_6' <Predicate = true> <Delay = 0.00> <CoreInst = "RAM">   --->   Core 83 'RAM' <Latency = 1> <II = 1> <Delay = 0.68> <Storage> <Opcode : 'load' 'store'> <Ports = 2> <Width = 16> <Depth = 7> <RAM>
ST_1 : Operation 14 [1/1] (0.00ns)   --->   "%empty = wait i32 @_ssdm_op_Wait"   --->   Operation 14 'wait' 'empty' <Predicate = true> <Delay = 0.00>
ST_1 : Operation 15 [2/2] (0.00ns)   --->   "%call_ln0 = call void @concatenate1d<array,array,array<ap_fixed,43u>,config12>_Pipeline_ConcatLoop1, i16 %out_data_6, i16 %out_data_5, i16 %out_data_4, i16 %out_data_3, i16 %out_data_2, i16 %out_data_1, i16 %out_data, i112 %layer9_out"   --->   Operation 15 'call' 'call_ln0' <Predicate = true> <Delay = 0.00> <CoreType = "Generic">   --->   Core 0 '' <Latency = 0> <II = 1> <Delay = 1.00> <Generic> <Opcode : >

State 2 <SV = 1> <Delay = 0.00>
ST_2 : Operation 16 [1/2] (0.00ns)   --->   "%call_ln0 = call void @concatenate1d<array,array,array<ap_fixed,43u>,config12>_Pipeline_ConcatLoop1, i16 %out_data_6, i16 %out_data_5, i16 %out_data_4, i16 %out_data_3, i16 %out_data_2, i16 %out_data_1, i16 %out_data, i112 %layer9_out"   --->   Operation 16 'call' 'call_ln0' <Predicate = true> <Delay = 0.00> <CoreType = "Generic">   --->   Core 0 '' <Latency = 0> <II = 1> <Delay = 1.00> <Generic> <Opcode : >

State 3 <SV = 2> <Delay = 0.68>
ST_3 : Operation 17 [1/1] (0.00ns)   --->   "%out_data_addr = getelementptr i16 %out_data, i64 0, i64 0"   --->   Operation 17 'getelementptr' 'out_data_addr' <Predicate = true> <Delay = 0.00>
ST_3 : Operation 18 [1/1] (0.00ns)   --->   "%out_data_1_addr = getelementptr i16 %out_data_1, i64 0, i64 0"   --->   Operation 18 'getelementptr' 'out_data_1_addr' <Predicate = true> <Delay = 0.00>
ST_3 : Operation 19 [1/1] (0.00ns)   --->   "%out_data_2_addr = getelementptr i16 %out_data_2, i64 0, i64 0"   --->   Operation 19 'getelementptr' 'out_data_2_addr' <Predicate = true> <Delay = 0.00>
ST_3 : Operation 20 [1/1] (0.00ns)   --->   "%out_data_3_addr = getelementptr i16 %out_data_3, i64 0, i64 0"   --->   Operation 20 'getelementptr' 'out_data_3_addr' <Predicate = true> <Delay = 0.00>
ST_3 : Operation 21 [1/1] (0.00ns)   --->   "%out_data_4_addr = getelementptr i16 %out_data_4, i64 0, i64 0"   --->   Operation 21 'getelementptr' 'out_data_4_addr' <Predicate = true> <Delay = 0.00>
ST_3 : Operation 22 [1/1] (0.00ns)   --->   "%out_data_5_addr = getelementptr i16 %out_data_5, i64 0, i64 0"   --->   Operation 22 'getelementptr' 'out_data_5_addr' <Predicate = true> <Delay = 0.00>
ST_3 : Operation 23 [1/1] (0.00ns)   --->   "%out_data_6_addr = getelementptr i16 %out_data_6, i64 0, i64 0"   --->   Operation 23 'getelementptr' 'out_data_6_addr' <Predicate = true> <Delay = 0.00>
ST_3 : Operation 24 [1/1] (0.00ns)   --->   "%empty_59 = wait i32 @_ssdm_op_Wait"   --->   Operation 24 'wait' 'empty_59' <Predicate = true> <Delay = 0.00>
ST_3 : Operation 25 [1/1] (0.00ns)   --->   "%out_data_addr_1 = getelementptr i16 %out_data, i64 0, i64 1" [firmware/nnet_utils/nnet_merge_stream.h:366]   --->   Operation 25 'getelementptr' 'out_data_addr_1' <Predicate = true> <Delay = 0.00>
ST_3 : Operation 26 [1/1] (0.00ns)   --->   "%out_data_1_addr_1 = getelementptr i16 %out_data_1, i64 0, i64 1" [firmware/nnet_utils/nnet_merge_stream.h:366]   --->   Operation 26 'getelementptr' 'out_data_1_addr_1' <Predicate = true> <Delay = 0.00>
ST_3 : Operation 27 [1/1] (0.00ns)   --->   "%out_data_2_addr_1 = getelementptr i16 %out_data_2, i64 0, i64 1" [firmware/nnet_utils/nnet_merge_stream.h:366]   --->   Operation 27 'getelementptr' 'out_data_2_addr_1' <Predicate = true> <Delay = 0.00>
ST_3 : Operation 28 [1/1] (0.00ns)   --->   "%out_data_3_addr_1 = getelementptr i16 %out_data_3, i64 0, i64 1" [firmware/nnet_utils/nnet_merge_stream.h:366]   --->   Operation 28 'getelementptr' 'out_data_3_addr_1' <Predicate = true> <Delay = 0.00>
ST_3 : Operation 29 [1/1] (0.00ns)   --->   "%out_data_4_addr_1 = getelementptr i16 %out_data_4, i64 0, i64 1" [firmware/nnet_utils/nnet_merge_stream.h:366]   --->   Operation 29 'getelementptr' 'out_data_4_addr_1' <Predicate = true> <Delay = 0.00>
ST_3 : Operation 30 [1/1] (0.00ns)   --->   "%out_data_5_addr_1 = getelementptr i16 %out_data_5, i64 0, i64 1" [firmware/nnet_utils/nnet_merge_stream.h:366]   --->   Operation 30 'getelementptr' 'out_data_5_addr_1' <Predicate = true> <Delay = 0.00>
ST_3 : Operation 31 [1/1] (0.00ns)   --->   "%out_data_6_addr_1 = getelementptr i16 %out_data_6, i64 0, i64 1" [firmware/nnet_utils/nnet_merge_stream.h:366]   --->   Operation 31 'getelementptr' 'out_data_6_addr_1' <Predicate = true> <Delay = 0.00>
ST_3 : Operation 32 [2/2] (0.68ns)   --->   "%out_data_load = load i3 %out_data_addr" [firmware/nnet_utils/nnet_merge_stream.h:366]   --->   Operation 32 'load' 'out_data_load' <Predicate = true> <Delay = 0.68> <CoreInst = "RAM">   --->   Core 83 'RAM' <Latency = 1> <II = 1> <Delay = 0.68> <Storage> <Opcode : 'load' 'store'> <Ports = 2> <Width = 16> <Depth = 7> <RAM>
ST_3 : Operation 33 [2/2] (0.68ns)   --->   "%out_data_1_load = load i3 %out_data_1_addr" [firmware/nnet_utils/nnet_merge_stream.h:366]   --->   Operation 33 'load' 'out_data_1_load' <Predicate = true> <Delay = 0.68> <CoreInst = "RAM">   --->   Core 83 'RAM' <Latency = 1> <II = 1> <Delay = 0.68> <Storage> <Opcode : 'load' 'store'> <Ports = 2> <Width = 16> <Depth = 7> <RAM>
ST_3 : Operation 34 [2/2] (0.68ns)   --->   "%out_data_2_load = load i3 %out_data_2_addr" [firmware/nnet_utils/nnet_merge_stream.h:366]   --->   Operation 34 'load' 'out_data_2_load' <Predicate = true> <Delay = 0.68> <CoreInst = "RAM">   --->   Core 83 'RAM' <Latency = 1> <II = 1> <Delay = 0.68> <Storage> <Opcode : 'load' 'store'> <Ports = 2> <Width = 16> <Depth = 7> <RAM>
ST_3 : Operation 35 [2/2] (0.68ns)   --->   "%out_data_3_load = load i3 %out_data_3_addr" [firmware/nnet_utils/nnet_merge_stream.h:366]   --->   Operation 35 'load' 'out_data_3_load' <Predicate = true> <Delay = 0.68> <CoreInst = "RAM">   --->   Core 83 'RAM' <Latency = 1> <II = 1> <Delay = 0.68> <Storage> <Opcode : 'load' 'store'> <Ports = 2> <Width = 16> <Depth = 7> <RAM>
ST_3 : Operation 36 [2/2] (0.68ns)   --->   "%out_data_4_load = load i3 %out_data_4_addr" [firmware/nnet_utils/nnet_merge_stream.h:366]   --->   Operation 36 'load' 'out_data_4_load' <Predicate = true> <Delay = 0.68> <CoreInst = "RAM">   --->   Core 83 'RAM' <Latency = 1> <II = 1> <Delay = 0.68> <Storage> <Opcode : 'load' 'store'> <Ports = 2> <Width = 16> <Depth = 7> <RAM>
ST_3 : Operation 37 [2/2] (0.68ns)   --->   "%out_data_5_load = load i3 %out_data_5_addr" [firmware/nnet_utils/nnet_merge_stream.h:366]   --->   Operation 37 'load' 'out_data_5_load' <Predicate = true> <Delay = 0.68> <CoreInst = "RAM">   --->   Core 83 'RAM' <Latency = 1> <II = 1> <Delay = 0.68> <Storage> <Opcode : 'load' 'store'> <Ports = 2> <Width = 16> <Depth = 7> <RAM>
ST_3 : Operation 38 [2/2] (0.68ns)   --->   "%out_data_6_load = load i3 %out_data_6_addr" [firmware/nnet_utils/nnet_merge_stream.h:366]   --->   Operation 38 'load' 'out_data_6_load' <Predicate = true> <Delay = 0.68> <CoreInst = "RAM">   --->   Core 83 'RAM' <Latency = 1> <II = 1> <Delay = 0.68> <Storage> <Opcode : 'load' 'store'> <Ports = 2> <Width = 16> <Depth = 7> <RAM>
ST_3 : Operation 39 [2/2] (0.68ns)   --->   "%out_data_load_1 = load i3 %out_data_addr_1" [firmware/nnet_utils/nnet_merge_stream.h:366]   --->   Operation 39 'load' 'out_data_load_1' <Predicate = true> <Delay = 0.68> <CoreInst = "RAM">   --->   Core 83 'RAM' <Latency = 1> <II = 1> <Delay = 0.68> <Storage> <Opcode : 'load' 'store'> <Ports = 2> <Width = 16> <Depth = 7> <RAM>
ST_3 : Operation 40 [2/2] (0.68ns)   --->   "%out_data_1_load_1 = load i3 %out_data_1_addr_1" [firmware/nnet_utils/nnet_merge_stream.h:366]   --->   Operation 40 'load' 'out_data_1_load_1' <Predicate = true> <Delay = 0.68> <CoreInst = "RAM">   --->   Core 83 'RAM' <Latency = 1> <II = 1> <Delay = 0.68> <Storage> <Opcode : 'load' 'store'> <Ports = 2> <Width = 16> <Depth = 7> <RAM>
ST_3 : Operation 41 [2/2] (0.68ns)   --->   "%out_data_2_load_1 = load i3 %out_data_2_addr_1" [firmware/nnet_utils/nnet_merge_stream.h:366]   --->   Operation 41 'load' 'out_data_2_load_1' <Predicate = true> <Delay = 0.68> <CoreInst = "RAM">   --->   Core 83 'RAM' <Latency = 1> <II = 1> <Delay = 0.68> <Storage> <Opcode : 'load' 'store'> <Ports = 2> <Width = 16> <Depth = 7> <RAM>
ST_3 : Operation 42 [2/2] (0.68ns)   --->   "%out_data_3_load_1 = load i3 %out_data_3_addr_1" [firmware/nnet_utils/nnet_merge_stream.h:366]   --->   Operation 42 'load' 'out_data_3_load_1' <Predicate = true> <Delay = 0.68> <CoreInst = "RAM">   --->   Core 83 'RAM' <Latency = 1> <II = 1> <Delay = 0.68> <Storage> <Opcode : 'load' 'store'> <Ports = 2> <Width = 16> <Depth = 7> <RAM>
ST_3 : Operation 43 [2/2] (0.68ns)   --->   "%out_data_4_load_1 = load i3 %out_data_4_addr_1" [firmware/nnet_utils/nnet_merge_stream.h:366]   --->   Operation 43 'load' 'out_data_4_load_1' <Predicate = true> <Delay = 0.68> <CoreInst = "RAM">   --->   Core 83 'RAM' <Latency = 1> <II = 1> <Delay = 0.68> <Storage> <Opcode : 'load' 'store'> <Ports = 2> <Width = 16> <Depth = 7> <RAM>
ST_3 : Operation 44 [2/2] (0.68ns)   --->   "%out_data_5_load_1 = load i3 %out_data_5_addr_1" [firmware/nnet_utils/nnet_merge_stream.h:366]   --->   Operation 44 'load' 'out_data_5_load_1' <Predicate = true> <Delay = 0.68> <CoreInst = "RAM">   --->   Core 83 'RAM' <Latency = 1> <II = 1> <Delay = 0.68> <Storage> <Opcode : 'load' 'store'> <Ports = 2> <Width = 16> <Depth = 7> <RAM>
ST_3 : Operation 45 [2/2] (0.68ns)   --->   "%out_data_6_load_1 = load i3 %out_data_6_addr_1" [firmware/nnet_utils/nnet_merge_stream.h:366]   --->   Operation 45 'load' 'out_data_6_load_1' <Predicate = true> <Delay = 0.68> <CoreInst = "RAM">   --->   Core 83 'RAM' <Latency = 1> <II = 1> <Delay = 0.68> <Storage> <Opcode : 'load' 'store'> <Ports = 2> <Width = 16> <Depth = 7> <RAM>

State 4 <SV = 3> <Delay = 0.68>
ST_4 : Operation 46 [1/1] (0.00ns)   --->   "%out_data_addr_2 = getelementptr i16 %out_data, i64 0, i64 2" [firmware/nnet_utils/nnet_merge_stream.h:366]   --->   Operation 46 'getelementptr' 'out_data_addr_2' <Predicate = true> <Delay = 0.00>
ST_4 : Operation 47 [1/1] (0.00ns)   --->   "%out_data_1_addr_2 = getelementptr i16 %out_data_1, i64 0, i64 2" [firmware/nnet_utils/nnet_merge_stream.h:366]   --->   Operation 47 'getelementptr' 'out_data_1_addr_2' <Predicate = true> <Delay = 0.00>
ST_4 : Operation 48 [1/1] (0.00ns)   --->   "%out_data_2_addr_2 = getelementptr i16 %out_data_2, i64 0, i64 2" [firmware/nnet_utils/nnet_merge_stream.h:366]   --->   Operation 48 'getelementptr' 'out_data_2_addr_2' <Predicate = true> <Delay = 0.00>
ST_4 : Operation 49 [1/1] (0.00ns)   --->   "%out_data_3_addr_2 = getelementptr i16 %out_data_3, i64 0, i64 2" [firmware/nnet_utils/nnet_merge_stream.h:366]   --->   Operation 49 'getelementptr' 'out_data_3_addr_2' <Predicate = true> <Delay = 0.00>
ST_4 : Operation 50 [1/1] (0.00ns)   --->   "%out_data_4_addr_2 = getelementptr i16 %out_data_4, i64 0, i64 2" [firmware/nnet_utils/nnet_merge_stream.h:366]   --->   Operation 50 'getelementptr' 'out_data_4_addr_2' <Predicate = true> <Delay = 0.00>
ST_4 : Operation 51 [1/1] (0.00ns)   --->   "%out_data_5_addr_2 = getelementptr i16 %out_data_5, i64 0, i64 2" [firmware/nnet_utils/nnet_merge_stream.h:366]   --->   Operation 51 'getelementptr' 'out_data_5_addr_2' <Predicate = true> <Delay = 0.00>
ST_4 : Operation 52 [1/1] (0.00ns)   --->   "%out_data_6_addr_2 = getelementptr i16 %out_data_6, i64 0, i64 2" [firmware/nnet_utils/nnet_merge_stream.h:366]   --->   Operation 52 'getelementptr' 'out_data_6_addr_2' <Predicate = true> <Delay = 0.00>
ST_4 : Operation 53 [1/1] (0.00ns)   --->   "%out_data_addr_3 = getelementptr i16 %out_data, i64 0, i64 3" [firmware/nnet_utils/nnet_merge_stream.h:366]   --->   Operation 53 'getelementptr' 'out_data_addr_3' <Predicate = true> <Delay = 0.00>
ST_4 : Operation 54 [1/1] (0.00ns)   --->   "%out_data_1_addr_3 = getelementptr i16 %out_data_1, i64 0, i64 3" [firmware/nnet_utils/nnet_merge_stream.h:366]   --->   Operation 54 'getelementptr' 'out_data_1_addr_3' <Predicate = true> <Delay = 0.00>
ST_4 : Operation 55 [1/1] (0.00ns)   --->   "%out_data_2_addr_3 = getelementptr i16 %out_data_2, i64 0, i64 3" [firmware/nnet_utils/nnet_merge_stream.h:366]   --->   Operation 55 'getelementptr' 'out_data_2_addr_3' <Predicate = true> <Delay = 0.00>
ST_4 : Operation 56 [1/1] (0.00ns)   --->   "%out_data_3_addr_3 = getelementptr i16 %out_data_3, i64 0, i64 3" [firmware/nnet_utils/nnet_merge_stream.h:366]   --->   Operation 56 'getelementptr' 'out_data_3_addr_3' <Predicate = true> <Delay = 0.00>
ST_4 : Operation 57 [1/1] (0.00ns)   --->   "%out_data_4_addr_3 = getelementptr i16 %out_data_4, i64 0, i64 3" [firmware/nnet_utils/nnet_merge_stream.h:366]   --->   Operation 57 'getelementptr' 'out_data_4_addr_3' <Predicate = true> <Delay = 0.00>
ST_4 : Operation 58 [1/1] (0.00ns)   --->   "%out_data_5_addr_3 = getelementptr i16 %out_data_5, i64 0, i64 3" [firmware/nnet_utils/nnet_merge_stream.h:366]   --->   Operation 58 'getelementptr' 'out_data_5_addr_3' <Predicate = true> <Delay = 0.00>
ST_4 : Operation 59 [1/1] (0.00ns)   --->   "%out_data_6_addr_3 = getelementptr i16 %out_data_6, i64 0, i64 3" [firmware/nnet_utils/nnet_merge_stream.h:366]   --->   Operation 59 'getelementptr' 'out_data_6_addr_3' <Predicate = true> <Delay = 0.00>
ST_4 : Operation 60 [1/2] (0.68ns)   --->   "%out_data_load = load i3 %out_data_addr" [firmware/nnet_utils/nnet_merge_stream.h:366]   --->   Operation 60 'load' 'out_data_load' <Predicate = true> <Delay = 0.68> <CoreInst = "RAM">   --->   Core 83 'RAM' <Latency = 1> <II = 1> <Delay = 0.68> <Storage> <Opcode : 'load' 'store'> <Ports = 2> <Width = 16> <Depth = 7> <RAM>
ST_4 : Operation 61 [1/2] (0.68ns)   --->   "%out_data_1_load = load i3 %out_data_1_addr" [firmware/nnet_utils/nnet_merge_stream.h:366]   --->   Operation 61 'load' 'out_data_1_load' <Predicate = true> <Delay = 0.68> <CoreInst = "RAM">   --->   Core 83 'RAM' <Latency = 1> <II = 1> <Delay = 0.68> <Storage> <Opcode : 'load' 'store'> <Ports = 2> <Width = 16> <Depth = 7> <RAM>
ST_4 : Operation 62 [1/2] (0.68ns)   --->   "%out_data_2_load = load i3 %out_data_2_addr" [firmware/nnet_utils/nnet_merge_stream.h:366]   --->   Operation 62 'load' 'out_data_2_load' <Predicate = true> <Delay = 0.68> <CoreInst = "RAM">   --->   Core 83 'RAM' <Latency = 1> <II = 1> <Delay = 0.68> <Storage> <Opcode : 'load' 'store'> <Ports = 2> <Width = 16> <Depth = 7> <RAM>
ST_4 : Operation 63 [1/2] (0.68ns)   --->   "%out_data_3_load = load i3 %out_data_3_addr" [firmware/nnet_utils/nnet_merge_stream.h:366]   --->   Operation 63 'load' 'out_data_3_load' <Predicate = true> <Delay = 0.68> <CoreInst = "RAM">   --->   Core 83 'RAM' <Latency = 1> <II = 1> <Delay = 0.68> <Storage> <Opcode : 'load' 'store'> <Ports = 2> <Width = 16> <Depth = 7> <RAM>
ST_4 : Operation 64 [1/2] (0.68ns)   --->   "%out_data_4_load = load i3 %out_data_4_addr" [firmware/nnet_utils/nnet_merge_stream.h:366]   --->   Operation 64 'load' 'out_data_4_load' <Predicate = true> <Delay = 0.68> <CoreInst = "RAM">   --->   Core 83 'RAM' <Latency = 1> <II = 1> <Delay = 0.68> <Storage> <Opcode : 'load' 'store'> <Ports = 2> <Width = 16> <Depth = 7> <RAM>
ST_4 : Operation 65 [1/2] (0.68ns)   --->   "%out_data_5_load = load i3 %out_data_5_addr" [firmware/nnet_utils/nnet_merge_stream.h:366]   --->   Operation 65 'load' 'out_data_5_load' <Predicate = true> <Delay = 0.68> <CoreInst = "RAM">   --->   Core 83 'RAM' <Latency = 1> <II = 1> <Delay = 0.68> <Storage> <Opcode : 'load' 'store'> <Ports = 2> <Width = 16> <Depth = 7> <RAM>
ST_4 : Operation 66 [1/2] (0.68ns)   --->   "%out_data_6_load = load i3 %out_data_6_addr" [firmware/nnet_utils/nnet_merge_stream.h:366]   --->   Operation 66 'load' 'out_data_6_load' <Predicate = true> <Delay = 0.68> <CoreInst = "RAM">   --->   Core 83 'RAM' <Latency = 1> <II = 1> <Delay = 0.68> <Storage> <Opcode : 'load' 'store'> <Ports = 2> <Width = 16> <Depth = 7> <RAM>
ST_4 : Operation 67 [1/2] (0.68ns)   --->   "%out_data_load_1 = load i3 %out_data_addr_1" [firmware/nnet_utils/nnet_merge_stream.h:366]   --->   Operation 67 'load' 'out_data_load_1' <Predicate = true> <Delay = 0.68> <CoreInst = "RAM">   --->   Core 83 'RAM' <Latency = 1> <II = 1> <Delay = 0.68> <Storage> <Opcode : 'load' 'store'> <Ports = 2> <Width = 16> <Depth = 7> <RAM>
ST_4 : Operation 68 [1/2] (0.68ns)   --->   "%out_data_1_load_1 = load i3 %out_data_1_addr_1" [firmware/nnet_utils/nnet_merge_stream.h:366]   --->   Operation 68 'load' 'out_data_1_load_1' <Predicate = true> <Delay = 0.68> <CoreInst = "RAM">   --->   Core 83 'RAM' <Latency = 1> <II = 1> <Delay = 0.68> <Storage> <Opcode : 'load' 'store'> <Ports = 2> <Width = 16> <Depth = 7> <RAM>
ST_4 : Operation 69 [1/2] (0.68ns)   --->   "%out_data_2_load_1 = load i3 %out_data_2_addr_1" [firmware/nnet_utils/nnet_merge_stream.h:366]   --->   Operation 69 'load' 'out_data_2_load_1' <Predicate = true> <Delay = 0.68> <CoreInst = "RAM">   --->   Core 83 'RAM' <Latency = 1> <II = 1> <Delay = 0.68> <Storage> <Opcode : 'load' 'store'> <Ports = 2> <Width = 16> <Depth = 7> <RAM>
ST_4 : Operation 70 [1/2] (0.68ns)   --->   "%out_data_3_load_1 = load i3 %out_data_3_addr_1" [firmware/nnet_utils/nnet_merge_stream.h:366]   --->   Operation 70 'load' 'out_data_3_load_1' <Predicate = true> <Delay = 0.68> <CoreInst = "RAM">   --->   Core 83 'RAM' <Latency = 1> <II = 1> <Delay = 0.68> <Storage> <Opcode : 'load' 'store'> <Ports = 2> <Width = 16> <Depth = 7> <RAM>
ST_4 : Operation 71 [1/2] (0.68ns)   --->   "%out_data_4_load_1 = load i3 %out_data_4_addr_1" [firmware/nnet_utils/nnet_merge_stream.h:366]   --->   Operation 71 'load' 'out_data_4_load_1' <Predicate = true> <Delay = 0.68> <CoreInst = "RAM">   --->   Core 83 'RAM' <Latency = 1> <II = 1> <Delay = 0.68> <Storage> <Opcode : 'load' 'store'> <Ports = 2> <Width = 16> <Depth = 7> <RAM>
ST_4 : Operation 72 [1/2] (0.68ns)   --->   "%out_data_5_load_1 = load i3 %out_data_5_addr_1" [firmware/nnet_utils/nnet_merge_stream.h:366]   --->   Operation 72 'load' 'out_data_5_load_1' <Predicate = true> <Delay = 0.68> <CoreInst = "RAM">   --->   Core 83 'RAM' <Latency = 1> <II = 1> <Delay = 0.68> <Storage> <Opcode : 'load' 'store'> <Ports = 2> <Width = 16> <Depth = 7> <RAM>
ST_4 : Operation 73 [1/2] (0.68ns)   --->   "%out_data_6_load_1 = load i3 %out_data_6_addr_1" [firmware/nnet_utils/nnet_merge_stream.h:366]   --->   Operation 73 'load' 'out_data_6_load_1' <Predicate = true> <Delay = 0.68> <CoreInst = "RAM">   --->   Core 83 'RAM' <Latency = 1> <II = 1> <Delay = 0.68> <Storage> <Opcode : 'load' 'store'> <Ports = 2> <Width = 16> <Depth = 7> <RAM>
ST_4 : Operation 74 [2/2] (0.68ns)   --->   "%out_data_load_2 = load i3 %out_data_addr_2" [firmware/nnet_utils/nnet_merge_stream.h:366]   --->   Operation 74 'load' 'out_data_load_2' <Predicate = true> <Delay = 0.68> <CoreInst = "RAM">   --->   Core 83 'RAM' <Latency = 1> <II = 1> <Delay = 0.68> <Storage> <Opcode : 'load' 'store'> <Ports = 2> <Width = 16> <Depth = 7> <RAM>
ST_4 : Operation 75 [2/2] (0.68ns)   --->   "%out_data_1_load_2 = load i3 %out_data_1_addr_2" [firmware/nnet_utils/nnet_merge_stream.h:366]   --->   Operation 75 'load' 'out_data_1_load_2' <Predicate = true> <Delay = 0.68> <CoreInst = "RAM">   --->   Core 83 'RAM' <Latency = 1> <II = 1> <Delay = 0.68> <Storage> <Opcode : 'load' 'store'> <Ports = 2> <Width = 16> <Depth = 7> <RAM>
ST_4 : Operation 76 [2/2] (0.68ns)   --->   "%out_data_2_load_2 = load i3 %out_data_2_addr_2" [firmware/nnet_utils/nnet_merge_stream.h:366]   --->   Operation 76 'load' 'out_data_2_load_2' <Predicate = true> <Delay = 0.68> <CoreInst = "RAM">   --->   Core 83 'RAM' <Latency = 1> <II = 1> <Delay = 0.68> <Storage> <Opcode : 'load' 'store'> <Ports = 2> <Width = 16> <Depth = 7> <RAM>
ST_4 : Operation 77 [2/2] (0.68ns)   --->   "%out_data_3_load_2 = load i3 %out_data_3_addr_2" [firmware/nnet_utils/nnet_merge_stream.h:366]   --->   Operation 77 'load' 'out_data_3_load_2' <Predicate = true> <Delay = 0.68> <CoreInst = "RAM">   --->   Core 83 'RAM' <Latency = 1> <II = 1> <Delay = 0.68> <Storage> <Opcode : 'load' 'store'> <Ports = 2> <Width = 16> <Depth = 7> <RAM>
ST_4 : Operation 78 [2/2] (0.68ns)   --->   "%out_data_4_load_2 = load i3 %out_data_4_addr_2" [firmware/nnet_utils/nnet_merge_stream.h:366]   --->   Operation 78 'load' 'out_data_4_load_2' <Predicate = true> <Delay = 0.68> <CoreInst = "RAM">   --->   Core 83 'RAM' <Latency = 1> <II = 1> <Delay = 0.68> <Storage> <Opcode : 'load' 'store'> <Ports = 2> <Width = 16> <Depth = 7> <RAM>
ST_4 : Operation 79 [2/2] (0.68ns)   --->   "%out_data_5_load_2 = load i3 %out_data_5_addr_2" [firmware/nnet_utils/nnet_merge_stream.h:366]   --->   Operation 79 'load' 'out_data_5_load_2' <Predicate = true> <Delay = 0.68> <CoreInst = "RAM">   --->   Core 83 'RAM' <Latency = 1> <II = 1> <Delay = 0.68> <Storage> <Opcode : 'load' 'store'> <Ports = 2> <Width = 16> <Depth = 7> <RAM>
ST_4 : Operation 80 [2/2] (0.68ns)   --->   "%out_data_6_load_2 = load i3 %out_data_6_addr_2" [firmware/nnet_utils/nnet_merge_stream.h:366]   --->   Operation 80 'load' 'out_data_6_load_2' <Predicate = true> <Delay = 0.68> <CoreInst = "RAM">   --->   Core 83 'RAM' <Latency = 1> <II = 1> <Delay = 0.68> <Storage> <Opcode : 'load' 'store'> <Ports = 2> <Width = 16> <Depth = 7> <RAM>
ST_4 : Operation 81 [2/2] (0.68ns)   --->   "%out_data_load_3 = load i3 %out_data_addr_3" [firmware/nnet_utils/nnet_merge_stream.h:366]   --->   Operation 81 'load' 'out_data_load_3' <Predicate = true> <Delay = 0.68> <CoreInst = "RAM">   --->   Core 83 'RAM' <Latency = 1> <II = 1> <Delay = 0.68> <Storage> <Opcode : 'load' 'store'> <Ports = 2> <Width = 16> <Depth = 7> <RAM>
ST_4 : Operation 82 [2/2] (0.68ns)   --->   "%out_data_1_load_3 = load i3 %out_data_1_addr_3" [firmware/nnet_utils/nnet_merge_stream.h:366]   --->   Operation 82 'load' 'out_data_1_load_3' <Predicate = true> <Delay = 0.68> <CoreInst = "RAM">   --->   Core 83 'RAM' <Latency = 1> <II = 1> <Delay = 0.68> <Storage> <Opcode : 'load' 'store'> <Ports = 2> <Width = 16> <Depth = 7> <RAM>
ST_4 : Operation 83 [2/2] (0.68ns)   --->   "%out_data_2_load_3 = load i3 %out_data_2_addr_3" [firmware/nnet_utils/nnet_merge_stream.h:366]   --->   Operation 83 'load' 'out_data_2_load_3' <Predicate = true> <Delay = 0.68> <CoreInst = "RAM">   --->   Core 83 'RAM' <Latency = 1> <II = 1> <Delay = 0.68> <Storage> <Opcode : 'load' 'store'> <Ports = 2> <Width = 16> <Depth = 7> <RAM>
ST_4 : Operation 84 [2/2] (0.68ns)   --->   "%out_data_3_load_3 = load i3 %out_data_3_addr_3" [firmware/nnet_utils/nnet_merge_stream.h:366]   --->   Operation 84 'load' 'out_data_3_load_3' <Predicate = true> <Delay = 0.68> <CoreInst = "RAM">   --->   Core 83 'RAM' <Latency = 1> <II = 1> <Delay = 0.68> <Storage> <Opcode : 'load' 'store'> <Ports = 2> <Width = 16> <Depth = 7> <RAM>
ST_4 : Operation 85 [2/2] (0.68ns)   --->   "%out_data_4_load_3 = load i3 %out_data_4_addr_3" [firmware/nnet_utils/nnet_merge_stream.h:366]   --->   Operation 85 'load' 'out_data_4_load_3' <Predicate = true> <Delay = 0.68> <CoreInst = "RAM">   --->   Core 83 'RAM' <Latency = 1> <II = 1> <Delay = 0.68> <Storage> <Opcode : 'load' 'store'> <Ports = 2> <Width = 16> <Depth = 7> <RAM>
ST_4 : Operation 86 [2/2] (0.68ns)   --->   "%out_data_5_load_3 = load i3 %out_data_5_addr_3" [firmware/nnet_utils/nnet_merge_stream.h:366]   --->   Operation 86 'load' 'out_data_5_load_3' <Predicate = true> <Delay = 0.68> <CoreInst = "RAM">   --->   Core 83 'RAM' <Latency = 1> <II = 1> <Delay = 0.68> <Storage> <Opcode : 'load' 'store'> <Ports = 2> <Width = 16> <Depth = 7> <RAM>
ST_4 : Operation 87 [2/2] (0.68ns)   --->   "%out_data_6_load_3 = load i3 %out_data_6_addr_3" [firmware/nnet_utils/nnet_merge_stream.h:366]   --->   Operation 87 'load' 'out_data_6_load_3' <Predicate = true> <Delay = 0.68> <CoreInst = "RAM">   --->   Core 83 'RAM' <Latency = 1> <II = 1> <Delay = 0.68> <Storage> <Opcode : 'load' 'store'> <Ports = 2> <Width = 16> <Depth = 7> <RAM>

State 5 <SV = 4> <Delay = 0.68>
ST_5 : Operation 88 [1/1] (0.00ns)   --->   "%out_data_addr_4 = getelementptr i16 %out_data, i64 0, i64 4" [firmware/nnet_utils/nnet_merge_stream.h:366]   --->   Operation 88 'getelementptr' 'out_data_addr_4' <Predicate = true> <Delay = 0.00>
ST_5 : Operation 89 [1/1] (0.00ns)   --->   "%out_data_1_addr_4 = getelementptr i16 %out_data_1, i64 0, i64 4" [firmware/nnet_utils/nnet_merge_stream.h:366]   --->   Operation 89 'getelementptr' 'out_data_1_addr_4' <Predicate = true> <Delay = 0.00>
ST_5 : Operation 90 [1/1] (0.00ns)   --->   "%out_data_2_addr_4 = getelementptr i16 %out_data_2, i64 0, i64 4" [firmware/nnet_utils/nnet_merge_stream.h:366]   --->   Operation 90 'getelementptr' 'out_data_2_addr_4' <Predicate = true> <Delay = 0.00>
ST_5 : Operation 91 [1/1] (0.00ns)   --->   "%out_data_3_addr_4 = getelementptr i16 %out_data_3, i64 0, i64 4" [firmware/nnet_utils/nnet_merge_stream.h:366]   --->   Operation 91 'getelementptr' 'out_data_3_addr_4' <Predicate = true> <Delay = 0.00>
ST_5 : Operation 92 [1/1] (0.00ns)   --->   "%out_data_4_addr_4 = getelementptr i16 %out_data_4, i64 0, i64 4" [firmware/nnet_utils/nnet_merge_stream.h:366]   --->   Operation 92 'getelementptr' 'out_data_4_addr_4' <Predicate = true> <Delay = 0.00>
ST_5 : Operation 93 [1/1] (0.00ns)   --->   "%out_data_5_addr_4 = getelementptr i16 %out_data_5, i64 0, i64 4" [firmware/nnet_utils/nnet_merge_stream.h:366]   --->   Operation 93 'getelementptr' 'out_data_5_addr_4' <Predicate = true> <Delay = 0.00>
ST_5 : Operation 94 [1/1] (0.00ns)   --->   "%out_data_6_addr_4 = getelementptr i16 %out_data_6, i64 0, i64 4" [firmware/nnet_utils/nnet_merge_stream.h:366]   --->   Operation 94 'getelementptr' 'out_data_6_addr_4' <Predicate = true> <Delay = 0.00>
ST_5 : Operation 95 [1/1] (0.00ns)   --->   "%out_data_addr_5 = getelementptr i16 %out_data, i64 0, i64 5" [firmware/nnet_utils/nnet_merge_stream.h:366]   --->   Operation 95 'getelementptr' 'out_data_addr_5' <Predicate = true> <Delay = 0.00>
ST_5 : Operation 96 [1/1] (0.00ns)   --->   "%out_data_1_addr_5 = getelementptr i16 %out_data_1, i64 0, i64 5" [firmware/nnet_utils/nnet_merge_stream.h:366]   --->   Operation 96 'getelementptr' 'out_data_1_addr_5' <Predicate = true> <Delay = 0.00>
ST_5 : Operation 97 [1/1] (0.00ns)   --->   "%out_data_2_addr_5 = getelementptr i16 %out_data_2, i64 0, i64 5" [firmware/nnet_utils/nnet_merge_stream.h:366]   --->   Operation 97 'getelementptr' 'out_data_2_addr_5' <Predicate = true> <Delay = 0.00>
ST_5 : Operation 98 [1/1] (0.00ns)   --->   "%out_data_3_addr_5 = getelementptr i16 %out_data_3, i64 0, i64 5" [firmware/nnet_utils/nnet_merge_stream.h:366]   --->   Operation 98 'getelementptr' 'out_data_3_addr_5' <Predicate = true> <Delay = 0.00>
ST_5 : Operation 99 [1/1] (0.00ns)   --->   "%out_data_4_addr_5 = getelementptr i16 %out_data_4, i64 0, i64 5" [firmware/nnet_utils/nnet_merge_stream.h:366]   --->   Operation 99 'getelementptr' 'out_data_4_addr_5' <Predicate = true> <Delay = 0.00>
ST_5 : Operation 100 [1/1] (0.00ns)   --->   "%out_data_5_addr_5 = getelementptr i16 %out_data_5, i64 0, i64 5" [firmware/nnet_utils/nnet_merge_stream.h:366]   --->   Operation 100 'getelementptr' 'out_data_5_addr_5' <Predicate = true> <Delay = 0.00>
ST_5 : Operation 101 [1/1] (0.00ns)   --->   "%out_data_6_addr_5 = getelementptr i16 %out_data_6, i64 0, i64 5" [firmware/nnet_utils/nnet_merge_stream.h:366]   --->   Operation 101 'getelementptr' 'out_data_6_addr_5' <Predicate = true> <Delay = 0.00>
ST_5 : Operation 102 [1/2] (0.68ns)   --->   "%out_data_load_2 = load i3 %out_data_addr_2" [firmware/nnet_utils/nnet_merge_stream.h:366]   --->   Operation 102 'load' 'out_data_load_2' <Predicate = true> <Delay = 0.68> <CoreInst = "RAM">   --->   Core 83 'RAM' <Latency = 1> <II = 1> <Delay = 0.68> <Storage> <Opcode : 'load' 'store'> <Ports = 2> <Width = 16> <Depth = 7> <RAM>
ST_5 : Operation 103 [1/2] (0.68ns)   --->   "%out_data_1_load_2 = load i3 %out_data_1_addr_2" [firmware/nnet_utils/nnet_merge_stream.h:366]   --->   Operation 103 'load' 'out_data_1_load_2' <Predicate = true> <Delay = 0.68> <CoreInst = "RAM">   --->   Core 83 'RAM' <Latency = 1> <II = 1> <Delay = 0.68> <Storage> <Opcode : 'load' 'store'> <Ports = 2> <Width = 16> <Depth = 7> <RAM>
ST_5 : Operation 104 [1/2] (0.68ns)   --->   "%out_data_2_load_2 = load i3 %out_data_2_addr_2" [firmware/nnet_utils/nnet_merge_stream.h:366]   --->   Operation 104 'load' 'out_data_2_load_2' <Predicate = true> <Delay = 0.68> <CoreInst = "RAM">   --->   Core 83 'RAM' <Latency = 1> <II = 1> <Delay = 0.68> <Storage> <Opcode : 'load' 'store'> <Ports = 2> <Width = 16> <Depth = 7> <RAM>
ST_5 : Operation 105 [1/2] (0.68ns)   --->   "%out_data_3_load_2 = load i3 %out_data_3_addr_2" [firmware/nnet_utils/nnet_merge_stream.h:366]   --->   Operation 105 'load' 'out_data_3_load_2' <Predicate = true> <Delay = 0.68> <CoreInst = "RAM">   --->   Core 83 'RAM' <Latency = 1> <II = 1> <Delay = 0.68> <Storage> <Opcode : 'load' 'store'> <Ports = 2> <Width = 16> <Depth = 7> <RAM>
ST_5 : Operation 106 [1/2] (0.68ns)   --->   "%out_data_4_load_2 = load i3 %out_data_4_addr_2" [firmware/nnet_utils/nnet_merge_stream.h:366]   --->   Operation 106 'load' 'out_data_4_load_2' <Predicate = true> <Delay = 0.68> <CoreInst = "RAM">   --->   Core 83 'RAM' <Latency = 1> <II = 1> <Delay = 0.68> <Storage> <Opcode : 'load' 'store'> <Ports = 2> <Width = 16> <Depth = 7> <RAM>
ST_5 : Operation 107 [1/2] (0.68ns)   --->   "%out_data_5_load_2 = load i3 %out_data_5_addr_2" [firmware/nnet_utils/nnet_merge_stream.h:366]   --->   Operation 107 'load' 'out_data_5_load_2' <Predicate = true> <Delay = 0.68> <CoreInst = "RAM">   --->   Core 83 'RAM' <Latency = 1> <II = 1> <Delay = 0.68> <Storage> <Opcode : 'load' 'store'> <Ports = 2> <Width = 16> <Depth = 7> <RAM>
ST_5 : Operation 108 [1/2] (0.68ns)   --->   "%out_data_6_load_2 = load i3 %out_data_6_addr_2" [firmware/nnet_utils/nnet_merge_stream.h:366]   --->   Operation 108 'load' 'out_data_6_load_2' <Predicate = true> <Delay = 0.68> <CoreInst = "RAM">   --->   Core 83 'RAM' <Latency = 1> <II = 1> <Delay = 0.68> <Storage> <Opcode : 'load' 'store'> <Ports = 2> <Width = 16> <Depth = 7> <RAM>
ST_5 : Operation 109 [1/2] (0.68ns)   --->   "%out_data_load_3 = load i3 %out_data_addr_3" [firmware/nnet_utils/nnet_merge_stream.h:366]   --->   Operation 109 'load' 'out_data_load_3' <Predicate = true> <Delay = 0.68> <CoreInst = "RAM">   --->   Core 83 'RAM' <Latency = 1> <II = 1> <Delay = 0.68> <Storage> <Opcode : 'load' 'store'> <Ports = 2> <Width = 16> <Depth = 7> <RAM>
ST_5 : Operation 110 [1/2] (0.68ns)   --->   "%out_data_1_load_3 = load i3 %out_data_1_addr_3" [firmware/nnet_utils/nnet_merge_stream.h:366]   --->   Operation 110 'load' 'out_data_1_load_3' <Predicate = true> <Delay = 0.68> <CoreInst = "RAM">   --->   Core 83 'RAM' <Latency = 1> <II = 1> <Delay = 0.68> <Storage> <Opcode : 'load' 'store'> <Ports = 2> <Width = 16> <Depth = 7> <RAM>
ST_5 : Operation 111 [1/2] (0.68ns)   --->   "%out_data_2_load_3 = load i3 %out_data_2_addr_3" [firmware/nnet_utils/nnet_merge_stream.h:366]   --->   Operation 111 'load' 'out_data_2_load_3' <Predicate = true> <Delay = 0.68> <CoreInst = "RAM">   --->   Core 83 'RAM' <Latency = 1> <II = 1> <Delay = 0.68> <Storage> <Opcode : 'load' 'store'> <Ports = 2> <Width = 16> <Depth = 7> <RAM>
ST_5 : Operation 112 [1/2] (0.68ns)   --->   "%out_data_3_load_3 = load i3 %out_data_3_addr_3" [firmware/nnet_utils/nnet_merge_stream.h:366]   --->   Operation 112 'load' 'out_data_3_load_3' <Predicate = true> <Delay = 0.68> <CoreInst = "RAM">   --->   Core 83 'RAM' <Latency = 1> <II = 1> <Delay = 0.68> <Storage> <Opcode : 'load' 'store'> <Ports = 2> <Width = 16> <Depth = 7> <RAM>
ST_5 : Operation 113 [1/2] (0.68ns)   --->   "%out_data_4_load_3 = load i3 %out_data_4_addr_3" [firmware/nnet_utils/nnet_merge_stream.h:366]   --->   Operation 113 'load' 'out_data_4_load_3' <Predicate = true> <Delay = 0.68> <CoreInst = "RAM">   --->   Core 83 'RAM' <Latency = 1> <II = 1> <Delay = 0.68> <Storage> <Opcode : 'load' 'store'> <Ports = 2> <Width = 16> <Depth = 7> <RAM>
ST_5 : Operation 114 [1/2] (0.68ns)   --->   "%out_data_5_load_3 = load i3 %out_data_5_addr_3" [firmware/nnet_utils/nnet_merge_stream.h:366]   --->   Operation 114 'load' 'out_data_5_load_3' <Predicate = true> <Delay = 0.68> <CoreInst = "RAM">   --->   Core 83 'RAM' <Latency = 1> <II = 1> <Delay = 0.68> <Storage> <Opcode : 'load' 'store'> <Ports = 2> <Width = 16> <Depth = 7> <RAM>
ST_5 : Operation 115 [1/2] (0.68ns)   --->   "%out_data_6_load_3 = load i3 %out_data_6_addr_3" [firmware/nnet_utils/nnet_merge_stream.h:366]   --->   Operation 115 'load' 'out_data_6_load_3' <Predicate = true> <Delay = 0.68> <CoreInst = "RAM">   --->   Core 83 'RAM' <Latency = 1> <II = 1> <Delay = 0.68> <Storage> <Opcode : 'load' 'store'> <Ports = 2> <Width = 16> <Depth = 7> <RAM>
ST_5 : Operation 116 [2/2] (0.68ns)   --->   "%out_data_load_4 = load i3 %out_data_addr_4" [firmware/nnet_utils/nnet_merge_stream.h:366]   --->   Operation 116 'load' 'out_data_load_4' <Predicate = true> <Delay = 0.68> <CoreInst = "RAM">   --->   Core 83 'RAM' <Latency = 1> <II = 1> <Delay = 0.68> <Storage> <Opcode : 'load' 'store'> <Ports = 2> <Width = 16> <Depth = 7> <RAM>
ST_5 : Operation 117 [2/2] (0.68ns)   --->   "%out_data_1_load_4 = load i3 %out_data_1_addr_4" [firmware/nnet_utils/nnet_merge_stream.h:366]   --->   Operation 117 'load' 'out_data_1_load_4' <Predicate = true> <Delay = 0.68> <CoreInst = "RAM">   --->   Core 83 'RAM' <Latency = 1> <II = 1> <Delay = 0.68> <Storage> <Opcode : 'load' 'store'> <Ports = 2> <Width = 16> <Depth = 7> <RAM>
ST_5 : Operation 118 [2/2] (0.68ns)   --->   "%out_data_2_load_4 = load i3 %out_data_2_addr_4" [firmware/nnet_utils/nnet_merge_stream.h:366]   --->   Operation 118 'load' 'out_data_2_load_4' <Predicate = true> <Delay = 0.68> <CoreInst = "RAM">   --->   Core 83 'RAM' <Latency = 1> <II = 1> <Delay = 0.68> <Storage> <Opcode : 'load' 'store'> <Ports = 2> <Width = 16> <Depth = 7> <RAM>
ST_5 : Operation 119 [2/2] (0.68ns)   --->   "%out_data_3_load_4 = load i3 %out_data_3_addr_4" [firmware/nnet_utils/nnet_merge_stream.h:366]   --->   Operation 119 'load' 'out_data_3_load_4' <Predicate = true> <Delay = 0.68> <CoreInst = "RAM">   --->   Core 83 'RAM' <Latency = 1> <II = 1> <Delay = 0.68> <Storage> <Opcode : 'load' 'store'> <Ports = 2> <Width = 16> <Depth = 7> <RAM>
ST_5 : Operation 120 [2/2] (0.68ns)   --->   "%out_data_4_load_4 = load i3 %out_data_4_addr_4" [firmware/nnet_utils/nnet_merge_stream.h:366]   --->   Operation 120 'load' 'out_data_4_load_4' <Predicate = true> <Delay = 0.68> <CoreInst = "RAM">   --->   Core 83 'RAM' <Latency = 1> <II = 1> <Delay = 0.68> <Storage> <Opcode : 'load' 'store'> <Ports = 2> <Width = 16> <Depth = 7> <RAM>
ST_5 : Operation 121 [2/2] (0.68ns)   --->   "%out_data_5_load_4 = load i3 %out_data_5_addr_4" [firmware/nnet_utils/nnet_merge_stream.h:366]   --->   Operation 121 'load' 'out_data_5_load_4' <Predicate = true> <Delay = 0.68> <CoreInst = "RAM">   --->   Core 83 'RAM' <Latency = 1> <II = 1> <Delay = 0.68> <Storage> <Opcode : 'load' 'store'> <Ports = 2> <Width = 16> <Depth = 7> <RAM>
ST_5 : Operation 122 [2/2] (0.68ns)   --->   "%out_data_6_load_4 = load i3 %out_data_6_addr_4" [firmware/nnet_utils/nnet_merge_stream.h:366]   --->   Operation 122 'load' 'out_data_6_load_4' <Predicate = true> <Delay = 0.68> <CoreInst = "RAM">   --->   Core 83 'RAM' <Latency = 1> <II = 1> <Delay = 0.68> <Storage> <Opcode : 'load' 'store'> <Ports = 2> <Width = 16> <Depth = 7> <RAM>
ST_5 : Operation 123 [2/2] (0.68ns)   --->   "%out_data_load_5 = load i3 %out_data_addr_5" [firmware/nnet_utils/nnet_merge_stream.h:366]   --->   Operation 123 'load' 'out_data_load_5' <Predicate = true> <Delay = 0.68> <CoreInst = "RAM">   --->   Core 83 'RAM' <Latency = 1> <II = 1> <Delay = 0.68> <Storage> <Opcode : 'load' 'store'> <Ports = 2> <Width = 16> <Depth = 7> <RAM>
ST_5 : Operation 124 [2/2] (0.68ns)   --->   "%out_data_1_load_5 = load i3 %out_data_1_addr_5" [firmware/nnet_utils/nnet_merge_stream.h:366]   --->   Operation 124 'load' 'out_data_1_load_5' <Predicate = true> <Delay = 0.68> <CoreInst = "RAM">   --->   Core 83 'RAM' <Latency = 1> <II = 1> <Delay = 0.68> <Storage> <Opcode : 'load' 'store'> <Ports = 2> <Width = 16> <Depth = 7> <RAM>
ST_5 : Operation 125 [2/2] (0.68ns)   --->   "%out_data_2_load_5 = load i3 %out_data_2_addr_5" [firmware/nnet_utils/nnet_merge_stream.h:366]   --->   Operation 125 'load' 'out_data_2_load_5' <Predicate = true> <Delay = 0.68> <CoreInst = "RAM">   --->   Core 83 'RAM' <Latency = 1> <II = 1> <Delay = 0.68> <Storage> <Opcode : 'load' 'store'> <Ports = 2> <Width = 16> <Depth = 7> <RAM>
ST_5 : Operation 126 [2/2] (0.68ns)   --->   "%out_data_3_load_5 = load i3 %out_data_3_addr_5" [firmware/nnet_utils/nnet_merge_stream.h:366]   --->   Operation 126 'load' 'out_data_3_load_5' <Predicate = true> <Delay = 0.68> <CoreInst = "RAM">   --->   Core 83 'RAM' <Latency = 1> <II = 1> <Delay = 0.68> <Storage> <Opcode : 'load' 'store'> <Ports = 2> <Width = 16> <Depth = 7> <RAM>
ST_5 : Operation 127 [2/2] (0.68ns)   --->   "%out_data_4_load_5 = load i3 %out_data_4_addr_5" [firmware/nnet_utils/nnet_merge_stream.h:366]   --->   Operation 127 'load' 'out_data_4_load_5' <Predicate = true> <Delay = 0.68> <CoreInst = "RAM">   --->   Core 83 'RAM' <Latency = 1> <II = 1> <Delay = 0.68> <Storage> <Opcode : 'load' 'store'> <Ports = 2> <Width = 16> <Depth = 7> <RAM>
ST_5 : Operation 128 [2/2] (0.68ns)   --->   "%out_data_5_load_5 = load i3 %out_data_5_addr_5" [firmware/nnet_utils/nnet_merge_stream.h:366]   --->   Operation 128 'load' 'out_data_5_load_5' <Predicate = true> <Delay = 0.68> <CoreInst = "RAM">   --->   Core 83 'RAM' <Latency = 1> <II = 1> <Delay = 0.68> <Storage> <Opcode : 'load' 'store'> <Ports = 2> <Width = 16> <Depth = 7> <RAM>
ST_5 : Operation 129 [2/2] (0.68ns)   --->   "%out_data_6_load_5 = load i3 %out_data_6_addr_5" [firmware/nnet_utils/nnet_merge_stream.h:366]   --->   Operation 129 'load' 'out_data_6_load_5' <Predicate = true> <Delay = 0.68> <CoreInst = "RAM">   --->   Core 83 'RAM' <Latency = 1> <II = 1> <Delay = 0.68> <Storage> <Opcode : 'load' 'store'> <Ports = 2> <Width = 16> <Depth = 7> <RAM>

State 6 <SV = 5> <Delay = 2.01>
ST_6 : Operation 130 [1/1] (0.00ns)   --->   "%specinterface_ln0 = specinterface void @_ssdm_op_SpecInterface, i688 %layer12_out, void @empty_7, i32 0, i32 0, void @empty_6, i32 0, i32 0, void @empty_6, void @empty_6, void @empty_6, i32 0, i32 0, i32 0, i32 0, void @empty_6, void @empty_6, i32 4294967295, i32 0"   --->   Operation 130 'specinterface' 'specinterface_ln0' <Predicate = true> <Delay = 0.00>
ST_6 : Operation 131 [1/1] (0.00ns)   --->   "%specinterface_ln0 = specinterface void @_ssdm_op_SpecInterface, i112 %layer9_out, void @empty_7, i32 0, i32 0, void @empty_6, i32 0, i32 0, void @empty_6, void @empty_6, void @empty_6, i32 0, i32 0, i32 0, i32 0, void @empty_6, void @empty_6, i32 4294967295, i32 0"   --->   Operation 131 'specinterface' 'specinterface_ln0' <Predicate = true> <Delay = 0.00>
ST_6 : Operation 132 [1/1] (0.00ns)   --->   "%specinterface_ln0 = specinterface void @_ssdm_op_SpecInterface, i16 %y0_input, void @empty_4, i32 1, i32 1, void @empty_5, i32 0, i32 0, void @empty_6, void @empty_6, void @empty_6, i32 0, i32 0, i32 0, i32 0, void @empty_6, void @empty_6, i32 4294967295, i32 0"   --->   Operation 132 'specinterface' 'specinterface_ln0' <Predicate = true> <Delay = 0.00>
ST_6 : Operation 133 [1/1] (0.00ns)   --->   "%y0_input_read = read i16 @_ssdm_op_Read.axis.volatile.i16P128A, i16 %y0_input" [firmware/nnet_utils/nnet_merge_stream.h:359]   --->   Operation 133 'read' 'y0_input_read' <Predicate = true> <Delay = 0.00> <CoreInst = "axis">   --->   Core 123 'axis' <Latency = 0> <II = 1> <Delay = 1.00> <Adapter> <Opcode : >
ST_6 : Operation 134 [1/2] (0.68ns)   --->   "%out_data_load_4 = load i3 %out_data_addr_4" [firmware/nnet_utils/nnet_merge_stream.h:366]   --->   Operation 134 'load' 'out_data_load_4' <Predicate = true> <Delay = 0.68> <CoreInst = "RAM">   --->   Core 83 'RAM' <Latency = 1> <II = 1> <Delay = 0.68> <Storage> <Opcode : 'load' 'store'> <Ports = 2> <Width = 16> <Depth = 7> <RAM>
ST_6 : Operation 135 [1/2] (0.68ns)   --->   "%out_data_1_load_4 = load i3 %out_data_1_addr_4" [firmware/nnet_utils/nnet_merge_stream.h:366]   --->   Operation 135 'load' 'out_data_1_load_4' <Predicate = true> <Delay = 0.68> <CoreInst = "RAM">   --->   Core 83 'RAM' <Latency = 1> <II = 1> <Delay = 0.68> <Storage> <Opcode : 'load' 'store'> <Ports = 2> <Width = 16> <Depth = 7> <RAM>
ST_6 : Operation 136 [1/2] (0.68ns)   --->   "%out_data_2_load_4 = load i3 %out_data_2_addr_4" [firmware/nnet_utils/nnet_merge_stream.h:366]   --->   Operation 136 'load' 'out_data_2_load_4' <Predicate = true> <Delay = 0.68> <CoreInst = "RAM">   --->   Core 83 'RAM' <Latency = 1> <II = 1> <Delay = 0.68> <Storage> <Opcode : 'load' 'store'> <Ports = 2> <Width = 16> <Depth = 7> <RAM>
ST_6 : Operation 137 [1/2] (0.68ns)   --->   "%out_data_3_load_4 = load i3 %out_data_3_addr_4" [firmware/nnet_utils/nnet_merge_stream.h:366]   --->   Operation 137 'load' 'out_data_3_load_4' <Predicate = true> <Delay = 0.68> <CoreInst = "RAM">   --->   Core 83 'RAM' <Latency = 1> <II = 1> <Delay = 0.68> <Storage> <Opcode : 'load' 'store'> <Ports = 2> <Width = 16> <Depth = 7> <RAM>
ST_6 : Operation 138 [1/2] (0.68ns)   --->   "%out_data_4_load_4 = load i3 %out_data_4_addr_4" [firmware/nnet_utils/nnet_merge_stream.h:366]   --->   Operation 138 'load' 'out_data_4_load_4' <Predicate = true> <Delay = 0.68> <CoreInst = "RAM">   --->   Core 83 'RAM' <Latency = 1> <II = 1> <Delay = 0.68> <Storage> <Opcode : 'load' 'store'> <Ports = 2> <Width = 16> <Depth = 7> <RAM>
ST_6 : Operation 139 [1/2] (0.68ns)   --->   "%out_data_5_load_4 = load i3 %out_data_5_addr_4" [firmware/nnet_utils/nnet_merge_stream.h:366]   --->   Operation 139 'load' 'out_data_5_load_4' <Predicate = true> <Delay = 0.68> <CoreInst = "RAM">   --->   Core 83 'RAM' <Latency = 1> <II = 1> <Delay = 0.68> <Storage> <Opcode : 'load' 'store'> <Ports = 2> <Width = 16> <Depth = 7> <RAM>
ST_6 : Operation 140 [1/2] (0.68ns)   --->   "%out_data_6_load_4 = load i3 %out_data_6_addr_4" [firmware/nnet_utils/nnet_merge_stream.h:366]   --->   Operation 140 'load' 'out_data_6_load_4' <Predicate = true> <Delay = 0.68> <CoreInst = "RAM">   --->   Core 83 'RAM' <Latency = 1> <II = 1> <Delay = 0.68> <Storage> <Opcode : 'load' 'store'> <Ports = 2> <Width = 16> <Depth = 7> <RAM>
ST_6 : Operation 141 [1/2] (0.68ns)   --->   "%out_data_load_5 = load i3 %out_data_addr_5" [firmware/nnet_utils/nnet_merge_stream.h:366]   --->   Operation 141 'load' 'out_data_load_5' <Predicate = true> <Delay = 0.68> <CoreInst = "RAM">   --->   Core 83 'RAM' <Latency = 1> <II = 1> <Delay = 0.68> <Storage> <Opcode : 'load' 'store'> <Ports = 2> <Width = 16> <Depth = 7> <RAM>
ST_6 : Operation 142 [1/2] (0.68ns)   --->   "%out_data_1_load_5 = load i3 %out_data_1_addr_5" [firmware/nnet_utils/nnet_merge_stream.h:366]   --->   Operation 142 'load' 'out_data_1_load_5' <Predicate = true> <Delay = 0.68> <CoreInst = "RAM">   --->   Core 83 'RAM' <Latency = 1> <II = 1> <Delay = 0.68> <Storage> <Opcode : 'load' 'store'> <Ports = 2> <Width = 16> <Depth = 7> <RAM>
ST_6 : Operation 143 [1/2] (0.68ns)   --->   "%out_data_2_load_5 = load i3 %out_data_2_addr_5" [firmware/nnet_utils/nnet_merge_stream.h:366]   --->   Operation 143 'load' 'out_data_2_load_5' <Predicate = true> <Delay = 0.68> <CoreInst = "RAM">   --->   Core 83 'RAM' <Latency = 1> <II = 1> <Delay = 0.68> <Storage> <Opcode : 'load' 'store'> <Ports = 2> <Width = 16> <Depth = 7> <RAM>
ST_6 : Operation 144 [1/2] (0.68ns)   --->   "%out_data_3_load_5 = load i3 %out_data_3_addr_5" [firmware/nnet_utils/nnet_merge_stream.h:366]   --->   Operation 144 'load' 'out_data_3_load_5' <Predicate = true> <Delay = 0.68> <CoreInst = "RAM">   --->   Core 83 'RAM' <Latency = 1> <II = 1> <Delay = 0.68> <Storage> <Opcode : 'load' 'store'> <Ports = 2> <Width = 16> <Depth = 7> <RAM>
ST_6 : Operation 145 [1/2] (0.68ns)   --->   "%out_data_4_load_5 = load i3 %out_data_4_addr_5" [firmware/nnet_utils/nnet_merge_stream.h:366]   --->   Operation 145 'load' 'out_data_4_load_5' <Predicate = true> <Delay = 0.68> <CoreInst = "RAM">   --->   Core 83 'RAM' <Latency = 1> <II = 1> <Delay = 0.68> <Storage> <Opcode : 'load' 'store'> <Ports = 2> <Width = 16> <Depth = 7> <RAM>
ST_6 : Operation 146 [1/2] (0.68ns)   --->   "%out_data_5_load_5 = load i3 %out_data_5_addr_5" [firmware/nnet_utils/nnet_merge_stream.h:366]   --->   Operation 146 'load' 'out_data_5_load_5' <Predicate = true> <Delay = 0.68> <CoreInst = "RAM">   --->   Core 83 'RAM' <Latency = 1> <II = 1> <Delay = 0.68> <Storage> <Opcode : 'load' 'store'> <Ports = 2> <Width = 16> <Depth = 7> <RAM>
ST_6 : Operation 147 [1/2] (0.68ns)   --->   "%out_data_6_load_5 = load i3 %out_data_6_addr_5" [firmware/nnet_utils/nnet_merge_stream.h:366]   --->   Operation 147 'load' 'out_data_6_load_5' <Predicate = true> <Delay = 0.68> <CoreInst = "RAM">   --->   Core 83 'RAM' <Latency = 1> <II = 1> <Delay = 0.68> <Storage> <Opcode : 'load' 'store'> <Ports = 2> <Width = 16> <Depth = 7> <RAM>
ST_6 : Operation 148 [1/1] (0.00ns)   --->   "%p_s = bitconcatenate i688 @_ssdm_op_BitConcatenate.i688.i16.i16.i16.i16.i16.i16.i16.i16.i16.i16.i16.i16.i16.i16.i16.i16.i16.i16.i16.i16.i16.i16.i16.i16.i16.i16.i16.i16.i16.i16.i16.i16.i16.i16.i16.i16.i16.i16.i16.i16.i16.i16.i16, i16 %y0_input_read, i16 %out_data_6_load_5, i16 %out_data_5_load_5, i16 %out_data_4_load_5, i16 %out_data_3_load_5, i16 %out_data_2_load_5, i16 %out_data_1_load_5, i16 %out_data_load_5, i16 %out_data_6_load_4, i16 %out_data_5_load_4, i16 %out_data_4_load_4, i16 %out_data_3_load_4, i16 %out_data_2_load_4, i16 %out_data_1_load_4, i16 %out_data_load_4, i16 %out_data_6_load_3, i16 %out_data_5_load_3, i16 %out_data_4_load_3, i16 %out_data_3_load_3, i16 %out_data_2_load_3, i16 %out_data_1_load_3, i16 %out_data_load_3, i16 %out_data_6_load_2, i16 %out_data_5_load_2, i16 %out_data_4_load_2, i16 %out_data_3_load_2, i16 %out_data_2_load_2, i16 %out_data_1_load_2, i16 %out_data_load_2, i16 %out_data_6_load_1, i16 %out_data_5_load_1, i16 %out_data_4_load_1, i16 %out_data_3_load_1, i16 %out_data_2_load_1, i16 %out_data_1_load_1, i16 %out_data_load_1, i16 %out_data_6_load, i16 %out_data_5_load, i16 %out_data_4_load, i16 %out_data_3_load, i16 %out_data_2_load, i16 %out_data_1_load, i16 %out_data_load" [firmware/nnet_utils/nnet_merge_stream.h:366]   --->   Operation 148 'bitconcatenate' 'p_s' <Predicate = true> <Delay = 0.00>
ST_6 : Operation 149 [1/1] (1.33ns)   --->   "%write_ln366 = write void @_ssdm_op_Write.ap_fifo.volatile.i688P0A, i688 %layer12_out, i688 %p_s" [firmware/nnet_utils/nnet_merge_stream.h:366]   --->   Operation 149 'write' 'write_ln366' <Predicate = true> <Delay = 1.33> <CoreInst = "FIFO_SRL">   --->   Core 81 'FIFO_SRL' <Latency = 0> <II = 1> <Delay = 1.33> <Storage> <Opcode : 'read' 'write' 'nbread' 'nbwrite'> <Ports = 0> <Width = 688> <Depth = 1> <FIFO>
ST_6 : Operation 150 [1/1] (0.00ns)   --->   "%ret_ln367 = ret" [firmware/nnet_utils/nnet_merge_stream.h:367]   --->   Operation 150 'ret' 'ret_ln367' <Predicate = true> <Delay = 0.00>


============================================================
+ Verbose Summary: Timing violations
============================================================
Target clock period: 5.000ns, clock uncertainty: 0.625ns.

 <State 1>: 0.000ns
The critical path consists of the following:

 <State 2>: 0.000ns
The critical path consists of the following:

 <State 3>: 0.683ns
The critical path consists of the following:
	'getelementptr' operation ('out_data_addr') [14]  (0.000 ns)
	'load' operation ('out_data_load', firmware/nnet_utils/nnet_merge_stream.h:366) on array 'out_data', firmware/nnet_utils/nnet_merge_stream.h:344 [60]  (0.683 ns)

 <State 4>: 0.683ns
The critical path consists of the following:
	'load' operation ('out_data_load', firmware/nnet_utils/nnet_merge_stream.h:366) on array 'out_data', firmware/nnet_utils/nnet_merge_stream.h:344 [60]  (0.683 ns)

 <State 5>: 0.683ns
The critical path consists of the following:
	'load' operation ('out_data_load_2', firmware/nnet_utils/nnet_merge_stream.h:366) on array 'out_data', firmware/nnet_utils/nnet_merge_stream.h:344 [74]  (0.683 ns)

 <State 6>: 2.018ns
The critical path consists of the following:
	'load' operation ('out_data_load_4', firmware/nnet_utils/nnet_merge_stream.h:366) on array 'out_data', firmware/nnet_utils/nnet_merge_stream.h:344 [88]  (0.683 ns)
	fifo write operation ('write_ln366', firmware/nnet_utils/nnet_merge_stream.h:366) on port 'layer12_out' (firmware/nnet_utils/nnet_merge_stream.h:366) [103]  (1.335 ns)


============================================================
+ Verbose Summary: Binding
============================================================
N/A
* FSMD analyzer results:
  - Output states:
 - Input state : 
  - Chain level:
	State 1
	State 2
	State 3
	State 4
	State 5
	State 6


============================================================
+ Verbose Summary: Datapath Resource usage 
============================================================
N/A
