

================================================================
== Vitis HLS Report for 'conv_2d_cl_array_ap_fixed_1u_array_ap_fixed_16_6_5_3_0_4u_config2_s'
================================================================
* Date:           Thu Jul 11 13:31:00 2024

* Version:        2023.1 (Build 3854077 on May  4 2023)
* Project:        myproject_prj
* Solution:       solution1 (Vivado IP Flow Target)
* Product family: virtexuplus
* Target device:  xcvu13p-flga2577-2-e


================================================================
== Performance Estimates
================================================================
+ Timing: 
    * Summary: 
    +--------+---------+----------+------------+
    |  Clock |  Target | Estimated| Uncertainty|
    +--------+---------+----------+------------+
    |ap_clk  |  5.00 ns|  4.314 ns|     0.62 ns|
    +--------+---------+----------+------------+

+ Latency: 
    * Summary: 
    +---------+---------+----------+-----------+-----+------+---------+
    |  Latency (cycles) |  Latency (absolute)  |  Interval  | Pipeline|
    |   min   |   max   |    min   |    max    | min |  max |   Type  |
    +---------+---------+----------+-----------+-----+------+---------+
    |      601|     6301|  3.005 us|  31.505 us|  601|  6301|       no|
    +---------+---------+----------+-----------+-----+------+---------+

    + Detail: 
        * Instance: 
        N/A

        * Loop: 
        +----------------------------------+---------+---------+----------+-----------+-----------+------+----------+
        |                                  |  Latency (cycles) | Iteration|  Initiation Interval  | Trip |          |
        |             Loop Name            |   min   |   max   |  Latency |  achieved |   target  | Count| Pipelined|
        +----------------------------------+---------+---------+----------+-----------+-----------+------+----------+
        |- ReadInputHeight_ReadInputWidth  |      600|     6300|    4 ~ 42|          -|          -|   150|        no|
        +----------------------------------+---------+---------+----------+-----------+-----------+------+----------+

============================================================
+ Verbose Summary: Synthesis Manager
============================================================
InlineROM: 1
ExposeGlobal: 0
============================================================
+ Verbose Summary: CDFG Model
============================================================
IsTopModel: 0
ResetActiveHigh: 1
IsCombinational: 2
IsDatapathOnly: 0
HasWiredReturn: 1
HasMFsm: 0
HasVarLatency: 1
IsPipeline: 0
IsRtlPipelined: 0
IsInstanceOverlapped: 0
IsDontTouch: 0
HasImplIP: 0
IsGatedGlobalClock: 0


============================================================
+ Verbose Summary: Schedule
============================================================
* Number of FSM states : 3
* Pipeline : 0
* Dataflow Pipeline: 0

* FSM state transitions: 
1 --> 2 
2 --> 3 
3 --> 2 

* FSM state operations: 

State 1 <SV = 0> <Delay = 0.38>
ST_1 : Operation 4 [1/1] (0.00ns)   --->   "%indvar_flatten = alloca i32 1"   --->   Operation 4 'alloca' 'indvar_flatten' <Predicate = true> <Delay = 0.00>
ST_1 : Operation 5 [1/1] (0.00ns)   --->   "%specinterface_ln0 = specinterface void @_ssdm_op_SpecInterface, i64 %layer2_out, void @empty_7, i32 0, i32 0, void @empty_6, i32 0, i32 0, void @empty_6, void @empty_6, void @empty_6, i32 0, i32 0, i32 0, i32 0, void @empty_6, void @empty_6, i32 4294967295, i32 0"   --->   Operation 5 'specinterface' 'specinterface_ln0' <Predicate = true> <Delay = 0.00>
ST_1 : Operation 6 [1/1] (0.00ns)   --->   "%specinterface_ln0 = specinterface void @_ssdm_op_SpecInterface, i16 %layer19_out, void @empty_7, i32 0, i32 0, void @empty_6, i32 0, i32 0, void @empty_6, void @empty_6, void @empty_6, i32 0, i32 0, i32 0, i32 0, void @empty_6, void @empty_6, i32 4294967295, i32 0"   --->   Operation 6 'specinterface' 'specinterface_ln0' <Predicate = true> <Delay = 0.00>
ST_1 : Operation 7 [1/1] (0.38ns)   --->   "%store_ln51 = store i8 0, i8 %indvar_flatten" [firmware/nnet_utils/nnet_conv2d_stream.h:51->firmware/nnet_utils/nnet_conv2d_stream.h:77]   --->   Operation 7 'store' 'store_ln51' <Predicate = true> <Delay = 0.38>
ST_1 : Operation 8 [1/1] (0.00ns)   --->   "%br_ln51 = br void %for.inc.i" [firmware/nnet_utils/nnet_conv2d_stream.h:51->firmware/nnet_utils/nnet_conv2d_stream.h:77]   --->   Operation 8 'br' 'br_ln51' <Predicate = true> <Delay = 0.00>

State 2 <SV = 1> <Delay = 1.93>
ST_2 : Operation 9 [1/1] (0.00ns)   --->   "%indvar_flatten_load = load i8 %indvar_flatten" [firmware/nnet_utils/nnet_conv2d_stream.h:51->firmware/nnet_utils/nnet_conv2d_stream.h:77]   --->   Operation 9 'load' 'indvar_flatten_load' <Predicate = true> <Delay = 0.00>
ST_2 : Operation 10 [1/1] (0.70ns)   --->   "%icmp_ln51 = icmp_eq  i8 %indvar_flatten_load, i8 150" [firmware/nnet_utils/nnet_conv2d_stream.h:51->firmware/nnet_utils/nnet_conv2d_stream.h:77]   --->   Operation 10 'icmp' 'icmp_ln51' <Predicate = true> <Delay = 0.70> <CoreInst = "Cmp">   --->   Core 9 'Cmp' <Latency = 0> <II = 1> <Delay = 0.70> <FuncUnit> <Opcode : 'icmp'> <InPorts = 2> <OutPorts = 1>
ST_2 : Operation 11 [1/1] (0.70ns)   --->   "%add_ln51 = add i8 %indvar_flatten_load, i8 1" [firmware/nnet_utils/nnet_conv2d_stream.h:51->firmware/nnet_utils/nnet_conv2d_stream.h:77]   --->   Operation 11 'add' 'add_ln51' <Predicate = true> <Delay = 0.70> <CoreInst = "Adder">   --->   Core 1 'Adder' <Latency = 0> <II = 1> <Delay = 0.70> <FuncUnit> <Opcode : 'add' 'sub'> <InPorts = 2> <OutPorts = 1>
ST_2 : Operation 12 [1/1] (0.00ns)   --->   "%br_ln51 = br i1 %icmp_ln51, void %for.inc13.i, void %_ZN4nnet26conv_2d_buffer_resource_clINS_5arrayI8ap_fixedILi16ELi6EL9ap_q_mode5EL9ap_o_mode3ELi0EELj1EEENS1_IS5_Lj4EEE7config2EEvRN3hls6streamIT_Li0EEERNSA_IT0_Li0EEEPNT1_8weight_tEPNSH_6bias_tE.exit" [firmware/nnet_utils/nnet_conv2d_stream.h:51->firmware/nnet_utils/nnet_conv2d_stream.h:77]   --->   Operation 12 'br' 'br_ln51' <Predicate = true> <Delay = 0.00>
ST_2 : Operation 13 [1/1] (1.23ns)   --->   "%layer19_out_read = read i16 @_ssdm_op_Read.ap_fifo.volatile.i16P0A, i16 %layer19_out" [firmware/nnet_utils/nnet_conv2d_stream.h:57->firmware/nnet_utils/nnet_conv2d_stream.h:77]   --->   Operation 13 'read' 'layer19_out_read' <Predicate = (!icmp_ln51)> <Delay = 1.23> <CoreInst = "FIFO">   --->   Core 78 'FIFO' <Latency = 0> <II = 1> <Delay = 1.23> <Storage> <Opcode : 'read' 'write' 'nbread' 'nbwrite'> <Ports = 0> <Width = 16> <Depth = 150> <FIFO>
ST_2 : Operation 14 [2/2] (0.00ns)   --->   "%call_ln57 = call void @compute_output_buffer_2d<array,array<ap_fixed<16,6,5,3,0>,4u>,config2>, i16 %layer19_out_read, i64 %layer2_out, i16 %void_compute_output_buffer_2d_array_const_ap_shift_reg_n_chan_stream_weig_17, i16 %void_compute_output_buffer_2d_array_const_ap_shift_reg_n_chan_stream_weig_14, i16 %void_compute_output_buffer_2d_array_const_ap_shift_reg_n_chan_stream_weig_11, i16 %void_compute_output_buffer_2d_array_const_ap_shift_reg_n_chan_stream_weig_16, i16 %void_compute_output_buffer_2d_array_const_ap_shift_reg_n_chan_stream_weig_13, i16 %void_compute_output_buffer_2d_array_const_ap_shift_reg_n_chan_stream_weig_10, i16 %void_compute_output_buffer_2d_array_const_ap_shift_reg_n_chan_stream_weig_18, i16 %void_compute_output_buffer_2d_array_const_ap_shift_reg_n_chan_stream_weig_15, i16 %void_compute_output_buffer_2d_array_const_ap_shift_reg_n_chan_stream_weig_12, i16 %void_conv_2d_buffer_resource_cl_stream_stream_weight_t_bias_t_line_buffer_1, i16 %void_conv_2d_buffer_resource_cl_stream_stream_weight_t_bias_t_line_buffer, i32 %sX_3, i32 %sY_3, i32 %pY_3, i32 %pX_3, i2 %outidx_2, i9 %w2" [firmware/nnet_utils/nnet_conv2d_stream.h:57->firmware/nnet_utils/nnet_conv2d_stream.h:77]   --->   Operation 14 'call' 'call_ln57' <Predicate = (!icmp_ln51)> <Delay = 0.00> <CoreType = "Generic">   --->   Core 0 '' <Latency = 0> <II = 1> <Delay = 1.00> <Generic> <Opcode : >
ST_2 : Operation 15 [1/1] (0.38ns)   --->   "%store_ln53 = store i8 %add_ln51, i8 %indvar_flatten" [firmware/nnet_utils/nnet_conv2d_stream.h:53->firmware/nnet_utils/nnet_conv2d_stream.h:77]   --->   Operation 15 'store' 'store_ln53' <Predicate = (!icmp_ln51)> <Delay = 0.38>
ST_2 : Operation 16 [1/1] (0.00ns)   --->   "%ret_ln79 = ret" [firmware/nnet_utils/nnet_conv2d_stream.h:79]   --->   Operation 16 'ret' 'ret_ln79' <Predicate = (icmp_ln51)> <Delay = 0.00>

State 3 <SV = 2> <Delay = 0.00>
ST_3 : Operation 17 [1/1] (0.00ns)   --->   "%specloopname_ln0 = specloopname void @_ssdm_op_SpecLoopName, void @ReadInputHeight_ReadInputWidth_str"   --->   Operation 17 'specloopname' 'specloopname_ln0' <Predicate = true> <Delay = 0.00>
ST_3 : Operation 18 [1/1] (0.00ns)   --->   "%speclooptripcount_ln0 = speclooptripcount void @_ssdm_op_SpecLoopTripCount, i64 150, i64 150, i64 150"   --->   Operation 18 'speclooptripcount' 'speclooptripcount_ln0' <Predicate = true> <Delay = 0.00>
ST_3 : Operation 19 [1/1] (0.00ns)   --->   "%specloopname_ln53 = specloopname void @_ssdm_op_SpecLoopName, void @empty_8" [firmware/nnet_utils/nnet_conv2d_stream.h:53->firmware/nnet_utils/nnet_conv2d_stream.h:77]   --->   Operation 19 'specloopname' 'specloopname_ln53' <Predicate = true> <Delay = 0.00>
ST_3 : Operation 20 [1/2] (0.00ns)   --->   "%call_ln57 = call void @compute_output_buffer_2d<array,array<ap_fixed<16,6,5,3,0>,4u>,config2>, i16 %layer19_out_read, i64 %layer2_out, i16 %void_compute_output_buffer_2d_array_const_ap_shift_reg_n_chan_stream_weig_17, i16 %void_compute_output_buffer_2d_array_const_ap_shift_reg_n_chan_stream_weig_14, i16 %void_compute_output_buffer_2d_array_const_ap_shift_reg_n_chan_stream_weig_11, i16 %void_compute_output_buffer_2d_array_const_ap_shift_reg_n_chan_stream_weig_16, i16 %void_compute_output_buffer_2d_array_const_ap_shift_reg_n_chan_stream_weig_13, i16 %void_compute_output_buffer_2d_array_const_ap_shift_reg_n_chan_stream_weig_10, i16 %void_compute_output_buffer_2d_array_const_ap_shift_reg_n_chan_stream_weig_18, i16 %void_compute_output_buffer_2d_array_const_ap_shift_reg_n_chan_stream_weig_15, i16 %void_compute_output_buffer_2d_array_const_ap_shift_reg_n_chan_stream_weig_12, i16 %void_conv_2d_buffer_resource_cl_stream_stream_weight_t_bias_t_line_buffer_1, i16 %void_conv_2d_buffer_resource_cl_stream_stream_weight_t_bias_t_line_buffer, i32 %sX_3, i32 %sY_3, i32 %pY_3, i32 %pX_3, i2 %outidx_2, i9 %w2" [firmware/nnet_utils/nnet_conv2d_stream.h:57->firmware/nnet_utils/nnet_conv2d_stream.h:77]   --->   Operation 20 'call' 'call_ln57' <Predicate = true> <Delay = 0.00> <CoreType = "Generic">   --->   Core 0 '' <Latency = 0> <II = 1> <Delay = 1.00> <Generic> <Opcode : >
ST_3 : Operation 21 [1/1] (0.00ns)   --->   "%br_ln53 = br void %for.inc.i" [firmware/nnet_utils/nnet_conv2d_stream.h:53->firmware/nnet_utils/nnet_conv2d_stream.h:77]   --->   Operation 21 'br' 'br_ln53' <Predicate = true> <Delay = 0.00>


============================================================
+ Verbose Summary: Timing violations
============================================================
Target clock period: 5.000ns, clock uncertainty: 0.625ns.

 <State 1>: 0.387ns
The critical path consists of the following:
	'alloca' operation ('indvar_flatten') [20]  (0.000 ns)
	'store' operation ('store_ln51', firmware/nnet_utils/nnet_conv2d_stream.h:51->firmware/nnet_utils/nnet_conv2d_stream.h:77) of constant 0 on local variable 'indvar_flatten' [23]  (0.387 ns)

 <State 2>: 1.938ns
The critical path consists of the following:
	fifo read operation ('layer19_out_read', firmware/nnet_utils/nnet_conv2d_stream.h:57->firmware/nnet_utils/nnet_conv2d_stream.h:77) on port 'layer19_out' (firmware/nnet_utils/nnet_conv2d_stream.h:57->firmware/nnet_utils/nnet_conv2d_stream.h:77) [34]  (1.233 ns)
	blocking operation 0.705 ns on control path)

 <State 3>: 0.000ns
The critical path consists of the following:


============================================================
+ Verbose Summary: Binding
============================================================
N/A
* FSMD analyzer results:
  - Output states:
 - Input state : 
  - Chain level:
	State 1
	State 2
	State 3


============================================================
+ Verbose Summary: Datapath Resource usage 
============================================================
N/A
