

================================================================
== Vitis HLS Report for 'normalize_array_ap_ufixed_32u_array_ap_fixed_16_6_5_3_0_32u_config5_s'
================================================================
* Date:           Thu Jul 11 13:34:26 2024

* Version:        2023.1 (Build 3854077 on May  4 2023)
* Project:        myproject_prj
* Solution:       solution1 (Vivado IP Flow Target)
* Product family: virtexuplus
* Target device:  xcvu13p-flga2577-2-e


================================================================
== Performance Estimates
================================================================
+ Timing: 
    * Summary: 
    +--------+---------+----------+------------+
    |  Clock |  Target | Estimated| Uncertainty|
    +--------+---------+----------+------------+
    |ap_clk  |  5.00 ns|  4.180 ns|     0.62 ns|
    +--------+---------+----------+------------+

+ Latency: 
    * Summary: 
    +---------+---------+----------+----------+-----+-----+---------+
    |  Latency (cycles) |  Latency (absolute) |  Interval | Pipeline|
    |   min   |   max   |    min   |    max   | min | max |   Type  |
    +---------+---------+----------+----------+-----+-----+---------+
    |       30|       30|  0.150 us|  0.150 us|   30|   30|       no|
    +---------+---------+----------+----------+-----+-----+---------+

    + Detail: 
        * Instance: 
        N/A

        * Loop: 
        N/A

============================================================
+ Verbose Summary: Synthesis Manager
============================================================
InlineROM: 1
ExposeGlobal: 0
============================================================
+ Verbose Summary: CDFG Model
============================================================
IsTopModel: 0
ResetActiveHigh: 1
IsCombinational: 2
IsDatapathOnly: 0
HasWiredReturn: 1
HasMFsm: 0
HasVarLatency: 1
IsPipeline: 0
IsRtlPipelined: 0
IsInstanceOverlapped: 0
IsDontTouch: 0
HasImplIP: 0
IsGatedGlobalClock: 0


============================================================
+ Verbose Summary: Schedule
============================================================
* Number of FSM states : 31
* Pipeline : 0
* Dataflow Pipeline: 0

* FSM state transitions: 
1 --> 2 
2 --> 3 
3 --> 4 
4 --> 5 
5 --> 6 
6 --> 7 
7 --> 8 
8 --> 9 
9 --> 10 
10 --> 11 
11 --> 12 
12 --> 13 
13 --> 14 
14 --> 15 
15 --> 16 
16 --> 17 
17 --> 18 
18 --> 19 
19 --> 20 
20 --> 21 
21 --> 22 
22 --> 23 
23 --> 24 
24 --> 25 
25 --> 26 
26 --> 27 
27 --> 28 
28 --> 29 
29 --> 30 
30 --> 31 
31 --> 

* FSM state operations: 

State 1 <SV = 0> <Delay = 4.18>
ST_1 : Operation 32 [1/1] (1.41ns)   --->   "%layer4_out_read = read i480 @_ssdm_op_Read.ap_fifo.volatile.i480P0A, i480 %layer4_out" [firmware/nnet_utils/nnet_batchnorm_stream.h:28]   --->   Operation 32 'read' 'layer4_out_read' <Predicate = true> <Delay = 1.41> <CoreInst = "FIFO_SRL">   --->   Core 81 'FIFO_SRL' <Latency = 0> <II = 1> <Delay = 1.41> <Storage> <Opcode : 'read' 'write' 'nbread' 'nbwrite'> <Ports = 0> <Width = 480> <Depth = 1> <FIFO>
ST_1 : Operation 33 [1/1] (0.00ns)   --->   "%a = partselect i15 @_ssdm_op_PartSelect.i15.i480.i32.i32, i480 %layer4_out_read, i32 15, i32 29" [firmware/nnet_utils/nnet_batchnorm_stream.h:28]   --->   Operation 33 'partselect' 'a' <Predicate = true> <Delay = 0.00>
ST_1 : Operation 34 [1/1] (0.00ns)   --->   "%a_1 = partselect i15 @_ssdm_op_PartSelect.i15.i480.i32.i32, i480 %layer4_out_read, i32 30, i32 44" [firmware/nnet_utils/nnet_batchnorm_stream.h:28]   --->   Operation 34 'partselect' 'a_1' <Predicate = true> <Delay = 0.00>
ST_1 : Operation 35 [1/1] (0.00ns)   --->   "%a_2 = partselect i15 @_ssdm_op_PartSelect.i15.i480.i32.i32, i480 %layer4_out_read, i32 45, i32 59" [firmware/nnet_utils/nnet_batchnorm_stream.h:28]   --->   Operation 35 'partselect' 'a_2' <Predicate = true> <Delay = 0.00>
ST_1 : Operation 36 [1/1] (0.00ns)   --->   "%a_3 = partselect i15 @_ssdm_op_PartSelect.i15.i480.i32.i32, i480 %layer4_out_read, i32 60, i32 74" [firmware/nnet_utils/nnet_batchnorm_stream.h:28]   --->   Operation 36 'partselect' 'a_3' <Predicate = true> <Delay = 0.00>
ST_1 : Operation 37 [1/1] (0.00ns)   --->   "%a_4 = partselect i15 @_ssdm_op_PartSelect.i15.i480.i32.i32, i480 %layer4_out_read, i32 75, i32 89" [firmware/nnet_utils/nnet_batchnorm_stream.h:28]   --->   Operation 37 'partselect' 'a_4' <Predicate = true> <Delay = 0.00>
ST_1 : Operation 38 [1/1] (0.00ns)   --->   "%a_5 = partselect i15 @_ssdm_op_PartSelect.i15.i480.i32.i32, i480 %layer4_out_read, i32 90, i32 104" [firmware/nnet_utils/nnet_batchnorm_stream.h:28]   --->   Operation 38 'partselect' 'a_5' <Predicate = true> <Delay = 0.00>
ST_1 : Operation 39 [1/1] (0.00ns)   --->   "%a_6 = partselect i15 @_ssdm_op_PartSelect.i15.i480.i32.i32, i480 %layer4_out_read, i32 105, i32 119" [firmware/nnet_utils/nnet_batchnorm_stream.h:28]   --->   Operation 39 'partselect' 'a_6' <Predicate = true> <Delay = 0.00>
ST_1 : Operation 40 [1/1] (0.00ns)   --->   "%a_7 = partselect i15 @_ssdm_op_PartSelect.i15.i480.i32.i32, i480 %layer4_out_read, i32 120, i32 134" [firmware/nnet_utils/nnet_batchnorm_stream.h:28]   --->   Operation 40 'partselect' 'a_7' <Predicate = true> <Delay = 0.00>
ST_1 : Operation 41 [1/1] (0.00ns)   --->   "%a_8 = partselect i15 @_ssdm_op_PartSelect.i15.i480.i32.i32, i480 %layer4_out_read, i32 135, i32 149" [firmware/nnet_utils/nnet_batchnorm_stream.h:28]   --->   Operation 41 'partselect' 'a_8' <Predicate = true> <Delay = 0.00>
ST_1 : Operation 42 [1/1] (0.00ns)   --->   "%a_9 = partselect i15 @_ssdm_op_PartSelect.i15.i480.i32.i32, i480 %layer4_out_read, i32 150, i32 164" [firmware/nnet_utils/nnet_batchnorm_stream.h:28]   --->   Operation 42 'partselect' 'a_9' <Predicate = true> <Delay = 0.00>
ST_1 : Operation 43 [1/1] (0.00ns)   --->   "%a_28 = partselect i15 @_ssdm_op_PartSelect.i15.i480.i32.i32, i480 %layer4_out_read, i32 165, i32 179" [firmware/nnet_utils/nnet_batchnorm_stream.h:28]   --->   Operation 43 'partselect' 'a_28' <Predicate = true> <Delay = 0.00>
ST_1 : Operation 44 [1/1] (0.00ns)   --->   "%a_10 = partselect i15 @_ssdm_op_PartSelect.i15.i480.i32.i32, i480 %layer4_out_read, i32 180, i32 194" [firmware/nnet_utils/nnet_batchnorm_stream.h:28]   --->   Operation 44 'partselect' 'a_10' <Predicate = true> <Delay = 0.00>
ST_1 : Operation 45 [1/1] (0.00ns)   --->   "%a_11 = partselect i15 @_ssdm_op_PartSelect.i15.i480.i32.i32, i480 %layer4_out_read, i32 195, i32 209" [firmware/nnet_utils/nnet_batchnorm_stream.h:28]   --->   Operation 45 'partselect' 'a_11' <Predicate = true> <Delay = 0.00>
ST_1 : Operation 46 [1/1] (0.00ns)   --->   "%a_12 = partselect i15 @_ssdm_op_PartSelect.i15.i480.i32.i32, i480 %layer4_out_read, i32 210, i32 224" [firmware/nnet_utils/nnet_batchnorm_stream.h:28]   --->   Operation 46 'partselect' 'a_12' <Predicate = true> <Delay = 0.00>
ST_1 : Operation 47 [1/1] (0.00ns)   --->   "%a_13 = partselect i15 @_ssdm_op_PartSelect.i15.i480.i32.i32, i480 %layer4_out_read, i32 225, i32 239" [firmware/nnet_utils/nnet_batchnorm_stream.h:28]   --->   Operation 47 'partselect' 'a_13' <Predicate = true> <Delay = 0.00>
ST_1 : Operation 48 [1/1] (0.00ns)   --->   "%a_14 = partselect i15 @_ssdm_op_PartSelect.i15.i480.i32.i32, i480 %layer4_out_read, i32 240, i32 254" [firmware/nnet_utils/nnet_batchnorm_stream.h:28]   --->   Operation 48 'partselect' 'a_14' <Predicate = true> <Delay = 0.00>
ST_1 : Operation 49 [1/1] (0.00ns)   --->   "%a_15 = partselect i15 @_ssdm_op_PartSelect.i15.i480.i32.i32, i480 %layer4_out_read, i32 255, i32 269" [firmware/nnet_utils/nnet_batchnorm_stream.h:28]   --->   Operation 49 'partselect' 'a_15' <Predicate = true> <Delay = 0.00>
ST_1 : Operation 50 [1/1] (0.00ns)   --->   "%a_16 = partselect i15 @_ssdm_op_PartSelect.i15.i480.i32.i32, i480 %layer4_out_read, i32 270, i32 284" [firmware/nnet_utils/nnet_batchnorm_stream.h:28]   --->   Operation 50 'partselect' 'a_16' <Predicate = true> <Delay = 0.00>
ST_1 : Operation 51 [1/1] (0.00ns)   --->   "%a_17 = partselect i15 @_ssdm_op_PartSelect.i15.i480.i32.i32, i480 %layer4_out_read, i32 285, i32 299" [firmware/nnet_utils/nnet_batchnorm_stream.h:28]   --->   Operation 51 'partselect' 'a_17' <Predicate = true> <Delay = 0.00>
ST_1 : Operation 52 [1/1] (0.00ns)   --->   "%a_18 = partselect i15 @_ssdm_op_PartSelect.i15.i480.i32.i32, i480 %layer4_out_read, i32 300, i32 314" [firmware/nnet_utils/nnet_batchnorm_stream.h:28]   --->   Operation 52 'partselect' 'a_18' <Predicate = true> <Delay = 0.00>
ST_1 : Operation 53 [1/1] (0.00ns)   --->   "%a_19 = partselect i15 @_ssdm_op_PartSelect.i15.i480.i32.i32, i480 %layer4_out_read, i32 315, i32 329" [firmware/nnet_utils/nnet_batchnorm_stream.h:28]   --->   Operation 53 'partselect' 'a_19' <Predicate = true> <Delay = 0.00>
ST_1 : Operation 54 [1/1] (0.00ns)   --->   "%a_20 = partselect i15 @_ssdm_op_PartSelect.i15.i480.i32.i32, i480 %layer4_out_read, i32 330, i32 344" [firmware/nnet_utils/nnet_batchnorm_stream.h:28]   --->   Operation 54 'partselect' 'a_20' <Predicate = true> <Delay = 0.00>
ST_1 : Operation 55 [1/1] (0.00ns)   --->   "%a_21 = partselect i15 @_ssdm_op_PartSelect.i15.i480.i32.i32, i480 %layer4_out_read, i32 345, i32 359" [firmware/nnet_utils/nnet_batchnorm_stream.h:28]   --->   Operation 55 'partselect' 'a_21' <Predicate = true> <Delay = 0.00>
ST_1 : Operation 56 [1/1] (0.00ns)   --->   "%a_22 = partselect i15 @_ssdm_op_PartSelect.i15.i480.i32.i32, i480 %layer4_out_read, i32 360, i32 374" [firmware/nnet_utils/nnet_batchnorm_stream.h:28]   --->   Operation 56 'partselect' 'a_22' <Predicate = true> <Delay = 0.00>
ST_1 : Operation 57 [1/1] (0.00ns)   --->   "%a_23 = partselect i15 @_ssdm_op_PartSelect.i15.i480.i32.i32, i480 %layer4_out_read, i32 375, i32 389" [firmware/nnet_utils/nnet_batchnorm_stream.h:28]   --->   Operation 57 'partselect' 'a_23' <Predicate = true> <Delay = 0.00>
ST_1 : Operation 58 [1/1] (0.00ns)   --->   "%a_24 = partselect i15 @_ssdm_op_PartSelect.i15.i480.i32.i32, i480 %layer4_out_read, i32 390, i32 404" [firmware/nnet_utils/nnet_batchnorm_stream.h:28]   --->   Operation 58 'partselect' 'a_24' <Predicate = true> <Delay = 0.00>
ST_1 : Operation 59 [1/1] (0.00ns)   --->   "%a_25 = partselect i15 @_ssdm_op_PartSelect.i15.i480.i32.i32, i480 %layer4_out_read, i32 405, i32 419" [firmware/nnet_utils/nnet_batchnorm_stream.h:28]   --->   Operation 59 'partselect' 'a_25' <Predicate = true> <Delay = 0.00>
ST_1 : Operation 60 [1/1] (0.00ns)   --->   "%a_26 = partselect i15 @_ssdm_op_PartSelect.i15.i480.i32.i32, i480 %layer4_out_read, i32 420, i32 434" [firmware/nnet_utils/nnet_batchnorm_stream.h:28]   --->   Operation 60 'partselect' 'a_26' <Predicate = true> <Delay = 0.00>
ST_1 : Operation 61 [1/1] (0.00ns)   --->   "%a_27 = partselect i15 @_ssdm_op_PartSelect.i15.i480.i32.i32, i480 %layer4_out_read, i32 435, i32 449" [firmware/nnet_utils/nnet_batchnorm_stream.h:28]   --->   Operation 61 'partselect' 'a_27' <Predicate = true> <Delay = 0.00>
ST_1 : Operation 62 [1/1] (0.00ns)   --->   "%trunc_ln73 = trunc i480 %layer4_out_read" [firmware/nnet_utils/nnet_mult.h:73->firmware/nnet_utils/nnet_batchnorm_stream.h:41]   --->   Operation 62 'trunc' 'trunc_ln73' <Predicate = true> <Delay = 0.00>
ST_1 : Operation 63 [1/1] (0.00ns)   --->   "%shl_ln = bitconcatenate i26 @_ssdm_op_BitConcatenate.i26.i15.i11, i15 %trunc_ln73, i11 0" [firmware/nnet_utils/nnet_mult.h:73->firmware/nnet_utils/nnet_batchnorm_stream.h:41]   --->   Operation 63 'bitconcatenate' 'shl_ln' <Predicate = true> <Delay = 0.00>
ST_1 : Operation 64 [1/1] (0.00ns)   --->   "%zext_ln73 = zext i26 %shl_ln" [firmware/nnet_utils/nnet_mult.h:73->firmware/nnet_utils/nnet_batchnorm_stream.h:41]   --->   Operation 64 'zext' 'zext_ln73' <Predicate = true> <Delay = 0.00>
ST_1 : Operation 65 [1/1] (0.00ns)   --->   "%shl_ln73_1 = bitconcatenate i23 @_ssdm_op_BitConcatenate.i23.i15.i8, i15 %trunc_ln73, i8 0" [firmware/nnet_utils/nnet_mult.h:73->firmware/nnet_utils/nnet_batchnorm_stream.h:41]   --->   Operation 65 'bitconcatenate' 'shl_ln73_1' <Predicate = true> <Delay = 0.00>
ST_1 : Operation 66 [1/1] (0.00ns)   --->   "%zext_ln73_1 = zext i23 %shl_ln73_1" [firmware/nnet_utils/nnet_mult.h:73->firmware/nnet_utils/nnet_batchnorm_stream.h:41]   --->   Operation 66 'zext' 'zext_ln73_1' <Predicate = true> <Delay = 0.00>
ST_1 : Operation 67 [1/1] (0.00ns) (grouped into TernaryAdder)   --->   "%add_ln42_32 = add i27 %zext_ln73, i27 %zext_ln73_1" [firmware/nnet_utils/nnet_batchnorm_stream.h:42]   --->   Operation 67 'add' 'add_ln42_32' <Predicate = true> <Delay = 0.00> <CoreInst = "TAddSub">   --->   Core 10 'TAddSub' <Latency = 0> <II = 1> <Delay = 0.35> <IPBlock> <Opcode : '<invalid operator> ' 'add' 'sub'> <InPorts = 3> <OutPorts = 1> <Sync> <CReg>
ST_1 : Operation 68 [1/1] (0.71ns) (root node of TernaryAdder)   --->   "%add_ln42 = add i27 %add_ln42_32, i27 117407744" [firmware/nnet_utils/nnet_batchnorm_stream.h:42]   --->   Operation 68 'add' 'add_ln42' <Predicate = true> <Delay = 0.71> <CoreInst = "TAddSub">   --->   Core 10 'TAddSub' <Latency = 0> <II = 1> <Delay = 0.35> <IPBlock> <Opcode : '<invalid operator> ' 'add' 'sub'> <InPorts = 3> <OutPorts = 1> <Sync> <CReg>
ST_1 : Operation 69 [1/1] (0.00ns)   --->   "%trunc_ln = partselect i12 @_ssdm_op_PartSelect.i12.i27.i32.i32, i27 %add_ln42, i32 15, i32 26" [firmware/nnet_utils/nnet_batchnorm_stream.h:41]   --->   Operation 69 'partselect' 'trunc_ln' <Predicate = true> <Delay = 0.00>
ST_1 : Operation 70 [1/1] (0.00ns)   --->   "%zext_ln73_2 = zext i15 %a" [firmware/nnet_utils/nnet_mult.h:73->firmware/nnet_utils/nnet_batchnorm_stream.h:41]   --->   Operation 70 'zext' 'zext_ln73_2' <Predicate = true> <Delay = 0.00>
ST_1 : Operation 71 [1/1] (1.92ns)   --->   "%mul_ln73 = mul i26 %zext_ln73_2, i26 1855" [firmware/nnet_utils/nnet_mult.h:73->firmware/nnet_utils/nnet_batchnorm_stream.h:41]   --->   Operation 71 'mul' 'mul_ln73' <Predicate = true> <Delay = 1.92> <CoreInst = "Multiplier">   --->   Core 3 'Multiplier' <Latency = 0> <II = 1> <Delay = 1.92> <FuncUnit> <Opcode : 'mul'> <InPorts = 2> <OutPorts = 1>
ST_1 : Operation 72 [1/1] (0.00ns)   --->   "%zext_ln42 = zext i26 %mul_ln73" [firmware/nnet_utils/nnet_batchnorm_stream.h:42]   --->   Operation 72 'zext' 'zext_ln42' <Predicate = true> <Delay = 0.00>
ST_1 : Operation 73 [1/1] (0.84ns)   --->   "%add_ln42_1 = add i27 %zext_ln42, i27 122519552" [firmware/nnet_utils/nnet_batchnorm_stream.h:42]   --->   Operation 73 'add' 'add_ln42_1' <Predicate = true> <Delay = 0.84> <CoreInst = "Adder">   --->   Core 1 'Adder' <Latency = 0> <II = 1> <Delay = 0.84> <FuncUnit> <Opcode : 'add' 'sub'> <InPorts = 2> <OutPorts = 1>
ST_1 : Operation 74 [1/1] (0.00ns)   --->   "%trunc_ln41_1 = partselect i12 @_ssdm_op_PartSelect.i12.i27.i32.i32, i27 %add_ln42_1, i32 15, i32 26" [firmware/nnet_utils/nnet_batchnorm_stream.h:41]   --->   Operation 74 'partselect' 'trunc_ln41_1' <Predicate = true> <Delay = 0.00>
ST_1 : Operation 75 [1/1] (0.00ns)   --->   "%trunc_ln3 = partselect i15 @_ssdm_op_PartSelect.i15.i480.i32.i32, i480 %layer4_out_read, i32 450, i32 464" [firmware/nnet_utils/nnet_mult.h:73->firmware/nnet_utils/nnet_batchnorm_stream.h:41]   --->   Operation 75 'partselect' 'trunc_ln3' <Predicate = true> <Delay = 0.00>
ST_1 : Operation 76 [1/1] (0.00ns)   --->   "%trunc_ln73_1 = partselect i15 @_ssdm_op_PartSelect.i15.i480.i32.i32, i480 %layer4_out_read, i32 465, i32 479" [firmware/nnet_utils/nnet_mult.h:73->firmware/nnet_utils/nnet_batchnorm_stream.h:41]   --->   Operation 76 'partselect' 'trunc_ln73_1' <Predicate = true> <Delay = 0.00>

State 2 <SV = 1> <Delay = 2.76>
ST_2 : Operation 77 [1/1] (0.00ns)   --->   "%zext_ln73_3 = zext i15 %a_1" [firmware/nnet_utils/nnet_mult.h:73->firmware/nnet_utils/nnet_batchnorm_stream.h:41]   --->   Operation 77 'zext' 'zext_ln73_3' <Predicate = true> <Delay = 0.00>
ST_2 : Operation 78 [1/1] (1.92ns)   --->   "%mul_ln73_1 = mul i26 %zext_ln73_3, i26 1901" [firmware/nnet_utils/nnet_mult.h:73->firmware/nnet_utils/nnet_batchnorm_stream.h:41]   --->   Operation 78 'mul' 'mul_ln73_1' <Predicate = true> <Delay = 1.92> <CoreInst = "Multiplier">   --->   Core 3 'Multiplier' <Latency = 0> <II = 1> <Delay = 1.92> <FuncUnit> <Opcode : 'mul'> <InPorts = 2> <OutPorts = 1>
ST_2 : Operation 79 [1/1] (0.00ns)   --->   "%zext_ln42_1 = zext i26 %mul_ln73_1" [firmware/nnet_utils/nnet_batchnorm_stream.h:42]   --->   Operation 79 'zext' 'zext_ln42_1' <Predicate = true> <Delay = 0.00>
ST_2 : Operation 80 [1/1] (0.84ns)   --->   "%add_ln42_2 = add i27 %zext_ln42_1, i27 124551168" [firmware/nnet_utils/nnet_batchnorm_stream.h:42]   --->   Operation 80 'add' 'add_ln42_2' <Predicate = true> <Delay = 0.84> <CoreInst = "Adder">   --->   Core 1 'Adder' <Latency = 0> <II = 1> <Delay = 0.84> <FuncUnit> <Opcode : 'add' 'sub'> <InPorts = 2> <OutPorts = 1>
ST_2 : Operation 81 [1/1] (0.00ns)   --->   "%trunc_ln41_2 = partselect i12 @_ssdm_op_PartSelect.i12.i27.i32.i32, i27 %add_ln42_2, i32 15, i32 26" [firmware/nnet_utils/nnet_batchnorm_stream.h:41]   --->   Operation 81 'partselect' 'trunc_ln41_2' <Predicate = true> <Delay = 0.00>

State 3 <SV = 2> <Delay = 2.76>
ST_3 : Operation 82 [1/1] (0.00ns)   --->   "%zext_ln73_4 = zext i15 %a_2" [firmware/nnet_utils/nnet_mult.h:73->firmware/nnet_utils/nnet_batchnorm_stream.h:41]   --->   Operation 82 'zext' 'zext_ln73_4' <Predicate = true> <Delay = 0.00>
ST_3 : Operation 83 [1/1] (1.92ns)   --->   "%mul_ln73_2 = mul i26 %zext_ln73_4, i26 1831" [firmware/nnet_utils/nnet_mult.h:73->firmware/nnet_utils/nnet_batchnorm_stream.h:41]   --->   Operation 83 'mul' 'mul_ln73_2' <Predicate = true> <Delay = 1.92> <CoreInst = "Multiplier">   --->   Core 3 'Multiplier' <Latency = 0> <II = 1> <Delay = 1.92> <FuncUnit> <Opcode : 'mul'> <InPorts = 2> <OutPorts = 1>
ST_3 : Operation 84 [1/1] (0.00ns)   --->   "%zext_ln42_2 = zext i26 %mul_ln73_2" [firmware/nnet_utils/nnet_batchnorm_stream.h:42]   --->   Operation 84 'zext' 'zext_ln42_2' <Predicate = true> <Delay = 0.00>
ST_3 : Operation 85 [1/1] (0.84ns)   --->   "%add_ln42_3 = add i27 %zext_ln42_2, i27 126582784" [firmware/nnet_utils/nnet_batchnorm_stream.h:42]   --->   Operation 85 'add' 'add_ln42_3' <Predicate = true> <Delay = 0.84> <CoreInst = "Adder">   --->   Core 1 'Adder' <Latency = 0> <II = 1> <Delay = 0.84> <FuncUnit> <Opcode : 'add' 'sub'> <InPorts = 2> <OutPorts = 1>
ST_3 : Operation 86 [1/1] (0.00ns)   --->   "%trunc_ln41_3 = partselect i12 @_ssdm_op_PartSelect.i12.i27.i32.i32, i27 %add_ln42_3, i32 15, i32 26" [firmware/nnet_utils/nnet_batchnorm_stream.h:41]   --->   Operation 86 'partselect' 'trunc_ln41_3' <Predicate = true> <Delay = 0.00>

State 4 <SV = 3> <Delay = 2.76>
ST_4 : Operation 87 [1/1] (0.00ns)   --->   "%zext_ln73_5 = zext i15 %a_3" [firmware/nnet_utils/nnet_mult.h:73->firmware/nnet_utils/nnet_batchnorm_stream.h:41]   --->   Operation 87 'zext' 'zext_ln73_5' <Predicate = true> <Delay = 0.00>
ST_4 : Operation 88 [1/1] (1.92ns)   --->   "%mul_ln73_3 = mul i26 %zext_ln73_5, i26 1468" [firmware/nnet_utils/nnet_mult.h:73->firmware/nnet_utils/nnet_batchnorm_stream.h:41]   --->   Operation 88 'mul' 'mul_ln73_3' <Predicate = true> <Delay = 1.92> <CoreInst = "Multiplier">   --->   Core 3 'Multiplier' <Latency = 0> <II = 1> <Delay = 1.92> <FuncUnit> <Opcode : 'mul'> <InPorts = 2> <OutPorts = 1>
ST_4 : Operation 89 [1/1] (0.84ns)   --->   "%add_ln42_4 = add i26 %mul_ln73_3, i26 38273024" [firmware/nnet_utils/nnet_batchnorm_stream.h:42]   --->   Operation 89 'add' 'add_ln42_4' <Predicate = true> <Delay = 0.84> <CoreInst = "Adder">   --->   Core 1 'Adder' <Latency = 0> <II = 1> <Delay = 0.84> <FuncUnit> <Opcode : 'add' 'sub'> <InPorts = 2> <OutPorts = 1>
ST_4 : Operation 90 [1/1] (0.00ns)   --->   "%trunc_ln41_4 = partselect i11 @_ssdm_op_PartSelect.i11.i26.i32.i32, i26 %add_ln42_4, i32 15, i32 25" [firmware/nnet_utils/nnet_batchnorm_stream.h:41]   --->   Operation 90 'partselect' 'trunc_ln41_4' <Predicate = true> <Delay = 0.00>

State 5 <SV = 4> <Delay = 2.77>
ST_5 : Operation 91 [1/1] (0.00ns)   --->   "%zext_ln73_7 = zext i15 %a_4" [firmware/nnet_utils/nnet_mult.h:73->firmware/nnet_utils/nnet_batchnorm_stream.h:41]   --->   Operation 91 'zext' 'zext_ln73_7' <Predicate = true> <Delay = 0.00>
ST_5 : Operation 92 [1/1] (1.92ns)   --->   "%mul_ln73_4 = mul i26 %zext_ln73_7, i26 1781" [firmware/nnet_utils/nnet_mult.h:73->firmware/nnet_utils/nnet_batchnorm_stream.h:41]   --->   Operation 92 'mul' 'mul_ln73_4' <Predicate = true> <Delay = 1.92> <CoreInst = "Multiplier">   --->   Core 3 'Multiplier' <Latency = 0> <II = 1> <Delay = 1.92> <FuncUnit> <Opcode : 'mul'> <InPorts = 2> <OutPorts = 1>
ST_5 : Operation 93 [1/1] (0.00ns)   --->   "%zext_ln42_3 = zext i26 %mul_ln73_4" [firmware/nnet_utils/nnet_batchnorm_stream.h:42]   --->   Operation 93 'zext' 'zext_ln42_3' <Predicate = true> <Delay = 0.00>
ST_5 : Operation 94 [1/1] (0.85ns)   --->   "%add_ln42_5 = add i27 %zext_ln42_3, i27 78807040" [firmware/nnet_utils/nnet_batchnorm_stream.h:42]   --->   Operation 94 'add' 'add_ln42_5' <Predicate = true> <Delay = 0.85> <CoreInst = "Adder">   --->   Core 1 'Adder' <Latency = 0> <II = 1> <Delay = 0.85> <FuncUnit> <Opcode : 'add' 'sub'> <InPorts = 2> <OutPorts = 1>
ST_5 : Operation 95 [1/1] (0.00ns)   --->   "%trunc_ln41_5 = partselect i12 @_ssdm_op_PartSelect.i12.i27.i32.i32, i27 %add_ln42_5, i32 15, i32 26" [firmware/nnet_utils/nnet_batchnorm_stream.h:41]   --->   Operation 95 'partselect' 'trunc_ln41_5' <Predicate = true> <Delay = 0.00>

State 6 <SV = 5> <Delay = 2.81>
ST_6 : Operation 96 [1/1] (0.00ns)   --->   "%zext_ln73_6 = zext i15 %a_5" [firmware/nnet_utils/nnet_mult.h:73->firmware/nnet_utils/nnet_batchnorm_stream.h:41]   --->   Operation 96 'zext' 'zext_ln73_6' <Predicate = true> <Delay = 0.00>
ST_6 : Operation 97 [1/1] (1.94ns)   --->   "%mul_ln73_5 = mul i31 %zext_ln73_6, i31 2147451362" [firmware/nnet_utils/nnet_mult.h:73->firmware/nnet_utils/nnet_batchnorm_stream.h:41]   --->   Operation 97 'mul' 'mul_ln73_5' <Predicate = true> <Delay = 1.94> <CoreInst = "Multiplier">   --->   Core 3 'Multiplier' <Latency = 0> <II = 1> <Delay = 1.92> <FuncUnit> <Opcode : 'mul'> <InPorts = 2> <OutPorts = 1>
ST_6 : Operation 98 [1/1] (0.87ns)   --->   "%add_ln42_6 = add i31 %mul_ln73_5, i31 2141618176" [firmware/nnet_utils/nnet_batchnorm_stream.h:42]   --->   Operation 98 'add' 'add_ln42_6' <Predicate = true> <Delay = 0.87> <CoreInst = "Adder">   --->   Core 1 'Adder' <Latency = 0> <II = 1> <Delay = 0.87> <FuncUnit> <Opcode : 'add' 'sub'> <InPorts = 2> <OutPorts = 1>
ST_6 : Operation 99 [1/1] (0.00ns)   --->   "%trunc_ln41_6 = partselect i16 @_ssdm_op_PartSelect.i16.i31.i32.i32, i31 %add_ln42_6, i32 15, i32 30" [firmware/nnet_utils/nnet_batchnorm_stream.h:41]   --->   Operation 99 'partselect' 'trunc_ln41_6' <Predicate = true> <Delay = 0.00>

State 7 <SV = 6> <Delay = 2.80>
ST_7 : Operation 100 [1/1] (0.00ns)   --->   "%zext_ln73_8 = zext i15 %a_6" [firmware/nnet_utils/nnet_mult.h:73->firmware/nnet_utils/nnet_batchnorm_stream.h:41]   --->   Operation 100 'zext' 'zext_ln73_8' <Predicate = true> <Delay = 0.00>
ST_7 : Operation 101 [1/1] (1.94ns)   --->   "%mul_ln73_6 = mul i30 %zext_ln73_8, i30 16808" [firmware/nnet_utils/nnet_mult.h:73->firmware/nnet_utils/nnet_batchnorm_stream.h:41]   --->   Operation 101 'mul' 'mul_ln73_6' <Predicate = true> <Delay = 1.94> <CoreInst = "Multiplier">   --->   Core 3 'Multiplier' <Latency = 0> <II = 1> <Delay = 1.92> <FuncUnit> <Opcode : 'mul'> <InPorts = 2> <OutPorts = 1>
ST_7 : Operation 102 [1/1] (0.00ns)   --->   "%zext_ln42_4 = zext i30 %mul_ln73_6" [firmware/nnet_utils/nnet_batchnorm_stream.h:42]   --->   Operation 102 'zext' 'zext_ln42_4' <Predicate = true> <Delay = 0.00>
ST_7 : Operation 103 [1/1] (0.86ns)   --->   "%add_ln42_7 = add i31 %zext_ln42_4, i31 2145976320" [firmware/nnet_utils/nnet_batchnorm_stream.h:42]   --->   Operation 103 'add' 'add_ln42_7' <Predicate = true> <Delay = 0.86> <CoreInst = "Adder">   --->   Core 1 'Adder' <Latency = 0> <II = 1> <Delay = 0.86> <FuncUnit> <Opcode : 'add' 'sub'> <InPorts = 2> <OutPorts = 1>
ST_7 : Operation 104 [1/1] (0.00ns)   --->   "%trunc_ln41_7 = partselect i16 @_ssdm_op_PartSelect.i16.i31.i32.i32, i31 %add_ln42_7, i32 15, i32 30" [firmware/nnet_utils/nnet_batchnorm_stream.h:41]   --->   Operation 104 'partselect' 'trunc_ln41_7' <Predicate = true> <Delay = 0.00>

State 8 <SV = 7> <Delay = 2.78>
ST_8 : Operation 105 [1/1] (0.00ns)   --->   "%zext_ln73_10 = zext i15 %a_7" [firmware/nnet_utils/nnet_mult.h:73->firmware/nnet_utils/nnet_batchnorm_stream.h:41]   --->   Operation 105 'zext' 'zext_ln73_10' <Predicate = true> <Delay = 0.00>
ST_8 : Operation 106 [1/1] (1.92ns)   --->   "%mul_ln73_7 = mul i27 %zext_ln73_10, i27 3005" [firmware/nnet_utils/nnet_mult.h:73->firmware/nnet_utils/nnet_batchnorm_stream.h:41]   --->   Operation 106 'mul' 'mul_ln73_7' <Predicate = true> <Delay = 1.92> <CoreInst = "Multiplier">   --->   Core 3 'Multiplier' <Latency = 0> <II = 1> <Delay = 1.92> <FuncUnit> <Opcode : 'mul'> <InPorts = 2> <OutPorts = 1>
ST_8 : Operation 107 [1/1] (0.00ns)   --->   "%zext_ln42_5 = zext i27 %mul_ln73_7" [firmware/nnet_utils/nnet_batchnorm_stream.h:42]   --->   Operation 107 'zext' 'zext_ln42_5' <Predicate = true> <Delay = 0.00>
ST_8 : Operation 108 [1/1] (0.85ns)   --->   "%add_ln42_8 = add i28 %zext_ln42_5, i28 172883968" [firmware/nnet_utils/nnet_batchnorm_stream.h:42]   --->   Operation 108 'add' 'add_ln42_8' <Predicate = true> <Delay = 0.85> <CoreInst = "Adder">   --->   Core 1 'Adder' <Latency = 0> <II = 1> <Delay = 0.85> <FuncUnit> <Opcode : 'add' 'sub'> <InPorts = 2> <OutPorts = 1>
ST_8 : Operation 109 [1/1] (0.00ns)   --->   "%trunc_ln41_8 = partselect i13 @_ssdm_op_PartSelect.i13.i28.i32.i32, i28 %add_ln42_8, i32 15, i32 27" [firmware/nnet_utils/nnet_batchnorm_stream.h:41]   --->   Operation 109 'partselect' 'trunc_ln41_8' <Predicate = true> <Delay = 0.00>

State 9 <SV = 8> <Delay = 2.81>
ST_9 : Operation 110 [1/1] (0.00ns)   --->   "%zext_ln73_9 = zext i15 %a_8" [firmware/nnet_utils/nnet_mult.h:73->firmware/nnet_utils/nnet_batchnorm_stream.h:41]   --->   Operation 110 'zext' 'zext_ln73_9' <Predicate = true> <Delay = 0.00>
ST_9 : Operation 111 [1/1] (1.94ns)   --->   "%mul_ln73_8 = mul i31 %zext_ln73_9, i31 2147452396" [firmware/nnet_utils/nnet_mult.h:73->firmware/nnet_utils/nnet_batchnorm_stream.h:41]   --->   Operation 111 'mul' 'mul_ln73_8' <Predicate = true> <Delay = 1.94> <CoreInst = "Multiplier">   --->   Core 3 'Multiplier' <Latency = 0> <II = 1> <Delay = 1.92> <FuncUnit> <Opcode : 'mul'> <InPorts = 2> <OutPorts = 1>
ST_9 : Operation 112 [1/1] (0.87ns)   --->   "%add_ln42_9 = add i31 %mul_ln73_8, i31 2147385344" [firmware/nnet_utils/nnet_batchnorm_stream.h:42]   --->   Operation 112 'add' 'add_ln42_9' <Predicate = true> <Delay = 0.87> <CoreInst = "Adder">   --->   Core 1 'Adder' <Latency = 0> <II = 1> <Delay = 0.87> <FuncUnit> <Opcode : 'add' 'sub'> <InPorts = 2> <OutPorts = 1>
ST_9 : Operation 113 [1/1] (0.00ns)   --->   "%trunc_ln41_9 = partselect i16 @_ssdm_op_PartSelect.i16.i31.i32.i32, i31 %add_ln42_9, i32 15, i32 30" [firmware/nnet_utils/nnet_batchnorm_stream.h:41]   --->   Operation 113 'partselect' 'trunc_ln41_9' <Predicate = true> <Delay = 0.00>

State 10 <SV = 9> <Delay = 2.77>
ST_10 : Operation 114 [1/1] (0.00ns)   --->   "%zext_ln73_11 = zext i15 %a_9" [firmware/nnet_utils/nnet_mult.h:73->firmware/nnet_utils/nnet_batchnorm_stream.h:41]   --->   Operation 114 'zext' 'zext_ln73_11' <Predicate = true> <Delay = 0.00>
ST_10 : Operation 115 [1/1] (1.92ns)   --->   "%mul_ln73_9 = mul i27 %zext_ln73_11, i27 2295" [firmware/nnet_utils/nnet_mult.h:73->firmware/nnet_utils/nnet_batchnorm_stream.h:41]   --->   Operation 115 'mul' 'mul_ln73_9' <Predicate = true> <Delay = 1.92> <CoreInst = "Multiplier">   --->   Core 3 'Multiplier' <Latency = 0> <II = 1> <Delay = 1.92> <FuncUnit> <Opcode : 'mul'> <InPorts = 2> <OutPorts = 1>
ST_10 : Operation 116 [1/1] (0.85ns)   --->   "%add_ln42_10 = add i27 %mul_ln73_9, i27 72417280" [firmware/nnet_utils/nnet_batchnorm_stream.h:42]   --->   Operation 116 'add' 'add_ln42_10' <Predicate = true> <Delay = 0.85> <CoreInst = "Adder">   --->   Core 1 'Adder' <Latency = 0> <II = 1> <Delay = 0.85> <FuncUnit> <Opcode : 'add' 'sub'> <InPorts = 2> <OutPorts = 1>
ST_10 : Operation 117 [1/1] (0.00ns)   --->   "%trunc_ln41_s = partselect i12 @_ssdm_op_PartSelect.i12.i27.i32.i32, i27 %add_ln42_10, i32 15, i32 26" [firmware/nnet_utils/nnet_batchnorm_stream.h:41]   --->   Operation 117 'partselect' 'trunc_ln41_s' <Predicate = true> <Delay = 0.00>

State 11 <SV = 10> <Delay = 2.76>
ST_11 : Operation 118 [1/1] (0.00ns)   --->   "%zext_ln73_12 = zext i15 %a_28" [firmware/nnet_utils/nnet_mult.h:73->firmware/nnet_utils/nnet_batchnorm_stream.h:41]   --->   Operation 118 'zext' 'zext_ln73_12' <Predicate = true> <Delay = 0.00>
ST_11 : Operation 119 [1/1] (1.92ns)   --->   "%mul_ln73_10 = mul i26 %zext_ln73_12, i26 1552" [firmware/nnet_utils/nnet_mult.h:73->firmware/nnet_utils/nnet_batchnorm_stream.h:41]   --->   Operation 119 'mul' 'mul_ln73_10' <Predicate = true> <Delay = 1.92> <CoreInst = "Multiplier">   --->   Core 3 'Multiplier' <Latency = 0> <II = 1> <Delay = 1.92> <FuncUnit> <Opcode : 'mul'> <InPorts = 2> <OutPorts = 1>
ST_11 : Operation 120 [1/1] (0.84ns)   --->   "%add_ln42_11 = add i26 %mul_ln73_10, i26 33652736" [firmware/nnet_utils/nnet_batchnorm_stream.h:42]   --->   Operation 120 'add' 'add_ln42_11' <Predicate = true> <Delay = 0.84> <CoreInst = "Adder">   --->   Core 1 'Adder' <Latency = 0> <II = 1> <Delay = 0.84> <FuncUnit> <Opcode : 'add' 'sub'> <InPorts = 2> <OutPorts = 1>
ST_11 : Operation 121 [1/1] (0.00ns)   --->   "%trunc_ln41_10 = partselect i11 @_ssdm_op_PartSelect.i11.i26.i32.i32, i26 %add_ln42_11, i32 15, i32 25" [firmware/nnet_utils/nnet_batchnorm_stream.h:41]   --->   Operation 121 'partselect' 'trunc_ln41_10' <Predicate = true> <Delay = 0.00>

State 12 <SV = 11> <Delay = 2.76>
ST_12 : Operation 122 [1/1] (0.00ns)   --->   "%zext_ln73_13 = zext i15 %a_10" [firmware/nnet_utils/nnet_mult.h:73->firmware/nnet_utils/nnet_batchnorm_stream.h:41]   --->   Operation 122 'zext' 'zext_ln73_13' <Predicate = true> <Delay = 0.00>
ST_12 : Operation 123 [1/1] (1.92ns)   --->   "%mul_ln73_11 = mul i26 %zext_ln73_13, i26 1702" [firmware/nnet_utils/nnet_mult.h:73->firmware/nnet_utils/nnet_batchnorm_stream.h:41]   --->   Operation 123 'mul' 'mul_ln73_11' <Predicate = true> <Delay = 1.92> <CoreInst = "Multiplier">   --->   Core 3 'Multiplier' <Latency = 0> <II = 1> <Delay = 1.92> <FuncUnit> <Opcode : 'mul'> <InPorts = 2> <OutPorts = 1>
ST_12 : Operation 124 [1/1] (0.00ns)   --->   "%zext_ln42_6 = zext i26 %mul_ln73_11" [firmware/nnet_utils/nnet_batchnorm_stream.h:42]   --->   Operation 124 'zext' 'zext_ln42_6' <Predicate = true> <Delay = 0.00>
ST_12 : Operation 125 [1/1] (0.84ns)   --->   "%add_ln42_12 = add i27 %zext_ln42_6, i27 123174912" [firmware/nnet_utils/nnet_batchnorm_stream.h:42]   --->   Operation 125 'add' 'add_ln42_12' <Predicate = true> <Delay = 0.84> <CoreInst = "Adder">   --->   Core 1 'Adder' <Latency = 0> <II = 1> <Delay = 0.84> <FuncUnit> <Opcode : 'add' 'sub'> <InPorts = 2> <OutPorts = 1>
ST_12 : Operation 126 [1/1] (0.00ns)   --->   "%trunc_ln41_11 = partselect i12 @_ssdm_op_PartSelect.i12.i27.i32.i32, i27 %add_ln42_12, i32 15, i32 26" [firmware/nnet_utils/nnet_batchnorm_stream.h:41]   --->   Operation 126 'partselect' 'trunc_ln41_11' <Predicate = true> <Delay = 0.00>

State 13 <SV = 12> <Delay = 2.76>
ST_13 : Operation 127 [1/1] (0.00ns)   --->   "%zext_ln73_14 = zext i15 %a_11" [firmware/nnet_utils/nnet_mult.h:73->firmware/nnet_utils/nnet_batchnorm_stream.h:41]   --->   Operation 127 'zext' 'zext_ln73_14' <Predicate = true> <Delay = 0.00>
ST_13 : Operation 128 [1/1] (1.92ns)   --->   "%mul_ln73_12 = mul i26 %zext_ln73_14, i26 1878" [firmware/nnet_utils/nnet_mult.h:73->firmware/nnet_utils/nnet_batchnorm_stream.h:41]   --->   Operation 128 'mul' 'mul_ln73_12' <Predicate = true> <Delay = 1.92> <CoreInst = "Multiplier">   --->   Core 3 'Multiplier' <Latency = 0> <II = 1> <Delay = 1.92> <FuncUnit> <Opcode : 'mul'> <InPorts = 2> <OutPorts = 1>
ST_13 : Operation 129 [1/1] (0.84ns)   --->   "%add_ln42_13 = add i26 %mul_ln73_12, i26 34275328" [firmware/nnet_utils/nnet_batchnorm_stream.h:42]   --->   Operation 129 'add' 'add_ln42_13' <Predicate = true> <Delay = 0.84> <CoreInst = "Adder">   --->   Core 1 'Adder' <Latency = 0> <II = 1> <Delay = 0.84> <FuncUnit> <Opcode : 'add' 'sub'> <InPorts = 2> <OutPorts = 1>
ST_13 : Operation 130 [1/1] (0.00ns)   --->   "%trunc_ln41_12 = partselect i11 @_ssdm_op_PartSelect.i11.i26.i32.i32, i26 %add_ln42_13, i32 15, i32 25" [firmware/nnet_utils/nnet_batchnorm_stream.h:41]   --->   Operation 130 'partselect' 'trunc_ln41_12' <Predicate = true> <Delay = 0.00>

State 14 <SV = 13> <Delay = 2.76>
ST_14 : Operation 131 [1/1] (0.00ns)   --->   "%zext_ln73_15 = zext i15 %a_12" [firmware/nnet_utils/nnet_mult.h:73->firmware/nnet_utils/nnet_batchnorm_stream.h:41]   --->   Operation 131 'zext' 'zext_ln73_15' <Predicate = true> <Delay = 0.00>
ST_14 : Operation 132 [1/1] (1.92ns)   --->   "%mul_ln73_13 = mul i25 %zext_ln73_15, i25 889" [firmware/nnet_utils/nnet_mult.h:73->firmware/nnet_utils/nnet_batchnorm_stream.h:41]   --->   Operation 132 'mul' 'mul_ln73_13' <Predicate = true> <Delay = 1.92> <CoreInst = "Multiplier">   --->   Core 3 'Multiplier' <Latency = 0> <II = 1> <Delay = 1.92> <FuncUnit> <Opcode : 'mul'> <InPorts = 2> <OutPorts = 1>
ST_14 : Operation 133 [1/1] (0.00ns)   --->   "%zext_ln42_7 = zext i25 %mul_ln73_13" [firmware/nnet_utils/nnet_batchnorm_stream.h:42]   --->   Operation 133 'zext' 'zext_ln42_7' <Predicate = true> <Delay = 0.00>
ST_14 : Operation 134 [1/1] (0.83ns)   --->   "%add_ln42_14 = add i26 %zext_ln42_7, i26 65306624" [firmware/nnet_utils/nnet_batchnorm_stream.h:42]   --->   Operation 134 'add' 'add_ln42_14' <Predicate = true> <Delay = 0.83> <CoreInst = "Adder">   --->   Core 1 'Adder' <Latency = 0> <II = 1> <Delay = 0.83> <FuncUnit> <Opcode : 'add' 'sub'> <InPorts = 2> <OutPorts = 1>
ST_14 : Operation 135 [1/1] (0.00ns)   --->   "%trunc_ln41_13 = partselect i11 @_ssdm_op_PartSelect.i11.i26.i32.i32, i26 %add_ln42_14, i32 15, i32 25" [firmware/nnet_utils/nnet_batchnorm_stream.h:41]   --->   Operation 135 'partselect' 'trunc_ln41_13' <Predicate = true> <Delay = 0.00>

State 15 <SV = 14> <Delay = 2.78>
ST_15 : Operation 136 [1/1] (0.00ns)   --->   "%zext_ln73_16 = zext i15 %a_13" [firmware/nnet_utils/nnet_mult.h:73->firmware/nnet_utils/nnet_batchnorm_stream.h:41]   --->   Operation 136 'zext' 'zext_ln73_16' <Predicate = true> <Delay = 0.00>
ST_15 : Operation 137 [1/1] (1.92ns)   --->   "%mul_ln73_14 = mul i27 %zext_ln73_16, i27 2275" [firmware/nnet_utils/nnet_mult.h:73->firmware/nnet_utils/nnet_batchnorm_stream.h:41]   --->   Operation 137 'mul' 'mul_ln73_14' <Predicate = true> <Delay = 1.92> <CoreInst = "Multiplier">   --->   Core 3 'Multiplier' <Latency = 0> <II = 1> <Delay = 1.92> <FuncUnit> <Opcode : 'mul'> <InPorts = 2> <OutPorts = 1>
ST_15 : Operation 138 [1/1] (0.00ns)   --->   "%zext_ln42_8 = zext i27 %mul_ln73_14" [firmware/nnet_utils/nnet_batchnorm_stream.h:42]   --->   Operation 138 'zext' 'zext_ln42_8' <Predicate = true> <Delay = 0.00>
ST_15 : Operation 139 [1/1] (0.85ns)   --->   "%add_ln42_15 = add i28 %zext_ln42_8, i28 197787648" [firmware/nnet_utils/nnet_batchnorm_stream.h:42]   --->   Operation 139 'add' 'add_ln42_15' <Predicate = true> <Delay = 0.85> <CoreInst = "Adder">   --->   Core 1 'Adder' <Latency = 0> <II = 1> <Delay = 0.85> <FuncUnit> <Opcode : 'add' 'sub'> <InPorts = 2> <OutPorts = 1>
ST_15 : Operation 140 [1/1] (0.00ns)   --->   "%trunc_ln41_14 = partselect i13 @_ssdm_op_PartSelect.i13.i28.i32.i32, i28 %add_ln42_15, i32 15, i32 27" [firmware/nnet_utils/nnet_batchnorm_stream.h:41]   --->   Operation 140 'partselect' 'trunc_ln41_14' <Predicate = true> <Delay = 0.00>

State 16 <SV = 15> <Delay = 2.77>
ST_16 : Operation 141 [1/1] (0.00ns)   --->   "%zext_ln73_17 = zext i15 %a_14" [firmware/nnet_utils/nnet_mult.h:73->firmware/nnet_utils/nnet_batchnorm_stream.h:41]   --->   Operation 141 'zext' 'zext_ln73_17' <Predicate = true> <Delay = 0.00>
ST_16 : Operation 142 [1/1] (1.92ns)   --->   "%mul_ln73_15 = mul i27 %zext_ln73_17, i27 3074" [firmware/nnet_utils/nnet_mult.h:73->firmware/nnet_utils/nnet_batchnorm_stream.h:41]   --->   Operation 142 'mul' 'mul_ln73_15' <Predicate = true> <Delay = 1.92> <CoreInst = "Multiplier">   --->   Core 3 'Multiplier' <Latency = 0> <II = 1> <Delay = 1.92> <FuncUnit> <Opcode : 'mul'> <InPorts = 2> <OutPorts = 1>
ST_16 : Operation 143 [1/1] (0.00ns)   --->   "%zext_ln42_9 = zext i27 %mul_ln73_15" [firmware/nnet_utils/nnet_batchnorm_stream.h:42]   --->   Operation 143 'zext' 'zext_ln42_9' <Predicate = true> <Delay = 0.00>
ST_16 : Operation 144 [1/1] (0.85ns)   --->   "%add_ln42_16 = add i28 %zext_ln42_9, i28 255098880" [firmware/nnet_utils/nnet_batchnorm_stream.h:42]   --->   Operation 144 'add' 'add_ln42_16' <Predicate = true> <Delay = 0.85> <CoreInst = "Adder">   --->   Core 1 'Adder' <Latency = 0> <II = 1> <Delay = 0.85> <FuncUnit> <Opcode : 'add' 'sub'> <InPorts = 2> <OutPorts = 1>
ST_16 : Operation 145 [1/1] (0.00ns)   --->   "%trunc_ln41_15 = partselect i13 @_ssdm_op_PartSelect.i13.i28.i32.i32, i28 %add_ln42_16, i32 15, i32 27" [firmware/nnet_utils/nnet_batchnorm_stream.h:41]   --->   Operation 145 'partselect' 'trunc_ln41_15' <Predicate = true> <Delay = 0.00>

State 17 <SV = 16> <Delay = 2.77>
ST_17 : Operation 146 [1/1] (0.00ns)   --->   "%zext_ln73_18 = zext i15 %a_15" [firmware/nnet_utils/nnet_mult.h:73->firmware/nnet_utils/nnet_batchnorm_stream.h:41]   --->   Operation 146 'zext' 'zext_ln73_18' <Predicate = true> <Delay = 0.00>
ST_17 : Operation 147 [1/1] (1.92ns)   --->   "%mul_ln73_16 = mul i26 %zext_ln73_18, i26 1779" [firmware/nnet_utils/nnet_mult.h:73->firmware/nnet_utils/nnet_batchnorm_stream.h:41]   --->   Operation 147 'mul' 'mul_ln73_16' <Predicate = true> <Delay = 1.92> <CoreInst = "Multiplier">   --->   Core 3 'Multiplier' <Latency = 0> <II = 1> <Delay = 1.92> <FuncUnit> <Opcode : 'mul'> <InPorts = 2> <OutPorts = 1>
ST_17 : Operation 148 [1/1] (0.00ns)   --->   "%zext_ln42_10 = zext i26 %mul_ln73_16" [firmware/nnet_utils/nnet_batchnorm_stream.h:42]   --->   Operation 148 'zext' 'zext_ln42_10' <Predicate = true> <Delay = 0.00>
ST_17 : Operation 149 [1/1] (0.85ns)   --->   "%add_ln42_17 = add i27 %zext_ln42_10, i27 78184448" [firmware/nnet_utils/nnet_batchnorm_stream.h:42]   --->   Operation 149 'add' 'add_ln42_17' <Predicate = true> <Delay = 0.85> <CoreInst = "Adder">   --->   Core 1 'Adder' <Latency = 0> <II = 1> <Delay = 0.85> <FuncUnit> <Opcode : 'add' 'sub'> <InPorts = 2> <OutPorts = 1>
ST_17 : Operation 150 [1/1] (0.00ns)   --->   "%trunc_ln41_16 = partselect i12 @_ssdm_op_PartSelect.i12.i27.i32.i32, i27 %add_ln42_17, i32 15, i32 26" [firmware/nnet_utils/nnet_batchnorm_stream.h:41]   --->   Operation 150 'partselect' 'trunc_ln41_16' <Predicate = true> <Delay = 0.00>

State 18 <SV = 17> <Delay = 2.77>
ST_18 : Operation 151 [1/1] (0.00ns)   --->   "%zext_ln73_19 = zext i15 %a_16" [firmware/nnet_utils/nnet_mult.h:73->firmware/nnet_utils/nnet_batchnorm_stream.h:41]   --->   Operation 151 'zext' 'zext_ln73_19' <Predicate = true> <Delay = 0.00>
ST_18 : Operation 152 [1/1] (1.92ns)   --->   "%mul_ln73_17 = mul i27 %zext_ln73_19, i27 2553" [firmware/nnet_utils/nnet_mult.h:73->firmware/nnet_utils/nnet_batchnorm_stream.h:41]   --->   Operation 152 'mul' 'mul_ln73_17' <Predicate = true> <Delay = 1.92> <CoreInst = "Multiplier">   --->   Core 3 'Multiplier' <Latency = 0> <II = 1> <Delay = 1.92> <FuncUnit> <Opcode : 'mul'> <InPorts = 2> <OutPorts = 1>
ST_18 : Operation 153 [1/1] (0.00ns)   --->   "%zext_ln42_11 = zext i27 %mul_ln73_17" [firmware/nnet_utils/nnet_batchnorm_stream.h:42]   --->   Operation 153 'zext' 'zext_ln42_11' <Predicate = true> <Delay = 0.00>
ST_18 : Operation 154 [1/1] (0.85ns)   --->   "%add_ln42_18 = add i28 %zext_ln42_11, i28 260276224" [firmware/nnet_utils/nnet_batchnorm_stream.h:42]   --->   Operation 154 'add' 'add_ln42_18' <Predicate = true> <Delay = 0.85> <CoreInst = "Adder">   --->   Core 1 'Adder' <Latency = 0> <II = 1> <Delay = 0.85> <FuncUnit> <Opcode : 'add' 'sub'> <InPorts = 2> <OutPorts = 1>
ST_18 : Operation 155 [1/1] (0.00ns)   --->   "%trunc_ln41_17 = partselect i13 @_ssdm_op_PartSelect.i13.i28.i32.i32, i28 %add_ln42_18, i32 15, i32 27" [firmware/nnet_utils/nnet_batchnorm_stream.h:41]   --->   Operation 155 'partselect' 'trunc_ln41_17' <Predicate = true> <Delay = 0.00>

State 19 <SV = 18> <Delay = 2.77>
ST_19 : Operation 156 [1/1] (0.00ns)   --->   "%zext_ln73_20 = zext i15 %a_17" [firmware/nnet_utils/nnet_mult.h:73->firmware/nnet_utils/nnet_batchnorm_stream.h:41]   --->   Operation 156 'zext' 'zext_ln73_20' <Predicate = true> <Delay = 0.00>
ST_19 : Operation 157 [1/1] (1.92ns)   --->   "%mul_ln73_18 = mul i26 %zext_ln73_20, i26 1636" [firmware/nnet_utils/nnet_mult.h:73->firmware/nnet_utils/nnet_batchnorm_stream.h:41]   --->   Operation 157 'mul' 'mul_ln73_18' <Predicate = true> <Delay = 1.92> <CoreInst = "Multiplier">   --->   Core 3 'Multiplier' <Latency = 0> <II = 1> <Delay = 1.92> <FuncUnit> <Opcode : 'mul'> <InPorts = 2> <OutPorts = 1>
ST_19 : Operation 158 [1/1] (0.00ns)   --->   "%zext_ln42_12 = zext i26 %mul_ln73_18" [firmware/nnet_utils/nnet_batchnorm_stream.h:42]   --->   Operation 158 'zext' 'zext_ln42_12' <Predicate = true> <Delay = 0.00>
ST_19 : Operation 159 [1/1] (0.85ns)   --->   "%add_ln42_19 = add i27 %zext_ln42_12, i27 88047616" [firmware/nnet_utils/nnet_batchnorm_stream.h:42]   --->   Operation 159 'add' 'add_ln42_19' <Predicate = true> <Delay = 0.85> <CoreInst = "Adder">   --->   Core 1 'Adder' <Latency = 0> <II = 1> <Delay = 0.85> <FuncUnit> <Opcode : 'add' 'sub'> <InPorts = 2> <OutPorts = 1>
ST_19 : Operation 160 [1/1] (0.00ns)   --->   "%trunc_ln41_18 = partselect i12 @_ssdm_op_PartSelect.i12.i27.i32.i32, i27 %add_ln42_19, i32 15, i32 26" [firmware/nnet_utils/nnet_batchnorm_stream.h:41]   --->   Operation 160 'partselect' 'trunc_ln41_18' <Predicate = true> <Delay = 0.00>

State 20 <SV = 19> <Delay = 2.77>
ST_20 : Operation 161 [1/1] (0.00ns)   --->   "%zext_ln73_21 = zext i15 %a_18" [firmware/nnet_utils/nnet_mult.h:73->firmware/nnet_utils/nnet_batchnorm_stream.h:41]   --->   Operation 161 'zext' 'zext_ln73_21' <Predicate = true> <Delay = 0.00>
ST_20 : Operation 162 [1/1] (1.92ns)   --->   "%mul_ln73_19 = mul i27 %zext_ln73_21, i27 2835" [firmware/nnet_utils/nnet_mult.h:73->firmware/nnet_utils/nnet_batchnorm_stream.h:41]   --->   Operation 162 'mul' 'mul_ln73_19' <Predicate = true> <Delay = 1.92> <CoreInst = "Multiplier">   --->   Core 3 'Multiplier' <Latency = 0> <II = 1> <Delay = 1.92> <FuncUnit> <Opcode : 'mul'> <InPorts = 2> <OutPorts = 1>
ST_20 : Operation 163 [1/1] (0.00ns)   --->   "%zext_ln42_13 = zext i27 %mul_ln73_19" [firmware/nnet_utils/nnet_batchnorm_stream.h:42]   --->   Operation 163 'zext' 'zext_ln42_13' <Predicate = true> <Delay = 0.00>
ST_20 : Operation 164 [1/1] (0.85ns)   --->   "%add_ln42_20 = add i28 %zext_ln42_13, i28 262373376" [firmware/nnet_utils/nnet_batchnorm_stream.h:42]   --->   Operation 164 'add' 'add_ln42_20' <Predicate = true> <Delay = 0.85> <CoreInst = "Adder">   --->   Core 1 'Adder' <Latency = 0> <II = 1> <Delay = 0.85> <FuncUnit> <Opcode : 'add' 'sub'> <InPorts = 2> <OutPorts = 1>
ST_20 : Operation 165 [1/1] (0.00ns)   --->   "%trunc_ln41_19 = partselect i13 @_ssdm_op_PartSelect.i13.i28.i32.i32, i28 %add_ln42_20, i32 15, i32 27" [firmware/nnet_utils/nnet_batchnorm_stream.h:41]   --->   Operation 165 'partselect' 'trunc_ln41_19' <Predicate = true> <Delay = 0.00>

State 21 <SV = 20> <Delay = 2.77>
ST_21 : Operation 166 [1/1] (0.00ns)   --->   "%zext_ln73_22 = zext i15 %a_19" [firmware/nnet_utils/nnet_mult.h:73->firmware/nnet_utils/nnet_batchnorm_stream.h:41]   --->   Operation 166 'zext' 'zext_ln73_22' <Predicate = true> <Delay = 0.00>
ST_21 : Operation 167 [1/1] (1.92ns)   --->   "%mul_ln73_20 = mul i27 %zext_ln73_22, i27 3575" [firmware/nnet_utils/nnet_mult.h:73->firmware/nnet_utils/nnet_batchnorm_stream.h:41]   --->   Operation 167 'mul' 'mul_ln73_20' <Predicate = true> <Delay = 1.92> <CoreInst = "Multiplier">   --->   Core 3 'Multiplier' <Latency = 0> <II = 1> <Delay = 1.92> <FuncUnit> <Opcode : 'mul'> <InPorts = 2> <OutPorts = 1>
ST_21 : Operation 168 [1/1] (0.00ns)   --->   "%zext_ln42_14 = zext i27 %mul_ln73_20" [firmware/nnet_utils/nnet_batchnorm_stream.h:42]   --->   Operation 168 'zext' 'zext_ln42_14' <Predicate = true> <Delay = 0.00>
ST_21 : Operation 169 [1/1] (0.85ns)   --->   "%add_ln42_21 = add i28 %zext_ln42_14, i28 262701056" [firmware/nnet_utils/nnet_batchnorm_stream.h:42]   --->   Operation 169 'add' 'add_ln42_21' <Predicate = true> <Delay = 0.85> <CoreInst = "Adder">   --->   Core 1 'Adder' <Latency = 0> <II = 1> <Delay = 0.85> <FuncUnit> <Opcode : 'add' 'sub'> <InPorts = 2> <OutPorts = 1>
ST_21 : Operation 170 [1/1] (0.00ns)   --->   "%trunc_ln41_20 = partselect i13 @_ssdm_op_PartSelect.i13.i28.i32.i32, i28 %add_ln42_21, i32 15, i32 27" [firmware/nnet_utils/nnet_batchnorm_stream.h:41]   --->   Operation 170 'partselect' 'trunc_ln41_20' <Predicate = true> <Delay = 0.00>

State 22 <SV = 21> <Delay = 2.76>
ST_22 : Operation 171 [1/1] (0.00ns)   --->   "%zext_ln73_23 = zext i15 %a_20" [firmware/nnet_utils/nnet_mult.h:73->firmware/nnet_utils/nnet_batchnorm_stream.h:41]   --->   Operation 171 'zext' 'zext_ln73_23' <Predicate = true> <Delay = 0.00>
ST_22 : Operation 172 [1/1] (1.92ns)   --->   "%mul_ln73_21 = mul i25 %zext_ln73_23, i25 972" [firmware/nnet_utils/nnet_mult.h:73->firmware/nnet_utils/nnet_batchnorm_stream.h:41]   --->   Operation 172 'mul' 'mul_ln73_21' <Predicate = true> <Delay = 1.92> <CoreInst = "Multiplier">   --->   Core 3 'Multiplier' <Latency = 0> <II = 1> <Delay = 1.92> <FuncUnit> <Opcode : 'mul'> <InPorts = 2> <OutPorts = 1>
ST_22 : Operation 173 [1/1] (0.00ns)   --->   "%zext_ln42_15 = zext i25 %mul_ln73_21" [firmware/nnet_utils/nnet_batchnorm_stream.h:42]   --->   Operation 173 'zext' 'zext_ln42_15' <Predicate = true> <Delay = 0.00>
ST_22 : Operation 174 [1/1] (0.84ns)   --->   "%add_ln42_22 = add i26 %zext_ln42_15, i26 37912576" [firmware/nnet_utils/nnet_batchnorm_stream.h:42]   --->   Operation 174 'add' 'add_ln42_22' <Predicate = true> <Delay = 0.84> <CoreInst = "Adder">   --->   Core 1 'Adder' <Latency = 0> <II = 1> <Delay = 0.84> <FuncUnit> <Opcode : 'add' 'sub'> <InPorts = 2> <OutPorts = 1>
ST_22 : Operation 175 [1/1] (0.00ns)   --->   "%trunc_ln41_21 = partselect i11 @_ssdm_op_PartSelect.i11.i26.i32.i32, i26 %add_ln42_22, i32 15, i32 25" [firmware/nnet_utils/nnet_batchnorm_stream.h:41]   --->   Operation 175 'partselect' 'trunc_ln41_21' <Predicate = true> <Delay = 0.00>

State 23 <SV = 22> <Delay = 2.76>
ST_23 : Operation 176 [1/1] (0.00ns)   --->   "%zext_ln73_24 = zext i15 %a_21" [firmware/nnet_utils/nnet_mult.h:73->firmware/nnet_utils/nnet_batchnorm_stream.h:41]   --->   Operation 176 'zext' 'zext_ln73_24' <Predicate = true> <Delay = 0.00>
ST_23 : Operation 177 [1/1] (1.92ns)   --->   "%mul_ln73_22 = mul i26 %zext_ln73_24, i26 1128" [firmware/nnet_utils/nnet_mult.h:73->firmware/nnet_utils/nnet_batchnorm_stream.h:41]   --->   Operation 177 'mul' 'mul_ln73_22' <Predicate = true> <Delay = 1.92> <CoreInst = "Multiplier">   --->   Core 3 'Multiplier' <Latency = 0> <II = 1> <Delay = 1.92> <FuncUnit> <Opcode : 'mul'> <InPorts = 2> <OutPorts = 1>
ST_23 : Operation 178 [1/1] (0.84ns)   --->   "%add_ln42_23 = add i26 %mul_ln73_22, i26 33947648" [firmware/nnet_utils/nnet_batchnorm_stream.h:42]   --->   Operation 178 'add' 'add_ln42_23' <Predicate = true> <Delay = 0.84> <CoreInst = "Adder">   --->   Core 1 'Adder' <Latency = 0> <II = 1> <Delay = 0.84> <FuncUnit> <Opcode : 'add' 'sub'> <InPorts = 2> <OutPorts = 1>
ST_23 : Operation 179 [1/1] (0.00ns)   --->   "%trunc_ln41_22 = partselect i11 @_ssdm_op_PartSelect.i11.i26.i32.i32, i26 %add_ln42_23, i32 15, i32 25" [firmware/nnet_utils/nnet_batchnorm_stream.h:41]   --->   Operation 179 'partselect' 'trunc_ln41_22' <Predicate = true> <Delay = 0.00>

State 24 <SV = 23> <Delay = 2.77>
ST_24 : Operation 180 [1/1] (0.00ns)   --->   "%zext_ln73_25 = zext i15 %a_22" [firmware/nnet_utils/nnet_mult.h:73->firmware/nnet_utils/nnet_batchnorm_stream.h:41]   --->   Operation 180 'zext' 'zext_ln73_25' <Predicate = true> <Delay = 0.00>
ST_24 : Operation 181 [1/1] (1.92ns)   --->   "%mul_ln73_23 = mul i27 %zext_ln73_25, i27 2133" [firmware/nnet_utils/nnet_mult.h:73->firmware/nnet_utils/nnet_batchnorm_stream.h:41]   --->   Operation 181 'mul' 'mul_ln73_23' <Predicate = true> <Delay = 1.92> <CoreInst = "Multiplier">   --->   Core 3 'Multiplier' <Latency = 0> <II = 1> <Delay = 1.92> <FuncUnit> <Opcode : 'mul'> <InPorts = 2> <OutPorts = 1>
ST_24 : Operation 182 [1/1] (0.85ns)   --->   "%add_ln42_24 = add i27 %mul_ln73_23, i27 117964800" [firmware/nnet_utils/nnet_batchnorm_stream.h:42]   --->   Operation 182 'add' 'add_ln42_24' <Predicate = true> <Delay = 0.85> <CoreInst = "Adder">   --->   Core 1 'Adder' <Latency = 0> <II = 1> <Delay = 0.85> <FuncUnit> <Opcode : 'add' 'sub'> <InPorts = 2> <OutPorts = 1>
ST_24 : Operation 183 [1/1] (0.00ns)   --->   "%trunc_ln41_23 = partselect i12 @_ssdm_op_PartSelect.i12.i27.i32.i32, i27 %add_ln42_24, i32 15, i32 26" [firmware/nnet_utils/nnet_batchnorm_stream.h:41]   --->   Operation 183 'partselect' 'trunc_ln41_23' <Predicate = true> <Delay = 0.00>

State 25 <SV = 24> <Delay = 2.78>
ST_25 : Operation 184 [1/1] (0.00ns)   --->   "%zext_ln73_26 = zext i15 %a_23" [firmware/nnet_utils/nnet_mult.h:73->firmware/nnet_utils/nnet_batchnorm_stream.h:41]   --->   Operation 184 'zext' 'zext_ln73_26' <Predicate = true> <Delay = 0.00>
ST_25 : Operation 185 [1/1] (1.92ns)   --->   "%mul_ln73_24 = mul i28 %zext_ln73_26, i28 5466" [firmware/nnet_utils/nnet_mult.h:73->firmware/nnet_utils/nnet_batchnorm_stream.h:41]   --->   Operation 185 'mul' 'mul_ln73_24' <Predicate = true> <Delay = 1.92> <CoreInst = "Multiplier">   --->   Core 3 'Multiplier' <Latency = 0> <II = 1> <Delay = 1.92> <FuncUnit> <Opcode : 'mul'> <InPorts = 2> <OutPorts = 1>
ST_25 : Operation 186 [1/1] (0.00ns)   --->   "%zext_ln42_16 = zext i28 %mul_ln73_24" [firmware/nnet_utils/nnet_batchnorm_stream.h:42]   --->   Operation 186 'zext' 'zext_ln42_16' <Predicate = true> <Delay = 0.00>
ST_25 : Operation 187 [1/1] (0.86ns)   --->   "%add_ln42_25 = add i29 %zext_ln42_16, i29 360972288" [firmware/nnet_utils/nnet_batchnorm_stream.h:42]   --->   Operation 187 'add' 'add_ln42_25' <Predicate = true> <Delay = 0.86> <CoreInst = "Adder">   --->   Core 1 'Adder' <Latency = 0> <II = 1> <Delay = 0.86> <FuncUnit> <Opcode : 'add' 'sub'> <InPorts = 2> <OutPorts = 1>
ST_25 : Operation 188 [1/1] (0.00ns)   --->   "%trunc_ln41_24 = partselect i14 @_ssdm_op_PartSelect.i14.i29.i32.i32, i29 %add_ln42_25, i32 15, i32 28" [firmware/nnet_utils/nnet_batchnorm_stream.h:41]   --->   Operation 188 'partselect' 'trunc_ln41_24' <Predicate = true> <Delay = 0.00>

State 26 <SV = 25> <Delay = 2.76>
ST_26 : Operation 189 [1/1] (0.00ns)   --->   "%zext_ln73_27 = zext i15 %a_24" [firmware/nnet_utils/nnet_mult.h:73->firmware/nnet_utils/nnet_batchnorm_stream.h:41]   --->   Operation 189 'zext' 'zext_ln73_27' <Predicate = true> <Delay = 0.00>
ST_26 : Operation 190 [1/1] (1.92ns)   --->   "%mul_ln73_25 = mul i26 %zext_ln73_27, i26 1105" [firmware/nnet_utils/nnet_mult.h:73->firmware/nnet_utils/nnet_batchnorm_stream.h:41]   --->   Operation 190 'mul' 'mul_ln73_25' <Predicate = true> <Delay = 1.92> <CoreInst = "Multiplier">   --->   Core 3 'Multiplier' <Latency = 0> <II = 1> <Delay = 1.92> <FuncUnit> <Opcode : 'mul'> <InPorts = 2> <OutPorts = 1>
ST_26 : Operation 191 [1/1] (0.84ns)   --->   "%add_ln42_26 = add i26 %mul_ln73_25, i26 45645824" [firmware/nnet_utils/nnet_batchnorm_stream.h:42]   --->   Operation 191 'add' 'add_ln42_26' <Predicate = true> <Delay = 0.84> <CoreInst = "Adder">   --->   Core 1 'Adder' <Latency = 0> <II = 1> <Delay = 0.84> <FuncUnit> <Opcode : 'add' 'sub'> <InPorts = 2> <OutPorts = 1>
ST_26 : Operation 192 [1/1] (0.00ns)   --->   "%trunc_ln41_25 = partselect i11 @_ssdm_op_PartSelect.i11.i26.i32.i32, i26 %add_ln42_26, i32 15, i32 25" [firmware/nnet_utils/nnet_batchnorm_stream.h:41]   --->   Operation 192 'partselect' 'trunc_ln41_25' <Predicate = true> <Delay = 0.00>

State 27 <SV = 26> <Delay = 2.78>
ST_27 : Operation 193 [1/1] (0.00ns)   --->   "%zext_ln73_28 = zext i15 %a_25" [firmware/nnet_utils/nnet_mult.h:73->firmware/nnet_utils/nnet_batchnorm_stream.h:41]   --->   Operation 193 'zext' 'zext_ln73_28' <Predicate = true> <Delay = 0.00>
ST_27 : Operation 194 [1/1] (1.92ns)   --->   "%mul_ln73_26 = mul i27 %zext_ln73_28, i27 2644" [firmware/nnet_utils/nnet_mult.h:73->firmware/nnet_utils/nnet_batchnorm_stream.h:41]   --->   Operation 194 'mul' 'mul_ln73_26' <Predicate = true> <Delay = 1.92> <CoreInst = "Multiplier">   --->   Core 3 'Multiplier' <Latency = 0> <II = 1> <Delay = 1.92> <FuncUnit> <Opcode : 'mul'> <InPorts = 2> <OutPorts = 1>
ST_27 : Operation 195 [1/1] (0.00ns)   --->   "%zext_ln42_17 = zext i27 %mul_ln73_26" [firmware/nnet_utils/nnet_batchnorm_stream.h:42]   --->   Operation 195 'zext' 'zext_ln42_17' <Predicate = true> <Delay = 0.00>
ST_27 : Operation 196 [1/1] (0.85ns)   --->   "%add_ln42_27 = add i28 %zext_ln42_17, i28 193462272" [firmware/nnet_utils/nnet_batchnorm_stream.h:42]   --->   Operation 196 'add' 'add_ln42_27' <Predicate = true> <Delay = 0.85> <CoreInst = "Adder">   --->   Core 1 'Adder' <Latency = 0> <II = 1> <Delay = 0.85> <FuncUnit> <Opcode : 'add' 'sub'> <InPorts = 2> <OutPorts = 1>
ST_27 : Operation 197 [1/1] (0.00ns)   --->   "%trunc_ln41_26 = partselect i13 @_ssdm_op_PartSelect.i13.i28.i32.i32, i28 %add_ln42_27, i32 15, i32 27" [firmware/nnet_utils/nnet_batchnorm_stream.h:41]   --->   Operation 197 'partselect' 'trunc_ln41_26' <Predicate = true> <Delay = 0.00>

State 28 <SV = 27> <Delay = 2.77>
ST_28 : Operation 198 [1/1] (0.00ns)   --->   "%zext_ln73_29 = zext i15 %a_26" [firmware/nnet_utils/nnet_mult.h:73->firmware/nnet_utils/nnet_batchnorm_stream.h:41]   --->   Operation 198 'zext' 'zext_ln73_29' <Predicate = true> <Delay = 0.00>
ST_28 : Operation 199 [1/1] (1.92ns)   --->   "%mul_ln73_27 = mul i26 %zext_ln73_29, i26 1492" [firmware/nnet_utils/nnet_mult.h:73->firmware/nnet_utils/nnet_batchnorm_stream.h:41]   --->   Operation 199 'mul' 'mul_ln73_27' <Predicate = true> <Delay = 1.92> <CoreInst = "Multiplier">   --->   Core 3 'Multiplier' <Latency = 0> <II = 1> <Delay = 1.92> <FuncUnit> <Opcode : 'mul'> <InPorts = 2> <OutPorts = 1>
ST_28 : Operation 200 [1/1] (0.00ns)   --->   "%zext_ln42_18 = zext i26 %mul_ln73_27" [firmware/nnet_utils/nnet_batchnorm_stream.h:42]   --->   Operation 200 'zext' 'zext_ln42_18' <Predicate = true> <Delay = 0.00>
ST_28 : Operation 201 [1/1] (0.85ns)   --->   "%add_ln42_28 = add i27 %zext_ln42_18, i27 96501760" [firmware/nnet_utils/nnet_batchnorm_stream.h:42]   --->   Operation 201 'add' 'add_ln42_28' <Predicate = true> <Delay = 0.85> <CoreInst = "Adder">   --->   Core 1 'Adder' <Latency = 0> <II = 1> <Delay = 0.85> <FuncUnit> <Opcode : 'add' 'sub'> <InPorts = 2> <OutPorts = 1>
ST_28 : Operation 202 [1/1] (0.00ns)   --->   "%trunc_ln41_27 = partselect i12 @_ssdm_op_PartSelect.i12.i27.i32.i32, i27 %add_ln42_28, i32 15, i32 26" [firmware/nnet_utils/nnet_batchnorm_stream.h:41]   --->   Operation 202 'partselect' 'trunc_ln41_27' <Predicate = true> <Delay = 0.00>

State 29 <SV = 28> <Delay = 2.76>
ST_29 : Operation 203 [1/1] (0.00ns)   --->   "%zext_ln73_30 = zext i15 %a_27" [firmware/nnet_utils/nnet_mult.h:73->firmware/nnet_utils/nnet_batchnorm_stream.h:41]   --->   Operation 203 'zext' 'zext_ln73_30' <Predicate = true> <Delay = 0.00>
ST_29 : Operation 204 [1/1] (1.92ns)   --->   "%mul_ln73_28 = mul i26 %zext_ln73_30, i26 1470" [firmware/nnet_utils/nnet_mult.h:73->firmware/nnet_utils/nnet_batchnorm_stream.h:41]   --->   Operation 204 'mul' 'mul_ln73_28' <Predicate = true> <Delay = 1.92> <CoreInst = "Multiplier">   --->   Core 3 'Multiplier' <Latency = 0> <II = 1> <Delay = 1.92> <FuncUnit> <Opcode : 'mul'> <InPorts = 2> <OutPorts = 1>
ST_29 : Operation 205 [1/1] (0.84ns)   --->   "%add_ln42_29 = add i26 %mul_ln73_28, i26 49119232" [firmware/nnet_utils/nnet_batchnorm_stream.h:42]   --->   Operation 205 'add' 'add_ln42_29' <Predicate = true> <Delay = 0.84> <CoreInst = "Adder">   --->   Core 1 'Adder' <Latency = 0> <II = 1> <Delay = 0.84> <FuncUnit> <Opcode : 'add' 'sub'> <InPorts = 2> <OutPorts = 1>
ST_29 : Operation 206 [1/1] (0.00ns)   --->   "%trunc_ln41_28 = partselect i11 @_ssdm_op_PartSelect.i11.i26.i32.i32, i26 %add_ln42_29, i32 15, i32 25" [firmware/nnet_utils/nnet_batchnorm_stream.h:41]   --->   Operation 206 'partselect' 'trunc_ln41_28' <Predicate = true> <Delay = 0.00>

State 30 <SV = 29> <Delay = 2.80>
ST_30 : Operation 207 [1/1] (0.00ns)   --->   "%zext_ln73_31 = zext i15 %trunc_ln3" [firmware/nnet_utils/nnet_mult.h:73->firmware/nnet_utils/nnet_batchnorm_stream.h:41]   --->   Operation 207 'zext' 'zext_ln73_31' <Predicate = true> <Delay = 0.00>
ST_30 : Operation 208 [1/1] (1.94ns)   --->   "%mul_ln73_29 = mul i30 %zext_ln73_31, i30 32437" [firmware/nnet_utils/nnet_mult.h:73->firmware/nnet_utils/nnet_batchnorm_stream.h:41]   --->   Operation 208 'mul' 'mul_ln73_29' <Predicate = true> <Delay = 1.94> <CoreInst = "Multiplier">   --->   Core 3 'Multiplier' <Latency = 0> <II = 1> <Delay = 1.92> <FuncUnit> <Opcode : 'mul'> <InPorts = 2> <OutPorts = 1>
ST_30 : Operation 209 [1/1] (0.86ns)   --->   "%add_ln42_30 = add i30 %mul_ln73_29, i30 131072" [firmware/nnet_utils/nnet_batchnorm_stream.h:42]   --->   Operation 209 'add' 'add_ln42_30' <Predicate = true> <Delay = 0.86> <CoreInst = "Adder">   --->   Core 1 'Adder' <Latency = 0> <II = 1> <Delay = 0.86> <FuncUnit> <Opcode : 'add' 'sub'> <InPorts = 2> <OutPorts = 1>
ST_30 : Operation 210 [1/1] (0.00ns)   --->   "%tmp_s = partselect i15 @_ssdm_op_PartSelect.i15.i30.i32.i32, i30 %add_ln42_30, i32 15, i32 29" [firmware/nnet_utils/nnet_batchnorm_stream.h:41]   --->   Operation 210 'partselect' 'tmp_s' <Predicate = true> <Delay = 0.00>

State 31 <SV = 30> <Delay = 4.18>
ST_31 : Operation 211 [1/1] (0.00ns)   --->   "%specinterface_ln0 = specinterface void @_ssdm_op_SpecInterface, i512 %layer5_out, void @empty_8, i32 0, i32 0, void @empty, i32 0, i32 0, void @empty, void @empty, void @empty, i32 0, i32 0, i32 0, i32 0, void @empty, void @empty, i32 4294967295, i32 0"   --->   Operation 211 'specinterface' 'specinterface_ln0' <Predicate = true> <Delay = 0.00>
ST_31 : Operation 212 [1/1] (0.00ns)   --->   "%specinterface_ln0 = specinterface void @_ssdm_op_SpecInterface, i480 %layer4_out, void @empty_8, i32 0, i32 0, void @empty, i32 0, i32 0, void @empty, void @empty, void @empty, i32 0, i32 0, i32 0, i32 0, void @empty, void @empty, i32 4294967295, i32 0"   --->   Operation 212 'specinterface' 'specinterface_ln0' <Predicate = true> <Delay = 0.00>
ST_31 : Operation 213 [1/1] (0.00ns)   --->   "%specresourcelimit_ln22 = specresourcelimit void @_ssdm_op_SpecResourceLimit, i64 1, void @empty_5, void @empty, void @empty, void @empty" [firmware/nnet_utils/nnet_batchnorm_stream.h:22]   --->   Operation 213 'specresourcelimit' 'specresourcelimit_ln22' <Predicate = true> <Delay = 0.00>
ST_31 : Operation 214 [1/1] (0.00ns)   --->   "%sext_ln41 = sext i12 %trunc_ln" [firmware/nnet_utils/nnet_batchnorm_stream.h:41]   --->   Operation 214 'sext' 'sext_ln41' <Predicate = true> <Delay = 0.00>
ST_31 : Operation 215 [1/1] (0.00ns)   --->   "%sext_ln41_1 = sext i12 %trunc_ln41_1" [firmware/nnet_utils/nnet_batchnorm_stream.h:41]   --->   Operation 215 'sext' 'sext_ln41_1' <Predicate = true> <Delay = 0.00>
ST_31 : Operation 216 [1/1] (0.00ns)   --->   "%sext_ln41_2 = sext i12 %trunc_ln41_2" [firmware/nnet_utils/nnet_batchnorm_stream.h:41]   --->   Operation 216 'sext' 'sext_ln41_2' <Predicate = true> <Delay = 0.00>
ST_31 : Operation 217 [1/1] (0.00ns)   --->   "%sext_ln41_3 = sext i12 %trunc_ln41_3" [firmware/nnet_utils/nnet_batchnorm_stream.h:41]   --->   Operation 217 'sext' 'sext_ln41_3' <Predicate = true> <Delay = 0.00>
ST_31 : Operation 218 [1/1] (0.00ns)   --->   "%sext_ln41_4 = sext i11 %trunc_ln41_4" [firmware/nnet_utils/nnet_batchnorm_stream.h:41]   --->   Operation 218 'sext' 'sext_ln41_4' <Predicate = true> <Delay = 0.00>
ST_31 : Operation 219 [1/1] (0.00ns)   --->   "%sext_ln41_5 = sext i12 %trunc_ln41_5" [firmware/nnet_utils/nnet_batchnorm_stream.h:41]   --->   Operation 219 'sext' 'sext_ln41_5' <Predicate = true> <Delay = 0.00>
ST_31 : Operation 220 [1/1] (0.00ns)   --->   "%sext_ln41_6 = sext i13 %trunc_ln41_8" [firmware/nnet_utils/nnet_batchnorm_stream.h:41]   --->   Operation 220 'sext' 'sext_ln41_6' <Predicate = true> <Delay = 0.00>
ST_31 : Operation 221 [1/1] (0.00ns)   --->   "%sext_ln41_7 = sext i12 %trunc_ln41_s" [firmware/nnet_utils/nnet_batchnorm_stream.h:41]   --->   Operation 221 'sext' 'sext_ln41_7' <Predicate = true> <Delay = 0.00>
ST_31 : Operation 222 [1/1] (0.00ns)   --->   "%sext_ln41_8 = sext i11 %trunc_ln41_10" [firmware/nnet_utils/nnet_batchnorm_stream.h:41]   --->   Operation 222 'sext' 'sext_ln41_8' <Predicate = true> <Delay = 0.00>
ST_31 : Operation 223 [1/1] (0.00ns)   --->   "%sext_ln41_9 = sext i12 %trunc_ln41_11" [firmware/nnet_utils/nnet_batchnorm_stream.h:41]   --->   Operation 223 'sext' 'sext_ln41_9' <Predicate = true> <Delay = 0.00>
ST_31 : Operation 224 [1/1] (0.00ns)   --->   "%sext_ln41_10 = sext i11 %trunc_ln41_12" [firmware/nnet_utils/nnet_batchnorm_stream.h:41]   --->   Operation 224 'sext' 'sext_ln41_10' <Predicate = true> <Delay = 0.00>
ST_31 : Operation 225 [1/1] (0.00ns)   --->   "%sext_ln41_11 = sext i11 %trunc_ln41_13" [firmware/nnet_utils/nnet_batchnorm_stream.h:41]   --->   Operation 225 'sext' 'sext_ln41_11' <Predicate = true> <Delay = 0.00>
ST_31 : Operation 226 [1/1] (0.00ns)   --->   "%sext_ln41_12 = sext i13 %trunc_ln41_14" [firmware/nnet_utils/nnet_batchnorm_stream.h:41]   --->   Operation 226 'sext' 'sext_ln41_12' <Predicate = true> <Delay = 0.00>
ST_31 : Operation 227 [1/1] (0.00ns)   --->   "%sext_ln41_13 = sext i13 %trunc_ln41_15" [firmware/nnet_utils/nnet_batchnorm_stream.h:41]   --->   Operation 227 'sext' 'sext_ln41_13' <Predicate = true> <Delay = 0.00>
ST_31 : Operation 228 [1/1] (0.00ns)   --->   "%sext_ln41_14 = sext i12 %trunc_ln41_16" [firmware/nnet_utils/nnet_batchnorm_stream.h:41]   --->   Operation 228 'sext' 'sext_ln41_14' <Predicate = true> <Delay = 0.00>
ST_31 : Operation 229 [1/1] (0.00ns)   --->   "%sext_ln41_15 = sext i13 %trunc_ln41_17" [firmware/nnet_utils/nnet_batchnorm_stream.h:41]   --->   Operation 229 'sext' 'sext_ln41_15' <Predicate = true> <Delay = 0.00>
ST_31 : Operation 230 [1/1] (0.00ns)   --->   "%sext_ln41_16 = sext i12 %trunc_ln41_18" [firmware/nnet_utils/nnet_batchnorm_stream.h:41]   --->   Operation 230 'sext' 'sext_ln41_16' <Predicate = true> <Delay = 0.00>
ST_31 : Operation 231 [1/1] (0.00ns)   --->   "%sext_ln41_17 = sext i13 %trunc_ln41_19" [firmware/nnet_utils/nnet_batchnorm_stream.h:41]   --->   Operation 231 'sext' 'sext_ln41_17' <Predicate = true> <Delay = 0.00>
ST_31 : Operation 232 [1/1] (0.00ns)   --->   "%sext_ln41_18 = sext i13 %trunc_ln41_20" [firmware/nnet_utils/nnet_batchnorm_stream.h:41]   --->   Operation 232 'sext' 'sext_ln41_18' <Predicate = true> <Delay = 0.00>
ST_31 : Operation 233 [1/1] (0.00ns)   --->   "%sext_ln41_19 = sext i11 %trunc_ln41_21" [firmware/nnet_utils/nnet_batchnorm_stream.h:41]   --->   Operation 233 'sext' 'sext_ln41_19' <Predicate = true> <Delay = 0.00>
ST_31 : Operation 234 [1/1] (0.00ns)   --->   "%sext_ln41_20 = sext i11 %trunc_ln41_22" [firmware/nnet_utils/nnet_batchnorm_stream.h:41]   --->   Operation 234 'sext' 'sext_ln41_20' <Predicate = true> <Delay = 0.00>
ST_31 : Operation 235 [1/1] (0.00ns)   --->   "%sext_ln41_21 = sext i12 %trunc_ln41_23" [firmware/nnet_utils/nnet_batchnorm_stream.h:41]   --->   Operation 235 'sext' 'sext_ln41_21' <Predicate = true> <Delay = 0.00>
ST_31 : Operation 236 [1/1] (0.00ns)   --->   "%sext_ln41_22 = sext i14 %trunc_ln41_24" [firmware/nnet_utils/nnet_batchnorm_stream.h:41]   --->   Operation 236 'sext' 'sext_ln41_22' <Predicate = true> <Delay = 0.00>
ST_31 : Operation 237 [1/1] (0.00ns)   --->   "%sext_ln41_23 = sext i11 %trunc_ln41_25" [firmware/nnet_utils/nnet_batchnorm_stream.h:41]   --->   Operation 237 'sext' 'sext_ln41_23' <Predicate = true> <Delay = 0.00>
ST_31 : Operation 238 [1/1] (0.00ns)   --->   "%sext_ln41_24 = sext i13 %trunc_ln41_26" [firmware/nnet_utils/nnet_batchnorm_stream.h:41]   --->   Operation 238 'sext' 'sext_ln41_24' <Predicate = true> <Delay = 0.00>
ST_31 : Operation 239 [1/1] (0.00ns)   --->   "%sext_ln41_25 = sext i12 %trunc_ln41_27" [firmware/nnet_utils/nnet_batchnorm_stream.h:41]   --->   Operation 239 'sext' 'sext_ln41_25' <Predicate = true> <Delay = 0.00>
ST_31 : Operation 240 [1/1] (0.00ns)   --->   "%sext_ln41_26 = sext i11 %trunc_ln41_28" [firmware/nnet_utils/nnet_batchnorm_stream.h:41]   --->   Operation 240 'sext' 'sext_ln41_26' <Predicate = true> <Delay = 0.00>
ST_31 : Operation 241 [1/1] (0.00ns)   --->   "%zext_ln41 = zext i15 %tmp_s" [firmware/nnet_utils/nnet_batchnorm_stream.h:41]   --->   Operation 241 'zext' 'zext_ln41' <Predicate = true> <Delay = 0.00>
ST_31 : Operation 242 [1/1] (0.00ns)   --->   "%zext_ln73_32 = zext i15 %trunc_ln73_1" [firmware/nnet_utils/nnet_mult.h:73->firmware/nnet_utils/nnet_batchnorm_stream.h:41]   --->   Operation 242 'zext' 'zext_ln73_32' <Predicate = true> <Delay = 0.00>
ST_31 : Operation 243 [1/1] (1.92ns)   --->   "%mul_ln73_30 = mul i26 %zext_ln73_32, i26 1997" [firmware/nnet_utils/nnet_mult.h:73->firmware/nnet_utils/nnet_batchnorm_stream.h:41]   --->   Operation 243 'mul' 'mul_ln73_30' <Predicate = true> <Delay = 1.92> <CoreInst = "Multiplier">   --->   Core 3 'Multiplier' <Latency = 0> <II = 1> <Delay = 1.92> <FuncUnit> <Opcode : 'mul'> <InPorts = 2> <OutPorts = 1>
ST_31 : Operation 244 [1/1] (0.00ns)   --->   "%zext_ln42_19 = zext i26 %mul_ln73_30" [firmware/nnet_utils/nnet_batchnorm_stream.h:42]   --->   Operation 244 'zext' 'zext_ln42_19' <Predicate = true> <Delay = 0.00>
ST_31 : Operation 245 [1/1] (0.84ns)   --->   "%add_ln42_31 = add i27 %zext_ln42_19, i27 112787456" [firmware/nnet_utils/nnet_batchnorm_stream.h:42]   --->   Operation 245 'add' 'add_ln42_31' <Predicate = true> <Delay = 0.84> <CoreInst = "Adder">   --->   Core 1 'Adder' <Latency = 0> <II = 1> <Delay = 0.84> <FuncUnit> <Opcode : 'add' 'sub'> <InPorts = 2> <OutPorts = 1>
ST_31 : Operation 246 [1/1] (0.00ns)   --->   "%trunc_ln41_29 = partselect i12 @_ssdm_op_PartSelect.i12.i27.i32.i32, i27 %add_ln42_31, i32 15, i32 26" [firmware/nnet_utils/nnet_batchnorm_stream.h:41]   --->   Operation 246 'partselect' 'trunc_ln41_29' <Predicate = true> <Delay = 0.00>
ST_31 : Operation 247 [1/1] (0.00ns)   --->   "%tmp = bitconcatenate i508 @_ssdm_op_BitConcatenate.i508.i12.i16.i16.i16.i16.i16.i16.i16.i16.i16.i16.i16.i16.i16.i16.i16.i16.i16.i16.i16.i16.i16.i16.i16.i16.i16.i16.i16.i16.i16.i16.i16, i12 %trunc_ln41_29, i16 %zext_ln41, i16 %sext_ln41_26, i16 %sext_ln41_25, i16 %sext_ln41_24, i16 %sext_ln41_23, i16 %sext_ln41_22, i16 %sext_ln41_21, i16 %sext_ln41_20, i16 %sext_ln41_19, i16 %sext_ln41_18, i16 %sext_ln41_17, i16 %sext_ln41_16, i16 %sext_ln41_15, i16 %sext_ln41_14, i16 %sext_ln41_13, i16 %sext_ln41_12, i16 %sext_ln41_11, i16 %sext_ln41_10, i16 %sext_ln41_9, i16 %sext_ln41_8, i16 %sext_ln41_7, i16 %trunc_ln41_9, i16 %sext_ln41_6, i16 %trunc_ln41_7, i16 %trunc_ln41_6, i16 %sext_ln41_5, i16 %sext_ln41_4, i16 %sext_ln41_3, i16 %sext_ln41_2, i16 %sext_ln41_1, i16 %sext_ln41" [firmware/nnet_utils/nnet_batchnorm_stream.h:46]   --->   Operation 247 'bitconcatenate' 'tmp' <Predicate = true> <Delay = 0.00>
ST_31 : Operation 248 [1/1] (0.00ns)   --->   "%sext_ln46 = sext i508 %tmp" [firmware/nnet_utils/nnet_batchnorm_stream.h:46]   --->   Operation 248 'sext' 'sext_ln46' <Predicate = true> <Delay = 0.00>
ST_31 : Operation 249 [1/1] (1.41ns)   --->   "%write_ln46 = write void @_ssdm_op_Write.ap_fifo.volatile.i512P0A, i512 %layer5_out, i512 %sext_ln46" [firmware/nnet_utils/nnet_batchnorm_stream.h:46]   --->   Operation 249 'write' 'write_ln46' <Predicate = true> <Delay = 1.41> <CoreInst = "FIFO_SRL">   --->   Core 81 'FIFO_SRL' <Latency = 0> <II = 1> <Delay = 1.41> <Storage> <Opcode : 'read' 'write' 'nbread' 'nbwrite'> <Ports = 0> <Width = 512> <Depth = 1> <FIFO>
ST_31 : Operation 250 [1/1] (0.00ns)   --->   "%ret_ln48 = ret" [firmware/nnet_utils/nnet_batchnorm_stream.h:48]   --->   Operation 250 'ret' 'ret_ln48' <Predicate = true> <Delay = 0.00>


============================================================
+ Verbose Summary: Timing violations
============================================================
Target clock period: 5.000ns, clock uncertainty: 0.625ns.

 <State 1>: 4.180ns
The critical path consists of the following:
	fifo read operation ('layer4_out_read', firmware/nnet_utils/nnet_batchnorm_stream.h:28) on port 'layer4_out' (firmware/nnet_utils/nnet_batchnorm_stream.h:28) [6]  (1.412 ns)
	'mul' operation ('mul_ln73', firmware/nnet_utils/nnet_mult.h:73->firmware/nnet_utils/nnet_batchnorm_stream.h:41) [46]  (1.924 ns)
	'add' operation ('add_ln42_1', firmware/nnet_utils/nnet_batchnorm_stream.h:42) [48]  (0.844 ns)

 <State 2>: 2.768ns
The critical path consists of the following:
	'mul' operation ('mul_ln73_1', firmware/nnet_utils/nnet_mult.h:73->firmware/nnet_utils/nnet_batchnorm_stream.h:41) [52]  (1.924 ns)
	'add' operation ('add_ln42_2', firmware/nnet_utils/nnet_batchnorm_stream.h:42) [54]  (0.844 ns)

 <State 3>: 2.768ns
The critical path consists of the following:
	'mul' operation ('mul_ln73_2', firmware/nnet_utils/nnet_mult.h:73->firmware/nnet_utils/nnet_batchnorm_stream.h:41) [58]  (1.924 ns)
	'add' operation ('add_ln42_3', firmware/nnet_utils/nnet_batchnorm_stream.h:42) [60]  (0.844 ns)

 <State 4>: 2.768ns
The critical path consists of the following:
	'mul' operation ('mul_ln73_3', firmware/nnet_utils/nnet_mult.h:73->firmware/nnet_utils/nnet_batchnorm_stream.h:41) [64]  (1.924 ns)
	'add' operation ('add_ln42_4', firmware/nnet_utils/nnet_batchnorm_stream.h:42) [65]  (0.844 ns)

 <State 5>: 2.774ns
The critical path consists of the following:
	'mul' operation ('mul_ln73_4', firmware/nnet_utils/nnet_mult.h:73->firmware/nnet_utils/nnet_batchnorm_stream.h:41) [69]  (1.924 ns)
	'add' operation ('add_ln42_5', firmware/nnet_utils/nnet_batchnorm_stream.h:42) [71]  (0.850 ns)

 <State 6>: 2.814ns
The critical path consists of the following:
	'mul' operation ('mul_ln73_5', firmware/nnet_utils/nnet_mult.h:73->firmware/nnet_utils/nnet_batchnorm_stream.h:41) [75]  (1.940 ns)
	'add' operation ('add_ln42_6', firmware/nnet_utils/nnet_batchnorm_stream.h:42) [76]  (0.874 ns)

 <State 7>: 2.808ns
The critical path consists of the following:
	'mul' operation ('mul_ln73_6', firmware/nnet_utils/nnet_mult.h:73->firmware/nnet_utils/nnet_batchnorm_stream.h:41) [79]  (1.940 ns)
	'add' operation ('add_ln42_7', firmware/nnet_utils/nnet_batchnorm_stream.h:42) [81]  (0.868 ns)

 <State 8>: 2.780ns
The critical path consists of the following:
	'mul' operation ('mul_ln73_7', firmware/nnet_utils/nnet_mult.h:73->firmware/nnet_utils/nnet_batchnorm_stream.h:41) [84]  (1.924 ns)
	'add' operation ('add_ln42_8', firmware/nnet_utils/nnet_batchnorm_stream.h:42) [86]  (0.856 ns)

 <State 9>: 2.814ns
The critical path consists of the following:
	'mul' operation ('mul_ln73_8', firmware/nnet_utils/nnet_mult.h:73->firmware/nnet_utils/nnet_batchnorm_stream.h:41) [90]  (1.940 ns)
	'add' operation ('add_ln42_9', firmware/nnet_utils/nnet_batchnorm_stream.h:42) [91]  (0.874 ns)

 <State 10>: 2.774ns
The critical path consists of the following:
	'mul' operation ('mul_ln73_9', firmware/nnet_utils/nnet_mult.h:73->firmware/nnet_utils/nnet_batchnorm_stream.h:41) [94]  (1.924 ns)
	'add' operation ('add_ln42_10', firmware/nnet_utils/nnet_batchnorm_stream.h:42) [95]  (0.850 ns)

 <State 11>: 2.768ns
The critical path consists of the following:
	'mul' operation ('mul_ln73_10', firmware/nnet_utils/nnet_mult.h:73->firmware/nnet_utils/nnet_batchnorm_stream.h:41) [99]  (1.924 ns)
	'add' operation ('add_ln42_11', firmware/nnet_utils/nnet_batchnorm_stream.h:42) [100]  (0.844 ns)

 <State 12>: 2.768ns
The critical path consists of the following:
	'mul' operation ('mul_ln73_11', firmware/nnet_utils/nnet_mult.h:73->firmware/nnet_utils/nnet_batchnorm_stream.h:41) [104]  (1.924 ns)
	'add' operation ('add_ln42_12', firmware/nnet_utils/nnet_batchnorm_stream.h:42) [106]  (0.844 ns)

 <State 13>: 2.768ns
The critical path consists of the following:
	'mul' operation ('mul_ln73_12', firmware/nnet_utils/nnet_mult.h:73->firmware/nnet_utils/nnet_batchnorm_stream.h:41) [110]  (1.924 ns)
	'add' operation ('add_ln42_13', firmware/nnet_utils/nnet_batchnorm_stream.h:42) [111]  (0.844 ns)

 <State 14>: 2.762ns
The critical path consists of the following:
	'mul' operation ('mul_ln73_13', firmware/nnet_utils/nnet_mult.h:73->firmware/nnet_utils/nnet_batchnorm_stream.h:41) [115]  (1.924 ns)
	'add' operation ('add_ln42_14', firmware/nnet_utils/nnet_batchnorm_stream.h:42) [117]  (0.838 ns)

 <State 15>: 2.780ns
The critical path consists of the following:
	'mul' operation ('mul_ln73_14', firmware/nnet_utils/nnet_mult.h:73->firmware/nnet_utils/nnet_batchnorm_stream.h:41) [121]  (1.924 ns)
	'add' operation ('add_ln42_15', firmware/nnet_utils/nnet_batchnorm_stream.h:42) [123]  (0.856 ns)

 <State 16>: 2.774ns
The critical path consists of the following:
	'mul' operation ('mul_ln73_15', firmware/nnet_utils/nnet_mult.h:73->firmware/nnet_utils/nnet_batchnorm_stream.h:41) [127]  (1.924 ns)
	'add' operation ('add_ln42_16', firmware/nnet_utils/nnet_batchnorm_stream.h:42) [129]  (0.850 ns)

 <State 17>: 2.774ns
The critical path consists of the following:
	'mul' operation ('mul_ln73_16', firmware/nnet_utils/nnet_mult.h:73->firmware/nnet_utils/nnet_batchnorm_stream.h:41) [133]  (1.924 ns)
	'add' operation ('add_ln42_17', firmware/nnet_utils/nnet_batchnorm_stream.h:42) [135]  (0.850 ns)

 <State 18>: 2.774ns
The critical path consists of the following:
	'mul' operation ('mul_ln73_17', firmware/nnet_utils/nnet_mult.h:73->firmware/nnet_utils/nnet_batchnorm_stream.h:41) [139]  (1.924 ns)
	'add' operation ('add_ln42_18', firmware/nnet_utils/nnet_batchnorm_stream.h:42) [141]  (0.850 ns)

 <State 19>: 2.774ns
The critical path consists of the following:
	'mul' operation ('mul_ln73_18', firmware/nnet_utils/nnet_mult.h:73->firmware/nnet_utils/nnet_batchnorm_stream.h:41) [145]  (1.924 ns)
	'add' operation ('add_ln42_19', firmware/nnet_utils/nnet_batchnorm_stream.h:42) [147]  (0.850 ns)

 <State 20>: 2.774ns
The critical path consists of the following:
	'mul' operation ('mul_ln73_19', firmware/nnet_utils/nnet_mult.h:73->firmware/nnet_utils/nnet_batchnorm_stream.h:41) [151]  (1.924 ns)
	'add' operation ('add_ln42_20', firmware/nnet_utils/nnet_batchnorm_stream.h:42) [153]  (0.850 ns)

 <State 21>: 2.774ns
The critical path consists of the following:
	'mul' operation ('mul_ln73_20', firmware/nnet_utils/nnet_mult.h:73->firmware/nnet_utils/nnet_batchnorm_stream.h:41) [157]  (1.924 ns)
	'add' operation ('add_ln42_21', firmware/nnet_utils/nnet_batchnorm_stream.h:42) [159]  (0.850 ns)

 <State 22>: 2.768ns
The critical path consists of the following:
	'mul' operation ('mul_ln73_21', firmware/nnet_utils/nnet_mult.h:73->firmware/nnet_utils/nnet_batchnorm_stream.h:41) [163]  (1.924 ns)
	'add' operation ('add_ln42_22', firmware/nnet_utils/nnet_batchnorm_stream.h:42) [165]  (0.844 ns)

 <State 23>: 2.768ns
The critical path consists of the following:
	'mul' operation ('mul_ln73_22', firmware/nnet_utils/nnet_mult.h:73->firmware/nnet_utils/nnet_batchnorm_stream.h:41) [169]  (1.924 ns)
	'add' operation ('add_ln42_23', firmware/nnet_utils/nnet_batchnorm_stream.h:42) [170]  (0.844 ns)

 <State 24>: 2.774ns
The critical path consists of the following:
	'mul' operation ('mul_ln73_23', firmware/nnet_utils/nnet_mult.h:73->firmware/nnet_utils/nnet_batchnorm_stream.h:41) [174]  (1.924 ns)
	'add' operation ('add_ln42_24', firmware/nnet_utils/nnet_batchnorm_stream.h:42) [175]  (0.850 ns)

 <State 25>: 2.786ns
The critical path consists of the following:
	'mul' operation ('mul_ln73_24', firmware/nnet_utils/nnet_mult.h:73->firmware/nnet_utils/nnet_batchnorm_stream.h:41) [179]  (1.924 ns)
	'add' operation ('add_ln42_25', firmware/nnet_utils/nnet_batchnorm_stream.h:42) [181]  (0.862 ns)

 <State 26>: 2.768ns
The critical path consists of the following:
	'mul' operation ('mul_ln73_25', firmware/nnet_utils/nnet_mult.h:73->firmware/nnet_utils/nnet_batchnorm_stream.h:41) [185]  (1.924 ns)
	'add' operation ('add_ln42_26', firmware/nnet_utils/nnet_batchnorm_stream.h:42) [186]  (0.844 ns)

 <State 27>: 2.780ns
The critical path consists of the following:
	'mul' operation ('mul_ln73_26', firmware/nnet_utils/nnet_mult.h:73->firmware/nnet_utils/nnet_batchnorm_stream.h:41) [190]  (1.924 ns)
	'add' operation ('add_ln42_27', firmware/nnet_utils/nnet_batchnorm_stream.h:42) [192]  (0.856 ns)

 <State 28>: 2.774ns
The critical path consists of the following:
	'mul' operation ('mul_ln73_27', firmware/nnet_utils/nnet_mult.h:73->firmware/nnet_utils/nnet_batchnorm_stream.h:41) [196]  (1.924 ns)
	'add' operation ('add_ln42_28', firmware/nnet_utils/nnet_batchnorm_stream.h:42) [198]  (0.850 ns)

 <State 29>: 2.768ns
The critical path consists of the following:
	'mul' operation ('mul_ln73_28', firmware/nnet_utils/nnet_mult.h:73->firmware/nnet_utils/nnet_batchnorm_stream.h:41) [202]  (1.924 ns)
	'add' operation ('add_ln42_29', firmware/nnet_utils/nnet_batchnorm_stream.h:42) [203]  (0.844 ns)

 <State 30>: 2.808ns
The critical path consists of the following:
	'mul' operation ('mul_ln73_29', firmware/nnet_utils/nnet_mult.h:73->firmware/nnet_utils/nnet_batchnorm_stream.h:41) [208]  (1.940 ns)
	'add' operation ('add_ln42_30', firmware/nnet_utils/nnet_batchnorm_stream.h:42) [209]  (0.868 ns)

 <State 31>: 4.180ns
The critical path consists of the following:
	'mul' operation ('mul_ln73_30', firmware/nnet_utils/nnet_mult.h:73->firmware/nnet_utils/nnet_batchnorm_stream.h:41) [214]  (1.924 ns)
	'add' operation ('add_ln42_31', firmware/nnet_utils/nnet_batchnorm_stream.h:42) [216]  (0.844 ns)
	fifo write operation ('write_ln46', firmware/nnet_utils/nnet_batchnorm_stream.h:46) on port 'layer5_out' (firmware/nnet_utils/nnet_batchnorm_stream.h:46) [220]  (1.412 ns)


============================================================
+ Verbose Summary: Binding
============================================================
N/A
* FSMD analyzer results:
  - Output states:
 - Input state : 
  - Chain level:
	State 1
	State 2
	State 3
	State 4
	State 5
	State 6
	State 7
	State 8
	State 9
	State 10
	State 11
	State 12
	State 13
	State 14
	State 15
	State 16
	State 17
	State 18
	State 19
	State 20
	State 21
	State 22
	State 23
	State 24
	State 25
	State 26
	State 27
	State 28
	State 29
	State 30
	State 31


============================================================
+ Verbose Summary: Datapath Resource usage 
============================================================
N/A
