

================================================================
== Vitis HLS Report for 'relu_array_ap_fixed_12u_array_ap_ufixed_15_0_4_0_0_12u_relu_config9_s'
================================================================
* Date:           Wed Aug 14 11:42:37 2024

* Version:        2023.1 (Build 3854077 on May  4 2023)
* Project:        myproject_prj
* Solution:       solution1 (Vivado IP Flow Target)
* Product family: virtexuplus
* Target device:  xcvu13p-flga2577-2-e


================================================================
== Performance Estimates
================================================================
+ Timing: 
    * Summary: 
    +--------+---------+----------+------------+
    |  Clock |  Target | Estimated| Uncertainty|
    +--------+---------+----------+------------+
    |ap_clk  |  5.00 ns|  3.933 ns|     0.62 ns|
    +--------+---------+----------+------------+

+ Latency: 
    * Summary: 
    +---------+---------+----------+----------+-----+-----+---------+
    |  Latency (cycles) |  Latency (absolute) |  Interval | Pipeline|
    |   min   |   max   |    min   |    max   | min | max |   Type  |
    +---------+---------+----------+----------+-----+-----+---------+
    |        0|        0|      0 ns|      0 ns|    0|    0|       no|
    +---------+---------+----------+----------+-----+-----+---------+

    + Detail: 
        * Instance: 
        N/A

        * Loop: 
        N/A

============================================================
+ Verbose Summary: Synthesis Manager
============================================================
InlineROM: 1
ExposeGlobal: 0
============================================================
+ Verbose Summary: CDFG Model
============================================================
IsTopModel: 0
ResetActiveHigh: 1
IsCombinational: 2
IsDatapathOnly: 0
HasWiredReturn: 1
HasMFsm: 0
HasVarLatency: 0
IsPipeline: 0
IsRtlPipelined: 0
IsInstanceOverlapped: 0
IsDontTouch: 0
HasImplIP: 0
IsGatedGlobalClock: 0


============================================================
+ Verbose Summary: Schedule
============================================================
* Number of FSM states : 1
* Pipeline : 0
* Dataflow Pipeline: 0

* FSM state transitions: 
1 --> 

* FSM state operations: 

State 1 <SV = 0> <Delay = 3.93>
ST_1 : Operation 2 [1/1] (0.00ns)   --->   "%specinterface_ln0 = specinterface void @_ssdm_op_SpecInterface, i180 %layer9_out, void @empty_2, i32 0, i32 0, void @empty_1, i32 0, i32 0, void @empty_1, void @empty_1, void @empty_1, i32 0, i32 0, i32 0, i32 0, void @empty_1, void @empty_1, i32 4294967295, i32 0"   --->   Operation 2 'specinterface' 'specinterface_ln0' <Predicate = true> <Delay = 0.00>
ST_1 : Operation 3 [1/1] (0.00ns)   --->   "%specinterface_ln0 = specinterface void @_ssdm_op_SpecInterface, i192 %layer8_out, void @empty_2, i32 0, i32 0, void @empty_1, i32 0, i32 0, void @empty_1, void @empty_1, void @empty_1, i32 0, i32 0, i32 0, i32 0, void @empty_1, void @empty_1, i32 4294967295, i32 0"   --->   Operation 3 'specinterface' 'specinterface_ln0' <Predicate = true> <Delay = 0.00>
ST_1 : Operation 4 [1/1] (1.42ns)   --->   "%layer8_out_read = read i192 @_ssdm_op_Read.ap_fifo.volatile.i192P0A, i192 %layer8_out" [firmware/nnet_utils/nnet_activation_stream.h:44]   --->   Operation 4 'read' 'layer8_out_read' <Predicate = true> <Delay = 1.42> <CoreInst = "FIFO_SRL">   --->   Core 81 'FIFO_SRL' <Latency = 0> <II = 1> <Delay = 1.42> <Storage> <Opcode : 'read' 'write' 'nbread' 'nbwrite'> <Ports = 0> <Width = 192> <Depth = 1> <FIFO>
ST_1 : Operation 5 [1/1] (0.00ns)   --->   "%in_data = trunc i192 %layer8_out_read" [firmware/nnet_utils/nnet_activation_stream.h:44]   --->   Operation 5 'trunc' 'in_data' <Predicate = true> <Delay = 0.00>
ST_1 : Operation 6 [1/1] (0.00ns)   --->   "%trunc_ln44_s = partselect i16 @_ssdm_op_PartSelect.i16.i192.i32.i32, i192 %layer8_out_read, i32 160, i32 175" [firmware/nnet_utils/nnet_activation_stream.h:44]   --->   Operation 6 'partselect' 'trunc_ln44_s' <Predicate = true> <Delay = 0.00>
ST_1 : Operation 7 [1/1] (0.00ns)   --->   "%trunc_ln44_2 = partselect i16 @_ssdm_op_PartSelect.i16.i192.i32.i32, i192 %layer8_out_read, i32 176, i32 191" [firmware/nnet_utils/nnet_activation_stream.h:44]   --->   Operation 7 'partselect' 'trunc_ln44_2' <Predicate = true> <Delay = 0.00>
ST_1 : Operation 8 [1/1] (0.00ns)   --->   "%in_data_4 = partselect i16 @_ssdm_op_PartSelect.i16.i192.i32.i32, i192 %layer8_out_read, i32 16, i32 31" [firmware/nnet_utils/nnet_activation_stream.h:44]   --->   Operation 8 'partselect' 'in_data_4' <Predicate = true> <Delay = 0.00>
ST_1 : Operation 9 [1/1] (0.00ns)   --->   "%in_data_5 = partselect i16 @_ssdm_op_PartSelect.i16.i192.i32.i32, i192 %layer8_out_read, i32 32, i32 47" [firmware/nnet_utils/nnet_activation_stream.h:44]   --->   Operation 9 'partselect' 'in_data_5' <Predicate = true> <Delay = 0.00>
ST_1 : Operation 10 [1/1] (0.00ns)   --->   "%in_data_6 = partselect i16 @_ssdm_op_PartSelect.i16.i192.i32.i32, i192 %layer8_out_read, i32 48, i32 63" [firmware/nnet_utils/nnet_activation_stream.h:44]   --->   Operation 10 'partselect' 'in_data_6' <Predicate = true> <Delay = 0.00>
ST_1 : Operation 11 [1/1] (0.00ns)   --->   "%tmp = partselect i16 @_ssdm_op_PartSelect.i16.i192.i32.i32, i192 %layer8_out_read, i32 64, i32 79" [firmware/nnet_utils/nnet_activation_stream.h:44]   --->   Operation 11 'partselect' 'tmp' <Predicate = true> <Delay = 0.00>
ST_1 : Operation 12 [1/1] (0.00ns)   --->   "%tmp_s = partselect i16 @_ssdm_op_PartSelect.i16.i192.i32.i32, i192 %layer8_out_read, i32 80, i32 95" [firmware/nnet_utils/nnet_activation_stream.h:44]   --->   Operation 12 'partselect' 'tmp_s' <Predicate = true> <Delay = 0.00>
ST_1 : Operation 13 [1/1] (0.00ns)   --->   "%tmp_43 = partselect i16 @_ssdm_op_PartSelect.i16.i192.i32.i32, i192 %layer8_out_read, i32 96, i32 111" [firmware/nnet_utils/nnet_activation_stream.h:44]   --->   Operation 13 'partselect' 'tmp_43' <Predicate = true> <Delay = 0.00>
ST_1 : Operation 14 [1/1] (0.00ns)   --->   "%tmp_44 = partselect i16 @_ssdm_op_PartSelect.i16.i192.i32.i32, i192 %layer8_out_read, i32 112, i32 127" [firmware/nnet_utils/nnet_activation_stream.h:44]   --->   Operation 14 'partselect' 'tmp_44' <Predicate = true> <Delay = 0.00>
ST_1 : Operation 15 [1/1] (0.00ns)   --->   "%tmp_45 = partselect i16 @_ssdm_op_PartSelect.i16.i192.i32.i32, i192 %layer8_out_read, i32 128, i32 143" [firmware/nnet_utils/nnet_activation_stream.h:44]   --->   Operation 15 'partselect' 'tmp_45' <Predicate = true> <Delay = 0.00>
ST_1 : Operation 16 [1/1] (0.00ns)   --->   "%tmp_46 = partselect i16 @_ssdm_op_PartSelect.i16.i192.i32.i32, i192 %layer8_out_read, i32 144, i32 159" [firmware/nnet_utils/nnet_activation_stream.h:44]   --->   Operation 16 'partselect' 'tmp_46' <Predicate = true> <Delay = 0.00>
ST_1 : Operation 17 [1/1] (0.78ns)   --->   "%icmp_ln51 = icmp_sgt  i16 %in_data, i16 0" [firmware/nnet_utils/nnet_activation_stream.h:51]   --->   Operation 17 'icmp' 'icmp_ln51' <Predicate = true> <Delay = 0.78> <CoreInst = "Cmp">   --->   Core 9 'Cmp' <Latency = 0> <II = 1> <Delay = 0.78> <FuncUnit> <Opcode : 'icmp'> <InPorts = 2> <OutPorts = 1>
ST_1 : Operation 18 [1/1] (0.00ns) (grouped into LUT with out node select_ln51)   --->   "%trunc_ln52 = trunc i192 %layer8_out_read" [firmware/nnet_utils/nnet_activation_stream.h:52]   --->   Operation 18 'trunc' 'trunc_ln52' <Predicate = (!icmp_ln52 & icmp_ln51)> <Delay = 0.00>
ST_1 : Operation 19 [1/1] (0.00ns) (grouped into LUT with out node select_ln51)   --->   "%shl_ln = bitconcatenate i15 @_ssdm_op_BitConcatenate.i15.i10.i5, i10 %trunc_ln52, i5 0" [firmware/nnet_utils/nnet_activation_stream.h:52]   --->   Operation 19 'bitconcatenate' 'shl_ln' <Predicate = (!icmp_ln52 & icmp_ln51)> <Delay = 0.00>
ST_1 : Operation 20 [1/1] (0.00ns)   --->   "%tmp_47 = partselect i6 @_ssdm_op_PartSelect.i6.i192.i32.i32, i192 %layer8_out_read, i32 10, i32 15" [firmware/nnet_utils/nnet_activation_stream.h:52]   --->   Operation 20 'partselect' 'tmp_47' <Predicate = (icmp_ln51)> <Delay = 0.00>
ST_1 : Operation 21 [1/1] (0.70ns)   --->   "%icmp_ln52 = icmp_ne  i6 %tmp_47, i6 0" [firmware/nnet_utils/nnet_activation_stream.h:52]   --->   Operation 21 'icmp' 'icmp_ln52' <Predicate = (icmp_ln51)> <Delay = 0.70> <CoreInst = "Cmp">   --->   Core 9 'Cmp' <Latency = 0> <II = 1> <Delay = 0.70> <FuncUnit> <Opcode : 'icmp'> <InPorts = 2> <OutPorts = 1>
ST_1 : Operation 22 [1/1] (0.00ns) (grouped into LUT with out node select_ln51)   --->   "%select_ln52 = select i1 %icmp_ln52, i15 32767, i15 %shl_ln" [firmware/nnet_utils/nnet_activation_stream.h:52]   --->   Operation 22 'select' 'select_ln52' <Predicate = (icmp_ln51)> <Delay = 0.00> <CoreInst = "Sel">   --->   Core 73 'Sel' <Latency = 0> <II = 1> <Delay = 0.29> <FuncUnit> <Opcode : 'select'> <InPorts = 3> <OutPorts = 1>
ST_1 : Operation 23 [1/1] (0.29ns) (out node of the LUT)   --->   "%select_ln51 = select i1 %icmp_ln51, i15 %select_ln52, i15 0" [firmware/nnet_utils/nnet_activation_stream.h:51]   --->   Operation 23 'select' 'select_ln51' <Predicate = true> <Delay = 0.29> <CoreInst = "Sel">   --->   Core 73 'Sel' <Latency = 0> <II = 1> <Delay = 0.29> <FuncUnit> <Opcode : 'select'> <InPorts = 3> <OutPorts = 1>
ST_1 : Operation 24 [1/1] (0.78ns)   --->   "%icmp_ln51_24 = icmp_sgt  i16 %in_data_4, i16 0" [firmware/nnet_utils/nnet_activation_stream.h:51]   --->   Operation 24 'icmp' 'icmp_ln51_24' <Predicate = true> <Delay = 0.78> <CoreInst = "Cmp">   --->   Core 9 'Cmp' <Latency = 0> <II = 1> <Delay = 0.78> <FuncUnit> <Opcode : 'icmp'> <InPorts = 2> <OutPorts = 1>
ST_1 : Operation 25 [1/1] (0.00ns) (grouped into LUT with out node select_ln51_24)   --->   "%tmp_64 = partselect i10 @_ssdm_op_PartSelect.i10.i192.i32.i32, i192 %layer8_out_read, i32 16, i32 25" [firmware/nnet_utils/nnet_activation_stream.h:52]   --->   Operation 25 'partselect' 'tmp_64' <Predicate = (!icmp_ln52_24 & icmp_ln51_24)> <Delay = 0.00>
ST_1 : Operation 26 [1/1] (0.00ns) (grouped into LUT with out node select_ln51_24)   --->   "%shl_ln52_s = bitconcatenate i15 @_ssdm_op_BitConcatenate.i15.i10.i5, i10 %tmp_64, i5 0" [firmware/nnet_utils/nnet_activation_stream.h:52]   --->   Operation 26 'bitconcatenate' 'shl_ln52_s' <Predicate = (!icmp_ln52_24 & icmp_ln51_24)> <Delay = 0.00>
ST_1 : Operation 27 [1/1] (0.00ns)   --->   "%tmp_48 = partselect i6 @_ssdm_op_PartSelect.i6.i192.i32.i32, i192 %layer8_out_read, i32 26, i32 31" [firmware/nnet_utils/nnet_activation_stream.h:52]   --->   Operation 27 'partselect' 'tmp_48' <Predicate = (icmp_ln51_24)> <Delay = 0.00>
ST_1 : Operation 28 [1/1] (0.70ns)   --->   "%icmp_ln52_24 = icmp_ne  i6 %tmp_48, i6 0" [firmware/nnet_utils/nnet_activation_stream.h:52]   --->   Operation 28 'icmp' 'icmp_ln52_24' <Predicate = (icmp_ln51_24)> <Delay = 0.70> <CoreInst = "Cmp">   --->   Core 9 'Cmp' <Latency = 0> <II = 1> <Delay = 0.70> <FuncUnit> <Opcode : 'icmp'> <InPorts = 2> <OutPorts = 1>
ST_1 : Operation 29 [1/1] (0.00ns) (grouped into LUT with out node select_ln51_24)   --->   "%select_ln52_24 = select i1 %icmp_ln52_24, i15 32767, i15 %shl_ln52_s" [firmware/nnet_utils/nnet_activation_stream.h:52]   --->   Operation 29 'select' 'select_ln52_24' <Predicate = (icmp_ln51_24)> <Delay = 0.00> <CoreInst = "Sel">   --->   Core 73 'Sel' <Latency = 0> <II = 1> <Delay = 0.29> <FuncUnit> <Opcode : 'select'> <InPorts = 3> <OutPorts = 1>
ST_1 : Operation 30 [1/1] (0.29ns) (out node of the LUT)   --->   "%select_ln51_24 = select i1 %icmp_ln51_24, i15 %select_ln52_24, i15 0" [firmware/nnet_utils/nnet_activation_stream.h:51]   --->   Operation 30 'select' 'select_ln51_24' <Predicate = true> <Delay = 0.29> <CoreInst = "Sel">   --->   Core 73 'Sel' <Latency = 0> <II = 1> <Delay = 0.29> <FuncUnit> <Opcode : 'select'> <InPorts = 3> <OutPorts = 1>
ST_1 : Operation 31 [1/1] (0.78ns)   --->   "%icmp_ln51_25 = icmp_sgt  i16 %in_data_5, i16 0" [firmware/nnet_utils/nnet_activation_stream.h:51]   --->   Operation 31 'icmp' 'icmp_ln51_25' <Predicate = true> <Delay = 0.78> <CoreInst = "Cmp">   --->   Core 9 'Cmp' <Latency = 0> <II = 1> <Delay = 0.78> <FuncUnit> <Opcode : 'icmp'> <InPorts = 2> <OutPorts = 1>
ST_1 : Operation 32 [1/1] (0.00ns) (grouped into LUT with out node select_ln51_25)   --->   "%tmp_65 = partselect i10 @_ssdm_op_PartSelect.i10.i192.i32.i32, i192 %layer8_out_read, i32 32, i32 41" [firmware/nnet_utils/nnet_activation_stream.h:52]   --->   Operation 32 'partselect' 'tmp_65' <Predicate = (!icmp_ln52_25 & icmp_ln51_25)> <Delay = 0.00>
ST_1 : Operation 33 [1/1] (0.00ns) (grouped into LUT with out node select_ln51_25)   --->   "%shl_ln52_23 = bitconcatenate i15 @_ssdm_op_BitConcatenate.i15.i10.i5, i10 %tmp_65, i5 0" [firmware/nnet_utils/nnet_activation_stream.h:52]   --->   Operation 33 'bitconcatenate' 'shl_ln52_23' <Predicate = (!icmp_ln52_25 & icmp_ln51_25)> <Delay = 0.00>
ST_1 : Operation 34 [1/1] (0.00ns)   --->   "%tmp_49 = partselect i6 @_ssdm_op_PartSelect.i6.i192.i32.i32, i192 %layer8_out_read, i32 42, i32 47" [firmware/nnet_utils/nnet_activation_stream.h:52]   --->   Operation 34 'partselect' 'tmp_49' <Predicate = (icmp_ln51_25)> <Delay = 0.00>
ST_1 : Operation 35 [1/1] (0.70ns)   --->   "%icmp_ln52_25 = icmp_ne  i6 %tmp_49, i6 0" [firmware/nnet_utils/nnet_activation_stream.h:52]   --->   Operation 35 'icmp' 'icmp_ln52_25' <Predicate = (icmp_ln51_25)> <Delay = 0.70> <CoreInst = "Cmp">   --->   Core 9 'Cmp' <Latency = 0> <II = 1> <Delay = 0.70> <FuncUnit> <Opcode : 'icmp'> <InPorts = 2> <OutPorts = 1>
ST_1 : Operation 36 [1/1] (0.00ns) (grouped into LUT with out node select_ln51_25)   --->   "%select_ln52_25 = select i1 %icmp_ln52_25, i15 32767, i15 %shl_ln52_23" [firmware/nnet_utils/nnet_activation_stream.h:52]   --->   Operation 36 'select' 'select_ln52_25' <Predicate = (icmp_ln51_25)> <Delay = 0.00> <CoreInst = "Sel">   --->   Core 73 'Sel' <Latency = 0> <II = 1> <Delay = 0.29> <FuncUnit> <Opcode : 'select'> <InPorts = 3> <OutPorts = 1>
ST_1 : Operation 37 [1/1] (0.29ns) (out node of the LUT)   --->   "%select_ln51_25 = select i1 %icmp_ln51_25, i15 %select_ln52_25, i15 0" [firmware/nnet_utils/nnet_activation_stream.h:51]   --->   Operation 37 'select' 'select_ln51_25' <Predicate = true> <Delay = 0.29> <CoreInst = "Sel">   --->   Core 73 'Sel' <Latency = 0> <II = 1> <Delay = 0.29> <FuncUnit> <Opcode : 'select'> <InPorts = 3> <OutPorts = 1>
ST_1 : Operation 38 [1/1] (0.78ns)   --->   "%icmp_ln51_26 = icmp_sgt  i16 %in_data_6, i16 0" [firmware/nnet_utils/nnet_activation_stream.h:51]   --->   Operation 38 'icmp' 'icmp_ln51_26' <Predicate = true> <Delay = 0.78> <CoreInst = "Cmp">   --->   Core 9 'Cmp' <Latency = 0> <II = 1> <Delay = 0.78> <FuncUnit> <Opcode : 'icmp'> <InPorts = 2> <OutPorts = 1>
ST_1 : Operation 39 [1/1] (0.00ns) (grouped into LUT with out node select_ln51_26)   --->   "%tmp_66 = partselect i10 @_ssdm_op_PartSelect.i10.i192.i32.i32, i192 %layer8_out_read, i32 48, i32 57" [firmware/nnet_utils/nnet_activation_stream.h:52]   --->   Operation 39 'partselect' 'tmp_66' <Predicate = (!icmp_ln52_26 & icmp_ln51_26)> <Delay = 0.00>
ST_1 : Operation 40 [1/1] (0.00ns) (grouped into LUT with out node select_ln51_26)   --->   "%shl_ln52_24 = bitconcatenate i15 @_ssdm_op_BitConcatenate.i15.i10.i5, i10 %tmp_66, i5 0" [firmware/nnet_utils/nnet_activation_stream.h:52]   --->   Operation 40 'bitconcatenate' 'shl_ln52_24' <Predicate = (!icmp_ln52_26 & icmp_ln51_26)> <Delay = 0.00>
ST_1 : Operation 41 [1/1] (0.00ns)   --->   "%tmp_50 = partselect i6 @_ssdm_op_PartSelect.i6.i192.i32.i32, i192 %layer8_out_read, i32 58, i32 63" [firmware/nnet_utils/nnet_activation_stream.h:52]   --->   Operation 41 'partselect' 'tmp_50' <Predicate = (icmp_ln51_26)> <Delay = 0.00>
ST_1 : Operation 42 [1/1] (0.70ns)   --->   "%icmp_ln52_26 = icmp_ne  i6 %tmp_50, i6 0" [firmware/nnet_utils/nnet_activation_stream.h:52]   --->   Operation 42 'icmp' 'icmp_ln52_26' <Predicate = (icmp_ln51_26)> <Delay = 0.70> <CoreInst = "Cmp">   --->   Core 9 'Cmp' <Latency = 0> <II = 1> <Delay = 0.70> <FuncUnit> <Opcode : 'icmp'> <InPorts = 2> <OutPorts = 1>
ST_1 : Operation 43 [1/1] (0.00ns) (grouped into LUT with out node select_ln51_26)   --->   "%select_ln52_26 = select i1 %icmp_ln52_26, i15 32767, i15 %shl_ln52_24" [firmware/nnet_utils/nnet_activation_stream.h:52]   --->   Operation 43 'select' 'select_ln52_26' <Predicate = (icmp_ln51_26)> <Delay = 0.00> <CoreInst = "Sel">   --->   Core 73 'Sel' <Latency = 0> <II = 1> <Delay = 0.29> <FuncUnit> <Opcode : 'select'> <InPorts = 3> <OutPorts = 1>
ST_1 : Operation 44 [1/1] (0.29ns) (out node of the LUT)   --->   "%select_ln51_26 = select i1 %icmp_ln51_26, i15 %select_ln52_26, i15 0" [firmware/nnet_utils/nnet_activation_stream.h:51]   --->   Operation 44 'select' 'select_ln51_26' <Predicate = true> <Delay = 0.29> <CoreInst = "Sel">   --->   Core 73 'Sel' <Latency = 0> <II = 1> <Delay = 0.29> <FuncUnit> <Opcode : 'select'> <InPorts = 3> <OutPorts = 1>
ST_1 : Operation 45 [1/1] (0.78ns)   --->   "%icmp_ln51_27 = icmp_sgt  i16 %tmp, i16 0" [firmware/nnet_utils/nnet_activation_stream.h:51]   --->   Operation 45 'icmp' 'icmp_ln51_27' <Predicate = true> <Delay = 0.78> <CoreInst = "Cmp">   --->   Core 9 'Cmp' <Latency = 0> <II = 1> <Delay = 0.78> <FuncUnit> <Opcode : 'icmp'> <InPorts = 2> <OutPorts = 1>
ST_1 : Operation 46 [1/1] (0.00ns) (grouped into LUT with out node select_ln51_27)   --->   "%tmp_67 = partselect i10 @_ssdm_op_PartSelect.i10.i192.i32.i32, i192 %layer8_out_read, i32 64, i32 73" [firmware/nnet_utils/nnet_activation_stream.h:52]   --->   Operation 46 'partselect' 'tmp_67' <Predicate = (!icmp_ln52_27 & icmp_ln51_27)> <Delay = 0.00>
ST_1 : Operation 47 [1/1] (0.00ns) (grouped into LUT with out node select_ln51_27)   --->   "%shl_ln52_25 = bitconcatenate i15 @_ssdm_op_BitConcatenate.i15.i10.i5, i10 %tmp_67, i5 0" [firmware/nnet_utils/nnet_activation_stream.h:52]   --->   Operation 47 'bitconcatenate' 'shl_ln52_25' <Predicate = (!icmp_ln52_27 & icmp_ln51_27)> <Delay = 0.00>
ST_1 : Operation 48 [1/1] (0.00ns)   --->   "%tmp_51 = partselect i6 @_ssdm_op_PartSelect.i6.i192.i32.i32, i192 %layer8_out_read, i32 74, i32 79" [firmware/nnet_utils/nnet_activation_stream.h:52]   --->   Operation 48 'partselect' 'tmp_51' <Predicate = (icmp_ln51_27)> <Delay = 0.00>
ST_1 : Operation 49 [1/1] (0.70ns)   --->   "%icmp_ln52_27 = icmp_ne  i6 %tmp_51, i6 0" [firmware/nnet_utils/nnet_activation_stream.h:52]   --->   Operation 49 'icmp' 'icmp_ln52_27' <Predicate = (icmp_ln51_27)> <Delay = 0.70> <CoreInst = "Cmp">   --->   Core 9 'Cmp' <Latency = 0> <II = 1> <Delay = 0.70> <FuncUnit> <Opcode : 'icmp'> <InPorts = 2> <OutPorts = 1>
ST_1 : Operation 50 [1/1] (0.00ns) (grouped into LUT with out node select_ln51_27)   --->   "%select_ln52_27 = select i1 %icmp_ln52_27, i15 32767, i15 %shl_ln52_25" [firmware/nnet_utils/nnet_activation_stream.h:52]   --->   Operation 50 'select' 'select_ln52_27' <Predicate = (icmp_ln51_27)> <Delay = 0.00> <CoreInst = "Sel">   --->   Core 73 'Sel' <Latency = 0> <II = 1> <Delay = 0.29> <FuncUnit> <Opcode : 'select'> <InPorts = 3> <OutPorts = 1>
ST_1 : Operation 51 [1/1] (0.29ns) (out node of the LUT)   --->   "%select_ln51_27 = select i1 %icmp_ln51_27, i15 %select_ln52_27, i15 0" [firmware/nnet_utils/nnet_activation_stream.h:51]   --->   Operation 51 'select' 'select_ln51_27' <Predicate = true> <Delay = 0.29> <CoreInst = "Sel">   --->   Core 73 'Sel' <Latency = 0> <II = 1> <Delay = 0.29> <FuncUnit> <Opcode : 'select'> <InPorts = 3> <OutPorts = 1>
ST_1 : Operation 52 [1/1] (0.78ns)   --->   "%icmp_ln51_28 = icmp_sgt  i16 %tmp_s, i16 0" [firmware/nnet_utils/nnet_activation_stream.h:51]   --->   Operation 52 'icmp' 'icmp_ln51_28' <Predicate = true> <Delay = 0.78> <CoreInst = "Cmp">   --->   Core 9 'Cmp' <Latency = 0> <II = 1> <Delay = 0.78> <FuncUnit> <Opcode : 'icmp'> <InPorts = 2> <OutPorts = 1>
ST_1 : Operation 53 [1/1] (0.00ns) (grouped into LUT with out node select_ln51_28)   --->   "%tmp_68 = partselect i10 @_ssdm_op_PartSelect.i10.i192.i32.i32, i192 %layer8_out_read, i32 80, i32 89" [firmware/nnet_utils/nnet_activation_stream.h:52]   --->   Operation 53 'partselect' 'tmp_68' <Predicate = (!icmp_ln52_28 & icmp_ln51_28)> <Delay = 0.00>
ST_1 : Operation 54 [1/1] (0.00ns) (grouped into LUT with out node select_ln51_28)   --->   "%shl_ln52_26 = bitconcatenate i15 @_ssdm_op_BitConcatenate.i15.i10.i5, i10 %tmp_68, i5 0" [firmware/nnet_utils/nnet_activation_stream.h:52]   --->   Operation 54 'bitconcatenate' 'shl_ln52_26' <Predicate = (!icmp_ln52_28 & icmp_ln51_28)> <Delay = 0.00>
ST_1 : Operation 55 [1/1] (0.00ns)   --->   "%tmp_52 = partselect i6 @_ssdm_op_PartSelect.i6.i192.i32.i32, i192 %layer8_out_read, i32 90, i32 95" [firmware/nnet_utils/nnet_activation_stream.h:52]   --->   Operation 55 'partselect' 'tmp_52' <Predicate = (icmp_ln51_28)> <Delay = 0.00>
ST_1 : Operation 56 [1/1] (0.70ns)   --->   "%icmp_ln52_28 = icmp_ne  i6 %tmp_52, i6 0" [firmware/nnet_utils/nnet_activation_stream.h:52]   --->   Operation 56 'icmp' 'icmp_ln52_28' <Predicate = (icmp_ln51_28)> <Delay = 0.70> <CoreInst = "Cmp">   --->   Core 9 'Cmp' <Latency = 0> <II = 1> <Delay = 0.70> <FuncUnit> <Opcode : 'icmp'> <InPorts = 2> <OutPorts = 1>
ST_1 : Operation 57 [1/1] (0.00ns) (grouped into LUT with out node select_ln51_28)   --->   "%select_ln52_28 = select i1 %icmp_ln52_28, i15 32767, i15 %shl_ln52_26" [firmware/nnet_utils/nnet_activation_stream.h:52]   --->   Operation 57 'select' 'select_ln52_28' <Predicate = (icmp_ln51_28)> <Delay = 0.00> <CoreInst = "Sel">   --->   Core 73 'Sel' <Latency = 0> <II = 1> <Delay = 0.29> <FuncUnit> <Opcode : 'select'> <InPorts = 3> <OutPorts = 1>
ST_1 : Operation 58 [1/1] (0.29ns) (out node of the LUT)   --->   "%select_ln51_28 = select i1 %icmp_ln51_28, i15 %select_ln52_28, i15 0" [firmware/nnet_utils/nnet_activation_stream.h:51]   --->   Operation 58 'select' 'select_ln51_28' <Predicate = true> <Delay = 0.29> <CoreInst = "Sel">   --->   Core 73 'Sel' <Latency = 0> <II = 1> <Delay = 0.29> <FuncUnit> <Opcode : 'select'> <InPorts = 3> <OutPorts = 1>
ST_1 : Operation 59 [1/1] (0.78ns)   --->   "%icmp_ln51_29 = icmp_sgt  i16 %tmp_43, i16 0" [firmware/nnet_utils/nnet_activation_stream.h:51]   --->   Operation 59 'icmp' 'icmp_ln51_29' <Predicate = true> <Delay = 0.78> <CoreInst = "Cmp">   --->   Core 9 'Cmp' <Latency = 0> <II = 1> <Delay = 0.78> <FuncUnit> <Opcode : 'icmp'> <InPorts = 2> <OutPorts = 1>
ST_1 : Operation 60 [1/1] (0.00ns) (grouped into LUT with out node select_ln51_29)   --->   "%tmp_69 = partselect i10 @_ssdm_op_PartSelect.i10.i192.i32.i32, i192 %layer8_out_read, i32 96, i32 105" [firmware/nnet_utils/nnet_activation_stream.h:52]   --->   Operation 60 'partselect' 'tmp_69' <Predicate = (!icmp_ln52_29 & icmp_ln51_29)> <Delay = 0.00>
ST_1 : Operation 61 [1/1] (0.00ns) (grouped into LUT with out node select_ln51_29)   --->   "%shl_ln52_27 = bitconcatenate i15 @_ssdm_op_BitConcatenate.i15.i10.i5, i10 %tmp_69, i5 0" [firmware/nnet_utils/nnet_activation_stream.h:52]   --->   Operation 61 'bitconcatenate' 'shl_ln52_27' <Predicate = (!icmp_ln52_29 & icmp_ln51_29)> <Delay = 0.00>
ST_1 : Operation 62 [1/1] (0.00ns)   --->   "%tmp_53 = partselect i6 @_ssdm_op_PartSelect.i6.i192.i32.i32, i192 %layer8_out_read, i32 106, i32 111" [firmware/nnet_utils/nnet_activation_stream.h:52]   --->   Operation 62 'partselect' 'tmp_53' <Predicate = (icmp_ln51_29)> <Delay = 0.00>
ST_1 : Operation 63 [1/1] (0.70ns)   --->   "%icmp_ln52_29 = icmp_ne  i6 %tmp_53, i6 0" [firmware/nnet_utils/nnet_activation_stream.h:52]   --->   Operation 63 'icmp' 'icmp_ln52_29' <Predicate = (icmp_ln51_29)> <Delay = 0.70> <CoreInst = "Cmp">   --->   Core 9 'Cmp' <Latency = 0> <II = 1> <Delay = 0.70> <FuncUnit> <Opcode : 'icmp'> <InPorts = 2> <OutPorts = 1>
ST_1 : Operation 64 [1/1] (0.00ns) (grouped into LUT with out node select_ln51_29)   --->   "%select_ln52_29 = select i1 %icmp_ln52_29, i15 32767, i15 %shl_ln52_27" [firmware/nnet_utils/nnet_activation_stream.h:52]   --->   Operation 64 'select' 'select_ln52_29' <Predicate = (icmp_ln51_29)> <Delay = 0.00> <CoreInst = "Sel">   --->   Core 73 'Sel' <Latency = 0> <II = 1> <Delay = 0.29> <FuncUnit> <Opcode : 'select'> <InPorts = 3> <OutPorts = 1>
ST_1 : Operation 65 [1/1] (0.29ns) (out node of the LUT)   --->   "%select_ln51_29 = select i1 %icmp_ln51_29, i15 %select_ln52_29, i15 0" [firmware/nnet_utils/nnet_activation_stream.h:51]   --->   Operation 65 'select' 'select_ln51_29' <Predicate = true> <Delay = 0.29> <CoreInst = "Sel">   --->   Core 73 'Sel' <Latency = 0> <II = 1> <Delay = 0.29> <FuncUnit> <Opcode : 'select'> <InPorts = 3> <OutPorts = 1>
ST_1 : Operation 66 [1/1] (0.78ns)   --->   "%icmp_ln51_30 = icmp_sgt  i16 %tmp_44, i16 0" [firmware/nnet_utils/nnet_activation_stream.h:51]   --->   Operation 66 'icmp' 'icmp_ln51_30' <Predicate = true> <Delay = 0.78> <CoreInst = "Cmp">   --->   Core 9 'Cmp' <Latency = 0> <II = 1> <Delay = 0.78> <FuncUnit> <Opcode : 'icmp'> <InPorts = 2> <OutPorts = 1>
ST_1 : Operation 67 [1/1] (0.00ns) (grouped into LUT with out node select_ln51_30)   --->   "%tmp_70 = partselect i10 @_ssdm_op_PartSelect.i10.i192.i32.i32, i192 %layer8_out_read, i32 112, i32 121" [firmware/nnet_utils/nnet_activation_stream.h:52]   --->   Operation 67 'partselect' 'tmp_70' <Predicate = (!icmp_ln52_30 & icmp_ln51_30)> <Delay = 0.00>
ST_1 : Operation 68 [1/1] (0.00ns) (grouped into LUT with out node select_ln51_30)   --->   "%shl_ln52_28 = bitconcatenate i15 @_ssdm_op_BitConcatenate.i15.i10.i5, i10 %tmp_70, i5 0" [firmware/nnet_utils/nnet_activation_stream.h:52]   --->   Operation 68 'bitconcatenate' 'shl_ln52_28' <Predicate = (!icmp_ln52_30 & icmp_ln51_30)> <Delay = 0.00>
ST_1 : Operation 69 [1/1] (0.00ns)   --->   "%tmp_54 = partselect i6 @_ssdm_op_PartSelect.i6.i192.i32.i32, i192 %layer8_out_read, i32 122, i32 127" [firmware/nnet_utils/nnet_activation_stream.h:52]   --->   Operation 69 'partselect' 'tmp_54' <Predicate = (icmp_ln51_30)> <Delay = 0.00>
ST_1 : Operation 70 [1/1] (0.70ns)   --->   "%icmp_ln52_30 = icmp_ne  i6 %tmp_54, i6 0" [firmware/nnet_utils/nnet_activation_stream.h:52]   --->   Operation 70 'icmp' 'icmp_ln52_30' <Predicate = (icmp_ln51_30)> <Delay = 0.70> <CoreInst = "Cmp">   --->   Core 9 'Cmp' <Latency = 0> <II = 1> <Delay = 0.70> <FuncUnit> <Opcode : 'icmp'> <InPorts = 2> <OutPorts = 1>
ST_1 : Operation 71 [1/1] (0.00ns) (grouped into LUT with out node select_ln51_30)   --->   "%select_ln52_30 = select i1 %icmp_ln52_30, i15 32767, i15 %shl_ln52_28" [firmware/nnet_utils/nnet_activation_stream.h:52]   --->   Operation 71 'select' 'select_ln52_30' <Predicate = (icmp_ln51_30)> <Delay = 0.00> <CoreInst = "Sel">   --->   Core 73 'Sel' <Latency = 0> <II = 1> <Delay = 0.29> <FuncUnit> <Opcode : 'select'> <InPorts = 3> <OutPorts = 1>
ST_1 : Operation 72 [1/1] (0.29ns) (out node of the LUT)   --->   "%select_ln51_30 = select i1 %icmp_ln51_30, i15 %select_ln52_30, i15 0" [firmware/nnet_utils/nnet_activation_stream.h:51]   --->   Operation 72 'select' 'select_ln51_30' <Predicate = true> <Delay = 0.29> <CoreInst = "Sel">   --->   Core 73 'Sel' <Latency = 0> <II = 1> <Delay = 0.29> <FuncUnit> <Opcode : 'select'> <InPorts = 3> <OutPorts = 1>
ST_1 : Operation 73 [1/1] (0.78ns)   --->   "%icmp_ln51_31 = icmp_sgt  i16 %tmp_45, i16 0" [firmware/nnet_utils/nnet_activation_stream.h:51]   --->   Operation 73 'icmp' 'icmp_ln51_31' <Predicate = true> <Delay = 0.78> <CoreInst = "Cmp">   --->   Core 9 'Cmp' <Latency = 0> <II = 1> <Delay = 0.78> <FuncUnit> <Opcode : 'icmp'> <InPorts = 2> <OutPorts = 1>
ST_1 : Operation 74 [1/1] (0.00ns) (grouped into LUT with out node select_ln51_31)   --->   "%tmp_71 = partselect i10 @_ssdm_op_PartSelect.i10.i192.i32.i32, i192 %layer8_out_read, i32 128, i32 137" [firmware/nnet_utils/nnet_activation_stream.h:52]   --->   Operation 74 'partselect' 'tmp_71' <Predicate = (!icmp_ln52_31 & icmp_ln51_31)> <Delay = 0.00>
ST_1 : Operation 75 [1/1] (0.00ns) (grouped into LUT with out node select_ln51_31)   --->   "%shl_ln52_29 = bitconcatenate i15 @_ssdm_op_BitConcatenate.i15.i10.i5, i10 %tmp_71, i5 0" [firmware/nnet_utils/nnet_activation_stream.h:52]   --->   Operation 75 'bitconcatenate' 'shl_ln52_29' <Predicate = (!icmp_ln52_31 & icmp_ln51_31)> <Delay = 0.00>
ST_1 : Operation 76 [1/1] (0.00ns)   --->   "%tmp_55 = partselect i6 @_ssdm_op_PartSelect.i6.i192.i32.i32, i192 %layer8_out_read, i32 138, i32 143" [firmware/nnet_utils/nnet_activation_stream.h:52]   --->   Operation 76 'partselect' 'tmp_55' <Predicate = (icmp_ln51_31)> <Delay = 0.00>
ST_1 : Operation 77 [1/1] (0.70ns)   --->   "%icmp_ln52_31 = icmp_ne  i6 %tmp_55, i6 0" [firmware/nnet_utils/nnet_activation_stream.h:52]   --->   Operation 77 'icmp' 'icmp_ln52_31' <Predicate = (icmp_ln51_31)> <Delay = 0.70> <CoreInst = "Cmp">   --->   Core 9 'Cmp' <Latency = 0> <II = 1> <Delay = 0.70> <FuncUnit> <Opcode : 'icmp'> <InPorts = 2> <OutPorts = 1>
ST_1 : Operation 78 [1/1] (0.00ns) (grouped into LUT with out node select_ln51_31)   --->   "%select_ln52_31 = select i1 %icmp_ln52_31, i15 32767, i15 %shl_ln52_29" [firmware/nnet_utils/nnet_activation_stream.h:52]   --->   Operation 78 'select' 'select_ln52_31' <Predicate = (icmp_ln51_31)> <Delay = 0.00> <CoreInst = "Sel">   --->   Core 73 'Sel' <Latency = 0> <II = 1> <Delay = 0.29> <FuncUnit> <Opcode : 'select'> <InPorts = 3> <OutPorts = 1>
ST_1 : Operation 79 [1/1] (0.29ns) (out node of the LUT)   --->   "%select_ln51_31 = select i1 %icmp_ln51_31, i15 %select_ln52_31, i15 0" [firmware/nnet_utils/nnet_activation_stream.h:51]   --->   Operation 79 'select' 'select_ln51_31' <Predicate = true> <Delay = 0.29> <CoreInst = "Sel">   --->   Core 73 'Sel' <Latency = 0> <II = 1> <Delay = 0.29> <FuncUnit> <Opcode : 'select'> <InPorts = 3> <OutPorts = 1>
ST_1 : Operation 80 [1/1] (0.78ns)   --->   "%icmp_ln51_32 = icmp_sgt  i16 %tmp_46, i16 0" [firmware/nnet_utils/nnet_activation_stream.h:51]   --->   Operation 80 'icmp' 'icmp_ln51_32' <Predicate = true> <Delay = 0.78> <CoreInst = "Cmp">   --->   Core 9 'Cmp' <Latency = 0> <II = 1> <Delay = 0.78> <FuncUnit> <Opcode : 'icmp'> <InPorts = 2> <OutPorts = 1>
ST_1 : Operation 81 [1/1] (0.00ns) (grouped into LUT with out node select_ln51_32)   --->   "%tmp_72 = partselect i10 @_ssdm_op_PartSelect.i10.i192.i32.i32, i192 %layer8_out_read, i32 144, i32 153" [firmware/nnet_utils/nnet_activation_stream.h:52]   --->   Operation 81 'partselect' 'tmp_72' <Predicate = (!icmp_ln52_32 & icmp_ln51_32)> <Delay = 0.00>
ST_1 : Operation 82 [1/1] (0.00ns) (grouped into LUT with out node select_ln51_32)   --->   "%shl_ln52_30 = bitconcatenate i15 @_ssdm_op_BitConcatenate.i15.i10.i5, i10 %tmp_72, i5 0" [firmware/nnet_utils/nnet_activation_stream.h:52]   --->   Operation 82 'bitconcatenate' 'shl_ln52_30' <Predicate = (!icmp_ln52_32 & icmp_ln51_32)> <Delay = 0.00>
ST_1 : Operation 83 [1/1] (0.00ns)   --->   "%tmp_56 = partselect i6 @_ssdm_op_PartSelect.i6.i192.i32.i32, i192 %layer8_out_read, i32 154, i32 159" [firmware/nnet_utils/nnet_activation_stream.h:52]   --->   Operation 83 'partselect' 'tmp_56' <Predicate = (icmp_ln51_32)> <Delay = 0.00>
ST_1 : Operation 84 [1/1] (0.70ns)   --->   "%icmp_ln52_32 = icmp_ne  i6 %tmp_56, i6 0" [firmware/nnet_utils/nnet_activation_stream.h:52]   --->   Operation 84 'icmp' 'icmp_ln52_32' <Predicate = (icmp_ln51_32)> <Delay = 0.70> <CoreInst = "Cmp">   --->   Core 9 'Cmp' <Latency = 0> <II = 1> <Delay = 0.70> <FuncUnit> <Opcode : 'icmp'> <InPorts = 2> <OutPorts = 1>
ST_1 : Operation 85 [1/1] (0.00ns) (grouped into LUT with out node select_ln51_32)   --->   "%select_ln52_32 = select i1 %icmp_ln52_32, i15 32767, i15 %shl_ln52_30" [firmware/nnet_utils/nnet_activation_stream.h:52]   --->   Operation 85 'select' 'select_ln52_32' <Predicate = (icmp_ln51_32)> <Delay = 0.00> <CoreInst = "Sel">   --->   Core 73 'Sel' <Latency = 0> <II = 1> <Delay = 0.29> <FuncUnit> <Opcode : 'select'> <InPorts = 3> <OutPorts = 1>
ST_1 : Operation 86 [1/1] (0.29ns) (out node of the LUT)   --->   "%select_ln51_32 = select i1 %icmp_ln51_32, i15 %select_ln52_32, i15 0" [firmware/nnet_utils/nnet_activation_stream.h:51]   --->   Operation 86 'select' 'select_ln51_32' <Predicate = true> <Delay = 0.29> <CoreInst = "Sel">   --->   Core 73 'Sel' <Latency = 0> <II = 1> <Delay = 0.29> <FuncUnit> <Opcode : 'select'> <InPorts = 3> <OutPorts = 1>
ST_1 : Operation 87 [1/1] (0.78ns)   --->   "%icmp_ln51_33 = icmp_sgt  i16 %trunc_ln44_s, i16 0" [firmware/nnet_utils/nnet_activation_stream.h:51]   --->   Operation 87 'icmp' 'icmp_ln51_33' <Predicate = true> <Delay = 0.78> <CoreInst = "Cmp">   --->   Core 9 'Cmp' <Latency = 0> <II = 1> <Delay = 0.78> <FuncUnit> <Opcode : 'icmp'> <InPorts = 2> <OutPorts = 1>
ST_1 : Operation 88 [1/1] (0.00ns) (grouped into LUT with out node select_ln51_33)   --->   "%tmp_73 = partselect i10 @_ssdm_op_PartSelect.i10.i192.i32.i32, i192 %layer8_out_read, i32 160, i32 169" [firmware/nnet_utils/nnet_activation_stream.h:52]   --->   Operation 88 'partselect' 'tmp_73' <Predicate = (!icmp_ln52_33 & icmp_ln51_33)> <Delay = 0.00>
ST_1 : Operation 89 [1/1] (0.00ns) (grouped into LUT with out node select_ln51_33)   --->   "%shl_ln52_31 = bitconcatenate i15 @_ssdm_op_BitConcatenate.i15.i10.i5, i10 %tmp_73, i5 0" [firmware/nnet_utils/nnet_activation_stream.h:52]   --->   Operation 89 'bitconcatenate' 'shl_ln52_31' <Predicate = (!icmp_ln52_33 & icmp_ln51_33)> <Delay = 0.00>
ST_1 : Operation 90 [1/1] (0.00ns)   --->   "%tmp_57 = partselect i6 @_ssdm_op_PartSelect.i6.i192.i32.i32, i192 %layer8_out_read, i32 170, i32 175" [firmware/nnet_utils/nnet_activation_stream.h:52]   --->   Operation 90 'partselect' 'tmp_57' <Predicate = (icmp_ln51_33)> <Delay = 0.00>
ST_1 : Operation 91 [1/1] (0.70ns)   --->   "%icmp_ln52_33 = icmp_ne  i6 %tmp_57, i6 0" [firmware/nnet_utils/nnet_activation_stream.h:52]   --->   Operation 91 'icmp' 'icmp_ln52_33' <Predicate = (icmp_ln51_33)> <Delay = 0.70> <CoreInst = "Cmp">   --->   Core 9 'Cmp' <Latency = 0> <II = 1> <Delay = 0.70> <FuncUnit> <Opcode : 'icmp'> <InPorts = 2> <OutPorts = 1>
ST_1 : Operation 92 [1/1] (0.00ns) (grouped into LUT with out node select_ln51_33)   --->   "%select_ln52_33 = select i1 %icmp_ln52_33, i15 32767, i15 %shl_ln52_31" [firmware/nnet_utils/nnet_activation_stream.h:52]   --->   Operation 92 'select' 'select_ln52_33' <Predicate = (icmp_ln51_33)> <Delay = 0.00> <CoreInst = "Sel">   --->   Core 73 'Sel' <Latency = 0> <II = 1> <Delay = 0.29> <FuncUnit> <Opcode : 'select'> <InPorts = 3> <OutPorts = 1>
ST_1 : Operation 93 [1/1] (0.29ns) (out node of the LUT)   --->   "%select_ln51_33 = select i1 %icmp_ln51_33, i15 %select_ln52_33, i15 0" [firmware/nnet_utils/nnet_activation_stream.h:51]   --->   Operation 93 'select' 'select_ln51_33' <Predicate = true> <Delay = 0.29> <CoreInst = "Sel">   --->   Core 73 'Sel' <Latency = 0> <II = 1> <Delay = 0.29> <FuncUnit> <Opcode : 'select'> <InPorts = 3> <OutPorts = 1>
ST_1 : Operation 94 [1/1] (0.78ns)   --->   "%icmp_ln51_34 = icmp_sgt  i16 %trunc_ln44_2, i16 0" [firmware/nnet_utils/nnet_activation_stream.h:51]   --->   Operation 94 'icmp' 'icmp_ln51_34' <Predicate = true> <Delay = 0.78> <CoreInst = "Cmp">   --->   Core 9 'Cmp' <Latency = 0> <II = 1> <Delay = 0.78> <FuncUnit> <Opcode : 'icmp'> <InPorts = 2> <OutPorts = 1>
ST_1 : Operation 95 [1/1] (0.00ns) (grouped into LUT with out node select_ln51_34)   --->   "%tmp_74 = partselect i10 @_ssdm_op_PartSelect.i10.i192.i32.i32, i192 %layer8_out_read, i32 176, i32 185" [firmware/nnet_utils/nnet_activation_stream.h:52]   --->   Operation 95 'partselect' 'tmp_74' <Predicate = (!icmp_ln52_34 & icmp_ln51_34)> <Delay = 0.00>
ST_1 : Operation 96 [1/1] (0.00ns) (grouped into LUT with out node select_ln51_34)   --->   "%shl_ln52_32 = bitconcatenate i15 @_ssdm_op_BitConcatenate.i15.i10.i5, i10 %tmp_74, i5 0" [firmware/nnet_utils/nnet_activation_stream.h:52]   --->   Operation 96 'bitconcatenate' 'shl_ln52_32' <Predicate = (!icmp_ln52_34 & icmp_ln51_34)> <Delay = 0.00>
ST_1 : Operation 97 [1/1] (0.00ns)   --->   "%tmp_58 = partselect i6 @_ssdm_op_PartSelect.i6.i192.i32.i32, i192 %layer8_out_read, i32 186, i32 191" [firmware/nnet_utils/nnet_activation_stream.h:52]   --->   Operation 97 'partselect' 'tmp_58' <Predicate = (icmp_ln51_34)> <Delay = 0.00>
ST_1 : Operation 98 [1/1] (0.70ns)   --->   "%icmp_ln52_34 = icmp_ne  i6 %tmp_58, i6 0" [firmware/nnet_utils/nnet_activation_stream.h:52]   --->   Operation 98 'icmp' 'icmp_ln52_34' <Predicate = (icmp_ln51_34)> <Delay = 0.70> <CoreInst = "Cmp">   --->   Core 9 'Cmp' <Latency = 0> <II = 1> <Delay = 0.70> <FuncUnit> <Opcode : 'icmp'> <InPorts = 2> <OutPorts = 1>
ST_1 : Operation 99 [1/1] (0.00ns) (grouped into LUT with out node select_ln51_34)   --->   "%select_ln52_34 = select i1 %icmp_ln52_34, i15 32767, i15 %shl_ln52_32" [firmware/nnet_utils/nnet_activation_stream.h:52]   --->   Operation 99 'select' 'select_ln52_34' <Predicate = (icmp_ln51_34)> <Delay = 0.00> <CoreInst = "Sel">   --->   Core 73 'Sel' <Latency = 0> <II = 1> <Delay = 0.29> <FuncUnit> <Opcode : 'select'> <InPorts = 3> <OutPorts = 1>
ST_1 : Operation 100 [1/1] (0.29ns) (out node of the LUT)   --->   "%select_ln51_34 = select i1 %icmp_ln51_34, i15 %select_ln52_34, i15 0" [firmware/nnet_utils/nnet_activation_stream.h:51]   --->   Operation 100 'select' 'select_ln51_34' <Predicate = true> <Delay = 0.29> <CoreInst = "Sel">   --->   Core 73 'Sel' <Latency = 0> <II = 1> <Delay = 0.29> <FuncUnit> <Opcode : 'select'> <InPorts = 3> <OutPorts = 1>
ST_1 : Operation 101 [1/1] (0.00ns)   --->   "%p_s = bitconcatenate i180 @_ssdm_op_BitConcatenate.i180.i15.i15.i15.i15.i15.i15.i15.i15.i15.i15.i15.i15, i15 %select_ln51_34, i15 %select_ln51_33, i15 %select_ln51_32, i15 %select_ln51_31, i15 %select_ln51_30, i15 %select_ln51_29, i15 %select_ln51_28, i15 %select_ln51_27, i15 %select_ln51_26, i15 %select_ln51_25, i15 %select_ln51_24, i15 %select_ln51" [firmware/nnet_utils/nnet_activation_stream.h:57]   --->   Operation 101 'bitconcatenate' 'p_s' <Predicate = true> <Delay = 0.00>
ST_1 : Operation 102 [1/1] (1.42ns)   --->   "%write_ln57 = write void @_ssdm_op_Write.ap_fifo.volatile.i180P0A, i180 %layer9_out, i180 %p_s" [firmware/nnet_utils/nnet_activation_stream.h:57]   --->   Operation 102 'write' 'write_ln57' <Predicate = true> <Delay = 1.42> <CoreInst = "FIFO_SRL">   --->   Core 81 'FIFO_SRL' <Latency = 0> <II = 1> <Delay = 1.42> <Storage> <Opcode : 'read' 'write' 'nbread' 'nbwrite'> <Ports = 0> <Width = 180> <Depth = 1> <FIFO>
ST_1 : Operation 103 [1/1] (0.00ns)   --->   "%ret_ln59 = ret" [firmware/nnet_utils/nnet_activation_stream.h:59]   --->   Operation 103 'ret' 'ret_ln59' <Predicate = true> <Delay = 0.00>


============================================================
+ Verbose Summary: Timing violations
============================================================
Target clock period: 5.000ns, clock uncertainty: 0.625ns.

 <State 1>: 3.933ns
The critical path consists of the following:
	fifo read operation ('layer8_out_read', firmware/nnet_utils/nnet_activation_stream.h:44) on port 'layer8_out' (firmware/nnet_utils/nnet_activation_stream.h:44) [5]  (1.428 ns)
	'icmp' operation ('icmp_ln51_34', firmware/nnet_utils/nnet_activation_stream.h:51) [95]  (0.785 ns)
	'select' operation ('select_ln51_34', firmware/nnet_utils/nnet_activation_stream.h:51) [101]  (0.292 ns)
	fifo write operation ('write_ln57', firmware/nnet_utils/nnet_activation_stream.h:57) on port 'layer9_out' (firmware/nnet_utils/nnet_activation_stream.h:57) [103]  (1.428 ns)


============================================================
+ Verbose Summary: Binding
============================================================
N/A
* FSMD analyzer results:
  - Output states:
 - Input state : 
  - Chain level:
	State 1


============================================================
+ Verbose Summary: Datapath Resource usage 
============================================================
N/A
