

================================================================
== Vitis HLS Report for 'relu_array_ap_fixed_4u_array_ap_ufixed_10_0_4_0_0_4u_relu_config4_s'
================================================================
* Date:           Thu Jul 11 13:31:00 2024

* Version:        2023.1 (Build 3854077 on May  4 2023)
* Project:        myproject_prj
* Solution:       solution1 (Vivado IP Flow Target)
* Product family: virtexuplus
* Target device:  xcvu13p-flga2577-2-e


================================================================
== Performance Estimates
================================================================
+ Timing: 
    * Summary: 
    +--------+---------+----------+------------+
    |  Clock |  Target | Estimated| Uncertainty|
    +--------+---------+----------+------------+
    |ap_clk  |  5.00 ns|  3.624 ns|     0.62 ns|
    +--------+---------+----------+------------+

+ Latency: 
    * Summary: 
    +---------+---------+----------+----------+-----+-----+---------+
    |  Latency (cycles) |  Latency (absolute) |  Interval | Pipeline|
    |   min   |   max   |    min   |    max   | min | max |   Type  |
    +---------+---------+----------+----------+-----+-----+---------+
    |      106|      106|  0.530 us|  0.530 us|  106|  106|       no|
    +---------+---------+----------+----------+-----+-----+---------+

    + Detail: 
        * Instance: 
        N/A

        * Loop: 
        +---------------+---------+---------+----------+-----------+-----------+------+----------+
        |               |  Latency (cycles) | Iteration|  Initiation Interval  | Trip |          |
        |   Loop Name   |   min   |   max   |  Latency |  achieved |   target  | Count| Pipelined|
        +---------------+---------+---------+----------+-----------+-----------+------+----------+
        |- ReLUActLoop  |      104|      104|         2|          1|          1|   104|       yes|
        +---------------+---------+---------+----------+-----------+-----------+------+----------+

============================================================
+ Verbose Summary: Synthesis Manager
============================================================
InlineROM: 1
ExposeGlobal: 0
============================================================
+ Verbose Summary: CDFG Model
============================================================
IsTopModel: 0
ResetActiveHigh: 1
IsCombinational: 2
IsDatapathOnly: 0
HasWiredReturn: 1
HasMFsm: 2
HasVarLatency: 1
IsPipeline: 0
IsRtlPipelined: 0
IsInstanceOverlapped: 0
IsDontTouch: 0
HasImplIP: 0
IsGatedGlobalClock: 0

+ Individual pipeline summary: 
  * Pipeline-0: initiation interval (II) = 1, depth = 2


============================================================
+ Verbose Summary: Schedule
============================================================
* Number of FSM states : 2
* Pipeline : 1
  Pipeline-0 : II = 1, D = 2, States = { 1 2 }
* Dataflow Pipeline: 0

* FSM state transitions: 
1 --> 2 
2 --> 

* FSM state operations: 

State 1 <SV = 0> <Delay = 1.09>
ST_1 : Operation 5 [1/1] (0.00ns)   --->   "%i = alloca i32 1"   --->   Operation 5 'alloca' 'i' <Predicate = true> <Delay = 0.00>
ST_1 : Operation 6 [1/1] (0.00ns)   --->   "%specinterface_ln0 = specinterface void @_ssdm_op_SpecInterface, i40 %layer4_out, void @empty_7, i32 0, i32 0, void @empty_6, i32 0, i32 0, void @empty_6, void @empty_6, void @empty_6, i32 0, i32 0, i32 0, i32 0, void @empty_6, void @empty_6, i32 4294967295, i32 0"   --->   Operation 6 'specinterface' 'specinterface_ln0' <Predicate = true> <Delay = 0.00>
ST_1 : Operation 7 [1/1] (0.00ns)   --->   "%specinterface_ln0 = specinterface void @_ssdm_op_SpecInterface, i64 %layer2_out, void @empty_7, i32 0, i32 0, void @empty_6, i32 0, i32 0, void @empty_6, void @empty_6, void @empty_6, i32 0, i32 0, i32 0, i32 0, void @empty_6, void @empty_6, i32 4294967295, i32 0"   --->   Operation 7 'specinterface' 'specinterface_ln0' <Predicate = true> <Delay = 0.00>
ST_1 : Operation 8 [1/1] (0.38ns)   --->   "%store_ln41 = store i7 0, i7 %i" [firmware/nnet_utils/nnet_activation_stream.h:41]   --->   Operation 8 'store' 'store_ln41' <Predicate = true> <Delay = 0.38>
ST_1 : Operation 9 [1/1] (0.00ns)   --->   "%br_ln41 = br void %for.body4" [firmware/nnet_utils/nnet_activation_stream.h:41]   --->   Operation 9 'br' 'br_ln41' <Predicate = true> <Delay = 0.00>
ST_1 : Operation 10 [1/1] (0.00ns)   --->   "%i_7 = load i7 %i" [firmware/nnet_utils/nnet_activation_stream.h:41]   --->   Operation 10 'load' 'i_7' <Predicate = true> <Delay = 0.00>
ST_1 : Operation 11 [1/1] (0.70ns)   --->   "%icmp_ln41 = icmp_eq  i7 %i_7, i7 104" [firmware/nnet_utils/nnet_activation_stream.h:41]   --->   Operation 11 'icmp' 'icmp_ln41' <Predicate = true> <Delay = 0.70> <CoreInst = "Cmp">   --->   Core 9 'Cmp' <Latency = 0> <II = 1> <Delay = 0.70> <FuncUnit> <Opcode : 'icmp'> <InPorts = 2> <OutPorts = 1>
ST_1 : Operation 12 [1/1] (0.70ns)   --->   "%i_8 = add i7 %i_7, i7 1" [firmware/nnet_utils/nnet_activation_stream.h:41]   --->   Operation 12 'add' 'i_8' <Predicate = true> <Delay = 0.70> <CoreInst = "Adder">   --->   Core 1 'Adder' <Latency = 0> <II = 1> <Delay = 0.70> <FuncUnit> <Opcode : 'add' 'sub'> <InPorts = 2> <OutPorts = 1>
ST_1 : Operation 13 [1/1] (0.00ns)   --->   "%br_ln41 = br i1 %icmp_ln41, void %for.body4.split_ifconv, void %for.end15" [firmware/nnet_utils/nnet_activation_stream.h:41]   --->   Operation 13 'br' 'br_ln41' <Predicate = true> <Delay = 0.00>
ST_1 : Operation 14 [1/1] (0.38ns)   --->   "%store_ln41 = store i7 %i_8, i7 %i" [firmware/nnet_utils/nnet_activation_stream.h:41]   --->   Operation 14 'store' 'store_ln41' <Predicate = (!icmp_ln41)> <Delay = 0.38>
ST_1 : Operation 50 [1/1] (0.00ns)   --->   "%ret_ln59 = ret" [firmware/nnet_utils/nnet_activation_stream.h:59]   --->   Operation 50 'ret' 'ret_ln59' <Predicate = (icmp_ln41)> <Delay = 0.00>

State 2 <SV = 1> <Delay = 3.62>
ST_2 : Operation 15 [1/1] (0.00ns)   --->   "%specpipeline_ln42 = specpipeline void @_ssdm_op_SpecPipeline, i32 4294967295, i32 0, i32 0, i32 0, void @empty_6" [firmware/nnet_utils/nnet_activation_stream.h:42]   --->   Operation 15 'specpipeline' 'specpipeline_ln42' <Predicate = true> <Delay = 0.00>
ST_2 : Operation 16 [1/1] (0.00ns)   --->   "%speclooptripcount_ln41 = speclooptripcount void @_ssdm_op_SpecLoopTripCount, i64 104, i64 104, i64 104" [firmware/nnet_utils/nnet_activation_stream.h:41]   --->   Operation 16 'speclooptripcount' 'speclooptripcount_ln41' <Predicate = true> <Delay = 0.00>
ST_2 : Operation 17 [1/1] (0.00ns)   --->   "%specloopname_ln41 = specloopname void @_ssdm_op_SpecLoopName, void @empty_10" [firmware/nnet_utils/nnet_activation_stream.h:41]   --->   Operation 17 'specloopname' 'specloopname_ln41' <Predicate = true> <Delay = 0.00>
ST_2 : Operation 18 [1/1] (1.26ns)   --->   "%layer2_out_read = read i64 @_ssdm_op_Read.ap_fifo.volatile.i64P0A, i64 %layer2_out" [firmware/nnet_utils/nnet_activation_stream.h:44]   --->   Operation 18 'read' 'layer2_out_read' <Predicate = true> <Delay = 1.26> <CoreInst = "FIFO">   --->   Core 78 'FIFO' <Latency = 0> <II = 1> <Delay = 1.26> <Storage> <Opcode : 'read' 'write' 'nbread' 'nbwrite'> <Ports = 0> <Width = 64> <Depth = 104> <FIFO>
ST_2 : Operation 19 [1/1] (0.00ns)   --->   "%in_data = trunc i64 %layer2_out_read" [firmware/nnet_utils/nnet_activation_stream.h:44]   --->   Operation 19 'trunc' 'in_data' <Predicate = true> <Delay = 0.00>
ST_2 : Operation 20 [1/1] (0.00ns)   --->   "%in_data_8 = partselect i16 @_ssdm_op_PartSelect.i16.i64.i32.i32, i64 %layer2_out_read, i32 32, i32 47" [firmware/nnet_utils/nnet_activation_stream.h:44]   --->   Operation 20 'partselect' 'in_data_8' <Predicate = true> <Delay = 0.00>
ST_2 : Operation 21 [1/1] (0.00ns)   --->   "%in_data_9 = partselect i16 @_ssdm_op_PartSelect.i16.i64.i32.i32, i64 %layer2_out_read, i32 48, i32 63" [firmware/nnet_utils/nnet_activation_stream.h:44]   --->   Operation 21 'partselect' 'in_data_9' <Predicate = true> <Delay = 0.00>
ST_2 : Operation 22 [1/1] (0.00ns)   --->   "%in_data_7 = partselect i16 @_ssdm_op_PartSelect.i16.i64.i32.i32, i64 %layer2_out_read, i32 16, i32 31" [firmware/nnet_utils/nnet_activation_stream.h:44]   --->   Operation 22 'partselect' 'in_data_7' <Predicate = true> <Delay = 0.00>
ST_2 : Operation 23 [1/1] (0.78ns)   --->   "%icmp_ln51 = icmp_sgt  i16 %in_data, i16 0" [firmware/nnet_utils/nnet_activation_stream.h:51]   --->   Operation 23 'icmp' 'icmp_ln51' <Predicate = true> <Delay = 0.78> <CoreInst = "Cmp">   --->   Core 9 'Cmp' <Latency = 0> <II = 1> <Delay = 0.78> <FuncUnit> <Opcode : 'icmp'> <InPorts = 2> <OutPorts = 1>
ST_2 : Operation 24 [1/1] (0.00ns) (grouped into LUT with out node out_data_8)   --->   "%trunc_ln52 = trunc i64 %layer2_out_read" [firmware/nnet_utils/nnet_activation_stream.h:52]   --->   Operation 24 'trunc' 'trunc_ln52' <Predicate = true> <Delay = 0.00>
ST_2 : Operation 25 [1/1] (0.00ns)   --->   "%tmp = partselect i6 @_ssdm_op_PartSelect.i6.i64.i32.i32, i64 %layer2_out_read, i32 10, i32 15" [firmware/nnet_utils/nnet_activation_stream.h:52]   --->   Operation 25 'partselect' 'tmp' <Predicate = true> <Delay = 0.00>
ST_2 : Operation 26 [1/1] (0.70ns)   --->   "%icmp_ln52 = icmp_ne  i6 %tmp, i6 0" [firmware/nnet_utils/nnet_activation_stream.h:52]   --->   Operation 26 'icmp' 'icmp_ln52' <Predicate = true> <Delay = 0.70> <CoreInst = "Cmp">   --->   Core 9 'Cmp' <Latency = 0> <II = 1> <Delay = 0.70> <FuncUnit> <Opcode : 'icmp'> <InPorts = 2> <OutPorts = 1>
ST_2 : Operation 27 [1/1] (0.00ns) (grouped into LUT with out node out_data_8)   --->   "%out_data = select i1 %icmp_ln52, i10 1023, i10 %trunc_ln52" [firmware/nnet_utils/nnet_activation_stream.h:52]   --->   Operation 27 'select' 'out_data' <Predicate = true> <Delay = 0.00> <CoreInst = "Sel">   --->   Core 73 'Sel' <Latency = 0> <II = 1> <Delay = 0.30> <FuncUnit> <Opcode : 'select'> <InPorts = 3> <OutPorts = 1>
ST_2 : Operation 28 [1/1] (0.30ns) (out node of the LUT)   --->   "%out_data_8 = select i1 %icmp_ln51, i10 %out_data, i10 0" [firmware/nnet_utils/nnet_activation_stream.h:51]   --->   Operation 28 'select' 'out_data_8' <Predicate = true> <Delay = 0.30> <CoreInst = "Sel">   --->   Core 73 'Sel' <Latency = 0> <II = 1> <Delay = 0.30> <FuncUnit> <Opcode : 'select'> <InPorts = 3> <OutPorts = 1>
ST_2 : Operation 29 [1/1] (0.78ns)   --->   "%icmp_ln51_13 = icmp_sgt  i16 %in_data_7, i16 0" [firmware/nnet_utils/nnet_activation_stream.h:51]   --->   Operation 29 'icmp' 'icmp_ln51_13' <Predicate = true> <Delay = 0.78> <CoreInst = "Cmp">   --->   Core 9 'Cmp' <Latency = 0> <II = 1> <Delay = 0.78> <FuncUnit> <Opcode : 'icmp'> <InPorts = 2> <OutPorts = 1>
ST_2 : Operation 30 [1/1] (0.00ns) (grouped into LUT with out node out_data_10)   --->   "%trunc_ln52_s = partselect i10 @_ssdm_op_PartSelect.i10.i64.i32.i32, i64 %layer2_out_read, i32 16, i32 25" [firmware/nnet_utils/nnet_activation_stream.h:52]   --->   Operation 30 'partselect' 'trunc_ln52_s' <Predicate = true> <Delay = 0.00>
ST_2 : Operation 31 [1/1] (0.00ns)   --->   "%tmp_s = partselect i6 @_ssdm_op_PartSelect.i6.i64.i32.i32, i64 %layer2_out_read, i32 26, i32 31" [firmware/nnet_utils/nnet_activation_stream.h:52]   --->   Operation 31 'partselect' 'tmp_s' <Predicate = true> <Delay = 0.00>
ST_2 : Operation 32 [1/1] (0.70ns)   --->   "%icmp_ln52_13 = icmp_ne  i6 %tmp_s, i6 0" [firmware/nnet_utils/nnet_activation_stream.h:52]   --->   Operation 32 'icmp' 'icmp_ln52_13' <Predicate = true> <Delay = 0.70> <CoreInst = "Cmp">   --->   Core 9 'Cmp' <Latency = 0> <II = 1> <Delay = 0.70> <FuncUnit> <Opcode : 'icmp'> <InPorts = 2> <OutPorts = 1>
ST_2 : Operation 33 [1/1] (0.00ns) (grouped into LUT with out node out_data_10)   --->   "%out_data_9 = select i1 %icmp_ln52_13, i10 1023, i10 %trunc_ln52_s" [firmware/nnet_utils/nnet_activation_stream.h:52]   --->   Operation 33 'select' 'out_data_9' <Predicate = true> <Delay = 0.00> <CoreInst = "Sel">   --->   Core 73 'Sel' <Latency = 0> <II = 1> <Delay = 0.30> <FuncUnit> <Opcode : 'select'> <InPorts = 3> <OutPorts = 1>
ST_2 : Operation 34 [1/1] (0.30ns) (out node of the LUT)   --->   "%out_data_10 = select i1 %icmp_ln51_13, i10 %out_data_9, i10 0" [firmware/nnet_utils/nnet_activation_stream.h:51]   --->   Operation 34 'select' 'out_data_10' <Predicate = true> <Delay = 0.30> <CoreInst = "Sel">   --->   Core 73 'Sel' <Latency = 0> <II = 1> <Delay = 0.30> <FuncUnit> <Opcode : 'select'> <InPorts = 3> <OutPorts = 1>
ST_2 : Operation 35 [1/1] (0.78ns)   --->   "%icmp_ln51_14 = icmp_sgt  i16 %in_data_8, i16 0" [firmware/nnet_utils/nnet_activation_stream.h:51]   --->   Operation 35 'icmp' 'icmp_ln51_14' <Predicate = true> <Delay = 0.78> <CoreInst = "Cmp">   --->   Core 9 'Cmp' <Latency = 0> <II = 1> <Delay = 0.78> <FuncUnit> <Opcode : 'icmp'> <InPorts = 2> <OutPorts = 1>
ST_2 : Operation 36 [1/1] (0.00ns) (grouped into LUT with out node out_data_12)   --->   "%trunc_ln52_3 = partselect i10 @_ssdm_op_PartSelect.i10.i64.i32.i32, i64 %layer2_out_read, i32 32, i32 41" [firmware/nnet_utils/nnet_activation_stream.h:52]   --->   Operation 36 'partselect' 'trunc_ln52_3' <Predicate = true> <Delay = 0.00>
ST_2 : Operation 37 [1/1] (0.00ns)   --->   "%tmp_9 = partselect i6 @_ssdm_op_PartSelect.i6.i64.i32.i32, i64 %layer2_out_read, i32 42, i32 47" [firmware/nnet_utils/nnet_activation_stream.h:52]   --->   Operation 37 'partselect' 'tmp_9' <Predicate = true> <Delay = 0.00>
ST_2 : Operation 38 [1/1] (0.70ns)   --->   "%icmp_ln52_14 = icmp_ne  i6 %tmp_9, i6 0" [firmware/nnet_utils/nnet_activation_stream.h:52]   --->   Operation 38 'icmp' 'icmp_ln52_14' <Predicate = true> <Delay = 0.70> <CoreInst = "Cmp">   --->   Core 9 'Cmp' <Latency = 0> <II = 1> <Delay = 0.70> <FuncUnit> <Opcode : 'icmp'> <InPorts = 2> <OutPorts = 1>
ST_2 : Operation 39 [1/1] (0.00ns) (grouped into LUT with out node out_data_12)   --->   "%out_data_11 = select i1 %icmp_ln52_14, i10 1023, i10 %trunc_ln52_3" [firmware/nnet_utils/nnet_activation_stream.h:52]   --->   Operation 39 'select' 'out_data_11' <Predicate = true> <Delay = 0.00> <CoreInst = "Sel">   --->   Core 73 'Sel' <Latency = 0> <II = 1> <Delay = 0.30> <FuncUnit> <Opcode : 'select'> <InPorts = 3> <OutPorts = 1>
ST_2 : Operation 40 [1/1] (0.30ns) (out node of the LUT)   --->   "%out_data_12 = select i1 %icmp_ln51_14, i10 %out_data_11, i10 0" [firmware/nnet_utils/nnet_activation_stream.h:51]   --->   Operation 40 'select' 'out_data_12' <Predicate = true> <Delay = 0.30> <CoreInst = "Sel">   --->   Core 73 'Sel' <Latency = 0> <II = 1> <Delay = 0.30> <FuncUnit> <Opcode : 'select'> <InPorts = 3> <OutPorts = 1>
ST_2 : Operation 41 [1/1] (0.78ns)   --->   "%icmp_ln51_15 = icmp_sgt  i16 %in_data_9, i16 0" [firmware/nnet_utils/nnet_activation_stream.h:51]   --->   Operation 41 'icmp' 'icmp_ln51_15' <Predicate = true> <Delay = 0.78> <CoreInst = "Cmp">   --->   Core 9 'Cmp' <Latency = 0> <II = 1> <Delay = 0.78> <FuncUnit> <Opcode : 'icmp'> <InPorts = 2> <OutPorts = 1>
ST_2 : Operation 42 [1/1] (0.00ns) (grouped into LUT with out node out_data_14)   --->   "%trunc_ln52_4 = partselect i10 @_ssdm_op_PartSelect.i10.i64.i32.i32, i64 %layer2_out_read, i32 48, i32 57" [firmware/nnet_utils/nnet_activation_stream.h:52]   --->   Operation 42 'partselect' 'trunc_ln52_4' <Predicate = true> <Delay = 0.00>
ST_2 : Operation 43 [1/1] (0.00ns)   --->   "%tmp_1 = partselect i6 @_ssdm_op_PartSelect.i6.i64.i32.i32, i64 %layer2_out_read, i32 58, i32 63" [firmware/nnet_utils/nnet_activation_stream.h:52]   --->   Operation 43 'partselect' 'tmp_1' <Predicate = true> <Delay = 0.00>
ST_2 : Operation 44 [1/1] (0.70ns)   --->   "%icmp_ln52_15 = icmp_ne  i6 %tmp_1, i6 0" [firmware/nnet_utils/nnet_activation_stream.h:52]   --->   Operation 44 'icmp' 'icmp_ln52_15' <Predicate = true> <Delay = 0.70> <CoreInst = "Cmp">   --->   Core 9 'Cmp' <Latency = 0> <II = 1> <Delay = 0.70> <FuncUnit> <Opcode : 'icmp'> <InPorts = 2> <OutPorts = 1>
ST_2 : Operation 45 [1/1] (0.00ns) (grouped into LUT with out node out_data_14)   --->   "%out_data_13 = select i1 %icmp_ln52_15, i10 1023, i10 %trunc_ln52_4" [firmware/nnet_utils/nnet_activation_stream.h:52]   --->   Operation 45 'select' 'out_data_13' <Predicate = true> <Delay = 0.00> <CoreInst = "Sel">   --->   Core 73 'Sel' <Latency = 0> <II = 1> <Delay = 0.30> <FuncUnit> <Opcode : 'select'> <InPorts = 3> <OutPorts = 1>
ST_2 : Operation 46 [1/1] (0.30ns) (out node of the LUT)   --->   "%out_data_14 = select i1 %icmp_ln51_15, i10 %out_data_13, i10 0" [firmware/nnet_utils/nnet_activation_stream.h:51]   --->   Operation 46 'select' 'out_data_14' <Predicate = true> <Delay = 0.30> <CoreInst = "Sel">   --->   Core 73 'Sel' <Latency = 0> <II = 1> <Delay = 0.30> <FuncUnit> <Opcode : 'select'> <InPorts = 3> <OutPorts = 1>
ST_2 : Operation 47 [1/1] (0.00ns)   --->   "%or_ln57_s = bitconcatenate i40 @_ssdm_op_BitConcatenate.i40.i10.i10.i10.i10, i10 %out_data_14, i10 %out_data_12, i10 %out_data_10, i10 %out_data_8" [firmware/nnet_utils/nnet_activation_stream.h:57]   --->   Operation 47 'bitconcatenate' 'or_ln57_s' <Predicate = true> <Delay = 0.00>
ST_2 : Operation 48 [1/1] (1.26ns)   --->   "%write_ln57 = write void @_ssdm_op_Write.ap_fifo.volatile.i40P0A, i40 %layer4_out, i40 %or_ln57_s" [firmware/nnet_utils/nnet_activation_stream.h:57]   --->   Operation 48 'write' 'write_ln57' <Predicate = true> <Delay = 1.26> <CoreInst = "FIFO">   --->   Core 78 'FIFO' <Latency = 0> <II = 1> <Delay = 1.26> <Storage> <Opcode : 'read' 'write' 'nbread' 'nbwrite'> <Ports = 0> <Width = 40> <Depth = 104> <FIFO>
ST_2 : Operation 49 [1/1] (0.00ns)   --->   "%br_ln41 = br void %for.body4" [firmware/nnet_utils/nnet_activation_stream.h:41]   --->   Operation 49 'br' 'br_ln41' <Predicate = true> <Delay = 0.00>


============================================================
+ Verbose Summary: Timing violations
============================================================
Target clock period: 5.000ns, clock uncertainty: 0.625ns.

 <State 1>: 1.093ns
The critical path consists of the following:
	'alloca' operation ('i') [3]  (0.000 ns)
	'load' operation ('i', firmware/nnet_utils/nnet_activation_stream.h:41) on local variable 'i' [9]  (0.000 ns)
	'add' operation ('i', firmware/nnet_utils/nnet_activation_stream.h:41) [11]  (0.706 ns)
	'store' operation ('store_ln41', firmware/nnet_utils/nnet_activation_stream.h:41) of variable 'i', firmware/nnet_utils/nnet_activation_stream.h:41 on local variable 'i' [48]  (0.387 ns)

 <State 2>: 3.624ns
The critical path consists of the following:
	fifo read operation ('layer2_out_read', firmware/nnet_utils/nnet_activation_stream.h:44) on port 'layer2_out' (firmware/nnet_utils/nnet_activation_stream.h:44) [17]  (1.268 ns)
	'icmp' operation ('icmp_ln51_15', firmware/nnet_utils/nnet_activation_stream.h:51) [40]  (0.785 ns)
	'select' operation ('out_data', firmware/nnet_utils/nnet_activation_stream.h:51) [45]  (0.303 ns)
	fifo write operation ('write_ln57', firmware/nnet_utils/nnet_activation_stream.h:57) on port 'layer4_out' (firmware/nnet_utils/nnet_activation_stream.h:57) [47]  (1.268 ns)


============================================================
+ Verbose Summary: Binding
============================================================
N/A
* FSMD analyzer results:
  - Output states:
 - Input state : 
  - Chain level:
	State 1
	State 2


============================================================
+ Verbose Summary: Datapath Resource usage 
============================================================
N/A
