

================================================================
== Vitis HLS Report for 'relu_array_ap_fixed_32u_array_ap_ufixed_15_0_4_0_0_32u_relu_config4_s'
================================================================
* Date:           Thu Jul 11 13:34:25 2024

* Version:        2023.1 (Build 3854077 on May  4 2023)
* Project:        myproject_prj
* Solution:       solution1 (Vivado IP Flow Target)
* Product family: virtexuplus
* Target device:  xcvu13p-flga2577-2-e


================================================================
== Performance Estimates
================================================================
+ Timing: 
    * Summary: 
    +--------+---------+----------+------------+
    |  Clock |  Target | Estimated| Uncertainty|
    +--------+---------+----------+------------+
    |ap_clk  |  5.00 ns|  3.901 ns|     0.62 ns|
    +--------+---------+----------+------------+

+ Latency: 
    * Summary: 
    +---------+---------+----------+----------+-----+-----+---------+
    |  Latency (cycles) |  Latency (absolute) |  Interval | Pipeline|
    |   min   |   max   |    min   |    max   | min | max |   Type  |
    +---------+---------+----------+----------+-----+-----+---------+
    |        0|        0|      0 ns|      0 ns|    0|    0|       no|
    +---------+---------+----------+----------+-----+-----+---------+

    + Detail: 
        * Instance: 
        N/A

        * Loop: 
        N/A

============================================================
+ Verbose Summary: Synthesis Manager
============================================================
InlineROM: 1
ExposeGlobal: 0
============================================================
+ Verbose Summary: CDFG Model
============================================================
IsTopModel: 0
ResetActiveHigh: 1
IsCombinational: 2
IsDatapathOnly: 0
HasWiredReturn: 1
HasMFsm: 0
HasVarLatency: 0
IsPipeline: 0
IsRtlPipelined: 0
IsInstanceOverlapped: 0
IsDontTouch: 0
HasImplIP: 0
IsGatedGlobalClock: 0


============================================================
+ Verbose Summary: Schedule
============================================================
* Number of FSM states : 1
* Pipeline : 0
* Dataflow Pipeline: 0

* FSM state transitions: 
1 --> 

* FSM state operations: 

State 1 <SV = 0> <Delay = 3.90>
ST_1 : Operation 2 [1/1] (0.00ns)   --->   "%specinterface_ln0 = specinterface void @_ssdm_op_SpecInterface, i480 %layer4_out, void @empty_8, i32 0, i32 0, void @empty, i32 0, i32 0, void @empty, void @empty, void @empty, i32 0, i32 0, i32 0, i32 0, void @empty, void @empty, i32 4294967295, i32 0"   --->   Operation 2 'specinterface' 'specinterface_ln0' <Predicate = true> <Delay = 0.00>
ST_1 : Operation 3 [1/1] (0.00ns)   --->   "%specinterface_ln0 = specinterface void @_ssdm_op_SpecInterface, i512 %layer3_out, void @empty_8, i32 0, i32 0, void @empty, i32 0, i32 0, void @empty, void @empty, void @empty, i32 0, i32 0, i32 0, i32 0, void @empty, void @empty, i32 4294967295, i32 0"   --->   Operation 3 'specinterface' 'specinterface_ln0' <Predicate = true> <Delay = 0.00>
ST_1 : Operation 4 [1/1] (1.41ns)   --->   "%layer3_out_read = read i512 @_ssdm_op_Read.ap_fifo.volatile.i512P0A, i512 %layer3_out" [firmware/nnet_utils/nnet_activation_stream.h:44]   --->   Operation 4 'read' 'layer3_out_read' <Predicate = true> <Delay = 1.41> <CoreInst = "FIFO_SRL">   --->   Core 81 'FIFO_SRL' <Latency = 0> <II = 1> <Delay = 1.41> <Storage> <Opcode : 'read' 'write' 'nbread' 'nbwrite'> <Ports = 0> <Width = 512> <Depth = 1> <FIFO>
ST_1 : Operation 5 [1/1] (0.00ns)   --->   "%in_data = trunc i512 %layer3_out_read" [firmware/nnet_utils/nnet_activation_stream.h:44]   --->   Operation 5 'trunc' 'in_data' <Predicate = true> <Delay = 0.00>
ST_1 : Operation 6 [1/1] (0.00ns)   --->   "%trunc_ln44_s = partselect i16 @_ssdm_op_PartSelect.i16.i512.i32.i32, i512 %layer3_out_read, i32 480, i32 495" [firmware/nnet_utils/nnet_activation_stream.h:44]   --->   Operation 6 'partselect' 'trunc_ln44_s' <Predicate = true> <Delay = 0.00>
ST_1 : Operation 7 [1/1] (0.00ns)   --->   "%trunc_ln44_1 = partselect i16 @_ssdm_op_PartSelect.i16.i512.i32.i32, i512 %layer3_out_read, i32 496, i32 511" [firmware/nnet_utils/nnet_activation_stream.h:44]   --->   Operation 7 'partselect' 'trunc_ln44_1' <Predicate = true> <Delay = 0.00>
ST_1 : Operation 8 [1/1] (0.00ns)   --->   "%in_data_1 = partselect i16 @_ssdm_op_PartSelect.i16.i512.i32.i32, i512 %layer3_out_read, i32 16, i32 31" [firmware/nnet_utils/nnet_activation_stream.h:44]   --->   Operation 8 'partselect' 'in_data_1' <Predicate = true> <Delay = 0.00>
ST_1 : Operation 9 [1/1] (0.00ns)   --->   "%in_data_2 = partselect i16 @_ssdm_op_PartSelect.i16.i512.i32.i32, i512 %layer3_out_read, i32 32, i32 47" [firmware/nnet_utils/nnet_activation_stream.h:44]   --->   Operation 9 'partselect' 'in_data_2' <Predicate = true> <Delay = 0.00>
ST_1 : Operation 10 [1/1] (0.00ns)   --->   "%in_data_3 = partselect i16 @_ssdm_op_PartSelect.i16.i512.i32.i32, i512 %layer3_out_read, i32 48, i32 63" [firmware/nnet_utils/nnet_activation_stream.h:44]   --->   Operation 10 'partselect' 'in_data_3' <Predicate = true> <Delay = 0.00>
ST_1 : Operation 11 [1/1] (0.00ns)   --->   "%tmp = partselect i16 @_ssdm_op_PartSelect.i16.i512.i32.i32, i512 %layer3_out_read, i32 64, i32 79" [firmware/nnet_utils/nnet_activation_stream.h:44]   --->   Operation 11 'partselect' 'tmp' <Predicate = true> <Delay = 0.00>
ST_1 : Operation 12 [1/1] (0.00ns)   --->   "%tmp_s = partselect i16 @_ssdm_op_PartSelect.i16.i512.i32.i32, i512 %layer3_out_read, i32 80, i32 95" [firmware/nnet_utils/nnet_activation_stream.h:44]   --->   Operation 12 'partselect' 'tmp_s' <Predicate = true> <Delay = 0.00>
ST_1 : Operation 13 [1/1] (0.00ns)   --->   "%tmp_1 = partselect i16 @_ssdm_op_PartSelect.i16.i512.i32.i32, i512 %layer3_out_read, i32 96, i32 111" [firmware/nnet_utils/nnet_activation_stream.h:44]   --->   Operation 13 'partselect' 'tmp_1' <Predicate = true> <Delay = 0.00>
ST_1 : Operation 14 [1/1] (0.00ns)   --->   "%tmp_2 = partselect i16 @_ssdm_op_PartSelect.i16.i512.i32.i32, i512 %layer3_out_read, i32 112, i32 127" [firmware/nnet_utils/nnet_activation_stream.h:44]   --->   Operation 14 'partselect' 'tmp_2' <Predicate = true> <Delay = 0.00>
ST_1 : Operation 15 [1/1] (0.00ns)   --->   "%tmp_3 = partselect i16 @_ssdm_op_PartSelect.i16.i512.i32.i32, i512 %layer3_out_read, i32 128, i32 143" [firmware/nnet_utils/nnet_activation_stream.h:44]   --->   Operation 15 'partselect' 'tmp_3' <Predicate = true> <Delay = 0.00>
ST_1 : Operation 16 [1/1] (0.00ns)   --->   "%tmp_4 = partselect i16 @_ssdm_op_PartSelect.i16.i512.i32.i32, i512 %layer3_out_read, i32 144, i32 159" [firmware/nnet_utils/nnet_activation_stream.h:44]   --->   Operation 16 'partselect' 'tmp_4' <Predicate = true> <Delay = 0.00>
ST_1 : Operation 17 [1/1] (0.00ns)   --->   "%tmp_5 = partselect i16 @_ssdm_op_PartSelect.i16.i512.i32.i32, i512 %layer3_out_read, i32 160, i32 175" [firmware/nnet_utils/nnet_activation_stream.h:44]   --->   Operation 17 'partselect' 'tmp_5' <Predicate = true> <Delay = 0.00>
ST_1 : Operation 18 [1/1] (0.00ns)   --->   "%tmp_6 = partselect i16 @_ssdm_op_PartSelect.i16.i512.i32.i32, i512 %layer3_out_read, i32 176, i32 191" [firmware/nnet_utils/nnet_activation_stream.h:44]   --->   Operation 18 'partselect' 'tmp_6' <Predicate = true> <Delay = 0.00>
ST_1 : Operation 19 [1/1] (0.00ns)   --->   "%tmp_7 = partselect i16 @_ssdm_op_PartSelect.i16.i512.i32.i32, i512 %layer3_out_read, i32 192, i32 207" [firmware/nnet_utils/nnet_activation_stream.h:44]   --->   Operation 19 'partselect' 'tmp_7' <Predicate = true> <Delay = 0.00>
ST_1 : Operation 20 [1/1] (0.00ns)   --->   "%tmp_8 = partselect i16 @_ssdm_op_PartSelect.i16.i512.i32.i32, i512 %layer3_out_read, i32 208, i32 223" [firmware/nnet_utils/nnet_activation_stream.h:44]   --->   Operation 20 'partselect' 'tmp_8' <Predicate = true> <Delay = 0.00>
ST_1 : Operation 21 [1/1] (0.00ns)   --->   "%tmp_9 = partselect i16 @_ssdm_op_PartSelect.i16.i512.i32.i32, i512 %layer3_out_read, i32 224, i32 239" [firmware/nnet_utils/nnet_activation_stream.h:44]   --->   Operation 21 'partselect' 'tmp_9' <Predicate = true> <Delay = 0.00>
ST_1 : Operation 22 [1/1] (0.00ns)   --->   "%tmp_10 = partselect i16 @_ssdm_op_PartSelect.i16.i512.i32.i32, i512 %layer3_out_read, i32 240, i32 255" [firmware/nnet_utils/nnet_activation_stream.h:44]   --->   Operation 22 'partselect' 'tmp_10' <Predicate = true> <Delay = 0.00>
ST_1 : Operation 23 [1/1] (0.00ns)   --->   "%tmp_11 = partselect i16 @_ssdm_op_PartSelect.i16.i512.i32.i32, i512 %layer3_out_read, i32 256, i32 271" [firmware/nnet_utils/nnet_activation_stream.h:44]   --->   Operation 23 'partselect' 'tmp_11' <Predicate = true> <Delay = 0.00>
ST_1 : Operation 24 [1/1] (0.00ns)   --->   "%tmp_12 = partselect i16 @_ssdm_op_PartSelect.i16.i512.i32.i32, i512 %layer3_out_read, i32 272, i32 287" [firmware/nnet_utils/nnet_activation_stream.h:44]   --->   Operation 24 'partselect' 'tmp_12' <Predicate = true> <Delay = 0.00>
ST_1 : Operation 25 [1/1] (0.00ns)   --->   "%tmp_13 = partselect i16 @_ssdm_op_PartSelect.i16.i512.i32.i32, i512 %layer3_out_read, i32 288, i32 303" [firmware/nnet_utils/nnet_activation_stream.h:44]   --->   Operation 25 'partselect' 'tmp_13' <Predicate = true> <Delay = 0.00>
ST_1 : Operation 26 [1/1] (0.00ns)   --->   "%tmp_14 = partselect i16 @_ssdm_op_PartSelect.i16.i512.i32.i32, i512 %layer3_out_read, i32 304, i32 319" [firmware/nnet_utils/nnet_activation_stream.h:44]   --->   Operation 26 'partselect' 'tmp_14' <Predicate = true> <Delay = 0.00>
ST_1 : Operation 27 [1/1] (0.00ns)   --->   "%tmp_15 = partselect i16 @_ssdm_op_PartSelect.i16.i512.i32.i32, i512 %layer3_out_read, i32 320, i32 335" [firmware/nnet_utils/nnet_activation_stream.h:44]   --->   Operation 27 'partselect' 'tmp_15' <Predicate = true> <Delay = 0.00>
ST_1 : Operation 28 [1/1] (0.00ns)   --->   "%tmp_16 = partselect i16 @_ssdm_op_PartSelect.i16.i512.i32.i32, i512 %layer3_out_read, i32 336, i32 351" [firmware/nnet_utils/nnet_activation_stream.h:44]   --->   Operation 28 'partselect' 'tmp_16' <Predicate = true> <Delay = 0.00>
ST_1 : Operation 29 [1/1] (0.00ns)   --->   "%tmp_17 = partselect i16 @_ssdm_op_PartSelect.i16.i512.i32.i32, i512 %layer3_out_read, i32 352, i32 367" [firmware/nnet_utils/nnet_activation_stream.h:44]   --->   Operation 29 'partselect' 'tmp_17' <Predicate = true> <Delay = 0.00>
ST_1 : Operation 30 [1/1] (0.00ns)   --->   "%tmp_18 = partselect i16 @_ssdm_op_PartSelect.i16.i512.i32.i32, i512 %layer3_out_read, i32 368, i32 383" [firmware/nnet_utils/nnet_activation_stream.h:44]   --->   Operation 30 'partselect' 'tmp_18' <Predicate = true> <Delay = 0.00>
ST_1 : Operation 31 [1/1] (0.00ns)   --->   "%tmp_19 = partselect i16 @_ssdm_op_PartSelect.i16.i512.i32.i32, i512 %layer3_out_read, i32 384, i32 399" [firmware/nnet_utils/nnet_activation_stream.h:44]   --->   Operation 31 'partselect' 'tmp_19' <Predicate = true> <Delay = 0.00>
ST_1 : Operation 32 [1/1] (0.00ns)   --->   "%tmp_20 = partselect i16 @_ssdm_op_PartSelect.i16.i512.i32.i32, i512 %layer3_out_read, i32 400, i32 415" [firmware/nnet_utils/nnet_activation_stream.h:44]   --->   Operation 32 'partselect' 'tmp_20' <Predicate = true> <Delay = 0.00>
ST_1 : Operation 33 [1/1] (0.00ns)   --->   "%tmp_21 = partselect i16 @_ssdm_op_PartSelect.i16.i512.i32.i32, i512 %layer3_out_read, i32 416, i32 431" [firmware/nnet_utils/nnet_activation_stream.h:44]   --->   Operation 33 'partselect' 'tmp_21' <Predicate = true> <Delay = 0.00>
ST_1 : Operation 34 [1/1] (0.00ns)   --->   "%tmp_22 = partselect i16 @_ssdm_op_PartSelect.i16.i512.i32.i32, i512 %layer3_out_read, i32 432, i32 447" [firmware/nnet_utils/nnet_activation_stream.h:44]   --->   Operation 34 'partselect' 'tmp_22' <Predicate = true> <Delay = 0.00>
ST_1 : Operation 35 [1/1] (0.00ns)   --->   "%tmp_23 = partselect i16 @_ssdm_op_PartSelect.i16.i512.i32.i32, i512 %layer3_out_read, i32 448, i32 463" [firmware/nnet_utils/nnet_activation_stream.h:44]   --->   Operation 35 'partselect' 'tmp_23' <Predicate = true> <Delay = 0.00>
ST_1 : Operation 36 [1/1] (0.00ns)   --->   "%tmp_24 = partselect i16 @_ssdm_op_PartSelect.i16.i512.i32.i32, i512 %layer3_out_read, i32 464, i32 479" [firmware/nnet_utils/nnet_activation_stream.h:44]   --->   Operation 36 'partselect' 'tmp_24' <Predicate = true> <Delay = 0.00>
ST_1 : Operation 37 [1/1] (0.78ns)   --->   "%icmp_ln51 = icmp_sgt  i16 %in_data, i16 0" [firmware/nnet_utils/nnet_activation_stream.h:51]   --->   Operation 37 'icmp' 'icmp_ln51' <Predicate = true> <Delay = 0.78> <CoreInst = "Cmp">   --->   Core 9 'Cmp' <Latency = 0> <II = 1> <Delay = 0.78> <FuncUnit> <Opcode : 'icmp'> <InPorts = 2> <OutPorts = 1>
ST_1 : Operation 38 [1/1] (0.00ns) (grouped into LUT with out node select_ln51)   --->   "%trunc_ln52 = trunc i512 %layer3_out_read" [firmware/nnet_utils/nnet_activation_stream.h:52]   --->   Operation 38 'trunc' 'trunc_ln52' <Predicate = (!icmp_ln52 & icmp_ln51)> <Delay = 0.00>
ST_1 : Operation 39 [1/1] (0.00ns) (grouped into LUT with out node select_ln51)   --->   "%shl_ln = bitconcatenate i15 @_ssdm_op_BitConcatenate.i15.i10.i5, i10 %trunc_ln52, i5 0" [firmware/nnet_utils/nnet_activation_stream.h:52]   --->   Operation 39 'bitconcatenate' 'shl_ln' <Predicate = (!icmp_ln52 & icmp_ln51)> <Delay = 0.00>
ST_1 : Operation 40 [1/1] (0.00ns)   --->   "%tmp_25 = partselect i6 @_ssdm_op_PartSelect.i6.i512.i32.i32, i512 %layer3_out_read, i32 10, i32 15" [firmware/nnet_utils/nnet_activation_stream.h:52]   --->   Operation 40 'partselect' 'tmp_25' <Predicate = (icmp_ln51)> <Delay = 0.00>
ST_1 : Operation 41 [1/1] (0.70ns)   --->   "%icmp_ln52 = icmp_ne  i6 %tmp_25, i6 0" [firmware/nnet_utils/nnet_activation_stream.h:52]   --->   Operation 41 'icmp' 'icmp_ln52' <Predicate = (icmp_ln51)> <Delay = 0.70> <CoreInst = "Cmp">   --->   Core 9 'Cmp' <Latency = 0> <II = 1> <Delay = 0.70> <FuncUnit> <Opcode : 'icmp'> <InPorts = 2> <OutPorts = 1>
ST_1 : Operation 42 [1/1] (0.00ns) (grouped into LUT with out node select_ln51)   --->   "%select_ln52 = select i1 %icmp_ln52, i15 32767, i15 %shl_ln" [firmware/nnet_utils/nnet_activation_stream.h:52]   --->   Operation 42 'select' 'select_ln52' <Predicate = (icmp_ln51)> <Delay = 0.00> <CoreInst = "Sel">   --->   Core 73 'Sel' <Latency = 0> <II = 1> <Delay = 0.29> <FuncUnit> <Opcode : 'select'> <InPorts = 3> <OutPorts = 1>
ST_1 : Operation 43 [1/1] (0.29ns) (out node of the LUT)   --->   "%select_ln51 = select i1 %icmp_ln51, i15 %select_ln52, i15 0" [firmware/nnet_utils/nnet_activation_stream.h:51]   --->   Operation 43 'select' 'select_ln51' <Predicate = true> <Delay = 0.29> <CoreInst = "Sel">   --->   Core 73 'Sel' <Latency = 0> <II = 1> <Delay = 0.29> <FuncUnit> <Opcode : 'select'> <InPorts = 3> <OutPorts = 1>
ST_1 : Operation 44 [1/1] (0.78ns)   --->   "%icmp_ln51_1 = icmp_sgt  i16 %in_data_1, i16 0" [firmware/nnet_utils/nnet_activation_stream.h:51]   --->   Operation 44 'icmp' 'icmp_ln51_1' <Predicate = true> <Delay = 0.78> <CoreInst = "Cmp">   --->   Core 9 'Cmp' <Latency = 0> <II = 1> <Delay = 0.78> <FuncUnit> <Opcode : 'icmp'> <InPorts = 2> <OutPorts = 1>
ST_1 : Operation 45 [1/1] (0.00ns) (grouped into LUT with out node select_ln51_1)   --->   "%tmp_26 = partselect i10 @_ssdm_op_PartSelect.i10.i512.i32.i32, i512 %layer3_out_read, i32 16, i32 25" [firmware/nnet_utils/nnet_activation_stream.h:52]   --->   Operation 45 'partselect' 'tmp_26' <Predicate = (!icmp_ln52_1 & icmp_ln51_1)> <Delay = 0.00>
ST_1 : Operation 46 [1/1] (0.00ns) (grouped into LUT with out node select_ln51_1)   --->   "%shl_ln52_1 = bitconcatenate i15 @_ssdm_op_BitConcatenate.i15.i10.i5, i10 %tmp_26, i5 0" [firmware/nnet_utils/nnet_activation_stream.h:52]   --->   Operation 46 'bitconcatenate' 'shl_ln52_1' <Predicate = (!icmp_ln52_1 & icmp_ln51_1)> <Delay = 0.00>
ST_1 : Operation 47 [1/1] (0.00ns)   --->   "%tmp_27 = partselect i6 @_ssdm_op_PartSelect.i6.i512.i32.i32, i512 %layer3_out_read, i32 26, i32 31" [firmware/nnet_utils/nnet_activation_stream.h:52]   --->   Operation 47 'partselect' 'tmp_27' <Predicate = (icmp_ln51_1)> <Delay = 0.00>
ST_1 : Operation 48 [1/1] (0.70ns)   --->   "%icmp_ln52_1 = icmp_ne  i6 %tmp_27, i6 0" [firmware/nnet_utils/nnet_activation_stream.h:52]   --->   Operation 48 'icmp' 'icmp_ln52_1' <Predicate = (icmp_ln51_1)> <Delay = 0.70> <CoreInst = "Cmp">   --->   Core 9 'Cmp' <Latency = 0> <II = 1> <Delay = 0.70> <FuncUnit> <Opcode : 'icmp'> <InPorts = 2> <OutPorts = 1>
ST_1 : Operation 49 [1/1] (0.00ns) (grouped into LUT with out node select_ln51_1)   --->   "%select_ln52_1 = select i1 %icmp_ln52_1, i15 32767, i15 %shl_ln52_1" [firmware/nnet_utils/nnet_activation_stream.h:52]   --->   Operation 49 'select' 'select_ln52_1' <Predicate = (icmp_ln51_1)> <Delay = 0.00> <CoreInst = "Sel">   --->   Core 73 'Sel' <Latency = 0> <II = 1> <Delay = 0.29> <FuncUnit> <Opcode : 'select'> <InPorts = 3> <OutPorts = 1>
ST_1 : Operation 50 [1/1] (0.29ns) (out node of the LUT)   --->   "%select_ln51_1 = select i1 %icmp_ln51_1, i15 %select_ln52_1, i15 0" [firmware/nnet_utils/nnet_activation_stream.h:51]   --->   Operation 50 'select' 'select_ln51_1' <Predicate = true> <Delay = 0.29> <CoreInst = "Sel">   --->   Core 73 'Sel' <Latency = 0> <II = 1> <Delay = 0.29> <FuncUnit> <Opcode : 'select'> <InPorts = 3> <OutPorts = 1>
ST_1 : Operation 51 [1/1] (0.78ns)   --->   "%icmp_ln51_2 = icmp_sgt  i16 %in_data_2, i16 0" [firmware/nnet_utils/nnet_activation_stream.h:51]   --->   Operation 51 'icmp' 'icmp_ln51_2' <Predicate = true> <Delay = 0.78> <CoreInst = "Cmp">   --->   Core 9 'Cmp' <Latency = 0> <II = 1> <Delay = 0.78> <FuncUnit> <Opcode : 'icmp'> <InPorts = 2> <OutPorts = 1>
ST_1 : Operation 52 [1/1] (0.00ns) (grouped into LUT with out node select_ln51_2)   --->   "%tmp_28 = partselect i10 @_ssdm_op_PartSelect.i10.i512.i32.i32, i512 %layer3_out_read, i32 32, i32 41" [firmware/nnet_utils/nnet_activation_stream.h:52]   --->   Operation 52 'partselect' 'tmp_28' <Predicate = (!icmp_ln52_2 & icmp_ln51_2)> <Delay = 0.00>
ST_1 : Operation 53 [1/1] (0.00ns) (grouped into LUT with out node select_ln51_2)   --->   "%shl_ln52_2 = bitconcatenate i15 @_ssdm_op_BitConcatenate.i15.i10.i5, i10 %tmp_28, i5 0" [firmware/nnet_utils/nnet_activation_stream.h:52]   --->   Operation 53 'bitconcatenate' 'shl_ln52_2' <Predicate = (!icmp_ln52_2 & icmp_ln51_2)> <Delay = 0.00>
ST_1 : Operation 54 [1/1] (0.00ns)   --->   "%tmp_29 = partselect i6 @_ssdm_op_PartSelect.i6.i512.i32.i32, i512 %layer3_out_read, i32 42, i32 47" [firmware/nnet_utils/nnet_activation_stream.h:52]   --->   Operation 54 'partselect' 'tmp_29' <Predicate = (icmp_ln51_2)> <Delay = 0.00>
ST_1 : Operation 55 [1/1] (0.70ns)   --->   "%icmp_ln52_2 = icmp_ne  i6 %tmp_29, i6 0" [firmware/nnet_utils/nnet_activation_stream.h:52]   --->   Operation 55 'icmp' 'icmp_ln52_2' <Predicate = (icmp_ln51_2)> <Delay = 0.70> <CoreInst = "Cmp">   --->   Core 9 'Cmp' <Latency = 0> <II = 1> <Delay = 0.70> <FuncUnit> <Opcode : 'icmp'> <InPorts = 2> <OutPorts = 1>
ST_1 : Operation 56 [1/1] (0.00ns) (grouped into LUT with out node select_ln51_2)   --->   "%select_ln52_2 = select i1 %icmp_ln52_2, i15 32767, i15 %shl_ln52_2" [firmware/nnet_utils/nnet_activation_stream.h:52]   --->   Operation 56 'select' 'select_ln52_2' <Predicate = (icmp_ln51_2)> <Delay = 0.00> <CoreInst = "Sel">   --->   Core 73 'Sel' <Latency = 0> <II = 1> <Delay = 0.29> <FuncUnit> <Opcode : 'select'> <InPorts = 3> <OutPorts = 1>
ST_1 : Operation 57 [1/1] (0.29ns) (out node of the LUT)   --->   "%select_ln51_2 = select i1 %icmp_ln51_2, i15 %select_ln52_2, i15 0" [firmware/nnet_utils/nnet_activation_stream.h:51]   --->   Operation 57 'select' 'select_ln51_2' <Predicate = true> <Delay = 0.29> <CoreInst = "Sel">   --->   Core 73 'Sel' <Latency = 0> <II = 1> <Delay = 0.29> <FuncUnit> <Opcode : 'select'> <InPorts = 3> <OutPorts = 1>
ST_1 : Operation 58 [1/1] (0.78ns)   --->   "%icmp_ln51_3 = icmp_sgt  i16 %in_data_3, i16 0" [firmware/nnet_utils/nnet_activation_stream.h:51]   --->   Operation 58 'icmp' 'icmp_ln51_3' <Predicate = true> <Delay = 0.78> <CoreInst = "Cmp">   --->   Core 9 'Cmp' <Latency = 0> <II = 1> <Delay = 0.78> <FuncUnit> <Opcode : 'icmp'> <InPorts = 2> <OutPorts = 1>
ST_1 : Operation 59 [1/1] (0.00ns) (grouped into LUT with out node select_ln51_3)   --->   "%tmp_59 = partselect i10 @_ssdm_op_PartSelect.i10.i512.i32.i32, i512 %layer3_out_read, i32 48, i32 57" [firmware/nnet_utils/nnet_activation_stream.h:52]   --->   Operation 59 'partselect' 'tmp_59' <Predicate = (!icmp_ln52_3 & icmp_ln51_3)> <Delay = 0.00>
ST_1 : Operation 60 [1/1] (0.00ns) (grouped into LUT with out node select_ln51_3)   --->   "%shl_ln52_3 = bitconcatenate i15 @_ssdm_op_BitConcatenate.i15.i10.i5, i10 %tmp_59, i5 0" [firmware/nnet_utils/nnet_activation_stream.h:52]   --->   Operation 60 'bitconcatenate' 'shl_ln52_3' <Predicate = (!icmp_ln52_3 & icmp_ln51_3)> <Delay = 0.00>
ST_1 : Operation 61 [1/1] (0.00ns)   --->   "%tmp_30 = partselect i6 @_ssdm_op_PartSelect.i6.i512.i32.i32, i512 %layer3_out_read, i32 58, i32 63" [firmware/nnet_utils/nnet_activation_stream.h:52]   --->   Operation 61 'partselect' 'tmp_30' <Predicate = (icmp_ln51_3)> <Delay = 0.00>
ST_1 : Operation 62 [1/1] (0.70ns)   --->   "%icmp_ln52_3 = icmp_ne  i6 %tmp_30, i6 0" [firmware/nnet_utils/nnet_activation_stream.h:52]   --->   Operation 62 'icmp' 'icmp_ln52_3' <Predicate = (icmp_ln51_3)> <Delay = 0.70> <CoreInst = "Cmp">   --->   Core 9 'Cmp' <Latency = 0> <II = 1> <Delay = 0.70> <FuncUnit> <Opcode : 'icmp'> <InPorts = 2> <OutPorts = 1>
ST_1 : Operation 63 [1/1] (0.00ns) (grouped into LUT with out node select_ln51_3)   --->   "%select_ln52_3 = select i1 %icmp_ln52_3, i15 32767, i15 %shl_ln52_3" [firmware/nnet_utils/nnet_activation_stream.h:52]   --->   Operation 63 'select' 'select_ln52_3' <Predicate = (icmp_ln51_3)> <Delay = 0.00> <CoreInst = "Sel">   --->   Core 73 'Sel' <Latency = 0> <II = 1> <Delay = 0.29> <FuncUnit> <Opcode : 'select'> <InPorts = 3> <OutPorts = 1>
ST_1 : Operation 64 [1/1] (0.29ns) (out node of the LUT)   --->   "%select_ln51_3 = select i1 %icmp_ln51_3, i15 %select_ln52_3, i15 0" [firmware/nnet_utils/nnet_activation_stream.h:51]   --->   Operation 64 'select' 'select_ln51_3' <Predicate = true> <Delay = 0.29> <CoreInst = "Sel">   --->   Core 73 'Sel' <Latency = 0> <II = 1> <Delay = 0.29> <FuncUnit> <Opcode : 'select'> <InPorts = 3> <OutPorts = 1>
ST_1 : Operation 65 [1/1] (0.78ns)   --->   "%icmp_ln51_4 = icmp_sgt  i16 %tmp, i16 0" [firmware/nnet_utils/nnet_activation_stream.h:51]   --->   Operation 65 'icmp' 'icmp_ln51_4' <Predicate = true> <Delay = 0.78> <CoreInst = "Cmp">   --->   Core 9 'Cmp' <Latency = 0> <II = 1> <Delay = 0.78> <FuncUnit> <Opcode : 'icmp'> <InPorts = 2> <OutPorts = 1>
ST_1 : Operation 66 [1/1] (0.00ns) (grouped into LUT with out node select_ln51_4)   --->   "%tmp_60 = partselect i10 @_ssdm_op_PartSelect.i10.i512.i32.i32, i512 %layer3_out_read, i32 64, i32 73" [firmware/nnet_utils/nnet_activation_stream.h:52]   --->   Operation 66 'partselect' 'tmp_60' <Predicate = (!icmp_ln52_4 & icmp_ln51_4)> <Delay = 0.00>
ST_1 : Operation 67 [1/1] (0.00ns) (grouped into LUT with out node select_ln51_4)   --->   "%shl_ln52_4 = bitconcatenate i15 @_ssdm_op_BitConcatenate.i15.i10.i5, i10 %tmp_60, i5 0" [firmware/nnet_utils/nnet_activation_stream.h:52]   --->   Operation 67 'bitconcatenate' 'shl_ln52_4' <Predicate = (!icmp_ln52_4 & icmp_ln51_4)> <Delay = 0.00>
ST_1 : Operation 68 [1/1] (0.00ns)   --->   "%tmp_31 = partselect i6 @_ssdm_op_PartSelect.i6.i512.i32.i32, i512 %layer3_out_read, i32 74, i32 79" [firmware/nnet_utils/nnet_activation_stream.h:52]   --->   Operation 68 'partselect' 'tmp_31' <Predicate = (icmp_ln51_4)> <Delay = 0.00>
ST_1 : Operation 69 [1/1] (0.70ns)   --->   "%icmp_ln52_4 = icmp_ne  i6 %tmp_31, i6 0" [firmware/nnet_utils/nnet_activation_stream.h:52]   --->   Operation 69 'icmp' 'icmp_ln52_4' <Predicate = (icmp_ln51_4)> <Delay = 0.70> <CoreInst = "Cmp">   --->   Core 9 'Cmp' <Latency = 0> <II = 1> <Delay = 0.70> <FuncUnit> <Opcode : 'icmp'> <InPorts = 2> <OutPorts = 1>
ST_1 : Operation 70 [1/1] (0.00ns) (grouped into LUT with out node select_ln51_4)   --->   "%select_ln52_4 = select i1 %icmp_ln52_4, i15 32767, i15 %shl_ln52_4" [firmware/nnet_utils/nnet_activation_stream.h:52]   --->   Operation 70 'select' 'select_ln52_4' <Predicate = (icmp_ln51_4)> <Delay = 0.00> <CoreInst = "Sel">   --->   Core 73 'Sel' <Latency = 0> <II = 1> <Delay = 0.29> <FuncUnit> <Opcode : 'select'> <InPorts = 3> <OutPorts = 1>
ST_1 : Operation 71 [1/1] (0.29ns) (out node of the LUT)   --->   "%select_ln51_4 = select i1 %icmp_ln51_4, i15 %select_ln52_4, i15 0" [firmware/nnet_utils/nnet_activation_stream.h:51]   --->   Operation 71 'select' 'select_ln51_4' <Predicate = true> <Delay = 0.29> <CoreInst = "Sel">   --->   Core 73 'Sel' <Latency = 0> <II = 1> <Delay = 0.29> <FuncUnit> <Opcode : 'select'> <InPorts = 3> <OutPorts = 1>
ST_1 : Operation 72 [1/1] (0.78ns)   --->   "%icmp_ln51_5 = icmp_sgt  i16 %tmp_s, i16 0" [firmware/nnet_utils/nnet_activation_stream.h:51]   --->   Operation 72 'icmp' 'icmp_ln51_5' <Predicate = true> <Delay = 0.78> <CoreInst = "Cmp">   --->   Core 9 'Cmp' <Latency = 0> <II = 1> <Delay = 0.78> <FuncUnit> <Opcode : 'icmp'> <InPorts = 2> <OutPorts = 1>
ST_1 : Operation 73 [1/1] (0.00ns) (grouped into LUT with out node select_ln51_5)   --->   "%tmp_61 = partselect i10 @_ssdm_op_PartSelect.i10.i512.i32.i32, i512 %layer3_out_read, i32 80, i32 89" [firmware/nnet_utils/nnet_activation_stream.h:52]   --->   Operation 73 'partselect' 'tmp_61' <Predicate = (!icmp_ln52_5 & icmp_ln51_5)> <Delay = 0.00>
ST_1 : Operation 74 [1/1] (0.00ns) (grouped into LUT with out node select_ln51_5)   --->   "%shl_ln52_5 = bitconcatenate i15 @_ssdm_op_BitConcatenate.i15.i10.i5, i10 %tmp_61, i5 0" [firmware/nnet_utils/nnet_activation_stream.h:52]   --->   Operation 74 'bitconcatenate' 'shl_ln52_5' <Predicate = (!icmp_ln52_5 & icmp_ln51_5)> <Delay = 0.00>
ST_1 : Operation 75 [1/1] (0.00ns)   --->   "%tmp_32 = partselect i6 @_ssdm_op_PartSelect.i6.i512.i32.i32, i512 %layer3_out_read, i32 90, i32 95" [firmware/nnet_utils/nnet_activation_stream.h:52]   --->   Operation 75 'partselect' 'tmp_32' <Predicate = (icmp_ln51_5)> <Delay = 0.00>
ST_1 : Operation 76 [1/1] (0.70ns)   --->   "%icmp_ln52_5 = icmp_ne  i6 %tmp_32, i6 0" [firmware/nnet_utils/nnet_activation_stream.h:52]   --->   Operation 76 'icmp' 'icmp_ln52_5' <Predicate = (icmp_ln51_5)> <Delay = 0.70> <CoreInst = "Cmp">   --->   Core 9 'Cmp' <Latency = 0> <II = 1> <Delay = 0.70> <FuncUnit> <Opcode : 'icmp'> <InPorts = 2> <OutPorts = 1>
ST_1 : Operation 77 [1/1] (0.00ns) (grouped into LUT with out node select_ln51_5)   --->   "%select_ln52_5 = select i1 %icmp_ln52_5, i15 32767, i15 %shl_ln52_5" [firmware/nnet_utils/nnet_activation_stream.h:52]   --->   Operation 77 'select' 'select_ln52_5' <Predicate = (icmp_ln51_5)> <Delay = 0.00> <CoreInst = "Sel">   --->   Core 73 'Sel' <Latency = 0> <II = 1> <Delay = 0.29> <FuncUnit> <Opcode : 'select'> <InPorts = 3> <OutPorts = 1>
ST_1 : Operation 78 [1/1] (0.29ns) (out node of the LUT)   --->   "%select_ln51_5 = select i1 %icmp_ln51_5, i15 %select_ln52_5, i15 0" [firmware/nnet_utils/nnet_activation_stream.h:51]   --->   Operation 78 'select' 'select_ln51_5' <Predicate = true> <Delay = 0.29> <CoreInst = "Sel">   --->   Core 73 'Sel' <Latency = 0> <II = 1> <Delay = 0.29> <FuncUnit> <Opcode : 'select'> <InPorts = 3> <OutPorts = 1>
ST_1 : Operation 79 [1/1] (0.78ns)   --->   "%icmp_ln51_6 = icmp_sgt  i16 %tmp_1, i16 0" [firmware/nnet_utils/nnet_activation_stream.h:51]   --->   Operation 79 'icmp' 'icmp_ln51_6' <Predicate = true> <Delay = 0.78> <CoreInst = "Cmp">   --->   Core 9 'Cmp' <Latency = 0> <II = 1> <Delay = 0.78> <FuncUnit> <Opcode : 'icmp'> <InPorts = 2> <OutPorts = 1>
ST_1 : Operation 80 [1/1] (0.00ns) (grouped into LUT with out node select_ln51_6)   --->   "%tmp_62 = partselect i10 @_ssdm_op_PartSelect.i10.i512.i32.i32, i512 %layer3_out_read, i32 96, i32 105" [firmware/nnet_utils/nnet_activation_stream.h:52]   --->   Operation 80 'partselect' 'tmp_62' <Predicate = (!icmp_ln52_6 & icmp_ln51_6)> <Delay = 0.00>
ST_1 : Operation 81 [1/1] (0.00ns) (grouped into LUT with out node select_ln51_6)   --->   "%shl_ln52_6 = bitconcatenate i15 @_ssdm_op_BitConcatenate.i15.i10.i5, i10 %tmp_62, i5 0" [firmware/nnet_utils/nnet_activation_stream.h:52]   --->   Operation 81 'bitconcatenate' 'shl_ln52_6' <Predicate = (!icmp_ln52_6 & icmp_ln51_6)> <Delay = 0.00>
ST_1 : Operation 82 [1/1] (0.00ns)   --->   "%tmp_33 = partselect i6 @_ssdm_op_PartSelect.i6.i512.i32.i32, i512 %layer3_out_read, i32 106, i32 111" [firmware/nnet_utils/nnet_activation_stream.h:52]   --->   Operation 82 'partselect' 'tmp_33' <Predicate = (icmp_ln51_6)> <Delay = 0.00>
ST_1 : Operation 83 [1/1] (0.70ns)   --->   "%icmp_ln52_6 = icmp_ne  i6 %tmp_33, i6 0" [firmware/nnet_utils/nnet_activation_stream.h:52]   --->   Operation 83 'icmp' 'icmp_ln52_6' <Predicate = (icmp_ln51_6)> <Delay = 0.70> <CoreInst = "Cmp">   --->   Core 9 'Cmp' <Latency = 0> <II = 1> <Delay = 0.70> <FuncUnit> <Opcode : 'icmp'> <InPorts = 2> <OutPorts = 1>
ST_1 : Operation 84 [1/1] (0.00ns) (grouped into LUT with out node select_ln51_6)   --->   "%select_ln52_6 = select i1 %icmp_ln52_6, i15 32767, i15 %shl_ln52_6" [firmware/nnet_utils/nnet_activation_stream.h:52]   --->   Operation 84 'select' 'select_ln52_6' <Predicate = (icmp_ln51_6)> <Delay = 0.00> <CoreInst = "Sel">   --->   Core 73 'Sel' <Latency = 0> <II = 1> <Delay = 0.29> <FuncUnit> <Opcode : 'select'> <InPorts = 3> <OutPorts = 1>
ST_1 : Operation 85 [1/1] (0.29ns) (out node of the LUT)   --->   "%select_ln51_6 = select i1 %icmp_ln51_6, i15 %select_ln52_6, i15 0" [firmware/nnet_utils/nnet_activation_stream.h:51]   --->   Operation 85 'select' 'select_ln51_6' <Predicate = true> <Delay = 0.29> <CoreInst = "Sel">   --->   Core 73 'Sel' <Latency = 0> <II = 1> <Delay = 0.29> <FuncUnit> <Opcode : 'select'> <InPorts = 3> <OutPorts = 1>
ST_1 : Operation 86 [1/1] (0.78ns)   --->   "%icmp_ln51_7 = icmp_sgt  i16 %tmp_2, i16 0" [firmware/nnet_utils/nnet_activation_stream.h:51]   --->   Operation 86 'icmp' 'icmp_ln51_7' <Predicate = true> <Delay = 0.78> <CoreInst = "Cmp">   --->   Core 9 'Cmp' <Latency = 0> <II = 1> <Delay = 0.78> <FuncUnit> <Opcode : 'icmp'> <InPorts = 2> <OutPorts = 1>
ST_1 : Operation 87 [1/1] (0.00ns) (grouped into LUT with out node select_ln51_7)   --->   "%tmp_63 = partselect i10 @_ssdm_op_PartSelect.i10.i512.i32.i32, i512 %layer3_out_read, i32 112, i32 121" [firmware/nnet_utils/nnet_activation_stream.h:52]   --->   Operation 87 'partselect' 'tmp_63' <Predicate = (!icmp_ln52_7 & icmp_ln51_7)> <Delay = 0.00>
ST_1 : Operation 88 [1/1] (0.00ns) (grouped into LUT with out node select_ln51_7)   --->   "%shl_ln52_7 = bitconcatenate i15 @_ssdm_op_BitConcatenate.i15.i10.i5, i10 %tmp_63, i5 0" [firmware/nnet_utils/nnet_activation_stream.h:52]   --->   Operation 88 'bitconcatenate' 'shl_ln52_7' <Predicate = (!icmp_ln52_7 & icmp_ln51_7)> <Delay = 0.00>
ST_1 : Operation 89 [1/1] (0.00ns)   --->   "%tmp_34 = partselect i6 @_ssdm_op_PartSelect.i6.i512.i32.i32, i512 %layer3_out_read, i32 122, i32 127" [firmware/nnet_utils/nnet_activation_stream.h:52]   --->   Operation 89 'partselect' 'tmp_34' <Predicate = (icmp_ln51_7)> <Delay = 0.00>
ST_1 : Operation 90 [1/1] (0.70ns)   --->   "%icmp_ln52_7 = icmp_ne  i6 %tmp_34, i6 0" [firmware/nnet_utils/nnet_activation_stream.h:52]   --->   Operation 90 'icmp' 'icmp_ln52_7' <Predicate = (icmp_ln51_7)> <Delay = 0.70> <CoreInst = "Cmp">   --->   Core 9 'Cmp' <Latency = 0> <II = 1> <Delay = 0.70> <FuncUnit> <Opcode : 'icmp'> <InPorts = 2> <OutPorts = 1>
ST_1 : Operation 91 [1/1] (0.00ns) (grouped into LUT with out node select_ln51_7)   --->   "%select_ln52_7 = select i1 %icmp_ln52_7, i15 32767, i15 %shl_ln52_7" [firmware/nnet_utils/nnet_activation_stream.h:52]   --->   Operation 91 'select' 'select_ln52_7' <Predicate = (icmp_ln51_7)> <Delay = 0.00> <CoreInst = "Sel">   --->   Core 73 'Sel' <Latency = 0> <II = 1> <Delay = 0.29> <FuncUnit> <Opcode : 'select'> <InPorts = 3> <OutPorts = 1>
ST_1 : Operation 92 [1/1] (0.29ns) (out node of the LUT)   --->   "%select_ln51_7 = select i1 %icmp_ln51_7, i15 %select_ln52_7, i15 0" [firmware/nnet_utils/nnet_activation_stream.h:51]   --->   Operation 92 'select' 'select_ln51_7' <Predicate = true> <Delay = 0.29> <CoreInst = "Sel">   --->   Core 73 'Sel' <Latency = 0> <II = 1> <Delay = 0.29> <FuncUnit> <Opcode : 'select'> <InPorts = 3> <OutPorts = 1>
ST_1 : Operation 93 [1/1] (0.78ns)   --->   "%icmp_ln51_8 = icmp_sgt  i16 %tmp_3, i16 0" [firmware/nnet_utils/nnet_activation_stream.h:51]   --->   Operation 93 'icmp' 'icmp_ln51_8' <Predicate = true> <Delay = 0.78> <CoreInst = "Cmp">   --->   Core 9 'Cmp' <Latency = 0> <II = 1> <Delay = 0.78> <FuncUnit> <Opcode : 'icmp'> <InPorts = 2> <OutPorts = 1>
ST_1 : Operation 94 [1/1] (0.00ns) (grouped into LUT with out node select_ln51_8)   --->   "%tmp_64 = partselect i10 @_ssdm_op_PartSelect.i10.i512.i32.i32, i512 %layer3_out_read, i32 128, i32 137" [firmware/nnet_utils/nnet_activation_stream.h:52]   --->   Operation 94 'partselect' 'tmp_64' <Predicate = (!icmp_ln52_8 & icmp_ln51_8)> <Delay = 0.00>
ST_1 : Operation 95 [1/1] (0.00ns) (grouped into LUT with out node select_ln51_8)   --->   "%shl_ln52_8 = bitconcatenate i15 @_ssdm_op_BitConcatenate.i15.i10.i5, i10 %tmp_64, i5 0" [firmware/nnet_utils/nnet_activation_stream.h:52]   --->   Operation 95 'bitconcatenate' 'shl_ln52_8' <Predicate = (!icmp_ln52_8 & icmp_ln51_8)> <Delay = 0.00>
ST_1 : Operation 96 [1/1] (0.00ns)   --->   "%tmp_35 = partselect i6 @_ssdm_op_PartSelect.i6.i512.i32.i32, i512 %layer3_out_read, i32 138, i32 143" [firmware/nnet_utils/nnet_activation_stream.h:52]   --->   Operation 96 'partselect' 'tmp_35' <Predicate = (icmp_ln51_8)> <Delay = 0.00>
ST_1 : Operation 97 [1/1] (0.70ns)   --->   "%icmp_ln52_8 = icmp_ne  i6 %tmp_35, i6 0" [firmware/nnet_utils/nnet_activation_stream.h:52]   --->   Operation 97 'icmp' 'icmp_ln52_8' <Predicate = (icmp_ln51_8)> <Delay = 0.70> <CoreInst = "Cmp">   --->   Core 9 'Cmp' <Latency = 0> <II = 1> <Delay = 0.70> <FuncUnit> <Opcode : 'icmp'> <InPorts = 2> <OutPorts = 1>
ST_1 : Operation 98 [1/1] (0.00ns) (grouped into LUT with out node select_ln51_8)   --->   "%select_ln52_8 = select i1 %icmp_ln52_8, i15 32767, i15 %shl_ln52_8" [firmware/nnet_utils/nnet_activation_stream.h:52]   --->   Operation 98 'select' 'select_ln52_8' <Predicate = (icmp_ln51_8)> <Delay = 0.00> <CoreInst = "Sel">   --->   Core 73 'Sel' <Latency = 0> <II = 1> <Delay = 0.29> <FuncUnit> <Opcode : 'select'> <InPorts = 3> <OutPorts = 1>
ST_1 : Operation 99 [1/1] (0.29ns) (out node of the LUT)   --->   "%select_ln51_8 = select i1 %icmp_ln51_8, i15 %select_ln52_8, i15 0" [firmware/nnet_utils/nnet_activation_stream.h:51]   --->   Operation 99 'select' 'select_ln51_8' <Predicate = true> <Delay = 0.29> <CoreInst = "Sel">   --->   Core 73 'Sel' <Latency = 0> <II = 1> <Delay = 0.29> <FuncUnit> <Opcode : 'select'> <InPorts = 3> <OutPorts = 1>
ST_1 : Operation 100 [1/1] (0.78ns)   --->   "%icmp_ln51_9 = icmp_sgt  i16 %tmp_4, i16 0" [firmware/nnet_utils/nnet_activation_stream.h:51]   --->   Operation 100 'icmp' 'icmp_ln51_9' <Predicate = true> <Delay = 0.78> <CoreInst = "Cmp">   --->   Core 9 'Cmp' <Latency = 0> <II = 1> <Delay = 0.78> <FuncUnit> <Opcode : 'icmp'> <InPorts = 2> <OutPorts = 1>
ST_1 : Operation 101 [1/1] (0.00ns) (grouped into LUT with out node select_ln51_9)   --->   "%tmp_65 = partselect i10 @_ssdm_op_PartSelect.i10.i512.i32.i32, i512 %layer3_out_read, i32 144, i32 153" [firmware/nnet_utils/nnet_activation_stream.h:52]   --->   Operation 101 'partselect' 'tmp_65' <Predicate = (!icmp_ln52_9 & icmp_ln51_9)> <Delay = 0.00>
ST_1 : Operation 102 [1/1] (0.00ns) (grouped into LUT with out node select_ln51_9)   --->   "%shl_ln52_9 = bitconcatenate i15 @_ssdm_op_BitConcatenate.i15.i10.i5, i10 %tmp_65, i5 0" [firmware/nnet_utils/nnet_activation_stream.h:52]   --->   Operation 102 'bitconcatenate' 'shl_ln52_9' <Predicate = (!icmp_ln52_9 & icmp_ln51_9)> <Delay = 0.00>
ST_1 : Operation 103 [1/1] (0.00ns)   --->   "%tmp_36 = partselect i6 @_ssdm_op_PartSelect.i6.i512.i32.i32, i512 %layer3_out_read, i32 154, i32 159" [firmware/nnet_utils/nnet_activation_stream.h:52]   --->   Operation 103 'partselect' 'tmp_36' <Predicate = (icmp_ln51_9)> <Delay = 0.00>
ST_1 : Operation 104 [1/1] (0.70ns)   --->   "%icmp_ln52_9 = icmp_ne  i6 %tmp_36, i6 0" [firmware/nnet_utils/nnet_activation_stream.h:52]   --->   Operation 104 'icmp' 'icmp_ln52_9' <Predicate = (icmp_ln51_9)> <Delay = 0.70> <CoreInst = "Cmp">   --->   Core 9 'Cmp' <Latency = 0> <II = 1> <Delay = 0.70> <FuncUnit> <Opcode : 'icmp'> <InPorts = 2> <OutPorts = 1>
ST_1 : Operation 105 [1/1] (0.00ns) (grouped into LUT with out node select_ln51_9)   --->   "%select_ln52_9 = select i1 %icmp_ln52_9, i15 32767, i15 %shl_ln52_9" [firmware/nnet_utils/nnet_activation_stream.h:52]   --->   Operation 105 'select' 'select_ln52_9' <Predicate = (icmp_ln51_9)> <Delay = 0.00> <CoreInst = "Sel">   --->   Core 73 'Sel' <Latency = 0> <II = 1> <Delay = 0.29> <FuncUnit> <Opcode : 'select'> <InPorts = 3> <OutPorts = 1>
ST_1 : Operation 106 [1/1] (0.29ns) (out node of the LUT)   --->   "%select_ln51_9 = select i1 %icmp_ln51_9, i15 %select_ln52_9, i15 0" [firmware/nnet_utils/nnet_activation_stream.h:51]   --->   Operation 106 'select' 'select_ln51_9' <Predicate = true> <Delay = 0.29> <CoreInst = "Sel">   --->   Core 73 'Sel' <Latency = 0> <II = 1> <Delay = 0.29> <FuncUnit> <Opcode : 'select'> <InPorts = 3> <OutPorts = 1>
ST_1 : Operation 107 [1/1] (0.78ns)   --->   "%icmp_ln51_10 = icmp_sgt  i16 %tmp_5, i16 0" [firmware/nnet_utils/nnet_activation_stream.h:51]   --->   Operation 107 'icmp' 'icmp_ln51_10' <Predicate = true> <Delay = 0.78> <CoreInst = "Cmp">   --->   Core 9 'Cmp' <Latency = 0> <II = 1> <Delay = 0.78> <FuncUnit> <Opcode : 'icmp'> <InPorts = 2> <OutPorts = 1>
ST_1 : Operation 108 [1/1] (0.00ns) (grouped into LUT with out node select_ln51_10)   --->   "%tmp_66 = partselect i10 @_ssdm_op_PartSelect.i10.i512.i32.i32, i512 %layer3_out_read, i32 160, i32 169" [firmware/nnet_utils/nnet_activation_stream.h:52]   --->   Operation 108 'partselect' 'tmp_66' <Predicate = (!icmp_ln52_10 & icmp_ln51_10)> <Delay = 0.00>
ST_1 : Operation 109 [1/1] (0.00ns) (grouped into LUT with out node select_ln51_10)   --->   "%shl_ln52_s = bitconcatenate i15 @_ssdm_op_BitConcatenate.i15.i10.i5, i10 %tmp_66, i5 0" [firmware/nnet_utils/nnet_activation_stream.h:52]   --->   Operation 109 'bitconcatenate' 'shl_ln52_s' <Predicate = (!icmp_ln52_10 & icmp_ln51_10)> <Delay = 0.00>
ST_1 : Operation 110 [1/1] (0.00ns)   --->   "%tmp_37 = partselect i6 @_ssdm_op_PartSelect.i6.i512.i32.i32, i512 %layer3_out_read, i32 170, i32 175" [firmware/nnet_utils/nnet_activation_stream.h:52]   --->   Operation 110 'partselect' 'tmp_37' <Predicate = (icmp_ln51_10)> <Delay = 0.00>
ST_1 : Operation 111 [1/1] (0.70ns)   --->   "%icmp_ln52_10 = icmp_ne  i6 %tmp_37, i6 0" [firmware/nnet_utils/nnet_activation_stream.h:52]   --->   Operation 111 'icmp' 'icmp_ln52_10' <Predicate = (icmp_ln51_10)> <Delay = 0.70> <CoreInst = "Cmp">   --->   Core 9 'Cmp' <Latency = 0> <II = 1> <Delay = 0.70> <FuncUnit> <Opcode : 'icmp'> <InPorts = 2> <OutPorts = 1>
ST_1 : Operation 112 [1/1] (0.00ns) (grouped into LUT with out node select_ln51_10)   --->   "%select_ln52_10 = select i1 %icmp_ln52_10, i15 32767, i15 %shl_ln52_s" [firmware/nnet_utils/nnet_activation_stream.h:52]   --->   Operation 112 'select' 'select_ln52_10' <Predicate = (icmp_ln51_10)> <Delay = 0.00> <CoreInst = "Sel">   --->   Core 73 'Sel' <Latency = 0> <II = 1> <Delay = 0.29> <FuncUnit> <Opcode : 'select'> <InPorts = 3> <OutPorts = 1>
ST_1 : Operation 113 [1/1] (0.29ns) (out node of the LUT)   --->   "%select_ln51_10 = select i1 %icmp_ln51_10, i15 %select_ln52_10, i15 0" [firmware/nnet_utils/nnet_activation_stream.h:51]   --->   Operation 113 'select' 'select_ln51_10' <Predicate = true> <Delay = 0.29> <CoreInst = "Sel">   --->   Core 73 'Sel' <Latency = 0> <II = 1> <Delay = 0.29> <FuncUnit> <Opcode : 'select'> <InPorts = 3> <OutPorts = 1>
ST_1 : Operation 114 [1/1] (0.78ns)   --->   "%icmp_ln51_11 = icmp_sgt  i16 %tmp_6, i16 0" [firmware/nnet_utils/nnet_activation_stream.h:51]   --->   Operation 114 'icmp' 'icmp_ln51_11' <Predicate = true> <Delay = 0.78> <CoreInst = "Cmp">   --->   Core 9 'Cmp' <Latency = 0> <II = 1> <Delay = 0.78> <FuncUnit> <Opcode : 'icmp'> <InPorts = 2> <OutPorts = 1>
ST_1 : Operation 115 [1/1] (0.00ns) (grouped into LUT with out node select_ln51_11)   --->   "%tmp_67 = partselect i10 @_ssdm_op_PartSelect.i10.i512.i32.i32, i512 %layer3_out_read, i32 176, i32 185" [firmware/nnet_utils/nnet_activation_stream.h:52]   --->   Operation 115 'partselect' 'tmp_67' <Predicate = (!icmp_ln52_11 & icmp_ln51_11)> <Delay = 0.00>
ST_1 : Operation 116 [1/1] (0.00ns) (grouped into LUT with out node select_ln51_11)   --->   "%shl_ln52_10 = bitconcatenate i15 @_ssdm_op_BitConcatenate.i15.i10.i5, i10 %tmp_67, i5 0" [firmware/nnet_utils/nnet_activation_stream.h:52]   --->   Operation 116 'bitconcatenate' 'shl_ln52_10' <Predicate = (!icmp_ln52_11 & icmp_ln51_11)> <Delay = 0.00>
ST_1 : Operation 117 [1/1] (0.00ns)   --->   "%tmp_38 = partselect i6 @_ssdm_op_PartSelect.i6.i512.i32.i32, i512 %layer3_out_read, i32 186, i32 191" [firmware/nnet_utils/nnet_activation_stream.h:52]   --->   Operation 117 'partselect' 'tmp_38' <Predicate = (icmp_ln51_11)> <Delay = 0.00>
ST_1 : Operation 118 [1/1] (0.70ns)   --->   "%icmp_ln52_11 = icmp_ne  i6 %tmp_38, i6 0" [firmware/nnet_utils/nnet_activation_stream.h:52]   --->   Operation 118 'icmp' 'icmp_ln52_11' <Predicate = (icmp_ln51_11)> <Delay = 0.70> <CoreInst = "Cmp">   --->   Core 9 'Cmp' <Latency = 0> <II = 1> <Delay = 0.70> <FuncUnit> <Opcode : 'icmp'> <InPorts = 2> <OutPorts = 1>
ST_1 : Operation 119 [1/1] (0.00ns) (grouped into LUT with out node select_ln51_11)   --->   "%select_ln52_11 = select i1 %icmp_ln52_11, i15 32767, i15 %shl_ln52_10" [firmware/nnet_utils/nnet_activation_stream.h:52]   --->   Operation 119 'select' 'select_ln52_11' <Predicate = (icmp_ln51_11)> <Delay = 0.00> <CoreInst = "Sel">   --->   Core 73 'Sel' <Latency = 0> <II = 1> <Delay = 0.29> <FuncUnit> <Opcode : 'select'> <InPorts = 3> <OutPorts = 1>
ST_1 : Operation 120 [1/1] (0.29ns) (out node of the LUT)   --->   "%select_ln51_11 = select i1 %icmp_ln51_11, i15 %select_ln52_11, i15 0" [firmware/nnet_utils/nnet_activation_stream.h:51]   --->   Operation 120 'select' 'select_ln51_11' <Predicate = true> <Delay = 0.29> <CoreInst = "Sel">   --->   Core 73 'Sel' <Latency = 0> <II = 1> <Delay = 0.29> <FuncUnit> <Opcode : 'select'> <InPorts = 3> <OutPorts = 1>
ST_1 : Operation 121 [1/1] (0.78ns)   --->   "%icmp_ln51_12 = icmp_sgt  i16 %tmp_7, i16 0" [firmware/nnet_utils/nnet_activation_stream.h:51]   --->   Operation 121 'icmp' 'icmp_ln51_12' <Predicate = true> <Delay = 0.78> <CoreInst = "Cmp">   --->   Core 9 'Cmp' <Latency = 0> <II = 1> <Delay = 0.78> <FuncUnit> <Opcode : 'icmp'> <InPorts = 2> <OutPorts = 1>
ST_1 : Operation 122 [1/1] (0.00ns) (grouped into LUT with out node select_ln51_12)   --->   "%tmp_68 = partselect i10 @_ssdm_op_PartSelect.i10.i512.i32.i32, i512 %layer3_out_read, i32 192, i32 201" [firmware/nnet_utils/nnet_activation_stream.h:52]   --->   Operation 122 'partselect' 'tmp_68' <Predicate = (!icmp_ln52_12 & icmp_ln51_12)> <Delay = 0.00>
ST_1 : Operation 123 [1/1] (0.00ns) (grouped into LUT with out node select_ln51_12)   --->   "%shl_ln52_11 = bitconcatenate i15 @_ssdm_op_BitConcatenate.i15.i10.i5, i10 %tmp_68, i5 0" [firmware/nnet_utils/nnet_activation_stream.h:52]   --->   Operation 123 'bitconcatenate' 'shl_ln52_11' <Predicate = (!icmp_ln52_12 & icmp_ln51_12)> <Delay = 0.00>
ST_1 : Operation 124 [1/1] (0.00ns)   --->   "%tmp_39 = partselect i6 @_ssdm_op_PartSelect.i6.i512.i32.i32, i512 %layer3_out_read, i32 202, i32 207" [firmware/nnet_utils/nnet_activation_stream.h:52]   --->   Operation 124 'partselect' 'tmp_39' <Predicate = (icmp_ln51_12)> <Delay = 0.00>
ST_1 : Operation 125 [1/1] (0.70ns)   --->   "%icmp_ln52_12 = icmp_ne  i6 %tmp_39, i6 0" [firmware/nnet_utils/nnet_activation_stream.h:52]   --->   Operation 125 'icmp' 'icmp_ln52_12' <Predicate = (icmp_ln51_12)> <Delay = 0.70> <CoreInst = "Cmp">   --->   Core 9 'Cmp' <Latency = 0> <II = 1> <Delay = 0.70> <FuncUnit> <Opcode : 'icmp'> <InPorts = 2> <OutPorts = 1>
ST_1 : Operation 126 [1/1] (0.00ns) (grouped into LUT with out node select_ln51_12)   --->   "%select_ln52_12 = select i1 %icmp_ln52_12, i15 32767, i15 %shl_ln52_11" [firmware/nnet_utils/nnet_activation_stream.h:52]   --->   Operation 126 'select' 'select_ln52_12' <Predicate = (icmp_ln51_12)> <Delay = 0.00> <CoreInst = "Sel">   --->   Core 73 'Sel' <Latency = 0> <II = 1> <Delay = 0.29> <FuncUnit> <Opcode : 'select'> <InPorts = 3> <OutPorts = 1>
ST_1 : Operation 127 [1/1] (0.29ns) (out node of the LUT)   --->   "%select_ln51_12 = select i1 %icmp_ln51_12, i15 %select_ln52_12, i15 0" [firmware/nnet_utils/nnet_activation_stream.h:51]   --->   Operation 127 'select' 'select_ln51_12' <Predicate = true> <Delay = 0.29> <CoreInst = "Sel">   --->   Core 73 'Sel' <Latency = 0> <II = 1> <Delay = 0.29> <FuncUnit> <Opcode : 'select'> <InPorts = 3> <OutPorts = 1>
ST_1 : Operation 128 [1/1] (0.78ns)   --->   "%icmp_ln51_13 = icmp_sgt  i16 %tmp_8, i16 0" [firmware/nnet_utils/nnet_activation_stream.h:51]   --->   Operation 128 'icmp' 'icmp_ln51_13' <Predicate = true> <Delay = 0.78> <CoreInst = "Cmp">   --->   Core 9 'Cmp' <Latency = 0> <II = 1> <Delay = 0.78> <FuncUnit> <Opcode : 'icmp'> <InPorts = 2> <OutPorts = 1>
ST_1 : Operation 129 [1/1] (0.00ns) (grouped into LUT with out node select_ln51_13)   --->   "%tmp_69 = partselect i10 @_ssdm_op_PartSelect.i10.i512.i32.i32, i512 %layer3_out_read, i32 208, i32 217" [firmware/nnet_utils/nnet_activation_stream.h:52]   --->   Operation 129 'partselect' 'tmp_69' <Predicate = (!icmp_ln52_13 & icmp_ln51_13)> <Delay = 0.00>
ST_1 : Operation 130 [1/1] (0.00ns) (grouped into LUT with out node select_ln51_13)   --->   "%shl_ln52_12 = bitconcatenate i15 @_ssdm_op_BitConcatenate.i15.i10.i5, i10 %tmp_69, i5 0" [firmware/nnet_utils/nnet_activation_stream.h:52]   --->   Operation 130 'bitconcatenate' 'shl_ln52_12' <Predicate = (!icmp_ln52_13 & icmp_ln51_13)> <Delay = 0.00>
ST_1 : Operation 131 [1/1] (0.00ns)   --->   "%tmp_40 = partselect i6 @_ssdm_op_PartSelect.i6.i512.i32.i32, i512 %layer3_out_read, i32 218, i32 223" [firmware/nnet_utils/nnet_activation_stream.h:52]   --->   Operation 131 'partselect' 'tmp_40' <Predicate = (icmp_ln51_13)> <Delay = 0.00>
ST_1 : Operation 132 [1/1] (0.70ns)   --->   "%icmp_ln52_13 = icmp_ne  i6 %tmp_40, i6 0" [firmware/nnet_utils/nnet_activation_stream.h:52]   --->   Operation 132 'icmp' 'icmp_ln52_13' <Predicate = (icmp_ln51_13)> <Delay = 0.70> <CoreInst = "Cmp">   --->   Core 9 'Cmp' <Latency = 0> <II = 1> <Delay = 0.70> <FuncUnit> <Opcode : 'icmp'> <InPorts = 2> <OutPorts = 1>
ST_1 : Operation 133 [1/1] (0.00ns) (grouped into LUT with out node select_ln51_13)   --->   "%select_ln52_13 = select i1 %icmp_ln52_13, i15 32767, i15 %shl_ln52_12" [firmware/nnet_utils/nnet_activation_stream.h:52]   --->   Operation 133 'select' 'select_ln52_13' <Predicate = (icmp_ln51_13)> <Delay = 0.00> <CoreInst = "Sel">   --->   Core 73 'Sel' <Latency = 0> <II = 1> <Delay = 0.29> <FuncUnit> <Opcode : 'select'> <InPorts = 3> <OutPorts = 1>
ST_1 : Operation 134 [1/1] (0.29ns) (out node of the LUT)   --->   "%select_ln51_13 = select i1 %icmp_ln51_13, i15 %select_ln52_13, i15 0" [firmware/nnet_utils/nnet_activation_stream.h:51]   --->   Operation 134 'select' 'select_ln51_13' <Predicate = true> <Delay = 0.29> <CoreInst = "Sel">   --->   Core 73 'Sel' <Latency = 0> <II = 1> <Delay = 0.29> <FuncUnit> <Opcode : 'select'> <InPorts = 3> <OutPorts = 1>
ST_1 : Operation 135 [1/1] (0.78ns)   --->   "%icmp_ln51_14 = icmp_sgt  i16 %tmp_9, i16 0" [firmware/nnet_utils/nnet_activation_stream.h:51]   --->   Operation 135 'icmp' 'icmp_ln51_14' <Predicate = true> <Delay = 0.78> <CoreInst = "Cmp">   --->   Core 9 'Cmp' <Latency = 0> <II = 1> <Delay = 0.78> <FuncUnit> <Opcode : 'icmp'> <InPorts = 2> <OutPorts = 1>
ST_1 : Operation 136 [1/1] (0.00ns) (grouped into LUT with out node select_ln51_14)   --->   "%tmp_70 = partselect i10 @_ssdm_op_PartSelect.i10.i512.i32.i32, i512 %layer3_out_read, i32 224, i32 233" [firmware/nnet_utils/nnet_activation_stream.h:52]   --->   Operation 136 'partselect' 'tmp_70' <Predicate = (!icmp_ln52_14 & icmp_ln51_14)> <Delay = 0.00>
ST_1 : Operation 137 [1/1] (0.00ns) (grouped into LUT with out node select_ln51_14)   --->   "%shl_ln52_13 = bitconcatenate i15 @_ssdm_op_BitConcatenate.i15.i10.i5, i10 %tmp_70, i5 0" [firmware/nnet_utils/nnet_activation_stream.h:52]   --->   Operation 137 'bitconcatenate' 'shl_ln52_13' <Predicate = (!icmp_ln52_14 & icmp_ln51_14)> <Delay = 0.00>
ST_1 : Operation 138 [1/1] (0.00ns)   --->   "%tmp_41 = partselect i6 @_ssdm_op_PartSelect.i6.i512.i32.i32, i512 %layer3_out_read, i32 234, i32 239" [firmware/nnet_utils/nnet_activation_stream.h:52]   --->   Operation 138 'partselect' 'tmp_41' <Predicate = (icmp_ln51_14)> <Delay = 0.00>
ST_1 : Operation 139 [1/1] (0.70ns)   --->   "%icmp_ln52_14 = icmp_ne  i6 %tmp_41, i6 0" [firmware/nnet_utils/nnet_activation_stream.h:52]   --->   Operation 139 'icmp' 'icmp_ln52_14' <Predicate = (icmp_ln51_14)> <Delay = 0.70> <CoreInst = "Cmp">   --->   Core 9 'Cmp' <Latency = 0> <II = 1> <Delay = 0.70> <FuncUnit> <Opcode : 'icmp'> <InPorts = 2> <OutPorts = 1>
ST_1 : Operation 140 [1/1] (0.00ns) (grouped into LUT with out node select_ln51_14)   --->   "%select_ln52_14 = select i1 %icmp_ln52_14, i15 32767, i15 %shl_ln52_13" [firmware/nnet_utils/nnet_activation_stream.h:52]   --->   Operation 140 'select' 'select_ln52_14' <Predicate = (icmp_ln51_14)> <Delay = 0.00> <CoreInst = "Sel">   --->   Core 73 'Sel' <Latency = 0> <II = 1> <Delay = 0.29> <FuncUnit> <Opcode : 'select'> <InPorts = 3> <OutPorts = 1>
ST_1 : Operation 141 [1/1] (0.29ns) (out node of the LUT)   --->   "%select_ln51_14 = select i1 %icmp_ln51_14, i15 %select_ln52_14, i15 0" [firmware/nnet_utils/nnet_activation_stream.h:51]   --->   Operation 141 'select' 'select_ln51_14' <Predicate = true> <Delay = 0.29> <CoreInst = "Sel">   --->   Core 73 'Sel' <Latency = 0> <II = 1> <Delay = 0.29> <FuncUnit> <Opcode : 'select'> <InPorts = 3> <OutPorts = 1>
ST_1 : Operation 142 [1/1] (0.78ns)   --->   "%icmp_ln51_15 = icmp_sgt  i16 %tmp_10, i16 0" [firmware/nnet_utils/nnet_activation_stream.h:51]   --->   Operation 142 'icmp' 'icmp_ln51_15' <Predicate = true> <Delay = 0.78> <CoreInst = "Cmp">   --->   Core 9 'Cmp' <Latency = 0> <II = 1> <Delay = 0.78> <FuncUnit> <Opcode : 'icmp'> <InPorts = 2> <OutPorts = 1>
ST_1 : Operation 143 [1/1] (0.00ns) (grouped into LUT with out node select_ln51_15)   --->   "%tmp_71 = partselect i10 @_ssdm_op_PartSelect.i10.i512.i32.i32, i512 %layer3_out_read, i32 240, i32 249" [firmware/nnet_utils/nnet_activation_stream.h:52]   --->   Operation 143 'partselect' 'tmp_71' <Predicate = (!icmp_ln52_15 & icmp_ln51_15)> <Delay = 0.00>
ST_1 : Operation 144 [1/1] (0.00ns) (grouped into LUT with out node select_ln51_15)   --->   "%shl_ln52_14 = bitconcatenate i15 @_ssdm_op_BitConcatenate.i15.i10.i5, i10 %tmp_71, i5 0" [firmware/nnet_utils/nnet_activation_stream.h:52]   --->   Operation 144 'bitconcatenate' 'shl_ln52_14' <Predicate = (!icmp_ln52_15 & icmp_ln51_15)> <Delay = 0.00>
ST_1 : Operation 145 [1/1] (0.00ns)   --->   "%tmp_42 = partselect i6 @_ssdm_op_PartSelect.i6.i512.i32.i32, i512 %layer3_out_read, i32 250, i32 255" [firmware/nnet_utils/nnet_activation_stream.h:52]   --->   Operation 145 'partselect' 'tmp_42' <Predicate = (icmp_ln51_15)> <Delay = 0.00>
ST_1 : Operation 146 [1/1] (0.70ns)   --->   "%icmp_ln52_15 = icmp_ne  i6 %tmp_42, i6 0" [firmware/nnet_utils/nnet_activation_stream.h:52]   --->   Operation 146 'icmp' 'icmp_ln52_15' <Predicate = (icmp_ln51_15)> <Delay = 0.70> <CoreInst = "Cmp">   --->   Core 9 'Cmp' <Latency = 0> <II = 1> <Delay = 0.70> <FuncUnit> <Opcode : 'icmp'> <InPorts = 2> <OutPorts = 1>
ST_1 : Operation 147 [1/1] (0.00ns) (grouped into LUT with out node select_ln51_15)   --->   "%select_ln52_15 = select i1 %icmp_ln52_15, i15 32767, i15 %shl_ln52_14" [firmware/nnet_utils/nnet_activation_stream.h:52]   --->   Operation 147 'select' 'select_ln52_15' <Predicate = (icmp_ln51_15)> <Delay = 0.00> <CoreInst = "Sel">   --->   Core 73 'Sel' <Latency = 0> <II = 1> <Delay = 0.29> <FuncUnit> <Opcode : 'select'> <InPorts = 3> <OutPorts = 1>
ST_1 : Operation 148 [1/1] (0.29ns) (out node of the LUT)   --->   "%select_ln51_15 = select i1 %icmp_ln51_15, i15 %select_ln52_15, i15 0" [firmware/nnet_utils/nnet_activation_stream.h:51]   --->   Operation 148 'select' 'select_ln51_15' <Predicate = true> <Delay = 0.29> <CoreInst = "Sel">   --->   Core 73 'Sel' <Latency = 0> <II = 1> <Delay = 0.29> <FuncUnit> <Opcode : 'select'> <InPorts = 3> <OutPorts = 1>
ST_1 : Operation 149 [1/1] (0.78ns)   --->   "%icmp_ln51_16 = icmp_sgt  i16 %tmp_11, i16 0" [firmware/nnet_utils/nnet_activation_stream.h:51]   --->   Operation 149 'icmp' 'icmp_ln51_16' <Predicate = true> <Delay = 0.78> <CoreInst = "Cmp">   --->   Core 9 'Cmp' <Latency = 0> <II = 1> <Delay = 0.78> <FuncUnit> <Opcode : 'icmp'> <InPorts = 2> <OutPorts = 1>
ST_1 : Operation 150 [1/1] (0.00ns) (grouped into LUT with out node select_ln51_16)   --->   "%tmp_72 = partselect i10 @_ssdm_op_PartSelect.i10.i512.i32.i32, i512 %layer3_out_read, i32 256, i32 265" [firmware/nnet_utils/nnet_activation_stream.h:52]   --->   Operation 150 'partselect' 'tmp_72' <Predicate = (!icmp_ln52_16 & icmp_ln51_16)> <Delay = 0.00>
ST_1 : Operation 151 [1/1] (0.00ns) (grouped into LUT with out node select_ln51_16)   --->   "%shl_ln52_15 = bitconcatenate i15 @_ssdm_op_BitConcatenate.i15.i10.i5, i10 %tmp_72, i5 0" [firmware/nnet_utils/nnet_activation_stream.h:52]   --->   Operation 151 'bitconcatenate' 'shl_ln52_15' <Predicate = (!icmp_ln52_16 & icmp_ln51_16)> <Delay = 0.00>
ST_1 : Operation 152 [1/1] (0.00ns)   --->   "%tmp_43 = partselect i6 @_ssdm_op_PartSelect.i6.i512.i32.i32, i512 %layer3_out_read, i32 266, i32 271" [firmware/nnet_utils/nnet_activation_stream.h:52]   --->   Operation 152 'partselect' 'tmp_43' <Predicate = (icmp_ln51_16)> <Delay = 0.00>
ST_1 : Operation 153 [1/1] (0.70ns)   --->   "%icmp_ln52_16 = icmp_ne  i6 %tmp_43, i6 0" [firmware/nnet_utils/nnet_activation_stream.h:52]   --->   Operation 153 'icmp' 'icmp_ln52_16' <Predicate = (icmp_ln51_16)> <Delay = 0.70> <CoreInst = "Cmp">   --->   Core 9 'Cmp' <Latency = 0> <II = 1> <Delay = 0.70> <FuncUnit> <Opcode : 'icmp'> <InPorts = 2> <OutPorts = 1>
ST_1 : Operation 154 [1/1] (0.00ns) (grouped into LUT with out node select_ln51_16)   --->   "%select_ln52_16 = select i1 %icmp_ln52_16, i15 32767, i15 %shl_ln52_15" [firmware/nnet_utils/nnet_activation_stream.h:52]   --->   Operation 154 'select' 'select_ln52_16' <Predicate = (icmp_ln51_16)> <Delay = 0.00> <CoreInst = "Sel">   --->   Core 73 'Sel' <Latency = 0> <II = 1> <Delay = 0.29> <FuncUnit> <Opcode : 'select'> <InPorts = 3> <OutPorts = 1>
ST_1 : Operation 155 [1/1] (0.29ns) (out node of the LUT)   --->   "%select_ln51_16 = select i1 %icmp_ln51_16, i15 %select_ln52_16, i15 0" [firmware/nnet_utils/nnet_activation_stream.h:51]   --->   Operation 155 'select' 'select_ln51_16' <Predicate = true> <Delay = 0.29> <CoreInst = "Sel">   --->   Core 73 'Sel' <Latency = 0> <II = 1> <Delay = 0.29> <FuncUnit> <Opcode : 'select'> <InPorts = 3> <OutPorts = 1>
ST_1 : Operation 156 [1/1] (0.78ns)   --->   "%icmp_ln51_17 = icmp_sgt  i16 %tmp_12, i16 0" [firmware/nnet_utils/nnet_activation_stream.h:51]   --->   Operation 156 'icmp' 'icmp_ln51_17' <Predicate = true> <Delay = 0.78> <CoreInst = "Cmp">   --->   Core 9 'Cmp' <Latency = 0> <II = 1> <Delay = 0.78> <FuncUnit> <Opcode : 'icmp'> <InPorts = 2> <OutPorts = 1>
ST_1 : Operation 157 [1/1] (0.00ns) (grouped into LUT with out node select_ln51_17)   --->   "%tmp_73 = partselect i10 @_ssdm_op_PartSelect.i10.i512.i32.i32, i512 %layer3_out_read, i32 272, i32 281" [firmware/nnet_utils/nnet_activation_stream.h:52]   --->   Operation 157 'partselect' 'tmp_73' <Predicate = (!icmp_ln52_17 & icmp_ln51_17)> <Delay = 0.00>
ST_1 : Operation 158 [1/1] (0.00ns) (grouped into LUT with out node select_ln51_17)   --->   "%shl_ln52_16 = bitconcatenate i15 @_ssdm_op_BitConcatenate.i15.i10.i5, i10 %tmp_73, i5 0" [firmware/nnet_utils/nnet_activation_stream.h:52]   --->   Operation 158 'bitconcatenate' 'shl_ln52_16' <Predicate = (!icmp_ln52_17 & icmp_ln51_17)> <Delay = 0.00>
ST_1 : Operation 159 [1/1] (0.00ns)   --->   "%tmp_44 = partselect i6 @_ssdm_op_PartSelect.i6.i512.i32.i32, i512 %layer3_out_read, i32 282, i32 287" [firmware/nnet_utils/nnet_activation_stream.h:52]   --->   Operation 159 'partselect' 'tmp_44' <Predicate = (icmp_ln51_17)> <Delay = 0.00>
ST_1 : Operation 160 [1/1] (0.70ns)   --->   "%icmp_ln52_17 = icmp_ne  i6 %tmp_44, i6 0" [firmware/nnet_utils/nnet_activation_stream.h:52]   --->   Operation 160 'icmp' 'icmp_ln52_17' <Predicate = (icmp_ln51_17)> <Delay = 0.70> <CoreInst = "Cmp">   --->   Core 9 'Cmp' <Latency = 0> <II = 1> <Delay = 0.70> <FuncUnit> <Opcode : 'icmp'> <InPorts = 2> <OutPorts = 1>
ST_1 : Operation 161 [1/1] (0.00ns) (grouped into LUT with out node select_ln51_17)   --->   "%select_ln52_17 = select i1 %icmp_ln52_17, i15 32767, i15 %shl_ln52_16" [firmware/nnet_utils/nnet_activation_stream.h:52]   --->   Operation 161 'select' 'select_ln52_17' <Predicate = (icmp_ln51_17)> <Delay = 0.00> <CoreInst = "Sel">   --->   Core 73 'Sel' <Latency = 0> <II = 1> <Delay = 0.29> <FuncUnit> <Opcode : 'select'> <InPorts = 3> <OutPorts = 1>
ST_1 : Operation 162 [1/1] (0.29ns) (out node of the LUT)   --->   "%select_ln51_17 = select i1 %icmp_ln51_17, i15 %select_ln52_17, i15 0" [firmware/nnet_utils/nnet_activation_stream.h:51]   --->   Operation 162 'select' 'select_ln51_17' <Predicate = true> <Delay = 0.29> <CoreInst = "Sel">   --->   Core 73 'Sel' <Latency = 0> <II = 1> <Delay = 0.29> <FuncUnit> <Opcode : 'select'> <InPorts = 3> <OutPorts = 1>
ST_1 : Operation 163 [1/1] (0.78ns)   --->   "%icmp_ln51_18 = icmp_sgt  i16 %tmp_13, i16 0" [firmware/nnet_utils/nnet_activation_stream.h:51]   --->   Operation 163 'icmp' 'icmp_ln51_18' <Predicate = true> <Delay = 0.78> <CoreInst = "Cmp">   --->   Core 9 'Cmp' <Latency = 0> <II = 1> <Delay = 0.78> <FuncUnit> <Opcode : 'icmp'> <InPorts = 2> <OutPorts = 1>
ST_1 : Operation 164 [1/1] (0.00ns) (grouped into LUT with out node select_ln51_18)   --->   "%tmp_74 = partselect i10 @_ssdm_op_PartSelect.i10.i512.i32.i32, i512 %layer3_out_read, i32 288, i32 297" [firmware/nnet_utils/nnet_activation_stream.h:52]   --->   Operation 164 'partselect' 'tmp_74' <Predicate = (!icmp_ln52_18 & icmp_ln51_18)> <Delay = 0.00>
ST_1 : Operation 165 [1/1] (0.00ns) (grouped into LUT with out node select_ln51_18)   --->   "%shl_ln52_17 = bitconcatenate i15 @_ssdm_op_BitConcatenate.i15.i10.i5, i10 %tmp_74, i5 0" [firmware/nnet_utils/nnet_activation_stream.h:52]   --->   Operation 165 'bitconcatenate' 'shl_ln52_17' <Predicate = (!icmp_ln52_18 & icmp_ln51_18)> <Delay = 0.00>
ST_1 : Operation 166 [1/1] (0.00ns)   --->   "%tmp_45 = partselect i6 @_ssdm_op_PartSelect.i6.i512.i32.i32, i512 %layer3_out_read, i32 298, i32 303" [firmware/nnet_utils/nnet_activation_stream.h:52]   --->   Operation 166 'partselect' 'tmp_45' <Predicate = (icmp_ln51_18)> <Delay = 0.00>
ST_1 : Operation 167 [1/1] (0.70ns)   --->   "%icmp_ln52_18 = icmp_ne  i6 %tmp_45, i6 0" [firmware/nnet_utils/nnet_activation_stream.h:52]   --->   Operation 167 'icmp' 'icmp_ln52_18' <Predicate = (icmp_ln51_18)> <Delay = 0.70> <CoreInst = "Cmp">   --->   Core 9 'Cmp' <Latency = 0> <II = 1> <Delay = 0.70> <FuncUnit> <Opcode : 'icmp'> <InPorts = 2> <OutPorts = 1>
ST_1 : Operation 168 [1/1] (0.00ns) (grouped into LUT with out node select_ln51_18)   --->   "%select_ln52_18 = select i1 %icmp_ln52_18, i15 32767, i15 %shl_ln52_17" [firmware/nnet_utils/nnet_activation_stream.h:52]   --->   Operation 168 'select' 'select_ln52_18' <Predicate = (icmp_ln51_18)> <Delay = 0.00> <CoreInst = "Sel">   --->   Core 73 'Sel' <Latency = 0> <II = 1> <Delay = 0.29> <FuncUnit> <Opcode : 'select'> <InPorts = 3> <OutPorts = 1>
ST_1 : Operation 169 [1/1] (0.29ns) (out node of the LUT)   --->   "%select_ln51_18 = select i1 %icmp_ln51_18, i15 %select_ln52_18, i15 0" [firmware/nnet_utils/nnet_activation_stream.h:51]   --->   Operation 169 'select' 'select_ln51_18' <Predicate = true> <Delay = 0.29> <CoreInst = "Sel">   --->   Core 73 'Sel' <Latency = 0> <II = 1> <Delay = 0.29> <FuncUnit> <Opcode : 'select'> <InPorts = 3> <OutPorts = 1>
ST_1 : Operation 170 [1/1] (0.78ns)   --->   "%icmp_ln51_19 = icmp_sgt  i16 %tmp_14, i16 0" [firmware/nnet_utils/nnet_activation_stream.h:51]   --->   Operation 170 'icmp' 'icmp_ln51_19' <Predicate = true> <Delay = 0.78> <CoreInst = "Cmp">   --->   Core 9 'Cmp' <Latency = 0> <II = 1> <Delay = 0.78> <FuncUnit> <Opcode : 'icmp'> <InPorts = 2> <OutPorts = 1>
ST_1 : Operation 171 [1/1] (0.00ns) (grouped into LUT with out node select_ln51_19)   --->   "%tmp_75 = partselect i10 @_ssdm_op_PartSelect.i10.i512.i32.i32, i512 %layer3_out_read, i32 304, i32 313" [firmware/nnet_utils/nnet_activation_stream.h:52]   --->   Operation 171 'partselect' 'tmp_75' <Predicate = (!icmp_ln52_19 & icmp_ln51_19)> <Delay = 0.00>
ST_1 : Operation 172 [1/1] (0.00ns) (grouped into LUT with out node select_ln51_19)   --->   "%shl_ln52_18 = bitconcatenate i15 @_ssdm_op_BitConcatenate.i15.i10.i5, i10 %tmp_75, i5 0" [firmware/nnet_utils/nnet_activation_stream.h:52]   --->   Operation 172 'bitconcatenate' 'shl_ln52_18' <Predicate = (!icmp_ln52_19 & icmp_ln51_19)> <Delay = 0.00>
ST_1 : Operation 173 [1/1] (0.00ns)   --->   "%tmp_46 = partselect i6 @_ssdm_op_PartSelect.i6.i512.i32.i32, i512 %layer3_out_read, i32 314, i32 319" [firmware/nnet_utils/nnet_activation_stream.h:52]   --->   Operation 173 'partselect' 'tmp_46' <Predicate = (icmp_ln51_19)> <Delay = 0.00>
ST_1 : Operation 174 [1/1] (0.70ns)   --->   "%icmp_ln52_19 = icmp_ne  i6 %tmp_46, i6 0" [firmware/nnet_utils/nnet_activation_stream.h:52]   --->   Operation 174 'icmp' 'icmp_ln52_19' <Predicate = (icmp_ln51_19)> <Delay = 0.70> <CoreInst = "Cmp">   --->   Core 9 'Cmp' <Latency = 0> <II = 1> <Delay = 0.70> <FuncUnit> <Opcode : 'icmp'> <InPorts = 2> <OutPorts = 1>
ST_1 : Operation 175 [1/1] (0.00ns) (grouped into LUT with out node select_ln51_19)   --->   "%select_ln52_19 = select i1 %icmp_ln52_19, i15 32767, i15 %shl_ln52_18" [firmware/nnet_utils/nnet_activation_stream.h:52]   --->   Operation 175 'select' 'select_ln52_19' <Predicate = (icmp_ln51_19)> <Delay = 0.00> <CoreInst = "Sel">   --->   Core 73 'Sel' <Latency = 0> <II = 1> <Delay = 0.29> <FuncUnit> <Opcode : 'select'> <InPorts = 3> <OutPorts = 1>
ST_1 : Operation 176 [1/1] (0.29ns) (out node of the LUT)   --->   "%select_ln51_19 = select i1 %icmp_ln51_19, i15 %select_ln52_19, i15 0" [firmware/nnet_utils/nnet_activation_stream.h:51]   --->   Operation 176 'select' 'select_ln51_19' <Predicate = true> <Delay = 0.29> <CoreInst = "Sel">   --->   Core 73 'Sel' <Latency = 0> <II = 1> <Delay = 0.29> <FuncUnit> <Opcode : 'select'> <InPorts = 3> <OutPorts = 1>
ST_1 : Operation 177 [1/1] (0.78ns)   --->   "%icmp_ln51_20 = icmp_sgt  i16 %tmp_15, i16 0" [firmware/nnet_utils/nnet_activation_stream.h:51]   --->   Operation 177 'icmp' 'icmp_ln51_20' <Predicate = true> <Delay = 0.78> <CoreInst = "Cmp">   --->   Core 9 'Cmp' <Latency = 0> <II = 1> <Delay = 0.78> <FuncUnit> <Opcode : 'icmp'> <InPorts = 2> <OutPorts = 1>
ST_1 : Operation 178 [1/1] (0.00ns) (grouped into LUT with out node select_ln51_20)   --->   "%tmp_76 = partselect i10 @_ssdm_op_PartSelect.i10.i512.i32.i32, i512 %layer3_out_read, i32 320, i32 329" [firmware/nnet_utils/nnet_activation_stream.h:52]   --->   Operation 178 'partselect' 'tmp_76' <Predicate = (!icmp_ln52_20 & icmp_ln51_20)> <Delay = 0.00>
ST_1 : Operation 179 [1/1] (0.00ns) (grouped into LUT with out node select_ln51_20)   --->   "%shl_ln52_19 = bitconcatenate i15 @_ssdm_op_BitConcatenate.i15.i10.i5, i10 %tmp_76, i5 0" [firmware/nnet_utils/nnet_activation_stream.h:52]   --->   Operation 179 'bitconcatenate' 'shl_ln52_19' <Predicate = (!icmp_ln52_20 & icmp_ln51_20)> <Delay = 0.00>
ST_1 : Operation 180 [1/1] (0.00ns)   --->   "%tmp_47 = partselect i6 @_ssdm_op_PartSelect.i6.i512.i32.i32, i512 %layer3_out_read, i32 330, i32 335" [firmware/nnet_utils/nnet_activation_stream.h:52]   --->   Operation 180 'partselect' 'tmp_47' <Predicate = (icmp_ln51_20)> <Delay = 0.00>
ST_1 : Operation 181 [1/1] (0.70ns)   --->   "%icmp_ln52_20 = icmp_ne  i6 %tmp_47, i6 0" [firmware/nnet_utils/nnet_activation_stream.h:52]   --->   Operation 181 'icmp' 'icmp_ln52_20' <Predicate = (icmp_ln51_20)> <Delay = 0.70> <CoreInst = "Cmp">   --->   Core 9 'Cmp' <Latency = 0> <II = 1> <Delay = 0.70> <FuncUnit> <Opcode : 'icmp'> <InPorts = 2> <OutPorts = 1>
ST_1 : Operation 182 [1/1] (0.00ns) (grouped into LUT with out node select_ln51_20)   --->   "%select_ln52_20 = select i1 %icmp_ln52_20, i15 32767, i15 %shl_ln52_19" [firmware/nnet_utils/nnet_activation_stream.h:52]   --->   Operation 182 'select' 'select_ln52_20' <Predicate = (icmp_ln51_20)> <Delay = 0.00> <CoreInst = "Sel">   --->   Core 73 'Sel' <Latency = 0> <II = 1> <Delay = 0.29> <FuncUnit> <Opcode : 'select'> <InPorts = 3> <OutPorts = 1>
ST_1 : Operation 183 [1/1] (0.29ns) (out node of the LUT)   --->   "%select_ln51_20 = select i1 %icmp_ln51_20, i15 %select_ln52_20, i15 0" [firmware/nnet_utils/nnet_activation_stream.h:51]   --->   Operation 183 'select' 'select_ln51_20' <Predicate = true> <Delay = 0.29> <CoreInst = "Sel">   --->   Core 73 'Sel' <Latency = 0> <II = 1> <Delay = 0.29> <FuncUnit> <Opcode : 'select'> <InPorts = 3> <OutPorts = 1>
ST_1 : Operation 184 [1/1] (0.78ns)   --->   "%icmp_ln51_21 = icmp_sgt  i16 %tmp_16, i16 0" [firmware/nnet_utils/nnet_activation_stream.h:51]   --->   Operation 184 'icmp' 'icmp_ln51_21' <Predicate = true> <Delay = 0.78> <CoreInst = "Cmp">   --->   Core 9 'Cmp' <Latency = 0> <II = 1> <Delay = 0.78> <FuncUnit> <Opcode : 'icmp'> <InPorts = 2> <OutPorts = 1>
ST_1 : Operation 185 [1/1] (0.00ns) (grouped into LUT with out node select_ln51_21)   --->   "%tmp_77 = partselect i10 @_ssdm_op_PartSelect.i10.i512.i32.i32, i512 %layer3_out_read, i32 336, i32 345" [firmware/nnet_utils/nnet_activation_stream.h:52]   --->   Operation 185 'partselect' 'tmp_77' <Predicate = (!icmp_ln52_21 & icmp_ln51_21)> <Delay = 0.00>
ST_1 : Operation 186 [1/1] (0.00ns) (grouped into LUT with out node select_ln51_21)   --->   "%shl_ln52_20 = bitconcatenate i15 @_ssdm_op_BitConcatenate.i15.i10.i5, i10 %tmp_77, i5 0" [firmware/nnet_utils/nnet_activation_stream.h:52]   --->   Operation 186 'bitconcatenate' 'shl_ln52_20' <Predicate = (!icmp_ln52_21 & icmp_ln51_21)> <Delay = 0.00>
ST_1 : Operation 187 [1/1] (0.00ns)   --->   "%tmp_48 = partselect i6 @_ssdm_op_PartSelect.i6.i512.i32.i32, i512 %layer3_out_read, i32 346, i32 351" [firmware/nnet_utils/nnet_activation_stream.h:52]   --->   Operation 187 'partselect' 'tmp_48' <Predicate = (icmp_ln51_21)> <Delay = 0.00>
ST_1 : Operation 188 [1/1] (0.70ns)   --->   "%icmp_ln52_21 = icmp_ne  i6 %tmp_48, i6 0" [firmware/nnet_utils/nnet_activation_stream.h:52]   --->   Operation 188 'icmp' 'icmp_ln52_21' <Predicate = (icmp_ln51_21)> <Delay = 0.70> <CoreInst = "Cmp">   --->   Core 9 'Cmp' <Latency = 0> <II = 1> <Delay = 0.70> <FuncUnit> <Opcode : 'icmp'> <InPorts = 2> <OutPorts = 1>
ST_1 : Operation 189 [1/1] (0.00ns) (grouped into LUT with out node select_ln51_21)   --->   "%select_ln52_21 = select i1 %icmp_ln52_21, i15 32767, i15 %shl_ln52_20" [firmware/nnet_utils/nnet_activation_stream.h:52]   --->   Operation 189 'select' 'select_ln52_21' <Predicate = (icmp_ln51_21)> <Delay = 0.00> <CoreInst = "Sel">   --->   Core 73 'Sel' <Latency = 0> <II = 1> <Delay = 0.29> <FuncUnit> <Opcode : 'select'> <InPorts = 3> <OutPorts = 1>
ST_1 : Operation 190 [1/1] (0.29ns) (out node of the LUT)   --->   "%select_ln51_21 = select i1 %icmp_ln51_21, i15 %select_ln52_21, i15 0" [firmware/nnet_utils/nnet_activation_stream.h:51]   --->   Operation 190 'select' 'select_ln51_21' <Predicate = true> <Delay = 0.29> <CoreInst = "Sel">   --->   Core 73 'Sel' <Latency = 0> <II = 1> <Delay = 0.29> <FuncUnit> <Opcode : 'select'> <InPorts = 3> <OutPorts = 1>
ST_1 : Operation 191 [1/1] (0.78ns)   --->   "%icmp_ln51_22 = icmp_sgt  i16 %tmp_17, i16 0" [firmware/nnet_utils/nnet_activation_stream.h:51]   --->   Operation 191 'icmp' 'icmp_ln51_22' <Predicate = true> <Delay = 0.78> <CoreInst = "Cmp">   --->   Core 9 'Cmp' <Latency = 0> <II = 1> <Delay = 0.78> <FuncUnit> <Opcode : 'icmp'> <InPorts = 2> <OutPorts = 1>
ST_1 : Operation 192 [1/1] (0.00ns) (grouped into LUT with out node select_ln51_22)   --->   "%tmp_78 = partselect i10 @_ssdm_op_PartSelect.i10.i512.i32.i32, i512 %layer3_out_read, i32 352, i32 361" [firmware/nnet_utils/nnet_activation_stream.h:52]   --->   Operation 192 'partselect' 'tmp_78' <Predicate = (!icmp_ln52_22 & icmp_ln51_22)> <Delay = 0.00>
ST_1 : Operation 193 [1/1] (0.00ns) (grouped into LUT with out node select_ln51_22)   --->   "%shl_ln52_21 = bitconcatenate i15 @_ssdm_op_BitConcatenate.i15.i10.i5, i10 %tmp_78, i5 0" [firmware/nnet_utils/nnet_activation_stream.h:52]   --->   Operation 193 'bitconcatenate' 'shl_ln52_21' <Predicate = (!icmp_ln52_22 & icmp_ln51_22)> <Delay = 0.00>
ST_1 : Operation 194 [1/1] (0.00ns)   --->   "%tmp_49 = partselect i6 @_ssdm_op_PartSelect.i6.i512.i32.i32, i512 %layer3_out_read, i32 362, i32 367" [firmware/nnet_utils/nnet_activation_stream.h:52]   --->   Operation 194 'partselect' 'tmp_49' <Predicate = (icmp_ln51_22)> <Delay = 0.00>
ST_1 : Operation 195 [1/1] (0.70ns)   --->   "%icmp_ln52_22 = icmp_ne  i6 %tmp_49, i6 0" [firmware/nnet_utils/nnet_activation_stream.h:52]   --->   Operation 195 'icmp' 'icmp_ln52_22' <Predicate = (icmp_ln51_22)> <Delay = 0.70> <CoreInst = "Cmp">   --->   Core 9 'Cmp' <Latency = 0> <II = 1> <Delay = 0.70> <FuncUnit> <Opcode : 'icmp'> <InPorts = 2> <OutPorts = 1>
ST_1 : Operation 196 [1/1] (0.00ns) (grouped into LUT with out node select_ln51_22)   --->   "%select_ln52_22 = select i1 %icmp_ln52_22, i15 32767, i15 %shl_ln52_21" [firmware/nnet_utils/nnet_activation_stream.h:52]   --->   Operation 196 'select' 'select_ln52_22' <Predicate = (icmp_ln51_22)> <Delay = 0.00> <CoreInst = "Sel">   --->   Core 73 'Sel' <Latency = 0> <II = 1> <Delay = 0.29> <FuncUnit> <Opcode : 'select'> <InPorts = 3> <OutPorts = 1>
ST_1 : Operation 197 [1/1] (0.29ns) (out node of the LUT)   --->   "%select_ln51_22 = select i1 %icmp_ln51_22, i15 %select_ln52_22, i15 0" [firmware/nnet_utils/nnet_activation_stream.h:51]   --->   Operation 197 'select' 'select_ln51_22' <Predicate = true> <Delay = 0.29> <CoreInst = "Sel">   --->   Core 73 'Sel' <Latency = 0> <II = 1> <Delay = 0.29> <FuncUnit> <Opcode : 'select'> <InPorts = 3> <OutPorts = 1>
ST_1 : Operation 198 [1/1] (0.78ns)   --->   "%icmp_ln51_23 = icmp_sgt  i16 %tmp_18, i16 0" [firmware/nnet_utils/nnet_activation_stream.h:51]   --->   Operation 198 'icmp' 'icmp_ln51_23' <Predicate = true> <Delay = 0.78> <CoreInst = "Cmp">   --->   Core 9 'Cmp' <Latency = 0> <II = 1> <Delay = 0.78> <FuncUnit> <Opcode : 'icmp'> <InPorts = 2> <OutPorts = 1>
ST_1 : Operation 199 [1/1] (0.00ns) (grouped into LUT with out node select_ln51_23)   --->   "%tmp_79 = partselect i10 @_ssdm_op_PartSelect.i10.i512.i32.i32, i512 %layer3_out_read, i32 368, i32 377" [firmware/nnet_utils/nnet_activation_stream.h:52]   --->   Operation 199 'partselect' 'tmp_79' <Predicate = (!icmp_ln52_23 & icmp_ln51_23)> <Delay = 0.00>
ST_1 : Operation 200 [1/1] (0.00ns) (grouped into LUT with out node select_ln51_23)   --->   "%shl_ln52_22 = bitconcatenate i15 @_ssdm_op_BitConcatenate.i15.i10.i5, i10 %tmp_79, i5 0" [firmware/nnet_utils/nnet_activation_stream.h:52]   --->   Operation 200 'bitconcatenate' 'shl_ln52_22' <Predicate = (!icmp_ln52_23 & icmp_ln51_23)> <Delay = 0.00>
ST_1 : Operation 201 [1/1] (0.00ns)   --->   "%tmp_50 = partselect i6 @_ssdm_op_PartSelect.i6.i512.i32.i32, i512 %layer3_out_read, i32 378, i32 383" [firmware/nnet_utils/nnet_activation_stream.h:52]   --->   Operation 201 'partselect' 'tmp_50' <Predicate = (icmp_ln51_23)> <Delay = 0.00>
ST_1 : Operation 202 [1/1] (0.70ns)   --->   "%icmp_ln52_23 = icmp_ne  i6 %tmp_50, i6 0" [firmware/nnet_utils/nnet_activation_stream.h:52]   --->   Operation 202 'icmp' 'icmp_ln52_23' <Predicate = (icmp_ln51_23)> <Delay = 0.70> <CoreInst = "Cmp">   --->   Core 9 'Cmp' <Latency = 0> <II = 1> <Delay = 0.70> <FuncUnit> <Opcode : 'icmp'> <InPorts = 2> <OutPorts = 1>
ST_1 : Operation 203 [1/1] (0.00ns) (grouped into LUT with out node select_ln51_23)   --->   "%select_ln52_23 = select i1 %icmp_ln52_23, i15 32767, i15 %shl_ln52_22" [firmware/nnet_utils/nnet_activation_stream.h:52]   --->   Operation 203 'select' 'select_ln52_23' <Predicate = (icmp_ln51_23)> <Delay = 0.00> <CoreInst = "Sel">   --->   Core 73 'Sel' <Latency = 0> <II = 1> <Delay = 0.29> <FuncUnit> <Opcode : 'select'> <InPorts = 3> <OutPorts = 1>
ST_1 : Operation 204 [1/1] (0.29ns) (out node of the LUT)   --->   "%select_ln51_23 = select i1 %icmp_ln51_23, i15 %select_ln52_23, i15 0" [firmware/nnet_utils/nnet_activation_stream.h:51]   --->   Operation 204 'select' 'select_ln51_23' <Predicate = true> <Delay = 0.29> <CoreInst = "Sel">   --->   Core 73 'Sel' <Latency = 0> <II = 1> <Delay = 0.29> <FuncUnit> <Opcode : 'select'> <InPorts = 3> <OutPorts = 1>
ST_1 : Operation 205 [1/1] (0.78ns)   --->   "%icmp_ln51_24 = icmp_sgt  i16 %tmp_19, i16 0" [firmware/nnet_utils/nnet_activation_stream.h:51]   --->   Operation 205 'icmp' 'icmp_ln51_24' <Predicate = true> <Delay = 0.78> <CoreInst = "Cmp">   --->   Core 9 'Cmp' <Latency = 0> <II = 1> <Delay = 0.78> <FuncUnit> <Opcode : 'icmp'> <InPorts = 2> <OutPorts = 1>
ST_1 : Operation 206 [1/1] (0.00ns) (grouped into LUT with out node select_ln51_24)   --->   "%tmp_80 = partselect i10 @_ssdm_op_PartSelect.i10.i512.i32.i32, i512 %layer3_out_read, i32 384, i32 393" [firmware/nnet_utils/nnet_activation_stream.h:52]   --->   Operation 206 'partselect' 'tmp_80' <Predicate = (!icmp_ln52_24 & icmp_ln51_24)> <Delay = 0.00>
ST_1 : Operation 207 [1/1] (0.00ns) (grouped into LUT with out node select_ln51_24)   --->   "%shl_ln52_23 = bitconcatenate i15 @_ssdm_op_BitConcatenate.i15.i10.i5, i10 %tmp_80, i5 0" [firmware/nnet_utils/nnet_activation_stream.h:52]   --->   Operation 207 'bitconcatenate' 'shl_ln52_23' <Predicate = (!icmp_ln52_24 & icmp_ln51_24)> <Delay = 0.00>
ST_1 : Operation 208 [1/1] (0.00ns)   --->   "%tmp_51 = partselect i6 @_ssdm_op_PartSelect.i6.i512.i32.i32, i512 %layer3_out_read, i32 394, i32 399" [firmware/nnet_utils/nnet_activation_stream.h:52]   --->   Operation 208 'partselect' 'tmp_51' <Predicate = (icmp_ln51_24)> <Delay = 0.00>
ST_1 : Operation 209 [1/1] (0.70ns)   --->   "%icmp_ln52_24 = icmp_ne  i6 %tmp_51, i6 0" [firmware/nnet_utils/nnet_activation_stream.h:52]   --->   Operation 209 'icmp' 'icmp_ln52_24' <Predicate = (icmp_ln51_24)> <Delay = 0.70> <CoreInst = "Cmp">   --->   Core 9 'Cmp' <Latency = 0> <II = 1> <Delay = 0.70> <FuncUnit> <Opcode : 'icmp'> <InPorts = 2> <OutPorts = 1>
ST_1 : Operation 210 [1/1] (0.00ns) (grouped into LUT with out node select_ln51_24)   --->   "%select_ln52_24 = select i1 %icmp_ln52_24, i15 32767, i15 %shl_ln52_23" [firmware/nnet_utils/nnet_activation_stream.h:52]   --->   Operation 210 'select' 'select_ln52_24' <Predicate = (icmp_ln51_24)> <Delay = 0.00> <CoreInst = "Sel">   --->   Core 73 'Sel' <Latency = 0> <II = 1> <Delay = 0.29> <FuncUnit> <Opcode : 'select'> <InPorts = 3> <OutPorts = 1>
ST_1 : Operation 211 [1/1] (0.29ns) (out node of the LUT)   --->   "%select_ln51_24 = select i1 %icmp_ln51_24, i15 %select_ln52_24, i15 0" [firmware/nnet_utils/nnet_activation_stream.h:51]   --->   Operation 211 'select' 'select_ln51_24' <Predicate = true> <Delay = 0.29> <CoreInst = "Sel">   --->   Core 73 'Sel' <Latency = 0> <II = 1> <Delay = 0.29> <FuncUnit> <Opcode : 'select'> <InPorts = 3> <OutPorts = 1>
ST_1 : Operation 212 [1/1] (0.78ns)   --->   "%icmp_ln51_25 = icmp_sgt  i16 %tmp_20, i16 0" [firmware/nnet_utils/nnet_activation_stream.h:51]   --->   Operation 212 'icmp' 'icmp_ln51_25' <Predicate = true> <Delay = 0.78> <CoreInst = "Cmp">   --->   Core 9 'Cmp' <Latency = 0> <II = 1> <Delay = 0.78> <FuncUnit> <Opcode : 'icmp'> <InPorts = 2> <OutPorts = 1>
ST_1 : Operation 213 [1/1] (0.00ns) (grouped into LUT with out node select_ln51_25)   --->   "%tmp_81 = partselect i10 @_ssdm_op_PartSelect.i10.i512.i32.i32, i512 %layer3_out_read, i32 400, i32 409" [firmware/nnet_utils/nnet_activation_stream.h:52]   --->   Operation 213 'partselect' 'tmp_81' <Predicate = (!icmp_ln52_25 & icmp_ln51_25)> <Delay = 0.00>
ST_1 : Operation 214 [1/1] (0.00ns) (grouped into LUT with out node select_ln51_25)   --->   "%shl_ln52_24 = bitconcatenate i15 @_ssdm_op_BitConcatenate.i15.i10.i5, i10 %tmp_81, i5 0" [firmware/nnet_utils/nnet_activation_stream.h:52]   --->   Operation 214 'bitconcatenate' 'shl_ln52_24' <Predicate = (!icmp_ln52_25 & icmp_ln51_25)> <Delay = 0.00>
ST_1 : Operation 215 [1/1] (0.00ns)   --->   "%tmp_52 = partselect i6 @_ssdm_op_PartSelect.i6.i512.i32.i32, i512 %layer3_out_read, i32 410, i32 415" [firmware/nnet_utils/nnet_activation_stream.h:52]   --->   Operation 215 'partselect' 'tmp_52' <Predicate = (icmp_ln51_25)> <Delay = 0.00>
ST_1 : Operation 216 [1/1] (0.70ns)   --->   "%icmp_ln52_25 = icmp_ne  i6 %tmp_52, i6 0" [firmware/nnet_utils/nnet_activation_stream.h:52]   --->   Operation 216 'icmp' 'icmp_ln52_25' <Predicate = (icmp_ln51_25)> <Delay = 0.70> <CoreInst = "Cmp">   --->   Core 9 'Cmp' <Latency = 0> <II = 1> <Delay = 0.70> <FuncUnit> <Opcode : 'icmp'> <InPorts = 2> <OutPorts = 1>
ST_1 : Operation 217 [1/1] (0.00ns) (grouped into LUT with out node select_ln51_25)   --->   "%select_ln52_25 = select i1 %icmp_ln52_25, i15 32767, i15 %shl_ln52_24" [firmware/nnet_utils/nnet_activation_stream.h:52]   --->   Operation 217 'select' 'select_ln52_25' <Predicate = (icmp_ln51_25)> <Delay = 0.00> <CoreInst = "Sel">   --->   Core 73 'Sel' <Latency = 0> <II = 1> <Delay = 0.29> <FuncUnit> <Opcode : 'select'> <InPorts = 3> <OutPorts = 1>
ST_1 : Operation 218 [1/1] (0.29ns) (out node of the LUT)   --->   "%select_ln51_25 = select i1 %icmp_ln51_25, i15 %select_ln52_25, i15 0" [firmware/nnet_utils/nnet_activation_stream.h:51]   --->   Operation 218 'select' 'select_ln51_25' <Predicate = true> <Delay = 0.29> <CoreInst = "Sel">   --->   Core 73 'Sel' <Latency = 0> <II = 1> <Delay = 0.29> <FuncUnit> <Opcode : 'select'> <InPorts = 3> <OutPorts = 1>
ST_1 : Operation 219 [1/1] (0.78ns)   --->   "%icmp_ln51_26 = icmp_sgt  i16 %tmp_21, i16 0" [firmware/nnet_utils/nnet_activation_stream.h:51]   --->   Operation 219 'icmp' 'icmp_ln51_26' <Predicate = true> <Delay = 0.78> <CoreInst = "Cmp">   --->   Core 9 'Cmp' <Latency = 0> <II = 1> <Delay = 0.78> <FuncUnit> <Opcode : 'icmp'> <InPorts = 2> <OutPorts = 1>
ST_1 : Operation 220 [1/1] (0.00ns) (grouped into LUT with out node select_ln51_26)   --->   "%tmp_82 = partselect i10 @_ssdm_op_PartSelect.i10.i512.i32.i32, i512 %layer3_out_read, i32 416, i32 425" [firmware/nnet_utils/nnet_activation_stream.h:52]   --->   Operation 220 'partselect' 'tmp_82' <Predicate = (!icmp_ln52_26 & icmp_ln51_26)> <Delay = 0.00>
ST_1 : Operation 221 [1/1] (0.00ns) (grouped into LUT with out node select_ln51_26)   --->   "%shl_ln52_25 = bitconcatenate i15 @_ssdm_op_BitConcatenate.i15.i10.i5, i10 %tmp_82, i5 0" [firmware/nnet_utils/nnet_activation_stream.h:52]   --->   Operation 221 'bitconcatenate' 'shl_ln52_25' <Predicate = (!icmp_ln52_26 & icmp_ln51_26)> <Delay = 0.00>
ST_1 : Operation 222 [1/1] (0.00ns)   --->   "%tmp_53 = partselect i6 @_ssdm_op_PartSelect.i6.i512.i32.i32, i512 %layer3_out_read, i32 426, i32 431" [firmware/nnet_utils/nnet_activation_stream.h:52]   --->   Operation 222 'partselect' 'tmp_53' <Predicate = (icmp_ln51_26)> <Delay = 0.00>
ST_1 : Operation 223 [1/1] (0.70ns)   --->   "%icmp_ln52_26 = icmp_ne  i6 %tmp_53, i6 0" [firmware/nnet_utils/nnet_activation_stream.h:52]   --->   Operation 223 'icmp' 'icmp_ln52_26' <Predicate = (icmp_ln51_26)> <Delay = 0.70> <CoreInst = "Cmp">   --->   Core 9 'Cmp' <Latency = 0> <II = 1> <Delay = 0.70> <FuncUnit> <Opcode : 'icmp'> <InPorts = 2> <OutPorts = 1>
ST_1 : Operation 224 [1/1] (0.00ns) (grouped into LUT with out node select_ln51_26)   --->   "%select_ln52_26 = select i1 %icmp_ln52_26, i15 32767, i15 %shl_ln52_25" [firmware/nnet_utils/nnet_activation_stream.h:52]   --->   Operation 224 'select' 'select_ln52_26' <Predicate = (icmp_ln51_26)> <Delay = 0.00> <CoreInst = "Sel">   --->   Core 73 'Sel' <Latency = 0> <II = 1> <Delay = 0.29> <FuncUnit> <Opcode : 'select'> <InPorts = 3> <OutPorts = 1>
ST_1 : Operation 225 [1/1] (0.29ns) (out node of the LUT)   --->   "%select_ln51_26 = select i1 %icmp_ln51_26, i15 %select_ln52_26, i15 0" [firmware/nnet_utils/nnet_activation_stream.h:51]   --->   Operation 225 'select' 'select_ln51_26' <Predicate = true> <Delay = 0.29> <CoreInst = "Sel">   --->   Core 73 'Sel' <Latency = 0> <II = 1> <Delay = 0.29> <FuncUnit> <Opcode : 'select'> <InPorts = 3> <OutPorts = 1>
ST_1 : Operation 226 [1/1] (0.78ns)   --->   "%icmp_ln51_27 = icmp_sgt  i16 %tmp_22, i16 0" [firmware/nnet_utils/nnet_activation_stream.h:51]   --->   Operation 226 'icmp' 'icmp_ln51_27' <Predicate = true> <Delay = 0.78> <CoreInst = "Cmp">   --->   Core 9 'Cmp' <Latency = 0> <II = 1> <Delay = 0.78> <FuncUnit> <Opcode : 'icmp'> <InPorts = 2> <OutPorts = 1>
ST_1 : Operation 227 [1/1] (0.00ns) (grouped into LUT with out node select_ln51_27)   --->   "%tmp_83 = partselect i10 @_ssdm_op_PartSelect.i10.i512.i32.i32, i512 %layer3_out_read, i32 432, i32 441" [firmware/nnet_utils/nnet_activation_stream.h:52]   --->   Operation 227 'partselect' 'tmp_83' <Predicate = (!icmp_ln52_27 & icmp_ln51_27)> <Delay = 0.00>
ST_1 : Operation 228 [1/1] (0.00ns) (grouped into LUT with out node select_ln51_27)   --->   "%shl_ln52_26 = bitconcatenate i15 @_ssdm_op_BitConcatenate.i15.i10.i5, i10 %tmp_83, i5 0" [firmware/nnet_utils/nnet_activation_stream.h:52]   --->   Operation 228 'bitconcatenate' 'shl_ln52_26' <Predicate = (!icmp_ln52_27 & icmp_ln51_27)> <Delay = 0.00>
ST_1 : Operation 229 [1/1] (0.00ns)   --->   "%tmp_54 = partselect i6 @_ssdm_op_PartSelect.i6.i512.i32.i32, i512 %layer3_out_read, i32 442, i32 447" [firmware/nnet_utils/nnet_activation_stream.h:52]   --->   Operation 229 'partselect' 'tmp_54' <Predicate = (icmp_ln51_27)> <Delay = 0.00>
ST_1 : Operation 230 [1/1] (0.70ns)   --->   "%icmp_ln52_27 = icmp_ne  i6 %tmp_54, i6 0" [firmware/nnet_utils/nnet_activation_stream.h:52]   --->   Operation 230 'icmp' 'icmp_ln52_27' <Predicate = (icmp_ln51_27)> <Delay = 0.70> <CoreInst = "Cmp">   --->   Core 9 'Cmp' <Latency = 0> <II = 1> <Delay = 0.70> <FuncUnit> <Opcode : 'icmp'> <InPorts = 2> <OutPorts = 1>
ST_1 : Operation 231 [1/1] (0.00ns) (grouped into LUT with out node select_ln51_27)   --->   "%select_ln52_27 = select i1 %icmp_ln52_27, i15 32767, i15 %shl_ln52_26" [firmware/nnet_utils/nnet_activation_stream.h:52]   --->   Operation 231 'select' 'select_ln52_27' <Predicate = (icmp_ln51_27)> <Delay = 0.00> <CoreInst = "Sel">   --->   Core 73 'Sel' <Latency = 0> <II = 1> <Delay = 0.29> <FuncUnit> <Opcode : 'select'> <InPorts = 3> <OutPorts = 1>
ST_1 : Operation 232 [1/1] (0.29ns) (out node of the LUT)   --->   "%select_ln51_27 = select i1 %icmp_ln51_27, i15 %select_ln52_27, i15 0" [firmware/nnet_utils/nnet_activation_stream.h:51]   --->   Operation 232 'select' 'select_ln51_27' <Predicate = true> <Delay = 0.29> <CoreInst = "Sel">   --->   Core 73 'Sel' <Latency = 0> <II = 1> <Delay = 0.29> <FuncUnit> <Opcode : 'select'> <InPorts = 3> <OutPorts = 1>
ST_1 : Operation 233 [1/1] (0.78ns)   --->   "%icmp_ln51_28 = icmp_sgt  i16 %tmp_23, i16 0" [firmware/nnet_utils/nnet_activation_stream.h:51]   --->   Operation 233 'icmp' 'icmp_ln51_28' <Predicate = true> <Delay = 0.78> <CoreInst = "Cmp">   --->   Core 9 'Cmp' <Latency = 0> <II = 1> <Delay = 0.78> <FuncUnit> <Opcode : 'icmp'> <InPorts = 2> <OutPorts = 1>
ST_1 : Operation 234 [1/1] (0.00ns) (grouped into LUT with out node select_ln51_28)   --->   "%tmp_84 = partselect i10 @_ssdm_op_PartSelect.i10.i512.i32.i32, i512 %layer3_out_read, i32 448, i32 457" [firmware/nnet_utils/nnet_activation_stream.h:52]   --->   Operation 234 'partselect' 'tmp_84' <Predicate = (!icmp_ln52_28 & icmp_ln51_28)> <Delay = 0.00>
ST_1 : Operation 235 [1/1] (0.00ns) (grouped into LUT with out node select_ln51_28)   --->   "%shl_ln52_27 = bitconcatenate i15 @_ssdm_op_BitConcatenate.i15.i10.i5, i10 %tmp_84, i5 0" [firmware/nnet_utils/nnet_activation_stream.h:52]   --->   Operation 235 'bitconcatenate' 'shl_ln52_27' <Predicate = (!icmp_ln52_28 & icmp_ln51_28)> <Delay = 0.00>
ST_1 : Operation 236 [1/1] (0.00ns)   --->   "%tmp_55 = partselect i6 @_ssdm_op_PartSelect.i6.i512.i32.i32, i512 %layer3_out_read, i32 458, i32 463" [firmware/nnet_utils/nnet_activation_stream.h:52]   --->   Operation 236 'partselect' 'tmp_55' <Predicate = (icmp_ln51_28)> <Delay = 0.00>
ST_1 : Operation 237 [1/1] (0.70ns)   --->   "%icmp_ln52_28 = icmp_ne  i6 %tmp_55, i6 0" [firmware/nnet_utils/nnet_activation_stream.h:52]   --->   Operation 237 'icmp' 'icmp_ln52_28' <Predicate = (icmp_ln51_28)> <Delay = 0.70> <CoreInst = "Cmp">   --->   Core 9 'Cmp' <Latency = 0> <II = 1> <Delay = 0.70> <FuncUnit> <Opcode : 'icmp'> <InPorts = 2> <OutPorts = 1>
ST_1 : Operation 238 [1/1] (0.00ns) (grouped into LUT with out node select_ln51_28)   --->   "%select_ln52_28 = select i1 %icmp_ln52_28, i15 32767, i15 %shl_ln52_27" [firmware/nnet_utils/nnet_activation_stream.h:52]   --->   Operation 238 'select' 'select_ln52_28' <Predicate = (icmp_ln51_28)> <Delay = 0.00> <CoreInst = "Sel">   --->   Core 73 'Sel' <Latency = 0> <II = 1> <Delay = 0.29> <FuncUnit> <Opcode : 'select'> <InPorts = 3> <OutPorts = 1>
ST_1 : Operation 239 [1/1] (0.29ns) (out node of the LUT)   --->   "%select_ln51_28 = select i1 %icmp_ln51_28, i15 %select_ln52_28, i15 0" [firmware/nnet_utils/nnet_activation_stream.h:51]   --->   Operation 239 'select' 'select_ln51_28' <Predicate = true> <Delay = 0.29> <CoreInst = "Sel">   --->   Core 73 'Sel' <Latency = 0> <II = 1> <Delay = 0.29> <FuncUnit> <Opcode : 'select'> <InPorts = 3> <OutPorts = 1>
ST_1 : Operation 240 [1/1] (0.78ns)   --->   "%icmp_ln51_29 = icmp_sgt  i16 %tmp_24, i16 0" [firmware/nnet_utils/nnet_activation_stream.h:51]   --->   Operation 240 'icmp' 'icmp_ln51_29' <Predicate = true> <Delay = 0.78> <CoreInst = "Cmp">   --->   Core 9 'Cmp' <Latency = 0> <II = 1> <Delay = 0.78> <FuncUnit> <Opcode : 'icmp'> <InPorts = 2> <OutPorts = 1>
ST_1 : Operation 241 [1/1] (0.00ns) (grouped into LUT with out node select_ln51_29)   --->   "%tmp_85 = partselect i10 @_ssdm_op_PartSelect.i10.i512.i32.i32, i512 %layer3_out_read, i32 464, i32 473" [firmware/nnet_utils/nnet_activation_stream.h:52]   --->   Operation 241 'partselect' 'tmp_85' <Predicate = (!icmp_ln52_29 & icmp_ln51_29)> <Delay = 0.00>
ST_1 : Operation 242 [1/1] (0.00ns) (grouped into LUT with out node select_ln51_29)   --->   "%shl_ln52_28 = bitconcatenate i15 @_ssdm_op_BitConcatenate.i15.i10.i5, i10 %tmp_85, i5 0" [firmware/nnet_utils/nnet_activation_stream.h:52]   --->   Operation 242 'bitconcatenate' 'shl_ln52_28' <Predicate = (!icmp_ln52_29 & icmp_ln51_29)> <Delay = 0.00>
ST_1 : Operation 243 [1/1] (0.00ns)   --->   "%tmp_56 = partselect i6 @_ssdm_op_PartSelect.i6.i512.i32.i32, i512 %layer3_out_read, i32 474, i32 479" [firmware/nnet_utils/nnet_activation_stream.h:52]   --->   Operation 243 'partselect' 'tmp_56' <Predicate = (icmp_ln51_29)> <Delay = 0.00>
ST_1 : Operation 244 [1/1] (0.70ns)   --->   "%icmp_ln52_29 = icmp_ne  i6 %tmp_56, i6 0" [firmware/nnet_utils/nnet_activation_stream.h:52]   --->   Operation 244 'icmp' 'icmp_ln52_29' <Predicate = (icmp_ln51_29)> <Delay = 0.70> <CoreInst = "Cmp">   --->   Core 9 'Cmp' <Latency = 0> <II = 1> <Delay = 0.70> <FuncUnit> <Opcode : 'icmp'> <InPorts = 2> <OutPorts = 1>
ST_1 : Operation 245 [1/1] (0.00ns) (grouped into LUT with out node select_ln51_29)   --->   "%select_ln52_29 = select i1 %icmp_ln52_29, i15 32767, i15 %shl_ln52_28" [firmware/nnet_utils/nnet_activation_stream.h:52]   --->   Operation 245 'select' 'select_ln52_29' <Predicate = (icmp_ln51_29)> <Delay = 0.00> <CoreInst = "Sel">   --->   Core 73 'Sel' <Latency = 0> <II = 1> <Delay = 0.29> <FuncUnit> <Opcode : 'select'> <InPorts = 3> <OutPorts = 1>
ST_1 : Operation 246 [1/1] (0.29ns) (out node of the LUT)   --->   "%select_ln51_29 = select i1 %icmp_ln51_29, i15 %select_ln52_29, i15 0" [firmware/nnet_utils/nnet_activation_stream.h:51]   --->   Operation 246 'select' 'select_ln51_29' <Predicate = true> <Delay = 0.29> <CoreInst = "Sel">   --->   Core 73 'Sel' <Latency = 0> <II = 1> <Delay = 0.29> <FuncUnit> <Opcode : 'select'> <InPorts = 3> <OutPorts = 1>
ST_1 : Operation 247 [1/1] (0.78ns)   --->   "%icmp_ln51_30 = icmp_sgt  i16 %trunc_ln44_s, i16 0" [firmware/nnet_utils/nnet_activation_stream.h:51]   --->   Operation 247 'icmp' 'icmp_ln51_30' <Predicate = true> <Delay = 0.78> <CoreInst = "Cmp">   --->   Core 9 'Cmp' <Latency = 0> <II = 1> <Delay = 0.78> <FuncUnit> <Opcode : 'icmp'> <InPorts = 2> <OutPorts = 1>
ST_1 : Operation 248 [1/1] (0.00ns) (grouped into LUT with out node select_ln51_30)   --->   "%tmp_86 = partselect i10 @_ssdm_op_PartSelect.i10.i512.i32.i32, i512 %layer3_out_read, i32 480, i32 489" [firmware/nnet_utils/nnet_activation_stream.h:52]   --->   Operation 248 'partselect' 'tmp_86' <Predicate = (!icmp_ln52_30 & icmp_ln51_30)> <Delay = 0.00>
ST_1 : Operation 249 [1/1] (0.00ns) (grouped into LUT with out node select_ln51_30)   --->   "%shl_ln52_29 = bitconcatenate i15 @_ssdm_op_BitConcatenate.i15.i10.i5, i10 %tmp_86, i5 0" [firmware/nnet_utils/nnet_activation_stream.h:52]   --->   Operation 249 'bitconcatenate' 'shl_ln52_29' <Predicate = (!icmp_ln52_30 & icmp_ln51_30)> <Delay = 0.00>
ST_1 : Operation 250 [1/1] (0.00ns)   --->   "%tmp_57 = partselect i6 @_ssdm_op_PartSelect.i6.i512.i32.i32, i512 %layer3_out_read, i32 490, i32 495" [firmware/nnet_utils/nnet_activation_stream.h:52]   --->   Operation 250 'partselect' 'tmp_57' <Predicate = (icmp_ln51_30)> <Delay = 0.00>
ST_1 : Operation 251 [1/1] (0.70ns)   --->   "%icmp_ln52_30 = icmp_ne  i6 %tmp_57, i6 0" [firmware/nnet_utils/nnet_activation_stream.h:52]   --->   Operation 251 'icmp' 'icmp_ln52_30' <Predicate = (icmp_ln51_30)> <Delay = 0.70> <CoreInst = "Cmp">   --->   Core 9 'Cmp' <Latency = 0> <II = 1> <Delay = 0.70> <FuncUnit> <Opcode : 'icmp'> <InPorts = 2> <OutPorts = 1>
ST_1 : Operation 252 [1/1] (0.00ns) (grouped into LUT with out node select_ln51_30)   --->   "%select_ln52_30 = select i1 %icmp_ln52_30, i15 32767, i15 %shl_ln52_29" [firmware/nnet_utils/nnet_activation_stream.h:52]   --->   Operation 252 'select' 'select_ln52_30' <Predicate = (icmp_ln51_30)> <Delay = 0.00> <CoreInst = "Sel">   --->   Core 73 'Sel' <Latency = 0> <II = 1> <Delay = 0.29> <FuncUnit> <Opcode : 'select'> <InPorts = 3> <OutPorts = 1>
ST_1 : Operation 253 [1/1] (0.29ns) (out node of the LUT)   --->   "%select_ln51_30 = select i1 %icmp_ln51_30, i15 %select_ln52_30, i15 0" [firmware/nnet_utils/nnet_activation_stream.h:51]   --->   Operation 253 'select' 'select_ln51_30' <Predicate = true> <Delay = 0.29> <CoreInst = "Sel">   --->   Core 73 'Sel' <Latency = 0> <II = 1> <Delay = 0.29> <FuncUnit> <Opcode : 'select'> <InPorts = 3> <OutPorts = 1>
ST_1 : Operation 254 [1/1] (0.78ns)   --->   "%icmp_ln51_31 = icmp_sgt  i16 %trunc_ln44_1, i16 0" [firmware/nnet_utils/nnet_activation_stream.h:51]   --->   Operation 254 'icmp' 'icmp_ln51_31' <Predicate = true> <Delay = 0.78> <CoreInst = "Cmp">   --->   Core 9 'Cmp' <Latency = 0> <II = 1> <Delay = 0.78> <FuncUnit> <Opcode : 'icmp'> <InPorts = 2> <OutPorts = 1>
ST_1 : Operation 255 [1/1] (0.00ns) (grouped into LUT with out node select_ln51_31)   --->   "%tmp_87 = partselect i10 @_ssdm_op_PartSelect.i10.i512.i32.i32, i512 %layer3_out_read, i32 496, i32 505" [firmware/nnet_utils/nnet_activation_stream.h:52]   --->   Operation 255 'partselect' 'tmp_87' <Predicate = (!icmp_ln52_31 & icmp_ln51_31)> <Delay = 0.00>
ST_1 : Operation 256 [1/1] (0.00ns) (grouped into LUT with out node select_ln51_31)   --->   "%shl_ln52_30 = bitconcatenate i15 @_ssdm_op_BitConcatenate.i15.i10.i5, i10 %tmp_87, i5 0" [firmware/nnet_utils/nnet_activation_stream.h:52]   --->   Operation 256 'bitconcatenate' 'shl_ln52_30' <Predicate = (!icmp_ln52_31 & icmp_ln51_31)> <Delay = 0.00>
ST_1 : Operation 257 [1/1] (0.00ns)   --->   "%tmp_58 = partselect i6 @_ssdm_op_PartSelect.i6.i512.i32.i32, i512 %layer3_out_read, i32 506, i32 511" [firmware/nnet_utils/nnet_activation_stream.h:52]   --->   Operation 257 'partselect' 'tmp_58' <Predicate = (icmp_ln51_31)> <Delay = 0.00>
ST_1 : Operation 258 [1/1] (0.70ns)   --->   "%icmp_ln52_31 = icmp_ne  i6 %tmp_58, i6 0" [firmware/nnet_utils/nnet_activation_stream.h:52]   --->   Operation 258 'icmp' 'icmp_ln52_31' <Predicate = (icmp_ln51_31)> <Delay = 0.70> <CoreInst = "Cmp">   --->   Core 9 'Cmp' <Latency = 0> <II = 1> <Delay = 0.70> <FuncUnit> <Opcode : 'icmp'> <InPorts = 2> <OutPorts = 1>
ST_1 : Operation 259 [1/1] (0.00ns) (grouped into LUT with out node select_ln51_31)   --->   "%select_ln52_31 = select i1 %icmp_ln52_31, i15 32767, i15 %shl_ln52_30" [firmware/nnet_utils/nnet_activation_stream.h:52]   --->   Operation 259 'select' 'select_ln52_31' <Predicate = (icmp_ln51_31)> <Delay = 0.00> <CoreInst = "Sel">   --->   Core 73 'Sel' <Latency = 0> <II = 1> <Delay = 0.29> <FuncUnit> <Opcode : 'select'> <InPorts = 3> <OutPorts = 1>
ST_1 : Operation 260 [1/1] (0.29ns) (out node of the LUT)   --->   "%select_ln51_31 = select i1 %icmp_ln51_31, i15 %select_ln52_31, i15 0" [firmware/nnet_utils/nnet_activation_stream.h:51]   --->   Operation 260 'select' 'select_ln51_31' <Predicate = true> <Delay = 0.29> <CoreInst = "Sel">   --->   Core 73 'Sel' <Latency = 0> <II = 1> <Delay = 0.29> <FuncUnit> <Opcode : 'select'> <InPorts = 3> <OutPorts = 1>
ST_1 : Operation 261 [1/1] (0.00ns)   --->   "%p_0 = bitconcatenate i480 @_ssdm_op_BitConcatenate.i480.i15.i15.i15.i15.i15.i15.i15.i15.i15.i15.i15.i15.i15.i15.i15.i15.i15.i15.i15.i15.i15.i15.i15.i15.i15.i15.i15.i15.i15.i15.i15.i15, i15 %select_ln51_31, i15 %select_ln51_30, i15 %select_ln51_29, i15 %select_ln51_28, i15 %select_ln51_27, i15 %select_ln51_26, i15 %select_ln51_25, i15 %select_ln51_24, i15 %select_ln51_23, i15 %select_ln51_22, i15 %select_ln51_21, i15 %select_ln51_20, i15 %select_ln51_19, i15 %select_ln51_18, i15 %select_ln51_17, i15 %select_ln51_16, i15 %select_ln51_15, i15 %select_ln51_14, i15 %select_ln51_13, i15 %select_ln51_12, i15 %select_ln51_11, i15 %select_ln51_10, i15 %select_ln51_9, i15 %select_ln51_8, i15 %select_ln51_7, i15 %select_ln51_6, i15 %select_ln51_5, i15 %select_ln51_4, i15 %select_ln51_3, i15 %select_ln51_2, i15 %select_ln51_1, i15 %select_ln51" [firmware/nnet_utils/nnet_activation_stream.h:57]   --->   Operation 261 'bitconcatenate' 'p_0' <Predicate = true> <Delay = 0.00>
ST_1 : Operation 262 [1/1] (1.41ns)   --->   "%write_ln57 = write void @_ssdm_op_Write.ap_fifo.volatile.i480P0A, i480 %layer4_out, i480 %p_0" [firmware/nnet_utils/nnet_activation_stream.h:57]   --->   Operation 262 'write' 'write_ln57' <Predicate = true> <Delay = 1.41> <CoreInst = "FIFO_SRL">   --->   Core 81 'FIFO_SRL' <Latency = 0> <II = 1> <Delay = 1.41> <Storage> <Opcode : 'read' 'write' 'nbread' 'nbwrite'> <Ports = 0> <Width = 480> <Depth = 1> <FIFO>
ST_1 : Operation 263 [1/1] (0.00ns)   --->   "%ret_ln59 = ret" [firmware/nnet_utils/nnet_activation_stream.h:59]   --->   Operation 263 'ret' 'ret_ln59' <Predicate = true> <Delay = 0.00>


============================================================
+ Verbose Summary: Timing violations
============================================================
Target clock period: 5.000ns, clock uncertainty: 0.625ns.

 <State 1>: 3.901ns
The critical path consists of the following:
	fifo read operation ('layer3_out_read', firmware/nnet_utils/nnet_activation_stream.h:44) on port 'layer3_out' (firmware/nnet_utils/nnet_activation_stream.h:44) [5]  (1.412 ns)
	'icmp' operation ('icmp_ln51_30', firmware/nnet_utils/nnet_activation_stream.h:51) [248]  (0.785 ns)
	'select' operation ('select_ln51_30', firmware/nnet_utils/nnet_activation_stream.h:51) [254]  (0.292 ns)
	fifo write operation ('write_ln57', firmware/nnet_utils/nnet_activation_stream.h:57) on port 'layer4_out' (firmware/nnet_utils/nnet_activation_stream.h:57) [263]  (1.412 ns)


============================================================
+ Verbose Summary: Binding
============================================================
N/A
* FSMD analyzer results:
  - Output states:
 - Input state : 
  - Chain level:
	State 1


============================================================
+ Verbose Summary: Datapath Resource usage 
============================================================
N/A
