

================================================================
== Vitis HLS Report for 'relu_array_ap_fixed_7u_array_ap_ufixed_10_0_4_0_0_7u_relu_config15_s'
================================================================
* Date:           Thu Jul 11 13:31:02 2024

* Version:        2023.1 (Build 3854077 on May  4 2023)
* Project:        myproject_prj
* Solution:       solution1 (Vivado IP Flow Target)
* Product family: virtexuplus
* Target device:  xcvu13p-flga2577-2-e


================================================================
== Performance Estimates
================================================================
+ Timing: 
    * Summary: 
    +--------+---------+----------+------------+
    |  Clock |  Target | Estimated| Uncertainty|
    +--------+---------+----------+------------+
    |ap_clk  |  5.00 ns|  3.898 ns|     0.62 ns|
    +--------+---------+----------+------------+

+ Latency: 
    * Summary: 
    +---------+---------+----------+----------+-----+-----+---------+
    |  Latency (cycles) |  Latency (absolute) |  Interval | Pipeline|
    |   min   |   max   |    min   |    max   | min | max |   Type  |
    +---------+---------+----------+----------+-----+-----+---------+
    |        0|        0|      0 ns|      0 ns|    0|    0|       no|
    +---------+---------+----------+----------+-----+-----+---------+

    + Detail: 
        * Instance: 
        N/A

        * Loop: 
        N/A

============================================================
+ Verbose Summary: Synthesis Manager
============================================================
InlineROM: 1
ExposeGlobal: 0
============================================================
+ Verbose Summary: CDFG Model
============================================================
IsTopModel: 0
ResetActiveHigh: 1
IsCombinational: 2
IsDatapathOnly: 0
HasWiredReturn: 1
HasMFsm: 0
HasVarLatency: 0
IsPipeline: 0
IsRtlPipelined: 0
IsInstanceOverlapped: 0
IsDontTouch: 0
HasImplIP: 0
IsGatedGlobalClock: 0


============================================================
+ Verbose Summary: Schedule
============================================================
* Number of FSM states : 1
* Pipeline : 0
* Dataflow Pipeline: 0

* FSM state transitions: 
1 --> 

* FSM state operations: 

State 1 <SV = 0> <Delay = 3.89>
ST_1 : Operation 2 [1/1] (0.00ns)   --->   "%specinterface_ln0 = specinterface void @_ssdm_op_SpecInterface, i70 %layer15_out, void @empty_7, i32 0, i32 0, void @empty_6, i32 0, i32 0, void @empty_6, void @empty_6, void @empty_6, i32 0, i32 0, i32 0, i32 0, void @empty_6, void @empty_6, i32 4294967295, i32 0"   --->   Operation 2 'specinterface' 'specinterface_ln0' <Predicate = true> <Delay = 0.00>
ST_1 : Operation 3 [1/1] (0.00ns)   --->   "%specinterface_ln0 = specinterface void @_ssdm_op_SpecInterface, i112 %layer13_out, void @empty_7, i32 0, i32 0, void @empty_6, i32 0, i32 0, void @empty_6, void @empty_6, void @empty_6, i32 0, i32 0, i32 0, i32 0, void @empty_6, void @empty_6, i32 4294967295, i32 0"   --->   Operation 3 'specinterface' 'specinterface_ln0' <Predicate = true> <Delay = 0.00>
ST_1 : Operation 4 [1/1] (1.40ns)   --->   "%layer13_out_read = read i112 @_ssdm_op_Read.ap_fifo.volatile.i112P0A, i112 %layer13_out" [firmware/nnet_utils/nnet_activation_stream.h:44]   --->   Operation 4 'read' 'layer13_out_read' <Predicate = true> <Delay = 1.40> <CoreInst = "FIFO_SRL">   --->   Core 81 'FIFO_SRL' <Latency = 0> <II = 1> <Delay = 1.40> <Storage> <Opcode : 'read' 'write' 'nbread' 'nbwrite'> <Ports = 0> <Width = 112> <Depth = 1> <FIFO>
ST_1 : Operation 5 [1/1] (0.00ns)   --->   "%in_data = trunc i112 %layer13_out_read" [firmware/nnet_utils/nnet_activation_stream.h:44]   --->   Operation 5 'trunc' 'in_data' <Predicate = true> <Delay = 0.00>
ST_1 : Operation 6 [1/1] (0.00ns)   --->   "%trunc_ln44_s = partselect i16 @_ssdm_op_PartSelect.i16.i112.i32.i32, i112 %layer13_out_read, i32 80, i32 95" [firmware/nnet_utils/nnet_activation_stream.h:44]   --->   Operation 6 'partselect' 'trunc_ln44_s' <Predicate = true> <Delay = 0.00>
ST_1 : Operation 7 [1/1] (0.00ns)   --->   "%trunc_ln44_1 = partselect i16 @_ssdm_op_PartSelect.i16.i112.i32.i32, i112 %layer13_out_read, i32 96, i32 111" [firmware/nnet_utils/nnet_activation_stream.h:44]   --->   Operation 7 'partselect' 'trunc_ln44_1' <Predicate = true> <Delay = 0.00>
ST_1 : Operation 8 [1/1] (0.00ns)   --->   "%in_data_4 = partselect i16 @_ssdm_op_PartSelect.i16.i112.i32.i32, i112 %layer13_out_read, i32 16, i32 31" [firmware/nnet_utils/nnet_activation_stream.h:44]   --->   Operation 8 'partselect' 'in_data_4' <Predicate = true> <Delay = 0.00>
ST_1 : Operation 9 [1/1] (0.00ns)   --->   "%in_data_5 = partselect i16 @_ssdm_op_PartSelect.i16.i112.i32.i32, i112 %layer13_out_read, i32 32, i32 47" [firmware/nnet_utils/nnet_activation_stream.h:44]   --->   Operation 9 'partselect' 'in_data_5' <Predicate = true> <Delay = 0.00>
ST_1 : Operation 10 [1/1] (0.00ns)   --->   "%in_data_6 = partselect i16 @_ssdm_op_PartSelect.i16.i112.i32.i32, i112 %layer13_out_read, i32 48, i32 63" [firmware/nnet_utils/nnet_activation_stream.h:44]   --->   Operation 10 'partselect' 'in_data_6' <Predicate = true> <Delay = 0.00>
ST_1 : Operation 11 [1/1] (0.00ns)   --->   "%tmp = partselect i16 @_ssdm_op_PartSelect.i16.i112.i32.i32, i112 %layer13_out_read, i32 64, i32 79" [firmware/nnet_utils/nnet_activation_stream.h:44]   --->   Operation 11 'partselect' 'tmp' <Predicate = true> <Delay = 0.00>
ST_1 : Operation 12 [1/1] (0.78ns)   --->   "%icmp_ln51 = icmp_sgt  i16 %in_data, i16 0" [firmware/nnet_utils/nnet_activation_stream.h:51]   --->   Operation 12 'icmp' 'icmp_ln51' <Predicate = true> <Delay = 0.78> <CoreInst = "Cmp">   --->   Core 9 'Cmp' <Latency = 0> <II = 1> <Delay = 0.78> <FuncUnit> <Opcode : 'icmp'> <InPorts = 2> <OutPorts = 1>
ST_1 : Operation 13 [1/1] (0.00ns) (grouped into LUT with out node select_ln51)   --->   "%trunc_ln52 = trunc i112 %layer13_out_read" [firmware/nnet_utils/nnet_activation_stream.h:52]   --->   Operation 13 'trunc' 'trunc_ln52' <Predicate = (!icmp_ln52 & icmp_ln51)> <Delay = 0.00>
ST_1 : Operation 14 [1/1] (0.00ns)   --->   "%tmp_2 = partselect i6 @_ssdm_op_PartSelect.i6.i112.i32.i32, i112 %layer13_out_read, i32 10, i32 15" [firmware/nnet_utils/nnet_activation_stream.h:52]   --->   Operation 14 'partselect' 'tmp_2' <Predicate = (icmp_ln51)> <Delay = 0.00>
ST_1 : Operation 15 [1/1] (0.70ns)   --->   "%icmp_ln52 = icmp_ne  i6 %tmp_2, i6 0" [firmware/nnet_utils/nnet_activation_stream.h:52]   --->   Operation 15 'icmp' 'icmp_ln52' <Predicate = (icmp_ln51)> <Delay = 0.70> <CoreInst = "Cmp">   --->   Core 9 'Cmp' <Latency = 0> <II = 1> <Delay = 0.70> <FuncUnit> <Opcode : 'icmp'> <InPorts = 2> <OutPorts = 1>
ST_1 : Operation 16 [1/1] (0.00ns) (grouped into LUT with out node select_ln51)   --->   "%select_ln52 = select i1 %icmp_ln52, i10 1023, i10 %trunc_ln52" [firmware/nnet_utils/nnet_activation_stream.h:52]   --->   Operation 16 'select' 'select_ln52' <Predicate = (icmp_ln51)> <Delay = 0.00> <CoreInst = "Sel">   --->   Core 73 'Sel' <Latency = 0> <II = 1> <Delay = 0.30> <FuncUnit> <Opcode : 'select'> <InPorts = 3> <OutPorts = 1>
ST_1 : Operation 17 [1/1] (0.30ns) (out node of the LUT)   --->   "%select_ln51 = select i1 %icmp_ln51, i10 %select_ln52, i10 0" [firmware/nnet_utils/nnet_activation_stream.h:51]   --->   Operation 17 'select' 'select_ln51' <Predicate = true> <Delay = 0.30> <CoreInst = "Sel">   --->   Core 73 'Sel' <Latency = 0> <II = 1> <Delay = 0.30> <FuncUnit> <Opcode : 'select'> <InPorts = 3> <OutPorts = 1>
ST_1 : Operation 18 [1/1] (0.78ns)   --->   "%icmp_ln51_7 = icmp_sgt  i16 %in_data_4, i16 0" [firmware/nnet_utils/nnet_activation_stream.h:51]   --->   Operation 18 'icmp' 'icmp_ln51_7' <Predicate = true> <Delay = 0.78> <CoreInst = "Cmp">   --->   Core 9 'Cmp' <Latency = 0> <II = 1> <Delay = 0.78> <FuncUnit> <Opcode : 'icmp'> <InPorts = 2> <OutPorts = 1>
ST_1 : Operation 19 [1/1] (0.00ns) (grouped into LUT with out node select_ln51_3)   --->   "%trunc_ln52_7 = partselect i10 @_ssdm_op_PartSelect.i10.i112.i32.i32, i112 %layer13_out_read, i32 16, i32 25" [firmware/nnet_utils/nnet_activation_stream.h:52]   --->   Operation 19 'partselect' 'trunc_ln52_7' <Predicate = (!icmp_ln52_7 & icmp_ln51_7)> <Delay = 0.00>
ST_1 : Operation 20 [1/1] (0.00ns)   --->   "%tmp_3 = partselect i6 @_ssdm_op_PartSelect.i6.i112.i32.i32, i112 %layer13_out_read, i32 26, i32 31" [firmware/nnet_utils/nnet_activation_stream.h:52]   --->   Operation 20 'partselect' 'tmp_3' <Predicate = (icmp_ln51_7)> <Delay = 0.00>
ST_1 : Operation 21 [1/1] (0.70ns)   --->   "%icmp_ln52_7 = icmp_ne  i6 %tmp_3, i6 0" [firmware/nnet_utils/nnet_activation_stream.h:52]   --->   Operation 21 'icmp' 'icmp_ln52_7' <Predicate = (icmp_ln51_7)> <Delay = 0.70> <CoreInst = "Cmp">   --->   Core 9 'Cmp' <Latency = 0> <II = 1> <Delay = 0.70> <FuncUnit> <Opcode : 'icmp'> <InPorts = 2> <OutPorts = 1>
ST_1 : Operation 22 [1/1] (0.00ns) (grouped into LUT with out node select_ln51_3)   --->   "%select_ln52_3 = select i1 %icmp_ln52_7, i10 1023, i10 %trunc_ln52_7" [firmware/nnet_utils/nnet_activation_stream.h:52]   --->   Operation 22 'select' 'select_ln52_3' <Predicate = (icmp_ln51_7)> <Delay = 0.00> <CoreInst = "Sel">   --->   Core 73 'Sel' <Latency = 0> <II = 1> <Delay = 0.30> <FuncUnit> <Opcode : 'select'> <InPorts = 3> <OutPorts = 1>
ST_1 : Operation 23 [1/1] (0.30ns) (out node of the LUT)   --->   "%select_ln51_3 = select i1 %icmp_ln51_7, i10 %select_ln52_3, i10 0" [firmware/nnet_utils/nnet_activation_stream.h:51]   --->   Operation 23 'select' 'select_ln51_3' <Predicate = true> <Delay = 0.30> <CoreInst = "Sel">   --->   Core 73 'Sel' <Latency = 0> <II = 1> <Delay = 0.30> <FuncUnit> <Opcode : 'select'> <InPorts = 3> <OutPorts = 1>
ST_1 : Operation 24 [1/1] (0.78ns)   --->   "%icmp_ln51_8 = icmp_sgt  i16 %in_data_5, i16 0" [firmware/nnet_utils/nnet_activation_stream.h:51]   --->   Operation 24 'icmp' 'icmp_ln51_8' <Predicate = true> <Delay = 0.78> <CoreInst = "Cmp">   --->   Core 9 'Cmp' <Latency = 0> <II = 1> <Delay = 0.78> <FuncUnit> <Opcode : 'icmp'> <InPorts = 2> <OutPorts = 1>
ST_1 : Operation 25 [1/1] (0.00ns) (grouped into LUT with out node select_ln51_4)   --->   "%trunc_ln52_8 = partselect i10 @_ssdm_op_PartSelect.i10.i112.i32.i32, i112 %layer13_out_read, i32 32, i32 41" [firmware/nnet_utils/nnet_activation_stream.h:52]   --->   Operation 25 'partselect' 'trunc_ln52_8' <Predicate = (!icmp_ln52_8 & icmp_ln51_8)> <Delay = 0.00>
ST_1 : Operation 26 [1/1] (0.00ns)   --->   "%tmp_4 = partselect i6 @_ssdm_op_PartSelect.i6.i112.i32.i32, i112 %layer13_out_read, i32 42, i32 47" [firmware/nnet_utils/nnet_activation_stream.h:52]   --->   Operation 26 'partselect' 'tmp_4' <Predicate = (icmp_ln51_8)> <Delay = 0.00>
ST_1 : Operation 27 [1/1] (0.70ns)   --->   "%icmp_ln52_8 = icmp_ne  i6 %tmp_4, i6 0" [firmware/nnet_utils/nnet_activation_stream.h:52]   --->   Operation 27 'icmp' 'icmp_ln52_8' <Predicate = (icmp_ln51_8)> <Delay = 0.70> <CoreInst = "Cmp">   --->   Core 9 'Cmp' <Latency = 0> <II = 1> <Delay = 0.70> <FuncUnit> <Opcode : 'icmp'> <InPorts = 2> <OutPorts = 1>
ST_1 : Operation 28 [1/1] (0.00ns) (grouped into LUT with out node select_ln51_4)   --->   "%select_ln52_4 = select i1 %icmp_ln52_8, i10 1023, i10 %trunc_ln52_8" [firmware/nnet_utils/nnet_activation_stream.h:52]   --->   Operation 28 'select' 'select_ln52_4' <Predicate = (icmp_ln51_8)> <Delay = 0.00> <CoreInst = "Sel">   --->   Core 73 'Sel' <Latency = 0> <II = 1> <Delay = 0.30> <FuncUnit> <Opcode : 'select'> <InPorts = 3> <OutPorts = 1>
ST_1 : Operation 29 [1/1] (0.30ns) (out node of the LUT)   --->   "%select_ln51_4 = select i1 %icmp_ln51_8, i10 %select_ln52_4, i10 0" [firmware/nnet_utils/nnet_activation_stream.h:51]   --->   Operation 29 'select' 'select_ln51_4' <Predicate = true> <Delay = 0.30> <CoreInst = "Sel">   --->   Core 73 'Sel' <Latency = 0> <II = 1> <Delay = 0.30> <FuncUnit> <Opcode : 'select'> <InPorts = 3> <OutPorts = 1>
ST_1 : Operation 30 [1/1] (0.78ns)   --->   "%icmp_ln51_9 = icmp_sgt  i16 %in_data_6, i16 0" [firmware/nnet_utils/nnet_activation_stream.h:51]   --->   Operation 30 'icmp' 'icmp_ln51_9' <Predicate = true> <Delay = 0.78> <CoreInst = "Cmp">   --->   Core 9 'Cmp' <Latency = 0> <II = 1> <Delay = 0.78> <FuncUnit> <Opcode : 'icmp'> <InPorts = 2> <OutPorts = 1>
ST_1 : Operation 31 [1/1] (0.00ns) (grouped into LUT with out node select_ln51_5)   --->   "%trunc_ln52_9 = partselect i10 @_ssdm_op_PartSelect.i10.i112.i32.i32, i112 %layer13_out_read, i32 48, i32 57" [firmware/nnet_utils/nnet_activation_stream.h:52]   --->   Operation 31 'partselect' 'trunc_ln52_9' <Predicate = (!icmp_ln52_9 & icmp_ln51_9)> <Delay = 0.00>
ST_1 : Operation 32 [1/1] (0.00ns)   --->   "%tmp_5 = partselect i6 @_ssdm_op_PartSelect.i6.i112.i32.i32, i112 %layer13_out_read, i32 58, i32 63" [firmware/nnet_utils/nnet_activation_stream.h:52]   --->   Operation 32 'partselect' 'tmp_5' <Predicate = (icmp_ln51_9)> <Delay = 0.00>
ST_1 : Operation 33 [1/1] (0.70ns)   --->   "%icmp_ln52_9 = icmp_ne  i6 %tmp_5, i6 0" [firmware/nnet_utils/nnet_activation_stream.h:52]   --->   Operation 33 'icmp' 'icmp_ln52_9' <Predicate = (icmp_ln51_9)> <Delay = 0.70> <CoreInst = "Cmp">   --->   Core 9 'Cmp' <Latency = 0> <II = 1> <Delay = 0.70> <FuncUnit> <Opcode : 'icmp'> <InPorts = 2> <OutPorts = 1>
ST_1 : Operation 34 [1/1] (0.00ns) (grouped into LUT with out node select_ln51_5)   --->   "%select_ln52_5 = select i1 %icmp_ln52_9, i10 1023, i10 %trunc_ln52_9" [firmware/nnet_utils/nnet_activation_stream.h:52]   --->   Operation 34 'select' 'select_ln52_5' <Predicate = (icmp_ln51_9)> <Delay = 0.00> <CoreInst = "Sel">   --->   Core 73 'Sel' <Latency = 0> <II = 1> <Delay = 0.30> <FuncUnit> <Opcode : 'select'> <InPorts = 3> <OutPorts = 1>
ST_1 : Operation 35 [1/1] (0.30ns) (out node of the LUT)   --->   "%select_ln51_5 = select i1 %icmp_ln51_9, i10 %select_ln52_5, i10 0" [firmware/nnet_utils/nnet_activation_stream.h:51]   --->   Operation 35 'select' 'select_ln51_5' <Predicate = true> <Delay = 0.30> <CoreInst = "Sel">   --->   Core 73 'Sel' <Latency = 0> <II = 1> <Delay = 0.30> <FuncUnit> <Opcode : 'select'> <InPorts = 3> <OutPorts = 1>
ST_1 : Operation 36 [1/1] (0.78ns)   --->   "%icmp_ln51_10 = icmp_sgt  i16 %tmp, i16 0" [firmware/nnet_utils/nnet_activation_stream.h:51]   --->   Operation 36 'icmp' 'icmp_ln51_10' <Predicate = true> <Delay = 0.78> <CoreInst = "Cmp">   --->   Core 9 'Cmp' <Latency = 0> <II = 1> <Delay = 0.78> <FuncUnit> <Opcode : 'icmp'> <InPorts = 2> <OutPorts = 1>
ST_1 : Operation 37 [1/1] (0.00ns) (grouped into LUT with out node select_ln51_6)   --->   "%trunc_ln52_s = partselect i10 @_ssdm_op_PartSelect.i10.i112.i32.i32, i112 %layer13_out_read, i32 64, i32 73" [firmware/nnet_utils/nnet_activation_stream.h:52]   --->   Operation 37 'partselect' 'trunc_ln52_s' <Predicate = (!icmp_ln52_10 & icmp_ln51_10)> <Delay = 0.00>
ST_1 : Operation 38 [1/1] (0.00ns)   --->   "%tmp_6 = partselect i6 @_ssdm_op_PartSelect.i6.i112.i32.i32, i112 %layer13_out_read, i32 74, i32 79" [firmware/nnet_utils/nnet_activation_stream.h:52]   --->   Operation 38 'partselect' 'tmp_6' <Predicate = (icmp_ln51_10)> <Delay = 0.00>
ST_1 : Operation 39 [1/1] (0.70ns)   --->   "%icmp_ln52_10 = icmp_ne  i6 %tmp_6, i6 0" [firmware/nnet_utils/nnet_activation_stream.h:52]   --->   Operation 39 'icmp' 'icmp_ln52_10' <Predicate = (icmp_ln51_10)> <Delay = 0.70> <CoreInst = "Cmp">   --->   Core 9 'Cmp' <Latency = 0> <II = 1> <Delay = 0.70> <FuncUnit> <Opcode : 'icmp'> <InPorts = 2> <OutPorts = 1>
ST_1 : Operation 40 [1/1] (0.00ns) (grouped into LUT with out node select_ln51_6)   --->   "%select_ln52_6 = select i1 %icmp_ln52_10, i10 1023, i10 %trunc_ln52_s" [firmware/nnet_utils/nnet_activation_stream.h:52]   --->   Operation 40 'select' 'select_ln52_6' <Predicate = (icmp_ln51_10)> <Delay = 0.00> <CoreInst = "Sel">   --->   Core 73 'Sel' <Latency = 0> <II = 1> <Delay = 0.30> <FuncUnit> <Opcode : 'select'> <InPorts = 3> <OutPorts = 1>
ST_1 : Operation 41 [1/1] (0.30ns) (out node of the LUT)   --->   "%select_ln51_6 = select i1 %icmp_ln51_10, i10 %select_ln52_6, i10 0" [firmware/nnet_utils/nnet_activation_stream.h:51]   --->   Operation 41 'select' 'select_ln51_6' <Predicate = true> <Delay = 0.30> <CoreInst = "Sel">   --->   Core 73 'Sel' <Latency = 0> <II = 1> <Delay = 0.30> <FuncUnit> <Opcode : 'select'> <InPorts = 3> <OutPorts = 1>
ST_1 : Operation 42 [1/1] (0.78ns)   --->   "%icmp_ln51_11 = icmp_sgt  i16 %trunc_ln44_s, i16 0" [firmware/nnet_utils/nnet_activation_stream.h:51]   --->   Operation 42 'icmp' 'icmp_ln51_11' <Predicate = true> <Delay = 0.78> <CoreInst = "Cmp">   --->   Core 9 'Cmp' <Latency = 0> <II = 1> <Delay = 0.78> <FuncUnit> <Opcode : 'icmp'> <InPorts = 2> <OutPorts = 1>
ST_1 : Operation 43 [1/1] (0.00ns) (grouped into LUT with out node select_ln51_7)   --->   "%trunc_ln52_1 = partselect i10 @_ssdm_op_PartSelect.i10.i112.i32.i32, i112 %layer13_out_read, i32 80, i32 89" [firmware/nnet_utils/nnet_activation_stream.h:52]   --->   Operation 43 'partselect' 'trunc_ln52_1' <Predicate = (!icmp_ln52_11 & icmp_ln51_11)> <Delay = 0.00>
ST_1 : Operation 44 [1/1] (0.00ns)   --->   "%tmp_7 = partselect i6 @_ssdm_op_PartSelect.i6.i112.i32.i32, i112 %layer13_out_read, i32 90, i32 95" [firmware/nnet_utils/nnet_activation_stream.h:52]   --->   Operation 44 'partselect' 'tmp_7' <Predicate = (icmp_ln51_11)> <Delay = 0.00>
ST_1 : Operation 45 [1/1] (0.70ns)   --->   "%icmp_ln52_11 = icmp_ne  i6 %tmp_7, i6 0" [firmware/nnet_utils/nnet_activation_stream.h:52]   --->   Operation 45 'icmp' 'icmp_ln52_11' <Predicate = (icmp_ln51_11)> <Delay = 0.70> <CoreInst = "Cmp">   --->   Core 9 'Cmp' <Latency = 0> <II = 1> <Delay = 0.70> <FuncUnit> <Opcode : 'icmp'> <InPorts = 2> <OutPorts = 1>
ST_1 : Operation 46 [1/1] (0.00ns) (grouped into LUT with out node select_ln51_7)   --->   "%select_ln52_7 = select i1 %icmp_ln52_11, i10 1023, i10 %trunc_ln52_1" [firmware/nnet_utils/nnet_activation_stream.h:52]   --->   Operation 46 'select' 'select_ln52_7' <Predicate = (icmp_ln51_11)> <Delay = 0.00> <CoreInst = "Sel">   --->   Core 73 'Sel' <Latency = 0> <II = 1> <Delay = 0.30> <FuncUnit> <Opcode : 'select'> <InPorts = 3> <OutPorts = 1>
ST_1 : Operation 47 [1/1] (0.30ns) (out node of the LUT)   --->   "%select_ln51_7 = select i1 %icmp_ln51_11, i10 %select_ln52_7, i10 0" [firmware/nnet_utils/nnet_activation_stream.h:51]   --->   Operation 47 'select' 'select_ln51_7' <Predicate = true> <Delay = 0.30> <CoreInst = "Sel">   --->   Core 73 'Sel' <Latency = 0> <II = 1> <Delay = 0.30> <FuncUnit> <Opcode : 'select'> <InPorts = 3> <OutPorts = 1>
ST_1 : Operation 48 [1/1] (0.78ns)   --->   "%icmp_ln51_12 = icmp_sgt  i16 %trunc_ln44_1, i16 0" [firmware/nnet_utils/nnet_activation_stream.h:51]   --->   Operation 48 'icmp' 'icmp_ln51_12' <Predicate = true> <Delay = 0.78> <CoreInst = "Cmp">   --->   Core 9 'Cmp' <Latency = 0> <II = 1> <Delay = 0.78> <FuncUnit> <Opcode : 'icmp'> <InPorts = 2> <OutPorts = 1>
ST_1 : Operation 49 [1/1] (0.00ns) (grouped into LUT with out node select_ln51_8)   --->   "%trunc_ln52_2 = partselect i10 @_ssdm_op_PartSelect.i10.i112.i32.i32, i112 %layer13_out_read, i32 96, i32 105" [firmware/nnet_utils/nnet_activation_stream.h:52]   --->   Operation 49 'partselect' 'trunc_ln52_2' <Predicate = (!icmp_ln52_12 & icmp_ln51_12)> <Delay = 0.00>
ST_1 : Operation 50 [1/1] (0.00ns)   --->   "%tmp_8 = partselect i6 @_ssdm_op_PartSelect.i6.i112.i32.i32, i112 %layer13_out_read, i32 106, i32 111" [firmware/nnet_utils/nnet_activation_stream.h:52]   --->   Operation 50 'partselect' 'tmp_8' <Predicate = (icmp_ln51_12)> <Delay = 0.00>
ST_1 : Operation 51 [1/1] (0.70ns)   --->   "%icmp_ln52_12 = icmp_ne  i6 %tmp_8, i6 0" [firmware/nnet_utils/nnet_activation_stream.h:52]   --->   Operation 51 'icmp' 'icmp_ln52_12' <Predicate = (icmp_ln51_12)> <Delay = 0.70> <CoreInst = "Cmp">   --->   Core 9 'Cmp' <Latency = 0> <II = 1> <Delay = 0.70> <FuncUnit> <Opcode : 'icmp'> <InPorts = 2> <OutPorts = 1>
ST_1 : Operation 52 [1/1] (0.00ns) (grouped into LUT with out node select_ln51_8)   --->   "%select_ln52_8 = select i1 %icmp_ln52_12, i10 1023, i10 %trunc_ln52_2" [firmware/nnet_utils/nnet_activation_stream.h:52]   --->   Operation 52 'select' 'select_ln52_8' <Predicate = (icmp_ln51_12)> <Delay = 0.00> <CoreInst = "Sel">   --->   Core 73 'Sel' <Latency = 0> <II = 1> <Delay = 0.30> <FuncUnit> <Opcode : 'select'> <InPorts = 3> <OutPorts = 1>
ST_1 : Operation 53 [1/1] (0.30ns) (out node of the LUT)   --->   "%select_ln51_8 = select i1 %icmp_ln51_12, i10 %select_ln52_8, i10 0" [firmware/nnet_utils/nnet_activation_stream.h:51]   --->   Operation 53 'select' 'select_ln51_8' <Predicate = true> <Delay = 0.30> <CoreInst = "Sel">   --->   Core 73 'Sel' <Latency = 0> <II = 1> <Delay = 0.30> <FuncUnit> <Opcode : 'select'> <InPorts = 3> <OutPorts = 1>
ST_1 : Operation 54 [1/1] (0.00ns)   --->   "%p_s = bitconcatenate i70 @_ssdm_op_BitConcatenate.i70.i10.i10.i10.i10.i10.i10.i10, i10 %select_ln51_8, i10 %select_ln51_7, i10 %select_ln51_6, i10 %select_ln51_5, i10 %select_ln51_4, i10 %select_ln51_3, i10 %select_ln51" [firmware/nnet_utils/nnet_activation_stream.h:57]   --->   Operation 54 'bitconcatenate' 'p_s' <Predicate = true> <Delay = 0.00>
ST_1 : Operation 55 [1/1] (1.40ns)   --->   "%write_ln57 = write void @_ssdm_op_Write.ap_fifo.volatile.i70P0A, i70 %layer15_out, i70 %p_s" [firmware/nnet_utils/nnet_activation_stream.h:57]   --->   Operation 55 'write' 'write_ln57' <Predicate = true> <Delay = 1.40> <CoreInst = "FIFO_SRL">   --->   Core 81 'FIFO_SRL' <Latency = 0> <II = 1> <Delay = 1.40> <Storage> <Opcode : 'read' 'write' 'nbread' 'nbwrite'> <Ports = 0> <Width = 70> <Depth = 1> <FIFO>
ST_1 : Operation 56 [1/1] (0.00ns)   --->   "%ret_ln59 = ret" [firmware/nnet_utils/nnet_activation_stream.h:59]   --->   Operation 56 'ret' 'ret_ln59' <Predicate = true> <Delay = 0.00>


============================================================
+ Verbose Summary: Timing violations
============================================================
Target clock period: 5.000ns, clock uncertainty: 0.625ns.

 <State 1>: 3.898ns
The critical path consists of the following:
	fifo read operation ('layer13_out_read', firmware/nnet_utils/nnet_activation_stream.h:44) on port 'layer13_out' (firmware/nnet_utils/nnet_activation_stream.h:44) [5]  (1.405 ns)
	'icmp' operation ('icmp_ln51_8', firmware/nnet_utils/nnet_activation_stream.h:51) [25]  (0.785 ns)
	'select' operation ('select_ln51_4', firmware/nnet_utils/nnet_activation_stream.h:51) [30]  (0.303 ns)
	fifo write operation ('write_ln57', firmware/nnet_utils/nnet_activation_stream.h:57) on port 'layer15_out' (firmware/nnet_utils/nnet_activation_stream.h:57) [56]  (1.405 ns)


============================================================
+ Verbose Summary: Binding
============================================================
N/A
* FSMD analyzer results:
  - Output states:
 - Input state : 
  - Chain level:
	State 1


============================================================
+ Verbose Summary: Datapath Resource usage 
============================================================
N/A
