

================================================================
== Vitis HLS Report for 'shift_line_buffer_array_ap_fixed_16_6_5_3_0_1u_config2_s'
================================================================
* Date:           Thu Jul 11 13:31:00 2024

* Version:        2023.1 (Build 3854077 on May  4 2023)
* Project:        myproject_prj
* Solution:       solution1 (Vivado IP Flow Target)
* Product family: virtexuplus
* Target device:  xcvu13p-flga2577-2-e


================================================================
== Performance Estimates
================================================================
+ Timing: 
    * Summary: 
    +--------+---------+----------+------------+
    |  Clock |  Target | Estimated| Uncertainty|
    +--------+---------+----------+------------+
    |ap_clk  |  5.00 ns|  1.222 ns|     0.62 ns|
    +--------+---------+----------+------------+

+ Latency: 
    * Summary: 
    +---------+---------+----------+----------+-----+-----+---------+
    |  Latency (cycles) |  Latency (absolute) |  Interval | Pipeline|
    |   min   |   max   |    min   |    max   | min | max |   Type  |
    +---------+---------+----------+----------+-----+-----+---------+
    |        0|        0|      0 ns|      0 ns|    1|    1|      yes|
    +---------+---------+----------+----------+-----+-----+---------+

    + Detail: 
        * Instance: 
        N/A

        * Loop: 
        N/A

============================================================
+ Verbose Summary: Synthesis Manager
============================================================
InlineROM: 1
ExposeGlobal: 0
============================================================
+ Verbose Summary: CDFG Model
============================================================
IsTopModel: 0
ResetActiveHigh: 1
IsCombinational: 0
IsDatapathOnly: 0
HasWiredReturn: 1
HasMFsm: 2
HasVarLatency: 0
IsPipeline: 1
IsRtlPipelined: 0
IsInstanceOverlapped: 0
IsDontTouch: 0
HasImplIP: 0
IsGatedGlobalClock: 0

+ Individual pipeline summary: 
  * Pipeline-0: initiation interval (II) = 1, depth = 1


============================================================
+ Verbose Summary: Schedule
============================================================
* Number of FSM states : 1
* Pipeline : 1
  Pipeline-0 : II = 1, D = 1, States = { 1 }
* Dataflow Pipeline: 0

* FSM state transitions: 
1 --> 

* FSM state operations: 

State 1 <SV = 0> <Delay = 1.22>
ST_1 : Operation 2 [1/1] (0.00ns)   --->   "%specpipeline_ln241 = specpipeline void @_ssdm_op_SpecPipeline, i32 4294967295, i32 0, i32 0, i32 0, void @empty_6" [firmware/nnet_utils/nnet_conv_stream.h:241]   --->   Operation 2 'specpipeline' 'specpipeline_ln241' <Predicate = true> <Delay = 0.00>
ST_1 : Operation 3 [1/1] (0.00ns)   --->   "%in_elem_0_0_0_0_0_val_read = read i16 @_ssdm_op_Read.ap_auto.i16, i16 %in_elem_0_0_0_0_0_val" [firmware/nnet_utils/nnet_conv_stream.h:246]   --->   Operation 3 'read' 'in_elem_0_0_0_0_0_val_read' <Predicate = true> <Delay = 0.00>
ST_1 : Operation 4 [1/1] (0.61ns)   --->   "%p_03_i = memshiftread i16 @_ssdm_op_MemShiftRead.[15 x i16]P0A, i16 14, i16 %in_elem_0_0_0_0_0_val_read, i1 1" [firmware/nnet_utils/nnet_conv_stream.h:246]   --->   Operation 4 'memshiftread' 'p_03_i' <Predicate = true> <Delay = 0.61> <CoreInst = "ShiftReg">   --->   Core 77 'ShiftReg' <Latency = 0> <II = 1> <Delay = 0.61> <Storage> <Opcode : 'memshiftread' 'load'> <Ports = 1> <Width = 16> <Depth = 15> <ShiftMem>
ST_1 : Operation 5 [1/1] (0.61ns)   --->   "%p_0_i = memshiftread i16 @_ssdm_op_MemShiftRead.[15 x i16]P0A, i16 14, i16 %p_03_i, i1 1" [firmware/nnet_utils/nnet_conv_stream.h:246]   --->   Operation 5 'memshiftread' 'p_0_i' <Predicate = true> <Delay = 0.61> <CoreInst = "ShiftReg">   --->   Core 77 'ShiftReg' <Latency = 0> <II = 1> <Delay = 0.61> <Storage> <Opcode : 'memshiftread' 'load'> <Ports = 1> <Width = 16> <Depth = 15> <ShiftMem>
ST_1 : Operation 6 [1/1] (0.00ns)   --->   "%void_compute_output_buffer_2d_array_const_ap_shift_reg_n_chan_stream_weig_25 = load i16 %void_compute_output_buffer_2d_array_const_ap_shift_reg_n_chan_stream_weig_17" [firmware/nnet_utils/nnet_conv_stream.h:201->firmware/nnet_utils/nnet_conv_stream.h:252]   --->   Operation 6 'load' 'void_compute_output_buffer_2d_array_const_ap_shift_reg_n_chan_stream_weig_25' <Predicate = true> <Delay = 0.00>
ST_1 : Operation 7 [1/1] (0.00ns)   --->   "%void_compute_output_buffer_2d_array_const_ap_shift_reg_n_chan_stream_weig_26 = load i16 %void_compute_output_buffer_2d_array_const_ap_shift_reg_n_chan_stream_weig_14" [firmware/nnet_utils/nnet_conv_stream.h:201->firmware/nnet_utils/nnet_conv_stream.h:252]   --->   Operation 7 'load' 'void_compute_output_buffer_2d_array_const_ap_shift_reg_n_chan_stream_weig_26' <Predicate = true> <Delay = 0.00>
ST_1 : Operation 8 [1/1] (0.00ns)   --->   "%void_compute_output_buffer_2d_array_const_ap_shift_reg_n_chan_stream_weig_27 = load i16 %void_compute_output_buffer_2d_array_const_ap_shift_reg_n_chan_stream_weig_11" [firmware/nnet_utils/nnet_conv_stream.h:201->firmware/nnet_utils/nnet_conv_stream.h:252]   --->   Operation 8 'load' 'void_compute_output_buffer_2d_array_const_ap_shift_reg_n_chan_stream_weig_27' <Predicate = true> <Delay = 0.00>
ST_1 : Operation 9 [1/1] (0.00ns)   --->   "%void_compute_output_buffer_2d_array_const_ap_shift_reg_n_chan_stream_weig_28 = load i16 %void_compute_output_buffer_2d_array_const_ap_shift_reg_n_chan_stream_weig_16" [firmware/nnet_utils/nnet_conv_stream.h:201->firmware/nnet_utils/nnet_conv_stream.h:252]   --->   Operation 9 'load' 'void_compute_output_buffer_2d_array_const_ap_shift_reg_n_chan_stream_weig_28' <Predicate = true> <Delay = 0.00>
ST_1 : Operation 10 [1/1] (0.00ns)   --->   "%void_compute_output_buffer_2d_array_const_ap_shift_reg_n_chan_stream_weig_29 = load i16 %void_compute_output_buffer_2d_array_const_ap_shift_reg_n_chan_stream_weig_13" [firmware/nnet_utils/nnet_conv_stream.h:201->firmware/nnet_utils/nnet_conv_stream.h:252]   --->   Operation 10 'load' 'void_compute_output_buffer_2d_array_const_ap_shift_reg_n_chan_stream_weig_29' <Predicate = true> <Delay = 0.00>
ST_1 : Operation 11 [1/1] (0.00ns)   --->   "%void_compute_output_buffer_2d_array_const_ap_shift_reg_n_chan_stream_weig_30 = load i16 %void_compute_output_buffer_2d_array_const_ap_shift_reg_n_chan_stream_weig_10" [firmware/nnet_utils/nnet_conv_stream.h:201->firmware/nnet_utils/nnet_conv_stream.h:252]   --->   Operation 11 'load' 'void_compute_output_buffer_2d_array_const_ap_shift_reg_n_chan_stream_weig_30' <Predicate = true> <Delay = 0.00>
ST_1 : Operation 12 [1/1] (0.00ns)   --->   "%store_ln201 = store i16 %void_compute_output_buffer_2d_array_const_ap_shift_reg_n_chan_stream_weig_25, i16 %void_compute_output_buffer_2d_array_const_ap_shift_reg_n_chan_stream_weig_18" [firmware/nnet_utils/nnet_conv_stream.h:201->firmware/nnet_utils/nnet_conv_stream.h:252]   --->   Operation 12 'store' 'store_ln201' <Predicate = true> <Delay = 0.00>
ST_1 : Operation 13 [1/1] (0.00ns)   --->   "%store_ln201 = store i16 %void_compute_output_buffer_2d_array_const_ap_shift_reg_n_chan_stream_weig_26, i16 %void_compute_output_buffer_2d_array_const_ap_shift_reg_n_chan_stream_weig_15" [firmware/nnet_utils/nnet_conv_stream.h:201->firmware/nnet_utils/nnet_conv_stream.h:252]   --->   Operation 13 'store' 'store_ln201' <Predicate = true> <Delay = 0.00>
ST_1 : Operation 14 [1/1] (0.00ns)   --->   "%store_ln201 = store i16 %void_compute_output_buffer_2d_array_const_ap_shift_reg_n_chan_stream_weig_27, i16 %void_compute_output_buffer_2d_array_const_ap_shift_reg_n_chan_stream_weig_12" [firmware/nnet_utils/nnet_conv_stream.h:201->firmware/nnet_utils/nnet_conv_stream.h:252]   --->   Operation 14 'store' 'store_ln201' <Predicate = true> <Delay = 0.00>
ST_1 : Operation 15 [1/1] (0.00ns)   --->   "%store_ln201 = store i16 %void_compute_output_buffer_2d_array_const_ap_shift_reg_n_chan_stream_weig_28, i16 %void_compute_output_buffer_2d_array_const_ap_shift_reg_n_chan_stream_weig_17" [firmware/nnet_utils/nnet_conv_stream.h:201->firmware/nnet_utils/nnet_conv_stream.h:252]   --->   Operation 15 'store' 'store_ln201' <Predicate = true> <Delay = 0.00>
ST_1 : Operation 16 [1/1] (0.00ns)   --->   "%store_ln201 = store i16 %void_compute_output_buffer_2d_array_const_ap_shift_reg_n_chan_stream_weig_29, i16 %void_compute_output_buffer_2d_array_const_ap_shift_reg_n_chan_stream_weig_14" [firmware/nnet_utils/nnet_conv_stream.h:201->firmware/nnet_utils/nnet_conv_stream.h:252]   --->   Operation 16 'store' 'store_ln201' <Predicate = true> <Delay = 0.00>
ST_1 : Operation 17 [1/1] (0.00ns)   --->   "%store_ln201 = store i16 %void_compute_output_buffer_2d_array_const_ap_shift_reg_n_chan_stream_weig_30, i16 %void_compute_output_buffer_2d_array_const_ap_shift_reg_n_chan_stream_weig_11" [firmware/nnet_utils/nnet_conv_stream.h:201->firmware/nnet_utils/nnet_conv_stream.h:252]   --->   Operation 17 'store' 'store_ln201' <Predicate = true> <Delay = 0.00>
ST_1 : Operation 18 [1/1] (0.00ns)   --->   "%store_ln214 = store i16 %p_0_i, i16 %void_compute_output_buffer_2d_array_const_ap_shift_reg_n_chan_stream_weig_16" [firmware/nnet_utils/nnet_conv_stream.h:214->firmware/nnet_utils/nnet_conv_stream.h:252]   --->   Operation 18 'store' 'store_ln214' <Predicate = true> <Delay = 0.00>
ST_1 : Operation 19 [1/1] (0.00ns)   --->   "%store_ln214 = store i16 %p_03_i, i16 %void_compute_output_buffer_2d_array_const_ap_shift_reg_n_chan_stream_weig_13" [firmware/nnet_utils/nnet_conv_stream.h:214->firmware/nnet_utils/nnet_conv_stream.h:252]   --->   Operation 19 'store' 'store_ln214' <Predicate = true> <Delay = 0.00>
ST_1 : Operation 20 [1/1] (0.00ns)   --->   "%store_ln214 = store i16 %in_elem_0_0_0_0_0_val_read, i16 %void_compute_output_buffer_2d_array_const_ap_shift_reg_n_chan_stream_weig_10" [firmware/nnet_utils/nnet_conv_stream.h:214->firmware/nnet_utils/nnet_conv_stream.h:252]   --->   Operation 20 'store' 'store_ln214' <Predicate = true> <Delay = 0.00>
ST_1 : Operation 21 [1/1] (0.00ns)   --->   "%ret_ln241 = ret" [firmware/nnet_utils/nnet_conv_stream.h:241]   --->   Operation 21 'ret' 'ret_ln241' <Predicate = true> <Delay = 0.00>


============================================================
+ Verbose Summary: Timing violations
============================================================
Target clock period: 5.000ns, clock uncertainty: 0.625ns.

 <State 1>: 1.222ns
The critical path consists of the following:
	wire read operation ('in_elem_0_0_0_0_0_val_read', firmware/nnet_utils/nnet_conv_stream.h:246) on port 'in_elem_0_0_0_0_0_val' (firmware/nnet_utils/nnet_conv_stream.h:246) [12]  (0.000 ns)
	'memshiftread' operation ('p_03_i', firmware/nnet_utils/nnet_conv_stream.h:246) [13]  (0.611 ns)
	'memshiftread' operation ('p_0_i', firmware/nnet_utils/nnet_conv_stream.h:246) [14]  (0.611 ns)


============================================================
+ Verbose Summary: Binding
============================================================
N/A
* FSMD analyzer results:
  - Output states:
 - Input state : 
  - Chain level:
	State 1


============================================================
+ Verbose Summary: Datapath Resource usage 
============================================================
N/A
