

================================================================
== Vitis HLS Report for 'compute_output_buffer_2d_array_array_ap_fixed_16_6_5_3_0_8u_config2_s'
================================================================
* Date:           Mon May 20 13:41:07 2024

* Version:        2023.1 (Build 3854077 on May  4 2023)
* Project:        myproject_prj
* Solution:       solution1 (Vivado IP Flow Target)
* Product family: kintexu
* Target device:  xcku040-ffva1156-2-e


================================================================
== Performance Estimates
================================================================
+ Timing: 
    * Summary: 
    +--------+----------+----------+------------+
    |  Clock |  Target  | Estimated| Uncertainty|
    +--------+----------+----------+------------+
    |ap_clk  |  25.00 ns|  7.357 ns|     6.75 ns|
    +--------+----------+----------+------------+

+ Latency: 
    * Summary: 
    +---------+---------+-----------+-----------+-----+-----+---------+
    |  Latency (cycles) |   Latency (absolute)  |  Interval | Pipeline|
    |   min   |   max   |    min    |    max    | min | max |   Type  |
    +---------+---------+-----------+-----------+-----+-----+---------+
    |        1|        1|  25.000 ns|  25.000 ns|    2|    2|      yes|
    +---------+---------+-----------+-----------+-----+-----+---------+

    + Detail: 
        * Instance: 
        +----------------------------------------------------------------------------------+-----------------------------------------------------------------------+---------+---------+----------+----------+-----+-----+---------+
        |                                                                                  |                                                                       |  Latency (cycles) |  Latency (absolute) |  Interval | Pipeline|
        |                                     Instance                                     |                                 Module                                |   min   |   max   |    min   |    max   | min | max |   Type  |
        +----------------------------------------------------------------------------------+-----------------------------------------------------------------------+---------+---------+----------+----------+-----+-----+---------+
        |call_ln286_shift_line_buffer_array_ap_fixed_16_6_5_3_0_1u_config2_s_fu_91         |shift_line_buffer_array_ap_fixed_16_6_5_3_0_1u_config2_s               |        0|        0|      0 ns|      0 ns|    1|    1|      yes|
        |tmp_dense_resource_ap_fixed_16_6_5_3_0_ap_fixed_16_6_5_3_0_config2_mult_s_fu_119  |dense_resource_ap_fixed_16_6_5_3_0_ap_fixed_16_6_5_3_0_config2_mult_s  |        0|        0|      0 ns|      0 ns|    1|    1|      yes|
        +----------------------------------------------------------------------------------+-----------------------------------------------------------------------+---------+---------+----------+----------+-----+-----+---------+

        * Loop: 
        N/A



================================================================
== Utilization Estimates
================================================================
* Summary: 
+-----------------+---------+------+--------+--------+-----+
|       Name      | BRAM_18K|  DSP |   FF   |   LUT  | URAM|
+-----------------+---------+------+--------+--------+-----+
|DSP              |        -|     -|       -|       -|    -|
|Expression       |        -|     -|       0|     464|    -|
|FIFO             |        -|     -|       -|       -|    -|
|Instance         |        -|    39|       1|    2458|    -|
|Memory           |        -|     -|       -|       -|    -|
|Multiplexer      |        -|     -|       -|      78|    -|
|Register         |        -|     -|     404|       -|    -|
+-----------------+---------+------+--------+--------+-----+
|Total            |        0|    39|     405|    3000|    0|
+-----------------+---------+------+--------+--------+-----+
|Available        |     1200|  1920|  484800|  242400|    0|
+-----------------+---------+------+--------+--------+-----+
|Utilization (%)  |        0|     2|      ~0|       1|    0|
+-----------------+---------+------+--------+--------+-----+

+ Detail: 
    * Instance: 
    +----------------------------------------------------------------------------------+-----------------------------------------------------------------------+---------+----+---+------+-----+
    |                                     Instance                                     |                                 Module                                | BRAM_18K| DSP| FF|  LUT | URAM|
    +----------------------------------------------------------------------------------+-----------------------------------------------------------------------+---------+----+---+------+-----+
    |tmp_dense_resource_ap_fixed_16_6_5_3_0_ap_fixed_16_6_5_3_0_config2_mult_s_fu_119  |dense_resource_ap_fixed_16_6_5_3_0_ap_fixed_16_6_5_3_0_config2_mult_s  |        0|  39|  0|  2402|    0|
    |call_ln286_shift_line_buffer_array_ap_fixed_16_6_5_3_0_1u_config2_s_fu_91         |shift_line_buffer_array_ap_fixed_16_6_5_3_0_1u_config2_s               |        0|   0|  1|    56|    0|
    +----------------------------------------------------------------------------------+-----------------------------------------------------------------------+---------+----+---+------+-----+
    |Total                                                                             |                                                                       |        0|  39|  1|  2458|    0|
    +----------------------------------------------------------------------------------+-----------------------------------------------------------------------+---------+----+---+------+-----+

    * DSP: 
    N/A

    * Memory: 
    N/A

    * FIFO: 
    N/A

    * Expression: 
    +--------------------------------+----------+----+---+----+------------+------------+
    |          Variable Name         | Operation| DSP| FF| LUT| Bitwidth P0| Bitwidth P1|
    +--------------------------------+----------+----+---+----+------------+------------+
    |add_ln313_fu_266_p2             |         +|   0|  0|  39|          32|           1|
    |add_ln317_fu_313_p2             |         +|   0|  0|  39|          32|           1|
    |add_ln323_fu_330_p2             |         +|   0|  0|  39|          32|           1|
    |add_ln328_fu_283_p2             |         +|   0|  0|  39|          32|           1|
    |and_ln289_1_fu_207_p2           |       and|   0|  0|   2|           1|           1|
    |and_ln289_fu_201_p2             |       and|   0|  0|   2|           1|           1|
    |ap_block_state2                 |       and|   0|  0|   2|           1|           1|
    |ap_condition_136                |       and|   0|  0|   2|           1|           1|
    |ap_condition_197                |       and|   0|  0|   2|           1|           1|
    |ap_predicate_op30_write_state2  |       and|   0|  0|   2|           1|           1|
    |grp_fu_141_p2                   |      icmp|   0|  0|  39|          32|           2|
    |icmp_ln289_2_fu_179_p2          |      icmp|   0|  0|  38|          31|           1|
    |icmp_ln289_3_fu_195_p2          |      icmp|   0|  0|  38|          31|           1|
    |icmp_ln289_fu_150_p2            |      icmp|   0|  0|  39|          32|           2|
    |icmp_ln313_fu_271_p2            |      icmp|   0|  0|  39|          32|           4|
    |icmp_ln317_fu_318_p2            |      icmp|   0|  0|  39|          32|           4|
    |select_ln323_fu_335_p3          |    select|   0|  0|  32|           1|           2|
    |select_ln328_fu_288_p3          |    select|   0|  0|  32|           1|           2|
    +--------------------------------+----------+----+---+----+------------+------------+
    |Total                           |          |   0|  0| 464|         326|          28|
    +--------------------------------+----------+----+---+----+------------+------------+

    * Multiplexer: 
    +------------------------------------+----+-----------+-----+-----------+
    |                Name                | LUT| Input Size| Bits| Total Bits|
    +------------------------------------+----+-----------+-----+-----------+
    |ap_NS_fsm                           |  14|          3|    1|          3|
    |ap_phi_mux_storemerge_phi_fu_84_p4  |  14|          3|   32|         96|
    |grp_fu_141_p0                       |  14|          3|   32|         96|
    |layer2_out_blk_n                    |   9|          2|    1|          2|
    |pX_3                                |   9|          2|   32|         64|
    |pY_3                                |   9|          2|   32|         64|
    |sX_3                                |   9|          2|   32|         64|
    +------------------------------------+----+-----------+-----+-----------+
    |Total                               |  78|         17|  162|        389|
    +------------------------------------+----+-----------+-----+-----------+

    * Register: 
    +------------------------------------------------------------------------------+----+----+-----+-----------+
    |                                     Name                                     | FF | LUT| Bits| Const Bits|
    +------------------------------------------------------------------------------+----+----+-----+-----------+
    |and_ln289_1_reg_382                                                           |   1|   0|    1|          0|
    |ap_CS_fsm                                                                     |   2|   0|    2|          0|
    |icmp_ln289_reg_361                                                            |   1|   0|    1|          0|
    |pX_3                                                                          |  32|   0|   32|          0|
    |pX_3_load_reg_377                                                             |  32|   0|   32|          0|
    |pY_3                                                                          |  32|   0|   32|          0|
    |pY_3_load_reg_372                                                             |  32|   0|   32|          0|
    |sX_3                                                                          |  32|   0|   32|          0|
    |sX_3_load_reg_356                                                             |  32|   0|   32|          0|
    |sY_3                                                                          |  32|   0|   32|          0|
    |sY_3_load_reg_366                                                             |  32|   0|   32|          0|
    |void_compute_output_buffer_2d_array_const_ap_shift_reg_n_chan_stream_weig_10  |  16|   0|   16|          0|
    |void_compute_output_buffer_2d_array_const_ap_shift_reg_n_chan_stream_weig_11  |  16|   0|   16|          0|
    |void_compute_output_buffer_2d_array_const_ap_shift_reg_n_chan_stream_weig_12  |  16|   0|   16|          0|
    |void_compute_output_buffer_2d_array_const_ap_shift_reg_n_chan_stream_weig_13  |  16|   0|   16|          0|
    |void_compute_output_buffer_2d_array_const_ap_shift_reg_n_chan_stream_weig_14  |  16|   0|   16|          0|
    |void_compute_output_buffer_2d_array_const_ap_shift_reg_n_chan_stream_weig_15  |  16|   0|   16|          0|
    |void_compute_output_buffer_2d_array_const_ap_shift_reg_n_chan_stream_weig_16  |  16|   0|   16|          0|
    |void_compute_output_buffer_2d_array_const_ap_shift_reg_n_chan_stream_weig_17  |  16|   0|   16|          0|
    |void_compute_output_buffer_2d_array_const_ap_shift_reg_n_chan_stream_weig_18  |  16|   0|   16|          0|
    +------------------------------------------------------------------------------+----+----+-----+-----------+
    |Total                                                                         | 404|   0|  404|          0|
    +------------------------------------------------------------------------------+----+----+-----+-----------+



================================================================
== Interface
================================================================
* Summary: 
+---------------------------+-----+-----+------------+------------------------------------------------------------------------+--------------+
|         RTL Ports         | Dir | Bits|  Protocol  |                              Source Object                             |    C Type    |
+---------------------------+-----+-----+------------+------------------------------------------------------------------------+--------------+
|ap_clk                     |   in|    1|  ap_ctrl_hs|  compute_output_buffer_2d<array,array<ap_fixed<16,6,5,3,0>,8u>,config2>|  return value|
|ap_rst                     |   in|    1|  ap_ctrl_hs|  compute_output_buffer_2d<array,array<ap_fixed<16,6,5,3,0>,8u>,config2>|  return value|
|ap_start                   |   in|    1|  ap_ctrl_hs|  compute_output_buffer_2d<array,array<ap_fixed<16,6,5,3,0>,8u>,config2>|  return value|
|ap_done                    |  out|    1|  ap_ctrl_hs|  compute_output_buffer_2d<array,array<ap_fixed<16,6,5,3,0>,8u>,config2>|  return value|
|ap_idle                    |  out|    1|  ap_ctrl_hs|  compute_output_buffer_2d<array,array<ap_fixed<16,6,5,3,0>,8u>,config2>|  return value|
|ap_ready                   |  out|    1|  ap_ctrl_hs|  compute_output_buffer_2d<array,array<ap_fixed<16,6,5,3,0>,8u>,config2>|  return value|
|layer2_out_blk_n           |  out|    1|  ap_ctrl_hs|  compute_output_buffer_2d<array,array<ap_fixed<16,6,5,3,0>,8u>,config2>|  return value|
|ap_ce                      |   in|    1|  ap_ctrl_hs|  compute_output_buffer_2d<array,array<ap_fixed<16,6,5,3,0>,8u>,config2>|  return value|
|in_elem_0_0_0_0_0_val      |   in|   16|     ap_none|                                                   in_elem_0_0_0_0_0_val|        scalar|
|layer2_out_din             |  out|  128|     ap_fifo|                                                              layer2_out|       pointer|
|layer2_out_num_data_valid  |   in|    8|     ap_fifo|                                                              layer2_out|       pointer|
|layer2_out_fifo_cap        |   in|    8|     ap_fifo|                                                              layer2_out|       pointer|
|layer2_out_full_n          |   in|    1|     ap_fifo|                                                              layer2_out|       pointer|
|layer2_out_write           |  out|    1|     ap_fifo|                                                              layer2_out|       pointer|
+---------------------------+-----+-----+------------+------------------------------------------------------------------------+--------------+

