

================================================================
== Vitis HLS Report for 'relu_array_ap_fixed_13u_array_ap_ufixed_10_0_4_0_0_13u_relu_config15_s'
================================================================
* Date:           Mon May 20 13:41:22 2024

* Version:        2023.1 (Build 3854077 on May  4 2023)
* Project:        myproject_prj
* Solution:       solution1 (Vivado IP Flow Target)
* Product family: kintexu
* Target device:  xcku040-ffva1156-2-e


================================================================
== Performance Estimates
================================================================
+ Timing: 
    * Summary: 
    +--------+----------+----------+------------+
    |  Clock |  Target  | Estimated| Uncertainty|
    +--------+----------+----------+------------+
    |ap_clk  |  25.00 ns|  6.252 ns|     6.75 ns|
    +--------+----------+----------+------------+

+ Latency: 
    * Summary: 
    +---------+---------+----------+----------+-----+-----+---------+
    |  Latency (cycles) |  Latency (absolute) |  Interval | Pipeline|
    |   min   |   max   |    min   |    max   | min | max |   Type  |
    +---------+---------+----------+----------+-----+-----+---------+
    |        0|        0|      0 ns|      0 ns|    0|    0|       no|
    +---------+---------+----------+----------+-----+-----+---------+

    + Detail: 
        * Instance: 
        N/A

        * Loop: 
        N/A



================================================================
== Utilization Estimates
================================================================
* Summary: 
+-----------------+---------+------+--------+--------+-----+
|       Name      | BRAM_18K|  DSP |   FF   |   LUT  | URAM|
+-----------------+---------+------+--------+--------+-----+
|DSP              |        -|     -|       -|       -|    -|
|Expression       |        -|     -|       0|     730|    -|
|FIFO             |        -|     -|       -|       -|    -|
|Instance         |        -|     -|       -|       -|    -|
|Memory           |        -|     -|       -|       -|    -|
|Multiplexer      |        -|     -|       -|      36|    -|
|Register         |        -|     -|       3|       -|    -|
+-----------------+---------+------+--------+--------+-----+
|Total            |        0|     0|       3|     766|    0|
+-----------------+---------+------+--------+--------+-----+
|Available        |     1200|  1920|  484800|  242400|    0|
+-----------------+---------+------+--------+--------+-----+
|Utilization (%)  |        0|     0|      ~0|      ~0|    0|
+-----------------+---------+------+--------+--------+-----+

+ Detail: 
    * Instance: 
    N/A

    * DSP: 
    N/A

    * Memory: 
    N/A

    * FIFO: 
    N/A

    * Expression: 
    +--------------------------+----------+----+---+----+------------+------------+
    |       Variable Name      | Operation| DSP| FF| LUT| Bitwidth P0| Bitwidth P1|
    +--------------------------+----------+----+---+----+------------+------------+
    |icmp_ln51_20_fu_313_p2    |      icmp|   0|  0|  23|          16|           1|
    |icmp_ln51_21_fu_361_p2    |      icmp|   0|  0|  23|          16|           1|
    |icmp_ln51_22_fu_409_p2    |      icmp|   0|  0|  23|          16|           1|
    |icmp_ln51_23_fu_457_p2    |      icmp|   0|  0|  23|          16|           1|
    |icmp_ln51_24_fu_505_p2    |      icmp|   0|  0|  23|          16|           1|
    |icmp_ln51_25_fu_553_p2    |      icmp|   0|  0|  23|          16|           1|
    |icmp_ln51_26_fu_601_p2    |      icmp|   0|  0|  23|          16|           1|
    |icmp_ln51_27_fu_649_p2    |      icmp|   0|  0|  23|          16|           1|
    |icmp_ln51_28_fu_697_p2    |      icmp|   0|  0|  23|          16|           1|
    |icmp_ln51_29_fu_745_p2    |      icmp|   0|  0|  23|          16|           1|
    |icmp_ln51_30_fu_793_p2    |      icmp|   0|  0|  23|          16|           1|
    |icmp_ln51_31_fu_841_p2    |      icmp|   0|  0|  23|          16|           1|
    |icmp_ln51_fu_271_p2       |      icmp|   0|  0|  23|          16|           1|
    |icmp_ln52_20_fu_339_p2    |      icmp|   0|  0|  13|           6|           1|
    |icmp_ln52_21_fu_387_p2    |      icmp|   0|  0|  13|           6|           1|
    |icmp_ln52_22_fu_435_p2    |      icmp|   0|  0|  13|           6|           1|
    |icmp_ln52_23_fu_483_p2    |      icmp|   0|  0|  13|           6|           1|
    |icmp_ln52_24_fu_531_p2    |      icmp|   0|  0|  13|           6|           1|
    |icmp_ln52_25_fu_579_p2    |      icmp|   0|  0|  13|           6|           1|
    |icmp_ln52_26_fu_627_p2    |      icmp|   0|  0|  13|           6|           1|
    |icmp_ln52_27_fu_675_p2    |      icmp|   0|  0|  13|           6|           1|
    |icmp_ln52_28_fu_723_p2    |      icmp|   0|  0|  13|           6|           1|
    |icmp_ln52_29_fu_771_p2    |      icmp|   0|  0|  13|           6|           1|
    |icmp_ln52_30_fu_819_p2    |      icmp|   0|  0|  13|           6|           1|
    |icmp_ln52_31_fu_867_p2    |      icmp|   0|  0|  13|           6|           1|
    |icmp_ln52_fu_291_p2       |      icmp|   0|  0|  13|           6|           1|
    |ap_block_state1           |        or|   0|  0|   2|           1|           1|
    |select_ln51_12_fu_353_p3  |    select|   0|  0|  10|           1|          10|
    |select_ln51_13_fu_401_p3  |    select|   0|  0|  10|           1|          10|
    |select_ln51_14_fu_449_p3  |    select|   0|  0|  10|           1|          10|
    |select_ln51_15_fu_497_p3  |    select|   0|  0|  10|           1|          10|
    |select_ln51_16_fu_545_p3  |    select|   0|  0|  10|           1|          10|
    |select_ln51_17_fu_593_p3  |    select|   0|  0|  10|           1|          10|
    |select_ln51_18_fu_641_p3  |    select|   0|  0|  10|           1|          10|
    |select_ln51_19_fu_689_p3  |    select|   0|  0|  10|           1|          10|
    |select_ln51_20_fu_737_p3  |    select|   0|  0|  10|           1|          10|
    |select_ln51_21_fu_785_p3  |    select|   0|  0|  10|           1|          10|
    |select_ln51_22_fu_833_p3  |    select|   0|  0|  10|           1|          10|
    |select_ln51_23_fu_881_p3  |    select|   0|  0|  10|           1|          10|
    |select_ln51_fu_305_p3     |    select|   0|  0|  10|           1|          10|
    |select_ln52_12_fu_345_p3  |    select|   0|  0|  10|           1|           2|
    |select_ln52_13_fu_393_p3  |    select|   0|  0|  10|           1|           2|
    |select_ln52_14_fu_441_p3  |    select|   0|  0|  10|           1|           2|
    |select_ln52_15_fu_489_p3  |    select|   0|  0|  10|           1|           2|
    |select_ln52_16_fu_537_p3  |    select|   0|  0|  10|           1|           2|
    |select_ln52_17_fu_585_p3  |    select|   0|  0|  10|           1|           2|
    |select_ln52_18_fu_633_p3  |    select|   0|  0|  10|           1|           2|
    |select_ln52_19_fu_681_p3  |    select|   0|  0|  10|           1|           2|
    |select_ln52_20_fu_729_p3  |    select|   0|  0|  10|           1|           2|
    |select_ln52_21_fu_777_p3  |    select|   0|  0|  10|           1|           2|
    |select_ln52_22_fu_825_p3  |    select|   0|  0|  10|           1|           2|
    |select_ln52_23_fu_873_p3  |    select|   0|  0|  10|           1|           2|
    |select_ln52_fu_297_p3     |    select|   0|  0|  10|           1|           2|
    +--------------------------+----------+----+---+----+------------+------------+
    |Total                     |          |   0|  0| 730|         313|         183|
    +--------------------------+----------+----+---+----+------------+------------+

    * Multiplexer: 
    +-------------------+----+-----------+-----+-----------+
    |        Name       | LUT| Input Size| Bits| Total Bits|
    +-------------------+----+-----------+-----+-----------+
    |ap_done            |   9|          2|    1|          2|
    |layer13_out_blk_n  |   9|          2|    1|          2|
    |layer15_out_blk_n  |   9|          2|    1|          2|
    |real_start         |   9|          2|    1|          2|
    +-------------------+----+-----------+-----+-----------+
    |Total              |  36|          8|    4|          8|
    +-------------------+----+-----------+-----+-----------+

    * Register: 
    +----------------+---+----+-----+-----------+
    |      Name      | FF| LUT| Bits| Const Bits|
    +----------------+---+----+-----+-----------+
    |ap_CS_fsm       |  1|   0|    1|          0|
    |ap_done_reg     |  1|   0|    1|          0|
    |start_once_reg  |  1|   0|    1|          0|
    +----------------+---+----+-----+-----------+
    |Total           |  3|   0|    3|          0|
    +----------------+---+----+-----+-----------+



================================================================
== Interface
================================================================
* Summary: 
+----------------------------+-----+-----+------------+--------------------------------------------------------------------------+--------------+
|          RTL Ports         | Dir | Bits|  Protocol  |                               Source Object                              |    C Type    |
+----------------------------+-----+-----+------------+--------------------------------------------------------------------------+--------------+
|ap_clk                      |   in|    1|  ap_ctrl_hs|  relu<array<ap_fixed,13u>,array<ap_ufixed<10,0,4,0,0>,13u>,relu_config15>|  return value|
|ap_rst                      |   in|    1|  ap_ctrl_hs|  relu<array<ap_fixed,13u>,array<ap_ufixed<10,0,4,0,0>,13u>,relu_config15>|  return value|
|ap_start                    |   in|    1|  ap_ctrl_hs|  relu<array<ap_fixed,13u>,array<ap_ufixed<10,0,4,0,0>,13u>,relu_config15>|  return value|
|start_full_n                |   in|    1|  ap_ctrl_hs|  relu<array<ap_fixed,13u>,array<ap_ufixed<10,0,4,0,0>,13u>,relu_config15>|  return value|
|ap_done                     |  out|    1|  ap_ctrl_hs|  relu<array<ap_fixed,13u>,array<ap_ufixed<10,0,4,0,0>,13u>,relu_config15>|  return value|
|ap_continue                 |   in|    1|  ap_ctrl_hs|  relu<array<ap_fixed,13u>,array<ap_ufixed<10,0,4,0,0>,13u>,relu_config15>|  return value|
|ap_idle                     |  out|    1|  ap_ctrl_hs|  relu<array<ap_fixed,13u>,array<ap_ufixed<10,0,4,0,0>,13u>,relu_config15>|  return value|
|ap_ready                    |  out|    1|  ap_ctrl_hs|  relu<array<ap_fixed,13u>,array<ap_ufixed<10,0,4,0,0>,13u>,relu_config15>|  return value|
|start_out                   |  out|    1|  ap_ctrl_hs|  relu<array<ap_fixed,13u>,array<ap_ufixed<10,0,4,0,0>,13u>,relu_config15>|  return value|
|start_write                 |  out|    1|  ap_ctrl_hs|  relu<array<ap_fixed,13u>,array<ap_ufixed<10,0,4,0,0>,13u>,relu_config15>|  return value|
|layer13_out_dout            |   in|  208|     ap_fifo|                                                               layer13_out|       pointer|
|layer13_out_num_data_valid  |   in|    2|     ap_fifo|                                                               layer13_out|       pointer|
|layer13_out_fifo_cap        |   in|    2|     ap_fifo|                                                               layer13_out|       pointer|
|layer13_out_empty_n         |   in|    1|     ap_fifo|                                                               layer13_out|       pointer|
|layer13_out_read            |  out|    1|     ap_fifo|                                                               layer13_out|       pointer|
|layer15_out_din             |  out|  130|     ap_fifo|                                                               layer15_out|       pointer|
|layer15_out_num_data_valid  |   in|    2|     ap_fifo|                                                               layer15_out|       pointer|
|layer15_out_fifo_cap        |   in|    2|     ap_fifo|                                                               layer15_out|       pointer|
|layer15_out_full_n          |   in|    1|     ap_fifo|                                                               layer15_out|       pointer|
|layer15_out_write           |  out|    1|     ap_fifo|                                                               layer15_out|       pointer|
+----------------------------+-----+-----+------------+--------------------------------------------------------------------------+--------------+

