

================================================================
== Vitis HLS Report for 'zeropad2d_cl_array_ap_fixed_8u_array_ap_fixed_16_6_5_3_0_8u_config20_s'
================================================================
* Date:           Mon May 20 13:41:08 2024

* Version:        2023.1 (Build 3854077 on May  4 2023)
* Project:        myproject_prj
* Solution:       solution1 (Vivado IP Flow Target)
* Product family: kintexu
* Target device:  xcku040-ffva1156-2-e


================================================================
== Performance Estimates
================================================================
+ Timing: 
    * Summary: 
    +--------+----------+----------+------------+
    |  Clock |  Target  | Estimated| Uncertainty|
    +--------+----------+----------+------------+
    |ap_clk  |  25.00 ns|  2.233 ns|     6.75 ns|
    +--------+----------+----------+------------+

+ Latency: 
    * Summary: 
    +---------+---------+----------+----------+-----+-----+---------+
    |  Latency (cycles) |  Latency (absolute) |  Interval | Pipeline|
    |   min   |   max   |    min   |    max   | min | max |   Type  |
    +---------+---------+----------+----------+-----+-----+---------+
    |       61|       61|  1.525 us|  1.525 us|   61|   61|       no|
    +---------+---------+----------+----------+-----+-----+---------+

    + Detail: 
        * Instance: 
        +-----------------------------------------------------------------------------------------+-------------------------------------------------------------------------------+---------+---------+----------+----------+-----+-----+---------+
        |                                                                                         |                                                                               |  Latency (cycles) |  Latency (absolute) |  Interval | Pipeline|
        |                                         Instance                                        |                                     Module                                    |   min   |   max   |    min   |    max   | min | max |   Type  |
        +-----------------------------------------------------------------------------------------+-------------------------------------------------------------------------------+---------+---------+----------+----------+-----+-----+---------+
        |grp_zeropad2d_cl_array_array_ap_fixed_16_6_5_3_0_8u_config20_Pipeline_PadTopWidth_fu_22  |zeropad2d_cl_array_array_ap_fixed_16_6_5_3_0_8u_config20_Pipeline_PadTopWidth  |       10|       10|  0.250 us|  0.250 us|   10|   10|       no|
        |grp_zeropad2d_cl_array_array_ap_fixed_16_6_5_3_0_8u_config20_Pipeline_PadMain_fu_28      |zeropad2d_cl_array_array_ap_fixed_16_6_5_3_0_8u_config20_Pipeline_PadMain      |       34|       34|  0.850 us|  0.850 us|   34|   34|       no|
        |grp_zeropad2d_cl_array_array_ap_fixed_8u_config20_Pipeline_PadBottomWidth_fu_36          |zeropad2d_cl_array_array_ap_fixed_8u_config20_Pipeline_PadBottomWidth          |       10|       10|  0.250 us|  0.250 us|   10|   10|       no|
        +-----------------------------------------------------------------------------------------+-------------------------------------------------------------------------------+---------+---------+----------+----------+-----+-----+---------+

        * Loop: 
        N/A



================================================================
== Utilization Estimates
================================================================
* Summary: 
+-----------------+---------+------+--------+--------+-----+
|       Name      | BRAM_18K|  DSP |   FF   |   LUT  | URAM|
+-----------------+---------+------+--------+--------+-----+
|DSP              |        -|     -|       -|       -|    -|
|Expression       |        -|     -|       0|       2|    -|
|FIFO             |        -|     -|       -|       -|    -|
|Instance         |        -|     -|     157|     315|    -|
|Memory           |        -|     -|       -|       -|    -|
|Multiplexer      |        -|     -|       -|     110|    -|
|Register         |        -|     -|      13|       -|    -|
+-----------------+---------+------+--------+--------+-----+
|Total            |        0|     0|     170|     427|    0|
+-----------------+---------+------+--------+--------+-----+
|Available        |     1200|  1920|  484800|  242400|    0|
+-----------------+---------+------+--------+--------+-----+
|Utilization (%)  |        0|     0|      ~0|      ~0|    0|
+-----------------+---------+------+--------+--------+-----+

+ Detail: 
    * Instance: 
    +-----------------------------------------------------------------------------------------+-------------------------------------------------------------------------------+---------+----+-----+-----+-----+
    |                                         Instance                                        |                                     Module                                    | BRAM_18K| DSP|  FF | LUT | URAM|
    +-----------------------------------------------------------------------------------------+-------------------------------------------------------------------------------+---------+----+-----+-----+-----+
    |grp_zeropad2d_cl_array_array_ap_fixed_16_6_5_3_0_8u_config20_Pipeline_PadMain_fu_28      |zeropad2d_cl_array_array_ap_fixed_16_6_5_3_0_8u_config20_Pipeline_PadMain      |        0|   0|  143|  169|    0|
    |grp_zeropad2d_cl_array_array_ap_fixed_16_6_5_3_0_8u_config20_Pipeline_PadTopWidth_fu_22  |zeropad2d_cl_array_array_ap_fixed_16_6_5_3_0_8u_config20_Pipeline_PadTopWidth  |        0|   0|    7|   73|    0|
    |grp_zeropad2d_cl_array_array_ap_fixed_8u_config20_Pipeline_PadBottomWidth_fu_36          |zeropad2d_cl_array_array_ap_fixed_8u_config20_Pipeline_PadBottomWidth          |        0|   0|    7|   73|    0|
    +-----------------------------------------------------------------------------------------+-------------------------------------------------------------------------------+---------+----+-----+-----+-----+
    |Total                                                                                    |                                                                               |        0|   0|  157|  315|    0|
    +-----------------------------------------------------------------------------------------+-------------------------------------------------------------------------------+---------+----+-----+-----+-----+

    * DSP: 
    N/A

    * Memory: 
    N/A

    * FIFO: 
    N/A

    * Expression: 
    +-----------------+----------+----+---+----+------------+------------+
    |  Variable Name  | Operation| DSP| FF| LUT| Bitwidth P0| Bitwidth P1|
    +-----------------+----------+----+---+----+------------+------------+
    |ap_block_state1  |        or|   0|  0|   2|           1|           1|
    +-----------------+----------+----+---+----+------------+------------+
    |Total            |          |   0|  0|   2|           1|           1|
    +-----------------+----------+----+---+----+------------+------------+

    * Multiplexer: 
    +-------------------+----+-----------+-----+-----------+
    |        Name       | LUT| Input Size| Bits| Total Bits|
    +-------------------+----+-----------+-----+-----------+
    |ap_NS_fsm          |  49|          9|    1|          9|
    |ap_done            |   9|          2|    1|          2|
    |layer20_out_din    |  14|          3|  128|        384|
    |layer20_out_write  |  20|          4|    1|          4|
    |layer5_out_read    |   9|          2|    1|          2|
    |real_start         |   9|          2|    1|          2|
    +-------------------+----+-----------+-----+-----------+
    |Total              | 110|         22|  133|        403|
    +-------------------+----+-----------+-----+-----------+

    * Register: 
    +------------------------------------------------------------------------------------------------------+---+----+-----+-----------+
    |                                                 Name                                                 | FF| LUT| Bits| Const Bits|
    +------------------------------------------------------------------------------------------------------+---+----+-----+-----------+
    |ap_CS_fsm                                                                                             |  8|   0|    8|          0|
    |ap_done_reg                                                                                           |  1|   0|    1|          0|
    |grp_zeropad2d_cl_array_array_ap_fixed_16_6_5_3_0_8u_config20_Pipeline_PadMain_fu_28_ap_start_reg      |  1|   0|    1|          0|
    |grp_zeropad2d_cl_array_array_ap_fixed_16_6_5_3_0_8u_config20_Pipeline_PadTopWidth_fu_22_ap_start_reg  |  1|   0|    1|          0|
    |grp_zeropad2d_cl_array_array_ap_fixed_8u_config20_Pipeline_PadBottomWidth_fu_36_ap_start_reg          |  1|   0|    1|          0|
    |start_once_reg                                                                                        |  1|   0|    1|          0|
    +------------------------------------------------------------------------------------------------------+---+----+-----+-----------+
    |Total                                                                                                 | 13|   0|   13|          0|
    +------------------------------------------------------------------------------------------------------+---+----+-----+-----------+



================================================================
== Interface
================================================================
* Summary: 
+----------------------------+-----+-----+------------+--------------------------------------------------------------------------+--------------+
|          RTL Ports         | Dir | Bits|  Protocol  |                               Source Object                              |    C Type    |
+----------------------------+-----+-----+------------+--------------------------------------------------------------------------+--------------+
|ap_clk                      |   in|    1|  ap_ctrl_hs|  zeropad2d_cl<array<ap_fixed,8u>,array<ap_fixed<16,6,5,3,0>,8u>,config20>|  return value|
|ap_rst                      |   in|    1|  ap_ctrl_hs|  zeropad2d_cl<array<ap_fixed,8u>,array<ap_fixed<16,6,5,3,0>,8u>,config20>|  return value|
|ap_start                    |   in|    1|  ap_ctrl_hs|  zeropad2d_cl<array<ap_fixed,8u>,array<ap_fixed<16,6,5,3,0>,8u>,config20>|  return value|
|start_full_n                |   in|    1|  ap_ctrl_hs|  zeropad2d_cl<array<ap_fixed,8u>,array<ap_fixed<16,6,5,3,0>,8u>,config20>|  return value|
|ap_done                     |  out|    1|  ap_ctrl_hs|  zeropad2d_cl<array<ap_fixed,8u>,array<ap_fixed<16,6,5,3,0>,8u>,config20>|  return value|
|ap_continue                 |   in|    1|  ap_ctrl_hs|  zeropad2d_cl<array<ap_fixed,8u>,array<ap_fixed<16,6,5,3,0>,8u>,config20>|  return value|
|ap_idle                     |  out|    1|  ap_ctrl_hs|  zeropad2d_cl<array<ap_fixed,8u>,array<ap_fixed<16,6,5,3,0>,8u>,config20>|  return value|
|ap_ready                    |  out|    1|  ap_ctrl_hs|  zeropad2d_cl<array<ap_fixed,8u>,array<ap_fixed<16,6,5,3,0>,8u>,config20>|  return value|
|start_out                   |  out|    1|  ap_ctrl_hs|  zeropad2d_cl<array<ap_fixed,8u>,array<ap_fixed<16,6,5,3,0>,8u>,config20>|  return value|
|start_write                 |  out|    1|  ap_ctrl_hs|  zeropad2d_cl<array<ap_fixed,8u>,array<ap_fixed<16,6,5,3,0>,8u>,config20>|  return value|
|layer5_out_dout             |   in|  128|     ap_fifo|                                                                layer5_out|       pointer|
|layer5_out_num_data_valid   |   in|    6|     ap_fifo|                                                                layer5_out|       pointer|
|layer5_out_fifo_cap         |   in|    6|     ap_fifo|                                                                layer5_out|       pointer|
|layer5_out_empty_n          |   in|    1|     ap_fifo|                                                                layer5_out|       pointer|
|layer5_out_read             |  out|    1|     ap_fifo|                                                                layer5_out|       pointer|
|layer20_out_din             |  out|  128|     ap_fifo|                                                               layer20_out|       pointer|
|layer20_out_num_data_valid  |   in|    7|     ap_fifo|                                                               layer20_out|       pointer|
|layer20_out_fifo_cap        |   in|    7|     ap_fifo|                                                               layer20_out|       pointer|
|layer20_out_full_n          |   in|    1|     ap_fifo|                                                               layer20_out|       pointer|
|layer20_out_write           |  out|    1|     ap_fifo|                                                               layer20_out|       pointer|
+----------------------------+-----+-----+------------+--------------------------------------------------------------------------+--------------+

