

================================================================
== Vitis HLS Report for 'dense_latency_ap_fixed_16_6_5_3_0_ap_fixed_16_6_5_3_0_config10_s'
================================================================
* Date:           Thu Jul 11 13:47:20 2024

* Version:        2023.1 (Build 3854077 on May  4 2023)
* Project:        myproject_prj
* Solution:       solution1 (Vivado IP Flow Target)
* Product family: virtexuplus
* Target device:  xcvu13p-flga2577-2-e


================================================================
== Performance Estimates
================================================================
+ Timing: 
    * Summary: 
    +--------+---------+----------+------------+
    |  Clock |  Target | Estimated| Uncertainty|
    +--------+---------+----------+------------+
    |ap_clk  |  5.00 ns|  4.106 ns|     0.62 ns|
    +--------+---------+----------+------------+

+ Latency: 
    * Summary: 
    +---------+---------+----------+----------+-----+-----+---------+
    |  Latency (cycles) |  Latency (absolute) |  Interval | Pipeline|
    |   min   |   max   |    min   |    max   | min | max |   Type  |
    +---------+---------+----------+----------+-----+-----+---------+
    |        1|        1|  5.000 ns|  5.000 ns|    1|    1|      yes|
    +---------+---------+----------+----------+-----+-----+---------+

    + Detail: 
        * Instance: 
        N/A

        * Loop: 
        N/A

============================================================
+ Verbose Summary: Synthesis Manager
============================================================
InlineROM: 1
ExposeGlobal: 0
============================================================
+ Verbose Summary: CDFG Model
============================================================
IsTopModel: 0
ResetActiveHigh: 1
IsCombinational: 0
IsDatapathOnly: 0
HasWiredReturn: 1
HasMFsm: 2
HasVarLatency: 0
IsPipeline: 1
IsRtlPipelined: 1
IsInstanceOverlapped: 0
IsDontTouch: 0
HasImplIP: 0
IsGatedGlobalClock: 0

+ Individual pipeline summary: 
  * Pipeline-0: initiation interval (II) = 1, depth = 2


============================================================
+ Verbose Summary: Schedule
============================================================
* Number of FSM states : 2
* Pipeline : 1
  Pipeline-0 : II = 1, D = 2, States = { 1 2 }
* Dataflow Pipeline: 0

* FSM state transitions: 
1 --> 2 
2 --> 

* FSM state operations: 

State 1 <SV = 0> <Delay = 4.10>
ST_1 : Operation 3 [1/1] (0.00ns)   --->   "%data_15_val_read = read i16 @_ssdm_op_Read.ap_auto.i16, i16 %data_15_val" [firmware/nnet_utils/nnet_mult.h:70->firmware/nnet_utils/nnet_dense_latency.h:42]   --->   Operation 3 'read' 'data_15_val_read' <Predicate = true> <Delay = 0.00>
ST_1 : Operation 4 [1/1] (0.00ns)   --->   "%data_14_val_read = read i16 @_ssdm_op_Read.ap_auto.i16, i16 %data_14_val" [firmware/nnet_utils/nnet_mult.h:70->firmware/nnet_utils/nnet_dense_latency.h:42]   --->   Operation 4 'read' 'data_14_val_read' <Predicate = true> <Delay = 0.00>
ST_1 : Operation 5 [1/1] (0.00ns)   --->   "%data_13_val_read = read i16 @_ssdm_op_Read.ap_auto.i16, i16 %data_13_val" [firmware/nnet_utils/nnet_mult.h:70->firmware/nnet_utils/nnet_dense_latency.h:42]   --->   Operation 5 'read' 'data_13_val_read' <Predicate = true> <Delay = 0.00>
ST_1 : Operation 6 [1/1] (0.00ns)   --->   "%data_12_val_read = read i16 @_ssdm_op_Read.ap_auto.i16, i16 %data_12_val" [firmware/nnet_utils/nnet_mult.h:70->firmware/nnet_utils/nnet_dense_latency.h:42]   --->   Operation 6 'read' 'data_12_val_read' <Predicate = true> <Delay = 0.00>
ST_1 : Operation 7 [1/1] (0.00ns)   --->   "%data_11_val_read = read i16 @_ssdm_op_Read.ap_auto.i16, i16 %data_11_val" [firmware/nnet_utils/nnet_mult.h:70->firmware/nnet_utils/nnet_dense_latency.h:42]   --->   Operation 7 'read' 'data_11_val_read' <Predicate = true> <Delay = 0.00>
ST_1 : Operation 8 [1/1] (0.00ns)   --->   "%data_10_val_read = read i16 @_ssdm_op_Read.ap_auto.i16, i16 %data_10_val" [firmware/nnet_utils/nnet_mult.h:70->firmware/nnet_utils/nnet_dense_latency.h:42]   --->   Operation 8 'read' 'data_10_val_read' <Predicate = true> <Delay = 0.00>
ST_1 : Operation 9 [1/1] (0.00ns)   --->   "%data_9_val_read = read i16 @_ssdm_op_Read.ap_auto.i16, i16 %data_9_val" [firmware/nnet_utils/nnet_mult.h:70->firmware/nnet_utils/nnet_dense_latency.h:42]   --->   Operation 9 'read' 'data_9_val_read' <Predicate = true> <Delay = 0.00>
ST_1 : Operation 10 [1/1] (0.00ns)   --->   "%data_8_val_read = read i16 @_ssdm_op_Read.ap_auto.i16, i16 %data_8_val" [firmware/nnet_utils/nnet_mult.h:70->firmware/nnet_utils/nnet_dense_latency.h:42]   --->   Operation 10 'read' 'data_8_val_read' <Predicate = true> <Delay = 0.00>
ST_1 : Operation 11 [1/1] (0.00ns)   --->   "%data_7_val_read = read i16 @_ssdm_op_Read.ap_auto.i16, i16 %data_7_val" [firmware/nnet_utils/nnet_mult.h:70->firmware/nnet_utils/nnet_dense_latency.h:42]   --->   Operation 11 'read' 'data_7_val_read' <Predicate = true> <Delay = 0.00>
ST_1 : Operation 12 [1/1] (0.00ns)   --->   "%data_6_val_read = read i16 @_ssdm_op_Read.ap_auto.i16, i16 %data_6_val" [firmware/nnet_utils/nnet_mult.h:70->firmware/nnet_utils/nnet_dense_latency.h:42]   --->   Operation 12 'read' 'data_6_val_read' <Predicate = true> <Delay = 0.00>
ST_1 : Operation 13 [1/1] (0.00ns)   --->   "%data_5_val_read = read i16 @_ssdm_op_Read.ap_auto.i16, i16 %data_5_val" [firmware/nnet_utils/nnet_mult.h:70->firmware/nnet_utils/nnet_dense_latency.h:42]   --->   Operation 13 'read' 'data_5_val_read' <Predicate = true> <Delay = 0.00>
ST_1 : Operation 14 [1/1] (0.00ns)   --->   "%data_4_val_read = read i16 @_ssdm_op_Read.ap_auto.i16, i16 %data_4_val" [firmware/nnet_utils/nnet_mult.h:70->firmware/nnet_utils/nnet_dense_latency.h:42]   --->   Operation 14 'read' 'data_4_val_read' <Predicate = true> <Delay = 0.00>
ST_1 : Operation 15 [1/1] (0.00ns)   --->   "%data_3_val_read = read i16 @_ssdm_op_Read.ap_auto.i16, i16 %data_3_val" [firmware/nnet_utils/nnet_mult.h:70->firmware/nnet_utils/nnet_dense_latency.h:42]   --->   Operation 15 'read' 'data_3_val_read' <Predicate = true> <Delay = 0.00>
ST_1 : Operation 16 [1/1] (0.00ns)   --->   "%data_2_val_read = read i16 @_ssdm_op_Read.ap_auto.i16, i16 %data_2_val" [firmware/nnet_utils/nnet_mult.h:70->firmware/nnet_utils/nnet_dense_latency.h:42]   --->   Operation 16 'read' 'data_2_val_read' <Predicate = true> <Delay = 0.00>
ST_1 : Operation 17 [1/1] (0.00ns)   --->   "%data_1_val_read = read i16 @_ssdm_op_Read.ap_auto.i16, i16 %data_1_val" [firmware/nnet_utils/nnet_mult.h:70->firmware/nnet_utils/nnet_dense_latency.h:42]   --->   Operation 17 'read' 'data_1_val_read' <Predicate = true> <Delay = 0.00>
ST_1 : Operation 18 [1/1] (0.00ns)   --->   "%data_0_val_read = read i16 @_ssdm_op_Read.ap_auto.i16, i16 %data_0_val" [firmware/nnet_utils/nnet_mult.h:70->firmware/nnet_utils/nnet_dense_latency.h:42]   --->   Operation 18 'read' 'data_0_val_read' <Predicate = true> <Delay = 0.00>
ST_1 : Operation 19 [1/1] (0.00ns)   --->   "%sext_ln73 = sext i16 %data_0_val_read" [firmware/nnet_utils/nnet_mult.h:73->firmware/nnet_utils/nnet_dense_latency.h:42]   --->   Operation 19 'sext' 'sext_ln73' <Predicate = true> <Delay = 0.00>
ST_1 : Operation 20 [1/1] (1.94ns)   --->   "%mul_ln42 = mul i24 %sext_ln73, i24 16776826" [firmware/nnet_utils/nnet_dense_latency.h:42]   --->   Operation 20 'mul' 'mul_ln42' <Predicate = true> <Delay = 1.94> <CoreInst = "Multiplier">   --->   Core 3 'Multiplier' <Latency = 0> <II = 1> <Delay = 1.94> <FuncUnit> <Opcode : 'mul'> <InPorts = 2> <OutPorts = 1>
ST_1 : Operation 21 [1/1] (0.00ns)   --->   "%trunc_ln = partselect i15 @_ssdm_op_PartSelect.i15.i24.i32.i32, i24 %mul_ln42, i32 9, i32 23" [firmware/nnet_utils/nnet_dense_latency.h:42]   --->   Operation 21 'partselect' 'trunc_ln' <Predicate = true> <Delay = 0.00>
ST_1 : Operation 22 [1/1] (1.94ns)   --->   "%mul_ln42_972 = mul i24 %sext_ln73, i24 339" [firmware/nnet_utils/nnet_dense_latency.h:42]   --->   Operation 22 'mul' 'mul_ln42_972' <Predicate = true> <Delay = 1.94> <CoreInst = "Multiplier">   --->   Core 3 'Multiplier' <Latency = 0> <II = 1> <Delay = 1.94> <FuncUnit> <Opcode : 'mul'> <InPorts = 2> <OutPorts = 1>
ST_1 : Operation 23 [1/1] (0.00ns)   --->   "%trunc_ln42_1 = partselect i15 @_ssdm_op_PartSelect.i15.i24.i32.i32, i24 %mul_ln42_972, i32 9, i32 23" [firmware/nnet_utils/nnet_dense_latency.h:42]   --->   Operation 23 'partselect' 'trunc_ln42_1' <Predicate = true> <Delay = 0.00>
ST_1 : Operation 24 [1/1] (0.00ns)   --->   "%sext_ln73_873 = sext i16 %data_1_val_read" [firmware/nnet_utils/nnet_mult.h:73->firmware/nnet_utils/nnet_dense_latency.h:42]   --->   Operation 24 'sext' 'sext_ln73_873' <Predicate = true> <Delay = 0.00>
ST_1 : Operation 25 [1/1] (1.94ns)   --->   "%mul_ln42_973 = mul i24 %sext_ln73_873, i24 335" [firmware/nnet_utils/nnet_dense_latency.h:42]   --->   Operation 25 'mul' 'mul_ln42_973' <Predicate = true> <Delay = 1.94> <CoreInst = "Multiplier">   --->   Core 3 'Multiplier' <Latency = 0> <II = 1> <Delay = 1.94> <FuncUnit> <Opcode : 'mul'> <InPorts = 2> <OutPorts = 1>
ST_1 : Operation 26 [1/1] (0.00ns)   --->   "%trunc_ln42_2 = partselect i15 @_ssdm_op_PartSelect.i15.i24.i32.i32, i24 %mul_ln42_973, i32 9, i32 23" [firmware/nnet_utils/nnet_dense_latency.h:42]   --->   Operation 26 'partselect' 'trunc_ln42_2' <Predicate = true> <Delay = 0.00>
ST_1 : Operation 27 [1/1] (1.94ns)   --->   "%mul_ln42_974 = mul i24 %sext_ln73_873, i24 16776805" [firmware/nnet_utils/nnet_dense_latency.h:42]   --->   Operation 27 'mul' 'mul_ln42_974' <Predicate = true> <Delay = 1.94> <CoreInst = "Multiplier">   --->   Core 3 'Multiplier' <Latency = 0> <II = 1> <Delay = 1.94> <FuncUnit> <Opcode : 'mul'> <InPorts = 2> <OutPorts = 1>
ST_1 : Operation 28 [1/1] (0.00ns)   --->   "%trunc_ln42_3 = partselect i15 @_ssdm_op_PartSelect.i15.i24.i32.i32, i24 %mul_ln42_974, i32 9, i32 23" [firmware/nnet_utils/nnet_dense_latency.h:42]   --->   Operation 28 'partselect' 'trunc_ln42_3' <Predicate = true> <Delay = 0.00>
ST_1 : Operation 29 [1/1] (0.00ns)   --->   "%sext_ln73_874 = sext i16 %data_2_val_read" [firmware/nnet_utils/nnet_mult.h:73->firmware/nnet_utils/nnet_dense_latency.h:42]   --->   Operation 29 'sext' 'sext_ln73_874' <Predicate = true> <Delay = 0.00>
ST_1 : Operation 30 [1/1] (1.94ns)   --->   "%mul_ln42_975 = mul i24 %sext_ln73_874, i24 16776835" [firmware/nnet_utils/nnet_dense_latency.h:42]   --->   Operation 30 'mul' 'mul_ln42_975' <Predicate = true> <Delay = 1.94> <CoreInst = "Multiplier">   --->   Core 3 'Multiplier' <Latency = 0> <II = 1> <Delay = 1.94> <FuncUnit> <Opcode : 'mul'> <InPorts = 2> <OutPorts = 1>
ST_1 : Operation 31 [1/1] (0.00ns)   --->   "%trunc_ln42_4 = partselect i15 @_ssdm_op_PartSelect.i15.i24.i32.i32, i24 %mul_ln42_975, i32 9, i32 23" [firmware/nnet_utils/nnet_dense_latency.h:42]   --->   Operation 31 'partselect' 'trunc_ln42_4' <Predicate = true> <Delay = 0.00>
ST_1 : Operation 32 [1/1] (1.94ns)   --->   "%mul_ln42_976 = mul i24 %sext_ln73_874, i24 333" [firmware/nnet_utils/nnet_dense_latency.h:42]   --->   Operation 32 'mul' 'mul_ln42_976' <Predicate = true> <Delay = 1.94> <CoreInst = "Multiplier">   --->   Core 3 'Multiplier' <Latency = 0> <II = 1> <Delay = 1.94> <FuncUnit> <Opcode : 'mul'> <InPorts = 2> <OutPorts = 1>
ST_1 : Operation 33 [1/1] (0.00ns)   --->   "%trunc_ln42_5 = partselect i15 @_ssdm_op_PartSelect.i15.i24.i32.i32, i24 %mul_ln42_976, i32 9, i32 23" [firmware/nnet_utils/nnet_dense_latency.h:42]   --->   Operation 33 'partselect' 'trunc_ln42_5' <Predicate = true> <Delay = 0.00>
ST_1 : Operation 34 [1/1] (0.00ns)   --->   "%sext_ln42 = sext i16 %data_3_val_read" [firmware/nnet_utils/nnet_dense_latency.h:42]   --->   Operation 34 'sext' 'sext_ln42' <Predicate = true> <Delay = 0.00>
ST_1 : Operation 35 [1/1] (1.94ns)   --->   "%mul_ln42_977 = mul i24 %sext_ln42, i24 16776829" [firmware/nnet_utils/nnet_dense_latency.h:42]   --->   Operation 35 'mul' 'mul_ln42_977' <Predicate = true> <Delay = 1.94> <CoreInst = "Multiplier">   --->   Core 3 'Multiplier' <Latency = 0> <II = 1> <Delay = 1.94> <FuncUnit> <Opcode : 'mul'> <InPorts = 2> <OutPorts = 1>
ST_1 : Operation 36 [1/1] (0.00ns)   --->   "%trunc_ln42_6 = partselect i15 @_ssdm_op_PartSelect.i15.i24.i32.i32, i24 %mul_ln42_977, i32 9, i32 23" [firmware/nnet_utils/nnet_dense_latency.h:42]   --->   Operation 36 'partselect' 'trunc_ln42_6' <Predicate = true> <Delay = 0.00>
ST_1 : Operation 37 [1/1] (1.94ns)   --->   "%mul_ln42_978 = mul i24 %sext_ln42, i24 16776965" [firmware/nnet_utils/nnet_dense_latency.h:42]   --->   Operation 37 'mul' 'mul_ln42_978' <Predicate = true> <Delay = 1.94> <CoreInst = "Multiplier">   --->   Core 3 'Multiplier' <Latency = 0> <II = 1> <Delay = 1.94> <FuncUnit> <Opcode : 'mul'> <InPorts = 2> <OutPorts = 1>
ST_1 : Operation 38 [1/1] (0.00ns)   --->   "%trunc_ln42_7 = partselect i15 @_ssdm_op_PartSelect.i15.i24.i32.i32, i24 %mul_ln42_978, i32 9, i32 23" [firmware/nnet_utils/nnet_dense_latency.h:42]   --->   Operation 38 'partselect' 'trunc_ln42_7' <Predicate = true> <Delay = 0.00>
ST_1 : Operation 39 [1/1] (0.00ns)   --->   "%sext_ln42_504 = sext i16 %data_4_val_read" [firmware/nnet_utils/nnet_dense_latency.h:42]   --->   Operation 39 'sext' 'sext_ln42_504' <Predicate = true> <Delay = 0.00>
ST_1 : Operation 40 [1/1] (1.94ns)   --->   "%mul_ln42_979 = mul i24 %sext_ln42_504, i24 16776714" [firmware/nnet_utils/nnet_dense_latency.h:42]   --->   Operation 40 'mul' 'mul_ln42_979' <Predicate = true> <Delay = 1.94> <CoreInst = "Multiplier">   --->   Core 3 'Multiplier' <Latency = 0> <II = 1> <Delay = 1.94> <FuncUnit> <Opcode : 'mul'> <InPorts = 2> <OutPorts = 1>
ST_1 : Operation 41 [1/1] (0.00ns)   --->   "%trunc_ln42_8 = partselect i15 @_ssdm_op_PartSelect.i15.i24.i32.i32, i24 %mul_ln42_979, i32 9, i32 23" [firmware/nnet_utils/nnet_dense_latency.h:42]   --->   Operation 41 'partselect' 'trunc_ln42_8' <Predicate = true> <Delay = 0.00>
ST_1 : Operation 42 [1/1] (0.00ns)   --->   "%sext_ln73_875 = sext i16 %data_5_val_read" [firmware/nnet_utils/nnet_mult.h:73->firmware/nnet_utils/nnet_dense_latency.h:42]   --->   Operation 42 'sext' 'sext_ln73_875' <Predicate = true> <Delay = 0.00>
ST_1 : Operation 43 [1/1] (1.94ns)   --->   "%mul_ln42_980 = mul i24 %sext_ln73_875, i24 16776857" [firmware/nnet_utils/nnet_dense_latency.h:42]   --->   Operation 43 'mul' 'mul_ln42_980' <Predicate = true> <Delay = 1.94> <CoreInst = "Multiplier">   --->   Core 3 'Multiplier' <Latency = 0> <II = 1> <Delay = 1.94> <FuncUnit> <Opcode : 'mul'> <InPorts = 2> <OutPorts = 1>
ST_1 : Operation 44 [1/1] (0.00ns)   --->   "%trunc_ln42_9 = partselect i15 @_ssdm_op_PartSelect.i15.i24.i32.i32, i24 %mul_ln42_980, i32 9, i32 23" [firmware/nnet_utils/nnet_dense_latency.h:42]   --->   Operation 44 'partselect' 'trunc_ln42_9' <Predicate = true> <Delay = 0.00>
ST_1 : Operation 45 [1/1] (1.94ns)   --->   "%mul_ln42_981 = mul i24 %sext_ln73_875, i24 356" [firmware/nnet_utils/nnet_dense_latency.h:42]   --->   Operation 45 'mul' 'mul_ln42_981' <Predicate = true> <Delay = 1.94> <CoreInst = "Multiplier">   --->   Core 3 'Multiplier' <Latency = 0> <II = 1> <Delay = 1.94> <FuncUnit> <Opcode : 'mul'> <InPorts = 2> <OutPorts = 1>
ST_1 : Operation 46 [1/1] (0.00ns)   --->   "%trunc_ln42_s = partselect i15 @_ssdm_op_PartSelect.i15.i24.i32.i32, i24 %mul_ln42_981, i32 9, i32 23" [firmware/nnet_utils/nnet_dense_latency.h:42]   --->   Operation 46 'partselect' 'trunc_ln42_s' <Predicate = true> <Delay = 0.00>
ST_1 : Operation 47 [1/1] (0.00ns)   --->   "%sext_ln70 = sext i16 %data_6_val_read" [firmware/nnet_utils/nnet_mult.h:70->firmware/nnet_utils/nnet_dense_latency.h:42]   --->   Operation 47 'sext' 'sext_ln70' <Predicate = true> <Delay = 0.00>
ST_1 : Operation 48 [1/1] (1.94ns)   --->   "%mul_ln73 = mul i24 %sext_ln70, i24 16777101" [firmware/nnet_utils/nnet_mult.h:73->firmware/nnet_utils/nnet_dense_latency.h:42]   --->   Operation 48 'mul' 'mul_ln73' <Predicate = true> <Delay = 1.94> <CoreInst = "Multiplier">   --->   Core 3 'Multiplier' <Latency = 0> <II = 1> <Delay = 1.94> <FuncUnit> <Opcode : 'mul'> <InPorts = 2> <OutPorts = 1>
ST_1 : Operation 49 [1/1] (0.00ns)   --->   "%trunc_ln42_10 = partselect i15 @_ssdm_op_PartSelect.i15.i24.i32.i32, i24 %mul_ln73, i32 9, i32 23" [firmware/nnet_utils/nnet_dense_latency.h:42]   --->   Operation 49 'partselect' 'trunc_ln42_10' <Predicate = true> <Delay = 0.00>
ST_1 : Operation 50 [1/1] (0.00ns)   --->   "%sext_ln73_876 = sext i16 %data_7_val_read" [firmware/nnet_utils/nnet_mult.h:73->firmware/nnet_utils/nnet_dense_latency.h:42]   --->   Operation 50 'sext' 'sext_ln73_876' <Predicate = true> <Delay = 0.00>
ST_1 : Operation 51 [1/1] (1.94ns)   --->   "%mul_ln42_982 = mul i24 %sext_ln73_876, i24 16776995" [firmware/nnet_utils/nnet_dense_latency.h:42]   --->   Operation 51 'mul' 'mul_ln42_982' <Predicate = true> <Delay = 1.94> <CoreInst = "Multiplier">   --->   Core 3 'Multiplier' <Latency = 0> <II = 1> <Delay = 1.94> <FuncUnit> <Opcode : 'mul'> <InPorts = 2> <OutPorts = 1>
ST_1 : Operation 52 [1/1] (0.00ns)   --->   "%trunc_ln42_11 = partselect i15 @_ssdm_op_PartSelect.i15.i24.i32.i32, i24 %mul_ln42_982, i32 9, i32 23" [firmware/nnet_utils/nnet_dense_latency.h:42]   --->   Operation 52 'partselect' 'trunc_ln42_11' <Predicate = true> <Delay = 0.00>
ST_1 : Operation 53 [1/1] (1.94ns)   --->   "%mul_ln42_983 = mul i24 %sext_ln73_876, i24 233" [firmware/nnet_utils/nnet_dense_latency.h:42]   --->   Operation 53 'mul' 'mul_ln42_983' <Predicate = true> <Delay = 1.94> <CoreInst = "Multiplier">   --->   Core 3 'Multiplier' <Latency = 0> <II = 1> <Delay = 1.94> <FuncUnit> <Opcode : 'mul'> <InPorts = 2> <OutPorts = 1>
ST_1 : Operation 54 [1/1] (0.00ns)   --->   "%trunc_ln42_12 = partselect i15 @_ssdm_op_PartSelect.i15.i24.i32.i32, i24 %mul_ln42_983, i32 9, i32 23" [firmware/nnet_utils/nnet_dense_latency.h:42]   --->   Operation 54 'partselect' 'trunc_ln42_12' <Predicate = true> <Delay = 0.00>
ST_1 : Operation 55 [1/1] (0.00ns)   --->   "%sext_ln73_877 = sext i16 %data_8_val_read" [firmware/nnet_utils/nnet_mult.h:73->firmware/nnet_utils/nnet_dense_latency.h:42]   --->   Operation 55 'sext' 'sext_ln73_877' <Predicate = true> <Delay = 0.00>
ST_1 : Operation 56 [1/1] (1.94ns)   --->   "%mul_ln42_984 = mul i24 %sext_ln73_877, i24 318" [firmware/nnet_utils/nnet_dense_latency.h:42]   --->   Operation 56 'mul' 'mul_ln42_984' <Predicate = true> <Delay = 1.94> <CoreInst = "Multiplier">   --->   Core 3 'Multiplier' <Latency = 0> <II = 1> <Delay = 1.94> <FuncUnit> <Opcode : 'mul'> <InPorts = 2> <OutPorts = 1>
ST_1 : Operation 57 [1/1] (0.00ns)   --->   "%trunc_ln42_13 = partselect i15 @_ssdm_op_PartSelect.i15.i24.i32.i32, i24 %mul_ln42_984, i32 9, i32 23" [firmware/nnet_utils/nnet_dense_latency.h:42]   --->   Operation 57 'partselect' 'trunc_ln42_13' <Predicate = true> <Delay = 0.00>
ST_1 : Operation 58 [1/1] (1.94ns)   --->   "%mul_ln42_985 = mul i24 %sext_ln73_877, i24 16776881" [firmware/nnet_utils/nnet_dense_latency.h:42]   --->   Operation 58 'mul' 'mul_ln42_985' <Predicate = true> <Delay = 1.94> <CoreInst = "Multiplier">   --->   Core 3 'Multiplier' <Latency = 0> <II = 1> <Delay = 1.94> <FuncUnit> <Opcode : 'mul'> <InPorts = 2> <OutPorts = 1>
ST_1 : Operation 59 [1/1] (0.00ns)   --->   "%trunc_ln42_14 = partselect i15 @_ssdm_op_PartSelect.i15.i24.i32.i32, i24 %mul_ln42_985, i32 9, i32 23" [firmware/nnet_utils/nnet_dense_latency.h:42]   --->   Operation 59 'partselect' 'trunc_ln42_14' <Predicate = true> <Delay = 0.00>
ST_1 : Operation 60 [1/1] (0.00ns)   --->   "%sext_ln73_878 = sext i16 %data_9_val_read" [firmware/nnet_utils/nnet_mult.h:73->firmware/nnet_utils/nnet_dense_latency.h:42]   --->   Operation 60 'sext' 'sext_ln73_878' <Predicate = true> <Delay = 0.00>
ST_1 : Operation 61 [1/1] (1.94ns)   --->   "%mul_ln42_986 = mul i24 %sext_ln73_878, i24 16776843" [firmware/nnet_utils/nnet_dense_latency.h:42]   --->   Operation 61 'mul' 'mul_ln42_986' <Predicate = true> <Delay = 1.94> <CoreInst = "Multiplier">   --->   Core 3 'Multiplier' <Latency = 0> <II = 1> <Delay = 1.94> <FuncUnit> <Opcode : 'mul'> <InPorts = 2> <OutPorts = 1>
ST_1 : Operation 62 [1/1] (0.00ns)   --->   "%trunc_ln42_15 = partselect i15 @_ssdm_op_PartSelect.i15.i24.i32.i32, i24 %mul_ln42_986, i32 9, i32 23" [firmware/nnet_utils/nnet_dense_latency.h:42]   --->   Operation 62 'partselect' 'trunc_ln42_15' <Predicate = true> <Delay = 0.00>
ST_1 : Operation 63 [1/1] (1.94ns)   --->   "%mul_ln42_987 = mul i24 %sext_ln73_878, i24 314" [firmware/nnet_utils/nnet_dense_latency.h:42]   --->   Operation 63 'mul' 'mul_ln42_987' <Predicate = true> <Delay = 1.94> <CoreInst = "Multiplier">   --->   Core 3 'Multiplier' <Latency = 0> <II = 1> <Delay = 1.94> <FuncUnit> <Opcode : 'mul'> <InPorts = 2> <OutPorts = 1>
ST_1 : Operation 64 [1/1] (0.00ns)   --->   "%trunc_ln42_16 = partselect i15 @_ssdm_op_PartSelect.i15.i24.i32.i32, i24 %mul_ln42_987, i32 9, i32 23" [firmware/nnet_utils/nnet_dense_latency.h:42]   --->   Operation 64 'partselect' 'trunc_ln42_16' <Predicate = true> <Delay = 0.00>
ST_1 : Operation 65 [1/1] (0.00ns)   --->   "%sext_ln42_505 = sext i16 %data_10_val_read" [firmware/nnet_utils/nnet_dense_latency.h:42]   --->   Operation 65 'sext' 'sext_ln42_505' <Predicate = true> <Delay = 0.00>
ST_1 : Operation 66 [1/1] (1.94ns)   --->   "%mul_ln42_988 = mul i24 %sext_ln42_505, i24 16776990" [firmware/nnet_utils/nnet_dense_latency.h:42]   --->   Operation 66 'mul' 'mul_ln42_988' <Predicate = true> <Delay = 1.94> <CoreInst = "Multiplier">   --->   Core 3 'Multiplier' <Latency = 0> <II = 1> <Delay = 1.94> <FuncUnit> <Opcode : 'mul'> <InPorts = 2> <OutPorts = 1>
ST_1 : Operation 67 [1/1] (0.00ns)   --->   "%trunc_ln42_17 = partselect i15 @_ssdm_op_PartSelect.i15.i24.i32.i32, i24 %mul_ln42_988, i32 9, i32 23" [firmware/nnet_utils/nnet_dense_latency.h:42]   --->   Operation 67 'partselect' 'trunc_ln42_17' <Predicate = true> <Delay = 0.00>
ST_1 : Operation 68 [1/1] (0.00ns)   --->   "%sext_ln73_879 = sext i16 %data_11_val_read" [firmware/nnet_utils/nnet_mult.h:73->firmware/nnet_utils/nnet_dense_latency.h:42]   --->   Operation 68 'sext' 'sext_ln73_879' <Predicate = true> <Delay = 0.00>
ST_1 : Operation 69 [1/1] (1.94ns)   --->   "%mul_ln42_989 = mul i24 %sext_ln73_879, i24 206" [firmware/nnet_utils/nnet_dense_latency.h:42]   --->   Operation 69 'mul' 'mul_ln42_989' <Predicate = true> <Delay = 1.94> <CoreInst = "Multiplier">   --->   Core 3 'Multiplier' <Latency = 0> <II = 1> <Delay = 1.94> <FuncUnit> <Opcode : 'mul'> <InPorts = 2> <OutPorts = 1>
ST_1 : Operation 70 [1/1] (0.00ns)   --->   "%trunc_ln42_18 = partselect i15 @_ssdm_op_PartSelect.i15.i24.i32.i32, i24 %mul_ln42_989, i32 9, i32 23" [firmware/nnet_utils/nnet_dense_latency.h:42]   --->   Operation 70 'partselect' 'trunc_ln42_18' <Predicate = true> <Delay = 0.00>
ST_1 : Operation 71 [1/1] (1.94ns)   --->   "%mul_ln42_990 = mul i24 %sext_ln73_879, i24 16777011" [firmware/nnet_utils/nnet_dense_latency.h:42]   --->   Operation 71 'mul' 'mul_ln42_990' <Predicate = true> <Delay = 1.94> <CoreInst = "Multiplier">   --->   Core 3 'Multiplier' <Latency = 0> <II = 1> <Delay = 1.94> <FuncUnit> <Opcode : 'mul'> <InPorts = 2> <OutPorts = 1>
ST_1 : Operation 72 [1/1] (0.00ns)   --->   "%trunc_ln42_19 = partselect i15 @_ssdm_op_PartSelect.i15.i24.i32.i32, i24 %mul_ln42_990, i32 9, i32 23" [firmware/nnet_utils/nnet_dense_latency.h:42]   --->   Operation 72 'partselect' 'trunc_ln42_19' <Predicate = true> <Delay = 0.00>
ST_1 : Operation 73 [1/1] (0.00ns)   --->   "%sext_ln42_506 = sext i16 %data_12_val_read" [firmware/nnet_utils/nnet_dense_latency.h:42]   --->   Operation 73 'sext' 'sext_ln42_506' <Predicate = true> <Delay = 0.00>
ST_1 : Operation 74 [1/1] (1.94ns)   --->   "%mul_ln42_991 = mul i24 %sext_ln42_506, i24 16776904" [firmware/nnet_utils/nnet_dense_latency.h:42]   --->   Operation 74 'mul' 'mul_ln42_991' <Predicate = true> <Delay = 1.94> <CoreInst = "Multiplier">   --->   Core 3 'Multiplier' <Latency = 0> <II = 1> <Delay = 1.94> <FuncUnit> <Opcode : 'mul'> <InPorts = 2> <OutPorts = 1>
ST_1 : Operation 75 [1/1] (0.00ns)   --->   "%trunc_ln42_20 = partselect i15 @_ssdm_op_PartSelect.i15.i24.i32.i32, i24 %mul_ln42_991, i32 9, i32 23" [firmware/nnet_utils/nnet_dense_latency.h:42]   --->   Operation 75 'partselect' 'trunc_ln42_20' <Predicate = true> <Delay = 0.00>
ST_1 : Operation 76 [1/1] (1.94ns)   --->   "%mul_ln73_859 = mul i24 %sext_ln42_506, i24 16777137" [firmware/nnet_utils/nnet_mult.h:73->firmware/nnet_utils/nnet_dense_latency.h:42]   --->   Operation 76 'mul' 'mul_ln73_859' <Predicate = true> <Delay = 1.94> <CoreInst = "Multiplier">   --->   Core 3 'Multiplier' <Latency = 0> <II = 1> <Delay = 1.94> <FuncUnit> <Opcode : 'mul'> <InPorts = 2> <OutPorts = 1>
ST_1 : Operation 77 [1/1] (0.00ns)   --->   "%trunc_ln42_21 = partselect i15 @_ssdm_op_PartSelect.i15.i24.i32.i32, i24 %mul_ln73_859, i32 9, i32 23" [firmware/nnet_utils/nnet_dense_latency.h:42]   --->   Operation 77 'partselect' 'trunc_ln42_21' <Predicate = true> <Delay = 0.00>
ST_1 : Operation 78 [1/1] (0.00ns)   --->   "%sext_ln42_507 = sext i16 %data_13_val_read" [firmware/nnet_utils/nnet_dense_latency.h:42]   --->   Operation 78 'sext' 'sext_ln42_507' <Predicate = true> <Delay = 0.00>
ST_1 : Operation 79 [1/1] (1.94ns)   --->   "%mul_ln42_992 = mul i24 %sext_ln42_507, i24 177" [firmware/nnet_utils/nnet_dense_latency.h:42]   --->   Operation 79 'mul' 'mul_ln42_992' <Predicate = true> <Delay = 1.94> <CoreInst = "Multiplier">   --->   Core 3 'Multiplier' <Latency = 0> <II = 1> <Delay = 1.94> <FuncUnit> <Opcode : 'mul'> <InPorts = 2> <OutPorts = 1>
ST_1 : Operation 80 [1/1] (0.00ns)   --->   "%trunc_ln42_22 = partselect i15 @_ssdm_op_PartSelect.i15.i24.i32.i32, i24 %mul_ln42_992, i32 9, i32 23" [firmware/nnet_utils/nnet_dense_latency.h:42]   --->   Operation 80 'partselect' 'trunc_ln42_22' <Predicate = true> <Delay = 0.00>
ST_1 : Operation 81 [1/1] (0.00ns)   --->   "%shl_ln = bitconcatenate i24 @_ssdm_op_BitConcatenate.i24.i16.i8, i16 %data_14_val_read, i8 0" [firmware/nnet_utils/nnet_mult.h:73->firmware/nnet_utils/nnet_dense_latency.h:42]   --->   Operation 81 'bitconcatenate' 'shl_ln' <Predicate = true> <Delay = 0.00>
ST_1 : Operation 82 [1/1] (0.00ns) (grouped into TernaryAdder)   --->   "%sub_ln73 = sub i24 0, i24 %shl_ln" [firmware/nnet_utils/nnet_mult.h:73->firmware/nnet_utils/nnet_dense_latency.h:42]   --->   Operation 82 'sub' 'sub_ln73' <Predicate = true> <Delay = 0.00> <CoreInst = "TAddSub">   --->   Core 10 'TAddSub' <Latency = 0> <II = 1> <Delay = 0.34> <IPBlock> <Opcode : '<invalid operator> ' 'add' 'sub'> <InPorts = 3> <OutPorts = 1> <Sync> <CReg>
ST_1 : Operation 83 [1/1] (0.00ns)   --->   "%shl_ln73_s = bitconcatenate i18 @_ssdm_op_BitConcatenate.i18.i16.i2, i16 %data_14_val_read, i2 0" [firmware/nnet_utils/nnet_mult.h:73->firmware/nnet_utils/nnet_dense_latency.h:42]   --->   Operation 83 'bitconcatenate' 'shl_ln73_s' <Predicate = true> <Delay = 0.00>
ST_1 : Operation 84 [1/1] (0.00ns)   --->   "%sext_ln73_880 = sext i18 %shl_ln73_s" [firmware/nnet_utils/nnet_mult.h:73->firmware/nnet_utils/nnet_dense_latency.h:42]   --->   Operation 84 'sext' 'sext_ln73_880' <Predicate = true> <Delay = 0.00>
ST_1 : Operation 85 [1/1] (0.70ns) (root node of TernaryAdder)   --->   "%sub_ln73_390 = sub i24 %sub_ln73, i24 %sext_ln73_880" [firmware/nnet_utils/nnet_mult.h:73->firmware/nnet_utils/nnet_dense_latency.h:42]   --->   Operation 85 'sub' 'sub_ln73_390' <Predicate = true> <Delay = 0.70> <CoreInst = "TAddSub">   --->   Core 10 'TAddSub' <Latency = 0> <II = 1> <Delay = 0.34> <IPBlock> <Opcode : '<invalid operator> ' 'add' 'sub'> <InPorts = 3> <OutPorts = 1> <Sync> <CReg>
ST_1 : Operation 86 [1/1] (0.00ns)   --->   "%trunc_ln42_23 = partselect i15 @_ssdm_op_PartSelect.i15.i24.i32.i32, i24 %sub_ln73_390, i32 9, i32 23" [firmware/nnet_utils/nnet_dense_latency.h:42]   --->   Operation 86 'partselect' 'trunc_ln42_23' <Predicate = true> <Delay = 0.00>
ST_1 : Operation 87 [1/1] (0.00ns)   --->   "%sext_ln73_881 = sext i16 %data_14_val_read" [firmware/nnet_utils/nnet_mult.h:73->firmware/nnet_utils/nnet_dense_latency.h:42]   --->   Operation 87 'sext' 'sext_ln73_881' <Predicate = true> <Delay = 0.00>
ST_1 : Operation 88 [1/1] (1.94ns)   --->   "%mul_ln42_993 = mul i24 %sext_ln73_881, i24 16776924" [firmware/nnet_utils/nnet_dense_latency.h:42]   --->   Operation 88 'mul' 'mul_ln42_993' <Predicate = true> <Delay = 1.94> <CoreInst = "Multiplier">   --->   Core 3 'Multiplier' <Latency = 0> <II = 1> <Delay = 1.94> <FuncUnit> <Opcode : 'mul'> <InPorts = 2> <OutPorts = 1>
ST_1 : Operation 89 [1/1] (0.00ns)   --->   "%trunc_ln42_24 = partselect i15 @_ssdm_op_PartSelect.i15.i24.i32.i32, i24 %mul_ln42_993, i32 9, i32 23" [firmware/nnet_utils/nnet_dense_latency.h:42]   --->   Operation 89 'partselect' 'trunc_ln42_24' <Predicate = true> <Delay = 0.00>
ST_1 : Operation 90 [1/1] (1.94ns)   --->   "%mul_ln42_994 = mul i24 %sext_ln73_881, i24 281" [firmware/nnet_utils/nnet_dense_latency.h:42]   --->   Operation 90 'mul' 'mul_ln42_994' <Predicate = true> <Delay = 1.94> <CoreInst = "Multiplier">   --->   Core 3 'Multiplier' <Latency = 0> <II = 1> <Delay = 1.94> <FuncUnit> <Opcode : 'mul'> <InPorts = 2> <OutPorts = 1>
ST_1 : Operation 91 [1/1] (0.00ns)   --->   "%trunc_ln42_25 = partselect i15 @_ssdm_op_PartSelect.i15.i24.i32.i32, i24 %mul_ln42_994, i32 9, i32 23" [firmware/nnet_utils/nnet_dense_latency.h:42]   --->   Operation 91 'partselect' 'trunc_ln42_25' <Predicate = true> <Delay = 0.00>
ST_1 : Operation 92 [1/1] (0.00ns)   --->   "%sext_ln73_882 = sext i16 %data_15_val_read" [firmware/nnet_utils/nnet_mult.h:73->firmware/nnet_utils/nnet_dense_latency.h:42]   --->   Operation 92 'sext' 'sext_ln73_882' <Predicate = true> <Delay = 0.00>
ST_1 : Operation 93 [1/1] (1.94ns)   --->   "%mul_ln42_995 = mul i24 %sext_ln73_882, i24 16776833" [firmware/nnet_utils/nnet_dense_latency.h:42]   --->   Operation 93 'mul' 'mul_ln42_995' <Predicate = true> <Delay = 1.94> <CoreInst = "Multiplier">   --->   Core 3 'Multiplier' <Latency = 0> <II = 1> <Delay = 1.94> <FuncUnit> <Opcode : 'mul'> <InPorts = 2> <OutPorts = 1>
ST_1 : Operation 94 [1/1] (0.00ns)   --->   "%trunc_ln42_26 = partselect i15 @_ssdm_op_PartSelect.i15.i24.i32.i32, i24 %mul_ln42_995, i32 9, i32 23" [firmware/nnet_utils/nnet_dense_latency.h:42]   --->   Operation 94 'partselect' 'trunc_ln42_26' <Predicate = true> <Delay = 0.00>
ST_1 : Operation 95 [1/1] (1.94ns)   --->   "%mul_ln42_996 = mul i24 %sext_ln73_882, i24 271" [firmware/nnet_utils/nnet_dense_latency.h:42]   --->   Operation 95 'mul' 'mul_ln42_996' <Predicate = true> <Delay = 1.94> <CoreInst = "Multiplier">   --->   Core 3 'Multiplier' <Latency = 0> <II = 1> <Delay = 1.94> <FuncUnit> <Opcode : 'mul'> <InPorts = 2> <OutPorts = 1>
ST_1 : Operation 96 [1/1] (0.00ns)   --->   "%trunc_ln42_27 = partselect i15 @_ssdm_op_PartSelect.i15.i24.i32.i32, i24 %mul_ln42_996, i32 9, i32 23" [firmware/nnet_utils/nnet_dense_latency.h:42]   --->   Operation 96 'partselect' 'trunc_ln42_27' <Predicate = true> <Delay = 0.00>
ST_1 : Operation 97 [1/1] (0.77ns)   --->   "%add_ln58 = add i15 %trunc_ln42_3, i15 %trunc_ln42_1" [firmware/nnet_utils/nnet_dense_latency.h:58]   --->   Operation 97 'add' 'add_ln58' <Predicate = true> <Delay = 0.77> <CoreInst = "Adder">   --->   Core 1 'Adder' <Latency = 0> <II = 1> <Delay = 0.77> <FuncUnit> <Opcode : 'add' 'sub'> <InPorts = 2> <OutPorts = 1>
ST_1 : Operation 98 [1/1] (0.00ns) (grouped into TernaryAdder)   --->   "%add_ln58_2271 = add i15 %trunc_ln42_8, i15 %trunc_ln42_s" [firmware/nnet_utils/nnet_dense_latency.h:58]   --->   Operation 98 'add' 'add_ln58_2271' <Predicate = true> <Delay = 0.00> <CoreInst = "TAddSub">   --->   Core 10 'TAddSub' <Latency = 0> <II = 1> <Delay = 0.34> <IPBlock> <Opcode : '<invalid operator> ' 'add' 'sub'> <InPorts = 3> <OutPorts = 1> <Sync> <CReg>
ST_1 : Operation 99 [1/1] (0.69ns) (root node of TernaryAdder)   --->   "%add_ln58_2272 = add i15 %add_ln58_2271, i15 %trunc_ln42_5" [firmware/nnet_utils/nnet_dense_latency.h:58]   --->   Operation 99 'add' 'add_ln58_2272' <Predicate = true> <Delay = 0.69> <CoreInst = "TAddSub">   --->   Core 10 'TAddSub' <Latency = 0> <II = 1> <Delay = 0.34> <IPBlock> <Opcode : '<invalid operator> ' 'add' 'sub'> <InPorts = 3> <OutPorts = 1> <Sync> <CReg>
ST_1 : Operation 100 [1/1] (0.00ns) (grouped into TernaryAdder)   --->   "%add_ln58_2273 = add i15 %add_ln58_2272, i15 %add_ln58" [firmware/nnet_utils/nnet_dense_latency.h:58]   --->   Operation 100 'add' 'add_ln58_2273' <Predicate = true> <Delay = 0.00> <CoreInst = "TAddSub">   --->   Core 10 'TAddSub' <Latency = 0> <II = 1> <Delay = 0.34> <IPBlock> <Opcode : '<invalid operator> ' 'add' 'sub'> <InPorts = 3> <OutPorts = 1> <Sync> <CReg>
ST_1 : Operation 101 [1/1] (0.77ns)   --->   "%add_ln58_2274 = add i15 %trunc_ln42_14, i15 %trunc_ln42_16" [firmware/nnet_utils/nnet_dense_latency.h:58]   --->   Operation 101 'add' 'add_ln58_2274' <Predicate = true> <Delay = 0.77> <CoreInst = "Adder">   --->   Core 1 'Adder' <Latency = 0> <II = 1> <Delay = 0.77> <FuncUnit> <Opcode : 'add' 'sub'> <InPorts = 2> <OutPorts = 1>
ST_1 : Operation 102 [1/1] (0.00ns) (grouped into TernaryAdder)   --->   "%add_ln58_2275 = add i15 %add_ln58_2274, i15 %trunc_ln42_12" [firmware/nnet_utils/nnet_dense_latency.h:58]   --->   Operation 102 'add' 'add_ln58_2275' <Predicate = true> <Delay = 0.00> <CoreInst = "TAddSub">   --->   Core 10 'TAddSub' <Latency = 0> <II = 1> <Delay = 0.34> <IPBlock> <Opcode : '<invalid operator> ' 'add' 'sub'> <InPorts = 3> <OutPorts = 1> <Sync> <CReg>
ST_1 : Operation 103 [1/1] (0.00ns) (grouped into TernaryAdder)   --->   "%add_ln58_2276 = add i15 %trunc_ln42_22, i15 %trunc_ln42_25" [firmware/nnet_utils/nnet_dense_latency.h:58]   --->   Operation 103 'add' 'add_ln58_2276' <Predicate = true> <Delay = 0.00> <CoreInst = "TAddSub">   --->   Core 10 'TAddSub' <Latency = 0> <II = 1> <Delay = 0.34> <IPBlock> <Opcode : '<invalid operator> ' 'add' 'sub'> <InPorts = 3> <OutPorts = 1> <Sync> <CReg>
ST_1 : Operation 104 [1/1] (0.69ns) (root node of TernaryAdder)   --->   "%add_ln58_2277 = add i15 %add_ln58_2276, i15 %trunc_ln42_19" [firmware/nnet_utils/nnet_dense_latency.h:58]   --->   Operation 104 'add' 'add_ln58_2277' <Predicate = true> <Delay = 0.69> <CoreInst = "TAddSub">   --->   Core 10 'TAddSub' <Latency = 0> <II = 1> <Delay = 0.34> <IPBlock> <Opcode : '<invalid operator> ' 'add' 'sub'> <InPorts = 3> <OutPorts = 1> <Sync> <CReg>
ST_1 : Operation 105 [1/1] (0.69ns) (root node of TernaryAdder)   --->   "%add_ln58_2278 = add i15 %add_ln58_2277, i15 %add_ln58_2275" [firmware/nnet_utils/nnet_dense_latency.h:58]   --->   Operation 105 'add' 'add_ln58_2278' <Predicate = true> <Delay = 0.69> <CoreInst = "TAddSub">   --->   Core 10 'TAddSub' <Latency = 0> <II = 1> <Delay = 0.34> <IPBlock> <Opcode : '<invalid operator> ' 'add' 'sub'> <InPorts = 3> <OutPorts = 1> <Sync> <CReg>
ST_1 : Operation 106 [1/1] (0.69ns) (root node of TernaryAdder)   --->   "%x_48 = add i15 %add_ln58_2278, i15 %add_ln58_2273" [firmware/nnet_utils/nnet_dense_latency.h:58]   --->   Operation 106 'add' 'x_48' <Predicate = true> <Delay = 0.69> <CoreInst = "TAddSub">   --->   Core 10 'TAddSub' <Latency = 0> <II = 1> <Delay = 0.34> <IPBlock> <Opcode : '<invalid operator> ' 'add' 'sub'> <InPorts = 3> <OutPorts = 1> <Sync> <CReg>
ST_1 : Operation 107 [1/1] (0.00ns) (grouped into TernaryAdder)   --->   "%add_ln58_2280 = add i15 %trunc_ln42_17, i15 %trunc_ln42_6" [firmware/nnet_utils/nnet_dense_latency.h:58]   --->   Operation 107 'add' 'add_ln58_2280' <Predicate = true> <Delay = 0.00> <CoreInst = "TAddSub">   --->   Core 10 'TAddSub' <Latency = 0> <II = 1> <Delay = 0.34> <IPBlock> <Opcode : '<invalid operator> ' 'add' 'sub'> <InPorts = 3> <OutPorts = 1> <Sync> <CReg>
ST_1 : Operation 108 [1/1] (0.00ns) (grouped into TernaryAdder)   --->   "%add_ln58_2281 = add i15 %trunc_ln42_23, i15 %trunc_ln42_26" [firmware/nnet_utils/nnet_dense_latency.h:58]   --->   Operation 108 'add' 'add_ln58_2281' <Predicate = true> <Delay = 0.00> <CoreInst = "TAddSub">   --->   Core 10 'TAddSub' <Latency = 0> <II = 1> <Delay = 0.34> <IPBlock> <Opcode : '<invalid operator> ' 'add' 'sub'> <InPorts = 3> <OutPorts = 1> <Sync> <CReg>
ST_1 : Operation 109 [1/1] (0.69ns) (root node of TernaryAdder)   --->   "%add_ln58_2282 = add i15 %add_ln58_2281, i15 %trunc_ln42_20" [firmware/nnet_utils/nnet_dense_latency.h:58]   --->   Operation 109 'add' 'add_ln58_2282' <Predicate = true> <Delay = 0.69> <CoreInst = "TAddSub">   --->   Core 10 'TAddSub' <Latency = 0> <II = 1> <Delay = 0.34> <IPBlock> <Opcode : '<invalid operator> ' 'add' 'sub'> <InPorts = 3> <OutPorts = 1> <Sync> <CReg>
ST_1 : Operation 110 [1/1] (0.69ns) (root node of TernaryAdder)   --->   "%x = add i15 %add_ln58_2282, i15 %add_ln58_2280" [firmware/nnet_utils/nnet_dense_latency.h:58]   --->   Operation 110 'add' 'x' <Predicate = true> <Delay = 0.69> <CoreInst = "TAddSub">   --->   Core 10 'TAddSub' <Latency = 0> <II = 1> <Delay = 0.34> <IPBlock> <Opcode : '<invalid operator> ' 'add' 'sub'> <InPorts = 3> <OutPorts = 1> <Sync> <CReg>
ST_1 : Operation 111 [1/1] (0.00ns) (grouped into TernaryAdder)   --->   "%add_ln58_2284 = add i15 %trunc_ln, i15 %trunc_ln42_4" [firmware/nnet_utils/nnet_dense_latency.h:58]   --->   Operation 111 'add' 'add_ln58_2284' <Predicate = true> <Delay = 0.00> <CoreInst = "TAddSub">   --->   Core 10 'TAddSub' <Latency = 0> <II = 1> <Delay = 0.34> <IPBlock> <Opcode : '<invalid operator> ' 'add' 'sub'> <InPorts = 3> <OutPorts = 1> <Sync> <CReg>
ST_1 : Operation 112 [1/1] (0.69ns) (root node of TernaryAdder)   --->   "%add_ln58_2285 = add i15 %add_ln58_2284, i15 %trunc_ln42_2" [firmware/nnet_utils/nnet_dense_latency.h:58]   --->   Operation 112 'add' 'add_ln58_2285' <Predicate = true> <Delay = 0.69> <CoreInst = "TAddSub">   --->   Core 10 'TAddSub' <Latency = 0> <II = 1> <Delay = 0.34> <IPBlock> <Opcode : '<invalid operator> ' 'add' 'sub'> <InPorts = 3> <OutPorts = 1> <Sync> <CReg>
ST_1 : Operation 113 [1/1] (0.00ns) (grouped into TernaryAdder)   --->   "%add_ln58_2286 = add i15 %trunc_ln42_9, i15 %trunc_ln42_10" [firmware/nnet_utils/nnet_dense_latency.h:58]   --->   Operation 113 'add' 'add_ln58_2286' <Predicate = true> <Delay = 0.00> <CoreInst = "TAddSub">   --->   Core 10 'TAddSub' <Latency = 0> <II = 1> <Delay = 0.34> <IPBlock> <Opcode : '<invalid operator> ' 'add' 'sub'> <InPorts = 3> <OutPorts = 1> <Sync> <CReg>
ST_1 : Operation 114 [1/1] (0.69ns) (root node of TernaryAdder)   --->   "%add_ln58_2287 = add i15 %add_ln58_2286, i15 %trunc_ln42_7" [firmware/nnet_utils/nnet_dense_latency.h:58]   --->   Operation 114 'add' 'add_ln58_2287' <Predicate = true> <Delay = 0.69> <CoreInst = "TAddSub">   --->   Core 10 'TAddSub' <Latency = 0> <II = 1> <Delay = 0.34> <IPBlock> <Opcode : '<invalid operator> ' 'add' 'sub'> <InPorts = 3> <OutPorts = 1> <Sync> <CReg>
ST_1 : Operation 115 [1/1] (0.77ns)   --->   "%add_ln58_2289 = add i15 %trunc_ln42_13, i15 %trunc_ln42_15" [firmware/nnet_utils/nnet_dense_latency.h:58]   --->   Operation 115 'add' 'add_ln58_2289' <Predicate = true> <Delay = 0.77> <CoreInst = "Adder">   --->   Core 1 'Adder' <Latency = 0> <II = 1> <Delay = 0.77> <FuncUnit> <Opcode : 'add' 'sub'> <InPorts = 2> <OutPorts = 1>
ST_1 : Operation 116 [1/1] (0.00ns) (grouped into TernaryAdder)   --->   "%add_ln58_2290 = add i15 %add_ln58_2289, i15 %trunc_ln42_11" [firmware/nnet_utils/nnet_dense_latency.h:58]   --->   Operation 116 'add' 'add_ln58_2290' <Predicate = true> <Delay = 0.00> <CoreInst = "TAddSub">   --->   Core 10 'TAddSub' <Latency = 0> <II = 1> <Delay = 0.34> <IPBlock> <Opcode : '<invalid operator> ' 'add' 'sub'> <InPorts = 3> <OutPorts = 1> <Sync> <CReg>
ST_1 : Operation 117 [1/1] (0.00ns) (grouped into TernaryAdder)   --->   "%add_ln58_2291 = add i15 %trunc_ln42_18, i15 %trunc_ln42_21" [firmware/nnet_utils/nnet_dense_latency.h:58]   --->   Operation 117 'add' 'add_ln58_2291' <Predicate = true> <Delay = 0.00> <CoreInst = "TAddSub">   --->   Core 10 'TAddSub' <Latency = 0> <II = 1> <Delay = 0.34> <IPBlock> <Opcode : '<invalid operator> ' 'add' 'sub'> <InPorts = 3> <OutPorts = 1> <Sync> <CReg>
ST_1 : Operation 118 [1/1] (0.77ns)   --->   "%add_ln58_2292 = add i15 %trunc_ln42_24, i15 %trunc_ln42_27" [firmware/nnet_utils/nnet_dense_latency.h:58]   --->   Operation 118 'add' 'add_ln58_2292' <Predicate = true> <Delay = 0.77> <CoreInst = "Adder">   --->   Core 1 'Adder' <Latency = 0> <II = 1> <Delay = 0.77> <FuncUnit> <Opcode : 'add' 'sub'> <InPorts = 2> <OutPorts = 1>
ST_1 : Operation 119 [1/1] (0.69ns) (root node of TernaryAdder)   --->   "%add_ln58_2293 = add i15 %add_ln58_2292, i15 %add_ln58_2291" [firmware/nnet_utils/nnet_dense_latency.h:58]   --->   Operation 119 'add' 'add_ln58_2293' <Predicate = true> <Delay = 0.69> <CoreInst = "TAddSub">   --->   Core 10 'TAddSub' <Latency = 0> <II = 1> <Delay = 0.34> <IPBlock> <Opcode : '<invalid operator> ' 'add' 'sub'> <InPorts = 3> <OutPorts = 1> <Sync> <CReg>
ST_1 : Operation 120 [1/1] (0.69ns) (root node of TernaryAdder)   --->   "%add_ln58_2294 = add i15 %add_ln58_2293, i15 %add_ln58_2290" [firmware/nnet_utils/nnet_dense_latency.h:58]   --->   Operation 120 'add' 'add_ln58_2294' <Predicate = true> <Delay = 0.69> <CoreInst = "TAddSub">   --->   Core 10 'TAddSub' <Latency = 0> <II = 1> <Delay = 0.34> <IPBlock> <Opcode : '<invalid operator> ' 'add' 'sub'> <InPorts = 3> <OutPorts = 1> <Sync> <CReg>

State 2 <SV = 1> <Delay = 0.69>
ST_2 : Operation 121 [1/1] (0.00ns)   --->   "%specpipeline_ln33 = specpipeline void @_ssdm_op_SpecPipeline, i32 1, i32 0, i32 0, i32 0, void @empty_0" [firmware/nnet_utils/nnet_dense_latency.h:33]   --->   Operation 121 'specpipeline' 'specpipeline_ln33' <Predicate = true> <Delay = 0.00>
ST_2 : Operation 122 [1/1] (0.00ns)   --->   "%specresourcelimit_ln33 = specresourcelimit void @_ssdm_op_SpecResourceLimit, i64 29, void @empty_1, void @empty_0, void @empty_0, void @empty_0" [firmware/nnet_utils/nnet_dense_latency.h:33]   --->   Operation 122 'specresourcelimit' 'specresourcelimit_ln33' <Predicate = true> <Delay = 0.00>
ST_2 : Operation 123 [1/1] (0.00ns) (grouped into TernaryAdder)   --->   "%add_ln58_2288 = add i15 %add_ln58_2287, i15 %add_ln58_2285" [firmware/nnet_utils/nnet_dense_latency.h:58]   --->   Operation 123 'add' 'add_ln58_2288' <Predicate = true> <Delay = 0.00> <CoreInst = "TAddSub">   --->   Core 10 'TAddSub' <Latency = 0> <II = 1> <Delay = 0.34> <IPBlock> <Opcode : '<invalid operator> ' 'add' 'sub'> <InPorts = 3> <OutPorts = 1> <Sync> <CReg>
ST_2 : Operation 124 [1/1] (0.69ns) (root node of TernaryAdder)   --->   "%x_47 = add i15 %add_ln58_2294, i15 %add_ln58_2288" [firmware/nnet_utils/nnet_dense_latency.h:58]   --->   Operation 124 'add' 'x_47' <Predicate = true> <Delay = 0.69> <CoreInst = "TAddSub">   --->   Core 10 'TAddSub' <Latency = 0> <II = 1> <Delay = 0.34> <IPBlock> <Opcode : '<invalid operator> ' 'add' 'sub'> <InPorts = 3> <OutPorts = 1> <Sync> <CReg>
ST_2 : Operation 125 [1/1] (0.00ns)   --->   "%sext_ln111 = sext i15 %x" [firmware/nnet_utils/nnet_mult.h:111->firmware/nnet_utils/nnet_dense_latency.h:66]   --->   Operation 125 'sext' 'sext_ln111' <Predicate = true> <Delay = 0.00>
ST_2 : Operation 126 [1/1] (0.00ns)   --->   "%sext_ln111_47 = sext i15 %x_47" [firmware/nnet_utils/nnet_mult.h:111->firmware/nnet_utils/nnet_dense_latency.h:66]   --->   Operation 126 'sext' 'sext_ln111_47' <Predicate = true> <Delay = 0.00>
ST_2 : Operation 127 [1/1] (0.00ns)   --->   "%sext_ln111_48 = sext i15 %x_48" [firmware/nnet_utils/nnet_mult.h:111->firmware/nnet_utils/nnet_dense_latency.h:66]   --->   Operation 127 'sext' 'sext_ln111_48' <Predicate = true> <Delay = 0.00>
ST_2 : Operation 128 [1/1] (0.00ns)   --->   "%mrv = insertvalue i48 <undef>, i16 %sext_ln111" [firmware/nnet_utils/nnet_dense_latency.h:68]   --->   Operation 128 'insertvalue' 'mrv' <Predicate = true> <Delay = 0.00>
ST_2 : Operation 129 [1/1] (0.00ns)   --->   "%mrv_1 = insertvalue i48 %mrv, i16 %sext_ln111_47" [firmware/nnet_utils/nnet_dense_latency.h:68]   --->   Operation 129 'insertvalue' 'mrv_1' <Predicate = true> <Delay = 0.00>
ST_2 : Operation 130 [1/1] (0.00ns)   --->   "%mrv_2 = insertvalue i48 %mrv_1, i16 %sext_ln111_48" [firmware/nnet_utils/nnet_dense_latency.h:68]   --->   Operation 130 'insertvalue' 'mrv_2' <Predicate = true> <Delay = 0.00>
ST_2 : Operation 131 [1/1] (0.00ns)   --->   "%ret_ln68 = ret i48 %mrv_2" [firmware/nnet_utils/nnet_dense_latency.h:68]   --->   Operation 131 'ret' 'ret_ln68' <Predicate = true> <Delay = 0.00>


============================================================
+ Verbose Summary: Timing violations
============================================================
Target clock period: 5.000ns, clock uncertainty: 0.625ns.

 <State 1>: 4.106ns
The critical path consists of the following:
	wire read operation ('data_9_val_read', firmware/nnet_utils/nnet_mult.h:70->firmware/nnet_utils/nnet_dense_latency.h:42) on port 'data_9_val' (firmware/nnet_utils/nnet_mult.h:70->firmware/nnet_utils/nnet_dense_latency.h:42) [25]  (0.000 ns)
	'mul' operation ('mul_ln42_987', firmware/nnet_utils/nnet_dense_latency.h:42) [79]  (1.940 ns)
	'add' operation ('add_ln58_2274', firmware/nnet_utils/nnet_dense_latency.h:58) [117]  (0.775 ns)
	'add' operation ('add_ln58_2275', firmware/nnet_utils/nnet_dense_latency.h:58) [118]  (0.000 ns)
	'add' operation ('add_ln58_2278', firmware/nnet_utils/nnet_dense_latency.h:58) [121]  (0.695 ns)
	'add' operation ('x', firmware/nnet_utils/nnet_dense_latency.h:58) [122]  (0.695 ns)

 <State 2>: 0.695ns
The critical path consists of the following:
	'add' operation ('add_ln58_2288', firmware/nnet_utils/nnet_dense_latency.h:58) [131]  (0.000 ns)
	'add' operation ('x', firmware/nnet_utils/nnet_dense_latency.h:58) [138]  (0.695 ns)


============================================================
+ Verbose Summary: Binding
============================================================
N/A
* FSMD analyzer results:
  - Output states:
 - Input state : 
  - Chain level:
	State 1
	State 2


============================================================
+ Verbose Summary: Datapath Resource usage 
============================================================
N/A
