

================================================================
== Vitis HLS Report for 'linear_ap_fixed_15_5_5_3_0_ap_fixed_16_6_5_3_0_linear_config3_s'
================================================================
* Date:           Mon Jul 15 08:30:07 2024

* Version:        2023.1 (Build 3854077 on May  4 2023)
* Project:        myproject_prj
* Solution:       solution1 (Vivado IP Flow Target)
* Product family: virtexuplus
* Target device:  xcvu13p-flga2577-2-e


================================================================
== Performance Estimates
================================================================
+ Timing: 
    * Summary: 
    +--------+---------+----------+------------+
    |  Clock |  Target | Estimated| Uncertainty|
    +--------+---------+----------+------------+
    |ap_clk  |  5.00 ns|      0 ns|     0.62 ns|
    +--------+---------+----------+------------+

+ Latency: 
    * Summary: 
    +---------+---------+----------+----------+-----+-----+---------+
    |  Latency (cycles) |  Latency (absolute) |  Interval | Pipeline|
    |   min   |   max   |    min   |    max   | min | max |   Type  |
    +---------+---------+----------+----------+-----+-----+---------+
    |        0|        0|      0 ns|      0 ns|    1|    1|      yes|
    +---------+---------+----------+----------+-----+-----+---------+

    + Detail: 
        * Instance: 
        N/A

        * Loop: 
        N/A

============================================================
+ Verbose Summary: Synthesis Manager
============================================================
InlineROM: 1
ExposeGlobal: 0
============================================================
+ Verbose Summary: CDFG Model
============================================================
IsTopModel: 0
ResetActiveHigh: 1
IsCombinational: 0
IsDatapathOnly: 0
HasWiredReturn: 1
HasMFsm: 2
HasVarLatency: 0
IsPipeline: 1
IsRtlPipelined: 0
IsInstanceOverlapped: 0
IsDontTouch: 0
HasImplIP: 0
IsGatedGlobalClock: 0

+ Individual pipeline summary: 
  * Pipeline-0: initiation interval (II) = 1, depth = 1


============================================================
+ Verbose Summary: Schedule
============================================================
* Number of FSM states : 1
* Pipeline : 1
  Pipeline-0 : II = 1, D = 1, States = { 1 }
* Dataflow Pipeline: 0

* FSM state transitions: 
1 --> 

* FSM state operations: 

State 1 <SV = 0> <Delay = 0.00>
ST_1 : Operation 2 [1/1] (0.00ns)   --->   "%specpipeline_ln31 = specpipeline void @_ssdm_op_SpecPipeline, i32 4294967295, i32 0, i32 0, i32 0, void @empty_0" [firmware/nnet_utils/nnet_activation.h:31]   --->   Operation 2 'specpipeline' 'specpipeline_ln31' <Predicate = true> <Delay = 0.00>
ST_1 : Operation 3 [1/1] (0.00ns)   --->   "%data_71_val_read = read i15 @_ssdm_op_Read.ap_auto.i15, i15 %data_71_val" [firmware/nnet_utils/nnet_activation.h:32]   --->   Operation 3 'read' 'data_71_val_read' <Predicate = true> <Delay = 0.00>
ST_1 : Operation 4 [1/1] (0.00ns)   --->   "%data_70_val_read = read i15 @_ssdm_op_Read.ap_auto.i15, i15 %data_70_val" [firmware/nnet_utils/nnet_activation.h:32]   --->   Operation 4 'read' 'data_70_val_read' <Predicate = true> <Delay = 0.00>
ST_1 : Operation 5 [1/1] (0.00ns)   --->   "%data_69_val_read = read i15 @_ssdm_op_Read.ap_auto.i15, i15 %data_69_val" [firmware/nnet_utils/nnet_activation.h:32]   --->   Operation 5 'read' 'data_69_val_read' <Predicate = true> <Delay = 0.00>
ST_1 : Operation 6 [1/1] (0.00ns)   --->   "%data_68_val_read = read i15 @_ssdm_op_Read.ap_auto.i15, i15 %data_68_val" [firmware/nnet_utils/nnet_activation.h:32]   --->   Operation 6 'read' 'data_68_val_read' <Predicate = true> <Delay = 0.00>
ST_1 : Operation 7 [1/1] (0.00ns)   --->   "%data_67_val_read = read i15 @_ssdm_op_Read.ap_auto.i15, i15 %data_67_val" [firmware/nnet_utils/nnet_activation.h:32]   --->   Operation 7 'read' 'data_67_val_read' <Predicate = true> <Delay = 0.00>
ST_1 : Operation 8 [1/1] (0.00ns)   --->   "%data_66_val_read = read i15 @_ssdm_op_Read.ap_auto.i15, i15 %data_66_val" [firmware/nnet_utils/nnet_activation.h:32]   --->   Operation 8 'read' 'data_66_val_read' <Predicate = true> <Delay = 0.00>
ST_1 : Operation 9 [1/1] (0.00ns)   --->   "%data_65_val_read = read i15 @_ssdm_op_Read.ap_auto.i15, i15 %data_65_val" [firmware/nnet_utils/nnet_activation.h:32]   --->   Operation 9 'read' 'data_65_val_read' <Predicate = true> <Delay = 0.00>
ST_1 : Operation 10 [1/1] (0.00ns)   --->   "%data_64_val_read = read i15 @_ssdm_op_Read.ap_auto.i15, i15 %data_64_val" [firmware/nnet_utils/nnet_activation.h:32]   --->   Operation 10 'read' 'data_64_val_read' <Predicate = true> <Delay = 0.00>
ST_1 : Operation 11 [1/1] (0.00ns)   --->   "%data_63_val_read = read i15 @_ssdm_op_Read.ap_auto.i15, i15 %data_63_val" [firmware/nnet_utils/nnet_activation.h:32]   --->   Operation 11 'read' 'data_63_val_read' <Predicate = true> <Delay = 0.00>
ST_1 : Operation 12 [1/1] (0.00ns)   --->   "%data_62_val_read = read i15 @_ssdm_op_Read.ap_auto.i15, i15 %data_62_val" [firmware/nnet_utils/nnet_activation.h:32]   --->   Operation 12 'read' 'data_62_val_read' <Predicate = true> <Delay = 0.00>
ST_1 : Operation 13 [1/1] (0.00ns)   --->   "%data_61_val_read = read i15 @_ssdm_op_Read.ap_auto.i15, i15 %data_61_val" [firmware/nnet_utils/nnet_activation.h:32]   --->   Operation 13 'read' 'data_61_val_read' <Predicate = true> <Delay = 0.00>
ST_1 : Operation 14 [1/1] (0.00ns)   --->   "%data_60_val_read = read i15 @_ssdm_op_Read.ap_auto.i15, i15 %data_60_val" [firmware/nnet_utils/nnet_activation.h:32]   --->   Operation 14 'read' 'data_60_val_read' <Predicate = true> <Delay = 0.00>
ST_1 : Operation 15 [1/1] (0.00ns)   --->   "%data_59_val_read = read i15 @_ssdm_op_Read.ap_auto.i15, i15 %data_59_val" [firmware/nnet_utils/nnet_activation.h:32]   --->   Operation 15 'read' 'data_59_val_read' <Predicate = true> <Delay = 0.00>
ST_1 : Operation 16 [1/1] (0.00ns)   --->   "%data_58_val_read = read i15 @_ssdm_op_Read.ap_auto.i15, i15 %data_58_val" [firmware/nnet_utils/nnet_activation.h:32]   --->   Operation 16 'read' 'data_58_val_read' <Predicate = true> <Delay = 0.00>
ST_1 : Operation 17 [1/1] (0.00ns)   --->   "%data_57_val_read = read i15 @_ssdm_op_Read.ap_auto.i15, i15 %data_57_val" [firmware/nnet_utils/nnet_activation.h:32]   --->   Operation 17 'read' 'data_57_val_read' <Predicate = true> <Delay = 0.00>
ST_1 : Operation 18 [1/1] (0.00ns)   --->   "%data_56_val_read = read i15 @_ssdm_op_Read.ap_auto.i15, i15 %data_56_val" [firmware/nnet_utils/nnet_activation.h:32]   --->   Operation 18 'read' 'data_56_val_read' <Predicate = true> <Delay = 0.00>
ST_1 : Operation 19 [1/1] (0.00ns)   --->   "%data_55_val_read = read i15 @_ssdm_op_Read.ap_auto.i15, i15 %data_55_val" [firmware/nnet_utils/nnet_activation.h:32]   --->   Operation 19 'read' 'data_55_val_read' <Predicate = true> <Delay = 0.00>
ST_1 : Operation 20 [1/1] (0.00ns)   --->   "%data_54_val_read = read i15 @_ssdm_op_Read.ap_auto.i15, i15 %data_54_val" [firmware/nnet_utils/nnet_activation.h:32]   --->   Operation 20 'read' 'data_54_val_read' <Predicate = true> <Delay = 0.00>
ST_1 : Operation 21 [1/1] (0.00ns)   --->   "%data_53_val_read = read i15 @_ssdm_op_Read.ap_auto.i15, i15 %data_53_val" [firmware/nnet_utils/nnet_activation.h:32]   --->   Operation 21 'read' 'data_53_val_read' <Predicate = true> <Delay = 0.00>
ST_1 : Operation 22 [1/1] (0.00ns)   --->   "%data_52_val_read = read i15 @_ssdm_op_Read.ap_auto.i15, i15 %data_52_val" [firmware/nnet_utils/nnet_activation.h:32]   --->   Operation 22 'read' 'data_52_val_read' <Predicate = true> <Delay = 0.00>
ST_1 : Operation 23 [1/1] (0.00ns)   --->   "%data_51_val_read = read i15 @_ssdm_op_Read.ap_auto.i15, i15 %data_51_val" [firmware/nnet_utils/nnet_activation.h:32]   --->   Operation 23 'read' 'data_51_val_read' <Predicate = true> <Delay = 0.00>
ST_1 : Operation 24 [1/1] (0.00ns)   --->   "%data_50_val_read = read i15 @_ssdm_op_Read.ap_auto.i15, i15 %data_50_val" [firmware/nnet_utils/nnet_activation.h:32]   --->   Operation 24 'read' 'data_50_val_read' <Predicate = true> <Delay = 0.00>
ST_1 : Operation 25 [1/1] (0.00ns)   --->   "%data_49_val_read = read i15 @_ssdm_op_Read.ap_auto.i15, i15 %data_49_val" [firmware/nnet_utils/nnet_activation.h:32]   --->   Operation 25 'read' 'data_49_val_read' <Predicate = true> <Delay = 0.00>
ST_1 : Operation 26 [1/1] (0.00ns)   --->   "%data_48_val_read = read i15 @_ssdm_op_Read.ap_auto.i15, i15 %data_48_val" [firmware/nnet_utils/nnet_activation.h:32]   --->   Operation 26 'read' 'data_48_val_read' <Predicate = true> <Delay = 0.00>
ST_1 : Operation 27 [1/1] (0.00ns)   --->   "%data_47_val_read = read i15 @_ssdm_op_Read.ap_auto.i15, i15 %data_47_val" [firmware/nnet_utils/nnet_activation.h:32]   --->   Operation 27 'read' 'data_47_val_read' <Predicate = true> <Delay = 0.00>
ST_1 : Operation 28 [1/1] (0.00ns)   --->   "%data_46_val_read = read i15 @_ssdm_op_Read.ap_auto.i15, i15 %data_46_val" [firmware/nnet_utils/nnet_activation.h:32]   --->   Operation 28 'read' 'data_46_val_read' <Predicate = true> <Delay = 0.00>
ST_1 : Operation 29 [1/1] (0.00ns)   --->   "%data_45_val_read = read i15 @_ssdm_op_Read.ap_auto.i15, i15 %data_45_val" [firmware/nnet_utils/nnet_activation.h:32]   --->   Operation 29 'read' 'data_45_val_read' <Predicate = true> <Delay = 0.00>
ST_1 : Operation 30 [1/1] (0.00ns)   --->   "%data_44_val_read = read i15 @_ssdm_op_Read.ap_auto.i15, i15 %data_44_val" [firmware/nnet_utils/nnet_activation.h:32]   --->   Operation 30 'read' 'data_44_val_read' <Predicate = true> <Delay = 0.00>
ST_1 : Operation 31 [1/1] (0.00ns)   --->   "%data_43_val_read = read i15 @_ssdm_op_Read.ap_auto.i15, i15 %data_43_val" [firmware/nnet_utils/nnet_activation.h:32]   --->   Operation 31 'read' 'data_43_val_read' <Predicate = true> <Delay = 0.00>
ST_1 : Operation 32 [1/1] (0.00ns)   --->   "%data_42_val_read = read i15 @_ssdm_op_Read.ap_auto.i15, i15 %data_42_val" [firmware/nnet_utils/nnet_activation.h:32]   --->   Operation 32 'read' 'data_42_val_read' <Predicate = true> <Delay = 0.00>
ST_1 : Operation 33 [1/1] (0.00ns)   --->   "%data_41_val_read = read i15 @_ssdm_op_Read.ap_auto.i15, i15 %data_41_val" [firmware/nnet_utils/nnet_activation.h:32]   --->   Operation 33 'read' 'data_41_val_read' <Predicate = true> <Delay = 0.00>
ST_1 : Operation 34 [1/1] (0.00ns)   --->   "%data_40_val_read = read i15 @_ssdm_op_Read.ap_auto.i15, i15 %data_40_val" [firmware/nnet_utils/nnet_activation.h:32]   --->   Operation 34 'read' 'data_40_val_read' <Predicate = true> <Delay = 0.00>
ST_1 : Operation 35 [1/1] (0.00ns)   --->   "%data_39_val_read = read i15 @_ssdm_op_Read.ap_auto.i15, i15 %data_39_val" [firmware/nnet_utils/nnet_activation.h:32]   --->   Operation 35 'read' 'data_39_val_read' <Predicate = true> <Delay = 0.00>
ST_1 : Operation 36 [1/1] (0.00ns)   --->   "%data_38_val_read = read i15 @_ssdm_op_Read.ap_auto.i15, i15 %data_38_val" [firmware/nnet_utils/nnet_activation.h:32]   --->   Operation 36 'read' 'data_38_val_read' <Predicate = true> <Delay = 0.00>
ST_1 : Operation 37 [1/1] (0.00ns)   --->   "%data_37_val_read = read i15 @_ssdm_op_Read.ap_auto.i15, i15 %data_37_val" [firmware/nnet_utils/nnet_activation.h:32]   --->   Operation 37 'read' 'data_37_val_read' <Predicate = true> <Delay = 0.00>
ST_1 : Operation 38 [1/1] (0.00ns)   --->   "%data_36_val_read = read i15 @_ssdm_op_Read.ap_auto.i15, i15 %data_36_val" [firmware/nnet_utils/nnet_activation.h:32]   --->   Operation 38 'read' 'data_36_val_read' <Predicate = true> <Delay = 0.00>
ST_1 : Operation 39 [1/1] (0.00ns)   --->   "%data_35_val_read = read i15 @_ssdm_op_Read.ap_auto.i15, i15 %data_35_val" [firmware/nnet_utils/nnet_activation.h:32]   --->   Operation 39 'read' 'data_35_val_read' <Predicate = true> <Delay = 0.00>
ST_1 : Operation 40 [1/1] (0.00ns)   --->   "%data_34_val_read = read i15 @_ssdm_op_Read.ap_auto.i15, i15 %data_34_val" [firmware/nnet_utils/nnet_activation.h:32]   --->   Operation 40 'read' 'data_34_val_read' <Predicate = true> <Delay = 0.00>
ST_1 : Operation 41 [1/1] (0.00ns)   --->   "%data_33_val_read = read i15 @_ssdm_op_Read.ap_auto.i15, i15 %data_33_val" [firmware/nnet_utils/nnet_activation.h:32]   --->   Operation 41 'read' 'data_33_val_read' <Predicate = true> <Delay = 0.00>
ST_1 : Operation 42 [1/1] (0.00ns)   --->   "%data_32_val_read = read i15 @_ssdm_op_Read.ap_auto.i15, i15 %data_32_val" [firmware/nnet_utils/nnet_activation.h:32]   --->   Operation 42 'read' 'data_32_val_read' <Predicate = true> <Delay = 0.00>
ST_1 : Operation 43 [1/1] (0.00ns)   --->   "%data_31_val_read = read i15 @_ssdm_op_Read.ap_auto.i15, i15 %data_31_val" [firmware/nnet_utils/nnet_activation.h:32]   --->   Operation 43 'read' 'data_31_val_read' <Predicate = true> <Delay = 0.00>
ST_1 : Operation 44 [1/1] (0.00ns)   --->   "%data_30_val_read = read i15 @_ssdm_op_Read.ap_auto.i15, i15 %data_30_val" [firmware/nnet_utils/nnet_activation.h:32]   --->   Operation 44 'read' 'data_30_val_read' <Predicate = true> <Delay = 0.00>
ST_1 : Operation 45 [1/1] (0.00ns)   --->   "%data_29_val_read = read i15 @_ssdm_op_Read.ap_auto.i15, i15 %data_29_val" [firmware/nnet_utils/nnet_activation.h:32]   --->   Operation 45 'read' 'data_29_val_read' <Predicate = true> <Delay = 0.00>
ST_1 : Operation 46 [1/1] (0.00ns)   --->   "%data_28_val_read = read i15 @_ssdm_op_Read.ap_auto.i15, i15 %data_28_val" [firmware/nnet_utils/nnet_activation.h:32]   --->   Operation 46 'read' 'data_28_val_read' <Predicate = true> <Delay = 0.00>
ST_1 : Operation 47 [1/1] (0.00ns)   --->   "%data_27_val_read = read i15 @_ssdm_op_Read.ap_auto.i15, i15 %data_27_val" [firmware/nnet_utils/nnet_activation.h:32]   --->   Operation 47 'read' 'data_27_val_read' <Predicate = true> <Delay = 0.00>
ST_1 : Operation 48 [1/1] (0.00ns)   --->   "%data_26_val_read = read i15 @_ssdm_op_Read.ap_auto.i15, i15 %data_26_val" [firmware/nnet_utils/nnet_activation.h:32]   --->   Operation 48 'read' 'data_26_val_read' <Predicate = true> <Delay = 0.00>
ST_1 : Operation 49 [1/1] (0.00ns)   --->   "%data_25_val_read = read i15 @_ssdm_op_Read.ap_auto.i15, i15 %data_25_val" [firmware/nnet_utils/nnet_activation.h:32]   --->   Operation 49 'read' 'data_25_val_read' <Predicate = true> <Delay = 0.00>
ST_1 : Operation 50 [1/1] (0.00ns)   --->   "%data_24_val_read = read i15 @_ssdm_op_Read.ap_auto.i15, i15 %data_24_val" [firmware/nnet_utils/nnet_activation.h:32]   --->   Operation 50 'read' 'data_24_val_read' <Predicate = true> <Delay = 0.00>
ST_1 : Operation 51 [1/1] (0.00ns)   --->   "%data_23_val_read = read i15 @_ssdm_op_Read.ap_auto.i15, i15 %data_23_val" [firmware/nnet_utils/nnet_activation.h:32]   --->   Operation 51 'read' 'data_23_val_read' <Predicate = true> <Delay = 0.00>
ST_1 : Operation 52 [1/1] (0.00ns)   --->   "%data_22_val_read = read i15 @_ssdm_op_Read.ap_auto.i15, i15 %data_22_val" [firmware/nnet_utils/nnet_activation.h:32]   --->   Operation 52 'read' 'data_22_val_read' <Predicate = true> <Delay = 0.00>
ST_1 : Operation 53 [1/1] (0.00ns)   --->   "%data_21_val_read = read i15 @_ssdm_op_Read.ap_auto.i15, i15 %data_21_val" [firmware/nnet_utils/nnet_activation.h:32]   --->   Operation 53 'read' 'data_21_val_read' <Predicate = true> <Delay = 0.00>
ST_1 : Operation 54 [1/1] (0.00ns)   --->   "%data_20_val_read = read i15 @_ssdm_op_Read.ap_auto.i15, i15 %data_20_val" [firmware/nnet_utils/nnet_activation.h:32]   --->   Operation 54 'read' 'data_20_val_read' <Predicate = true> <Delay = 0.00>
ST_1 : Operation 55 [1/1] (0.00ns)   --->   "%data_19_val_read = read i15 @_ssdm_op_Read.ap_auto.i15, i15 %data_19_val" [firmware/nnet_utils/nnet_activation.h:32]   --->   Operation 55 'read' 'data_19_val_read' <Predicate = true> <Delay = 0.00>
ST_1 : Operation 56 [1/1] (0.00ns)   --->   "%data_18_val_read = read i15 @_ssdm_op_Read.ap_auto.i15, i15 %data_18_val" [firmware/nnet_utils/nnet_activation.h:32]   --->   Operation 56 'read' 'data_18_val_read' <Predicate = true> <Delay = 0.00>
ST_1 : Operation 57 [1/1] (0.00ns)   --->   "%data_17_val_read = read i15 @_ssdm_op_Read.ap_auto.i15, i15 %data_17_val" [firmware/nnet_utils/nnet_activation.h:32]   --->   Operation 57 'read' 'data_17_val_read' <Predicate = true> <Delay = 0.00>
ST_1 : Operation 58 [1/1] (0.00ns)   --->   "%data_16_val_read = read i15 @_ssdm_op_Read.ap_auto.i15, i15 %data_16_val" [firmware/nnet_utils/nnet_activation.h:32]   --->   Operation 58 'read' 'data_16_val_read' <Predicate = true> <Delay = 0.00>
ST_1 : Operation 59 [1/1] (0.00ns)   --->   "%data_15_val_read = read i15 @_ssdm_op_Read.ap_auto.i15, i15 %data_15_val" [firmware/nnet_utils/nnet_activation.h:32]   --->   Operation 59 'read' 'data_15_val_read' <Predicate = true> <Delay = 0.00>
ST_1 : Operation 60 [1/1] (0.00ns)   --->   "%data_14_val_read = read i15 @_ssdm_op_Read.ap_auto.i15, i15 %data_14_val" [firmware/nnet_utils/nnet_activation.h:32]   --->   Operation 60 'read' 'data_14_val_read' <Predicate = true> <Delay = 0.00>
ST_1 : Operation 61 [1/1] (0.00ns)   --->   "%data_13_val_read = read i15 @_ssdm_op_Read.ap_auto.i15, i15 %data_13_val" [firmware/nnet_utils/nnet_activation.h:32]   --->   Operation 61 'read' 'data_13_val_read' <Predicate = true> <Delay = 0.00>
ST_1 : Operation 62 [1/1] (0.00ns)   --->   "%data_12_val_read = read i15 @_ssdm_op_Read.ap_auto.i15, i15 %data_12_val" [firmware/nnet_utils/nnet_activation.h:32]   --->   Operation 62 'read' 'data_12_val_read' <Predicate = true> <Delay = 0.00>
ST_1 : Operation 63 [1/1] (0.00ns)   --->   "%data_11_val_read = read i15 @_ssdm_op_Read.ap_auto.i15, i15 %data_11_val" [firmware/nnet_utils/nnet_activation.h:32]   --->   Operation 63 'read' 'data_11_val_read' <Predicate = true> <Delay = 0.00>
ST_1 : Operation 64 [1/1] (0.00ns)   --->   "%data_10_val_read = read i15 @_ssdm_op_Read.ap_auto.i15, i15 %data_10_val" [firmware/nnet_utils/nnet_activation.h:32]   --->   Operation 64 'read' 'data_10_val_read' <Predicate = true> <Delay = 0.00>
ST_1 : Operation 65 [1/1] (0.00ns)   --->   "%data_9_val_read = read i15 @_ssdm_op_Read.ap_auto.i15, i15 %data_9_val" [firmware/nnet_utils/nnet_activation.h:32]   --->   Operation 65 'read' 'data_9_val_read' <Predicate = true> <Delay = 0.00>
ST_1 : Operation 66 [1/1] (0.00ns)   --->   "%data_8_val_read = read i15 @_ssdm_op_Read.ap_auto.i15, i15 %data_8_val" [firmware/nnet_utils/nnet_activation.h:32]   --->   Operation 66 'read' 'data_8_val_read' <Predicate = true> <Delay = 0.00>
ST_1 : Operation 67 [1/1] (0.00ns)   --->   "%data_7_val_read = read i15 @_ssdm_op_Read.ap_auto.i15, i15 %data_7_val" [firmware/nnet_utils/nnet_activation.h:32]   --->   Operation 67 'read' 'data_7_val_read' <Predicate = true> <Delay = 0.00>
ST_1 : Operation 68 [1/1] (0.00ns)   --->   "%data_6_val_read = read i15 @_ssdm_op_Read.ap_auto.i15, i15 %data_6_val" [firmware/nnet_utils/nnet_activation.h:32]   --->   Operation 68 'read' 'data_6_val_read' <Predicate = true> <Delay = 0.00>
ST_1 : Operation 69 [1/1] (0.00ns)   --->   "%data_5_val_read = read i15 @_ssdm_op_Read.ap_auto.i15, i15 %data_5_val" [firmware/nnet_utils/nnet_activation.h:32]   --->   Operation 69 'read' 'data_5_val_read' <Predicate = true> <Delay = 0.00>
ST_1 : Operation 70 [1/1] (0.00ns)   --->   "%data_4_val_read = read i15 @_ssdm_op_Read.ap_auto.i15, i15 %data_4_val" [firmware/nnet_utils/nnet_activation.h:32]   --->   Operation 70 'read' 'data_4_val_read' <Predicate = true> <Delay = 0.00>
ST_1 : Operation 71 [1/1] (0.00ns)   --->   "%data_3_val_read = read i15 @_ssdm_op_Read.ap_auto.i15, i15 %data_3_val" [firmware/nnet_utils/nnet_activation.h:32]   --->   Operation 71 'read' 'data_3_val_read' <Predicate = true> <Delay = 0.00>
ST_1 : Operation 72 [1/1] (0.00ns)   --->   "%data_2_val_read = read i15 @_ssdm_op_Read.ap_auto.i15, i15 %data_2_val" [firmware/nnet_utils/nnet_activation.h:32]   --->   Operation 72 'read' 'data_2_val_read' <Predicate = true> <Delay = 0.00>
ST_1 : Operation 73 [1/1] (0.00ns)   --->   "%data_1_val_read = read i15 @_ssdm_op_Read.ap_auto.i15, i15 %data_1_val" [firmware/nnet_utils/nnet_activation.h:32]   --->   Operation 73 'read' 'data_1_val_read' <Predicate = true> <Delay = 0.00>
ST_1 : Operation 74 [1/1] (0.00ns)   --->   "%data_0_val_read = read i15 @_ssdm_op_Read.ap_auto.i15, i15 %data_0_val" [firmware/nnet_utils/nnet_activation.h:32]   --->   Operation 74 'read' 'data_0_val_read' <Predicate = true> <Delay = 0.00>
ST_1 : Operation 75 [1/1] (0.00ns)   --->   "%sext_ln32 = sext i15 %data_0_val_read" [firmware/nnet_utils/nnet_activation.h:32]   --->   Operation 75 'sext' 'sext_ln32' <Predicate = true> <Delay = 0.00>
ST_1 : Operation 76 [1/1] (0.00ns)   --->   "%sext_ln32_3 = sext i15 %data_1_val_read" [firmware/nnet_utils/nnet_activation.h:32]   --->   Operation 76 'sext' 'sext_ln32_3' <Predicate = true> <Delay = 0.00>
ST_1 : Operation 77 [1/1] (0.00ns)   --->   "%sext_ln32_4 = sext i15 %data_2_val_read" [firmware/nnet_utils/nnet_activation.h:32]   --->   Operation 77 'sext' 'sext_ln32_4' <Predicate = true> <Delay = 0.00>
ST_1 : Operation 78 [1/1] (0.00ns)   --->   "%sext_ln32_5 = sext i15 %data_3_val_read" [firmware/nnet_utils/nnet_activation.h:32]   --->   Operation 78 'sext' 'sext_ln32_5' <Predicate = true> <Delay = 0.00>
ST_1 : Operation 79 [1/1] (0.00ns)   --->   "%sext_ln32_6 = sext i15 %data_4_val_read" [firmware/nnet_utils/nnet_activation.h:32]   --->   Operation 79 'sext' 'sext_ln32_6' <Predicate = true> <Delay = 0.00>
ST_1 : Operation 80 [1/1] (0.00ns)   --->   "%sext_ln32_7 = sext i15 %data_5_val_read" [firmware/nnet_utils/nnet_activation.h:32]   --->   Operation 80 'sext' 'sext_ln32_7' <Predicate = true> <Delay = 0.00>
ST_1 : Operation 81 [1/1] (0.00ns)   --->   "%sext_ln32_8 = sext i15 %data_6_val_read" [firmware/nnet_utils/nnet_activation.h:32]   --->   Operation 81 'sext' 'sext_ln32_8' <Predicate = true> <Delay = 0.00>
ST_1 : Operation 82 [1/1] (0.00ns)   --->   "%sext_ln32_9 = sext i15 %data_7_val_read" [firmware/nnet_utils/nnet_activation.h:32]   --->   Operation 82 'sext' 'sext_ln32_9' <Predicate = true> <Delay = 0.00>
ST_1 : Operation 83 [1/1] (0.00ns)   --->   "%sext_ln32_10 = sext i15 %data_8_val_read" [firmware/nnet_utils/nnet_activation.h:32]   --->   Operation 83 'sext' 'sext_ln32_10' <Predicate = true> <Delay = 0.00>
ST_1 : Operation 84 [1/1] (0.00ns)   --->   "%sext_ln32_11 = sext i15 %data_9_val_read" [firmware/nnet_utils/nnet_activation.h:32]   --->   Operation 84 'sext' 'sext_ln32_11' <Predicate = true> <Delay = 0.00>
ST_1 : Operation 85 [1/1] (0.00ns)   --->   "%sext_ln32_12 = sext i15 %data_10_val_read" [firmware/nnet_utils/nnet_activation.h:32]   --->   Operation 85 'sext' 'sext_ln32_12' <Predicate = true> <Delay = 0.00>
ST_1 : Operation 86 [1/1] (0.00ns)   --->   "%sext_ln32_13 = sext i15 %data_11_val_read" [firmware/nnet_utils/nnet_activation.h:32]   --->   Operation 86 'sext' 'sext_ln32_13' <Predicate = true> <Delay = 0.00>
ST_1 : Operation 87 [1/1] (0.00ns)   --->   "%sext_ln32_14 = sext i15 %data_12_val_read" [firmware/nnet_utils/nnet_activation.h:32]   --->   Operation 87 'sext' 'sext_ln32_14' <Predicate = true> <Delay = 0.00>
ST_1 : Operation 88 [1/1] (0.00ns)   --->   "%sext_ln32_15 = sext i15 %data_13_val_read" [firmware/nnet_utils/nnet_activation.h:32]   --->   Operation 88 'sext' 'sext_ln32_15' <Predicate = true> <Delay = 0.00>
ST_1 : Operation 89 [1/1] (0.00ns)   --->   "%sext_ln32_16 = sext i15 %data_14_val_read" [firmware/nnet_utils/nnet_activation.h:32]   --->   Operation 89 'sext' 'sext_ln32_16' <Predicate = true> <Delay = 0.00>
ST_1 : Operation 90 [1/1] (0.00ns)   --->   "%sext_ln32_17 = sext i15 %data_15_val_read" [firmware/nnet_utils/nnet_activation.h:32]   --->   Operation 90 'sext' 'sext_ln32_17' <Predicate = true> <Delay = 0.00>
ST_1 : Operation 91 [1/1] (0.00ns)   --->   "%sext_ln32_18 = sext i15 %data_16_val_read" [firmware/nnet_utils/nnet_activation.h:32]   --->   Operation 91 'sext' 'sext_ln32_18' <Predicate = true> <Delay = 0.00>
ST_1 : Operation 92 [1/1] (0.00ns)   --->   "%sext_ln32_19 = sext i15 %data_17_val_read" [firmware/nnet_utils/nnet_activation.h:32]   --->   Operation 92 'sext' 'sext_ln32_19' <Predicate = true> <Delay = 0.00>
ST_1 : Operation 93 [1/1] (0.00ns)   --->   "%sext_ln32_20 = sext i15 %data_18_val_read" [firmware/nnet_utils/nnet_activation.h:32]   --->   Operation 93 'sext' 'sext_ln32_20' <Predicate = true> <Delay = 0.00>
ST_1 : Operation 94 [1/1] (0.00ns)   --->   "%sext_ln32_21 = sext i15 %data_19_val_read" [firmware/nnet_utils/nnet_activation.h:32]   --->   Operation 94 'sext' 'sext_ln32_21' <Predicate = true> <Delay = 0.00>
ST_1 : Operation 95 [1/1] (0.00ns)   --->   "%sext_ln32_22 = sext i15 %data_20_val_read" [firmware/nnet_utils/nnet_activation.h:32]   --->   Operation 95 'sext' 'sext_ln32_22' <Predicate = true> <Delay = 0.00>
ST_1 : Operation 96 [1/1] (0.00ns)   --->   "%sext_ln32_23 = sext i15 %data_21_val_read" [firmware/nnet_utils/nnet_activation.h:32]   --->   Operation 96 'sext' 'sext_ln32_23' <Predicate = true> <Delay = 0.00>
ST_1 : Operation 97 [1/1] (0.00ns)   --->   "%sext_ln32_24 = sext i15 %data_22_val_read" [firmware/nnet_utils/nnet_activation.h:32]   --->   Operation 97 'sext' 'sext_ln32_24' <Predicate = true> <Delay = 0.00>
ST_1 : Operation 98 [1/1] (0.00ns)   --->   "%sext_ln32_25 = sext i15 %data_23_val_read" [firmware/nnet_utils/nnet_activation.h:32]   --->   Operation 98 'sext' 'sext_ln32_25' <Predicate = true> <Delay = 0.00>
ST_1 : Operation 99 [1/1] (0.00ns)   --->   "%sext_ln32_26 = sext i15 %data_24_val_read" [firmware/nnet_utils/nnet_activation.h:32]   --->   Operation 99 'sext' 'sext_ln32_26' <Predicate = true> <Delay = 0.00>
ST_1 : Operation 100 [1/1] (0.00ns)   --->   "%sext_ln32_27 = sext i15 %data_25_val_read" [firmware/nnet_utils/nnet_activation.h:32]   --->   Operation 100 'sext' 'sext_ln32_27' <Predicate = true> <Delay = 0.00>
ST_1 : Operation 101 [1/1] (0.00ns)   --->   "%sext_ln32_28 = sext i15 %data_26_val_read" [firmware/nnet_utils/nnet_activation.h:32]   --->   Operation 101 'sext' 'sext_ln32_28' <Predicate = true> <Delay = 0.00>
ST_1 : Operation 102 [1/1] (0.00ns)   --->   "%sext_ln32_29 = sext i15 %data_27_val_read" [firmware/nnet_utils/nnet_activation.h:32]   --->   Operation 102 'sext' 'sext_ln32_29' <Predicate = true> <Delay = 0.00>
ST_1 : Operation 103 [1/1] (0.00ns)   --->   "%sext_ln32_30 = sext i15 %data_28_val_read" [firmware/nnet_utils/nnet_activation.h:32]   --->   Operation 103 'sext' 'sext_ln32_30' <Predicate = true> <Delay = 0.00>
ST_1 : Operation 104 [1/1] (0.00ns)   --->   "%sext_ln32_31 = sext i15 %data_29_val_read" [firmware/nnet_utils/nnet_activation.h:32]   --->   Operation 104 'sext' 'sext_ln32_31' <Predicate = true> <Delay = 0.00>
ST_1 : Operation 105 [1/1] (0.00ns)   --->   "%sext_ln32_32 = sext i15 %data_30_val_read" [firmware/nnet_utils/nnet_activation.h:32]   --->   Operation 105 'sext' 'sext_ln32_32' <Predicate = true> <Delay = 0.00>
ST_1 : Operation 106 [1/1] (0.00ns)   --->   "%sext_ln32_33 = sext i15 %data_31_val_read" [firmware/nnet_utils/nnet_activation.h:32]   --->   Operation 106 'sext' 'sext_ln32_33' <Predicate = true> <Delay = 0.00>
ST_1 : Operation 107 [1/1] (0.00ns)   --->   "%sext_ln32_34 = sext i15 %data_32_val_read" [firmware/nnet_utils/nnet_activation.h:32]   --->   Operation 107 'sext' 'sext_ln32_34' <Predicate = true> <Delay = 0.00>
ST_1 : Operation 108 [1/1] (0.00ns)   --->   "%sext_ln32_35 = sext i15 %data_33_val_read" [firmware/nnet_utils/nnet_activation.h:32]   --->   Operation 108 'sext' 'sext_ln32_35' <Predicate = true> <Delay = 0.00>
ST_1 : Operation 109 [1/1] (0.00ns)   --->   "%sext_ln32_36 = sext i15 %data_34_val_read" [firmware/nnet_utils/nnet_activation.h:32]   --->   Operation 109 'sext' 'sext_ln32_36' <Predicate = true> <Delay = 0.00>
ST_1 : Operation 110 [1/1] (0.00ns)   --->   "%sext_ln32_37 = sext i15 %data_35_val_read" [firmware/nnet_utils/nnet_activation.h:32]   --->   Operation 110 'sext' 'sext_ln32_37' <Predicate = true> <Delay = 0.00>
ST_1 : Operation 111 [1/1] (0.00ns)   --->   "%sext_ln32_38 = sext i15 %data_36_val_read" [firmware/nnet_utils/nnet_activation.h:32]   --->   Operation 111 'sext' 'sext_ln32_38' <Predicate = true> <Delay = 0.00>
ST_1 : Operation 112 [1/1] (0.00ns)   --->   "%sext_ln32_39 = sext i15 %data_37_val_read" [firmware/nnet_utils/nnet_activation.h:32]   --->   Operation 112 'sext' 'sext_ln32_39' <Predicate = true> <Delay = 0.00>
ST_1 : Operation 113 [1/1] (0.00ns)   --->   "%sext_ln32_40 = sext i15 %data_38_val_read" [firmware/nnet_utils/nnet_activation.h:32]   --->   Operation 113 'sext' 'sext_ln32_40' <Predicate = true> <Delay = 0.00>
ST_1 : Operation 114 [1/1] (0.00ns)   --->   "%sext_ln32_41 = sext i15 %data_39_val_read" [firmware/nnet_utils/nnet_activation.h:32]   --->   Operation 114 'sext' 'sext_ln32_41' <Predicate = true> <Delay = 0.00>
ST_1 : Operation 115 [1/1] (0.00ns)   --->   "%sext_ln32_42 = sext i15 %data_40_val_read" [firmware/nnet_utils/nnet_activation.h:32]   --->   Operation 115 'sext' 'sext_ln32_42' <Predicate = true> <Delay = 0.00>
ST_1 : Operation 116 [1/1] (0.00ns)   --->   "%sext_ln32_43 = sext i15 %data_41_val_read" [firmware/nnet_utils/nnet_activation.h:32]   --->   Operation 116 'sext' 'sext_ln32_43' <Predicate = true> <Delay = 0.00>
ST_1 : Operation 117 [1/1] (0.00ns)   --->   "%sext_ln32_44 = sext i15 %data_42_val_read" [firmware/nnet_utils/nnet_activation.h:32]   --->   Operation 117 'sext' 'sext_ln32_44' <Predicate = true> <Delay = 0.00>
ST_1 : Operation 118 [1/1] (0.00ns)   --->   "%sext_ln32_45 = sext i15 %data_43_val_read" [firmware/nnet_utils/nnet_activation.h:32]   --->   Operation 118 'sext' 'sext_ln32_45' <Predicate = true> <Delay = 0.00>
ST_1 : Operation 119 [1/1] (0.00ns)   --->   "%sext_ln32_46 = sext i15 %data_44_val_read" [firmware/nnet_utils/nnet_activation.h:32]   --->   Operation 119 'sext' 'sext_ln32_46' <Predicate = true> <Delay = 0.00>
ST_1 : Operation 120 [1/1] (0.00ns)   --->   "%sext_ln32_47 = sext i15 %data_45_val_read" [firmware/nnet_utils/nnet_activation.h:32]   --->   Operation 120 'sext' 'sext_ln32_47' <Predicate = true> <Delay = 0.00>
ST_1 : Operation 121 [1/1] (0.00ns)   --->   "%sext_ln32_48 = sext i15 %data_46_val_read" [firmware/nnet_utils/nnet_activation.h:32]   --->   Operation 121 'sext' 'sext_ln32_48' <Predicate = true> <Delay = 0.00>
ST_1 : Operation 122 [1/1] (0.00ns)   --->   "%sext_ln32_49 = sext i15 %data_47_val_read" [firmware/nnet_utils/nnet_activation.h:32]   --->   Operation 122 'sext' 'sext_ln32_49' <Predicate = true> <Delay = 0.00>
ST_1 : Operation 123 [1/1] (0.00ns)   --->   "%sext_ln32_50 = sext i15 %data_48_val_read" [firmware/nnet_utils/nnet_activation.h:32]   --->   Operation 123 'sext' 'sext_ln32_50' <Predicate = true> <Delay = 0.00>
ST_1 : Operation 124 [1/1] (0.00ns)   --->   "%sext_ln32_51 = sext i15 %data_49_val_read" [firmware/nnet_utils/nnet_activation.h:32]   --->   Operation 124 'sext' 'sext_ln32_51' <Predicate = true> <Delay = 0.00>
ST_1 : Operation 125 [1/1] (0.00ns)   --->   "%sext_ln32_52 = sext i15 %data_50_val_read" [firmware/nnet_utils/nnet_activation.h:32]   --->   Operation 125 'sext' 'sext_ln32_52' <Predicate = true> <Delay = 0.00>
ST_1 : Operation 126 [1/1] (0.00ns)   --->   "%sext_ln32_53 = sext i15 %data_51_val_read" [firmware/nnet_utils/nnet_activation.h:32]   --->   Operation 126 'sext' 'sext_ln32_53' <Predicate = true> <Delay = 0.00>
ST_1 : Operation 127 [1/1] (0.00ns)   --->   "%sext_ln32_54 = sext i15 %data_52_val_read" [firmware/nnet_utils/nnet_activation.h:32]   --->   Operation 127 'sext' 'sext_ln32_54' <Predicate = true> <Delay = 0.00>
ST_1 : Operation 128 [1/1] (0.00ns)   --->   "%sext_ln32_55 = sext i15 %data_53_val_read" [firmware/nnet_utils/nnet_activation.h:32]   --->   Operation 128 'sext' 'sext_ln32_55' <Predicate = true> <Delay = 0.00>
ST_1 : Operation 129 [1/1] (0.00ns)   --->   "%sext_ln32_56 = sext i15 %data_54_val_read" [firmware/nnet_utils/nnet_activation.h:32]   --->   Operation 129 'sext' 'sext_ln32_56' <Predicate = true> <Delay = 0.00>
ST_1 : Operation 130 [1/1] (0.00ns)   --->   "%sext_ln32_57 = sext i15 %data_55_val_read" [firmware/nnet_utils/nnet_activation.h:32]   --->   Operation 130 'sext' 'sext_ln32_57' <Predicate = true> <Delay = 0.00>
ST_1 : Operation 131 [1/1] (0.00ns)   --->   "%sext_ln32_58 = sext i15 %data_56_val_read" [firmware/nnet_utils/nnet_activation.h:32]   --->   Operation 131 'sext' 'sext_ln32_58' <Predicate = true> <Delay = 0.00>
ST_1 : Operation 132 [1/1] (0.00ns)   --->   "%sext_ln32_59 = sext i15 %data_57_val_read" [firmware/nnet_utils/nnet_activation.h:32]   --->   Operation 132 'sext' 'sext_ln32_59' <Predicate = true> <Delay = 0.00>
ST_1 : Operation 133 [1/1] (0.00ns)   --->   "%sext_ln32_60 = sext i15 %data_58_val_read" [firmware/nnet_utils/nnet_activation.h:32]   --->   Operation 133 'sext' 'sext_ln32_60' <Predicate = true> <Delay = 0.00>
ST_1 : Operation 134 [1/1] (0.00ns)   --->   "%sext_ln32_61 = sext i15 %data_59_val_read" [firmware/nnet_utils/nnet_activation.h:32]   --->   Operation 134 'sext' 'sext_ln32_61' <Predicate = true> <Delay = 0.00>
ST_1 : Operation 135 [1/1] (0.00ns)   --->   "%sext_ln32_62 = sext i15 %data_60_val_read" [firmware/nnet_utils/nnet_activation.h:32]   --->   Operation 135 'sext' 'sext_ln32_62' <Predicate = true> <Delay = 0.00>
ST_1 : Operation 136 [1/1] (0.00ns)   --->   "%sext_ln32_63 = sext i15 %data_61_val_read" [firmware/nnet_utils/nnet_activation.h:32]   --->   Operation 136 'sext' 'sext_ln32_63' <Predicate = true> <Delay = 0.00>
ST_1 : Operation 137 [1/1] (0.00ns)   --->   "%sext_ln32_64 = sext i15 %data_62_val_read" [firmware/nnet_utils/nnet_activation.h:32]   --->   Operation 137 'sext' 'sext_ln32_64' <Predicate = true> <Delay = 0.00>
ST_1 : Operation 138 [1/1] (0.00ns)   --->   "%sext_ln32_65 = sext i15 %data_63_val_read" [firmware/nnet_utils/nnet_activation.h:32]   --->   Operation 138 'sext' 'sext_ln32_65' <Predicate = true> <Delay = 0.00>
ST_1 : Operation 139 [1/1] (0.00ns)   --->   "%sext_ln32_66 = sext i15 %data_64_val_read" [firmware/nnet_utils/nnet_activation.h:32]   --->   Operation 139 'sext' 'sext_ln32_66' <Predicate = true> <Delay = 0.00>
ST_1 : Operation 140 [1/1] (0.00ns)   --->   "%sext_ln32_67 = sext i15 %data_65_val_read" [firmware/nnet_utils/nnet_activation.h:32]   --->   Operation 140 'sext' 'sext_ln32_67' <Predicate = true> <Delay = 0.00>
ST_1 : Operation 141 [1/1] (0.00ns)   --->   "%sext_ln32_68 = sext i15 %data_66_val_read" [firmware/nnet_utils/nnet_activation.h:32]   --->   Operation 141 'sext' 'sext_ln32_68' <Predicate = true> <Delay = 0.00>
ST_1 : Operation 142 [1/1] (0.00ns)   --->   "%sext_ln32_69 = sext i15 %data_67_val_read" [firmware/nnet_utils/nnet_activation.h:32]   --->   Operation 142 'sext' 'sext_ln32_69' <Predicate = true> <Delay = 0.00>
ST_1 : Operation 143 [1/1] (0.00ns)   --->   "%sext_ln32_70 = sext i15 %data_68_val_read" [firmware/nnet_utils/nnet_activation.h:32]   --->   Operation 143 'sext' 'sext_ln32_70' <Predicate = true> <Delay = 0.00>
ST_1 : Operation 144 [1/1] (0.00ns)   --->   "%sext_ln32_71 = sext i15 %data_69_val_read" [firmware/nnet_utils/nnet_activation.h:32]   --->   Operation 144 'sext' 'sext_ln32_71' <Predicate = true> <Delay = 0.00>
ST_1 : Operation 145 [1/1] (0.00ns)   --->   "%sext_ln32_72 = sext i15 %data_70_val_read" [firmware/nnet_utils/nnet_activation.h:32]   --->   Operation 145 'sext' 'sext_ln32_72' <Predicate = true> <Delay = 0.00>
ST_1 : Operation 146 [1/1] (0.00ns)   --->   "%sext_ln32_73 = sext i15 %data_71_val_read" [firmware/nnet_utils/nnet_activation.h:32]   --->   Operation 146 'sext' 'sext_ln32_73' <Predicate = true> <Delay = 0.00>
ST_1 : Operation 147 [1/1] (0.00ns)   --->   "%mrv = insertvalue i1152 <undef>, i16 %sext_ln32" [firmware/nnet_utils/nnet_activation.h:34]   --->   Operation 147 'insertvalue' 'mrv' <Predicate = true> <Delay = 0.00>
ST_1 : Operation 148 [1/1] (0.00ns)   --->   "%mrv_1 = insertvalue i1152 %mrv, i16 %sext_ln32_3" [firmware/nnet_utils/nnet_activation.h:34]   --->   Operation 148 'insertvalue' 'mrv_1' <Predicate = true> <Delay = 0.00>
ST_1 : Operation 149 [1/1] (0.00ns)   --->   "%mrv_2 = insertvalue i1152 %mrv_1, i16 %sext_ln32_4" [firmware/nnet_utils/nnet_activation.h:34]   --->   Operation 149 'insertvalue' 'mrv_2' <Predicate = true> <Delay = 0.00>
ST_1 : Operation 150 [1/1] (0.00ns)   --->   "%mrv_3 = insertvalue i1152 %mrv_2, i16 %sext_ln32_5" [firmware/nnet_utils/nnet_activation.h:34]   --->   Operation 150 'insertvalue' 'mrv_3' <Predicate = true> <Delay = 0.00>
ST_1 : Operation 151 [1/1] (0.00ns)   --->   "%mrv_4 = insertvalue i1152 %mrv_3, i16 %sext_ln32_6" [firmware/nnet_utils/nnet_activation.h:34]   --->   Operation 151 'insertvalue' 'mrv_4' <Predicate = true> <Delay = 0.00>
ST_1 : Operation 152 [1/1] (0.00ns)   --->   "%mrv_5 = insertvalue i1152 %mrv_4, i16 %sext_ln32_7" [firmware/nnet_utils/nnet_activation.h:34]   --->   Operation 152 'insertvalue' 'mrv_5' <Predicate = true> <Delay = 0.00>
ST_1 : Operation 153 [1/1] (0.00ns)   --->   "%mrv_6 = insertvalue i1152 %mrv_5, i16 %sext_ln32_8" [firmware/nnet_utils/nnet_activation.h:34]   --->   Operation 153 'insertvalue' 'mrv_6' <Predicate = true> <Delay = 0.00>
ST_1 : Operation 154 [1/1] (0.00ns)   --->   "%mrv_7 = insertvalue i1152 %mrv_6, i16 %sext_ln32_9" [firmware/nnet_utils/nnet_activation.h:34]   --->   Operation 154 'insertvalue' 'mrv_7' <Predicate = true> <Delay = 0.00>
ST_1 : Operation 155 [1/1] (0.00ns)   --->   "%mrv_8 = insertvalue i1152 %mrv_7, i16 %sext_ln32_10" [firmware/nnet_utils/nnet_activation.h:34]   --->   Operation 155 'insertvalue' 'mrv_8' <Predicate = true> <Delay = 0.00>
ST_1 : Operation 156 [1/1] (0.00ns)   --->   "%mrv_9 = insertvalue i1152 %mrv_8, i16 %sext_ln32_11" [firmware/nnet_utils/nnet_activation.h:34]   --->   Operation 156 'insertvalue' 'mrv_9' <Predicate = true> <Delay = 0.00>
ST_1 : Operation 157 [1/1] (0.00ns)   --->   "%mrv_10 = insertvalue i1152 %mrv_9, i16 %sext_ln32_12" [firmware/nnet_utils/nnet_activation.h:34]   --->   Operation 157 'insertvalue' 'mrv_10' <Predicate = true> <Delay = 0.00>
ST_1 : Operation 158 [1/1] (0.00ns)   --->   "%mrv_11 = insertvalue i1152 %mrv_10, i16 %sext_ln32_13" [firmware/nnet_utils/nnet_activation.h:34]   --->   Operation 158 'insertvalue' 'mrv_11' <Predicate = true> <Delay = 0.00>
ST_1 : Operation 159 [1/1] (0.00ns)   --->   "%mrv_12 = insertvalue i1152 %mrv_11, i16 %sext_ln32_14" [firmware/nnet_utils/nnet_activation.h:34]   --->   Operation 159 'insertvalue' 'mrv_12' <Predicate = true> <Delay = 0.00>
ST_1 : Operation 160 [1/1] (0.00ns)   --->   "%mrv_13 = insertvalue i1152 %mrv_12, i16 %sext_ln32_15" [firmware/nnet_utils/nnet_activation.h:34]   --->   Operation 160 'insertvalue' 'mrv_13' <Predicate = true> <Delay = 0.00>
ST_1 : Operation 161 [1/1] (0.00ns)   --->   "%mrv_14 = insertvalue i1152 %mrv_13, i16 %sext_ln32_16" [firmware/nnet_utils/nnet_activation.h:34]   --->   Operation 161 'insertvalue' 'mrv_14' <Predicate = true> <Delay = 0.00>
ST_1 : Operation 162 [1/1] (0.00ns)   --->   "%mrv_15 = insertvalue i1152 %mrv_14, i16 %sext_ln32_17" [firmware/nnet_utils/nnet_activation.h:34]   --->   Operation 162 'insertvalue' 'mrv_15' <Predicate = true> <Delay = 0.00>
ST_1 : Operation 163 [1/1] (0.00ns)   --->   "%mrv_16 = insertvalue i1152 %mrv_15, i16 %sext_ln32_18" [firmware/nnet_utils/nnet_activation.h:34]   --->   Operation 163 'insertvalue' 'mrv_16' <Predicate = true> <Delay = 0.00>
ST_1 : Operation 164 [1/1] (0.00ns)   --->   "%mrv_17 = insertvalue i1152 %mrv_16, i16 %sext_ln32_19" [firmware/nnet_utils/nnet_activation.h:34]   --->   Operation 164 'insertvalue' 'mrv_17' <Predicate = true> <Delay = 0.00>
ST_1 : Operation 165 [1/1] (0.00ns)   --->   "%mrv_18 = insertvalue i1152 %mrv_17, i16 %sext_ln32_20" [firmware/nnet_utils/nnet_activation.h:34]   --->   Operation 165 'insertvalue' 'mrv_18' <Predicate = true> <Delay = 0.00>
ST_1 : Operation 166 [1/1] (0.00ns)   --->   "%mrv_19 = insertvalue i1152 %mrv_18, i16 %sext_ln32_21" [firmware/nnet_utils/nnet_activation.h:34]   --->   Operation 166 'insertvalue' 'mrv_19' <Predicate = true> <Delay = 0.00>
ST_1 : Operation 167 [1/1] (0.00ns)   --->   "%mrv_20 = insertvalue i1152 %mrv_19, i16 %sext_ln32_22" [firmware/nnet_utils/nnet_activation.h:34]   --->   Operation 167 'insertvalue' 'mrv_20' <Predicate = true> <Delay = 0.00>
ST_1 : Operation 168 [1/1] (0.00ns)   --->   "%mrv_21 = insertvalue i1152 %mrv_20, i16 %sext_ln32_23" [firmware/nnet_utils/nnet_activation.h:34]   --->   Operation 168 'insertvalue' 'mrv_21' <Predicate = true> <Delay = 0.00>
ST_1 : Operation 169 [1/1] (0.00ns)   --->   "%mrv_22 = insertvalue i1152 %mrv_21, i16 %sext_ln32_24" [firmware/nnet_utils/nnet_activation.h:34]   --->   Operation 169 'insertvalue' 'mrv_22' <Predicate = true> <Delay = 0.00>
ST_1 : Operation 170 [1/1] (0.00ns)   --->   "%mrv_23 = insertvalue i1152 %mrv_22, i16 %sext_ln32_25" [firmware/nnet_utils/nnet_activation.h:34]   --->   Operation 170 'insertvalue' 'mrv_23' <Predicate = true> <Delay = 0.00>
ST_1 : Operation 171 [1/1] (0.00ns)   --->   "%mrv_24 = insertvalue i1152 %mrv_23, i16 %sext_ln32_26" [firmware/nnet_utils/nnet_activation.h:34]   --->   Operation 171 'insertvalue' 'mrv_24' <Predicate = true> <Delay = 0.00>
ST_1 : Operation 172 [1/1] (0.00ns)   --->   "%mrv_25 = insertvalue i1152 %mrv_24, i16 %sext_ln32_27" [firmware/nnet_utils/nnet_activation.h:34]   --->   Operation 172 'insertvalue' 'mrv_25' <Predicate = true> <Delay = 0.00>
ST_1 : Operation 173 [1/1] (0.00ns)   --->   "%mrv_26 = insertvalue i1152 %mrv_25, i16 %sext_ln32_28" [firmware/nnet_utils/nnet_activation.h:34]   --->   Operation 173 'insertvalue' 'mrv_26' <Predicate = true> <Delay = 0.00>
ST_1 : Operation 174 [1/1] (0.00ns)   --->   "%mrv_27 = insertvalue i1152 %mrv_26, i16 %sext_ln32_29" [firmware/nnet_utils/nnet_activation.h:34]   --->   Operation 174 'insertvalue' 'mrv_27' <Predicate = true> <Delay = 0.00>
ST_1 : Operation 175 [1/1] (0.00ns)   --->   "%mrv_28 = insertvalue i1152 %mrv_27, i16 %sext_ln32_30" [firmware/nnet_utils/nnet_activation.h:34]   --->   Operation 175 'insertvalue' 'mrv_28' <Predicate = true> <Delay = 0.00>
ST_1 : Operation 176 [1/1] (0.00ns)   --->   "%mrv_29 = insertvalue i1152 %mrv_28, i16 %sext_ln32_31" [firmware/nnet_utils/nnet_activation.h:34]   --->   Operation 176 'insertvalue' 'mrv_29' <Predicate = true> <Delay = 0.00>
ST_1 : Operation 177 [1/1] (0.00ns)   --->   "%mrv_30 = insertvalue i1152 %mrv_29, i16 %sext_ln32_32" [firmware/nnet_utils/nnet_activation.h:34]   --->   Operation 177 'insertvalue' 'mrv_30' <Predicate = true> <Delay = 0.00>
ST_1 : Operation 178 [1/1] (0.00ns)   --->   "%mrv_31 = insertvalue i1152 %mrv_30, i16 %sext_ln32_33" [firmware/nnet_utils/nnet_activation.h:34]   --->   Operation 178 'insertvalue' 'mrv_31' <Predicate = true> <Delay = 0.00>
ST_1 : Operation 179 [1/1] (0.00ns)   --->   "%mrv_32 = insertvalue i1152 %mrv_31, i16 %sext_ln32_34" [firmware/nnet_utils/nnet_activation.h:34]   --->   Operation 179 'insertvalue' 'mrv_32' <Predicate = true> <Delay = 0.00>
ST_1 : Operation 180 [1/1] (0.00ns)   --->   "%mrv_33 = insertvalue i1152 %mrv_32, i16 %sext_ln32_35" [firmware/nnet_utils/nnet_activation.h:34]   --->   Operation 180 'insertvalue' 'mrv_33' <Predicate = true> <Delay = 0.00>
ST_1 : Operation 181 [1/1] (0.00ns)   --->   "%mrv_34 = insertvalue i1152 %mrv_33, i16 %sext_ln32_36" [firmware/nnet_utils/nnet_activation.h:34]   --->   Operation 181 'insertvalue' 'mrv_34' <Predicate = true> <Delay = 0.00>
ST_1 : Operation 182 [1/1] (0.00ns)   --->   "%mrv_35 = insertvalue i1152 %mrv_34, i16 %sext_ln32_37" [firmware/nnet_utils/nnet_activation.h:34]   --->   Operation 182 'insertvalue' 'mrv_35' <Predicate = true> <Delay = 0.00>
ST_1 : Operation 183 [1/1] (0.00ns)   --->   "%mrv_36 = insertvalue i1152 %mrv_35, i16 %sext_ln32_38" [firmware/nnet_utils/nnet_activation.h:34]   --->   Operation 183 'insertvalue' 'mrv_36' <Predicate = true> <Delay = 0.00>
ST_1 : Operation 184 [1/1] (0.00ns)   --->   "%mrv_37 = insertvalue i1152 %mrv_36, i16 %sext_ln32_39" [firmware/nnet_utils/nnet_activation.h:34]   --->   Operation 184 'insertvalue' 'mrv_37' <Predicate = true> <Delay = 0.00>
ST_1 : Operation 185 [1/1] (0.00ns)   --->   "%mrv_38 = insertvalue i1152 %mrv_37, i16 %sext_ln32_40" [firmware/nnet_utils/nnet_activation.h:34]   --->   Operation 185 'insertvalue' 'mrv_38' <Predicate = true> <Delay = 0.00>
ST_1 : Operation 186 [1/1] (0.00ns)   --->   "%mrv_39 = insertvalue i1152 %mrv_38, i16 %sext_ln32_41" [firmware/nnet_utils/nnet_activation.h:34]   --->   Operation 186 'insertvalue' 'mrv_39' <Predicate = true> <Delay = 0.00>
ST_1 : Operation 187 [1/1] (0.00ns)   --->   "%mrv_40 = insertvalue i1152 %mrv_39, i16 %sext_ln32_42" [firmware/nnet_utils/nnet_activation.h:34]   --->   Operation 187 'insertvalue' 'mrv_40' <Predicate = true> <Delay = 0.00>
ST_1 : Operation 188 [1/1] (0.00ns)   --->   "%mrv_41 = insertvalue i1152 %mrv_40, i16 %sext_ln32_43" [firmware/nnet_utils/nnet_activation.h:34]   --->   Operation 188 'insertvalue' 'mrv_41' <Predicate = true> <Delay = 0.00>
ST_1 : Operation 189 [1/1] (0.00ns)   --->   "%mrv_42 = insertvalue i1152 %mrv_41, i16 %sext_ln32_44" [firmware/nnet_utils/nnet_activation.h:34]   --->   Operation 189 'insertvalue' 'mrv_42' <Predicate = true> <Delay = 0.00>
ST_1 : Operation 190 [1/1] (0.00ns)   --->   "%mrv_43 = insertvalue i1152 %mrv_42, i16 %sext_ln32_45" [firmware/nnet_utils/nnet_activation.h:34]   --->   Operation 190 'insertvalue' 'mrv_43' <Predicate = true> <Delay = 0.00>
ST_1 : Operation 191 [1/1] (0.00ns)   --->   "%mrv_44 = insertvalue i1152 %mrv_43, i16 %sext_ln32_46" [firmware/nnet_utils/nnet_activation.h:34]   --->   Operation 191 'insertvalue' 'mrv_44' <Predicate = true> <Delay = 0.00>
ST_1 : Operation 192 [1/1] (0.00ns)   --->   "%mrv_45 = insertvalue i1152 %mrv_44, i16 %sext_ln32_47" [firmware/nnet_utils/nnet_activation.h:34]   --->   Operation 192 'insertvalue' 'mrv_45' <Predicate = true> <Delay = 0.00>
ST_1 : Operation 193 [1/1] (0.00ns)   --->   "%mrv_46 = insertvalue i1152 %mrv_45, i16 %sext_ln32_48" [firmware/nnet_utils/nnet_activation.h:34]   --->   Operation 193 'insertvalue' 'mrv_46' <Predicate = true> <Delay = 0.00>
ST_1 : Operation 194 [1/1] (0.00ns)   --->   "%mrv_47 = insertvalue i1152 %mrv_46, i16 %sext_ln32_49" [firmware/nnet_utils/nnet_activation.h:34]   --->   Operation 194 'insertvalue' 'mrv_47' <Predicate = true> <Delay = 0.00>
ST_1 : Operation 195 [1/1] (0.00ns)   --->   "%mrv_48 = insertvalue i1152 %mrv_47, i16 %sext_ln32_50" [firmware/nnet_utils/nnet_activation.h:34]   --->   Operation 195 'insertvalue' 'mrv_48' <Predicate = true> <Delay = 0.00>
ST_1 : Operation 196 [1/1] (0.00ns)   --->   "%mrv_49 = insertvalue i1152 %mrv_48, i16 %sext_ln32_51" [firmware/nnet_utils/nnet_activation.h:34]   --->   Operation 196 'insertvalue' 'mrv_49' <Predicate = true> <Delay = 0.00>
ST_1 : Operation 197 [1/1] (0.00ns)   --->   "%mrv_50 = insertvalue i1152 %mrv_49, i16 %sext_ln32_52" [firmware/nnet_utils/nnet_activation.h:34]   --->   Operation 197 'insertvalue' 'mrv_50' <Predicate = true> <Delay = 0.00>
ST_1 : Operation 198 [1/1] (0.00ns)   --->   "%mrv_51 = insertvalue i1152 %mrv_50, i16 %sext_ln32_53" [firmware/nnet_utils/nnet_activation.h:34]   --->   Operation 198 'insertvalue' 'mrv_51' <Predicate = true> <Delay = 0.00>
ST_1 : Operation 199 [1/1] (0.00ns)   --->   "%mrv_52 = insertvalue i1152 %mrv_51, i16 %sext_ln32_54" [firmware/nnet_utils/nnet_activation.h:34]   --->   Operation 199 'insertvalue' 'mrv_52' <Predicate = true> <Delay = 0.00>
ST_1 : Operation 200 [1/1] (0.00ns)   --->   "%mrv_53 = insertvalue i1152 %mrv_52, i16 %sext_ln32_55" [firmware/nnet_utils/nnet_activation.h:34]   --->   Operation 200 'insertvalue' 'mrv_53' <Predicate = true> <Delay = 0.00>
ST_1 : Operation 201 [1/1] (0.00ns)   --->   "%mrv_54 = insertvalue i1152 %mrv_53, i16 %sext_ln32_56" [firmware/nnet_utils/nnet_activation.h:34]   --->   Operation 201 'insertvalue' 'mrv_54' <Predicate = true> <Delay = 0.00>
ST_1 : Operation 202 [1/1] (0.00ns)   --->   "%mrv_55 = insertvalue i1152 %mrv_54, i16 %sext_ln32_57" [firmware/nnet_utils/nnet_activation.h:34]   --->   Operation 202 'insertvalue' 'mrv_55' <Predicate = true> <Delay = 0.00>
ST_1 : Operation 203 [1/1] (0.00ns)   --->   "%mrv_56 = insertvalue i1152 %mrv_55, i16 %sext_ln32_58" [firmware/nnet_utils/nnet_activation.h:34]   --->   Operation 203 'insertvalue' 'mrv_56' <Predicate = true> <Delay = 0.00>
ST_1 : Operation 204 [1/1] (0.00ns)   --->   "%mrv_57 = insertvalue i1152 %mrv_56, i16 %sext_ln32_59" [firmware/nnet_utils/nnet_activation.h:34]   --->   Operation 204 'insertvalue' 'mrv_57' <Predicate = true> <Delay = 0.00>
ST_1 : Operation 205 [1/1] (0.00ns)   --->   "%mrv_58 = insertvalue i1152 %mrv_57, i16 %sext_ln32_60" [firmware/nnet_utils/nnet_activation.h:34]   --->   Operation 205 'insertvalue' 'mrv_58' <Predicate = true> <Delay = 0.00>
ST_1 : Operation 206 [1/1] (0.00ns)   --->   "%mrv_59 = insertvalue i1152 %mrv_58, i16 %sext_ln32_61" [firmware/nnet_utils/nnet_activation.h:34]   --->   Operation 206 'insertvalue' 'mrv_59' <Predicate = true> <Delay = 0.00>
ST_1 : Operation 207 [1/1] (0.00ns)   --->   "%mrv_60 = insertvalue i1152 %mrv_59, i16 %sext_ln32_62" [firmware/nnet_utils/nnet_activation.h:34]   --->   Operation 207 'insertvalue' 'mrv_60' <Predicate = true> <Delay = 0.00>
ST_1 : Operation 208 [1/1] (0.00ns)   --->   "%mrv_61 = insertvalue i1152 %mrv_60, i16 %sext_ln32_63" [firmware/nnet_utils/nnet_activation.h:34]   --->   Operation 208 'insertvalue' 'mrv_61' <Predicate = true> <Delay = 0.00>
ST_1 : Operation 209 [1/1] (0.00ns)   --->   "%mrv_62 = insertvalue i1152 %mrv_61, i16 %sext_ln32_64" [firmware/nnet_utils/nnet_activation.h:34]   --->   Operation 209 'insertvalue' 'mrv_62' <Predicate = true> <Delay = 0.00>
ST_1 : Operation 210 [1/1] (0.00ns)   --->   "%mrv_63 = insertvalue i1152 %mrv_62, i16 %sext_ln32_65" [firmware/nnet_utils/nnet_activation.h:34]   --->   Operation 210 'insertvalue' 'mrv_63' <Predicate = true> <Delay = 0.00>
ST_1 : Operation 211 [1/1] (0.00ns)   --->   "%mrv_64 = insertvalue i1152 %mrv_63, i16 %sext_ln32_66" [firmware/nnet_utils/nnet_activation.h:34]   --->   Operation 211 'insertvalue' 'mrv_64' <Predicate = true> <Delay = 0.00>
ST_1 : Operation 212 [1/1] (0.00ns)   --->   "%mrv_65 = insertvalue i1152 %mrv_64, i16 %sext_ln32_67" [firmware/nnet_utils/nnet_activation.h:34]   --->   Operation 212 'insertvalue' 'mrv_65' <Predicate = true> <Delay = 0.00>
ST_1 : Operation 213 [1/1] (0.00ns)   --->   "%mrv_66 = insertvalue i1152 %mrv_65, i16 %sext_ln32_68" [firmware/nnet_utils/nnet_activation.h:34]   --->   Operation 213 'insertvalue' 'mrv_66' <Predicate = true> <Delay = 0.00>
ST_1 : Operation 214 [1/1] (0.00ns)   --->   "%mrv_67 = insertvalue i1152 %mrv_66, i16 %sext_ln32_69" [firmware/nnet_utils/nnet_activation.h:34]   --->   Operation 214 'insertvalue' 'mrv_67' <Predicate = true> <Delay = 0.00>
ST_1 : Operation 215 [1/1] (0.00ns)   --->   "%mrv_68 = insertvalue i1152 %mrv_67, i16 %sext_ln32_70" [firmware/nnet_utils/nnet_activation.h:34]   --->   Operation 215 'insertvalue' 'mrv_68' <Predicate = true> <Delay = 0.00>
ST_1 : Operation 216 [1/1] (0.00ns)   --->   "%mrv_69 = insertvalue i1152 %mrv_68, i16 %sext_ln32_71" [firmware/nnet_utils/nnet_activation.h:34]   --->   Operation 216 'insertvalue' 'mrv_69' <Predicate = true> <Delay = 0.00>
ST_1 : Operation 217 [1/1] (0.00ns)   --->   "%mrv_70 = insertvalue i1152 %mrv_69, i16 %sext_ln32_72" [firmware/nnet_utils/nnet_activation.h:34]   --->   Operation 217 'insertvalue' 'mrv_70' <Predicate = true> <Delay = 0.00>
ST_1 : Operation 218 [1/1] (0.00ns)   --->   "%mrv_s = insertvalue i1152 %mrv_70, i16 %sext_ln32_73" [firmware/nnet_utils/nnet_activation.h:34]   --->   Operation 218 'insertvalue' 'mrv_s' <Predicate = true> <Delay = 0.00>
ST_1 : Operation 219 [1/1] (0.00ns)   --->   "%ret_ln34 = ret i1152 %mrv_s" [firmware/nnet_utils/nnet_activation.h:34]   --->   Operation 219 'ret' 'ret_ln34' <Predicate = true> <Delay = 0.00>


============================================================
+ Verbose Summary: Timing violations
============================================================
Target clock period: 5.000ns, clock uncertainty: 0.625ns.

 <State 1>: 0.000ns
The critical path consists of the following:


============================================================
+ Verbose Summary: Binding
============================================================
N/A
* FSMD analyzer results:
  - Output states:
 - Input state : 
  - Chain level:
	State 1


============================================================
+ Verbose Summary: Datapath Resource usage 
============================================================
N/A
