

================================================================
== Vitis HLS Report for 'myproject'
================================================================
* Date:           Tue Jul 30 12:54:00 2024

* Version:        2023.1 (Build 3854077 on May  4 2023)
* Project:        myproject_prj
* Solution:       solution1 (Vivado IP Flow Target)
* Product family: virtexuplus
* Target device:  xcvu13p-flga2577-2-e


================================================================
== Performance Estimates
================================================================
+ Timing: 
    * Summary: 
    +--------+----------+-----------+------------+
    |  Clock |  Target  | Estimated | Uncertainty|
    +--------+----------+-----------+------------+
    |ap_clk  |  25.00 ns|  14.540 ns|     3.12 ns|
    +--------+----------+-----------+------------+

+ Latency: 
    * Summary: 
    +---------+---------+----------+----------+-----+-----+---------+
    |  Latency (cycles) |  Latency (absolute) |  Interval | Pipeline|
    |   min   |   max   |    min   |    max   | min | max |   Type  |
    +---------+---------+----------+----------+-----+-----+---------+
    |        0|        0|      0 ns|      0 ns|    1|    1|      yes|
    +---------+---------+----------+----------+-----+-----+---------+

    + Detail: 
        * Instance: 
        N/A

        * Loop: 
        N/A

============================================================
+ Verbose Summary: Synthesis Manager
============================================================
InlineROM: 1
ExposeGlobal: 0
============================================================
+ Verbose Summary: CDFG Model
============================================================
IsTopModel: 1
ResetActiveHigh: 1
IsCombinational: 0
IsDatapathOnly: 0
HasWiredReturn: 1
HasMFsm: 2
HasVarLatency: 0
IsPipeline: 1
IsRtlPipelined: 0
IsInstanceOverlapped: 0
IsDontTouch: 0
HasImplIP: 0
IsGatedGlobalClock: 0

+ Individual pipeline summary: 
  * Pipeline-0: initiation interval (II) = 1, depth = 1


============================================================
+ Verbose Summary: Schedule
============================================================
* Number of FSM states : 1
* Pipeline : 1
  Pipeline-0 : II = 1, D = 1, States = { 1 }
* Dataflow Pipeline: 0

* FSM state transitions: 
1 --> 

* FSM state operations: 

State 1 <SV = 0> <Delay = 14.5>
ST_1 : Operation 2 [1/1] (0.00ns)   --->   "%specpipeline_ln0 = specpipeline void @_ssdm_op_SpecPipeline, i32 4294967295, i32 0, i32 0, i32 0, void @empty_0"   --->   Operation 2 'specpipeline' 'specpipeline_ln0' <Predicate = true> <Delay = 0.00>
ST_1 : Operation 3 [1/1] (0.00ns)   --->   "%spectopmodule_ln0 = spectopmodule void @_ssdm_op_SpecTopModule, void @empty_2"   --->   Operation 3 'spectopmodule' 'spectopmodule_ln0' <Predicate = true> <Delay = 0.00>
ST_1 : Operation 4 [1/1] (0.00ns)   --->   "%specbitsmap_ln0 = specbitsmap void @_ssdm_op_SpecBitsMap, i780 %y_profile_input"   --->   Operation 4 'specbitsmap' 'specbitsmap_ln0' <Predicate = true> <Delay = 0.00>
ST_1 : Operation 5 [1/1] (0.00ns)   --->   "%specinterface_ln0 = specinterface void @_ssdm_op_SpecInterface, i780 %y_profile_input, void @empty, i32 0, i32 0, void @empty_0, i32 0, i32 0, void @empty_0, void @empty_0, void @empty_0, i32 0, i32 0, i32 0, i32 0, void @empty_0, void @empty_0, i32 4294967295, i32 0"   --->   Operation 5 'specinterface' 'specinterface_ln0' <Predicate = true> <Delay = 0.00>
ST_1 : Operation 6 [1/1] (0.00ns)   --->   "%specbitsmap_ln0 = specbitsmap void @_ssdm_op_SpecBitsMap, i15 %layer7_out_0"   --->   Operation 6 'specbitsmap' 'specbitsmap_ln0' <Predicate = true> <Delay = 0.00>
ST_1 : Operation 7 [1/1] (0.00ns)   --->   "%specinterface_ln0 = specinterface void @_ssdm_op_SpecInterface, i15 %layer7_out_0, void @empty, i32 0, i32 0, void @empty_0, i32 0, i32 0, void @empty_0, void @empty_0, void @empty_0, i32 0, i32 0, i32 0, i32 0, void @empty_0, void @empty_0, i32 4294967295, i32 0"   --->   Operation 7 'specinterface' 'specinterface_ln0' <Predicate = true> <Delay = 0.00>
ST_1 : Operation 8 [1/1] (0.00ns)   --->   "%specbitsmap_ln0 = specbitsmap void @_ssdm_op_SpecBitsMap, i15 %layer7_out_1"   --->   Operation 8 'specbitsmap' 'specbitsmap_ln0' <Predicate = true> <Delay = 0.00>
ST_1 : Operation 9 [1/1] (0.00ns)   --->   "%specinterface_ln0 = specinterface void @_ssdm_op_SpecInterface, i15 %layer7_out_1, void @empty, i32 0, i32 0, void @empty_0, i32 0, i32 0, void @empty_0, void @empty_0, void @empty_0, i32 0, i32 0, i32 0, i32 0, void @empty_0, void @empty_0, i32 4294967295, i32 0"   --->   Operation 9 'specinterface' 'specinterface_ln0' <Predicate = true> <Delay = 0.00>
ST_1 : Operation 10 [1/1] (0.00ns)   --->   "%specbitsmap_ln0 = specbitsmap void @_ssdm_op_SpecBitsMap, i15 %layer7_out_2"   --->   Operation 10 'specbitsmap' 'specbitsmap_ln0' <Predicate = true> <Delay = 0.00>
ST_1 : Operation 11 [1/1] (0.00ns)   --->   "%specinterface_ln0 = specinterface void @_ssdm_op_SpecInterface, i15 %layer7_out_2, void @empty, i32 0, i32 0, void @empty_0, i32 0, i32 0, void @empty_0, void @empty_0, void @empty_0, i32 0, i32 0, i32 0, i32 0, void @empty_0, void @empty_0, i32 4294967295, i32 0"   --->   Operation 11 'specinterface' 'specinterface_ln0' <Predicate = true> <Delay = 0.00>
ST_1 : Operation 12 [1/1] (0.00ns)   --->   "%specbitsmap_ln0 = specbitsmap void @_ssdm_op_SpecBitsMap, i15 %layer7_out_3"   --->   Operation 12 'specbitsmap' 'specbitsmap_ln0' <Predicate = true> <Delay = 0.00>
ST_1 : Operation 13 [1/1] (0.00ns)   --->   "%specinterface_ln0 = specinterface void @_ssdm_op_SpecInterface, i15 %layer7_out_3, void @empty, i32 0, i32 0, void @empty_0, i32 0, i32 0, void @empty_0, void @empty_0, void @empty_0, i32 0, i32 0, i32 0, i32 0, void @empty_0, void @empty_0, i32 4294967295, i32 0"   --->   Operation 13 'specinterface' 'specinterface_ln0' <Predicate = true> <Delay = 0.00>
ST_1 : Operation 14 [1/1] (0.00ns)   --->   "%specbitsmap_ln0 = specbitsmap void @_ssdm_op_SpecBitsMap, i15 %layer7_out_4"   --->   Operation 14 'specbitsmap' 'specbitsmap_ln0' <Predicate = true> <Delay = 0.00>
ST_1 : Operation 15 [1/1] (0.00ns)   --->   "%specinterface_ln0 = specinterface void @_ssdm_op_SpecInterface, i15 %layer7_out_4, void @empty, i32 0, i32 0, void @empty_0, i32 0, i32 0, void @empty_0, void @empty_0, void @empty_0, i32 0, i32 0, i32 0, i32 0, void @empty_0, void @empty_0, i32 4294967295, i32 0"   --->   Operation 15 'specinterface' 'specinterface_ln0' <Predicate = true> <Delay = 0.00>
ST_1 : Operation 16 [1/1] (0.00ns)   --->   "%specbitsmap_ln0 = specbitsmap void @_ssdm_op_SpecBitsMap, i15 %layer7_out_5"   --->   Operation 16 'specbitsmap' 'specbitsmap_ln0' <Predicate = true> <Delay = 0.00>
ST_1 : Operation 17 [1/1] (0.00ns)   --->   "%specinterface_ln0 = specinterface void @_ssdm_op_SpecInterface, i15 %layer7_out_5, void @empty, i32 0, i32 0, void @empty_0, i32 0, i32 0, void @empty_0, void @empty_0, void @empty_0, i32 0, i32 0, i32 0, i32 0, void @empty_0, void @empty_0, i32 4294967295, i32 0"   --->   Operation 17 'specinterface' 'specinterface_ln0' <Predicate = true> <Delay = 0.00>
ST_1 : Operation 18 [1/1] (0.00ns)   --->   "%specbitsmap_ln0 = specbitsmap void @_ssdm_op_SpecBitsMap, i15 %layer7_out_6"   --->   Operation 18 'specbitsmap' 'specbitsmap_ln0' <Predicate = true> <Delay = 0.00>
ST_1 : Operation 19 [1/1] (0.00ns)   --->   "%specinterface_ln0 = specinterface void @_ssdm_op_SpecInterface, i15 %layer7_out_6, void @empty, i32 0, i32 0, void @empty_0, i32 0, i32 0, void @empty_0, void @empty_0, void @empty_0, i32 0, i32 0, i32 0, i32 0, void @empty_0, void @empty_0, i32 4294967295, i32 0"   --->   Operation 19 'specinterface' 'specinterface_ln0' <Predicate = true> <Delay = 0.00>
ST_1 : Operation 20 [1/1] (0.00ns)   --->   "%specbitsmap_ln0 = specbitsmap void @_ssdm_op_SpecBitsMap, i15 %layer7_out_7"   --->   Operation 20 'specbitsmap' 'specbitsmap_ln0' <Predicate = true> <Delay = 0.00>
ST_1 : Operation 21 [1/1] (0.00ns)   --->   "%specinterface_ln0 = specinterface void @_ssdm_op_SpecInterface, i15 %layer7_out_7, void @empty, i32 0, i32 0, void @empty_0, i32 0, i32 0, void @empty_0, void @empty_0, void @empty_0, i32 0, i32 0, i32 0, i32 0, void @empty_0, void @empty_0, i32 4294967295, i32 0"   --->   Operation 21 'specinterface' 'specinterface_ln0' <Predicate = true> <Delay = 0.00>
ST_1 : Operation 22 [1/1] (0.00ns)   --->   "%specbitsmap_ln0 = specbitsmap void @_ssdm_op_SpecBitsMap, i15 %layer7_out_8"   --->   Operation 22 'specbitsmap' 'specbitsmap_ln0' <Predicate = true> <Delay = 0.00>
ST_1 : Operation 23 [1/1] (0.00ns)   --->   "%specinterface_ln0 = specinterface void @_ssdm_op_SpecInterface, i15 %layer7_out_8, void @empty, i32 0, i32 0, void @empty_0, i32 0, i32 0, void @empty_0, void @empty_0, void @empty_0, i32 0, i32 0, i32 0, i32 0, void @empty_0, void @empty_0, i32 4294967295, i32 0"   --->   Operation 23 'specinterface' 'specinterface_ln0' <Predicate = true> <Delay = 0.00>
ST_1 : Operation 24 [1/1] (0.00ns)   --->   "%specbitsmap_ln0 = specbitsmap void @_ssdm_op_SpecBitsMap, i15 %layer7_out_9"   --->   Operation 24 'specbitsmap' 'specbitsmap_ln0' <Predicate = true> <Delay = 0.00>
ST_1 : Operation 25 [1/1] (0.00ns)   --->   "%specinterface_ln0 = specinterface void @_ssdm_op_SpecInterface, i15 %layer7_out_9, void @empty, i32 0, i32 0, void @empty_0, i32 0, i32 0, void @empty_0, void @empty_0, void @empty_0, i32 0, i32 0, i32 0, i32 0, void @empty_0, void @empty_0, i32 4294967295, i32 0"   --->   Operation 25 'specinterface' 'specinterface_ln0' <Predicate = true> <Delay = 0.00>
ST_1 : Operation 26 [1/1] (0.00ns)   --->   "%specbitsmap_ln0 = specbitsmap void @_ssdm_op_SpecBitsMap, i15 %layer7_out_10"   --->   Operation 26 'specbitsmap' 'specbitsmap_ln0' <Predicate = true> <Delay = 0.00>
ST_1 : Operation 27 [1/1] (0.00ns)   --->   "%specinterface_ln0 = specinterface void @_ssdm_op_SpecInterface, i15 %layer7_out_10, void @empty, i32 0, i32 0, void @empty_0, i32 0, i32 0, void @empty_0, void @empty_0, void @empty_0, i32 0, i32 0, i32 0, i32 0, void @empty_0, void @empty_0, i32 4294967295, i32 0"   --->   Operation 27 'specinterface' 'specinterface_ln0' <Predicate = true> <Delay = 0.00>
ST_1 : Operation 28 [1/1] (0.00ns)   --->   "%specbitsmap_ln0 = specbitsmap void @_ssdm_op_SpecBitsMap, i15 %layer7_out_11"   --->   Operation 28 'specbitsmap' 'specbitsmap_ln0' <Predicate = true> <Delay = 0.00>
ST_1 : Operation 29 [1/1] (0.00ns)   --->   "%specinterface_ln0 = specinterface void @_ssdm_op_SpecInterface, i15 %layer7_out_11, void @empty, i32 0, i32 0, void @empty_0, i32 0, i32 0, void @empty_0, void @empty_0, void @empty_0, i32 0, i32 0, i32 0, i32 0, void @empty_0, void @empty_0, i32 4294967295, i32 0"   --->   Operation 29 'specinterface' 'specinterface_ln0' <Predicate = true> <Delay = 0.00>
ST_1 : Operation 30 [1/1] (0.00ns)   --->   "%specbitsmap_ln0 = specbitsmap void @_ssdm_op_SpecBitsMap, i15 %layer7_out_12"   --->   Operation 30 'specbitsmap' 'specbitsmap_ln0' <Predicate = true> <Delay = 0.00>
ST_1 : Operation 31 [1/1] (0.00ns)   --->   "%specinterface_ln0 = specinterface void @_ssdm_op_SpecInterface, i15 %layer7_out_12, void @empty, i32 0, i32 0, void @empty_0, i32 0, i32 0, void @empty_0, void @empty_0, void @empty_0, i32 0, i32 0, i32 0, i32 0, void @empty_0, void @empty_0, i32 4294967295, i32 0"   --->   Operation 31 'specinterface' 'specinterface_ln0' <Predicate = true> <Delay = 0.00>
ST_1 : Operation 32 [1/1] (0.00ns)   --->   "%specbitsmap_ln0 = specbitsmap void @_ssdm_op_SpecBitsMap, i15 %layer7_out_13"   --->   Operation 32 'specbitsmap' 'specbitsmap_ln0' <Predicate = true> <Delay = 0.00>
ST_1 : Operation 33 [1/1] (0.00ns)   --->   "%specinterface_ln0 = specinterface void @_ssdm_op_SpecInterface, i15 %layer7_out_13, void @empty, i32 0, i32 0, void @empty_0, i32 0, i32 0, void @empty_0, void @empty_0, void @empty_0, i32 0, i32 0, i32 0, i32 0, void @empty_0, void @empty_0, i32 4294967295, i32 0"   --->   Operation 33 'specinterface' 'specinterface_ln0' <Predicate = true> <Delay = 0.00>
ST_1 : Operation 34 [1/1] (0.00ns)   --->   "%specbitsmap_ln0 = specbitsmap void @_ssdm_op_SpecBitsMap, i15 %layer7_out_14"   --->   Operation 34 'specbitsmap' 'specbitsmap_ln0' <Predicate = true> <Delay = 0.00>
ST_1 : Operation 35 [1/1] (0.00ns)   --->   "%specinterface_ln0 = specinterface void @_ssdm_op_SpecInterface, i15 %layer7_out_14, void @empty, i32 0, i32 0, void @empty_0, i32 0, i32 0, void @empty_0, void @empty_0, void @empty_0, i32 0, i32 0, i32 0, i32 0, void @empty_0, void @empty_0, i32 4294967295, i32 0"   --->   Operation 35 'specinterface' 'specinterface_ln0' <Predicate = true> <Delay = 0.00>
ST_1 : Operation 36 [1/1] (0.00ns)   --->   "%specbitsmap_ln0 = specbitsmap void @_ssdm_op_SpecBitsMap, i15 %layer7_out_15"   --->   Operation 36 'specbitsmap' 'specbitsmap_ln0' <Predicate = true> <Delay = 0.00>
ST_1 : Operation 37 [1/1] (0.00ns)   --->   "%specinterface_ln0 = specinterface void @_ssdm_op_SpecInterface, i15 %layer7_out_15, void @empty, i32 0, i32 0, void @empty_0, i32 0, i32 0, void @empty_0, void @empty_0, void @empty_0, i32 0, i32 0, i32 0, i32 0, void @empty_0, void @empty_0, i32 4294967295, i32 0"   --->   Operation 37 'specinterface' 'specinterface_ln0' <Predicate = true> <Delay = 0.00>
ST_1 : Operation 38 [1/1] (0.00ns)   --->   "%y_profile_input_read = read i780 @_ssdm_op_Read.ap_vld.i780P0A, i780 %y_profile_input"   --->   Operation 38 'read' 'y_profile_input_read' <Predicate = true> <Delay = 0.00>
ST_1 : Operation 39 [1/1] (5.69ns)   --->   "%call_ret1 = call i480 @dense_latency<ap_fixed<15, 2, 5, 3, 0>, ap_fixed<15, 2, 5, 3, 0>, config3>, i780 %y_profile_input_read" [firmware/nnet_utils/nnet_dense.h:41->firmware/myproject.cpp:40]   --->   Operation 39 'call' 'call_ret1' <Predicate = true> <Delay = 5.69> <CoreType = "Generic">   --->   Core 0 '' <Latency = 0> <II = 1> <Delay = 1.00> <Generic> <Opcode : >
ST_1 : Operation 40 [1/1] (0.00ns)   --->   "%layer3_out = extractvalue i480 %call_ret1" [firmware/nnet_utils/nnet_dense.h:41->firmware/myproject.cpp:40]   --->   Operation 40 'extractvalue' 'layer3_out' <Predicate = true> <Delay = 0.00>
ST_1 : Operation 41 [1/1] (0.00ns)   --->   "%layer3_out_1 = extractvalue i480 %call_ret1" [firmware/nnet_utils/nnet_dense.h:41->firmware/myproject.cpp:40]   --->   Operation 41 'extractvalue' 'layer3_out_1' <Predicate = true> <Delay = 0.00>
ST_1 : Operation 42 [1/1] (0.00ns)   --->   "%layer3_out_2 = extractvalue i480 %call_ret1" [firmware/nnet_utils/nnet_dense.h:41->firmware/myproject.cpp:40]   --->   Operation 42 'extractvalue' 'layer3_out_2' <Predicate = true> <Delay = 0.00>
ST_1 : Operation 43 [1/1] (0.00ns)   --->   "%layer3_out_3 = extractvalue i480 %call_ret1" [firmware/nnet_utils/nnet_dense.h:41->firmware/myproject.cpp:40]   --->   Operation 43 'extractvalue' 'layer3_out_3' <Predicate = true> <Delay = 0.00>
ST_1 : Operation 44 [1/1] (0.00ns)   --->   "%layer3_out_4 = extractvalue i480 %call_ret1" [firmware/nnet_utils/nnet_dense.h:41->firmware/myproject.cpp:40]   --->   Operation 44 'extractvalue' 'layer3_out_4' <Predicate = true> <Delay = 0.00>
ST_1 : Operation 45 [1/1] (0.00ns)   --->   "%layer3_out_5 = extractvalue i480 %call_ret1" [firmware/nnet_utils/nnet_dense.h:41->firmware/myproject.cpp:40]   --->   Operation 45 'extractvalue' 'layer3_out_5' <Predicate = true> <Delay = 0.00>
ST_1 : Operation 46 [1/1] (0.00ns)   --->   "%layer3_out_6 = extractvalue i480 %call_ret1" [firmware/nnet_utils/nnet_dense.h:41->firmware/myproject.cpp:40]   --->   Operation 46 'extractvalue' 'layer3_out_6' <Predicate = true> <Delay = 0.00>
ST_1 : Operation 47 [1/1] (0.00ns)   --->   "%layer3_out_7 = extractvalue i480 %call_ret1" [firmware/nnet_utils/nnet_dense.h:41->firmware/myproject.cpp:40]   --->   Operation 47 'extractvalue' 'layer3_out_7' <Predicate = true> <Delay = 0.00>
ST_1 : Operation 48 [1/1] (0.00ns)   --->   "%layer3_out_8 = extractvalue i480 %call_ret1" [firmware/nnet_utils/nnet_dense.h:41->firmware/myproject.cpp:40]   --->   Operation 48 'extractvalue' 'layer3_out_8' <Predicate = true> <Delay = 0.00>
ST_1 : Operation 49 [1/1] (0.00ns)   --->   "%layer3_out_9 = extractvalue i480 %call_ret1" [firmware/nnet_utils/nnet_dense.h:41->firmware/myproject.cpp:40]   --->   Operation 49 'extractvalue' 'layer3_out_9' <Predicate = true> <Delay = 0.00>
ST_1 : Operation 50 [1/1] (0.00ns)   --->   "%layer3_out_10 = extractvalue i480 %call_ret1" [firmware/nnet_utils/nnet_dense.h:41->firmware/myproject.cpp:40]   --->   Operation 50 'extractvalue' 'layer3_out_10' <Predicate = true> <Delay = 0.00>
ST_1 : Operation 51 [1/1] (0.00ns)   --->   "%layer3_out_11 = extractvalue i480 %call_ret1" [firmware/nnet_utils/nnet_dense.h:41->firmware/myproject.cpp:40]   --->   Operation 51 'extractvalue' 'layer3_out_11' <Predicate = true> <Delay = 0.00>
ST_1 : Operation 52 [1/1] (0.00ns)   --->   "%layer3_out_12 = extractvalue i480 %call_ret1" [firmware/nnet_utils/nnet_dense.h:41->firmware/myproject.cpp:40]   --->   Operation 52 'extractvalue' 'layer3_out_12' <Predicate = true> <Delay = 0.00>
ST_1 : Operation 53 [1/1] (0.00ns)   --->   "%layer3_out_13 = extractvalue i480 %call_ret1" [firmware/nnet_utils/nnet_dense.h:41->firmware/myproject.cpp:40]   --->   Operation 53 'extractvalue' 'layer3_out_13' <Predicate = true> <Delay = 0.00>
ST_1 : Operation 54 [1/1] (0.00ns)   --->   "%layer3_out_14 = extractvalue i480 %call_ret1" [firmware/nnet_utils/nnet_dense.h:41->firmware/myproject.cpp:40]   --->   Operation 54 'extractvalue' 'layer3_out_14' <Predicate = true> <Delay = 0.00>
ST_1 : Operation 55 [1/1] (0.00ns)   --->   "%layer3_out_15 = extractvalue i480 %call_ret1" [firmware/nnet_utils/nnet_dense.h:41->firmware/myproject.cpp:40]   --->   Operation 55 'extractvalue' 'layer3_out_15' <Predicate = true> <Delay = 0.00>
ST_1 : Operation 56 [1/1] (0.00ns)   --->   "%layer3_out_16 = extractvalue i480 %call_ret1" [firmware/nnet_utils/nnet_dense.h:41->firmware/myproject.cpp:40]   --->   Operation 56 'extractvalue' 'layer3_out_16' <Predicate = true> <Delay = 0.00>
ST_1 : Operation 57 [1/1] (0.00ns)   --->   "%layer3_out_17 = extractvalue i480 %call_ret1" [firmware/nnet_utils/nnet_dense.h:41->firmware/myproject.cpp:40]   --->   Operation 57 'extractvalue' 'layer3_out_17' <Predicate = true> <Delay = 0.00>
ST_1 : Operation 58 [1/1] (0.00ns)   --->   "%layer3_out_18 = extractvalue i480 %call_ret1" [firmware/nnet_utils/nnet_dense.h:41->firmware/myproject.cpp:40]   --->   Operation 58 'extractvalue' 'layer3_out_18' <Predicate = true> <Delay = 0.00>
ST_1 : Operation 59 [1/1] (0.00ns)   --->   "%layer3_out_19 = extractvalue i480 %call_ret1" [firmware/nnet_utils/nnet_dense.h:41->firmware/myproject.cpp:40]   --->   Operation 59 'extractvalue' 'layer3_out_19' <Predicate = true> <Delay = 0.00>
ST_1 : Operation 60 [1/1] (0.00ns)   --->   "%layer3_out_20 = extractvalue i480 %call_ret1" [firmware/nnet_utils/nnet_dense.h:41->firmware/myproject.cpp:40]   --->   Operation 60 'extractvalue' 'layer3_out_20' <Predicate = true> <Delay = 0.00>
ST_1 : Operation 61 [1/1] (0.00ns)   --->   "%layer3_out_21 = extractvalue i480 %call_ret1" [firmware/nnet_utils/nnet_dense.h:41->firmware/myproject.cpp:40]   --->   Operation 61 'extractvalue' 'layer3_out_21' <Predicate = true> <Delay = 0.00>
ST_1 : Operation 62 [1/1] (0.00ns)   --->   "%layer3_out_22 = extractvalue i480 %call_ret1" [firmware/nnet_utils/nnet_dense.h:41->firmware/myproject.cpp:40]   --->   Operation 62 'extractvalue' 'layer3_out_22' <Predicate = true> <Delay = 0.00>
ST_1 : Operation 63 [1/1] (0.00ns)   --->   "%layer3_out_23 = extractvalue i480 %call_ret1" [firmware/nnet_utils/nnet_dense.h:41->firmware/myproject.cpp:40]   --->   Operation 63 'extractvalue' 'layer3_out_23' <Predicate = true> <Delay = 0.00>
ST_1 : Operation 64 [1/1] (0.00ns)   --->   "%layer3_out_24 = extractvalue i480 %call_ret1" [firmware/nnet_utils/nnet_dense.h:41->firmware/myproject.cpp:40]   --->   Operation 64 'extractvalue' 'layer3_out_24' <Predicate = true> <Delay = 0.00>
ST_1 : Operation 65 [1/1] (0.00ns)   --->   "%layer3_out_25 = extractvalue i480 %call_ret1" [firmware/nnet_utils/nnet_dense.h:41->firmware/myproject.cpp:40]   --->   Operation 65 'extractvalue' 'layer3_out_25' <Predicate = true> <Delay = 0.00>
ST_1 : Operation 66 [1/1] (0.00ns)   --->   "%layer3_out_26 = extractvalue i480 %call_ret1" [firmware/nnet_utils/nnet_dense.h:41->firmware/myproject.cpp:40]   --->   Operation 66 'extractvalue' 'layer3_out_26' <Predicate = true> <Delay = 0.00>
ST_1 : Operation 67 [1/1] (0.00ns)   --->   "%layer3_out_27 = extractvalue i480 %call_ret1" [firmware/nnet_utils/nnet_dense.h:41->firmware/myproject.cpp:40]   --->   Operation 67 'extractvalue' 'layer3_out_27' <Predicate = true> <Delay = 0.00>
ST_1 : Operation 68 [1/1] (0.00ns)   --->   "%layer3_out_28 = extractvalue i480 %call_ret1" [firmware/nnet_utils/nnet_dense.h:41->firmware/myproject.cpp:40]   --->   Operation 68 'extractvalue' 'layer3_out_28' <Predicate = true> <Delay = 0.00>
ST_1 : Operation 69 [1/1] (0.00ns)   --->   "%layer3_out_29 = extractvalue i480 %call_ret1" [firmware/nnet_utils/nnet_dense.h:41->firmware/myproject.cpp:40]   --->   Operation 69 'extractvalue' 'layer3_out_29' <Predicate = true> <Delay = 0.00>
ST_1 : Operation 70 [1/1] (0.00ns)   --->   "%layer3_out_30 = extractvalue i480 %call_ret1" [firmware/nnet_utils/nnet_dense.h:41->firmware/myproject.cpp:40]   --->   Operation 70 'extractvalue' 'layer3_out_30' <Predicate = true> <Delay = 0.00>
ST_1 : Operation 71 [1/1] (0.00ns)   --->   "%layer3_out_31 = extractvalue i480 %call_ret1" [firmware/nnet_utils/nnet_dense.h:41->firmware/myproject.cpp:40]   --->   Operation 71 'extractvalue' 'layer3_out_31' <Predicate = true> <Delay = 0.00>
ST_1 : Operation 72 [1/1] (1.11ns)   --->   "%call_ret = call i480 @relu<ap_fixed<15, 2, 5, 3, 0>, ap_fixed<15, 2, 5, 3, 0>, relu_config5>, i15 %layer3_out, i15 %layer3_out_1, i15 %layer3_out_2, i15 %layer3_out_3, i15 %layer3_out_4, i15 %layer3_out_5, i15 %layer3_out_6, i15 %layer3_out_7, i15 %layer3_out_8, i15 %layer3_out_9, i15 %layer3_out_10, i15 %layer3_out_11, i15 %layer3_out_12, i15 %layer3_out_13, i15 %layer3_out_14, i15 %layer3_out_15, i15 %layer3_out_16, i15 %layer3_out_17, i15 %layer3_out_18, i15 %layer3_out_19, i15 %layer3_out_20, i15 %layer3_out_21, i15 %layer3_out_22, i15 %layer3_out_23, i15 %layer3_out_24, i15 %layer3_out_25, i15 %layer3_out_26, i15 %layer3_out_27, i15 %layer3_out_28, i15 %layer3_out_29, i15 %layer3_out_30, i15 %layer3_out_31" [firmware/myproject.cpp:44]   --->   Operation 72 'call' 'call_ret' <Predicate = true> <Delay = 1.11> <CoreType = "Generic">   --->   Core 0 '' <Latency = 0> <II = 1> <Delay = 1.00> <Generic> <Opcode : >
ST_1 : Operation 73 [1/1] (0.00ns)   --->   "%layer5_out = extractvalue i480 %call_ret" [firmware/myproject.cpp:44]   --->   Operation 73 'extractvalue' 'layer5_out' <Predicate = true> <Delay = 0.00>
ST_1 : Operation 74 [1/1] (0.00ns)   --->   "%layer5_out_1 = extractvalue i480 %call_ret" [firmware/myproject.cpp:44]   --->   Operation 74 'extractvalue' 'layer5_out_1' <Predicate = true> <Delay = 0.00>
ST_1 : Operation 75 [1/1] (0.00ns)   --->   "%layer5_out_2 = extractvalue i480 %call_ret" [firmware/myproject.cpp:44]   --->   Operation 75 'extractvalue' 'layer5_out_2' <Predicate = true> <Delay = 0.00>
ST_1 : Operation 76 [1/1] (0.00ns)   --->   "%layer5_out_3 = extractvalue i480 %call_ret" [firmware/myproject.cpp:44]   --->   Operation 76 'extractvalue' 'layer5_out_3' <Predicate = true> <Delay = 0.00>
ST_1 : Operation 77 [1/1] (0.00ns)   --->   "%layer5_out_4 = extractvalue i480 %call_ret" [firmware/myproject.cpp:44]   --->   Operation 77 'extractvalue' 'layer5_out_4' <Predicate = true> <Delay = 0.00>
ST_1 : Operation 78 [1/1] (0.00ns)   --->   "%layer5_out_5 = extractvalue i480 %call_ret" [firmware/myproject.cpp:44]   --->   Operation 78 'extractvalue' 'layer5_out_5' <Predicate = true> <Delay = 0.00>
ST_1 : Operation 79 [1/1] (0.00ns)   --->   "%layer5_out_6 = extractvalue i480 %call_ret" [firmware/myproject.cpp:44]   --->   Operation 79 'extractvalue' 'layer5_out_6' <Predicate = true> <Delay = 0.00>
ST_1 : Operation 80 [1/1] (0.00ns)   --->   "%layer5_out_7 = extractvalue i480 %call_ret" [firmware/myproject.cpp:44]   --->   Operation 80 'extractvalue' 'layer5_out_7' <Predicate = true> <Delay = 0.00>
ST_1 : Operation 81 [1/1] (0.00ns)   --->   "%layer5_out_8 = extractvalue i480 %call_ret" [firmware/myproject.cpp:44]   --->   Operation 81 'extractvalue' 'layer5_out_8' <Predicate = true> <Delay = 0.00>
ST_1 : Operation 82 [1/1] (0.00ns)   --->   "%layer5_out_9 = extractvalue i480 %call_ret" [firmware/myproject.cpp:44]   --->   Operation 82 'extractvalue' 'layer5_out_9' <Predicate = true> <Delay = 0.00>
ST_1 : Operation 83 [1/1] (0.00ns)   --->   "%layer5_out_10 = extractvalue i480 %call_ret" [firmware/myproject.cpp:44]   --->   Operation 83 'extractvalue' 'layer5_out_10' <Predicate = true> <Delay = 0.00>
ST_1 : Operation 84 [1/1] (0.00ns)   --->   "%layer5_out_11 = extractvalue i480 %call_ret" [firmware/myproject.cpp:44]   --->   Operation 84 'extractvalue' 'layer5_out_11' <Predicate = true> <Delay = 0.00>
ST_1 : Operation 85 [1/1] (0.00ns)   --->   "%layer5_out_12 = extractvalue i480 %call_ret" [firmware/myproject.cpp:44]   --->   Operation 85 'extractvalue' 'layer5_out_12' <Predicate = true> <Delay = 0.00>
ST_1 : Operation 86 [1/1] (0.00ns)   --->   "%layer5_out_13 = extractvalue i480 %call_ret" [firmware/myproject.cpp:44]   --->   Operation 86 'extractvalue' 'layer5_out_13' <Predicate = true> <Delay = 0.00>
ST_1 : Operation 87 [1/1] (0.00ns)   --->   "%layer5_out_14 = extractvalue i480 %call_ret" [firmware/myproject.cpp:44]   --->   Operation 87 'extractvalue' 'layer5_out_14' <Predicate = true> <Delay = 0.00>
ST_1 : Operation 88 [1/1] (0.00ns)   --->   "%layer5_out_15 = extractvalue i480 %call_ret" [firmware/myproject.cpp:44]   --->   Operation 88 'extractvalue' 'layer5_out_15' <Predicate = true> <Delay = 0.00>
ST_1 : Operation 89 [1/1] (0.00ns)   --->   "%layer5_out_16 = extractvalue i480 %call_ret" [firmware/myproject.cpp:44]   --->   Operation 89 'extractvalue' 'layer5_out_16' <Predicate = true> <Delay = 0.00>
ST_1 : Operation 90 [1/1] (0.00ns)   --->   "%layer5_out_17 = extractvalue i480 %call_ret" [firmware/myproject.cpp:44]   --->   Operation 90 'extractvalue' 'layer5_out_17' <Predicate = true> <Delay = 0.00>
ST_1 : Operation 91 [1/1] (0.00ns)   --->   "%layer5_out_18 = extractvalue i480 %call_ret" [firmware/myproject.cpp:44]   --->   Operation 91 'extractvalue' 'layer5_out_18' <Predicate = true> <Delay = 0.00>
ST_1 : Operation 92 [1/1] (0.00ns)   --->   "%layer5_out_19 = extractvalue i480 %call_ret" [firmware/myproject.cpp:44]   --->   Operation 92 'extractvalue' 'layer5_out_19' <Predicate = true> <Delay = 0.00>
ST_1 : Operation 93 [1/1] (0.00ns)   --->   "%layer5_out_20 = extractvalue i480 %call_ret" [firmware/myproject.cpp:44]   --->   Operation 93 'extractvalue' 'layer5_out_20' <Predicate = true> <Delay = 0.00>
ST_1 : Operation 94 [1/1] (0.00ns)   --->   "%layer5_out_21 = extractvalue i480 %call_ret" [firmware/myproject.cpp:44]   --->   Operation 94 'extractvalue' 'layer5_out_21' <Predicate = true> <Delay = 0.00>
ST_1 : Operation 95 [1/1] (0.00ns)   --->   "%layer5_out_22 = extractvalue i480 %call_ret" [firmware/myproject.cpp:44]   --->   Operation 95 'extractvalue' 'layer5_out_22' <Predicate = true> <Delay = 0.00>
ST_1 : Operation 96 [1/1] (0.00ns)   --->   "%layer5_out_23 = extractvalue i480 %call_ret" [firmware/myproject.cpp:44]   --->   Operation 96 'extractvalue' 'layer5_out_23' <Predicate = true> <Delay = 0.00>
ST_1 : Operation 97 [1/1] (0.00ns)   --->   "%layer5_out_24 = extractvalue i480 %call_ret" [firmware/myproject.cpp:44]   --->   Operation 97 'extractvalue' 'layer5_out_24' <Predicate = true> <Delay = 0.00>
ST_1 : Operation 98 [1/1] (0.00ns)   --->   "%layer5_out_25 = extractvalue i480 %call_ret" [firmware/myproject.cpp:44]   --->   Operation 98 'extractvalue' 'layer5_out_25' <Predicate = true> <Delay = 0.00>
ST_1 : Operation 99 [1/1] (0.00ns)   --->   "%layer5_out_26 = extractvalue i480 %call_ret" [firmware/myproject.cpp:44]   --->   Operation 99 'extractvalue' 'layer5_out_26' <Predicate = true> <Delay = 0.00>
ST_1 : Operation 100 [1/1] (0.00ns)   --->   "%layer5_out_27 = extractvalue i480 %call_ret" [firmware/myproject.cpp:44]   --->   Operation 100 'extractvalue' 'layer5_out_27' <Predicate = true> <Delay = 0.00>
ST_1 : Operation 101 [1/1] (0.00ns)   --->   "%layer5_out_28 = extractvalue i480 %call_ret" [firmware/myproject.cpp:44]   --->   Operation 101 'extractvalue' 'layer5_out_28' <Predicate = true> <Delay = 0.00>
ST_1 : Operation 102 [1/1] (0.00ns)   --->   "%layer5_out_29 = extractvalue i480 %call_ret" [firmware/myproject.cpp:44]   --->   Operation 102 'extractvalue' 'layer5_out_29' <Predicate = true> <Delay = 0.00>
ST_1 : Operation 103 [1/1] (0.00ns)   --->   "%layer5_out_30 = extractvalue i480 %call_ret" [firmware/myproject.cpp:44]   --->   Operation 103 'extractvalue' 'layer5_out_30' <Predicate = true> <Delay = 0.00>
ST_1 : Operation 104 [1/1] (0.00ns)   --->   "%layer5_out_31 = extractvalue i480 %call_ret" [firmware/myproject.cpp:44]   --->   Operation 104 'extractvalue' 'layer5_out_31' <Predicate = true> <Delay = 0.00>
ST_1 : Operation 105 [1/1] (2.77ns)   --->   "%call_ret2 = call i480 @normalize<ap_fixed<15, 2, 5, 3, 0>, ap_fixed<15, 2, 5, 3, 0>, config6>, i15 %layer5_out, i15 %layer5_out_1, i15 %layer5_out_2, i15 %layer5_out_3, i15 %layer5_out_4, i15 %layer5_out_5, i15 %layer5_out_6, i15 %layer5_out_7, i15 %layer5_out_8, i15 %layer5_out_9, i15 %layer5_out_10, i15 %layer5_out_11, i15 %layer5_out_12, i15 %layer5_out_13, i15 %layer5_out_14, i15 %layer5_out_15, i15 %layer5_out_16, i15 %layer5_out_17, i15 %layer5_out_18, i15 %layer5_out_19, i15 %layer5_out_20, i15 %layer5_out_21, i15 %layer5_out_22, i15 %layer5_out_23, i15 %layer5_out_24, i15 %layer5_out_25, i15 %layer5_out_26, i15 %layer5_out_27, i15 %layer5_out_28, i15 %layer5_out_29, i15 %layer5_out_30, i15 %layer5_out_31" [firmware/myproject.cpp:48]   --->   Operation 105 'call' 'call_ret2' <Predicate = true> <Delay = 2.77> <CoreType = "Generic">   --->   Core 0 '' <Latency = 0> <II = 1> <Delay = 1.00> <Generic> <Opcode : >
ST_1 : Operation 106 [1/1] (0.00ns)   --->   "%layer6_out = extractvalue i480 %call_ret2" [firmware/myproject.cpp:48]   --->   Operation 106 'extractvalue' 'layer6_out' <Predicate = true> <Delay = 0.00>
ST_1 : Operation 107 [1/1] (0.00ns)   --->   "%layer6_out_1 = extractvalue i480 %call_ret2" [firmware/myproject.cpp:48]   --->   Operation 107 'extractvalue' 'layer6_out_1' <Predicate = true> <Delay = 0.00>
ST_1 : Operation 108 [1/1] (0.00ns)   --->   "%layer6_out_2 = extractvalue i480 %call_ret2" [firmware/myproject.cpp:48]   --->   Operation 108 'extractvalue' 'layer6_out_2' <Predicate = true> <Delay = 0.00>
ST_1 : Operation 109 [1/1] (0.00ns)   --->   "%layer6_out_3 = extractvalue i480 %call_ret2" [firmware/myproject.cpp:48]   --->   Operation 109 'extractvalue' 'layer6_out_3' <Predicate = true> <Delay = 0.00>
ST_1 : Operation 110 [1/1] (0.00ns)   --->   "%layer6_out_4 = extractvalue i480 %call_ret2" [firmware/myproject.cpp:48]   --->   Operation 110 'extractvalue' 'layer6_out_4' <Predicate = true> <Delay = 0.00>
ST_1 : Operation 111 [1/1] (0.00ns)   --->   "%layer6_out_5 = extractvalue i480 %call_ret2" [firmware/myproject.cpp:48]   --->   Operation 111 'extractvalue' 'layer6_out_5' <Predicate = true> <Delay = 0.00>
ST_1 : Operation 112 [1/1] (0.00ns)   --->   "%layer6_out_6 = extractvalue i480 %call_ret2" [firmware/myproject.cpp:48]   --->   Operation 112 'extractvalue' 'layer6_out_6' <Predicate = true> <Delay = 0.00>
ST_1 : Operation 113 [1/1] (0.00ns)   --->   "%layer6_out_7 = extractvalue i480 %call_ret2" [firmware/myproject.cpp:48]   --->   Operation 113 'extractvalue' 'layer6_out_7' <Predicate = true> <Delay = 0.00>
ST_1 : Operation 114 [1/1] (0.00ns)   --->   "%layer6_out_8 = extractvalue i480 %call_ret2" [firmware/myproject.cpp:48]   --->   Operation 114 'extractvalue' 'layer6_out_8' <Predicate = true> <Delay = 0.00>
ST_1 : Operation 115 [1/1] (0.00ns)   --->   "%layer6_out_9 = extractvalue i480 %call_ret2" [firmware/myproject.cpp:48]   --->   Operation 115 'extractvalue' 'layer6_out_9' <Predicate = true> <Delay = 0.00>
ST_1 : Operation 116 [1/1] (0.00ns)   --->   "%layer6_out_10 = extractvalue i480 %call_ret2" [firmware/myproject.cpp:48]   --->   Operation 116 'extractvalue' 'layer6_out_10' <Predicate = true> <Delay = 0.00>
ST_1 : Operation 117 [1/1] (0.00ns)   --->   "%layer6_out_11 = extractvalue i480 %call_ret2" [firmware/myproject.cpp:48]   --->   Operation 117 'extractvalue' 'layer6_out_11' <Predicate = true> <Delay = 0.00>
ST_1 : Operation 118 [1/1] (0.00ns)   --->   "%layer6_out_12 = extractvalue i480 %call_ret2" [firmware/myproject.cpp:48]   --->   Operation 118 'extractvalue' 'layer6_out_12' <Predicate = true> <Delay = 0.00>
ST_1 : Operation 119 [1/1] (0.00ns)   --->   "%layer6_out_13 = extractvalue i480 %call_ret2" [firmware/myproject.cpp:48]   --->   Operation 119 'extractvalue' 'layer6_out_13' <Predicate = true> <Delay = 0.00>
ST_1 : Operation 120 [1/1] (0.00ns)   --->   "%layer6_out_14 = extractvalue i480 %call_ret2" [firmware/myproject.cpp:48]   --->   Operation 120 'extractvalue' 'layer6_out_14' <Predicate = true> <Delay = 0.00>
ST_1 : Operation 121 [1/1] (0.00ns)   --->   "%layer6_out_15 = extractvalue i480 %call_ret2" [firmware/myproject.cpp:48]   --->   Operation 121 'extractvalue' 'layer6_out_15' <Predicate = true> <Delay = 0.00>
ST_1 : Operation 122 [1/1] (0.00ns)   --->   "%layer6_out_16 = extractvalue i480 %call_ret2" [firmware/myproject.cpp:48]   --->   Operation 122 'extractvalue' 'layer6_out_16' <Predicate = true> <Delay = 0.00>
ST_1 : Operation 123 [1/1] (0.00ns)   --->   "%layer6_out_17 = extractvalue i480 %call_ret2" [firmware/myproject.cpp:48]   --->   Operation 123 'extractvalue' 'layer6_out_17' <Predicate = true> <Delay = 0.00>
ST_1 : Operation 124 [1/1] (0.00ns)   --->   "%layer6_out_18 = extractvalue i480 %call_ret2" [firmware/myproject.cpp:48]   --->   Operation 124 'extractvalue' 'layer6_out_18' <Predicate = true> <Delay = 0.00>
ST_1 : Operation 125 [1/1] (0.00ns)   --->   "%layer6_out_19 = extractvalue i480 %call_ret2" [firmware/myproject.cpp:48]   --->   Operation 125 'extractvalue' 'layer6_out_19' <Predicate = true> <Delay = 0.00>
ST_1 : Operation 126 [1/1] (0.00ns)   --->   "%layer6_out_20 = extractvalue i480 %call_ret2" [firmware/myproject.cpp:48]   --->   Operation 126 'extractvalue' 'layer6_out_20' <Predicate = true> <Delay = 0.00>
ST_1 : Operation 127 [1/1] (0.00ns)   --->   "%layer6_out_21 = extractvalue i480 %call_ret2" [firmware/myproject.cpp:48]   --->   Operation 127 'extractvalue' 'layer6_out_21' <Predicate = true> <Delay = 0.00>
ST_1 : Operation 128 [1/1] (0.00ns)   --->   "%layer6_out_22 = extractvalue i480 %call_ret2" [firmware/myproject.cpp:48]   --->   Operation 128 'extractvalue' 'layer6_out_22' <Predicate = true> <Delay = 0.00>
ST_1 : Operation 129 [1/1] (0.00ns)   --->   "%layer6_out_23 = extractvalue i480 %call_ret2" [firmware/myproject.cpp:48]   --->   Operation 129 'extractvalue' 'layer6_out_23' <Predicate = true> <Delay = 0.00>
ST_1 : Operation 130 [1/1] (0.00ns)   --->   "%layer6_out_24 = extractvalue i480 %call_ret2" [firmware/myproject.cpp:48]   --->   Operation 130 'extractvalue' 'layer6_out_24' <Predicate = true> <Delay = 0.00>
ST_1 : Operation 131 [1/1] (0.00ns)   --->   "%layer6_out_25 = extractvalue i480 %call_ret2" [firmware/myproject.cpp:48]   --->   Operation 131 'extractvalue' 'layer6_out_25' <Predicate = true> <Delay = 0.00>
ST_1 : Operation 132 [1/1] (0.00ns)   --->   "%layer6_out_26 = extractvalue i480 %call_ret2" [firmware/myproject.cpp:48]   --->   Operation 132 'extractvalue' 'layer6_out_26' <Predicate = true> <Delay = 0.00>
ST_1 : Operation 133 [1/1] (0.00ns)   --->   "%layer6_out_27 = extractvalue i480 %call_ret2" [firmware/myproject.cpp:48]   --->   Operation 133 'extractvalue' 'layer6_out_27' <Predicate = true> <Delay = 0.00>
ST_1 : Operation 134 [1/1] (0.00ns)   --->   "%layer6_out_28 = extractvalue i480 %call_ret2" [firmware/myproject.cpp:48]   --->   Operation 134 'extractvalue' 'layer6_out_28' <Predicate = true> <Delay = 0.00>
ST_1 : Operation 135 [1/1] (0.00ns)   --->   "%layer6_out_29 = extractvalue i480 %call_ret2" [firmware/myproject.cpp:48]   --->   Operation 135 'extractvalue' 'layer6_out_29' <Predicate = true> <Delay = 0.00>
ST_1 : Operation 136 [1/1] (0.00ns)   --->   "%layer6_out_30 = extractvalue i480 %call_ret2" [firmware/myproject.cpp:48]   --->   Operation 136 'extractvalue' 'layer6_out_30' <Predicate = true> <Delay = 0.00>
ST_1 : Operation 137 [1/1] (0.00ns)   --->   "%layer6_out_31 = extractvalue i480 %call_ret2" [firmware/myproject.cpp:48]   --->   Operation 137 'extractvalue' 'layer6_out_31' <Predicate = true> <Delay = 0.00>
ST_1 : Operation 138 [1/1] (4.95ns)   --->   "%call_ret3 = call i240 @dense_latency<ap_fixed<15, 2, 5, 3, 0>, ap_fixed<15, 2, 5, 3, 0>, config7>, i15 %layer6_out, i15 %layer6_out_1, i15 %layer6_out_2, i15 %layer6_out_3, i15 %layer6_out_4, i15 %layer6_out_5, i15 %layer6_out_6, i15 %layer6_out_7, i15 %layer6_out_8, i15 %layer6_out_9, i15 %layer6_out_10, i15 %layer6_out_11, i15 %layer6_out_12, i15 %layer6_out_13, i15 %layer6_out_14, i15 %layer6_out_15, i15 %layer6_out_16, i15 %layer6_out_17, i15 %layer6_out_18, i15 %layer6_out_19, i15 %layer6_out_20, i15 %layer6_out_21, i15 %layer6_out_22, i15 %layer6_out_23, i15 %layer6_out_24, i15 %layer6_out_25, i15 %layer6_out_26, i15 %layer6_out_27, i15 %layer6_out_28, i15 %layer6_out_29, i15 %layer6_out_30, i15 %layer6_out_31" [firmware/nnet_utils/nnet_dense.h:41->firmware/myproject.cpp:50]   --->   Operation 138 'call' 'call_ret3' <Predicate = true> <Delay = 4.95> <CoreType = "Generic">   --->   Core 0 '' <Latency = 0> <II = 1> <Delay = 1.00> <Generic> <Opcode : >
ST_1 : Operation 139 [1/1] (0.00ns)   --->   "%layer7_out_0_ret = extractvalue i240 %call_ret3" [firmware/nnet_utils/nnet_dense.h:41->firmware/myproject.cpp:50]   --->   Operation 139 'extractvalue' 'layer7_out_0_ret' <Predicate = true> <Delay = 0.00>
ST_1 : Operation 140 [1/1] (0.00ns)   --->   "%write_ln41 = write void @_ssdm_op_Write.ap_vld.i15P0A, i15 %layer7_out_0, i15 %layer7_out_0_ret" [firmware/nnet_utils/nnet_dense.h:41->firmware/myproject.cpp:50]   --->   Operation 140 'write' 'write_ln41' <Predicate = true> <Delay = 0.00>
ST_1 : Operation 141 [1/1] (0.00ns)   --->   "%layer7_out_1_ret = extractvalue i240 %call_ret3" [firmware/nnet_utils/nnet_dense.h:41->firmware/myproject.cpp:50]   --->   Operation 141 'extractvalue' 'layer7_out_1_ret' <Predicate = true> <Delay = 0.00>
ST_1 : Operation 142 [1/1] (0.00ns)   --->   "%write_ln41 = write void @_ssdm_op_Write.ap_vld.i15P0A, i15 %layer7_out_1, i15 %layer7_out_1_ret" [firmware/nnet_utils/nnet_dense.h:41->firmware/myproject.cpp:50]   --->   Operation 142 'write' 'write_ln41' <Predicate = true> <Delay = 0.00>
ST_1 : Operation 143 [1/1] (0.00ns)   --->   "%layer7_out_2_ret = extractvalue i240 %call_ret3" [firmware/nnet_utils/nnet_dense.h:41->firmware/myproject.cpp:50]   --->   Operation 143 'extractvalue' 'layer7_out_2_ret' <Predicate = true> <Delay = 0.00>
ST_1 : Operation 144 [1/1] (0.00ns)   --->   "%write_ln41 = write void @_ssdm_op_Write.ap_vld.i15P0A, i15 %layer7_out_2, i15 %layer7_out_2_ret" [firmware/nnet_utils/nnet_dense.h:41->firmware/myproject.cpp:50]   --->   Operation 144 'write' 'write_ln41' <Predicate = true> <Delay = 0.00>
ST_1 : Operation 145 [1/1] (0.00ns)   --->   "%layer7_out_3_ret = extractvalue i240 %call_ret3" [firmware/nnet_utils/nnet_dense.h:41->firmware/myproject.cpp:50]   --->   Operation 145 'extractvalue' 'layer7_out_3_ret' <Predicate = true> <Delay = 0.00>
ST_1 : Operation 146 [1/1] (0.00ns)   --->   "%write_ln41 = write void @_ssdm_op_Write.ap_vld.i15P0A, i15 %layer7_out_3, i15 %layer7_out_3_ret" [firmware/nnet_utils/nnet_dense.h:41->firmware/myproject.cpp:50]   --->   Operation 146 'write' 'write_ln41' <Predicate = true> <Delay = 0.00>
ST_1 : Operation 147 [1/1] (0.00ns)   --->   "%layer7_out_4_ret = extractvalue i240 %call_ret3" [firmware/nnet_utils/nnet_dense.h:41->firmware/myproject.cpp:50]   --->   Operation 147 'extractvalue' 'layer7_out_4_ret' <Predicate = true> <Delay = 0.00>
ST_1 : Operation 148 [1/1] (0.00ns)   --->   "%write_ln41 = write void @_ssdm_op_Write.ap_vld.i15P0A, i15 %layer7_out_4, i15 %layer7_out_4_ret" [firmware/nnet_utils/nnet_dense.h:41->firmware/myproject.cpp:50]   --->   Operation 148 'write' 'write_ln41' <Predicate = true> <Delay = 0.00>
ST_1 : Operation 149 [1/1] (0.00ns)   --->   "%layer7_out_5_ret = extractvalue i240 %call_ret3" [firmware/nnet_utils/nnet_dense.h:41->firmware/myproject.cpp:50]   --->   Operation 149 'extractvalue' 'layer7_out_5_ret' <Predicate = true> <Delay = 0.00>
ST_1 : Operation 150 [1/1] (0.00ns)   --->   "%write_ln41 = write void @_ssdm_op_Write.ap_vld.i15P0A, i15 %layer7_out_5, i15 %layer7_out_5_ret" [firmware/nnet_utils/nnet_dense.h:41->firmware/myproject.cpp:50]   --->   Operation 150 'write' 'write_ln41' <Predicate = true> <Delay = 0.00>
ST_1 : Operation 151 [1/1] (0.00ns)   --->   "%layer7_out_6_ret = extractvalue i240 %call_ret3" [firmware/nnet_utils/nnet_dense.h:41->firmware/myproject.cpp:50]   --->   Operation 151 'extractvalue' 'layer7_out_6_ret' <Predicate = true> <Delay = 0.00>
ST_1 : Operation 152 [1/1] (0.00ns)   --->   "%write_ln41 = write void @_ssdm_op_Write.ap_vld.i15P0A, i15 %layer7_out_6, i15 %layer7_out_6_ret" [firmware/nnet_utils/nnet_dense.h:41->firmware/myproject.cpp:50]   --->   Operation 152 'write' 'write_ln41' <Predicate = true> <Delay = 0.00>
ST_1 : Operation 153 [1/1] (0.00ns)   --->   "%layer7_out_7_ret = extractvalue i240 %call_ret3" [firmware/nnet_utils/nnet_dense.h:41->firmware/myproject.cpp:50]   --->   Operation 153 'extractvalue' 'layer7_out_7_ret' <Predicate = true> <Delay = 0.00>
ST_1 : Operation 154 [1/1] (0.00ns)   --->   "%write_ln41 = write void @_ssdm_op_Write.ap_vld.i15P0A, i15 %layer7_out_7, i15 %layer7_out_7_ret" [firmware/nnet_utils/nnet_dense.h:41->firmware/myproject.cpp:50]   --->   Operation 154 'write' 'write_ln41' <Predicate = true> <Delay = 0.00>
ST_1 : Operation 155 [1/1] (0.00ns)   --->   "%layer7_out_8_ret = extractvalue i240 %call_ret3" [firmware/nnet_utils/nnet_dense.h:41->firmware/myproject.cpp:50]   --->   Operation 155 'extractvalue' 'layer7_out_8_ret' <Predicate = true> <Delay = 0.00>
ST_1 : Operation 156 [1/1] (0.00ns)   --->   "%write_ln41 = write void @_ssdm_op_Write.ap_vld.i15P0A, i15 %layer7_out_8, i15 %layer7_out_8_ret" [firmware/nnet_utils/nnet_dense.h:41->firmware/myproject.cpp:50]   --->   Operation 156 'write' 'write_ln41' <Predicate = true> <Delay = 0.00>
ST_1 : Operation 157 [1/1] (0.00ns)   --->   "%layer7_out_9_ret = extractvalue i240 %call_ret3" [firmware/nnet_utils/nnet_dense.h:41->firmware/myproject.cpp:50]   --->   Operation 157 'extractvalue' 'layer7_out_9_ret' <Predicate = true> <Delay = 0.00>
ST_1 : Operation 158 [1/1] (0.00ns)   --->   "%write_ln41 = write void @_ssdm_op_Write.ap_vld.i15P0A, i15 %layer7_out_9, i15 %layer7_out_9_ret" [firmware/nnet_utils/nnet_dense.h:41->firmware/myproject.cpp:50]   --->   Operation 158 'write' 'write_ln41' <Predicate = true> <Delay = 0.00>
ST_1 : Operation 159 [1/1] (0.00ns)   --->   "%layer7_out_10_ret = extractvalue i240 %call_ret3" [firmware/nnet_utils/nnet_dense.h:41->firmware/myproject.cpp:50]   --->   Operation 159 'extractvalue' 'layer7_out_10_ret' <Predicate = true> <Delay = 0.00>
ST_1 : Operation 160 [1/1] (0.00ns)   --->   "%write_ln41 = write void @_ssdm_op_Write.ap_vld.i15P0A, i15 %layer7_out_10, i15 %layer7_out_10_ret" [firmware/nnet_utils/nnet_dense.h:41->firmware/myproject.cpp:50]   --->   Operation 160 'write' 'write_ln41' <Predicate = true> <Delay = 0.00>
ST_1 : Operation 161 [1/1] (0.00ns)   --->   "%layer7_out_11_ret = extractvalue i240 %call_ret3" [firmware/nnet_utils/nnet_dense.h:41->firmware/myproject.cpp:50]   --->   Operation 161 'extractvalue' 'layer7_out_11_ret' <Predicate = true> <Delay = 0.00>
ST_1 : Operation 162 [1/1] (0.00ns)   --->   "%write_ln41 = write void @_ssdm_op_Write.ap_vld.i15P0A, i15 %layer7_out_11, i15 %layer7_out_11_ret" [firmware/nnet_utils/nnet_dense.h:41->firmware/myproject.cpp:50]   --->   Operation 162 'write' 'write_ln41' <Predicate = true> <Delay = 0.00>
ST_1 : Operation 163 [1/1] (0.00ns)   --->   "%layer7_out_12_ret = extractvalue i240 %call_ret3" [firmware/nnet_utils/nnet_dense.h:41->firmware/myproject.cpp:50]   --->   Operation 163 'extractvalue' 'layer7_out_12_ret' <Predicate = true> <Delay = 0.00>
ST_1 : Operation 164 [1/1] (0.00ns)   --->   "%write_ln41 = write void @_ssdm_op_Write.ap_vld.i15P0A, i15 %layer7_out_12, i15 %layer7_out_12_ret" [firmware/nnet_utils/nnet_dense.h:41->firmware/myproject.cpp:50]   --->   Operation 164 'write' 'write_ln41' <Predicate = true> <Delay = 0.00>
ST_1 : Operation 165 [1/1] (0.00ns)   --->   "%layer7_out_13_ret = extractvalue i240 %call_ret3" [firmware/nnet_utils/nnet_dense.h:41->firmware/myproject.cpp:50]   --->   Operation 165 'extractvalue' 'layer7_out_13_ret' <Predicate = true> <Delay = 0.00>
ST_1 : Operation 166 [1/1] (0.00ns)   --->   "%write_ln41 = write void @_ssdm_op_Write.ap_vld.i15P0A, i15 %layer7_out_13, i15 %layer7_out_13_ret" [firmware/nnet_utils/nnet_dense.h:41->firmware/myproject.cpp:50]   --->   Operation 166 'write' 'write_ln41' <Predicate = true> <Delay = 0.00>
ST_1 : Operation 167 [1/1] (0.00ns)   --->   "%layer7_out_14_ret = extractvalue i240 %call_ret3" [firmware/nnet_utils/nnet_dense.h:41->firmware/myproject.cpp:50]   --->   Operation 167 'extractvalue' 'layer7_out_14_ret' <Predicate = true> <Delay = 0.00>
ST_1 : Operation 168 [1/1] (0.00ns)   --->   "%write_ln41 = write void @_ssdm_op_Write.ap_vld.i15P0A, i15 %layer7_out_14, i15 %layer7_out_14_ret" [firmware/nnet_utils/nnet_dense.h:41->firmware/myproject.cpp:50]   --->   Operation 168 'write' 'write_ln41' <Predicate = true> <Delay = 0.00>
ST_1 : Operation 169 [1/1] (0.00ns)   --->   "%layer7_out_15_ret = extractvalue i240 %call_ret3" [firmware/nnet_utils/nnet_dense.h:41->firmware/myproject.cpp:50]   --->   Operation 169 'extractvalue' 'layer7_out_15_ret' <Predicate = true> <Delay = 0.00>
ST_1 : Operation 170 [1/1] (0.00ns)   --->   "%write_ln41 = write void @_ssdm_op_Write.ap_vld.i15P0A, i15 %layer7_out_15, i15 %layer7_out_15_ret" [firmware/nnet_utils/nnet_dense.h:41->firmware/myproject.cpp:50]   --->   Operation 170 'write' 'write_ln41' <Predicate = true> <Delay = 0.00>
ST_1 : Operation 171 [1/1] (0.00ns)   --->   "%ret_ln52 = ret" [firmware/myproject.cpp:52]   --->   Operation 171 'ret' 'ret_ln52' <Predicate = true> <Delay = 0.00>


============================================================
+ Verbose Summary: Timing violations
============================================================
Target clock period: 25.000ns, clock uncertainty: 3.125ns.

 <State 1>: 14.540ns
The critical path consists of the following:
	wire read operation ('y_profile_input_read') on port 'y_profile_input' [54]  (0.000 ns)
	'call' operation ('call_ret1', firmware/nnet_utils/nnet_dense.h:41->firmware/myproject.cpp:40) to 'dense_latency<ap_fixed<15, 2, 5, 3, 0>, ap_fixed<15, 2, 5, 3, 0>, config3>' [55]  (5.695 ns)
	'call' operation ('call_ret', firmware/myproject.cpp:44) to 'relu<ap_fixed<15, 2, 5, 3, 0>, ap_fixed<15, 2, 5, 3, 0>, relu_config5>' [88]  (1.117 ns)
	'call' operation ('call_ret2', firmware/myproject.cpp:48) to 'normalize<ap_fixed<15, 2, 5, 3, 0>, ap_fixed<15, 2, 5, 3, 0>, config6>' [121]  (2.778 ns)
	'call' operation ('call_ret3', firmware/nnet_utils/nnet_dense.h:41->firmware/myproject.cpp:50) to 'dense_latency<ap_fixed<15, 2, 5, 3, 0>, ap_fixed<15, 2, 5, 3, 0>, config7>' [154]  (4.950 ns)


============================================================
+ Verbose Summary: Binding
============================================================
N/A
* FSMD analyzer results:
  - Output states:
 - Input state : 
  - Chain level:
	State 1


============================================================
+ Verbose Summary: Datapath Resource usage 
============================================================
N/A
