

================================================================
== Vitis HLS Report for 'normalize_ap_ufixed_15_0_4_0_0_ap_fixed_16_6_5_3_0_config9_s'
================================================================
* Date:           Thu Jul 11 13:47:19 2024

* Version:        2023.1 (Build 3854077 on May  4 2023)
* Project:        myproject_prj
* Solution:       solution1 (Vivado IP Flow Target)
* Product family: virtexuplus
* Target device:  xcvu13p-flga2577-2-e


================================================================
== Performance Estimates
================================================================
+ Timing: 
    * Summary: 
    +--------+---------+----------+------------+
    |  Clock |  Target | Estimated| Uncertainty|
    +--------+---------+----------+------------+
    |ap_clk  |  5.00 ns|  2.780 ns|     0.62 ns|
    +--------+---------+----------+------------+

+ Latency: 
    * Summary: 
    +---------+---------+----------+----------+-----+-----+---------+
    |  Latency (cycles) |  Latency (absolute) |  Interval | Pipeline|
    |   min   |   max   |    min   |    max   | min | max |   Type  |
    +---------+---------+----------+----------+-----+-----+---------+
    |        0|        0|      0 ns|      0 ns|    1|    1|      yes|
    +---------+---------+----------+----------+-----+-----+---------+

    + Detail: 
        * Instance: 
        N/A

        * Loop: 
        N/A

============================================================
+ Verbose Summary: Synthesis Manager
============================================================
InlineROM: 1
ExposeGlobal: 0
============================================================
+ Verbose Summary: CDFG Model
============================================================
IsTopModel: 0
ResetActiveHigh: 1
IsCombinational: 0
IsDatapathOnly: 0
HasWiredReturn: 1
HasMFsm: 2
HasVarLatency: 0
IsPipeline: 1
IsRtlPipelined: 0
IsInstanceOverlapped: 0
IsDontTouch: 0
HasImplIP: 0
IsGatedGlobalClock: 0

+ Individual pipeline summary: 
  * Pipeline-0: initiation interval (II) = 1, depth = 1


============================================================
+ Verbose Summary: Schedule
============================================================
* Number of FSM states : 1
* Pipeline : 1
  Pipeline-0 : II = 1, D = 1, States = { 1 }
* Dataflow Pipeline: 0

* FSM state transitions: 
1 --> 

* FSM state operations: 

State 1 <SV = 0> <Delay = 2.78>
ST_1 : Operation 2 [1/1] (0.00ns)   --->   "%specpipeline_ln48 = specpipeline void @_ssdm_op_SpecPipeline, i32 1, i32 0, i32 0, i32 0, void @empty_0" [firmware/nnet_utils/nnet_batchnorm.h:48]   --->   Operation 2 'specpipeline' 'specpipeline_ln48' <Predicate = true> <Delay = 0.00>
ST_1 : Operation 3 [1/1] (0.00ns)   --->   "%specresourcelimit_ln48 = specresourcelimit void @_ssdm_op_SpecResourceLimit, i64 16, void @empty_1, void @empty_0, void @empty_0, void @empty_0" [firmware/nnet_utils/nnet_batchnorm.h:48]   --->   Operation 3 'specresourcelimit' 'specresourcelimit_ln48' <Predicate = true> <Delay = 0.00>
ST_1 : Operation 4 [1/1] (0.00ns)   --->   "%data_15_val_read = read i15 @_ssdm_op_Read.ap_auto.i15, i15 %data_15_val" [firmware/nnet_utils/nnet_mult.h:70->firmware/nnet_utils/nnet_batchnorm.h:54]   --->   Operation 4 'read' 'data_15_val_read' <Predicate = true> <Delay = 0.00>
ST_1 : Operation 5 [1/1] (0.00ns)   --->   "%data_14_val_read = read i15 @_ssdm_op_Read.ap_auto.i15, i15 %data_14_val" [firmware/nnet_utils/nnet_mult.h:70->firmware/nnet_utils/nnet_batchnorm.h:54]   --->   Operation 5 'read' 'data_14_val_read' <Predicate = true> <Delay = 0.00>
ST_1 : Operation 6 [1/1] (0.00ns)   --->   "%data_13_val_read = read i15 @_ssdm_op_Read.ap_auto.i15, i15 %data_13_val" [firmware/nnet_utils/nnet_mult.h:70->firmware/nnet_utils/nnet_batchnorm.h:54]   --->   Operation 6 'read' 'data_13_val_read' <Predicate = true> <Delay = 0.00>
ST_1 : Operation 7 [1/1] (0.00ns)   --->   "%data_12_val_read = read i15 @_ssdm_op_Read.ap_auto.i15, i15 %data_12_val" [firmware/nnet_utils/nnet_mult.h:70->firmware/nnet_utils/nnet_batchnorm.h:54]   --->   Operation 7 'read' 'data_12_val_read' <Predicate = true> <Delay = 0.00>
ST_1 : Operation 8 [1/1] (0.00ns)   --->   "%data_11_val_read = read i15 @_ssdm_op_Read.ap_auto.i15, i15 %data_11_val" [firmware/nnet_utils/nnet_mult.h:70->firmware/nnet_utils/nnet_batchnorm.h:54]   --->   Operation 8 'read' 'data_11_val_read' <Predicate = true> <Delay = 0.00>
ST_1 : Operation 9 [1/1] (0.00ns)   --->   "%data_10_val_read = read i15 @_ssdm_op_Read.ap_auto.i15, i15 %data_10_val" [firmware/nnet_utils/nnet_mult.h:70->firmware/nnet_utils/nnet_batchnorm.h:54]   --->   Operation 9 'read' 'data_10_val_read' <Predicate = true> <Delay = 0.00>
ST_1 : Operation 10 [1/1] (0.00ns)   --->   "%data_9_val_read = read i15 @_ssdm_op_Read.ap_auto.i15, i15 %data_9_val" [firmware/nnet_utils/nnet_mult.h:70->firmware/nnet_utils/nnet_batchnorm.h:54]   --->   Operation 10 'read' 'data_9_val_read' <Predicate = true> <Delay = 0.00>
ST_1 : Operation 11 [1/1] (0.00ns)   --->   "%data_8_val_read = read i15 @_ssdm_op_Read.ap_auto.i15, i15 %data_8_val" [firmware/nnet_utils/nnet_mult.h:70->firmware/nnet_utils/nnet_batchnorm.h:54]   --->   Operation 11 'read' 'data_8_val_read' <Predicate = true> <Delay = 0.00>
ST_1 : Operation 12 [1/1] (0.00ns)   --->   "%data_7_val_read = read i15 @_ssdm_op_Read.ap_auto.i15, i15 %data_7_val" [firmware/nnet_utils/nnet_mult.h:70->firmware/nnet_utils/nnet_batchnorm.h:54]   --->   Operation 12 'read' 'data_7_val_read' <Predicate = true> <Delay = 0.00>
ST_1 : Operation 13 [1/1] (0.00ns)   --->   "%data_6_val_read = read i15 @_ssdm_op_Read.ap_auto.i15, i15 %data_6_val" [firmware/nnet_utils/nnet_mult.h:70->firmware/nnet_utils/nnet_batchnorm.h:54]   --->   Operation 13 'read' 'data_6_val_read' <Predicate = true> <Delay = 0.00>
ST_1 : Operation 14 [1/1] (0.00ns)   --->   "%data_5_val_read = read i15 @_ssdm_op_Read.ap_auto.i15, i15 %data_5_val" [firmware/nnet_utils/nnet_mult.h:70->firmware/nnet_utils/nnet_batchnorm.h:54]   --->   Operation 14 'read' 'data_5_val_read' <Predicate = true> <Delay = 0.00>
ST_1 : Operation 15 [1/1] (0.00ns)   --->   "%data_4_val_read = read i15 @_ssdm_op_Read.ap_auto.i15, i15 %data_4_val" [firmware/nnet_utils/nnet_mult.h:70->firmware/nnet_utils/nnet_batchnorm.h:54]   --->   Operation 15 'read' 'data_4_val_read' <Predicate = true> <Delay = 0.00>
ST_1 : Operation 16 [1/1] (0.00ns)   --->   "%data_3_val_read = read i15 @_ssdm_op_Read.ap_auto.i15, i15 %data_3_val" [firmware/nnet_utils/nnet_mult.h:70->firmware/nnet_utils/nnet_batchnorm.h:54]   --->   Operation 16 'read' 'data_3_val_read' <Predicate = true> <Delay = 0.00>
ST_1 : Operation 17 [1/1] (0.00ns)   --->   "%data_2_val_read = read i15 @_ssdm_op_Read.ap_auto.i15, i15 %data_2_val" [firmware/nnet_utils/nnet_mult.h:70->firmware/nnet_utils/nnet_batchnorm.h:54]   --->   Operation 17 'read' 'data_2_val_read' <Predicate = true> <Delay = 0.00>
ST_1 : Operation 18 [1/1] (0.00ns)   --->   "%data_1_val_read = read i15 @_ssdm_op_Read.ap_auto.i15, i15 %data_1_val" [firmware/nnet_utils/nnet_mult.h:70->firmware/nnet_utils/nnet_batchnorm.h:54]   --->   Operation 18 'read' 'data_1_val_read' <Predicate = true> <Delay = 0.00>
ST_1 : Operation 19 [1/1] (0.00ns)   --->   "%data_0_val_read = read i15 @_ssdm_op_Read.ap_auto.i15, i15 %data_0_val" [firmware/nnet_utils/nnet_mult.h:70->firmware/nnet_utils/nnet_batchnorm.h:54]   --->   Operation 19 'read' 'data_0_val_read' <Predicate = true> <Delay = 0.00>
ST_1 : Operation 20 [1/1] (0.00ns)   --->   "%zext_ln73 = zext i15 %data_0_val_read" [firmware/nnet_utils/nnet_mult.h:73->firmware/nnet_utils/nnet_batchnorm.h:54]   --->   Operation 20 'zext' 'zext_ln73' <Predicate = true> <Delay = 0.00>
ST_1 : Operation 21 [1/1] (1.92ns)   --->   "%mul_ln73 = mul i27 %zext_ln73, i27 3879" [firmware/nnet_utils/nnet_mult.h:73->firmware/nnet_utils/nnet_batchnorm.h:54]   --->   Operation 21 'mul' 'mul_ln73' <Predicate = true> <Delay = 1.92> <CoreInst = "Multiplier">   --->   Core 3 'Multiplier' <Latency = 0> <II = 1> <Delay = 1.92> <FuncUnit> <Opcode : 'mul'> <InPorts = 2> <OutPorts = 1>
ST_1 : Operation 22 [1/1] (0.85ns)   --->   "%add_ln54 = add i27 %mul_ln73, i27 67600384" [firmware/nnet_utils/nnet_batchnorm.h:54]   --->   Operation 22 'add' 'add_ln54' <Predicate = true> <Delay = 0.85> <CoreInst = "Adder">   --->   Core 1 'Adder' <Latency = 0> <II = 1> <Delay = 0.85> <FuncUnit> <Opcode : 'add' 'sub'> <InPorts = 2> <OutPorts = 1>
ST_1 : Operation 23 [1/1] (0.00ns)   --->   "%trunc_ln = partselect i12 @_ssdm_op_PartSelect.i12.i27.i32.i32, i27 %add_ln54, i32 15, i32 26" [firmware/nnet_utils/nnet_batchnorm.h:54]   --->   Operation 23 'partselect' 'trunc_ln' <Predicate = true> <Delay = 0.00>
ST_1 : Operation 24 [1/1] (0.00ns)   --->   "%sext_ln54 = sext i12 %trunc_ln" [firmware/nnet_utils/nnet_batchnorm.h:54]   --->   Operation 24 'sext' 'sext_ln54' <Predicate = true> <Delay = 0.00>
ST_1 : Operation 25 [1/1] (0.00ns)   --->   "%zext_ln73_1 = zext i15 %data_1_val_read" [firmware/nnet_utils/nnet_mult.h:73->firmware/nnet_utils/nnet_batchnorm.h:54]   --->   Operation 25 'zext' 'zext_ln73_1' <Predicate = true> <Delay = 0.00>
ST_1 : Operation 26 [1/1] (1.92ns)   --->   "%mul_ln73_1 = mul i27 %zext_ln73_1, i27 2110" [firmware/nnet_utils/nnet_mult.h:73->firmware/nnet_utils/nnet_batchnorm.h:54]   --->   Operation 26 'mul' 'mul_ln73_1' <Predicate = true> <Delay = 1.92> <CoreInst = "Multiplier">   --->   Core 3 'Multiplier' <Latency = 0> <II = 1> <Delay = 1.92> <FuncUnit> <Opcode : 'mul'> <InPorts = 2> <OutPorts = 1>
ST_1 : Operation 27 [1/1] (0.85ns)   --->   "%add_ln54_1 = add i27 %mul_ln73_1, i27 99155968" [firmware/nnet_utils/nnet_batchnorm.h:54]   --->   Operation 27 'add' 'add_ln54_1' <Predicate = true> <Delay = 0.85> <CoreInst = "Adder">   --->   Core 1 'Adder' <Latency = 0> <II = 1> <Delay = 0.85> <FuncUnit> <Opcode : 'add' 'sub'> <InPorts = 2> <OutPorts = 1>
ST_1 : Operation 28 [1/1] (0.00ns)   --->   "%trunc_ln54_1 = partselect i12 @_ssdm_op_PartSelect.i12.i27.i32.i32, i27 %add_ln54_1, i32 15, i32 26" [firmware/nnet_utils/nnet_batchnorm.h:54]   --->   Operation 28 'partselect' 'trunc_ln54_1' <Predicate = true> <Delay = 0.00>
ST_1 : Operation 29 [1/1] (0.00ns)   --->   "%sext_ln54_1 = sext i12 %trunc_ln54_1" [firmware/nnet_utils/nnet_batchnorm.h:54]   --->   Operation 29 'sext' 'sext_ln54_1' <Predicate = true> <Delay = 0.00>
ST_1 : Operation 30 [1/1] (0.00ns)   --->   "%zext_ln73_2 = zext i15 %data_2_val_read" [firmware/nnet_utils/nnet_mult.h:73->firmware/nnet_utils/nnet_batchnorm.h:54]   --->   Operation 30 'zext' 'zext_ln73_2' <Predicate = true> <Delay = 0.00>
ST_1 : Operation 31 [1/1] (1.92ns)   --->   "%mul_ln73_2 = mul i27 %zext_ln73_2, i27 2805" [firmware/nnet_utils/nnet_mult.h:73->firmware/nnet_utils/nnet_batchnorm.h:54]   --->   Operation 31 'mul' 'mul_ln73_2' <Predicate = true> <Delay = 1.92> <CoreInst = "Multiplier">   --->   Core 3 'Multiplier' <Latency = 0> <II = 1> <Delay = 1.92> <FuncUnit> <Opcode : 'mul'> <InPorts = 2> <OutPorts = 1>
ST_1 : Operation 32 [1/1] (0.00ns)   --->   "%zext_ln54 = zext i27 %mul_ln73_2" [firmware/nnet_utils/nnet_batchnorm.h:54]   --->   Operation 32 'zext' 'zext_ln54' <Predicate = true> <Delay = 0.00>
ST_1 : Operation 33 [1/1] (0.85ns)   --->   "%add_ln54_2 = add i28 %zext_ln54, i28 249102336" [firmware/nnet_utils/nnet_batchnorm.h:54]   --->   Operation 33 'add' 'add_ln54_2' <Predicate = true> <Delay = 0.85> <CoreInst = "Adder">   --->   Core 1 'Adder' <Latency = 0> <II = 1> <Delay = 0.85> <FuncUnit> <Opcode : 'add' 'sub'> <InPorts = 2> <OutPorts = 1>
ST_1 : Operation 34 [1/1] (0.00ns)   --->   "%trunc_ln54_2 = partselect i13 @_ssdm_op_PartSelect.i13.i28.i32.i32, i28 %add_ln54_2, i32 15, i32 27" [firmware/nnet_utils/nnet_batchnorm.h:54]   --->   Operation 34 'partselect' 'trunc_ln54_2' <Predicate = true> <Delay = 0.00>
ST_1 : Operation 35 [1/1] (0.00ns)   --->   "%sext_ln54_2 = sext i13 %trunc_ln54_2" [firmware/nnet_utils/nnet_batchnorm.h:54]   --->   Operation 35 'sext' 'sext_ln54_2' <Predicate = true> <Delay = 0.00>
ST_1 : Operation 36 [1/1] (0.00ns)   --->   "%zext_ln73_3 = zext i15 %data_3_val_read" [firmware/nnet_utils/nnet_mult.h:73->firmware/nnet_utils/nnet_batchnorm.h:54]   --->   Operation 36 'zext' 'zext_ln73_3' <Predicate = true> <Delay = 0.00>
ST_1 : Operation 37 [1/1] (1.92ns)   --->   "%mul_ln73_3 = mul i26 %zext_ln73_3, i26 1069" [firmware/nnet_utils/nnet_mult.h:73->firmware/nnet_utils/nnet_batchnorm.h:54]   --->   Operation 37 'mul' 'mul_ln73_3' <Predicate = true> <Delay = 1.92> <CoreInst = "Multiplier">   --->   Core 3 'Multiplier' <Latency = 0> <II = 1> <Delay = 1.92> <FuncUnit> <Opcode : 'mul'> <InPorts = 2> <OutPorts = 1>
ST_1 : Operation 38 [1/1] (0.84ns)   --->   "%add_ln54_3 = add i26 %mul_ln73_3, i26 12779520" [firmware/nnet_utils/nnet_batchnorm.h:54]   --->   Operation 38 'add' 'add_ln54_3' <Predicate = true> <Delay = 0.84> <CoreInst = "Adder">   --->   Core 1 'Adder' <Latency = 0> <II = 1> <Delay = 0.84> <FuncUnit> <Opcode : 'add' 'sub'> <InPorts = 2> <OutPorts = 1>
ST_1 : Operation 39 [1/1] (0.00ns)   --->   "%tmp = partselect i11 @_ssdm_op_PartSelect.i11.i26.i32.i32, i26 %add_ln54_3, i32 15, i32 25" [firmware/nnet_utils/nnet_batchnorm.h:54]   --->   Operation 39 'partselect' 'tmp' <Predicate = true> <Delay = 0.00>
ST_1 : Operation 40 [1/1] (0.00ns)   --->   "%zext_ln54_6 = zext i11 %tmp" [firmware/nnet_utils/nnet_batchnorm.h:54]   --->   Operation 40 'zext' 'zext_ln54_6' <Predicate = true> <Delay = 0.00>
ST_1 : Operation 41 [1/1] (0.00ns)   --->   "%zext_ln73_4 = zext i15 %data_4_val_read" [firmware/nnet_utils/nnet_mult.h:73->firmware/nnet_utils/nnet_batchnorm.h:54]   --->   Operation 41 'zext' 'zext_ln73_4' <Predicate = true> <Delay = 0.00>
ST_1 : Operation 42 [1/1] (1.92ns)   --->   "%mul_ln73_4 = mul i27 %zext_ln73_4, i27 2193" [firmware/nnet_utils/nnet_mult.h:73->firmware/nnet_utils/nnet_batchnorm.h:54]   --->   Operation 42 'mul' 'mul_ln73_4' <Predicate = true> <Delay = 1.92> <CoreInst = "Multiplier">   --->   Core 3 'Multiplier' <Latency = 0> <II = 1> <Delay = 1.92> <FuncUnit> <Opcode : 'mul'> <InPorts = 2> <OutPorts = 1>
ST_1 : Operation 43 [1/1] (0.85ns)   --->   "%add_ln54_4 = add i27 %mul_ln73_4, i27 4096000" [firmware/nnet_utils/nnet_batchnorm.h:54]   --->   Operation 43 'add' 'add_ln54_4' <Predicate = true> <Delay = 0.85> <CoreInst = "Adder">   --->   Core 1 'Adder' <Latency = 0> <II = 1> <Delay = 0.85> <FuncUnit> <Opcode : 'add' 'sub'> <InPorts = 2> <OutPorts = 1>
ST_1 : Operation 44 [1/1] (0.00ns)   --->   "%tmp_s = partselect i12 @_ssdm_op_PartSelect.i12.i27.i32.i32, i27 %add_ln54_4, i32 15, i32 26" [firmware/nnet_utils/nnet_batchnorm.h:54]   --->   Operation 44 'partselect' 'tmp_s' <Predicate = true> <Delay = 0.00>
ST_1 : Operation 45 [1/1] (0.00ns)   --->   "%zext_ln54_7 = zext i12 %tmp_s" [firmware/nnet_utils/nnet_batchnorm.h:54]   --->   Operation 45 'zext' 'zext_ln54_7' <Predicate = true> <Delay = 0.00>
ST_1 : Operation 46 [1/1] (0.00ns)   --->   "%zext_ln73_5 = zext i15 %data_5_val_read" [firmware/nnet_utils/nnet_mult.h:73->firmware/nnet_utils/nnet_batchnorm.h:54]   --->   Operation 46 'zext' 'zext_ln73_5' <Predicate = true> <Delay = 0.00>
ST_1 : Operation 47 [1/1] (1.92ns)   --->   "%mul_ln73_5 = mul i28 %zext_ln73_5, i28 4331" [firmware/nnet_utils/nnet_mult.h:73->firmware/nnet_utils/nnet_batchnorm.h:54]   --->   Operation 47 'mul' 'mul_ln73_5' <Predicate = true> <Delay = 1.92> <CoreInst = "Multiplier">   --->   Core 3 'Multiplier' <Latency = 0> <II = 1> <Delay = 1.92> <FuncUnit> <Opcode : 'mul'> <InPorts = 2> <OutPorts = 1>
ST_1 : Operation 48 [1/1] (0.85ns)   --->   "%add_ln54_5 = add i28 %mul_ln73_5, i28 201228288" [firmware/nnet_utils/nnet_batchnorm.h:54]   --->   Operation 48 'add' 'add_ln54_5' <Predicate = true> <Delay = 0.85> <CoreInst = "Adder">   --->   Core 1 'Adder' <Latency = 0> <II = 1> <Delay = 0.85> <FuncUnit> <Opcode : 'add' 'sub'> <InPorts = 2> <OutPorts = 1>
ST_1 : Operation 49 [1/1] (0.00ns)   --->   "%trunc_ln54_5 = partselect i13 @_ssdm_op_PartSelect.i13.i28.i32.i32, i28 %add_ln54_5, i32 15, i32 27" [firmware/nnet_utils/nnet_batchnorm.h:54]   --->   Operation 49 'partselect' 'trunc_ln54_5' <Predicate = true> <Delay = 0.00>
ST_1 : Operation 50 [1/1] (0.00ns)   --->   "%sext_ln54_3 = sext i13 %trunc_ln54_5" [firmware/nnet_utils/nnet_batchnorm.h:54]   --->   Operation 50 'sext' 'sext_ln54_3' <Predicate = true> <Delay = 0.00>
ST_1 : Operation 51 [1/1] (0.00ns)   --->   "%zext_ln73_6 = zext i15 %data_6_val_read" [firmware/nnet_utils/nnet_mult.h:73->firmware/nnet_utils/nnet_batchnorm.h:54]   --->   Operation 51 'zext' 'zext_ln73_6' <Predicate = true> <Delay = 0.00>
ST_1 : Operation 52 [1/1] (1.92ns)   --->   "%mul_ln73_6 = mul i27 %zext_ln73_6, i27 3436" [firmware/nnet_utils/nnet_mult.h:73->firmware/nnet_utils/nnet_batchnorm.h:54]   --->   Operation 52 'mul' 'mul_ln73_6' <Predicate = true> <Delay = 1.92> <CoreInst = "Multiplier">   --->   Core 3 'Multiplier' <Latency = 0> <II = 1> <Delay = 1.92> <FuncUnit> <Opcode : 'mul'> <InPorts = 2> <OutPorts = 1>
ST_1 : Operation 53 [1/1] (0.00ns)   --->   "%zext_ln54_1 = zext i27 %mul_ln73_6" [firmware/nnet_utils/nnet_batchnorm.h:54]   --->   Operation 53 'zext' 'zext_ln54_1' <Predicate = true> <Delay = 0.00>
ST_1 : Operation 54 [1/1] (0.85ns)   --->   "%add_ln54_6 = add i28 %zext_ln54_1, i28 259653632" [firmware/nnet_utils/nnet_batchnorm.h:54]   --->   Operation 54 'add' 'add_ln54_6' <Predicate = true> <Delay = 0.85> <CoreInst = "Adder">   --->   Core 1 'Adder' <Latency = 0> <II = 1> <Delay = 0.85> <FuncUnit> <Opcode : 'add' 'sub'> <InPorts = 2> <OutPorts = 1>
ST_1 : Operation 55 [1/1] (0.00ns)   --->   "%trunc_ln54_6 = partselect i13 @_ssdm_op_PartSelect.i13.i28.i32.i32, i28 %add_ln54_6, i32 15, i32 27" [firmware/nnet_utils/nnet_batchnorm.h:54]   --->   Operation 55 'partselect' 'trunc_ln54_6' <Predicate = true> <Delay = 0.00>
ST_1 : Operation 56 [1/1] (0.00ns)   --->   "%sext_ln54_4 = sext i13 %trunc_ln54_6" [firmware/nnet_utils/nnet_batchnorm.h:54]   --->   Operation 56 'sext' 'sext_ln54_4' <Predicate = true> <Delay = 0.00>
ST_1 : Operation 57 [1/1] (0.00ns)   --->   "%zext_ln73_7 = zext i15 %data_7_val_read" [firmware/nnet_utils/nnet_mult.h:73->firmware/nnet_utils/nnet_batchnorm.h:54]   --->   Operation 57 'zext' 'zext_ln73_7' <Predicate = true> <Delay = 0.00>
ST_1 : Operation 58 [1/1] (1.92ns)   --->   "%mul_ln73_7 = mul i28 %zext_ln73_7, i28 5819" [firmware/nnet_utils/nnet_mult.h:73->firmware/nnet_utils/nnet_batchnorm.h:54]   --->   Operation 58 'mul' 'mul_ln73_7' <Predicate = true> <Delay = 1.92> <CoreInst = "Multiplier">   --->   Core 3 'Multiplier' <Latency = 0> <II = 1> <Delay = 1.92> <FuncUnit> <Opcode : 'mul'> <InPorts = 2> <OutPorts = 1>
ST_1 : Operation 59 [1/1] (0.00ns)   --->   "%zext_ln54_2 = zext i28 %mul_ln73_7" [firmware/nnet_utils/nnet_batchnorm.h:54]   --->   Operation 59 'zext' 'zext_ln54_2' <Predicate = true> <Delay = 0.00>
ST_1 : Operation 60 [1/1] (0.85ns)   --->   "%add_ln54_7 = add i29 %zext_ln54_2, i29 514457600" [firmware/nnet_utils/nnet_batchnorm.h:54]   --->   Operation 60 'add' 'add_ln54_7' <Predicate = true> <Delay = 0.85> <CoreInst = "Adder">   --->   Core 1 'Adder' <Latency = 0> <II = 1> <Delay = 0.85> <FuncUnit> <Opcode : 'add' 'sub'> <InPorts = 2> <OutPorts = 1>
ST_1 : Operation 61 [1/1] (0.00ns)   --->   "%trunc_ln54_7 = partselect i14 @_ssdm_op_PartSelect.i14.i29.i32.i32, i29 %add_ln54_7, i32 15, i32 28" [firmware/nnet_utils/nnet_batchnorm.h:54]   --->   Operation 61 'partselect' 'trunc_ln54_7' <Predicate = true> <Delay = 0.00>
ST_1 : Operation 62 [1/1] (0.00ns)   --->   "%sext_ln54_5 = sext i14 %trunc_ln54_7" [firmware/nnet_utils/nnet_batchnorm.h:54]   --->   Operation 62 'sext' 'sext_ln54_5' <Predicate = true> <Delay = 0.00>
ST_1 : Operation 63 [1/1] (0.00ns)   --->   "%zext_ln73_8 = zext i15 %data_8_val_read" [firmware/nnet_utils/nnet_mult.h:73->firmware/nnet_utils/nnet_batchnorm.h:54]   --->   Operation 63 'zext' 'zext_ln73_8' <Predicate = true> <Delay = 0.00>
ST_1 : Operation 64 [1/1] (1.92ns)   --->   "%mul_ln73_8 = mul i27 %zext_ln73_8, i27 2807" [firmware/nnet_utils/nnet_mult.h:73->firmware/nnet_utils/nnet_batchnorm.h:54]   --->   Operation 64 'mul' 'mul_ln73_8' <Predicate = true> <Delay = 1.92> <CoreInst = "Multiplier">   --->   Core 3 'Multiplier' <Latency = 0> <II = 1> <Delay = 1.92> <FuncUnit> <Opcode : 'mul'> <InPorts = 2> <OutPorts = 1>
ST_1 : Operation 65 [1/1] (0.85ns)   --->   "%add_ln54_8 = add i27 %mul_ln73_8, i27 109084672" [firmware/nnet_utils/nnet_batchnorm.h:54]   --->   Operation 65 'add' 'add_ln54_8' <Predicate = true> <Delay = 0.85> <CoreInst = "Adder">   --->   Core 1 'Adder' <Latency = 0> <II = 1> <Delay = 0.85> <FuncUnit> <Opcode : 'add' 'sub'> <InPorts = 2> <OutPorts = 1>
ST_1 : Operation 66 [1/1] (0.00ns)   --->   "%trunc_ln54_8 = partselect i12 @_ssdm_op_PartSelect.i12.i27.i32.i32, i27 %add_ln54_8, i32 15, i32 26" [firmware/nnet_utils/nnet_batchnorm.h:54]   --->   Operation 66 'partselect' 'trunc_ln54_8' <Predicate = true> <Delay = 0.00>
ST_1 : Operation 67 [1/1] (0.00ns)   --->   "%sext_ln54_6 = sext i12 %trunc_ln54_8" [firmware/nnet_utils/nnet_batchnorm.h:54]   --->   Operation 67 'sext' 'sext_ln54_6' <Predicate = true> <Delay = 0.00>
ST_1 : Operation 68 [1/1] (0.00ns)   --->   "%zext_ln73_9 = zext i15 %data_9_val_read" [firmware/nnet_utils/nnet_mult.h:73->firmware/nnet_utils/nnet_batchnorm.h:54]   --->   Operation 68 'zext' 'zext_ln73_9' <Predicate = true> <Delay = 0.00>
ST_1 : Operation 69 [1/1] (1.92ns)   --->   "%mul_ln73_9 = mul i26 %zext_ln73_9, i26 1830" [firmware/nnet_utils/nnet_mult.h:73->firmware/nnet_utils/nnet_batchnorm.h:54]   --->   Operation 69 'mul' 'mul_ln73_9' <Predicate = true> <Delay = 1.92> <CoreInst = "Multiplier">   --->   Core 3 'Multiplier' <Latency = 0> <II = 1> <Delay = 1.92> <FuncUnit> <Opcode : 'mul'> <InPorts = 2> <OutPorts = 1>
ST_1 : Operation 70 [1/1] (0.00ns)   --->   "%zext_ln54_3 = zext i26 %mul_ln73_9" [firmware/nnet_utils/nnet_batchnorm.h:54]   --->   Operation 70 'zext' 'zext_ln54_3' <Predicate = true> <Delay = 0.00>
ST_1 : Operation 71 [1/1] (0.84ns)   --->   "%add_ln54_9 = add i27 %zext_ln54_3, i27 128024576" [firmware/nnet_utils/nnet_batchnorm.h:54]   --->   Operation 71 'add' 'add_ln54_9' <Predicate = true> <Delay = 0.84> <CoreInst = "Adder">   --->   Core 1 'Adder' <Latency = 0> <II = 1> <Delay = 0.84> <FuncUnit> <Opcode : 'add' 'sub'> <InPorts = 2> <OutPorts = 1>
ST_1 : Operation 72 [1/1] (0.00ns)   --->   "%trunc_ln54_9 = partselect i12 @_ssdm_op_PartSelect.i12.i27.i32.i32, i27 %add_ln54_9, i32 15, i32 26" [firmware/nnet_utils/nnet_batchnorm.h:54]   --->   Operation 72 'partselect' 'trunc_ln54_9' <Predicate = true> <Delay = 0.00>
ST_1 : Operation 73 [1/1] (0.00ns)   --->   "%sext_ln54_7 = sext i12 %trunc_ln54_9" [firmware/nnet_utils/nnet_batchnorm.h:54]   --->   Operation 73 'sext' 'sext_ln54_7' <Predicate = true> <Delay = 0.00>
ST_1 : Operation 74 [1/1] (0.00ns)   --->   "%zext_ln73_10 = zext i15 %data_10_val_read" [firmware/nnet_utils/nnet_mult.h:73->firmware/nnet_utils/nnet_batchnorm.h:54]   --->   Operation 74 'zext' 'zext_ln73_10' <Predicate = true> <Delay = 0.00>
ST_1 : Operation 75 [1/1] (1.92ns)   --->   "%mul_ln73_10 = mul i28 %zext_ln73_10, i28 6983" [firmware/nnet_utils/nnet_mult.h:73->firmware/nnet_utils/nnet_batchnorm.h:54]   --->   Operation 75 'mul' 'mul_ln73_10' <Predicate = true> <Delay = 1.92> <CoreInst = "Multiplier">   --->   Core 3 'Multiplier' <Latency = 0> <II = 1> <Delay = 1.92> <FuncUnit> <Opcode : 'mul'> <InPorts = 2> <OutPorts = 1>
ST_1 : Operation 76 [1/1] (0.00ns)   --->   "%zext_ln54_4 = zext i28 %mul_ln73_10" [firmware/nnet_utils/nnet_batchnorm.h:54]   --->   Operation 76 'zext' 'zext_ln54_4' <Predicate = true> <Delay = 0.00>
ST_1 : Operation 77 [1/1] (0.85ns)   --->   "%add_ln54_10 = add i29 %zext_ln54_4, i29 510754816" [firmware/nnet_utils/nnet_batchnorm.h:54]   --->   Operation 77 'add' 'add_ln54_10' <Predicate = true> <Delay = 0.85> <CoreInst = "Adder">   --->   Core 1 'Adder' <Latency = 0> <II = 1> <Delay = 0.85> <FuncUnit> <Opcode : 'add' 'sub'> <InPorts = 2> <OutPorts = 1>
ST_1 : Operation 78 [1/1] (0.00ns)   --->   "%trunc_ln54_s = partselect i14 @_ssdm_op_PartSelect.i14.i29.i32.i32, i29 %add_ln54_10, i32 15, i32 28" [firmware/nnet_utils/nnet_batchnorm.h:54]   --->   Operation 78 'partselect' 'trunc_ln54_s' <Predicate = true> <Delay = 0.00>
ST_1 : Operation 79 [1/1] (0.00ns)   --->   "%sext_ln54_8 = sext i14 %trunc_ln54_s" [firmware/nnet_utils/nnet_batchnorm.h:54]   --->   Operation 79 'sext' 'sext_ln54_8' <Predicate = true> <Delay = 0.00>
ST_1 : Operation 80 [1/1] (0.00ns)   --->   "%zext_ln73_11 = zext i15 %data_11_val_read" [firmware/nnet_utils/nnet_mult.h:73->firmware/nnet_utils/nnet_batchnorm.h:54]   --->   Operation 80 'zext' 'zext_ln73_11' <Predicate = true> <Delay = 0.00>
ST_1 : Operation 81 [1/1] (1.92ns)   --->   "%mul_ln73_11 = mul i28 %zext_ln73_11, i28 4107" [firmware/nnet_utils/nnet_mult.h:73->firmware/nnet_utils/nnet_batchnorm.h:54]   --->   Operation 81 'mul' 'mul_ln73_11' <Predicate = true> <Delay = 1.92> <CoreInst = "Multiplier">   --->   Core 3 'Multiplier' <Latency = 0> <II = 1> <Delay = 1.92> <FuncUnit> <Opcode : 'mul'> <InPorts = 2> <OutPorts = 1>
ST_1 : Operation 82 [1/1] (0.85ns)   --->   "%add_ln54_11 = add i28 %mul_ln73_11, i28 246710272" [firmware/nnet_utils/nnet_batchnorm.h:54]   --->   Operation 82 'add' 'add_ln54_11' <Predicate = true> <Delay = 0.85> <CoreInst = "Adder">   --->   Core 1 'Adder' <Latency = 0> <II = 1> <Delay = 0.85> <FuncUnit> <Opcode : 'add' 'sub'> <InPorts = 2> <OutPorts = 1>
ST_1 : Operation 83 [1/1] (0.00ns)   --->   "%trunc_ln54_3 = partselect i13 @_ssdm_op_PartSelect.i13.i28.i32.i32, i28 %add_ln54_11, i32 15, i32 27" [firmware/nnet_utils/nnet_batchnorm.h:54]   --->   Operation 83 'partselect' 'trunc_ln54_3' <Predicate = true> <Delay = 0.00>
ST_1 : Operation 84 [1/1] (0.00ns)   --->   "%sext_ln54_9 = sext i13 %trunc_ln54_3" [firmware/nnet_utils/nnet_batchnorm.h:54]   --->   Operation 84 'sext' 'sext_ln54_9' <Predicate = true> <Delay = 0.00>
ST_1 : Operation 85 [1/1] (0.00ns)   --->   "%zext_ln73_12 = zext i15 %data_12_val_read" [firmware/nnet_utils/nnet_mult.h:73->firmware/nnet_utils/nnet_batchnorm.h:54]   --->   Operation 85 'zext' 'zext_ln73_12' <Predicate = true> <Delay = 0.00>
ST_1 : Operation 86 [1/1] (1.92ns)   --->   "%mul_ln73_12 = mul i28 %zext_ln73_12, i28 4118" [firmware/nnet_utils/nnet_mult.h:73->firmware/nnet_utils/nnet_batchnorm.h:54]   --->   Operation 86 'mul' 'mul_ln73_12' <Predicate = true> <Delay = 1.92> <CoreInst = "Multiplier">   --->   Core 3 'Multiplier' <Latency = 0> <II = 1> <Delay = 1.92> <FuncUnit> <Opcode : 'mul'> <InPorts = 2> <OutPorts = 1>
ST_1 : Operation 87 [1/1] (0.85ns)   --->   "%add_ln54_12 = add i28 %mul_ln73_12, i28 203620352" [firmware/nnet_utils/nnet_batchnorm.h:54]   --->   Operation 87 'add' 'add_ln54_12' <Predicate = true> <Delay = 0.85> <CoreInst = "Adder">   --->   Core 1 'Adder' <Latency = 0> <II = 1> <Delay = 0.85> <FuncUnit> <Opcode : 'add' 'sub'> <InPorts = 2> <OutPorts = 1>
ST_1 : Operation 88 [1/1] (0.00ns)   --->   "%trunc_ln54_4 = partselect i13 @_ssdm_op_PartSelect.i13.i28.i32.i32, i28 %add_ln54_12, i32 15, i32 27" [firmware/nnet_utils/nnet_batchnorm.h:54]   --->   Operation 88 'partselect' 'trunc_ln54_4' <Predicate = true> <Delay = 0.00>
ST_1 : Operation 89 [1/1] (0.00ns)   --->   "%sext_ln54_10 = sext i13 %trunc_ln54_4" [firmware/nnet_utils/nnet_batchnorm.h:54]   --->   Operation 89 'sext' 'sext_ln54_10' <Predicate = true> <Delay = 0.00>
ST_1 : Operation 90 [1/1] (0.00ns)   --->   "%zext_ln73_13 = zext i15 %data_13_val_read" [firmware/nnet_utils/nnet_mult.h:73->firmware/nnet_utils/nnet_batchnorm.h:54]   --->   Operation 90 'zext' 'zext_ln73_13' <Predicate = true> <Delay = 0.00>
ST_1 : Operation 91 [1/1] (1.92ns)   --->   "%mul_ln73_13 = mul i28 %zext_ln73_13, i28 4200" [firmware/nnet_utils/nnet_mult.h:73->firmware/nnet_utils/nnet_batchnorm.h:54]   --->   Operation 91 'mul' 'mul_ln73_13' <Predicate = true> <Delay = 1.92> <CoreInst = "Multiplier">   --->   Core 3 'Multiplier' <Latency = 0> <II = 1> <Delay = 1.92> <FuncUnit> <Opcode : 'mul'> <InPorts = 2> <OutPorts = 1>
ST_1 : Operation 92 [1/1] (0.85ns)   --->   "%add_ln54_13 = add i28 %mul_ln73_13, i28 257130496" [firmware/nnet_utils/nnet_batchnorm.h:54]   --->   Operation 92 'add' 'add_ln54_13' <Predicate = true> <Delay = 0.85> <CoreInst = "Adder">   --->   Core 1 'Adder' <Latency = 0> <II = 1> <Delay = 0.85> <FuncUnit> <Opcode : 'add' 'sub'> <InPorts = 2> <OutPorts = 1>
ST_1 : Operation 93 [1/1] (0.00ns)   --->   "%trunc_ln54_10 = partselect i13 @_ssdm_op_PartSelect.i13.i28.i32.i32, i28 %add_ln54_13, i32 15, i32 27" [firmware/nnet_utils/nnet_batchnorm.h:54]   --->   Operation 93 'partselect' 'trunc_ln54_10' <Predicate = true> <Delay = 0.00>
ST_1 : Operation 94 [1/1] (0.00ns)   --->   "%sext_ln54_11 = sext i13 %trunc_ln54_10" [firmware/nnet_utils/nnet_batchnorm.h:54]   --->   Operation 94 'sext' 'sext_ln54_11' <Predicate = true> <Delay = 0.00>
ST_1 : Operation 95 [1/1] (0.00ns)   --->   "%zext_ln73_14 = zext i15 %data_14_val_read" [firmware/nnet_utils/nnet_mult.h:73->firmware/nnet_utils/nnet_batchnorm.h:54]   --->   Operation 95 'zext' 'zext_ln73_14' <Predicate = true> <Delay = 0.00>
ST_1 : Operation 96 [1/1] (1.92ns)   --->   "%mul_ln73_14 = mul i27 %zext_ln73_14, i27 3281" [firmware/nnet_utils/nnet_mult.h:73->firmware/nnet_utils/nnet_batchnorm.h:54]   --->   Operation 96 'mul' 'mul_ln73_14' <Predicate = true> <Delay = 1.92> <CoreInst = "Multiplier">   --->   Core 3 'Multiplier' <Latency = 0> <II = 1> <Delay = 1.92> <FuncUnit> <Opcode : 'mul'> <InPorts = 2> <OutPorts = 1>
ST_1 : Operation 97 [1/1] (0.00ns)   --->   "%zext_ln54_5 = zext i27 %mul_ln73_14" [firmware/nnet_utils/nnet_batchnorm.h:54]   --->   Operation 97 'zext' 'zext_ln54_5' <Predicate = true> <Delay = 0.00>
ST_1 : Operation 98 [1/1] (0.85ns)   --->   "%add_ln54_14 = add i28 %zext_ln54_5, i28 239403008" [firmware/nnet_utils/nnet_batchnorm.h:54]   --->   Operation 98 'add' 'add_ln54_14' <Predicate = true> <Delay = 0.85> <CoreInst = "Adder">   --->   Core 1 'Adder' <Latency = 0> <II = 1> <Delay = 0.85> <FuncUnit> <Opcode : 'add' 'sub'> <InPorts = 2> <OutPorts = 1>
ST_1 : Operation 99 [1/1] (0.00ns)   --->   "%trunc_ln54_11 = partselect i13 @_ssdm_op_PartSelect.i13.i28.i32.i32, i28 %add_ln54_14, i32 15, i32 27" [firmware/nnet_utils/nnet_batchnorm.h:54]   --->   Operation 99 'partselect' 'trunc_ln54_11' <Predicate = true> <Delay = 0.00>
ST_1 : Operation 100 [1/1] (0.00ns)   --->   "%sext_ln54_12 = sext i13 %trunc_ln54_11" [firmware/nnet_utils/nnet_batchnorm.h:54]   --->   Operation 100 'sext' 'sext_ln54_12' <Predicate = true> <Delay = 0.00>
ST_1 : Operation 101 [1/1] (0.00ns)   --->   "%zext_ln73_15 = zext i15 %data_15_val_read" [firmware/nnet_utils/nnet_mult.h:73->firmware/nnet_utils/nnet_batchnorm.h:54]   --->   Operation 101 'zext' 'zext_ln73_15' <Predicate = true> <Delay = 0.00>
ST_1 : Operation 102 [1/1] (1.92ns)   --->   "%mul_ln73_15 = mul i28 %zext_ln73_15, i28 4554" [firmware/nnet_utils/nnet_mult.h:73->firmware/nnet_utils/nnet_batchnorm.h:54]   --->   Operation 102 'mul' 'mul_ln73_15' <Predicate = true> <Delay = 1.92> <CoreInst = "Multiplier">   --->   Core 3 'Multiplier' <Latency = 0> <II = 1> <Delay = 1.92> <FuncUnit> <Opcode : 'mul'> <InPorts = 2> <OutPorts = 1>
ST_1 : Operation 103 [1/1] (0.85ns)   --->   "%add_ln54_15 = add i28 %mul_ln73_15, i28 238878720" [firmware/nnet_utils/nnet_batchnorm.h:54]   --->   Operation 103 'add' 'add_ln54_15' <Predicate = true> <Delay = 0.85> <CoreInst = "Adder">   --->   Core 1 'Adder' <Latency = 0> <II = 1> <Delay = 0.85> <FuncUnit> <Opcode : 'add' 'sub'> <InPorts = 2> <OutPorts = 1>
ST_1 : Operation 104 [1/1] (0.00ns)   --->   "%trunc_ln54_12 = partselect i13 @_ssdm_op_PartSelect.i13.i28.i32.i32, i28 %add_ln54_15, i32 15, i32 27" [firmware/nnet_utils/nnet_batchnorm.h:54]   --->   Operation 104 'partselect' 'trunc_ln54_12' <Predicate = true> <Delay = 0.00>
ST_1 : Operation 105 [1/1] (0.00ns)   --->   "%sext_ln54_13 = sext i13 %trunc_ln54_12" [firmware/nnet_utils/nnet_batchnorm.h:54]   --->   Operation 105 'sext' 'sext_ln54_13' <Predicate = true> <Delay = 0.00>
ST_1 : Operation 106 [1/1] (0.00ns)   --->   "%mrv = insertvalue i256 <undef>, i16 %sext_ln54" [firmware/nnet_utils/nnet_batchnorm.h:63]   --->   Operation 106 'insertvalue' 'mrv' <Predicate = true> <Delay = 0.00>
ST_1 : Operation 107 [1/1] (0.00ns)   --->   "%mrv_1 = insertvalue i256 %mrv, i16 %sext_ln54_1" [firmware/nnet_utils/nnet_batchnorm.h:63]   --->   Operation 107 'insertvalue' 'mrv_1' <Predicate = true> <Delay = 0.00>
ST_1 : Operation 108 [1/1] (0.00ns)   --->   "%mrv_2 = insertvalue i256 %mrv_1, i16 %sext_ln54_2" [firmware/nnet_utils/nnet_batchnorm.h:63]   --->   Operation 108 'insertvalue' 'mrv_2' <Predicate = true> <Delay = 0.00>
ST_1 : Operation 109 [1/1] (0.00ns)   --->   "%mrv_3 = insertvalue i256 %mrv_2, i16 %zext_ln54_6" [firmware/nnet_utils/nnet_batchnorm.h:63]   --->   Operation 109 'insertvalue' 'mrv_3' <Predicate = true> <Delay = 0.00>
ST_1 : Operation 110 [1/1] (0.00ns)   --->   "%mrv_4 = insertvalue i256 %mrv_3, i16 %zext_ln54_7" [firmware/nnet_utils/nnet_batchnorm.h:63]   --->   Operation 110 'insertvalue' 'mrv_4' <Predicate = true> <Delay = 0.00>
ST_1 : Operation 111 [1/1] (0.00ns)   --->   "%mrv_5 = insertvalue i256 %mrv_4, i16 %sext_ln54_3" [firmware/nnet_utils/nnet_batchnorm.h:63]   --->   Operation 111 'insertvalue' 'mrv_5' <Predicate = true> <Delay = 0.00>
ST_1 : Operation 112 [1/1] (0.00ns)   --->   "%mrv_6 = insertvalue i256 %mrv_5, i16 %sext_ln54_4" [firmware/nnet_utils/nnet_batchnorm.h:63]   --->   Operation 112 'insertvalue' 'mrv_6' <Predicate = true> <Delay = 0.00>
ST_1 : Operation 113 [1/1] (0.00ns)   --->   "%mrv_7 = insertvalue i256 %mrv_6, i16 %sext_ln54_5" [firmware/nnet_utils/nnet_batchnorm.h:63]   --->   Operation 113 'insertvalue' 'mrv_7' <Predicate = true> <Delay = 0.00>
ST_1 : Operation 114 [1/1] (0.00ns)   --->   "%mrv_8 = insertvalue i256 %mrv_7, i16 %sext_ln54_6" [firmware/nnet_utils/nnet_batchnorm.h:63]   --->   Operation 114 'insertvalue' 'mrv_8' <Predicate = true> <Delay = 0.00>
ST_1 : Operation 115 [1/1] (0.00ns)   --->   "%mrv_9 = insertvalue i256 %mrv_8, i16 %sext_ln54_7" [firmware/nnet_utils/nnet_batchnorm.h:63]   --->   Operation 115 'insertvalue' 'mrv_9' <Predicate = true> <Delay = 0.00>
ST_1 : Operation 116 [1/1] (0.00ns)   --->   "%mrv_10 = insertvalue i256 %mrv_9, i16 %sext_ln54_8" [firmware/nnet_utils/nnet_batchnorm.h:63]   --->   Operation 116 'insertvalue' 'mrv_10' <Predicate = true> <Delay = 0.00>
ST_1 : Operation 117 [1/1] (0.00ns)   --->   "%mrv_11 = insertvalue i256 %mrv_10, i16 %sext_ln54_9" [firmware/nnet_utils/nnet_batchnorm.h:63]   --->   Operation 117 'insertvalue' 'mrv_11' <Predicate = true> <Delay = 0.00>
ST_1 : Operation 118 [1/1] (0.00ns)   --->   "%mrv_12 = insertvalue i256 %mrv_11, i16 %sext_ln54_10" [firmware/nnet_utils/nnet_batchnorm.h:63]   --->   Operation 118 'insertvalue' 'mrv_12' <Predicate = true> <Delay = 0.00>
ST_1 : Operation 119 [1/1] (0.00ns)   --->   "%mrv_13 = insertvalue i256 %mrv_12, i16 %sext_ln54_11" [firmware/nnet_utils/nnet_batchnorm.h:63]   --->   Operation 119 'insertvalue' 'mrv_13' <Predicate = true> <Delay = 0.00>
ST_1 : Operation 120 [1/1] (0.00ns)   --->   "%mrv_14 = insertvalue i256 %mrv_13, i16 %sext_ln54_12" [firmware/nnet_utils/nnet_batchnorm.h:63]   --->   Operation 120 'insertvalue' 'mrv_14' <Predicate = true> <Delay = 0.00>
ST_1 : Operation 121 [1/1] (0.00ns)   --->   "%mrv_15 = insertvalue i256 %mrv_14, i16 %sext_ln54_13" [firmware/nnet_utils/nnet_batchnorm.h:63]   --->   Operation 121 'insertvalue' 'mrv_15' <Predicate = true> <Delay = 0.00>
ST_1 : Operation 122 [1/1] (0.00ns)   --->   "%ret_ln63 = ret i256 %mrv_15" [firmware/nnet_utils/nnet_batchnorm.h:63]   --->   Operation 122 'ret' 'ret_ln63' <Predicate = true> <Delay = 0.00>


============================================================
+ Verbose Summary: Timing violations
============================================================
Target clock period: 5.000ns, clock uncertainty: 0.625ns.

 <State 1>: 2.780ns
The critical path consists of the following:
	wire read operation ('data_5_val_read', firmware/nnet_utils/nnet_mult.h:70->firmware/nnet_utils/nnet_batchnorm.h:54) on port 'data_5_val' (firmware/nnet_utils/nnet_mult.h:70->firmware/nnet_utils/nnet_batchnorm.h:54) [29]  (0.000 ns)
	'mul' operation ('mul_ln73_5', firmware/nnet_utils/nnet_mult.h:73->firmware/nnet_utils/nnet_batchnorm.h:54) [62]  (1.924 ns)
	'add' operation ('add_ln54_5', firmware/nnet_utils/nnet_batchnorm.h:54) [63]  (0.856 ns)


============================================================
+ Verbose Summary: Binding
============================================================
N/A
* FSMD analyzer results:
  - Output states:
 - Input state : 
  - Chain level:
	State 1


============================================================
+ Verbose Summary: Datapath Resource usage 
============================================================
N/A
