

================================================================
== Vitis HLS Report for 'normalize_ap_fixed_16_6_5_3_0_ap_fixed_15_5_5_3_0_config14_s'
================================================================
* Date:           Wed Jul 24 14:39:07 2024

* Version:        2023.1 (Build 3854077 on May  4 2023)
* Project:        myproject_prj
* Solution:       solution1 (Vivado IP Flow Target)
* Product family: virtexuplus
* Target device:  xcvu13p-flga2577-2-e


================================================================
== Performance Estimates
================================================================
+ Timing: 
    * Summary: 
    +--------+---------+----------+------------+
    |  Clock |  Target | Estimated| Uncertainty|
    +--------+---------+----------+------------+
    |ap_clk  |  5.00 ns|  0.827 ns|     0.62 ns|
    +--------+---------+----------+------------+

+ Latency: 
    * Summary: 
    +---------+---------+----------+----------+-----+-----+---------+
    |  Latency (cycles) |  Latency (absolute) |  Interval | Pipeline|
    |   min   |   max   |    min   |    max   | min | max |   Type  |
    +---------+---------+----------+----------+-----+-----+---------+
    |        0|        0|      0 ns|      0 ns|    1|    1|      yes|
    +---------+---------+----------+----------+-----+-----+---------+

    + Detail: 
        * Instance: 
        N/A

        * Loop: 
        N/A

============================================================
+ Verbose Summary: Synthesis Manager
============================================================
InlineROM: 1
ExposeGlobal: 0
============================================================
+ Verbose Summary: CDFG Model
============================================================
IsTopModel: 0
ResetActiveHigh: 1
IsCombinational: 0
IsDatapathOnly: 0
HasWiredReturn: 1
HasMFsm: 2
HasVarLatency: 0
IsPipeline: 1
IsRtlPipelined: 0
IsInstanceOverlapped: 0
IsDontTouch: 0
HasImplIP: 0
IsGatedGlobalClock: 0

+ Individual pipeline summary: 
  * Pipeline-0: initiation interval (II) = 1, depth = 1


============================================================
+ Verbose Summary: Schedule
============================================================
* Number of FSM states : 1
* Pipeline : 1
  Pipeline-0 : II = 1, D = 1, States = { 1 }
* Dataflow Pipeline: 0

* FSM state transitions: 
1 --> 

* FSM state operations: 

State 1 <SV = 0> <Delay = 0.82>
ST_1 : Operation 2 [1/1] (0.00ns)   --->   "%specpipeline_ln48 = specpipeline void @_ssdm_op_SpecPipeline, i32 1, i32 0, i32 0, i32 0, void @empty_0" [firmware/nnet_utils/nnet_batchnorm.h:48]   --->   Operation 2 'specpipeline' 'specpipeline_ln48' <Predicate = true> <Delay = 0.00>
ST_1 : Operation 3 [1/1] (0.00ns)   --->   "%specresourcelimit_ln48 = specresourcelimit void @_ssdm_op_SpecResourceLimit, i64 12, void @empty_1, void @empty_0, void @empty_0, void @empty_0" [firmware/nnet_utils/nnet_batchnorm.h:48]   --->   Operation 3 'specresourcelimit' 'specresourcelimit_ln48' <Predicate = true> <Delay = 0.00>
ST_1 : Operation 4 [1/1] (0.00ns)   --->   "%data_11_val_read = read i15 @_ssdm_op_Read.ap_auto.i15, i15 %data_11_val" [firmware/nnet_utils/nnet_mult.h:80->firmware/nnet_utils/nnet_batchnorm.h:54]   --->   Operation 4 'read' 'data_11_val_read' <Predicate = true> <Delay = 0.00>
ST_1 : Operation 5 [1/1] (0.00ns)   --->   "%data_10_val_read = read i15 @_ssdm_op_Read.ap_auto.i15, i15 %data_10_val" [firmware/nnet_utils/nnet_mult.h:80->firmware/nnet_utils/nnet_batchnorm.h:54]   --->   Operation 5 'read' 'data_10_val_read' <Predicate = true> <Delay = 0.00>
ST_1 : Operation 6 [1/1] (0.00ns)   --->   "%data_9_val_read = read i15 @_ssdm_op_Read.ap_auto.i15, i15 %data_9_val" [firmware/nnet_utils/nnet_mult.h:80->firmware/nnet_utils/nnet_batchnorm.h:54]   --->   Operation 6 'read' 'data_9_val_read' <Predicate = true> <Delay = 0.00>
ST_1 : Operation 7 [1/1] (0.00ns)   --->   "%data_8_val_read = read i15 @_ssdm_op_Read.ap_auto.i15, i15 %data_8_val" [firmware/nnet_utils/nnet_mult.h:80->firmware/nnet_utils/nnet_batchnorm.h:54]   --->   Operation 7 'read' 'data_8_val_read' <Predicate = true> <Delay = 0.00>
ST_1 : Operation 8 [1/1] (0.00ns)   --->   "%data_7_val_read = read i15 @_ssdm_op_Read.ap_auto.i15, i15 %data_7_val" [firmware/nnet_utils/nnet_mult.h:80->firmware/nnet_utils/nnet_batchnorm.h:54]   --->   Operation 8 'read' 'data_7_val_read' <Predicate = true> <Delay = 0.00>
ST_1 : Operation 9 [1/1] (0.00ns)   --->   "%data_6_val_read = read i15 @_ssdm_op_Read.ap_auto.i15, i15 %data_6_val" [firmware/nnet_utils/nnet_mult.h:80->firmware/nnet_utils/nnet_batchnorm.h:54]   --->   Operation 9 'read' 'data_6_val_read' <Predicate = true> <Delay = 0.00>
ST_1 : Operation 10 [1/1] (0.00ns)   --->   "%data_5_val_read = read i15 @_ssdm_op_Read.ap_auto.i15, i15 %data_5_val" [firmware/nnet_utils/nnet_mult.h:80->firmware/nnet_utils/nnet_batchnorm.h:54]   --->   Operation 10 'read' 'data_5_val_read' <Predicate = true> <Delay = 0.00>
ST_1 : Operation 11 [1/1] (0.00ns)   --->   "%data_4_val_read = read i15 @_ssdm_op_Read.ap_auto.i15, i15 %data_4_val" [firmware/nnet_utils/nnet_mult.h:80->firmware/nnet_utils/nnet_batchnorm.h:54]   --->   Operation 11 'read' 'data_4_val_read' <Predicate = true> <Delay = 0.00>
ST_1 : Operation 12 [1/1] (0.00ns)   --->   "%data_3_val_read = read i15 @_ssdm_op_Read.ap_auto.i15, i15 %data_3_val" [firmware/nnet_utils/nnet_mult.h:80->firmware/nnet_utils/nnet_batchnorm.h:54]   --->   Operation 12 'read' 'data_3_val_read' <Predicate = true> <Delay = 0.00>
ST_1 : Operation 13 [1/1] (0.00ns)   --->   "%data_2_val_read = read i15 @_ssdm_op_Read.ap_auto.i15, i15 %data_2_val" [firmware/nnet_utils/nnet_mult.h:80->firmware/nnet_utils/nnet_batchnorm.h:54]   --->   Operation 13 'read' 'data_2_val_read' <Predicate = true> <Delay = 0.00>
ST_1 : Operation 14 [1/1] (0.00ns)   --->   "%data_1_val_read = read i15 @_ssdm_op_Read.ap_auto.i15, i15 %data_1_val" [firmware/nnet_utils/nnet_mult.h:80->firmware/nnet_utils/nnet_batchnorm.h:54]   --->   Operation 14 'read' 'data_1_val_read' <Predicate = true> <Delay = 0.00>
ST_1 : Operation 15 [1/1] (0.00ns)   --->   "%data_0_val_read = read i15 @_ssdm_op_Read.ap_auto.i15, i15 %data_0_val" [firmware/nnet_utils/nnet_mult.h:80->firmware/nnet_utils/nnet_batchnorm.h:54]   --->   Operation 15 'read' 'data_0_val_read' <Predicate = true> <Delay = 0.00>
ST_1 : Operation 16 [1/1] (0.00ns)   --->   "%y = bitconcatenate i23 @_ssdm_op_BitConcatenate.i23.i15.i8, i15 %data_0_val_read, i8 0" [firmware/nnet_utils/nnet_mult.h:85->firmware/nnet_utils/nnet_batchnorm.h:54]   --->   Operation 16 'bitconcatenate' 'y' <Predicate = true> <Delay = 0.00>
ST_1 : Operation 17 [1/1] (0.82ns)   --->   "%add_ln54 = add i23 %y, i23 3584" [firmware/nnet_utils/nnet_batchnorm.h:54]   --->   Operation 17 'add' 'add_ln54' <Predicate = true> <Delay = 0.82> <CoreInst = "Adder">   --->   Core 1 'Adder' <Latency = 0> <II = 1> <Delay = 0.82> <FuncUnit> <Opcode : 'add' 'sub'> <InPorts = 2> <OutPorts = 1>
ST_1 : Operation 18 [1/1] (0.00ns)   --->   "%trunc_ln = partselect i15 @_ssdm_op_PartSelect.i15.i23.i32.i32, i23 %add_ln54, i32 8, i32 22" [firmware/nnet_utils/nnet_batchnorm.h:54]   --->   Operation 18 'partselect' 'trunc_ln' <Predicate = true> <Delay = 0.00>
ST_1 : Operation 19 [1/1] (0.00ns)   --->   "%y_3 = bitconcatenate i23 @_ssdm_op_BitConcatenate.i23.i15.i8, i15 %data_1_val_read, i8 0" [firmware/nnet_utils/nnet_mult.h:85->firmware/nnet_utils/nnet_batchnorm.h:54]   --->   Operation 19 'bitconcatenate' 'y_3' <Predicate = true> <Delay = 0.00>
ST_1 : Operation 20 [1/1] (0.82ns)   --->   "%add_ln54_37 = add i23 %y_3, i23 8192" [firmware/nnet_utils/nnet_batchnorm.h:54]   --->   Operation 20 'add' 'add_ln54_37' <Predicate = true> <Delay = 0.82> <CoreInst = "Adder">   --->   Core 1 'Adder' <Latency = 0> <II = 1> <Delay = 0.82> <FuncUnit> <Opcode : 'add' 'sub'> <InPorts = 2> <OutPorts = 1>
ST_1 : Operation 21 [1/1] (0.00ns)   --->   "%trunc_ln54_s = partselect i15 @_ssdm_op_PartSelect.i15.i23.i32.i32, i23 %add_ln54_37, i32 8, i32 22" [firmware/nnet_utils/nnet_batchnorm.h:54]   --->   Operation 21 'partselect' 'trunc_ln54_s' <Predicate = true> <Delay = 0.00>
ST_1 : Operation 22 [1/1] (0.00ns)   --->   "%y_4 = bitconcatenate i23 @_ssdm_op_BitConcatenate.i23.i15.i8, i15 %data_2_val_read, i8 0" [firmware/nnet_utils/nnet_mult.h:85->firmware/nnet_utils/nnet_batchnorm.h:54]   --->   Operation 22 'bitconcatenate' 'y_4' <Predicate = true> <Delay = 0.00>
ST_1 : Operation 23 [1/1] (0.82ns)   --->   "%add_ln54_38 = add i23 %y_4, i23 8377856" [firmware/nnet_utils/nnet_batchnorm.h:54]   --->   Operation 23 'add' 'add_ln54_38' <Predicate = true> <Delay = 0.82> <CoreInst = "Adder">   --->   Core 1 'Adder' <Latency = 0> <II = 1> <Delay = 0.82> <FuncUnit> <Opcode : 'add' 'sub'> <InPorts = 2> <OutPorts = 1>
ST_1 : Operation 24 [1/1] (0.00ns)   --->   "%trunc_ln54_34 = partselect i15 @_ssdm_op_PartSelect.i15.i23.i32.i32, i23 %add_ln54_38, i32 8, i32 22" [firmware/nnet_utils/nnet_batchnorm.h:54]   --->   Operation 24 'partselect' 'trunc_ln54_34' <Predicate = true> <Delay = 0.00>
ST_1 : Operation 25 [1/1] (0.00ns)   --->   "%y_5 = bitconcatenate i23 @_ssdm_op_BitConcatenate.i23.i15.i8, i15 %data_3_val_read, i8 0" [firmware/nnet_utils/nnet_mult.h:85->firmware/nnet_utils/nnet_batchnorm.h:54]   --->   Operation 25 'bitconcatenate' 'y_5' <Predicate = true> <Delay = 0.00>
ST_1 : Operation 26 [1/1] (0.82ns)   --->   "%add_ln54_39 = add i23 %y_5, i23 5120" [firmware/nnet_utils/nnet_batchnorm.h:54]   --->   Operation 26 'add' 'add_ln54_39' <Predicate = true> <Delay = 0.82> <CoreInst = "Adder">   --->   Core 1 'Adder' <Latency = 0> <II = 1> <Delay = 0.82> <FuncUnit> <Opcode : 'add' 'sub'> <InPorts = 2> <OutPorts = 1>
ST_1 : Operation 27 [1/1] (0.00ns)   --->   "%trunc_ln54_35 = partselect i15 @_ssdm_op_PartSelect.i15.i23.i32.i32, i23 %add_ln54_39, i32 8, i32 22" [firmware/nnet_utils/nnet_batchnorm.h:54]   --->   Operation 27 'partselect' 'trunc_ln54_35' <Predicate = true> <Delay = 0.00>
ST_1 : Operation 28 [1/1] (0.00ns)   --->   "%y_6 = bitconcatenate i23 @_ssdm_op_BitConcatenate.i23.i15.i8, i15 %data_4_val_read, i8 0" [firmware/nnet_utils/nnet_mult.h:85->firmware/nnet_utils/nnet_batchnorm.h:54]   --->   Operation 28 'bitconcatenate' 'y_6' <Predicate = true> <Delay = 0.00>
ST_1 : Operation 29 [1/1] (0.82ns)   --->   "%add_ln54_40 = add i23 %y_6, i23 31744" [firmware/nnet_utils/nnet_batchnorm.h:54]   --->   Operation 29 'add' 'add_ln54_40' <Predicate = true> <Delay = 0.82> <CoreInst = "Adder">   --->   Core 1 'Adder' <Latency = 0> <II = 1> <Delay = 0.82> <FuncUnit> <Opcode : 'add' 'sub'> <InPorts = 2> <OutPorts = 1>
ST_1 : Operation 30 [1/1] (0.00ns)   --->   "%trunc_ln54_36 = partselect i15 @_ssdm_op_PartSelect.i15.i23.i32.i32, i23 %add_ln54_40, i32 8, i32 22" [firmware/nnet_utils/nnet_batchnorm.h:54]   --->   Operation 30 'partselect' 'trunc_ln54_36' <Predicate = true> <Delay = 0.00>
ST_1 : Operation 31 [1/1] (0.00ns)   --->   "%y_7 = bitconcatenate i23 @_ssdm_op_BitConcatenate.i23.i15.i8, i15 %data_5_val_read, i8 0" [firmware/nnet_utils/nnet_mult.h:85->firmware/nnet_utils/nnet_batchnorm.h:54]   --->   Operation 31 'bitconcatenate' 'y_7' <Predicate = true> <Delay = 0.00>
ST_1 : Operation 32 [1/1] (0.82ns)   --->   "%add_ln54_41 = add i23 %y_7, i23 3072" [firmware/nnet_utils/nnet_batchnorm.h:54]   --->   Operation 32 'add' 'add_ln54_41' <Predicate = true> <Delay = 0.82> <CoreInst = "Adder">   --->   Core 1 'Adder' <Latency = 0> <II = 1> <Delay = 0.82> <FuncUnit> <Opcode : 'add' 'sub'> <InPorts = 2> <OutPorts = 1>
ST_1 : Operation 33 [1/1] (0.00ns)   --->   "%trunc_ln54_37 = partselect i15 @_ssdm_op_PartSelect.i15.i23.i32.i32, i23 %add_ln54_41, i32 8, i32 22" [firmware/nnet_utils/nnet_batchnorm.h:54]   --->   Operation 33 'partselect' 'trunc_ln54_37' <Predicate = true> <Delay = 0.00>
ST_1 : Operation 34 [1/1] (0.00ns)   --->   "%y_8 = bitconcatenate i23 @_ssdm_op_BitConcatenate.i23.i15.i8, i15 %data_6_val_read, i8 0" [firmware/nnet_utils/nnet_mult.h:85->firmware/nnet_utils/nnet_batchnorm.h:54]   --->   Operation 34 'bitconcatenate' 'y_8' <Predicate = true> <Delay = 0.00>
ST_1 : Operation 35 [1/1] (0.82ns)   --->   "%add_ln54_42 = add i23 %y_8, i23 512" [firmware/nnet_utils/nnet_batchnorm.h:54]   --->   Operation 35 'add' 'add_ln54_42' <Predicate = true> <Delay = 0.82> <CoreInst = "Adder">   --->   Core 1 'Adder' <Latency = 0> <II = 1> <Delay = 0.82> <FuncUnit> <Opcode : 'add' 'sub'> <InPorts = 2> <OutPorts = 1>
ST_1 : Operation 36 [1/1] (0.00ns)   --->   "%trunc_ln54_38 = partselect i15 @_ssdm_op_PartSelect.i15.i23.i32.i32, i23 %add_ln54_42, i32 8, i32 22" [firmware/nnet_utils/nnet_batchnorm.h:54]   --->   Operation 36 'partselect' 'trunc_ln54_38' <Predicate = true> <Delay = 0.00>
ST_1 : Operation 37 [1/1] (0.00ns)   --->   "%y_9 = bitconcatenate i23 @_ssdm_op_BitConcatenate.i23.i15.i8, i15 %data_7_val_read, i8 0" [firmware/nnet_utils/nnet_mult.h:85->firmware/nnet_utils/nnet_batchnorm.h:54]   --->   Operation 37 'bitconcatenate' 'y_9' <Predicate = true> <Delay = 0.00>
ST_1 : Operation 38 [1/1] (0.82ns)   --->   "%add_ln54_43 = add i23 %y_9, i23 8385536" [firmware/nnet_utils/nnet_batchnorm.h:54]   --->   Operation 38 'add' 'add_ln54_43' <Predicate = true> <Delay = 0.82> <CoreInst = "Adder">   --->   Core 1 'Adder' <Latency = 0> <II = 1> <Delay = 0.82> <FuncUnit> <Opcode : 'add' 'sub'> <InPorts = 2> <OutPorts = 1>
ST_1 : Operation 39 [1/1] (0.00ns)   --->   "%trunc_ln54_39 = partselect i15 @_ssdm_op_PartSelect.i15.i23.i32.i32, i23 %add_ln54_43, i32 8, i32 22" [firmware/nnet_utils/nnet_batchnorm.h:54]   --->   Operation 39 'partselect' 'trunc_ln54_39' <Predicate = true> <Delay = 0.00>
ST_1 : Operation 40 [1/1] (0.00ns)   --->   "%y_12 = bitconcatenate i23 @_ssdm_op_BitConcatenate.i23.i15.i8, i15 %data_8_val_read, i8 0" [firmware/nnet_utils/nnet_mult.h:85->firmware/nnet_utils/nnet_batchnorm.h:54]   --->   Operation 40 'bitconcatenate' 'y_12' <Predicate = true> <Delay = 0.00>
ST_1 : Operation 41 [1/1] (0.82ns)   --->   "%add_ln54_44 = add i23 %y_12, i23 26112" [firmware/nnet_utils/nnet_batchnorm.h:54]   --->   Operation 41 'add' 'add_ln54_44' <Predicate = true> <Delay = 0.82> <CoreInst = "Adder">   --->   Core 1 'Adder' <Latency = 0> <II = 1> <Delay = 0.82> <FuncUnit> <Opcode : 'add' 'sub'> <InPorts = 2> <OutPorts = 1>
ST_1 : Operation 42 [1/1] (0.00ns)   --->   "%trunc_ln54_40 = partselect i15 @_ssdm_op_PartSelect.i15.i23.i32.i32, i23 %add_ln54_44, i32 8, i32 22" [firmware/nnet_utils/nnet_batchnorm.h:54]   --->   Operation 42 'partselect' 'trunc_ln54_40' <Predicate = true> <Delay = 0.00>
ST_1 : Operation 43 [1/1] (0.00ns)   --->   "%y_1 = bitconcatenate i23 @_ssdm_op_BitConcatenate.i23.i15.i8, i15 %data_9_val_read, i8 0" [firmware/nnet_utils/nnet_mult.h:85->firmware/nnet_utils/nnet_batchnorm.h:54]   --->   Operation 43 'bitconcatenate' 'y_1' <Predicate = true> <Delay = 0.00>
ST_1 : Operation 44 [1/1] (0.82ns)   --->   "%add_ln54_45 = add i23 %y_1, i23 4608" [firmware/nnet_utils/nnet_batchnorm.h:54]   --->   Operation 44 'add' 'add_ln54_45' <Predicate = true> <Delay = 0.82> <CoreInst = "Adder">   --->   Core 1 'Adder' <Latency = 0> <II = 1> <Delay = 0.82> <FuncUnit> <Opcode : 'add' 'sub'> <InPorts = 2> <OutPorts = 1>
ST_1 : Operation 45 [1/1] (0.00ns)   --->   "%trunc_ln54_41 = partselect i15 @_ssdm_op_PartSelect.i15.i23.i32.i32, i23 %add_ln54_45, i32 8, i32 22" [firmware/nnet_utils/nnet_batchnorm.h:54]   --->   Operation 45 'partselect' 'trunc_ln54_41' <Predicate = true> <Delay = 0.00>
ST_1 : Operation 46 [1/1] (0.00ns)   --->   "%y_2 = bitconcatenate i23 @_ssdm_op_BitConcatenate.i23.i15.i8, i15 %data_10_val_read, i8 0" [firmware/nnet_utils/nnet_mult.h:85->firmware/nnet_utils/nnet_batchnorm.h:54]   --->   Operation 46 'bitconcatenate' 'y_2' <Predicate = true> <Delay = 0.00>
ST_1 : Operation 47 [1/1] (0.82ns)   --->   "%add_ln54_46 = add i23 %y_2, i23 10752" [firmware/nnet_utils/nnet_batchnorm.h:54]   --->   Operation 47 'add' 'add_ln54_46' <Predicate = true> <Delay = 0.82> <CoreInst = "Adder">   --->   Core 1 'Adder' <Latency = 0> <II = 1> <Delay = 0.82> <FuncUnit> <Opcode : 'add' 'sub'> <InPorts = 2> <OutPorts = 1>
ST_1 : Operation 48 [1/1] (0.00ns)   --->   "%trunc_ln54_42 = partselect i15 @_ssdm_op_PartSelect.i15.i23.i32.i32, i23 %add_ln54_46, i32 8, i32 22" [firmware/nnet_utils/nnet_batchnorm.h:54]   --->   Operation 48 'partselect' 'trunc_ln54_42' <Predicate = true> <Delay = 0.00>
ST_1 : Operation 49 [1/1] (0.00ns)   --->   "%y_10 = bitconcatenate i23 @_ssdm_op_BitConcatenate.i23.i15.i8, i15 %data_11_val_read, i8 0" [firmware/nnet_utils/nnet_mult.h:85->firmware/nnet_utils/nnet_batchnorm.h:54]   --->   Operation 49 'bitconcatenate' 'y_10' <Predicate = true> <Delay = 0.00>
ST_1 : Operation 50 [1/1] (0.82ns)   --->   "%add_ln54_47 = add i23 %y_10, i23 32256" [firmware/nnet_utils/nnet_batchnorm.h:54]   --->   Operation 50 'add' 'add_ln54_47' <Predicate = true> <Delay = 0.82> <CoreInst = "Adder">   --->   Core 1 'Adder' <Latency = 0> <II = 1> <Delay = 0.82> <FuncUnit> <Opcode : 'add' 'sub'> <InPorts = 2> <OutPorts = 1>
ST_1 : Operation 51 [1/1] (0.00ns)   --->   "%trunc_ln54_43 = partselect i15 @_ssdm_op_PartSelect.i15.i23.i32.i32, i23 %add_ln54_47, i32 8, i32 22" [firmware/nnet_utils/nnet_batchnorm.h:54]   --->   Operation 51 'partselect' 'trunc_ln54_43' <Predicate = true> <Delay = 0.00>
ST_1 : Operation 52 [1/1] (0.00ns)   --->   "%mrv = insertvalue i180 <undef>, i15 %trunc_ln" [firmware/nnet_utils/nnet_batchnorm.h:63]   --->   Operation 52 'insertvalue' 'mrv' <Predicate = true> <Delay = 0.00>
ST_1 : Operation 53 [1/1] (0.00ns)   --->   "%mrv_1 = insertvalue i180 %mrv, i15 %trunc_ln54_s" [firmware/nnet_utils/nnet_batchnorm.h:63]   --->   Operation 53 'insertvalue' 'mrv_1' <Predicate = true> <Delay = 0.00>
ST_1 : Operation 54 [1/1] (0.00ns)   --->   "%mrv_2 = insertvalue i180 %mrv_1, i15 %trunc_ln54_34" [firmware/nnet_utils/nnet_batchnorm.h:63]   --->   Operation 54 'insertvalue' 'mrv_2' <Predicate = true> <Delay = 0.00>
ST_1 : Operation 55 [1/1] (0.00ns)   --->   "%mrv_3 = insertvalue i180 %mrv_2, i15 %trunc_ln54_35" [firmware/nnet_utils/nnet_batchnorm.h:63]   --->   Operation 55 'insertvalue' 'mrv_3' <Predicate = true> <Delay = 0.00>
ST_1 : Operation 56 [1/1] (0.00ns)   --->   "%mrv_4 = insertvalue i180 %mrv_3, i15 %trunc_ln54_36" [firmware/nnet_utils/nnet_batchnorm.h:63]   --->   Operation 56 'insertvalue' 'mrv_4' <Predicate = true> <Delay = 0.00>
ST_1 : Operation 57 [1/1] (0.00ns)   --->   "%mrv_5 = insertvalue i180 %mrv_4, i15 %trunc_ln54_37" [firmware/nnet_utils/nnet_batchnorm.h:63]   --->   Operation 57 'insertvalue' 'mrv_5' <Predicate = true> <Delay = 0.00>
ST_1 : Operation 58 [1/1] (0.00ns)   --->   "%mrv_6 = insertvalue i180 %mrv_5, i15 %trunc_ln54_38" [firmware/nnet_utils/nnet_batchnorm.h:63]   --->   Operation 58 'insertvalue' 'mrv_6' <Predicate = true> <Delay = 0.00>
ST_1 : Operation 59 [1/1] (0.00ns)   --->   "%mrv_7 = insertvalue i180 %mrv_6, i15 %trunc_ln54_39" [firmware/nnet_utils/nnet_batchnorm.h:63]   --->   Operation 59 'insertvalue' 'mrv_7' <Predicate = true> <Delay = 0.00>
ST_1 : Operation 60 [1/1] (0.00ns)   --->   "%mrv_8 = insertvalue i180 %mrv_7, i15 %trunc_ln54_40" [firmware/nnet_utils/nnet_batchnorm.h:63]   --->   Operation 60 'insertvalue' 'mrv_8' <Predicate = true> <Delay = 0.00>
ST_1 : Operation 61 [1/1] (0.00ns)   --->   "%mrv_9 = insertvalue i180 %mrv_8, i15 %trunc_ln54_41" [firmware/nnet_utils/nnet_batchnorm.h:63]   --->   Operation 61 'insertvalue' 'mrv_9' <Predicate = true> <Delay = 0.00>
ST_1 : Operation 62 [1/1] (0.00ns)   --->   "%mrv_10 = insertvalue i180 %mrv_9, i15 %trunc_ln54_42" [firmware/nnet_utils/nnet_batchnorm.h:63]   --->   Operation 62 'insertvalue' 'mrv_10' <Predicate = true> <Delay = 0.00>
ST_1 : Operation 63 [1/1] (0.00ns)   --->   "%mrv_11 = insertvalue i180 %mrv_10, i15 %trunc_ln54_43" [firmware/nnet_utils/nnet_batchnorm.h:63]   --->   Operation 63 'insertvalue' 'mrv_11' <Predicate = true> <Delay = 0.00>
ST_1 : Operation 64 [1/1] (0.00ns)   --->   "%ret_ln63 = ret i180 %mrv_11" [firmware/nnet_utils/nnet_batchnorm.h:63]   --->   Operation 64 'ret' 'ret_ln63' <Predicate = true> <Delay = 0.00>


============================================================
+ Verbose Summary: Binding
============================================================
STG Binding: 
---------------- STG Properties BEGIN ----------------
- Is combinational: 1
- Is one-state seq: 0
- Is datapath-only: 0
- Is pipelined: 1
- Is top level: 0
Port [ Return ] is wired: 1; IO mode=ap_ctrl_hs:ce=0
Port [ data_0_val]:  wired=1; compound=0; hidden=0; nouse=0; global=0; static=0; extern=0; dir=0; type=0; pingpong=0; private_global=0; IO mode=ap_none:ce=0
Port [ data_1_val]:  wired=1; compound=0; hidden=0; nouse=0; global=0; static=0; extern=0; dir=0; type=0; pingpong=0; private_global=0; IO mode=ap_none:ce=0
Port [ data_2_val]:  wired=1; compound=0; hidden=0; nouse=0; global=0; static=0; extern=0; dir=0; type=0; pingpong=0; private_global=0; IO mode=ap_none:ce=0
Port [ data_3_val]:  wired=1; compound=0; hidden=0; nouse=0; global=0; static=0; extern=0; dir=0; type=0; pingpong=0; private_global=0; IO mode=ap_none:ce=0
Port [ data_4_val]:  wired=1; compound=0; hidden=0; nouse=0; global=0; static=0; extern=0; dir=0; type=0; pingpong=0; private_global=0; IO mode=ap_none:ce=0
Port [ data_5_val]:  wired=1; compound=0; hidden=0; nouse=0; global=0; static=0; extern=0; dir=0; type=0; pingpong=0; private_global=0; IO mode=ap_none:ce=0
Port [ data_6_val]:  wired=1; compound=0; hidden=0; nouse=0; global=0; static=0; extern=0; dir=0; type=0; pingpong=0; private_global=0; IO mode=ap_none:ce=0
Port [ data_7_val]:  wired=1; compound=0; hidden=0; nouse=0; global=0; static=0; extern=0; dir=0; type=0; pingpong=0; private_global=0; IO mode=ap_none:ce=0
Port [ data_8_val]:  wired=1; compound=0; hidden=0; nouse=0; global=0; static=0; extern=0; dir=0; type=0; pingpong=0; private_global=0; IO mode=ap_none:ce=0
Port [ data_9_val]:  wired=1; compound=0; hidden=0; nouse=0; global=0; static=0; extern=0; dir=0; type=0; pingpong=0; private_global=0; IO mode=ap_none:ce=0
Port [ data_10_val]:  wired=1; compound=0; hidden=0; nouse=0; global=0; static=0; extern=0; dir=0; type=0; pingpong=0; private_global=0; IO mode=ap_none:ce=0
Port [ data_11_val]:  wired=1; compound=0; hidden=0; nouse=0; global=0; static=0; extern=0; dir=0; type=0; pingpong=0; private_global=0; IO mode=ap_none:ce=0
---------------- STG Properties END ------------------

---------------- Datapath Model BEGIN ----------------

<LifeTime>
<method=bitvector/>
specpipeline_ln48      (specpipeline     ) [ 00]
specresourcelimit_ln48 (specresourcelimit) [ 00]
data_11_val_read       (read             ) [ 00]
data_10_val_read       (read             ) [ 00]
data_9_val_read        (read             ) [ 00]
data_8_val_read        (read             ) [ 00]
data_7_val_read        (read             ) [ 00]
data_6_val_read        (read             ) [ 00]
data_5_val_read        (read             ) [ 00]
data_4_val_read        (read             ) [ 00]
data_3_val_read        (read             ) [ 00]
data_2_val_read        (read             ) [ 00]
data_1_val_read        (read             ) [ 00]
data_0_val_read        (read             ) [ 00]
y                      (bitconcatenate   ) [ 00]
add_ln54               (add              ) [ 00]
trunc_ln               (partselect       ) [ 00]
y_3                    (bitconcatenate   ) [ 00]
add_ln54_37            (add              ) [ 00]
trunc_ln54_s           (partselect       ) [ 00]
y_4                    (bitconcatenate   ) [ 00]
add_ln54_38            (add              ) [ 00]
trunc_ln54_34          (partselect       ) [ 00]
y_5                    (bitconcatenate   ) [ 00]
add_ln54_39            (add              ) [ 00]
trunc_ln54_35          (partselect       ) [ 00]
y_6                    (bitconcatenate   ) [ 00]
add_ln54_40            (add              ) [ 00]
trunc_ln54_36          (partselect       ) [ 00]
y_7                    (bitconcatenate   ) [ 00]
add_ln54_41            (add              ) [ 00]
trunc_ln54_37          (partselect       ) [ 00]
y_8                    (bitconcatenate   ) [ 00]
add_ln54_42            (add              ) [ 00]
trunc_ln54_38          (partselect       ) [ 00]
y_9                    (bitconcatenate   ) [ 00]
add_ln54_43            (add              ) [ 00]
trunc_ln54_39          (partselect       ) [ 00]
y_12                   (bitconcatenate   ) [ 00]
add_ln54_44            (add              ) [ 00]
trunc_ln54_40          (partselect       ) [ 00]
y_1                    (bitconcatenate   ) [ 00]
add_ln54_45            (add              ) [ 00]
trunc_ln54_41          (partselect       ) [ 00]
y_2                    (bitconcatenate   ) [ 00]
add_ln54_46            (add              ) [ 00]
trunc_ln54_42          (partselect       ) [ 00]
y_10                   (bitconcatenate   ) [ 00]
add_ln54_47            (add              ) [ 00]
trunc_ln54_43          (partselect       ) [ 00]
mrv                    (insertvalue      ) [ 00]
mrv_1                  (insertvalue      ) [ 00]
mrv_2                  (insertvalue      ) [ 00]
mrv_3                  (insertvalue      ) [ 00]
mrv_4                  (insertvalue      ) [ 00]
mrv_5                  (insertvalue      ) [ 00]
mrv_6                  (insertvalue      ) [ 00]
mrv_7                  (insertvalue      ) [ 00]
mrv_8                  (insertvalue      ) [ 00]
mrv_9                  (insertvalue      ) [ 00]
mrv_10                 (insertvalue      ) [ 00]
mrv_11                 (insertvalue      ) [ 00]
ret_ln63               (ret              ) [ 00]
</LifeTime>

<model>

<comp_list>
<comp id="0" class="1000" name="data_0_val">
<pin_list>
<pin id="1" dir="1" index="0" bw="1" slack="0"/>
</pin_list>
<bind>
<StgValue><ssdm name="data_0_val"/></StgValue>
</bind>
</comp>

<comp id="2" class="1000" name="data_1_val">
<pin_list>
<pin id="3" dir="1" index="0" bw="1" slack="0"/>
</pin_list>
<bind>
<StgValue><ssdm name="data_1_val"/></StgValue>
</bind>
</comp>

<comp id="4" class="1000" name="data_2_val">
<pin_list>
<pin id="5" dir="1" index="0" bw="1" slack="0"/>
</pin_list>
<bind>
<StgValue><ssdm name="data_2_val"/></StgValue>
</bind>
</comp>

<comp id="6" class="1000" name="data_3_val">
<pin_list>
<pin id="7" dir="1" index="0" bw="1" slack="0"/>
</pin_list>
<bind>
<StgValue><ssdm name="data_3_val"/></StgValue>
</bind>
</comp>

<comp id="8" class="1000" name="data_4_val">
<pin_list>
<pin id="9" dir="1" index="0" bw="1" slack="0"/>
</pin_list>
<bind>
<StgValue><ssdm name="data_4_val"/></StgValue>
</bind>
</comp>

<comp id="10" class="1000" name="data_5_val">
<pin_list>
<pin id="11" dir="1" index="0" bw="1" slack="0"/>
</pin_list>
<bind>
<StgValue><ssdm name="data_5_val"/></StgValue>
</bind>
</comp>

<comp id="12" class="1000" name="data_6_val">
<pin_list>
<pin id="13" dir="1" index="0" bw="1" slack="0"/>
</pin_list>
<bind>
<StgValue><ssdm name="data_6_val"/></StgValue>
</bind>
</comp>

<comp id="14" class="1000" name="data_7_val">
<pin_list>
<pin id="15" dir="1" index="0" bw="1" slack="0"/>
</pin_list>
<bind>
<StgValue><ssdm name="data_7_val"/></StgValue>
</bind>
</comp>

<comp id="16" class="1000" name="data_8_val">
<pin_list>
<pin id="17" dir="1" index="0" bw="1" slack="0"/>
</pin_list>
<bind>
<StgValue><ssdm name="data_8_val"/></StgValue>
</bind>
</comp>

<comp id="18" class="1000" name="data_9_val">
<pin_list>
<pin id="19" dir="1" index="0" bw="1" slack="0"/>
</pin_list>
<bind>
<StgValue><ssdm name="data_9_val"/></StgValue>
</bind>
</comp>

<comp id="20" class="1000" name="data_10_val">
<pin_list>
<pin id="21" dir="1" index="0" bw="1" slack="0"/>
</pin_list>
<bind>
<StgValue><ssdm name="data_10_val"/></StgValue>
</bind>
</comp>

<comp id="22" class="1000" name="data_11_val">
<pin_list>
<pin id="23" dir="1" index="0" bw="1" slack="0"/>
</pin_list>
<bind>
<StgValue><ssdm name="data_11_val"/></StgValue>
</bind>
</comp>

<comp id="24" class="1001" name="const_24">
<pin_list>
<pin id="25" dir="1" index="0" bw="1" slack="2147483647"/>
</pin_list>
<bind>
<StgValue><ssdm name="_ssdm_op_SpecPipeline"/></StgValue>
</bind>
</comp>

<comp id="26" class="1001" name="const_26">
<pin_list>
<pin id="27" dir="1" index="0" bw="1" slack="2147483647"/>
</pin_list>
<bind>
<StgValue><ssdm name=""/></StgValue>
</bind>
</comp>

<comp id="28" class="1001" name="const_28">
<pin_list>
<pin id="29" dir="1" index="0" bw="1" slack="2147483647"/>
</pin_list>
<bind>
<StgValue><ssdm name=""/></StgValue>
</bind>
</comp>

<comp id="30" class="1001" name="const_30">
<pin_list>
<pin id="31" dir="1" index="0" bw="1" slack="2147483647"/>
</pin_list>
<bind>
<StgValue><ssdm name="empty_0"/></StgValue>
</bind>
</comp>

<comp id="32" class="1001" name="const_32">
<pin_list>
<pin id="33" dir="1" index="0" bw="1" slack="2147483647"/>
</pin_list>
<bind>
<StgValue><ssdm name="_ssdm_op_SpecResourceLimit"/></StgValue>
</bind>
</comp>

<comp id="34" class="1001" name="const_34">
<pin_list>
<pin id="35" dir="1" index="0" bw="1" slack="2147483647"/>
</pin_list>
<bind>
<StgValue><ssdm name=""/></StgValue>
</bind>
</comp>

<comp id="36" class="1001" name="const_36">
<pin_list>
<pin id="37" dir="1" index="0" bw="1" slack="2147483647"/>
</pin_list>
<bind>
<StgValue><ssdm name="empty_1"/></StgValue>
</bind>
</comp>

<comp id="38" class="1001" name="const_38">
<pin_list>
<pin id="39" dir="1" index="0" bw="1" slack="0"/>
</pin_list>
<bind>
<StgValue><ssdm name="_ssdm_op_Read.ap_auto.i15"/></StgValue>
</bind>
</comp>

<comp id="40" class="1001" name="const_40">
<pin_list>
<pin id="41" dir="1" index="0" bw="1" slack="0"/>
</pin_list>
<bind>
<StgValue><ssdm name="_ssdm_op_BitConcatenate.i23.i15.i8"/></StgValue>
</bind>
</comp>

<comp id="42" class="1001" name="const_42">
<pin_list>
<pin id="43" dir="1" index="0" bw="1" slack="0"/>
</pin_list>
<bind>
<StgValue><ssdm name=""/></StgValue>
</bind>
</comp>

<comp id="44" class="1001" name="const_44">
<pin_list>
<pin id="45" dir="1" index="0" bw="1" slack="0"/>
</pin_list>
<bind>
<StgValue><ssdm name=""/></StgValue>
</bind>
</comp>

<comp id="46" class="1001" name="const_46">
<pin_list>
<pin id="47" dir="1" index="0" bw="1" slack="0"/>
</pin_list>
<bind>
<StgValue><ssdm name="_ssdm_op_PartSelect.i15.i23.i32.i32"/></StgValue>
</bind>
</comp>

<comp id="48" class="1001" name="const_48">
<pin_list>
<pin id="49" dir="1" index="0" bw="1" slack="0"/>
</pin_list>
<bind>
<StgValue><ssdm name=""/></StgValue>
</bind>
</comp>

<comp id="50" class="1001" name="const_50">
<pin_list>
<pin id="51" dir="1" index="0" bw="1" slack="0"/>
</pin_list>
<bind>
<StgValue><ssdm name=""/></StgValue>
</bind>
</comp>

<comp id="52" class="1001" name="const_52">
<pin_list>
<pin id="53" dir="1" index="0" bw="1" slack="0"/>
</pin_list>
<bind>
<StgValue><ssdm name=""/></StgValue>
</bind>
</comp>

<comp id="54" class="1001" name="const_54">
<pin_list>
<pin id="55" dir="1" index="0" bw="1" slack="0"/>
</pin_list>
<bind>
<StgValue><ssdm name=""/></StgValue>
</bind>
</comp>

<comp id="56" class="1001" name="const_56">
<pin_list>
<pin id="57" dir="1" index="0" bw="1" slack="0"/>
</pin_list>
<bind>
<StgValue><ssdm name=""/></StgValue>
</bind>
</comp>

<comp id="58" class="1001" name="const_58">
<pin_list>
<pin id="59" dir="1" index="0" bw="1" slack="0"/>
</pin_list>
<bind>
<StgValue><ssdm name=""/></StgValue>
</bind>
</comp>

<comp id="60" class="1001" name="const_60">
<pin_list>
<pin id="61" dir="1" index="0" bw="1" slack="0"/>
</pin_list>
<bind>
<StgValue><ssdm name=""/></StgValue>
</bind>
</comp>

<comp id="62" class="1001" name="const_62">
<pin_list>
<pin id="63" dir="1" index="0" bw="1" slack="0"/>
</pin_list>
<bind>
<StgValue><ssdm name=""/></StgValue>
</bind>
</comp>

<comp id="64" class="1001" name="const_64">
<pin_list>
<pin id="65" dir="1" index="0" bw="1" slack="0"/>
</pin_list>
<bind>
<StgValue><ssdm name=""/></StgValue>
</bind>
</comp>

<comp id="66" class="1001" name="const_66">
<pin_list>
<pin id="67" dir="1" index="0" bw="1" slack="0"/>
</pin_list>
<bind>
<StgValue><ssdm name=""/></StgValue>
</bind>
</comp>

<comp id="68" class="1001" name="const_68">
<pin_list>
<pin id="69" dir="1" index="0" bw="1" slack="0"/>
</pin_list>
<bind>
<StgValue><ssdm name=""/></StgValue>
</bind>
</comp>

<comp id="70" class="1001" name="const_70">
<pin_list>
<pin id="71" dir="1" index="0" bw="1" slack="0"/>
</pin_list>
<bind>
<StgValue><ssdm name=""/></StgValue>
</bind>
</comp>

<comp id="72" class="1001" name="const_72">
<pin_list>
<pin id="73" dir="1" index="0" bw="1" slack="0"/>
</pin_list>
<bind>
<StgValue><ssdm name=""/></StgValue>
</bind>
</comp>

<comp id="74" class="1001" name="const_74">
<pin_list>
<pin id="75" dir="1" index="0" bw="1" slack="0"/>
</pin_list>
<bind>
<StgValue><ssdm name=""/></StgValue>
</bind>
</comp>

<comp id="76" class="1004" name="data_11_val_read_read_fu_76">
<pin_list>
<pin id="77" dir="0" index="0" bw="15" slack="0"/>
<pin id="78" dir="0" index="1" bw="15" slack="0"/>
<pin id="79" dir="1" index="2" bw="15" slack="0"/>
</pin_list>
<bind>
<opcode="read(1150) " fcode="read"/>
<opset="data_11_val_read/1 "/>
</bind>
</comp>

<comp id="82" class="1004" name="data_10_val_read_read_fu_82">
<pin_list>
<pin id="83" dir="0" index="0" bw="15" slack="0"/>
<pin id="84" dir="0" index="1" bw="15" slack="0"/>
<pin id="85" dir="1" index="2" bw="15" slack="0"/>
</pin_list>
<bind>
<opcode="read(1150) " fcode="read"/>
<opset="data_10_val_read/1 "/>
</bind>
</comp>

<comp id="88" class="1004" name="data_9_val_read_read_fu_88">
<pin_list>
<pin id="89" dir="0" index="0" bw="15" slack="0"/>
<pin id="90" dir="0" index="1" bw="15" slack="0"/>
<pin id="91" dir="1" index="2" bw="15" slack="0"/>
</pin_list>
<bind>
<opcode="read(1150) " fcode="read"/>
<opset="data_9_val_read/1 "/>
</bind>
</comp>

<comp id="94" class="1004" name="data_8_val_read_read_fu_94">
<pin_list>
<pin id="95" dir="0" index="0" bw="15" slack="0"/>
<pin id="96" dir="0" index="1" bw="15" slack="0"/>
<pin id="97" dir="1" index="2" bw="15" slack="0"/>
</pin_list>
<bind>
<opcode="read(1150) " fcode="read"/>
<opset="data_8_val_read/1 "/>
</bind>
</comp>

<comp id="100" class="1004" name="data_7_val_read_read_fu_100">
<pin_list>
<pin id="101" dir="0" index="0" bw="15" slack="0"/>
<pin id="102" dir="0" index="1" bw="15" slack="0"/>
<pin id="103" dir="1" index="2" bw="15" slack="0"/>
</pin_list>
<bind>
<opcode="read(1150) " fcode="read"/>
<opset="data_7_val_read/1 "/>
</bind>
</comp>

<comp id="106" class="1004" name="data_6_val_read_read_fu_106">
<pin_list>
<pin id="107" dir="0" index="0" bw="15" slack="0"/>
<pin id="108" dir="0" index="1" bw="15" slack="0"/>
<pin id="109" dir="1" index="2" bw="15" slack="0"/>
</pin_list>
<bind>
<opcode="read(1150) " fcode="read"/>
<opset="data_6_val_read/1 "/>
</bind>
</comp>

<comp id="112" class="1004" name="data_5_val_read_read_fu_112">
<pin_list>
<pin id="113" dir="0" index="0" bw="15" slack="0"/>
<pin id="114" dir="0" index="1" bw="15" slack="0"/>
<pin id="115" dir="1" index="2" bw="15" slack="0"/>
</pin_list>
<bind>
<opcode="read(1150) " fcode="read"/>
<opset="data_5_val_read/1 "/>
</bind>
</comp>

<comp id="118" class="1004" name="data_4_val_read_read_fu_118">
<pin_list>
<pin id="119" dir="0" index="0" bw="15" slack="0"/>
<pin id="120" dir="0" index="1" bw="15" slack="0"/>
<pin id="121" dir="1" index="2" bw="15" slack="0"/>
</pin_list>
<bind>
<opcode="read(1150) " fcode="read"/>
<opset="data_4_val_read/1 "/>
</bind>
</comp>

<comp id="124" class="1004" name="data_3_val_read_read_fu_124">
<pin_list>
<pin id="125" dir="0" index="0" bw="15" slack="0"/>
<pin id="126" dir="0" index="1" bw="15" slack="0"/>
<pin id="127" dir="1" index="2" bw="15" slack="0"/>
</pin_list>
<bind>
<opcode="read(1150) " fcode="read"/>
<opset="data_3_val_read/1 "/>
</bind>
</comp>

<comp id="130" class="1004" name="data_2_val_read_read_fu_130">
<pin_list>
<pin id="131" dir="0" index="0" bw="15" slack="0"/>
<pin id="132" dir="0" index="1" bw="15" slack="0"/>
<pin id="133" dir="1" index="2" bw="15" slack="0"/>
</pin_list>
<bind>
<opcode="read(1150) " fcode="read"/>
<opset="data_2_val_read/1 "/>
</bind>
</comp>

<comp id="136" class="1004" name="data_1_val_read_read_fu_136">
<pin_list>
<pin id="137" dir="0" index="0" bw="15" slack="0"/>
<pin id="138" dir="0" index="1" bw="15" slack="0"/>
<pin id="139" dir="1" index="2" bw="15" slack="0"/>
</pin_list>
<bind>
<opcode="read(1150) " fcode="read"/>
<opset="data_1_val_read/1 "/>
</bind>
</comp>

<comp id="142" class="1004" name="data_0_val_read_read_fu_142">
<pin_list>
<pin id="143" dir="0" index="0" bw="15" slack="0"/>
<pin id="144" dir="0" index="1" bw="15" slack="0"/>
<pin id="145" dir="1" index="2" bw="15" slack="0"/>
</pin_list>
<bind>
<opcode="read(1150) " fcode="read"/>
<opset="data_0_val_read/1 "/>
</bind>
</comp>

<comp id="148" class="1004" name="y_fu_148">
<pin_list>
<pin id="149" dir="0" index="0" bw="23" slack="0"/>
<pin id="150" dir="0" index="1" bw="15" slack="0"/>
<pin id="151" dir="0" index="2" bw="1" slack="0"/>
<pin id="152" dir="1" index="3" bw="23" slack="0"/>
</pin_list>
<bind>
<opcode="bitconcatenate(1004) " fcode="bitconcatenate"/>
<opset="y/1 "/>
</bind>
</comp>

<comp id="156" class="1004" name="add_ln54_fu_156">
<pin_list>
<pin id="157" dir="0" index="0" bw="23" slack="0"/>
<pin id="158" dir="0" index="1" bw="13" slack="0"/>
<pin id="159" dir="1" index="2" bw="23" slack="0"/>
</pin_list>
<bind>
<opcode="add(8) " fcode="add"/>
<opset="add_ln54/1 "/>
</bind>
</comp>

<comp id="162" class="1004" name="trunc_ln_fu_162">
<pin_list>
<pin id="163" dir="0" index="0" bw="15" slack="0"/>
<pin id="164" dir="0" index="1" bw="23" slack="0"/>
<pin id="165" dir="0" index="2" bw="5" slack="0"/>
<pin id="166" dir="0" index="3" bw="6" slack="0"/>
<pin id="167" dir="1" index="4" bw="15" slack="0"/>
</pin_list>
<bind>
<opcode="partselect(1002) " fcode="partselect"/>
<opset="trunc_ln/1 "/>
</bind>
</comp>

<comp id="172" class="1004" name="y_3_fu_172">
<pin_list>
<pin id="173" dir="0" index="0" bw="23" slack="0"/>
<pin id="174" dir="0" index="1" bw="15" slack="0"/>
<pin id="175" dir="0" index="2" bw="1" slack="0"/>
<pin id="176" dir="1" index="3" bw="23" slack="0"/>
</pin_list>
<bind>
<opcode="bitconcatenate(1004) " fcode="bitconcatenate"/>
<opset="y_3/1 "/>
</bind>
</comp>

<comp id="180" class="1004" name="add_ln54_37_fu_180">
<pin_list>
<pin id="181" dir="0" index="0" bw="23" slack="0"/>
<pin id="182" dir="0" index="1" bw="15" slack="0"/>
<pin id="183" dir="1" index="2" bw="23" slack="0"/>
</pin_list>
<bind>
<opcode="add(8) " fcode="add"/>
<opset="add_ln54_37/1 "/>
</bind>
</comp>

<comp id="186" class="1004" name="trunc_ln54_s_fu_186">
<pin_list>
<pin id="187" dir="0" index="0" bw="15" slack="0"/>
<pin id="188" dir="0" index="1" bw="23" slack="0"/>
<pin id="189" dir="0" index="2" bw="5" slack="0"/>
<pin id="190" dir="0" index="3" bw="6" slack="0"/>
<pin id="191" dir="1" index="4" bw="15" slack="0"/>
</pin_list>
<bind>
<opcode="partselect(1002) " fcode="partselect"/>
<opset="trunc_ln54_s/1 "/>
</bind>
</comp>

<comp id="196" class="1004" name="y_4_fu_196">
<pin_list>
<pin id="197" dir="0" index="0" bw="23" slack="0"/>
<pin id="198" dir="0" index="1" bw="15" slack="0"/>
<pin id="199" dir="0" index="2" bw="1" slack="0"/>
<pin id="200" dir="1" index="3" bw="23" slack="0"/>
</pin_list>
<bind>
<opcode="bitconcatenate(1004) " fcode="bitconcatenate"/>
<opset="y_4/1 "/>
</bind>
</comp>

<comp id="204" class="1004" name="add_ln54_38_fu_204">
<pin_list>
<pin id="205" dir="0" index="0" bw="23" slack="0"/>
<pin id="206" dir="0" index="1" bw="15" slack="0"/>
<pin id="207" dir="1" index="2" bw="23" slack="0"/>
</pin_list>
<bind>
<opcode="add(8) " fcode="add"/>
<opset="add_ln54_38/1 "/>
</bind>
</comp>

<comp id="210" class="1004" name="trunc_ln54_34_fu_210">
<pin_list>
<pin id="211" dir="0" index="0" bw="15" slack="0"/>
<pin id="212" dir="0" index="1" bw="23" slack="0"/>
<pin id="213" dir="0" index="2" bw="5" slack="0"/>
<pin id="214" dir="0" index="3" bw="6" slack="0"/>
<pin id="215" dir="1" index="4" bw="15" slack="0"/>
</pin_list>
<bind>
<opcode="partselect(1002) " fcode="partselect"/>
<opset="trunc_ln54_34/1 "/>
</bind>
</comp>

<comp id="220" class="1004" name="y_5_fu_220">
<pin_list>
<pin id="221" dir="0" index="0" bw="23" slack="0"/>
<pin id="222" dir="0" index="1" bw="15" slack="0"/>
<pin id="223" dir="0" index="2" bw="1" slack="0"/>
<pin id="224" dir="1" index="3" bw="23" slack="0"/>
</pin_list>
<bind>
<opcode="bitconcatenate(1004) " fcode="bitconcatenate"/>
<opset="y_5/1 "/>
</bind>
</comp>

<comp id="228" class="1004" name="add_ln54_39_fu_228">
<pin_list>
<pin id="229" dir="0" index="0" bw="23" slack="0"/>
<pin id="230" dir="0" index="1" bw="14" slack="0"/>
<pin id="231" dir="1" index="2" bw="23" slack="0"/>
</pin_list>
<bind>
<opcode="add(8) " fcode="add"/>
<opset="add_ln54_39/1 "/>
</bind>
</comp>

<comp id="234" class="1004" name="trunc_ln54_35_fu_234">
<pin_list>
<pin id="235" dir="0" index="0" bw="15" slack="0"/>
<pin id="236" dir="0" index="1" bw="23" slack="0"/>
<pin id="237" dir="0" index="2" bw="5" slack="0"/>
<pin id="238" dir="0" index="3" bw="6" slack="0"/>
<pin id="239" dir="1" index="4" bw="15" slack="0"/>
</pin_list>
<bind>
<opcode="partselect(1002) " fcode="partselect"/>
<opset="trunc_ln54_35/1 "/>
</bind>
</comp>

<comp id="244" class="1004" name="y_6_fu_244">
<pin_list>
<pin id="245" dir="0" index="0" bw="23" slack="0"/>
<pin id="246" dir="0" index="1" bw="15" slack="0"/>
<pin id="247" dir="0" index="2" bw="1" slack="0"/>
<pin id="248" dir="1" index="3" bw="23" slack="0"/>
</pin_list>
<bind>
<opcode="bitconcatenate(1004) " fcode="bitconcatenate"/>
<opset="y_6/1 "/>
</bind>
</comp>

<comp id="252" class="1004" name="add_ln54_40_fu_252">
<pin_list>
<pin id="253" dir="0" index="0" bw="23" slack="0"/>
<pin id="254" dir="0" index="1" bw="16" slack="0"/>
<pin id="255" dir="1" index="2" bw="23" slack="0"/>
</pin_list>
<bind>
<opcode="add(8) " fcode="add"/>
<opset="add_ln54_40/1 "/>
</bind>
</comp>

<comp id="258" class="1004" name="trunc_ln54_36_fu_258">
<pin_list>
<pin id="259" dir="0" index="0" bw="15" slack="0"/>
<pin id="260" dir="0" index="1" bw="23" slack="0"/>
<pin id="261" dir="0" index="2" bw="5" slack="0"/>
<pin id="262" dir="0" index="3" bw="6" slack="0"/>
<pin id="263" dir="1" index="4" bw="15" slack="0"/>
</pin_list>
<bind>
<opcode="partselect(1002) " fcode="partselect"/>
<opset="trunc_ln54_36/1 "/>
</bind>
</comp>

<comp id="268" class="1004" name="y_7_fu_268">
<pin_list>
<pin id="269" dir="0" index="0" bw="23" slack="0"/>
<pin id="270" dir="0" index="1" bw="15" slack="0"/>
<pin id="271" dir="0" index="2" bw="1" slack="0"/>
<pin id="272" dir="1" index="3" bw="23" slack="0"/>
</pin_list>
<bind>
<opcode="bitconcatenate(1004) " fcode="bitconcatenate"/>
<opset="y_7/1 "/>
</bind>
</comp>

<comp id="276" class="1004" name="add_ln54_41_fu_276">
<pin_list>
<pin id="277" dir="0" index="0" bw="23" slack="0"/>
<pin id="278" dir="0" index="1" bw="13" slack="0"/>
<pin id="279" dir="1" index="2" bw="23" slack="0"/>
</pin_list>
<bind>
<opcode="add(8) " fcode="add"/>
<opset="add_ln54_41/1 "/>
</bind>
</comp>

<comp id="282" class="1004" name="trunc_ln54_37_fu_282">
<pin_list>
<pin id="283" dir="0" index="0" bw="15" slack="0"/>
<pin id="284" dir="0" index="1" bw="23" slack="0"/>
<pin id="285" dir="0" index="2" bw="5" slack="0"/>
<pin id="286" dir="0" index="3" bw="6" slack="0"/>
<pin id="287" dir="1" index="4" bw="15" slack="0"/>
</pin_list>
<bind>
<opcode="partselect(1002) " fcode="partselect"/>
<opset="trunc_ln54_37/1 "/>
</bind>
</comp>

<comp id="292" class="1004" name="y_8_fu_292">
<pin_list>
<pin id="293" dir="0" index="0" bw="23" slack="0"/>
<pin id="294" dir="0" index="1" bw="15" slack="0"/>
<pin id="295" dir="0" index="2" bw="1" slack="0"/>
<pin id="296" dir="1" index="3" bw="23" slack="0"/>
</pin_list>
<bind>
<opcode="bitconcatenate(1004) " fcode="bitconcatenate"/>
<opset="y_8/1 "/>
</bind>
</comp>

<comp id="300" class="1004" name="add_ln54_42_fu_300">
<pin_list>
<pin id="301" dir="0" index="0" bw="23" slack="0"/>
<pin id="302" dir="0" index="1" bw="11" slack="0"/>
<pin id="303" dir="1" index="2" bw="23" slack="0"/>
</pin_list>
<bind>
<opcode="add(8) " fcode="add"/>
<opset="add_ln54_42/1 "/>
</bind>
</comp>

<comp id="306" class="1004" name="trunc_ln54_38_fu_306">
<pin_list>
<pin id="307" dir="0" index="0" bw="15" slack="0"/>
<pin id="308" dir="0" index="1" bw="23" slack="0"/>
<pin id="309" dir="0" index="2" bw="5" slack="0"/>
<pin id="310" dir="0" index="3" bw="6" slack="0"/>
<pin id="311" dir="1" index="4" bw="15" slack="0"/>
</pin_list>
<bind>
<opcode="partselect(1002) " fcode="partselect"/>
<opset="trunc_ln54_38/1 "/>
</bind>
</comp>

<comp id="316" class="1004" name="y_9_fu_316">
<pin_list>
<pin id="317" dir="0" index="0" bw="23" slack="0"/>
<pin id="318" dir="0" index="1" bw="15" slack="0"/>
<pin id="319" dir="0" index="2" bw="1" slack="0"/>
<pin id="320" dir="1" index="3" bw="23" slack="0"/>
</pin_list>
<bind>
<opcode="bitconcatenate(1004) " fcode="bitconcatenate"/>
<opset="y_9/1 "/>
</bind>
</comp>

<comp id="324" class="1004" name="add_ln54_43_fu_324">
<pin_list>
<pin id="325" dir="0" index="0" bw="23" slack="0"/>
<pin id="326" dir="0" index="1" bw="13" slack="0"/>
<pin id="327" dir="1" index="2" bw="23" slack="0"/>
</pin_list>
<bind>
<opcode="add(8) " fcode="add"/>
<opset="add_ln54_43/1 "/>
</bind>
</comp>

<comp id="330" class="1004" name="trunc_ln54_39_fu_330">
<pin_list>
<pin id="331" dir="0" index="0" bw="15" slack="0"/>
<pin id="332" dir="0" index="1" bw="23" slack="0"/>
<pin id="333" dir="0" index="2" bw="5" slack="0"/>
<pin id="334" dir="0" index="3" bw="6" slack="0"/>
<pin id="335" dir="1" index="4" bw="15" slack="0"/>
</pin_list>
<bind>
<opcode="partselect(1002) " fcode="partselect"/>
<opset="trunc_ln54_39/1 "/>
</bind>
</comp>

<comp id="340" class="1004" name="y_12_fu_340">
<pin_list>
<pin id="341" dir="0" index="0" bw="23" slack="0"/>
<pin id="342" dir="0" index="1" bw="15" slack="0"/>
<pin id="343" dir="0" index="2" bw="1" slack="0"/>
<pin id="344" dir="1" index="3" bw="23" slack="0"/>
</pin_list>
<bind>
<opcode="bitconcatenate(1004) " fcode="bitconcatenate"/>
<opset="y_12/1 "/>
</bind>
</comp>

<comp id="348" class="1004" name="add_ln54_44_fu_348">
<pin_list>
<pin id="349" dir="0" index="0" bw="23" slack="0"/>
<pin id="350" dir="0" index="1" bw="16" slack="0"/>
<pin id="351" dir="1" index="2" bw="23" slack="0"/>
</pin_list>
<bind>
<opcode="add(8) " fcode="add"/>
<opset="add_ln54_44/1 "/>
</bind>
</comp>

<comp id="354" class="1004" name="trunc_ln54_40_fu_354">
<pin_list>
<pin id="355" dir="0" index="0" bw="15" slack="0"/>
<pin id="356" dir="0" index="1" bw="23" slack="0"/>
<pin id="357" dir="0" index="2" bw="5" slack="0"/>
<pin id="358" dir="0" index="3" bw="6" slack="0"/>
<pin id="359" dir="1" index="4" bw="15" slack="0"/>
</pin_list>
<bind>
<opcode="partselect(1002) " fcode="partselect"/>
<opset="trunc_ln54_40/1 "/>
</bind>
</comp>

<comp id="364" class="1004" name="y_1_fu_364">
<pin_list>
<pin id="365" dir="0" index="0" bw="23" slack="0"/>
<pin id="366" dir="0" index="1" bw="15" slack="0"/>
<pin id="367" dir="0" index="2" bw="1" slack="0"/>
<pin id="368" dir="1" index="3" bw="23" slack="0"/>
</pin_list>
<bind>
<opcode="bitconcatenate(1004) " fcode="bitconcatenate"/>
<opset="y_1/1 "/>
</bind>
</comp>

<comp id="372" class="1004" name="add_ln54_45_fu_372">
<pin_list>
<pin id="373" dir="0" index="0" bw="23" slack="0"/>
<pin id="374" dir="0" index="1" bw="14" slack="0"/>
<pin id="375" dir="1" index="2" bw="23" slack="0"/>
</pin_list>
<bind>
<opcode="add(8) " fcode="add"/>
<opset="add_ln54_45/1 "/>
</bind>
</comp>

<comp id="378" class="1004" name="trunc_ln54_41_fu_378">
<pin_list>
<pin id="379" dir="0" index="0" bw="15" slack="0"/>
<pin id="380" dir="0" index="1" bw="23" slack="0"/>
<pin id="381" dir="0" index="2" bw="5" slack="0"/>
<pin id="382" dir="0" index="3" bw="6" slack="0"/>
<pin id="383" dir="1" index="4" bw="15" slack="0"/>
</pin_list>
<bind>
<opcode="partselect(1002) " fcode="partselect"/>
<opset="trunc_ln54_41/1 "/>
</bind>
</comp>

<comp id="388" class="1004" name="y_2_fu_388">
<pin_list>
<pin id="389" dir="0" index="0" bw="23" slack="0"/>
<pin id="390" dir="0" index="1" bw="15" slack="0"/>
<pin id="391" dir="0" index="2" bw="1" slack="0"/>
<pin id="392" dir="1" index="3" bw="23" slack="0"/>
</pin_list>
<bind>
<opcode="bitconcatenate(1004) " fcode="bitconcatenate"/>
<opset="y_2/1 "/>
</bind>
</comp>

<comp id="396" class="1004" name="add_ln54_46_fu_396">
<pin_list>
<pin id="397" dir="0" index="0" bw="23" slack="0"/>
<pin id="398" dir="0" index="1" bw="15" slack="0"/>
<pin id="399" dir="1" index="2" bw="23" slack="0"/>
</pin_list>
<bind>
<opcode="add(8) " fcode="add"/>
<opset="add_ln54_46/1 "/>
</bind>
</comp>

<comp id="402" class="1004" name="trunc_ln54_42_fu_402">
<pin_list>
<pin id="403" dir="0" index="0" bw="15" slack="0"/>
<pin id="404" dir="0" index="1" bw="23" slack="0"/>
<pin id="405" dir="0" index="2" bw="5" slack="0"/>
<pin id="406" dir="0" index="3" bw="6" slack="0"/>
<pin id="407" dir="1" index="4" bw="15" slack="0"/>
</pin_list>
<bind>
<opcode="partselect(1002) " fcode="partselect"/>
<opset="trunc_ln54_42/1 "/>
</bind>
</comp>

<comp id="412" class="1004" name="y_10_fu_412">
<pin_list>
<pin id="413" dir="0" index="0" bw="23" slack="0"/>
<pin id="414" dir="0" index="1" bw="15" slack="0"/>
<pin id="415" dir="0" index="2" bw="1" slack="0"/>
<pin id="416" dir="1" index="3" bw="23" slack="0"/>
</pin_list>
<bind>
<opcode="bitconcatenate(1004) " fcode="bitconcatenate"/>
<opset="y_10/1 "/>
</bind>
</comp>

<comp id="420" class="1004" name="add_ln54_47_fu_420">
<pin_list>
<pin id="421" dir="0" index="0" bw="23" slack="0"/>
<pin id="422" dir="0" index="1" bw="16" slack="0"/>
<pin id="423" dir="1" index="2" bw="23" slack="0"/>
</pin_list>
<bind>
<opcode="add(8) " fcode="add"/>
<opset="add_ln54_47/1 "/>
</bind>
</comp>

<comp id="426" class="1004" name="trunc_ln54_43_fu_426">
<pin_list>
<pin id="427" dir="0" index="0" bw="15" slack="0"/>
<pin id="428" dir="0" index="1" bw="23" slack="0"/>
<pin id="429" dir="0" index="2" bw="5" slack="0"/>
<pin id="430" dir="0" index="3" bw="6" slack="0"/>
<pin id="431" dir="1" index="4" bw="15" slack="0"/>
</pin_list>
<bind>
<opcode="partselect(1002) " fcode="partselect"/>
<opset="trunc_ln54_43/1 "/>
</bind>
</comp>

<comp id="436" class="1004" name="mrv_fu_436">
<pin_list>
<pin id="437" dir="0" index="0" bw="180" slack="0"/>
<pin id="438" dir="0" index="1" bw="15" slack="0"/>
<pin id="439" dir="1" index="2" bw="180" slack="0"/>
</pin_list>
<bind>
<opcode="insertvalue(57) " fcode="insertvalue"/>
<opset="mrv/1 "/>
</bind>
</comp>

<comp id="442" class="1004" name="mrv_1_fu_442">
<pin_list>
<pin id="443" dir="0" index="0" bw="180" slack="0"/>
<pin id="444" dir="0" index="1" bw="15" slack="0"/>
<pin id="445" dir="1" index="2" bw="180" slack="0"/>
</pin_list>
<bind>
<opcode="insertvalue(57) " fcode="insertvalue"/>
<opset="mrv_1/1 "/>
</bind>
</comp>

<comp id="448" class="1004" name="mrv_2_fu_448">
<pin_list>
<pin id="449" dir="0" index="0" bw="180" slack="0"/>
<pin id="450" dir="0" index="1" bw="15" slack="0"/>
<pin id="451" dir="1" index="2" bw="180" slack="0"/>
</pin_list>
<bind>
<opcode="insertvalue(57) " fcode="insertvalue"/>
<opset="mrv_2/1 "/>
</bind>
</comp>

<comp id="454" class="1004" name="mrv_3_fu_454">
<pin_list>
<pin id="455" dir="0" index="0" bw="180" slack="0"/>
<pin id="456" dir="0" index="1" bw="15" slack="0"/>
<pin id="457" dir="1" index="2" bw="180" slack="0"/>
</pin_list>
<bind>
<opcode="insertvalue(57) " fcode="insertvalue"/>
<opset="mrv_3/1 "/>
</bind>
</comp>

<comp id="460" class="1004" name="mrv_4_fu_460">
<pin_list>
<pin id="461" dir="0" index="0" bw="180" slack="0"/>
<pin id="462" dir="0" index="1" bw="15" slack="0"/>
<pin id="463" dir="1" index="2" bw="180" slack="0"/>
</pin_list>
<bind>
<opcode="insertvalue(57) " fcode="insertvalue"/>
<opset="mrv_4/1 "/>
</bind>
</comp>

<comp id="466" class="1004" name="mrv_5_fu_466">
<pin_list>
<pin id="467" dir="0" index="0" bw="180" slack="0"/>
<pin id="468" dir="0" index="1" bw="15" slack="0"/>
<pin id="469" dir="1" index="2" bw="180" slack="0"/>
</pin_list>
<bind>
<opcode="insertvalue(57) " fcode="insertvalue"/>
<opset="mrv_5/1 "/>
</bind>
</comp>

<comp id="472" class="1004" name="mrv_6_fu_472">
<pin_list>
<pin id="473" dir="0" index="0" bw="180" slack="0"/>
<pin id="474" dir="0" index="1" bw="15" slack="0"/>
<pin id="475" dir="1" index="2" bw="180" slack="0"/>
</pin_list>
<bind>
<opcode="insertvalue(57) " fcode="insertvalue"/>
<opset="mrv_6/1 "/>
</bind>
</comp>

<comp id="478" class="1004" name="mrv_7_fu_478">
<pin_list>
<pin id="479" dir="0" index="0" bw="180" slack="0"/>
<pin id="480" dir="0" index="1" bw="15" slack="0"/>
<pin id="481" dir="1" index="2" bw="180" slack="0"/>
</pin_list>
<bind>
<opcode="insertvalue(57) " fcode="insertvalue"/>
<opset="mrv_7/1 "/>
</bind>
</comp>

<comp id="484" class="1004" name="mrv_8_fu_484">
<pin_list>
<pin id="485" dir="0" index="0" bw="180" slack="0"/>
<pin id="486" dir="0" index="1" bw="15" slack="0"/>
<pin id="487" dir="1" index="2" bw="180" slack="0"/>
</pin_list>
<bind>
<opcode="insertvalue(57) " fcode="insertvalue"/>
<opset="mrv_8/1 "/>
</bind>
</comp>

<comp id="490" class="1004" name="mrv_9_fu_490">
<pin_list>
<pin id="491" dir="0" index="0" bw="180" slack="0"/>
<pin id="492" dir="0" index="1" bw="15" slack="0"/>
<pin id="493" dir="1" index="2" bw="180" slack="0"/>
</pin_list>
<bind>
<opcode="insertvalue(57) " fcode="insertvalue"/>
<opset="mrv_9/1 "/>
</bind>
</comp>

<comp id="496" class="1004" name="mrv_10_fu_496">
<pin_list>
<pin id="497" dir="0" index="0" bw="180" slack="0"/>
<pin id="498" dir="0" index="1" bw="15" slack="0"/>
<pin id="499" dir="1" index="2" bw="180" slack="0"/>
</pin_list>
<bind>
<opcode="insertvalue(57) " fcode="insertvalue"/>
<opset="mrv_10/1 "/>
</bind>
</comp>

<comp id="502" class="1004" name="mrv_11_fu_502">
<pin_list>
<pin id="503" dir="0" index="0" bw="180" slack="0"/>
<pin id="504" dir="0" index="1" bw="15" slack="0"/>
<pin id="505" dir="1" index="2" bw="180" slack="2147483647"/>
</pin_list>
<bind>
<opcode="insertvalue(57) " fcode="insertvalue"/>
<opset="mrv_11/1 "/>
</bind>
</comp>

</comp_list>

<net_list>
<net id="80"><net_src comp="38" pin="0"/><net_sink comp="76" pin=0"/></net>

<net id="81"><net_src comp="22" pin="0"/><net_sink comp="76" pin=1"/></net>

<net id="86"><net_src comp="38" pin="0"/><net_sink comp="82" pin=0"/></net>

<net id="87"><net_src comp="20" pin="0"/><net_sink comp="82" pin=1"/></net>

<net id="92"><net_src comp="38" pin="0"/><net_sink comp="88" pin=0"/></net>

<net id="93"><net_src comp="18" pin="0"/><net_sink comp="88" pin=1"/></net>

<net id="98"><net_src comp="38" pin="0"/><net_sink comp="94" pin=0"/></net>

<net id="99"><net_src comp="16" pin="0"/><net_sink comp="94" pin=1"/></net>

<net id="104"><net_src comp="38" pin="0"/><net_sink comp="100" pin=0"/></net>

<net id="105"><net_src comp="14" pin="0"/><net_sink comp="100" pin=1"/></net>

<net id="110"><net_src comp="38" pin="0"/><net_sink comp="106" pin=0"/></net>

<net id="111"><net_src comp="12" pin="0"/><net_sink comp="106" pin=1"/></net>

<net id="116"><net_src comp="38" pin="0"/><net_sink comp="112" pin=0"/></net>

<net id="117"><net_src comp="10" pin="0"/><net_sink comp="112" pin=1"/></net>

<net id="122"><net_src comp="38" pin="0"/><net_sink comp="118" pin=0"/></net>

<net id="123"><net_src comp="8" pin="0"/><net_sink comp="118" pin=1"/></net>

<net id="128"><net_src comp="38" pin="0"/><net_sink comp="124" pin=0"/></net>

<net id="129"><net_src comp="6" pin="0"/><net_sink comp="124" pin=1"/></net>

<net id="134"><net_src comp="38" pin="0"/><net_sink comp="130" pin=0"/></net>

<net id="135"><net_src comp="4" pin="0"/><net_sink comp="130" pin=1"/></net>

<net id="140"><net_src comp="38" pin="0"/><net_sink comp="136" pin=0"/></net>

<net id="141"><net_src comp="2" pin="0"/><net_sink comp="136" pin=1"/></net>

<net id="146"><net_src comp="38" pin="0"/><net_sink comp="142" pin=0"/></net>

<net id="147"><net_src comp="0" pin="0"/><net_sink comp="142" pin=1"/></net>

<net id="153"><net_src comp="40" pin="0"/><net_sink comp="148" pin=0"/></net>

<net id="154"><net_src comp="142" pin="2"/><net_sink comp="148" pin=1"/></net>

<net id="155"><net_src comp="42" pin="0"/><net_sink comp="148" pin=2"/></net>

<net id="160"><net_src comp="148" pin="3"/><net_sink comp="156" pin=0"/></net>

<net id="161"><net_src comp="44" pin="0"/><net_sink comp="156" pin=1"/></net>

<net id="168"><net_src comp="46" pin="0"/><net_sink comp="162" pin=0"/></net>

<net id="169"><net_src comp="156" pin="2"/><net_sink comp="162" pin=1"/></net>

<net id="170"><net_src comp="48" pin="0"/><net_sink comp="162" pin=2"/></net>

<net id="171"><net_src comp="50" pin="0"/><net_sink comp="162" pin=3"/></net>

<net id="177"><net_src comp="40" pin="0"/><net_sink comp="172" pin=0"/></net>

<net id="178"><net_src comp="136" pin="2"/><net_sink comp="172" pin=1"/></net>

<net id="179"><net_src comp="42" pin="0"/><net_sink comp="172" pin=2"/></net>

<net id="184"><net_src comp="172" pin="3"/><net_sink comp="180" pin=0"/></net>

<net id="185"><net_src comp="52" pin="0"/><net_sink comp="180" pin=1"/></net>

<net id="192"><net_src comp="46" pin="0"/><net_sink comp="186" pin=0"/></net>

<net id="193"><net_src comp="180" pin="2"/><net_sink comp="186" pin=1"/></net>

<net id="194"><net_src comp="48" pin="0"/><net_sink comp="186" pin=2"/></net>

<net id="195"><net_src comp="50" pin="0"/><net_sink comp="186" pin=3"/></net>

<net id="201"><net_src comp="40" pin="0"/><net_sink comp="196" pin=0"/></net>

<net id="202"><net_src comp="130" pin="2"/><net_sink comp="196" pin=1"/></net>

<net id="203"><net_src comp="42" pin="0"/><net_sink comp="196" pin=2"/></net>

<net id="208"><net_src comp="196" pin="3"/><net_sink comp="204" pin=0"/></net>

<net id="209"><net_src comp="54" pin="0"/><net_sink comp="204" pin=1"/></net>

<net id="216"><net_src comp="46" pin="0"/><net_sink comp="210" pin=0"/></net>

<net id="217"><net_src comp="204" pin="2"/><net_sink comp="210" pin=1"/></net>

<net id="218"><net_src comp="48" pin="0"/><net_sink comp="210" pin=2"/></net>

<net id="219"><net_src comp="50" pin="0"/><net_sink comp="210" pin=3"/></net>

<net id="225"><net_src comp="40" pin="0"/><net_sink comp="220" pin=0"/></net>

<net id="226"><net_src comp="124" pin="2"/><net_sink comp="220" pin=1"/></net>

<net id="227"><net_src comp="42" pin="0"/><net_sink comp="220" pin=2"/></net>

<net id="232"><net_src comp="220" pin="3"/><net_sink comp="228" pin=0"/></net>

<net id="233"><net_src comp="56" pin="0"/><net_sink comp="228" pin=1"/></net>

<net id="240"><net_src comp="46" pin="0"/><net_sink comp="234" pin=0"/></net>

<net id="241"><net_src comp="228" pin="2"/><net_sink comp="234" pin=1"/></net>

<net id="242"><net_src comp="48" pin="0"/><net_sink comp="234" pin=2"/></net>

<net id="243"><net_src comp="50" pin="0"/><net_sink comp="234" pin=3"/></net>

<net id="249"><net_src comp="40" pin="0"/><net_sink comp="244" pin=0"/></net>

<net id="250"><net_src comp="118" pin="2"/><net_sink comp="244" pin=1"/></net>

<net id="251"><net_src comp="42" pin="0"/><net_sink comp="244" pin=2"/></net>

<net id="256"><net_src comp="244" pin="3"/><net_sink comp="252" pin=0"/></net>

<net id="257"><net_src comp="58" pin="0"/><net_sink comp="252" pin=1"/></net>

<net id="264"><net_src comp="46" pin="0"/><net_sink comp="258" pin=0"/></net>

<net id="265"><net_src comp="252" pin="2"/><net_sink comp="258" pin=1"/></net>

<net id="266"><net_src comp="48" pin="0"/><net_sink comp="258" pin=2"/></net>

<net id="267"><net_src comp="50" pin="0"/><net_sink comp="258" pin=3"/></net>

<net id="273"><net_src comp="40" pin="0"/><net_sink comp="268" pin=0"/></net>

<net id="274"><net_src comp="112" pin="2"/><net_sink comp="268" pin=1"/></net>

<net id="275"><net_src comp="42" pin="0"/><net_sink comp="268" pin=2"/></net>

<net id="280"><net_src comp="268" pin="3"/><net_sink comp="276" pin=0"/></net>

<net id="281"><net_src comp="60" pin="0"/><net_sink comp="276" pin=1"/></net>

<net id="288"><net_src comp="46" pin="0"/><net_sink comp="282" pin=0"/></net>

<net id="289"><net_src comp="276" pin="2"/><net_sink comp="282" pin=1"/></net>

<net id="290"><net_src comp="48" pin="0"/><net_sink comp="282" pin=2"/></net>

<net id="291"><net_src comp="50" pin="0"/><net_sink comp="282" pin=3"/></net>

<net id="297"><net_src comp="40" pin="0"/><net_sink comp="292" pin=0"/></net>

<net id="298"><net_src comp="106" pin="2"/><net_sink comp="292" pin=1"/></net>

<net id="299"><net_src comp="42" pin="0"/><net_sink comp="292" pin=2"/></net>

<net id="304"><net_src comp="292" pin="3"/><net_sink comp="300" pin=0"/></net>

<net id="305"><net_src comp="62" pin="0"/><net_sink comp="300" pin=1"/></net>

<net id="312"><net_src comp="46" pin="0"/><net_sink comp="306" pin=0"/></net>

<net id="313"><net_src comp="300" pin="2"/><net_sink comp="306" pin=1"/></net>

<net id="314"><net_src comp="48" pin="0"/><net_sink comp="306" pin=2"/></net>

<net id="315"><net_src comp="50" pin="0"/><net_sink comp="306" pin=3"/></net>

<net id="321"><net_src comp="40" pin="0"/><net_sink comp="316" pin=0"/></net>

<net id="322"><net_src comp="100" pin="2"/><net_sink comp="316" pin=1"/></net>

<net id="323"><net_src comp="42" pin="0"/><net_sink comp="316" pin=2"/></net>

<net id="328"><net_src comp="316" pin="3"/><net_sink comp="324" pin=0"/></net>

<net id="329"><net_src comp="64" pin="0"/><net_sink comp="324" pin=1"/></net>

<net id="336"><net_src comp="46" pin="0"/><net_sink comp="330" pin=0"/></net>

<net id="337"><net_src comp="324" pin="2"/><net_sink comp="330" pin=1"/></net>

<net id="338"><net_src comp="48" pin="0"/><net_sink comp="330" pin=2"/></net>

<net id="339"><net_src comp="50" pin="0"/><net_sink comp="330" pin=3"/></net>

<net id="345"><net_src comp="40" pin="0"/><net_sink comp="340" pin=0"/></net>

<net id="346"><net_src comp="94" pin="2"/><net_sink comp="340" pin=1"/></net>

<net id="347"><net_src comp="42" pin="0"/><net_sink comp="340" pin=2"/></net>

<net id="352"><net_src comp="340" pin="3"/><net_sink comp="348" pin=0"/></net>

<net id="353"><net_src comp="66" pin="0"/><net_sink comp="348" pin=1"/></net>

<net id="360"><net_src comp="46" pin="0"/><net_sink comp="354" pin=0"/></net>

<net id="361"><net_src comp="348" pin="2"/><net_sink comp="354" pin=1"/></net>

<net id="362"><net_src comp="48" pin="0"/><net_sink comp="354" pin=2"/></net>

<net id="363"><net_src comp="50" pin="0"/><net_sink comp="354" pin=3"/></net>

<net id="369"><net_src comp="40" pin="0"/><net_sink comp="364" pin=0"/></net>

<net id="370"><net_src comp="88" pin="2"/><net_sink comp="364" pin=1"/></net>

<net id="371"><net_src comp="42" pin="0"/><net_sink comp="364" pin=2"/></net>

<net id="376"><net_src comp="364" pin="3"/><net_sink comp="372" pin=0"/></net>

<net id="377"><net_src comp="68" pin="0"/><net_sink comp="372" pin=1"/></net>

<net id="384"><net_src comp="46" pin="0"/><net_sink comp="378" pin=0"/></net>

<net id="385"><net_src comp="372" pin="2"/><net_sink comp="378" pin=1"/></net>

<net id="386"><net_src comp="48" pin="0"/><net_sink comp="378" pin=2"/></net>

<net id="387"><net_src comp="50" pin="0"/><net_sink comp="378" pin=3"/></net>

<net id="393"><net_src comp="40" pin="0"/><net_sink comp="388" pin=0"/></net>

<net id="394"><net_src comp="82" pin="2"/><net_sink comp="388" pin=1"/></net>

<net id="395"><net_src comp="42" pin="0"/><net_sink comp="388" pin=2"/></net>

<net id="400"><net_src comp="388" pin="3"/><net_sink comp="396" pin=0"/></net>

<net id="401"><net_src comp="70" pin="0"/><net_sink comp="396" pin=1"/></net>

<net id="408"><net_src comp="46" pin="0"/><net_sink comp="402" pin=0"/></net>

<net id="409"><net_src comp="396" pin="2"/><net_sink comp="402" pin=1"/></net>

<net id="410"><net_src comp="48" pin="0"/><net_sink comp="402" pin=2"/></net>

<net id="411"><net_src comp="50" pin="0"/><net_sink comp="402" pin=3"/></net>

<net id="417"><net_src comp="40" pin="0"/><net_sink comp="412" pin=0"/></net>

<net id="418"><net_src comp="76" pin="2"/><net_sink comp="412" pin=1"/></net>

<net id="419"><net_src comp="42" pin="0"/><net_sink comp="412" pin=2"/></net>

<net id="424"><net_src comp="412" pin="3"/><net_sink comp="420" pin=0"/></net>

<net id="425"><net_src comp="72" pin="0"/><net_sink comp="420" pin=1"/></net>

<net id="432"><net_src comp="46" pin="0"/><net_sink comp="426" pin=0"/></net>

<net id="433"><net_src comp="420" pin="2"/><net_sink comp="426" pin=1"/></net>

<net id="434"><net_src comp="48" pin="0"/><net_sink comp="426" pin=2"/></net>

<net id="435"><net_src comp="50" pin="0"/><net_sink comp="426" pin=3"/></net>

<net id="440"><net_src comp="74" pin="0"/><net_sink comp="436" pin=0"/></net>

<net id="441"><net_src comp="162" pin="4"/><net_sink comp="436" pin=1"/></net>

<net id="446"><net_src comp="436" pin="2"/><net_sink comp="442" pin=0"/></net>

<net id="447"><net_src comp="186" pin="4"/><net_sink comp="442" pin=1"/></net>

<net id="452"><net_src comp="442" pin="2"/><net_sink comp="448" pin=0"/></net>

<net id="453"><net_src comp="210" pin="4"/><net_sink comp="448" pin=1"/></net>

<net id="458"><net_src comp="448" pin="2"/><net_sink comp="454" pin=0"/></net>

<net id="459"><net_src comp="234" pin="4"/><net_sink comp="454" pin=1"/></net>

<net id="464"><net_src comp="454" pin="2"/><net_sink comp="460" pin=0"/></net>

<net id="465"><net_src comp="258" pin="4"/><net_sink comp="460" pin=1"/></net>

<net id="470"><net_src comp="460" pin="2"/><net_sink comp="466" pin=0"/></net>

<net id="471"><net_src comp="282" pin="4"/><net_sink comp="466" pin=1"/></net>

<net id="476"><net_src comp="466" pin="2"/><net_sink comp="472" pin=0"/></net>

<net id="477"><net_src comp="306" pin="4"/><net_sink comp="472" pin=1"/></net>

<net id="482"><net_src comp="472" pin="2"/><net_sink comp="478" pin=0"/></net>

<net id="483"><net_src comp="330" pin="4"/><net_sink comp="478" pin=1"/></net>

<net id="488"><net_src comp="478" pin="2"/><net_sink comp="484" pin=0"/></net>

<net id="489"><net_src comp="354" pin="4"/><net_sink comp="484" pin=1"/></net>

<net id="494"><net_src comp="484" pin="2"/><net_sink comp="490" pin=0"/></net>

<net id="495"><net_src comp="378" pin="4"/><net_sink comp="490" pin=1"/></net>

<net id="500"><net_src comp="490" pin="2"/><net_sink comp="496" pin=0"/></net>

<net id="501"><net_src comp="402" pin="4"/><net_sink comp="496" pin=1"/></net>

<net id="506"><net_src comp="496" pin="2"/><net_sink comp="502" pin=0"/></net>

<net id="507"><net_src comp="426" pin="4"/><net_sink comp="502" pin=1"/></net>

</net_list>

</model> 
---------------- Datapath Model END ------------------

* FSMD analyzer results:
  - Output states:
 - Input state : 
	Port: normalize<ap_fixed<16, 6, 5, 3, 0>, ap_fixed<15, 5, 5, 3, 0>, config14> : data_0_val | {1 }
	Port: normalize<ap_fixed<16, 6, 5, 3, 0>, ap_fixed<15, 5, 5, 3, 0>, config14> : data_1_val | {1 }
	Port: normalize<ap_fixed<16, 6, 5, 3, 0>, ap_fixed<15, 5, 5, 3, 0>, config14> : data_2_val | {1 }
	Port: normalize<ap_fixed<16, 6, 5, 3, 0>, ap_fixed<15, 5, 5, 3, 0>, config14> : data_3_val | {1 }
	Port: normalize<ap_fixed<16, 6, 5, 3, 0>, ap_fixed<15, 5, 5, 3, 0>, config14> : data_4_val | {1 }
	Port: normalize<ap_fixed<16, 6, 5, 3, 0>, ap_fixed<15, 5, 5, 3, 0>, config14> : data_5_val | {1 }
	Port: normalize<ap_fixed<16, 6, 5, 3, 0>, ap_fixed<15, 5, 5, 3, 0>, config14> : data_6_val | {1 }
	Port: normalize<ap_fixed<16, 6, 5, 3, 0>, ap_fixed<15, 5, 5, 3, 0>, config14> : data_7_val | {1 }
	Port: normalize<ap_fixed<16, 6, 5, 3, 0>, ap_fixed<15, 5, 5, 3, 0>, config14> : data_8_val | {1 }
	Port: normalize<ap_fixed<16, 6, 5, 3, 0>, ap_fixed<15, 5, 5, 3, 0>, config14> : data_9_val | {1 }
	Port: normalize<ap_fixed<16, 6, 5, 3, 0>, ap_fixed<15, 5, 5, 3, 0>, config14> : data_10_val | {1 }
	Port: normalize<ap_fixed<16, 6, 5, 3, 0>, ap_fixed<15, 5, 5, 3, 0>, config14> : data_11_val | {1 }
  - Chain level:
	State 1
		add_ln54 : 1
		trunc_ln : 2
		add_ln54_37 : 1
		trunc_ln54_s : 2
		add_ln54_38 : 1
		trunc_ln54_34 : 2
		add_ln54_39 : 1
		trunc_ln54_35 : 2
		add_ln54_40 : 1
		trunc_ln54_36 : 2
		add_ln54_41 : 1
		trunc_ln54_37 : 2
		add_ln54_42 : 1
		trunc_ln54_38 : 2
		add_ln54_43 : 1
		trunc_ln54_39 : 2
		add_ln54_44 : 1
		trunc_ln54_40 : 2
		add_ln54_45 : 1
		trunc_ln54_41 : 2
		add_ln54_46 : 1
		trunc_ln54_42 : 2
		add_ln54_47 : 1
		trunc_ln54_43 : 2
		mrv : 3
		mrv_1 : 4
		mrv_2 : 5
		mrv_3 : 6
		mrv_4 : 7
		mrv_5 : 8
		mrv_6 : 9
		mrv_7 : 10
		mrv_8 : 11
		mrv_9 : 12
		mrv_10 : 13
		mrv_11 : 14
		ret_ln63 : 15


============================================================
+ Verbose Summary: Datapath Resource usage 
============================================================

* Functional unit list:
|----------|-----------------------------|---------|---------|
| Operation|       Functional Unit       |    FF   |   LUT   |
|----------|-----------------------------|---------|---------|
|          |       add_ln54_fu_156       |    0    |    30   |
|          |      add_ln54_37_fu_180     |    0    |    30   |
|          |      add_ln54_38_fu_204     |    0    |    30   |
|          |      add_ln54_39_fu_228     |    0    |    30   |
|          |      add_ln54_40_fu_252     |    0    |    30   |
|    add   |      add_ln54_41_fu_276     |    0    |    30   |
|          |      add_ln54_42_fu_300     |    0    |    30   |
|          |      add_ln54_43_fu_324     |    0    |    30   |
|          |      add_ln54_44_fu_348     |    0    |    30   |
|          |      add_ln54_45_fu_372     |    0    |    30   |
|          |      add_ln54_46_fu_396     |    0    |    30   |
|          |      add_ln54_47_fu_420     |    0    |    30   |
|----------|-----------------------------|---------|---------|
|          | data_11_val_read_read_fu_76 |    0    |    0    |
|          | data_10_val_read_read_fu_82 |    0    |    0    |
|          |  data_9_val_read_read_fu_88 |    0    |    0    |
|          |  data_8_val_read_read_fu_94 |    0    |    0    |
|          | data_7_val_read_read_fu_100 |    0    |    0    |
|   read   | data_6_val_read_read_fu_106 |    0    |    0    |
|          | data_5_val_read_read_fu_112 |    0    |    0    |
|          | data_4_val_read_read_fu_118 |    0    |    0    |
|          | data_3_val_read_read_fu_124 |    0    |    0    |
|          | data_2_val_read_read_fu_130 |    0    |    0    |
|          | data_1_val_read_read_fu_136 |    0    |    0    |
|          | data_0_val_read_read_fu_142 |    0    |    0    |
|----------|-----------------------------|---------|---------|
|          |           y_fu_148          |    0    |    0    |
|          |          y_3_fu_172         |    0    |    0    |
|          |          y_4_fu_196         |    0    |    0    |
|          |          y_5_fu_220         |    0    |    0    |
|          |          y_6_fu_244         |    0    |    0    |
|bitconcatenate|          y_7_fu_268         |    0    |    0    |
|          |          y_8_fu_292         |    0    |    0    |
|          |          y_9_fu_316         |    0    |    0    |
|          |         y_12_fu_340         |    0    |    0    |
|          |          y_1_fu_364         |    0    |    0    |
|          |          y_2_fu_388         |    0    |    0    |
|          |         y_10_fu_412         |    0    |    0    |
|----------|-----------------------------|---------|---------|
|          |       trunc_ln_fu_162       |    0    |    0    |
|          |     trunc_ln54_s_fu_186     |    0    |    0    |
|          |     trunc_ln54_34_fu_210    |    0    |    0    |
|          |     trunc_ln54_35_fu_234    |    0    |    0    |
|          |     trunc_ln54_36_fu_258    |    0    |    0    |
|partselect|     trunc_ln54_37_fu_282    |    0    |    0    |
|          |     trunc_ln54_38_fu_306    |    0    |    0    |
|          |     trunc_ln54_39_fu_330    |    0    |    0    |
|          |     trunc_ln54_40_fu_354    |    0    |    0    |
|          |     trunc_ln54_41_fu_378    |    0    |    0    |
|          |     trunc_ln54_42_fu_402    |    0    |    0    |
|          |     trunc_ln54_43_fu_426    |    0    |    0    |
|----------|-----------------------------|---------|---------|
|          |          mrv_fu_436         |    0    |    0    |
|          |         mrv_1_fu_442        |    0    |    0    |
|          |         mrv_2_fu_448        |    0    |    0    |
|          |         mrv_3_fu_454        |    0    |    0    |
|          |         mrv_4_fu_460        |    0    |    0    |
|insertvalue|         mrv_5_fu_466        |    0    |    0    |
|          |         mrv_6_fu_472        |    0    |    0    |
|          |         mrv_7_fu_478        |    0    |    0    |
|          |         mrv_8_fu_484        |    0    |    0    |
|          |         mrv_9_fu_490        |    0    |    0    |
|          |        mrv_10_fu_496        |    0    |    0    |
|          |        mrv_11_fu_502        |    0    |    0    |
|----------|-----------------------------|---------|---------|
|   Total  |                             |    0    |   360   |
|----------|-----------------------------|---------|---------|

Memories:
N/A

* Register list:
N/A

* Multiplexer (MUX) list: 
|--------|------|------|------|--------|
|  Comp  |  Pin | Size |  BW  | S x BW |
|--------|------|------|------|--------|
|  Total |      |      |      |    0   |
|--------|------|------|------|--------|



* Summary:
+-----------+--------+--------+
|           |   FF   |   LUT  |
+-----------+--------+--------+
|  Function |    0   |   360  |
|   Memory  |    -   |    -   |
|Multiplexer|    -   |    -   |
|  Register |    -   |    -   |
+-----------+--------+--------+
|   Total   |    0   |   360  |
+-----------+--------+--------+
