

================================================================
== Vitis HLS Report for 'relu_ap_fixed_16_6_5_3_0_ap_ufixed_15_0_4_0_0_relu_config4_s'
================================================================
* Date:           Wed Jul 10 16:50:17 2024

* Version:        2023.1 (Build 3854077 on May  4 2023)
* Project:        myproject_prj
* Solution:       solution1 (Vivado IP Flow Target)
* Product family: virtexuplus
* Target device:  xcvu13p-flga2577-2-e


================================================================
== Performance Estimates
================================================================
+ Timing: 
    * Summary: 
    +--------+----------+----------+------------+
    |  Clock |  Target  | Estimated| Uncertainty|
    +--------+----------+----------+------------+
    |ap_clk  |  25.00 ns|  1.078 ns|     3.12 ns|
    +--------+----------+----------+------------+

+ Latency: 
    * Summary: 
    +---------+---------+----------+----------+-----+-----+---------+
    |  Latency (cycles) |  Latency (absolute) |  Interval | Pipeline|
    |   min   |   max   |    min   |    max   | min | max |   Type  |
    +---------+---------+----------+----------+-----+-----+---------+
    |        0|        0|      0 ns|      0 ns|    1|    1|      yes|
    +---------+---------+----------+----------+-----+-----+---------+

    + Detail: 
        * Instance: 
        N/A

        * Loop: 
        N/A

============================================================
+ Verbose Summary: Synthesis Manager
============================================================
InlineROM: 1
ExposeGlobal: 0
============================================================
+ Verbose Summary: CDFG Model
============================================================
IsTopModel: 0
ResetActiveHigh: 1
IsCombinational: 0
IsDatapathOnly: 0
HasWiredReturn: 1
HasMFsm: 2
HasVarLatency: 0
IsPipeline: 1
IsRtlPipelined: 0
IsInstanceOverlapped: 0
IsDontTouch: 0
HasImplIP: 0
IsGatedGlobalClock: 0

+ Individual pipeline summary: 
  * Pipeline-0: initiation interval (II) = 1, depth = 1


============================================================
+ Verbose Summary: Schedule
============================================================
* Number of FSM states : 1
* Pipeline : 1
  Pipeline-0 : II = 1, D = 1, States = { 1 }
* Dataflow Pipeline: 0

* FSM state transitions: 
1 --> 

* FSM state operations: 

State 1 <SV = 0> <Delay = 1.07>
ST_1 : Operation 2 [1/1] (0.00ns)   --->   "%specpipeline_ln43 = specpipeline void @_ssdm_op_SpecPipeline, i32 4294967295, i32 0, i32 0, i32 0, void @empty_0" [firmware/nnet_utils/nnet_activation.h:43]   --->   Operation 2 'specpipeline' 'specpipeline_ln43' <Predicate = true> <Delay = 0.00>
ST_1 : Operation 3 [1/1] (0.00ns)   --->   "%data_31_val_read = read i16 @_ssdm_op_Read.ap_auto.i16, i16 %data_31_val" [firmware/nnet_utils/nnet_activation.h:42]   --->   Operation 3 'read' 'data_31_val_read' <Predicate = true> <Delay = 0.00>
ST_1 : Operation 4 [1/1] (0.00ns)   --->   "%data_30_val_read = read i16 @_ssdm_op_Read.ap_auto.i16, i16 %data_30_val" [firmware/nnet_utils/nnet_activation.h:42]   --->   Operation 4 'read' 'data_30_val_read' <Predicate = true> <Delay = 0.00>
ST_1 : Operation 5 [1/1] (0.00ns)   --->   "%data_29_val_read = read i16 @_ssdm_op_Read.ap_auto.i16, i16 %data_29_val" [firmware/nnet_utils/nnet_activation.h:42]   --->   Operation 5 'read' 'data_29_val_read' <Predicate = true> <Delay = 0.00>
ST_1 : Operation 6 [1/1] (0.00ns)   --->   "%data_28_val_read = read i16 @_ssdm_op_Read.ap_auto.i16, i16 %data_28_val" [firmware/nnet_utils/nnet_activation.h:42]   --->   Operation 6 'read' 'data_28_val_read' <Predicate = true> <Delay = 0.00>
ST_1 : Operation 7 [1/1] (0.00ns)   --->   "%data_27_val_read = read i16 @_ssdm_op_Read.ap_auto.i16, i16 %data_27_val" [firmware/nnet_utils/nnet_activation.h:42]   --->   Operation 7 'read' 'data_27_val_read' <Predicate = true> <Delay = 0.00>
ST_1 : Operation 8 [1/1] (0.00ns)   --->   "%data_26_val_read = read i16 @_ssdm_op_Read.ap_auto.i16, i16 %data_26_val" [firmware/nnet_utils/nnet_activation.h:42]   --->   Operation 8 'read' 'data_26_val_read' <Predicate = true> <Delay = 0.00>
ST_1 : Operation 9 [1/1] (0.00ns)   --->   "%data_25_val_read = read i16 @_ssdm_op_Read.ap_auto.i16, i16 %data_25_val" [firmware/nnet_utils/nnet_activation.h:42]   --->   Operation 9 'read' 'data_25_val_read' <Predicate = true> <Delay = 0.00>
ST_1 : Operation 10 [1/1] (0.00ns)   --->   "%data_24_val_read = read i16 @_ssdm_op_Read.ap_auto.i16, i16 %data_24_val" [firmware/nnet_utils/nnet_activation.h:42]   --->   Operation 10 'read' 'data_24_val_read' <Predicate = true> <Delay = 0.00>
ST_1 : Operation 11 [1/1] (0.00ns)   --->   "%data_23_val_read = read i16 @_ssdm_op_Read.ap_auto.i16, i16 %data_23_val" [firmware/nnet_utils/nnet_activation.h:42]   --->   Operation 11 'read' 'data_23_val_read' <Predicate = true> <Delay = 0.00>
ST_1 : Operation 12 [1/1] (0.00ns)   --->   "%data_22_val_read = read i16 @_ssdm_op_Read.ap_auto.i16, i16 %data_22_val" [firmware/nnet_utils/nnet_activation.h:42]   --->   Operation 12 'read' 'data_22_val_read' <Predicate = true> <Delay = 0.00>
ST_1 : Operation 13 [1/1] (0.00ns)   --->   "%data_21_val_read = read i16 @_ssdm_op_Read.ap_auto.i16, i16 %data_21_val" [firmware/nnet_utils/nnet_activation.h:42]   --->   Operation 13 'read' 'data_21_val_read' <Predicate = true> <Delay = 0.00>
ST_1 : Operation 14 [1/1] (0.00ns)   --->   "%data_20_val_read = read i16 @_ssdm_op_Read.ap_auto.i16, i16 %data_20_val" [firmware/nnet_utils/nnet_activation.h:42]   --->   Operation 14 'read' 'data_20_val_read' <Predicate = true> <Delay = 0.00>
ST_1 : Operation 15 [1/1] (0.00ns)   --->   "%data_19_val_read = read i16 @_ssdm_op_Read.ap_auto.i16, i16 %data_19_val" [firmware/nnet_utils/nnet_activation.h:42]   --->   Operation 15 'read' 'data_19_val_read' <Predicate = true> <Delay = 0.00>
ST_1 : Operation 16 [1/1] (0.00ns)   --->   "%data_18_val_read = read i16 @_ssdm_op_Read.ap_auto.i16, i16 %data_18_val" [firmware/nnet_utils/nnet_activation.h:42]   --->   Operation 16 'read' 'data_18_val_read' <Predicate = true> <Delay = 0.00>
ST_1 : Operation 17 [1/1] (0.00ns)   --->   "%data_17_val_read = read i16 @_ssdm_op_Read.ap_auto.i16, i16 %data_17_val" [firmware/nnet_utils/nnet_activation.h:42]   --->   Operation 17 'read' 'data_17_val_read' <Predicate = true> <Delay = 0.00>
ST_1 : Operation 18 [1/1] (0.00ns)   --->   "%data_16_val_read = read i16 @_ssdm_op_Read.ap_auto.i16, i16 %data_16_val" [firmware/nnet_utils/nnet_activation.h:42]   --->   Operation 18 'read' 'data_16_val_read' <Predicate = true> <Delay = 0.00>
ST_1 : Operation 19 [1/1] (0.00ns)   --->   "%data_15_val_read = read i16 @_ssdm_op_Read.ap_auto.i16, i16 %data_15_val" [firmware/nnet_utils/nnet_activation.h:42]   --->   Operation 19 'read' 'data_15_val_read' <Predicate = true> <Delay = 0.00>
ST_1 : Operation 20 [1/1] (0.00ns)   --->   "%data_14_val_read = read i16 @_ssdm_op_Read.ap_auto.i16, i16 %data_14_val" [firmware/nnet_utils/nnet_activation.h:42]   --->   Operation 20 'read' 'data_14_val_read' <Predicate = true> <Delay = 0.00>
ST_1 : Operation 21 [1/1] (0.00ns)   --->   "%data_13_val_read = read i16 @_ssdm_op_Read.ap_auto.i16, i16 %data_13_val" [firmware/nnet_utils/nnet_activation.h:42]   --->   Operation 21 'read' 'data_13_val_read' <Predicate = true> <Delay = 0.00>
ST_1 : Operation 22 [1/1] (0.00ns)   --->   "%data_12_val_read = read i16 @_ssdm_op_Read.ap_auto.i16, i16 %data_12_val" [firmware/nnet_utils/nnet_activation.h:42]   --->   Operation 22 'read' 'data_12_val_read' <Predicate = true> <Delay = 0.00>
ST_1 : Operation 23 [1/1] (0.00ns)   --->   "%data_11_val_read = read i16 @_ssdm_op_Read.ap_auto.i16, i16 %data_11_val" [firmware/nnet_utils/nnet_activation.h:42]   --->   Operation 23 'read' 'data_11_val_read' <Predicate = true> <Delay = 0.00>
ST_1 : Operation 24 [1/1] (0.00ns)   --->   "%data_10_val_read = read i16 @_ssdm_op_Read.ap_auto.i16, i16 %data_10_val" [firmware/nnet_utils/nnet_activation.h:42]   --->   Operation 24 'read' 'data_10_val_read' <Predicate = true> <Delay = 0.00>
ST_1 : Operation 25 [1/1] (0.00ns)   --->   "%data_9_val_read = read i16 @_ssdm_op_Read.ap_auto.i16, i16 %data_9_val" [firmware/nnet_utils/nnet_activation.h:42]   --->   Operation 25 'read' 'data_9_val_read' <Predicate = true> <Delay = 0.00>
ST_1 : Operation 26 [1/1] (0.00ns)   --->   "%data_8_val_read = read i16 @_ssdm_op_Read.ap_auto.i16, i16 %data_8_val" [firmware/nnet_utils/nnet_activation.h:42]   --->   Operation 26 'read' 'data_8_val_read' <Predicate = true> <Delay = 0.00>
ST_1 : Operation 27 [1/1] (0.00ns)   --->   "%data_7_val_read = read i16 @_ssdm_op_Read.ap_auto.i16, i16 %data_7_val" [firmware/nnet_utils/nnet_activation.h:42]   --->   Operation 27 'read' 'data_7_val_read' <Predicate = true> <Delay = 0.00>
ST_1 : Operation 28 [1/1] (0.00ns)   --->   "%data_6_val_read = read i16 @_ssdm_op_Read.ap_auto.i16, i16 %data_6_val" [firmware/nnet_utils/nnet_activation.h:42]   --->   Operation 28 'read' 'data_6_val_read' <Predicate = true> <Delay = 0.00>
ST_1 : Operation 29 [1/1] (0.00ns)   --->   "%data_5_val_read = read i16 @_ssdm_op_Read.ap_auto.i16, i16 %data_5_val" [firmware/nnet_utils/nnet_activation.h:42]   --->   Operation 29 'read' 'data_5_val_read' <Predicate = true> <Delay = 0.00>
ST_1 : Operation 30 [1/1] (0.00ns)   --->   "%data_4_val_read = read i16 @_ssdm_op_Read.ap_auto.i16, i16 %data_4_val" [firmware/nnet_utils/nnet_activation.h:42]   --->   Operation 30 'read' 'data_4_val_read' <Predicate = true> <Delay = 0.00>
ST_1 : Operation 31 [1/1] (0.00ns)   --->   "%data_3_val_read = read i16 @_ssdm_op_Read.ap_auto.i16, i16 %data_3_val" [firmware/nnet_utils/nnet_activation.h:42]   --->   Operation 31 'read' 'data_3_val_read' <Predicate = true> <Delay = 0.00>
ST_1 : Operation 32 [1/1] (0.00ns)   --->   "%data_2_val_read = read i16 @_ssdm_op_Read.ap_auto.i16, i16 %data_2_val" [firmware/nnet_utils/nnet_activation.h:42]   --->   Operation 32 'read' 'data_2_val_read' <Predicate = true> <Delay = 0.00>
ST_1 : Operation 33 [1/1] (0.00ns)   --->   "%data_1_val_read = read i16 @_ssdm_op_Read.ap_auto.i16, i16 %data_1_val" [firmware/nnet_utils/nnet_activation.h:42]   --->   Operation 33 'read' 'data_1_val_read' <Predicate = true> <Delay = 0.00>
ST_1 : Operation 34 [1/1] (0.00ns)   --->   "%data_0_val_read = read i16 @_ssdm_op_Read.ap_auto.i16, i16 %data_0_val" [firmware/nnet_utils/nnet_activation.h:42]   --->   Operation 34 'read' 'data_0_val_read' <Predicate = true> <Delay = 0.00>
ST_1 : Operation 35 [1/1] (0.78ns)   --->   "%icmp_ln45 = icmp_sgt  i16 %data_0_val_read, i16 0" [firmware/nnet_utils/nnet_activation.h:45]   --->   Operation 35 'icmp' 'icmp_ln45' <Predicate = true> <Delay = 0.78> <CoreInst = "Cmp">   --->   Core 9 'Cmp' <Latency = 0> <II = 1> <Delay = 0.78> <FuncUnit> <Opcode : 'icmp'> <InPorts = 2> <OutPorts = 1>
ST_1 : Operation 36 [1/1] (0.00ns) (grouped into LUT with out node select_ln45)   --->   "%trunc_ln46 = trunc i16 %data_0_val_read" [firmware/nnet_utils/nnet_activation.h:46]   --->   Operation 36 'trunc' 'trunc_ln46' <Predicate = (!icmp_ln46 & icmp_ln45)> <Delay = 0.00>
ST_1 : Operation 37 [1/1] (0.00ns) (grouped into LUT with out node select_ln45)   --->   "%shl_ln = bitconcatenate i15 @_ssdm_op_BitConcatenate.i15.i10.i5, i10 %trunc_ln46, i5 0" [firmware/nnet_utils/nnet_activation.h:46]   --->   Operation 37 'bitconcatenate' 'shl_ln' <Predicate = (!icmp_ln46 & icmp_ln45)> <Delay = 0.00>
ST_1 : Operation 38 [1/1] (0.00ns)   --->   "%tmp = partselect i6 @_ssdm_op_PartSelect.i6.i16.i32.i32, i16 %data_0_val_read, i32 10, i32 15" [firmware/nnet_utils/nnet_activation.h:46]   --->   Operation 38 'partselect' 'tmp' <Predicate = (icmp_ln45)> <Delay = 0.00>
ST_1 : Operation 39 [1/1] (0.70ns)   --->   "%icmp_ln46 = icmp_ne  i6 %tmp, i6 0" [firmware/nnet_utils/nnet_activation.h:46]   --->   Operation 39 'icmp' 'icmp_ln46' <Predicate = (icmp_ln45)> <Delay = 0.70> <CoreInst = "Cmp">   --->   Core 9 'Cmp' <Latency = 0> <II = 1> <Delay = 0.70> <FuncUnit> <Opcode : 'icmp'> <InPorts = 2> <OutPorts = 1>
ST_1 : Operation 40 [1/1] (0.00ns) (grouped into LUT with out node select_ln45)   --->   "%select_ln46 = select i1 %icmp_ln46, i15 32767, i15 %shl_ln" [firmware/nnet_utils/nnet_activation.h:46]   --->   Operation 40 'select' 'select_ln46' <Predicate = (icmp_ln45)> <Delay = 0.00> <CoreInst = "Sel">   --->   Core 73 'Sel' <Latency = 0> <II = 1> <Delay = 0.29> <FuncUnit> <Opcode : 'select'> <InPorts = 3> <OutPorts = 1>
ST_1 : Operation 41 [1/1] (0.29ns) (out node of the LUT)   --->   "%select_ln45 = select i1 %icmp_ln45, i15 %select_ln46, i15 0" [firmware/nnet_utils/nnet_activation.h:45]   --->   Operation 41 'select' 'select_ln45' <Predicate = true> <Delay = 0.29> <CoreInst = "Sel">   --->   Core 73 'Sel' <Latency = 0> <II = 1> <Delay = 0.29> <FuncUnit> <Opcode : 'select'> <InPorts = 3> <OutPorts = 1>
ST_1 : Operation 42 [1/1] (0.78ns)   --->   "%icmp_ln45_16 = icmp_sgt  i16 %data_1_val_read, i16 0" [firmware/nnet_utils/nnet_activation.h:45]   --->   Operation 42 'icmp' 'icmp_ln45_16' <Predicate = true> <Delay = 0.78> <CoreInst = "Cmp">   --->   Core 9 'Cmp' <Latency = 0> <II = 1> <Delay = 0.78> <FuncUnit> <Opcode : 'icmp'> <InPorts = 2> <OutPorts = 1>
ST_1 : Operation 43 [1/1] (0.00ns) (grouped into LUT with out node select_ln45_16)   --->   "%trunc_ln46_16 = trunc i16 %data_1_val_read" [firmware/nnet_utils/nnet_activation.h:46]   --->   Operation 43 'trunc' 'trunc_ln46_16' <Predicate = (!icmp_ln46_16 & icmp_ln45_16)> <Delay = 0.00>
ST_1 : Operation 44 [1/1] (0.00ns) (grouped into LUT with out node select_ln45_16)   --->   "%shl_ln46_s = bitconcatenate i15 @_ssdm_op_BitConcatenate.i15.i10.i5, i10 %trunc_ln46_16, i5 0" [firmware/nnet_utils/nnet_activation.h:46]   --->   Operation 44 'bitconcatenate' 'shl_ln46_s' <Predicate = (!icmp_ln46_16 & icmp_ln45_16)> <Delay = 0.00>
ST_1 : Operation 45 [1/1] (0.00ns)   --->   "%tmp_s = partselect i6 @_ssdm_op_PartSelect.i6.i16.i32.i32, i16 %data_1_val_read, i32 10, i32 15" [firmware/nnet_utils/nnet_activation.h:46]   --->   Operation 45 'partselect' 'tmp_s' <Predicate = (icmp_ln45_16)> <Delay = 0.00>
ST_1 : Operation 46 [1/1] (0.70ns)   --->   "%icmp_ln46_16 = icmp_ne  i6 %tmp_s, i6 0" [firmware/nnet_utils/nnet_activation.h:46]   --->   Operation 46 'icmp' 'icmp_ln46_16' <Predicate = (icmp_ln45_16)> <Delay = 0.70> <CoreInst = "Cmp">   --->   Core 9 'Cmp' <Latency = 0> <II = 1> <Delay = 0.70> <FuncUnit> <Opcode : 'icmp'> <InPorts = 2> <OutPorts = 1>
ST_1 : Operation 47 [1/1] (0.00ns) (grouped into LUT with out node select_ln45_16)   --->   "%select_ln46_16 = select i1 %icmp_ln46_16, i15 32767, i15 %shl_ln46_s" [firmware/nnet_utils/nnet_activation.h:46]   --->   Operation 47 'select' 'select_ln46_16' <Predicate = (icmp_ln45_16)> <Delay = 0.00> <CoreInst = "Sel">   --->   Core 73 'Sel' <Latency = 0> <II = 1> <Delay = 0.29> <FuncUnit> <Opcode : 'select'> <InPorts = 3> <OutPorts = 1>
ST_1 : Operation 48 [1/1] (0.29ns) (out node of the LUT)   --->   "%select_ln45_16 = select i1 %icmp_ln45_16, i15 %select_ln46_16, i15 0" [firmware/nnet_utils/nnet_activation.h:45]   --->   Operation 48 'select' 'select_ln45_16' <Predicate = true> <Delay = 0.29> <CoreInst = "Sel">   --->   Core 73 'Sel' <Latency = 0> <II = 1> <Delay = 0.29> <FuncUnit> <Opcode : 'select'> <InPorts = 3> <OutPorts = 1>
ST_1 : Operation 49 [1/1] (0.78ns)   --->   "%icmp_ln45_17 = icmp_sgt  i16 %data_2_val_read, i16 0" [firmware/nnet_utils/nnet_activation.h:45]   --->   Operation 49 'icmp' 'icmp_ln45_17' <Predicate = true> <Delay = 0.78> <CoreInst = "Cmp">   --->   Core 9 'Cmp' <Latency = 0> <II = 1> <Delay = 0.78> <FuncUnit> <Opcode : 'icmp'> <InPorts = 2> <OutPorts = 1>
ST_1 : Operation 50 [1/1] (0.00ns) (grouped into LUT with out node select_ln45_17)   --->   "%trunc_ln46_17 = trunc i16 %data_2_val_read" [firmware/nnet_utils/nnet_activation.h:46]   --->   Operation 50 'trunc' 'trunc_ln46_17' <Predicate = (!icmp_ln46_17 & icmp_ln45_17)> <Delay = 0.00>
ST_1 : Operation 51 [1/1] (0.00ns) (grouped into LUT with out node select_ln45_17)   --->   "%shl_ln46_15 = bitconcatenate i15 @_ssdm_op_BitConcatenate.i15.i10.i5, i10 %trunc_ln46_17, i5 0" [firmware/nnet_utils/nnet_activation.h:46]   --->   Operation 51 'bitconcatenate' 'shl_ln46_15' <Predicate = (!icmp_ln46_17 & icmp_ln45_17)> <Delay = 0.00>
ST_1 : Operation 52 [1/1] (0.00ns)   --->   "%tmp_15 = partselect i6 @_ssdm_op_PartSelect.i6.i16.i32.i32, i16 %data_2_val_read, i32 10, i32 15" [firmware/nnet_utils/nnet_activation.h:46]   --->   Operation 52 'partselect' 'tmp_15' <Predicate = (icmp_ln45_17)> <Delay = 0.00>
ST_1 : Operation 53 [1/1] (0.70ns)   --->   "%icmp_ln46_17 = icmp_ne  i6 %tmp_15, i6 0" [firmware/nnet_utils/nnet_activation.h:46]   --->   Operation 53 'icmp' 'icmp_ln46_17' <Predicate = (icmp_ln45_17)> <Delay = 0.70> <CoreInst = "Cmp">   --->   Core 9 'Cmp' <Latency = 0> <II = 1> <Delay = 0.70> <FuncUnit> <Opcode : 'icmp'> <InPorts = 2> <OutPorts = 1>
ST_1 : Operation 54 [1/1] (0.00ns) (grouped into LUT with out node select_ln45_17)   --->   "%select_ln46_17 = select i1 %icmp_ln46_17, i15 32767, i15 %shl_ln46_15" [firmware/nnet_utils/nnet_activation.h:46]   --->   Operation 54 'select' 'select_ln46_17' <Predicate = (icmp_ln45_17)> <Delay = 0.00> <CoreInst = "Sel">   --->   Core 73 'Sel' <Latency = 0> <II = 1> <Delay = 0.29> <FuncUnit> <Opcode : 'select'> <InPorts = 3> <OutPorts = 1>
ST_1 : Operation 55 [1/1] (0.29ns) (out node of the LUT)   --->   "%select_ln45_17 = select i1 %icmp_ln45_17, i15 %select_ln46_17, i15 0" [firmware/nnet_utils/nnet_activation.h:45]   --->   Operation 55 'select' 'select_ln45_17' <Predicate = true> <Delay = 0.29> <CoreInst = "Sel">   --->   Core 73 'Sel' <Latency = 0> <II = 1> <Delay = 0.29> <FuncUnit> <Opcode : 'select'> <InPorts = 3> <OutPorts = 1>
ST_1 : Operation 56 [1/1] (0.78ns)   --->   "%icmp_ln45_18 = icmp_sgt  i16 %data_3_val_read, i16 0" [firmware/nnet_utils/nnet_activation.h:45]   --->   Operation 56 'icmp' 'icmp_ln45_18' <Predicate = true> <Delay = 0.78> <CoreInst = "Cmp">   --->   Core 9 'Cmp' <Latency = 0> <II = 1> <Delay = 0.78> <FuncUnit> <Opcode : 'icmp'> <InPorts = 2> <OutPorts = 1>
ST_1 : Operation 57 [1/1] (0.00ns) (grouped into LUT with out node select_ln45_18)   --->   "%trunc_ln46_18 = trunc i16 %data_3_val_read" [firmware/nnet_utils/nnet_activation.h:46]   --->   Operation 57 'trunc' 'trunc_ln46_18' <Predicate = (!icmp_ln46_18 & icmp_ln45_18)> <Delay = 0.00>
ST_1 : Operation 58 [1/1] (0.00ns) (grouped into LUT with out node select_ln45_18)   --->   "%shl_ln46_16 = bitconcatenate i15 @_ssdm_op_BitConcatenate.i15.i10.i5, i10 %trunc_ln46_18, i5 0" [firmware/nnet_utils/nnet_activation.h:46]   --->   Operation 58 'bitconcatenate' 'shl_ln46_16' <Predicate = (!icmp_ln46_18 & icmp_ln45_18)> <Delay = 0.00>
ST_1 : Operation 59 [1/1] (0.00ns)   --->   "%tmp_16 = partselect i6 @_ssdm_op_PartSelect.i6.i16.i32.i32, i16 %data_3_val_read, i32 10, i32 15" [firmware/nnet_utils/nnet_activation.h:46]   --->   Operation 59 'partselect' 'tmp_16' <Predicate = (icmp_ln45_18)> <Delay = 0.00>
ST_1 : Operation 60 [1/1] (0.70ns)   --->   "%icmp_ln46_18 = icmp_ne  i6 %tmp_16, i6 0" [firmware/nnet_utils/nnet_activation.h:46]   --->   Operation 60 'icmp' 'icmp_ln46_18' <Predicate = (icmp_ln45_18)> <Delay = 0.70> <CoreInst = "Cmp">   --->   Core 9 'Cmp' <Latency = 0> <II = 1> <Delay = 0.70> <FuncUnit> <Opcode : 'icmp'> <InPorts = 2> <OutPorts = 1>
ST_1 : Operation 61 [1/1] (0.00ns) (grouped into LUT with out node select_ln45_18)   --->   "%select_ln46_18 = select i1 %icmp_ln46_18, i15 32767, i15 %shl_ln46_16" [firmware/nnet_utils/nnet_activation.h:46]   --->   Operation 61 'select' 'select_ln46_18' <Predicate = (icmp_ln45_18)> <Delay = 0.00> <CoreInst = "Sel">   --->   Core 73 'Sel' <Latency = 0> <II = 1> <Delay = 0.29> <FuncUnit> <Opcode : 'select'> <InPorts = 3> <OutPorts = 1>
ST_1 : Operation 62 [1/1] (0.29ns) (out node of the LUT)   --->   "%select_ln45_18 = select i1 %icmp_ln45_18, i15 %select_ln46_18, i15 0" [firmware/nnet_utils/nnet_activation.h:45]   --->   Operation 62 'select' 'select_ln45_18' <Predicate = true> <Delay = 0.29> <CoreInst = "Sel">   --->   Core 73 'Sel' <Latency = 0> <II = 1> <Delay = 0.29> <FuncUnit> <Opcode : 'select'> <InPorts = 3> <OutPorts = 1>
ST_1 : Operation 63 [1/1] (0.78ns)   --->   "%icmp_ln45_19 = icmp_sgt  i16 %data_4_val_read, i16 0" [firmware/nnet_utils/nnet_activation.h:45]   --->   Operation 63 'icmp' 'icmp_ln45_19' <Predicate = true> <Delay = 0.78> <CoreInst = "Cmp">   --->   Core 9 'Cmp' <Latency = 0> <II = 1> <Delay = 0.78> <FuncUnit> <Opcode : 'icmp'> <InPorts = 2> <OutPorts = 1>
ST_1 : Operation 64 [1/1] (0.00ns) (grouped into LUT with out node select_ln45_19)   --->   "%trunc_ln46_19 = trunc i16 %data_4_val_read" [firmware/nnet_utils/nnet_activation.h:46]   --->   Operation 64 'trunc' 'trunc_ln46_19' <Predicate = (!icmp_ln46_19 & icmp_ln45_19)> <Delay = 0.00>
ST_1 : Operation 65 [1/1] (0.00ns) (grouped into LUT with out node select_ln45_19)   --->   "%shl_ln46_17 = bitconcatenate i15 @_ssdm_op_BitConcatenate.i15.i10.i5, i10 %trunc_ln46_19, i5 0" [firmware/nnet_utils/nnet_activation.h:46]   --->   Operation 65 'bitconcatenate' 'shl_ln46_17' <Predicate = (!icmp_ln46_19 & icmp_ln45_19)> <Delay = 0.00>
ST_1 : Operation 66 [1/1] (0.00ns)   --->   "%tmp_17 = partselect i6 @_ssdm_op_PartSelect.i6.i16.i32.i32, i16 %data_4_val_read, i32 10, i32 15" [firmware/nnet_utils/nnet_activation.h:46]   --->   Operation 66 'partselect' 'tmp_17' <Predicate = (icmp_ln45_19)> <Delay = 0.00>
ST_1 : Operation 67 [1/1] (0.70ns)   --->   "%icmp_ln46_19 = icmp_ne  i6 %tmp_17, i6 0" [firmware/nnet_utils/nnet_activation.h:46]   --->   Operation 67 'icmp' 'icmp_ln46_19' <Predicate = (icmp_ln45_19)> <Delay = 0.70> <CoreInst = "Cmp">   --->   Core 9 'Cmp' <Latency = 0> <II = 1> <Delay = 0.70> <FuncUnit> <Opcode : 'icmp'> <InPorts = 2> <OutPorts = 1>
ST_1 : Operation 68 [1/1] (0.00ns) (grouped into LUT with out node select_ln45_19)   --->   "%select_ln46_19 = select i1 %icmp_ln46_19, i15 32767, i15 %shl_ln46_17" [firmware/nnet_utils/nnet_activation.h:46]   --->   Operation 68 'select' 'select_ln46_19' <Predicate = (icmp_ln45_19)> <Delay = 0.00> <CoreInst = "Sel">   --->   Core 73 'Sel' <Latency = 0> <II = 1> <Delay = 0.29> <FuncUnit> <Opcode : 'select'> <InPorts = 3> <OutPorts = 1>
ST_1 : Operation 69 [1/1] (0.29ns) (out node of the LUT)   --->   "%select_ln45_19 = select i1 %icmp_ln45_19, i15 %select_ln46_19, i15 0" [firmware/nnet_utils/nnet_activation.h:45]   --->   Operation 69 'select' 'select_ln45_19' <Predicate = true> <Delay = 0.29> <CoreInst = "Sel">   --->   Core 73 'Sel' <Latency = 0> <II = 1> <Delay = 0.29> <FuncUnit> <Opcode : 'select'> <InPorts = 3> <OutPorts = 1>
ST_1 : Operation 70 [1/1] (0.78ns)   --->   "%icmp_ln45_20 = icmp_sgt  i16 %data_5_val_read, i16 0" [firmware/nnet_utils/nnet_activation.h:45]   --->   Operation 70 'icmp' 'icmp_ln45_20' <Predicate = true> <Delay = 0.78> <CoreInst = "Cmp">   --->   Core 9 'Cmp' <Latency = 0> <II = 1> <Delay = 0.78> <FuncUnit> <Opcode : 'icmp'> <InPorts = 2> <OutPorts = 1>
ST_1 : Operation 71 [1/1] (0.00ns) (grouped into LUT with out node select_ln45_20)   --->   "%trunc_ln46_20 = trunc i16 %data_5_val_read" [firmware/nnet_utils/nnet_activation.h:46]   --->   Operation 71 'trunc' 'trunc_ln46_20' <Predicate = (!icmp_ln46_20 & icmp_ln45_20)> <Delay = 0.00>
ST_1 : Operation 72 [1/1] (0.00ns) (grouped into LUT with out node select_ln45_20)   --->   "%shl_ln46_18 = bitconcatenate i15 @_ssdm_op_BitConcatenate.i15.i10.i5, i10 %trunc_ln46_20, i5 0" [firmware/nnet_utils/nnet_activation.h:46]   --->   Operation 72 'bitconcatenate' 'shl_ln46_18' <Predicate = (!icmp_ln46_20 & icmp_ln45_20)> <Delay = 0.00>
ST_1 : Operation 73 [1/1] (0.00ns)   --->   "%tmp_18 = partselect i6 @_ssdm_op_PartSelect.i6.i16.i32.i32, i16 %data_5_val_read, i32 10, i32 15" [firmware/nnet_utils/nnet_activation.h:46]   --->   Operation 73 'partselect' 'tmp_18' <Predicate = (icmp_ln45_20)> <Delay = 0.00>
ST_1 : Operation 74 [1/1] (0.70ns)   --->   "%icmp_ln46_20 = icmp_ne  i6 %tmp_18, i6 0" [firmware/nnet_utils/nnet_activation.h:46]   --->   Operation 74 'icmp' 'icmp_ln46_20' <Predicate = (icmp_ln45_20)> <Delay = 0.70> <CoreInst = "Cmp">   --->   Core 9 'Cmp' <Latency = 0> <II = 1> <Delay = 0.70> <FuncUnit> <Opcode : 'icmp'> <InPorts = 2> <OutPorts = 1>
ST_1 : Operation 75 [1/1] (0.00ns) (grouped into LUT with out node select_ln45_20)   --->   "%select_ln46_20 = select i1 %icmp_ln46_20, i15 32767, i15 %shl_ln46_18" [firmware/nnet_utils/nnet_activation.h:46]   --->   Operation 75 'select' 'select_ln46_20' <Predicate = (icmp_ln45_20)> <Delay = 0.00> <CoreInst = "Sel">   --->   Core 73 'Sel' <Latency = 0> <II = 1> <Delay = 0.29> <FuncUnit> <Opcode : 'select'> <InPorts = 3> <OutPorts = 1>
ST_1 : Operation 76 [1/1] (0.29ns) (out node of the LUT)   --->   "%select_ln45_20 = select i1 %icmp_ln45_20, i15 %select_ln46_20, i15 0" [firmware/nnet_utils/nnet_activation.h:45]   --->   Operation 76 'select' 'select_ln45_20' <Predicate = true> <Delay = 0.29> <CoreInst = "Sel">   --->   Core 73 'Sel' <Latency = 0> <II = 1> <Delay = 0.29> <FuncUnit> <Opcode : 'select'> <InPorts = 3> <OutPorts = 1>
ST_1 : Operation 77 [1/1] (0.78ns)   --->   "%icmp_ln45_21 = icmp_sgt  i16 %data_6_val_read, i16 0" [firmware/nnet_utils/nnet_activation.h:45]   --->   Operation 77 'icmp' 'icmp_ln45_21' <Predicate = true> <Delay = 0.78> <CoreInst = "Cmp">   --->   Core 9 'Cmp' <Latency = 0> <II = 1> <Delay = 0.78> <FuncUnit> <Opcode : 'icmp'> <InPorts = 2> <OutPorts = 1>
ST_1 : Operation 78 [1/1] (0.00ns) (grouped into LUT with out node select_ln45_21)   --->   "%trunc_ln46_21 = trunc i16 %data_6_val_read" [firmware/nnet_utils/nnet_activation.h:46]   --->   Operation 78 'trunc' 'trunc_ln46_21' <Predicate = (!icmp_ln46_21 & icmp_ln45_21)> <Delay = 0.00>
ST_1 : Operation 79 [1/1] (0.00ns) (grouped into LUT with out node select_ln45_21)   --->   "%shl_ln46_19 = bitconcatenate i15 @_ssdm_op_BitConcatenate.i15.i10.i5, i10 %trunc_ln46_21, i5 0" [firmware/nnet_utils/nnet_activation.h:46]   --->   Operation 79 'bitconcatenate' 'shl_ln46_19' <Predicate = (!icmp_ln46_21 & icmp_ln45_21)> <Delay = 0.00>
ST_1 : Operation 80 [1/1] (0.00ns)   --->   "%tmp_19 = partselect i6 @_ssdm_op_PartSelect.i6.i16.i32.i32, i16 %data_6_val_read, i32 10, i32 15" [firmware/nnet_utils/nnet_activation.h:46]   --->   Operation 80 'partselect' 'tmp_19' <Predicate = (icmp_ln45_21)> <Delay = 0.00>
ST_1 : Operation 81 [1/1] (0.70ns)   --->   "%icmp_ln46_21 = icmp_ne  i6 %tmp_19, i6 0" [firmware/nnet_utils/nnet_activation.h:46]   --->   Operation 81 'icmp' 'icmp_ln46_21' <Predicate = (icmp_ln45_21)> <Delay = 0.70> <CoreInst = "Cmp">   --->   Core 9 'Cmp' <Latency = 0> <II = 1> <Delay = 0.70> <FuncUnit> <Opcode : 'icmp'> <InPorts = 2> <OutPorts = 1>
ST_1 : Operation 82 [1/1] (0.00ns) (grouped into LUT with out node select_ln45_21)   --->   "%select_ln46_21 = select i1 %icmp_ln46_21, i15 32767, i15 %shl_ln46_19" [firmware/nnet_utils/nnet_activation.h:46]   --->   Operation 82 'select' 'select_ln46_21' <Predicate = (icmp_ln45_21)> <Delay = 0.00> <CoreInst = "Sel">   --->   Core 73 'Sel' <Latency = 0> <II = 1> <Delay = 0.29> <FuncUnit> <Opcode : 'select'> <InPorts = 3> <OutPorts = 1>
ST_1 : Operation 83 [1/1] (0.29ns) (out node of the LUT)   --->   "%select_ln45_21 = select i1 %icmp_ln45_21, i15 %select_ln46_21, i15 0" [firmware/nnet_utils/nnet_activation.h:45]   --->   Operation 83 'select' 'select_ln45_21' <Predicate = true> <Delay = 0.29> <CoreInst = "Sel">   --->   Core 73 'Sel' <Latency = 0> <II = 1> <Delay = 0.29> <FuncUnit> <Opcode : 'select'> <InPorts = 3> <OutPorts = 1>
ST_1 : Operation 84 [1/1] (0.78ns)   --->   "%icmp_ln45_22 = icmp_sgt  i16 %data_7_val_read, i16 0" [firmware/nnet_utils/nnet_activation.h:45]   --->   Operation 84 'icmp' 'icmp_ln45_22' <Predicate = true> <Delay = 0.78> <CoreInst = "Cmp">   --->   Core 9 'Cmp' <Latency = 0> <II = 1> <Delay = 0.78> <FuncUnit> <Opcode : 'icmp'> <InPorts = 2> <OutPorts = 1>
ST_1 : Operation 85 [1/1] (0.00ns) (grouped into LUT with out node select_ln45_22)   --->   "%trunc_ln46_22 = trunc i16 %data_7_val_read" [firmware/nnet_utils/nnet_activation.h:46]   --->   Operation 85 'trunc' 'trunc_ln46_22' <Predicate = (!icmp_ln46_22 & icmp_ln45_22)> <Delay = 0.00>
ST_1 : Operation 86 [1/1] (0.00ns) (grouped into LUT with out node select_ln45_22)   --->   "%shl_ln46_20 = bitconcatenate i15 @_ssdm_op_BitConcatenate.i15.i10.i5, i10 %trunc_ln46_22, i5 0" [firmware/nnet_utils/nnet_activation.h:46]   --->   Operation 86 'bitconcatenate' 'shl_ln46_20' <Predicate = (!icmp_ln46_22 & icmp_ln45_22)> <Delay = 0.00>
ST_1 : Operation 87 [1/1] (0.00ns)   --->   "%tmp_20 = partselect i6 @_ssdm_op_PartSelect.i6.i16.i32.i32, i16 %data_7_val_read, i32 10, i32 15" [firmware/nnet_utils/nnet_activation.h:46]   --->   Operation 87 'partselect' 'tmp_20' <Predicate = (icmp_ln45_22)> <Delay = 0.00>
ST_1 : Operation 88 [1/1] (0.70ns)   --->   "%icmp_ln46_22 = icmp_ne  i6 %tmp_20, i6 0" [firmware/nnet_utils/nnet_activation.h:46]   --->   Operation 88 'icmp' 'icmp_ln46_22' <Predicate = (icmp_ln45_22)> <Delay = 0.70> <CoreInst = "Cmp">   --->   Core 9 'Cmp' <Latency = 0> <II = 1> <Delay = 0.70> <FuncUnit> <Opcode : 'icmp'> <InPorts = 2> <OutPorts = 1>
ST_1 : Operation 89 [1/1] (0.00ns) (grouped into LUT with out node select_ln45_22)   --->   "%select_ln46_22 = select i1 %icmp_ln46_22, i15 32767, i15 %shl_ln46_20" [firmware/nnet_utils/nnet_activation.h:46]   --->   Operation 89 'select' 'select_ln46_22' <Predicate = (icmp_ln45_22)> <Delay = 0.00> <CoreInst = "Sel">   --->   Core 73 'Sel' <Latency = 0> <II = 1> <Delay = 0.29> <FuncUnit> <Opcode : 'select'> <InPorts = 3> <OutPorts = 1>
ST_1 : Operation 90 [1/1] (0.29ns) (out node of the LUT)   --->   "%select_ln45_22 = select i1 %icmp_ln45_22, i15 %select_ln46_22, i15 0" [firmware/nnet_utils/nnet_activation.h:45]   --->   Operation 90 'select' 'select_ln45_22' <Predicate = true> <Delay = 0.29> <CoreInst = "Sel">   --->   Core 73 'Sel' <Latency = 0> <II = 1> <Delay = 0.29> <FuncUnit> <Opcode : 'select'> <InPorts = 3> <OutPorts = 1>
ST_1 : Operation 91 [1/1] (0.78ns)   --->   "%icmp_ln45_23 = icmp_sgt  i16 %data_8_val_read, i16 0" [firmware/nnet_utils/nnet_activation.h:45]   --->   Operation 91 'icmp' 'icmp_ln45_23' <Predicate = true> <Delay = 0.78> <CoreInst = "Cmp">   --->   Core 9 'Cmp' <Latency = 0> <II = 1> <Delay = 0.78> <FuncUnit> <Opcode : 'icmp'> <InPorts = 2> <OutPorts = 1>
ST_1 : Operation 92 [1/1] (0.00ns) (grouped into LUT with out node select_ln45_23)   --->   "%trunc_ln46_23 = trunc i16 %data_8_val_read" [firmware/nnet_utils/nnet_activation.h:46]   --->   Operation 92 'trunc' 'trunc_ln46_23' <Predicate = (!icmp_ln46_23 & icmp_ln45_23)> <Delay = 0.00>
ST_1 : Operation 93 [1/1] (0.00ns) (grouped into LUT with out node select_ln45_23)   --->   "%shl_ln46_21 = bitconcatenate i15 @_ssdm_op_BitConcatenate.i15.i10.i5, i10 %trunc_ln46_23, i5 0" [firmware/nnet_utils/nnet_activation.h:46]   --->   Operation 93 'bitconcatenate' 'shl_ln46_21' <Predicate = (!icmp_ln46_23 & icmp_ln45_23)> <Delay = 0.00>
ST_1 : Operation 94 [1/1] (0.00ns)   --->   "%tmp_21 = partselect i6 @_ssdm_op_PartSelect.i6.i16.i32.i32, i16 %data_8_val_read, i32 10, i32 15" [firmware/nnet_utils/nnet_activation.h:46]   --->   Operation 94 'partselect' 'tmp_21' <Predicate = (icmp_ln45_23)> <Delay = 0.00>
ST_1 : Operation 95 [1/1] (0.70ns)   --->   "%icmp_ln46_23 = icmp_ne  i6 %tmp_21, i6 0" [firmware/nnet_utils/nnet_activation.h:46]   --->   Operation 95 'icmp' 'icmp_ln46_23' <Predicate = (icmp_ln45_23)> <Delay = 0.70> <CoreInst = "Cmp">   --->   Core 9 'Cmp' <Latency = 0> <II = 1> <Delay = 0.70> <FuncUnit> <Opcode : 'icmp'> <InPorts = 2> <OutPorts = 1>
ST_1 : Operation 96 [1/1] (0.00ns) (grouped into LUT with out node select_ln45_23)   --->   "%select_ln46_23 = select i1 %icmp_ln46_23, i15 32767, i15 %shl_ln46_21" [firmware/nnet_utils/nnet_activation.h:46]   --->   Operation 96 'select' 'select_ln46_23' <Predicate = (icmp_ln45_23)> <Delay = 0.00> <CoreInst = "Sel">   --->   Core 73 'Sel' <Latency = 0> <II = 1> <Delay = 0.29> <FuncUnit> <Opcode : 'select'> <InPorts = 3> <OutPorts = 1>
ST_1 : Operation 97 [1/1] (0.29ns) (out node of the LUT)   --->   "%select_ln45_23 = select i1 %icmp_ln45_23, i15 %select_ln46_23, i15 0" [firmware/nnet_utils/nnet_activation.h:45]   --->   Operation 97 'select' 'select_ln45_23' <Predicate = true> <Delay = 0.29> <CoreInst = "Sel">   --->   Core 73 'Sel' <Latency = 0> <II = 1> <Delay = 0.29> <FuncUnit> <Opcode : 'select'> <InPorts = 3> <OutPorts = 1>
ST_1 : Operation 98 [1/1] (0.78ns)   --->   "%icmp_ln45_24 = icmp_sgt  i16 %data_9_val_read, i16 0" [firmware/nnet_utils/nnet_activation.h:45]   --->   Operation 98 'icmp' 'icmp_ln45_24' <Predicate = true> <Delay = 0.78> <CoreInst = "Cmp">   --->   Core 9 'Cmp' <Latency = 0> <II = 1> <Delay = 0.78> <FuncUnit> <Opcode : 'icmp'> <InPorts = 2> <OutPorts = 1>
ST_1 : Operation 99 [1/1] (0.00ns) (grouped into LUT with out node select_ln45_24)   --->   "%trunc_ln46_24 = trunc i16 %data_9_val_read" [firmware/nnet_utils/nnet_activation.h:46]   --->   Operation 99 'trunc' 'trunc_ln46_24' <Predicate = (!icmp_ln46_24 & icmp_ln45_24)> <Delay = 0.00>
ST_1 : Operation 100 [1/1] (0.00ns) (grouped into LUT with out node select_ln45_24)   --->   "%shl_ln46_22 = bitconcatenate i15 @_ssdm_op_BitConcatenate.i15.i10.i5, i10 %trunc_ln46_24, i5 0" [firmware/nnet_utils/nnet_activation.h:46]   --->   Operation 100 'bitconcatenate' 'shl_ln46_22' <Predicate = (!icmp_ln46_24 & icmp_ln45_24)> <Delay = 0.00>
ST_1 : Operation 101 [1/1] (0.00ns)   --->   "%tmp_22 = partselect i6 @_ssdm_op_PartSelect.i6.i16.i32.i32, i16 %data_9_val_read, i32 10, i32 15" [firmware/nnet_utils/nnet_activation.h:46]   --->   Operation 101 'partselect' 'tmp_22' <Predicate = (icmp_ln45_24)> <Delay = 0.00>
ST_1 : Operation 102 [1/1] (0.70ns)   --->   "%icmp_ln46_24 = icmp_ne  i6 %tmp_22, i6 0" [firmware/nnet_utils/nnet_activation.h:46]   --->   Operation 102 'icmp' 'icmp_ln46_24' <Predicate = (icmp_ln45_24)> <Delay = 0.70> <CoreInst = "Cmp">   --->   Core 9 'Cmp' <Latency = 0> <II = 1> <Delay = 0.70> <FuncUnit> <Opcode : 'icmp'> <InPorts = 2> <OutPorts = 1>
ST_1 : Operation 103 [1/1] (0.00ns) (grouped into LUT with out node select_ln45_24)   --->   "%select_ln46_24 = select i1 %icmp_ln46_24, i15 32767, i15 %shl_ln46_22" [firmware/nnet_utils/nnet_activation.h:46]   --->   Operation 103 'select' 'select_ln46_24' <Predicate = (icmp_ln45_24)> <Delay = 0.00> <CoreInst = "Sel">   --->   Core 73 'Sel' <Latency = 0> <II = 1> <Delay = 0.29> <FuncUnit> <Opcode : 'select'> <InPorts = 3> <OutPorts = 1>
ST_1 : Operation 104 [1/1] (0.29ns) (out node of the LUT)   --->   "%select_ln45_24 = select i1 %icmp_ln45_24, i15 %select_ln46_24, i15 0" [firmware/nnet_utils/nnet_activation.h:45]   --->   Operation 104 'select' 'select_ln45_24' <Predicate = true> <Delay = 0.29> <CoreInst = "Sel">   --->   Core 73 'Sel' <Latency = 0> <II = 1> <Delay = 0.29> <FuncUnit> <Opcode : 'select'> <InPorts = 3> <OutPorts = 1>
ST_1 : Operation 105 [1/1] (0.78ns)   --->   "%icmp_ln45_25 = icmp_sgt  i16 %data_10_val_read, i16 0" [firmware/nnet_utils/nnet_activation.h:45]   --->   Operation 105 'icmp' 'icmp_ln45_25' <Predicate = true> <Delay = 0.78> <CoreInst = "Cmp">   --->   Core 9 'Cmp' <Latency = 0> <II = 1> <Delay = 0.78> <FuncUnit> <Opcode : 'icmp'> <InPorts = 2> <OutPorts = 1>
ST_1 : Operation 106 [1/1] (0.00ns) (grouped into LUT with out node select_ln45_25)   --->   "%trunc_ln46_25 = trunc i16 %data_10_val_read" [firmware/nnet_utils/nnet_activation.h:46]   --->   Operation 106 'trunc' 'trunc_ln46_25' <Predicate = (!icmp_ln46_25 & icmp_ln45_25)> <Delay = 0.00>
ST_1 : Operation 107 [1/1] (0.00ns) (grouped into LUT with out node select_ln45_25)   --->   "%shl_ln46_23 = bitconcatenate i15 @_ssdm_op_BitConcatenate.i15.i10.i5, i10 %trunc_ln46_25, i5 0" [firmware/nnet_utils/nnet_activation.h:46]   --->   Operation 107 'bitconcatenate' 'shl_ln46_23' <Predicate = (!icmp_ln46_25 & icmp_ln45_25)> <Delay = 0.00>
ST_1 : Operation 108 [1/1] (0.00ns)   --->   "%tmp_23 = partselect i6 @_ssdm_op_PartSelect.i6.i16.i32.i32, i16 %data_10_val_read, i32 10, i32 15" [firmware/nnet_utils/nnet_activation.h:46]   --->   Operation 108 'partselect' 'tmp_23' <Predicate = (icmp_ln45_25)> <Delay = 0.00>
ST_1 : Operation 109 [1/1] (0.70ns)   --->   "%icmp_ln46_25 = icmp_ne  i6 %tmp_23, i6 0" [firmware/nnet_utils/nnet_activation.h:46]   --->   Operation 109 'icmp' 'icmp_ln46_25' <Predicate = (icmp_ln45_25)> <Delay = 0.70> <CoreInst = "Cmp">   --->   Core 9 'Cmp' <Latency = 0> <II = 1> <Delay = 0.70> <FuncUnit> <Opcode : 'icmp'> <InPorts = 2> <OutPorts = 1>
ST_1 : Operation 110 [1/1] (0.00ns) (grouped into LUT with out node select_ln45_25)   --->   "%select_ln46_25 = select i1 %icmp_ln46_25, i15 32767, i15 %shl_ln46_23" [firmware/nnet_utils/nnet_activation.h:46]   --->   Operation 110 'select' 'select_ln46_25' <Predicate = (icmp_ln45_25)> <Delay = 0.00> <CoreInst = "Sel">   --->   Core 73 'Sel' <Latency = 0> <II = 1> <Delay = 0.29> <FuncUnit> <Opcode : 'select'> <InPorts = 3> <OutPorts = 1>
ST_1 : Operation 111 [1/1] (0.29ns) (out node of the LUT)   --->   "%select_ln45_25 = select i1 %icmp_ln45_25, i15 %select_ln46_25, i15 0" [firmware/nnet_utils/nnet_activation.h:45]   --->   Operation 111 'select' 'select_ln45_25' <Predicate = true> <Delay = 0.29> <CoreInst = "Sel">   --->   Core 73 'Sel' <Latency = 0> <II = 1> <Delay = 0.29> <FuncUnit> <Opcode : 'select'> <InPorts = 3> <OutPorts = 1>
ST_1 : Operation 112 [1/1] (0.78ns)   --->   "%icmp_ln45_26 = icmp_sgt  i16 %data_11_val_read, i16 0" [firmware/nnet_utils/nnet_activation.h:45]   --->   Operation 112 'icmp' 'icmp_ln45_26' <Predicate = true> <Delay = 0.78> <CoreInst = "Cmp">   --->   Core 9 'Cmp' <Latency = 0> <II = 1> <Delay = 0.78> <FuncUnit> <Opcode : 'icmp'> <InPorts = 2> <OutPorts = 1>
ST_1 : Operation 113 [1/1] (0.00ns) (grouped into LUT with out node select_ln45_26)   --->   "%trunc_ln46_26 = trunc i16 %data_11_val_read" [firmware/nnet_utils/nnet_activation.h:46]   --->   Operation 113 'trunc' 'trunc_ln46_26' <Predicate = (!icmp_ln46_26 & icmp_ln45_26)> <Delay = 0.00>
ST_1 : Operation 114 [1/1] (0.00ns) (grouped into LUT with out node select_ln45_26)   --->   "%shl_ln46_24 = bitconcatenate i15 @_ssdm_op_BitConcatenate.i15.i10.i5, i10 %trunc_ln46_26, i5 0" [firmware/nnet_utils/nnet_activation.h:46]   --->   Operation 114 'bitconcatenate' 'shl_ln46_24' <Predicate = (!icmp_ln46_26 & icmp_ln45_26)> <Delay = 0.00>
ST_1 : Operation 115 [1/1] (0.00ns)   --->   "%tmp_24 = partselect i6 @_ssdm_op_PartSelect.i6.i16.i32.i32, i16 %data_11_val_read, i32 10, i32 15" [firmware/nnet_utils/nnet_activation.h:46]   --->   Operation 115 'partselect' 'tmp_24' <Predicate = (icmp_ln45_26)> <Delay = 0.00>
ST_1 : Operation 116 [1/1] (0.70ns)   --->   "%icmp_ln46_26 = icmp_ne  i6 %tmp_24, i6 0" [firmware/nnet_utils/nnet_activation.h:46]   --->   Operation 116 'icmp' 'icmp_ln46_26' <Predicate = (icmp_ln45_26)> <Delay = 0.70> <CoreInst = "Cmp">   --->   Core 9 'Cmp' <Latency = 0> <II = 1> <Delay = 0.70> <FuncUnit> <Opcode : 'icmp'> <InPorts = 2> <OutPorts = 1>
ST_1 : Operation 117 [1/1] (0.00ns) (grouped into LUT with out node select_ln45_26)   --->   "%select_ln46_26 = select i1 %icmp_ln46_26, i15 32767, i15 %shl_ln46_24" [firmware/nnet_utils/nnet_activation.h:46]   --->   Operation 117 'select' 'select_ln46_26' <Predicate = (icmp_ln45_26)> <Delay = 0.00> <CoreInst = "Sel">   --->   Core 73 'Sel' <Latency = 0> <II = 1> <Delay = 0.29> <FuncUnit> <Opcode : 'select'> <InPorts = 3> <OutPorts = 1>
ST_1 : Operation 118 [1/1] (0.29ns) (out node of the LUT)   --->   "%select_ln45_26 = select i1 %icmp_ln45_26, i15 %select_ln46_26, i15 0" [firmware/nnet_utils/nnet_activation.h:45]   --->   Operation 118 'select' 'select_ln45_26' <Predicate = true> <Delay = 0.29> <CoreInst = "Sel">   --->   Core 73 'Sel' <Latency = 0> <II = 1> <Delay = 0.29> <FuncUnit> <Opcode : 'select'> <InPorts = 3> <OutPorts = 1>
ST_1 : Operation 119 [1/1] (0.78ns)   --->   "%icmp_ln45_27 = icmp_sgt  i16 %data_12_val_read, i16 0" [firmware/nnet_utils/nnet_activation.h:45]   --->   Operation 119 'icmp' 'icmp_ln45_27' <Predicate = true> <Delay = 0.78> <CoreInst = "Cmp">   --->   Core 9 'Cmp' <Latency = 0> <II = 1> <Delay = 0.78> <FuncUnit> <Opcode : 'icmp'> <InPorts = 2> <OutPorts = 1>
ST_1 : Operation 120 [1/1] (0.00ns) (grouped into LUT with out node select_ln45_27)   --->   "%trunc_ln46_27 = trunc i16 %data_12_val_read" [firmware/nnet_utils/nnet_activation.h:46]   --->   Operation 120 'trunc' 'trunc_ln46_27' <Predicate = (!icmp_ln46_27 & icmp_ln45_27)> <Delay = 0.00>
ST_1 : Operation 121 [1/1] (0.00ns) (grouped into LUT with out node select_ln45_27)   --->   "%shl_ln46_25 = bitconcatenate i15 @_ssdm_op_BitConcatenate.i15.i10.i5, i10 %trunc_ln46_27, i5 0" [firmware/nnet_utils/nnet_activation.h:46]   --->   Operation 121 'bitconcatenate' 'shl_ln46_25' <Predicate = (!icmp_ln46_27 & icmp_ln45_27)> <Delay = 0.00>
ST_1 : Operation 122 [1/1] (0.00ns)   --->   "%tmp_25 = partselect i6 @_ssdm_op_PartSelect.i6.i16.i32.i32, i16 %data_12_val_read, i32 10, i32 15" [firmware/nnet_utils/nnet_activation.h:46]   --->   Operation 122 'partselect' 'tmp_25' <Predicate = (icmp_ln45_27)> <Delay = 0.00>
ST_1 : Operation 123 [1/1] (0.70ns)   --->   "%icmp_ln46_27 = icmp_ne  i6 %tmp_25, i6 0" [firmware/nnet_utils/nnet_activation.h:46]   --->   Operation 123 'icmp' 'icmp_ln46_27' <Predicate = (icmp_ln45_27)> <Delay = 0.70> <CoreInst = "Cmp">   --->   Core 9 'Cmp' <Latency = 0> <II = 1> <Delay = 0.70> <FuncUnit> <Opcode : 'icmp'> <InPorts = 2> <OutPorts = 1>
ST_1 : Operation 124 [1/1] (0.00ns) (grouped into LUT with out node select_ln45_27)   --->   "%select_ln46_27 = select i1 %icmp_ln46_27, i15 32767, i15 %shl_ln46_25" [firmware/nnet_utils/nnet_activation.h:46]   --->   Operation 124 'select' 'select_ln46_27' <Predicate = (icmp_ln45_27)> <Delay = 0.00> <CoreInst = "Sel">   --->   Core 73 'Sel' <Latency = 0> <II = 1> <Delay = 0.29> <FuncUnit> <Opcode : 'select'> <InPorts = 3> <OutPorts = 1>
ST_1 : Operation 125 [1/1] (0.29ns) (out node of the LUT)   --->   "%select_ln45_27 = select i1 %icmp_ln45_27, i15 %select_ln46_27, i15 0" [firmware/nnet_utils/nnet_activation.h:45]   --->   Operation 125 'select' 'select_ln45_27' <Predicate = true> <Delay = 0.29> <CoreInst = "Sel">   --->   Core 73 'Sel' <Latency = 0> <II = 1> <Delay = 0.29> <FuncUnit> <Opcode : 'select'> <InPorts = 3> <OutPorts = 1>
ST_1 : Operation 126 [1/1] (0.78ns)   --->   "%icmp_ln45_28 = icmp_sgt  i16 %data_13_val_read, i16 0" [firmware/nnet_utils/nnet_activation.h:45]   --->   Operation 126 'icmp' 'icmp_ln45_28' <Predicate = true> <Delay = 0.78> <CoreInst = "Cmp">   --->   Core 9 'Cmp' <Latency = 0> <II = 1> <Delay = 0.78> <FuncUnit> <Opcode : 'icmp'> <InPorts = 2> <OutPorts = 1>
ST_1 : Operation 127 [1/1] (0.00ns) (grouped into LUT with out node select_ln45_28)   --->   "%trunc_ln46_28 = trunc i16 %data_13_val_read" [firmware/nnet_utils/nnet_activation.h:46]   --->   Operation 127 'trunc' 'trunc_ln46_28' <Predicate = (!icmp_ln46_28 & icmp_ln45_28)> <Delay = 0.00>
ST_1 : Operation 128 [1/1] (0.00ns) (grouped into LUT with out node select_ln45_28)   --->   "%shl_ln46_26 = bitconcatenate i15 @_ssdm_op_BitConcatenate.i15.i10.i5, i10 %trunc_ln46_28, i5 0" [firmware/nnet_utils/nnet_activation.h:46]   --->   Operation 128 'bitconcatenate' 'shl_ln46_26' <Predicate = (!icmp_ln46_28 & icmp_ln45_28)> <Delay = 0.00>
ST_1 : Operation 129 [1/1] (0.00ns)   --->   "%tmp_26 = partselect i6 @_ssdm_op_PartSelect.i6.i16.i32.i32, i16 %data_13_val_read, i32 10, i32 15" [firmware/nnet_utils/nnet_activation.h:46]   --->   Operation 129 'partselect' 'tmp_26' <Predicate = (icmp_ln45_28)> <Delay = 0.00>
ST_1 : Operation 130 [1/1] (0.70ns)   --->   "%icmp_ln46_28 = icmp_ne  i6 %tmp_26, i6 0" [firmware/nnet_utils/nnet_activation.h:46]   --->   Operation 130 'icmp' 'icmp_ln46_28' <Predicate = (icmp_ln45_28)> <Delay = 0.70> <CoreInst = "Cmp">   --->   Core 9 'Cmp' <Latency = 0> <II = 1> <Delay = 0.70> <FuncUnit> <Opcode : 'icmp'> <InPorts = 2> <OutPorts = 1>
ST_1 : Operation 131 [1/1] (0.00ns) (grouped into LUT with out node select_ln45_28)   --->   "%select_ln46_28 = select i1 %icmp_ln46_28, i15 32767, i15 %shl_ln46_26" [firmware/nnet_utils/nnet_activation.h:46]   --->   Operation 131 'select' 'select_ln46_28' <Predicate = (icmp_ln45_28)> <Delay = 0.00> <CoreInst = "Sel">   --->   Core 73 'Sel' <Latency = 0> <II = 1> <Delay = 0.29> <FuncUnit> <Opcode : 'select'> <InPorts = 3> <OutPorts = 1>
ST_1 : Operation 132 [1/1] (0.29ns) (out node of the LUT)   --->   "%select_ln45_28 = select i1 %icmp_ln45_28, i15 %select_ln46_28, i15 0" [firmware/nnet_utils/nnet_activation.h:45]   --->   Operation 132 'select' 'select_ln45_28' <Predicate = true> <Delay = 0.29> <CoreInst = "Sel">   --->   Core 73 'Sel' <Latency = 0> <II = 1> <Delay = 0.29> <FuncUnit> <Opcode : 'select'> <InPorts = 3> <OutPorts = 1>
ST_1 : Operation 133 [1/1] (0.78ns)   --->   "%icmp_ln45_29 = icmp_sgt  i16 %data_14_val_read, i16 0" [firmware/nnet_utils/nnet_activation.h:45]   --->   Operation 133 'icmp' 'icmp_ln45_29' <Predicate = true> <Delay = 0.78> <CoreInst = "Cmp">   --->   Core 9 'Cmp' <Latency = 0> <II = 1> <Delay = 0.78> <FuncUnit> <Opcode : 'icmp'> <InPorts = 2> <OutPorts = 1>
ST_1 : Operation 134 [1/1] (0.00ns) (grouped into LUT with out node select_ln45_29)   --->   "%trunc_ln46_29 = trunc i16 %data_14_val_read" [firmware/nnet_utils/nnet_activation.h:46]   --->   Operation 134 'trunc' 'trunc_ln46_29' <Predicate = (!icmp_ln46_29 & icmp_ln45_29)> <Delay = 0.00>
ST_1 : Operation 135 [1/1] (0.00ns) (grouped into LUT with out node select_ln45_29)   --->   "%shl_ln46_27 = bitconcatenate i15 @_ssdm_op_BitConcatenate.i15.i10.i5, i10 %trunc_ln46_29, i5 0" [firmware/nnet_utils/nnet_activation.h:46]   --->   Operation 135 'bitconcatenate' 'shl_ln46_27' <Predicate = (!icmp_ln46_29 & icmp_ln45_29)> <Delay = 0.00>
ST_1 : Operation 136 [1/1] (0.00ns)   --->   "%tmp_27 = partselect i6 @_ssdm_op_PartSelect.i6.i16.i32.i32, i16 %data_14_val_read, i32 10, i32 15" [firmware/nnet_utils/nnet_activation.h:46]   --->   Operation 136 'partselect' 'tmp_27' <Predicate = (icmp_ln45_29)> <Delay = 0.00>
ST_1 : Operation 137 [1/1] (0.70ns)   --->   "%icmp_ln46_29 = icmp_ne  i6 %tmp_27, i6 0" [firmware/nnet_utils/nnet_activation.h:46]   --->   Operation 137 'icmp' 'icmp_ln46_29' <Predicate = (icmp_ln45_29)> <Delay = 0.70> <CoreInst = "Cmp">   --->   Core 9 'Cmp' <Latency = 0> <II = 1> <Delay = 0.70> <FuncUnit> <Opcode : 'icmp'> <InPorts = 2> <OutPorts = 1>
ST_1 : Operation 138 [1/1] (0.00ns) (grouped into LUT with out node select_ln45_29)   --->   "%select_ln46_29 = select i1 %icmp_ln46_29, i15 32767, i15 %shl_ln46_27" [firmware/nnet_utils/nnet_activation.h:46]   --->   Operation 138 'select' 'select_ln46_29' <Predicate = (icmp_ln45_29)> <Delay = 0.00> <CoreInst = "Sel">   --->   Core 73 'Sel' <Latency = 0> <II = 1> <Delay = 0.29> <FuncUnit> <Opcode : 'select'> <InPorts = 3> <OutPorts = 1>
ST_1 : Operation 139 [1/1] (0.29ns) (out node of the LUT)   --->   "%select_ln45_29 = select i1 %icmp_ln45_29, i15 %select_ln46_29, i15 0" [firmware/nnet_utils/nnet_activation.h:45]   --->   Operation 139 'select' 'select_ln45_29' <Predicate = true> <Delay = 0.29> <CoreInst = "Sel">   --->   Core 73 'Sel' <Latency = 0> <II = 1> <Delay = 0.29> <FuncUnit> <Opcode : 'select'> <InPorts = 3> <OutPorts = 1>
ST_1 : Operation 140 [1/1] (0.78ns)   --->   "%icmp_ln45_30 = icmp_sgt  i16 %data_15_val_read, i16 0" [firmware/nnet_utils/nnet_activation.h:45]   --->   Operation 140 'icmp' 'icmp_ln45_30' <Predicate = true> <Delay = 0.78> <CoreInst = "Cmp">   --->   Core 9 'Cmp' <Latency = 0> <II = 1> <Delay = 0.78> <FuncUnit> <Opcode : 'icmp'> <InPorts = 2> <OutPorts = 1>
ST_1 : Operation 141 [1/1] (0.00ns) (grouped into LUT with out node select_ln45_30)   --->   "%trunc_ln46_30 = trunc i16 %data_15_val_read" [firmware/nnet_utils/nnet_activation.h:46]   --->   Operation 141 'trunc' 'trunc_ln46_30' <Predicate = (!icmp_ln46_30 & icmp_ln45_30)> <Delay = 0.00>
ST_1 : Operation 142 [1/1] (0.00ns) (grouped into LUT with out node select_ln45_30)   --->   "%shl_ln46_28 = bitconcatenate i15 @_ssdm_op_BitConcatenate.i15.i10.i5, i10 %trunc_ln46_30, i5 0" [firmware/nnet_utils/nnet_activation.h:46]   --->   Operation 142 'bitconcatenate' 'shl_ln46_28' <Predicate = (!icmp_ln46_30 & icmp_ln45_30)> <Delay = 0.00>
ST_1 : Operation 143 [1/1] (0.00ns)   --->   "%tmp_28 = partselect i6 @_ssdm_op_PartSelect.i6.i16.i32.i32, i16 %data_15_val_read, i32 10, i32 15" [firmware/nnet_utils/nnet_activation.h:46]   --->   Operation 143 'partselect' 'tmp_28' <Predicate = (icmp_ln45_30)> <Delay = 0.00>
ST_1 : Operation 144 [1/1] (0.70ns)   --->   "%icmp_ln46_30 = icmp_ne  i6 %tmp_28, i6 0" [firmware/nnet_utils/nnet_activation.h:46]   --->   Operation 144 'icmp' 'icmp_ln46_30' <Predicate = (icmp_ln45_30)> <Delay = 0.70> <CoreInst = "Cmp">   --->   Core 9 'Cmp' <Latency = 0> <II = 1> <Delay = 0.70> <FuncUnit> <Opcode : 'icmp'> <InPorts = 2> <OutPorts = 1>
ST_1 : Operation 145 [1/1] (0.00ns) (grouped into LUT with out node select_ln45_30)   --->   "%select_ln46_30 = select i1 %icmp_ln46_30, i15 32767, i15 %shl_ln46_28" [firmware/nnet_utils/nnet_activation.h:46]   --->   Operation 145 'select' 'select_ln46_30' <Predicate = (icmp_ln45_30)> <Delay = 0.00> <CoreInst = "Sel">   --->   Core 73 'Sel' <Latency = 0> <II = 1> <Delay = 0.29> <FuncUnit> <Opcode : 'select'> <InPorts = 3> <OutPorts = 1>
ST_1 : Operation 146 [1/1] (0.29ns) (out node of the LUT)   --->   "%select_ln45_30 = select i1 %icmp_ln45_30, i15 %select_ln46_30, i15 0" [firmware/nnet_utils/nnet_activation.h:45]   --->   Operation 146 'select' 'select_ln45_30' <Predicate = true> <Delay = 0.29> <CoreInst = "Sel">   --->   Core 73 'Sel' <Latency = 0> <II = 1> <Delay = 0.29> <FuncUnit> <Opcode : 'select'> <InPorts = 3> <OutPorts = 1>
ST_1 : Operation 147 [1/1] (0.78ns)   --->   "%icmp_ln45_31 = icmp_sgt  i16 %data_16_val_read, i16 0" [firmware/nnet_utils/nnet_activation.h:45]   --->   Operation 147 'icmp' 'icmp_ln45_31' <Predicate = true> <Delay = 0.78> <CoreInst = "Cmp">   --->   Core 9 'Cmp' <Latency = 0> <II = 1> <Delay = 0.78> <FuncUnit> <Opcode : 'icmp'> <InPorts = 2> <OutPorts = 1>
ST_1 : Operation 148 [1/1] (0.00ns) (grouped into LUT with out node select_ln45_31)   --->   "%trunc_ln46_31 = trunc i16 %data_16_val_read" [firmware/nnet_utils/nnet_activation.h:46]   --->   Operation 148 'trunc' 'trunc_ln46_31' <Predicate = (!icmp_ln46_31 & icmp_ln45_31)> <Delay = 0.00>
ST_1 : Operation 149 [1/1] (0.00ns) (grouped into LUT with out node select_ln45_31)   --->   "%shl_ln46_29 = bitconcatenate i15 @_ssdm_op_BitConcatenate.i15.i10.i5, i10 %trunc_ln46_31, i5 0" [firmware/nnet_utils/nnet_activation.h:46]   --->   Operation 149 'bitconcatenate' 'shl_ln46_29' <Predicate = (!icmp_ln46_31 & icmp_ln45_31)> <Delay = 0.00>
ST_1 : Operation 150 [1/1] (0.00ns)   --->   "%tmp_29 = partselect i6 @_ssdm_op_PartSelect.i6.i16.i32.i32, i16 %data_16_val_read, i32 10, i32 15" [firmware/nnet_utils/nnet_activation.h:46]   --->   Operation 150 'partselect' 'tmp_29' <Predicate = (icmp_ln45_31)> <Delay = 0.00>
ST_1 : Operation 151 [1/1] (0.70ns)   --->   "%icmp_ln46_31 = icmp_ne  i6 %tmp_29, i6 0" [firmware/nnet_utils/nnet_activation.h:46]   --->   Operation 151 'icmp' 'icmp_ln46_31' <Predicate = (icmp_ln45_31)> <Delay = 0.70> <CoreInst = "Cmp">   --->   Core 9 'Cmp' <Latency = 0> <II = 1> <Delay = 0.70> <FuncUnit> <Opcode : 'icmp'> <InPorts = 2> <OutPorts = 1>
ST_1 : Operation 152 [1/1] (0.00ns) (grouped into LUT with out node select_ln45_31)   --->   "%select_ln46_31 = select i1 %icmp_ln46_31, i15 32767, i15 %shl_ln46_29" [firmware/nnet_utils/nnet_activation.h:46]   --->   Operation 152 'select' 'select_ln46_31' <Predicate = (icmp_ln45_31)> <Delay = 0.00> <CoreInst = "Sel">   --->   Core 73 'Sel' <Latency = 0> <II = 1> <Delay = 0.29> <FuncUnit> <Opcode : 'select'> <InPorts = 3> <OutPorts = 1>
ST_1 : Operation 153 [1/1] (0.29ns) (out node of the LUT)   --->   "%select_ln45_31 = select i1 %icmp_ln45_31, i15 %select_ln46_31, i15 0" [firmware/nnet_utils/nnet_activation.h:45]   --->   Operation 153 'select' 'select_ln45_31' <Predicate = true> <Delay = 0.29> <CoreInst = "Sel">   --->   Core 73 'Sel' <Latency = 0> <II = 1> <Delay = 0.29> <FuncUnit> <Opcode : 'select'> <InPorts = 3> <OutPorts = 1>
ST_1 : Operation 154 [1/1] (0.78ns)   --->   "%icmp_ln45_32 = icmp_sgt  i16 %data_17_val_read, i16 0" [firmware/nnet_utils/nnet_activation.h:45]   --->   Operation 154 'icmp' 'icmp_ln45_32' <Predicate = true> <Delay = 0.78> <CoreInst = "Cmp">   --->   Core 9 'Cmp' <Latency = 0> <II = 1> <Delay = 0.78> <FuncUnit> <Opcode : 'icmp'> <InPorts = 2> <OutPorts = 1>
ST_1 : Operation 155 [1/1] (0.00ns) (grouped into LUT with out node select_ln45_32)   --->   "%trunc_ln46_32 = trunc i16 %data_17_val_read" [firmware/nnet_utils/nnet_activation.h:46]   --->   Operation 155 'trunc' 'trunc_ln46_32' <Predicate = (!icmp_ln46_32 & icmp_ln45_32)> <Delay = 0.00>
ST_1 : Operation 156 [1/1] (0.00ns) (grouped into LUT with out node select_ln45_32)   --->   "%shl_ln46_30 = bitconcatenate i15 @_ssdm_op_BitConcatenate.i15.i10.i5, i10 %trunc_ln46_32, i5 0" [firmware/nnet_utils/nnet_activation.h:46]   --->   Operation 156 'bitconcatenate' 'shl_ln46_30' <Predicate = (!icmp_ln46_32 & icmp_ln45_32)> <Delay = 0.00>
ST_1 : Operation 157 [1/1] (0.00ns)   --->   "%tmp_30 = partselect i6 @_ssdm_op_PartSelect.i6.i16.i32.i32, i16 %data_17_val_read, i32 10, i32 15" [firmware/nnet_utils/nnet_activation.h:46]   --->   Operation 157 'partselect' 'tmp_30' <Predicate = (icmp_ln45_32)> <Delay = 0.00>
ST_1 : Operation 158 [1/1] (0.70ns)   --->   "%icmp_ln46_32 = icmp_ne  i6 %tmp_30, i6 0" [firmware/nnet_utils/nnet_activation.h:46]   --->   Operation 158 'icmp' 'icmp_ln46_32' <Predicate = (icmp_ln45_32)> <Delay = 0.70> <CoreInst = "Cmp">   --->   Core 9 'Cmp' <Latency = 0> <II = 1> <Delay = 0.70> <FuncUnit> <Opcode : 'icmp'> <InPorts = 2> <OutPorts = 1>
ST_1 : Operation 159 [1/1] (0.00ns) (grouped into LUT with out node select_ln45_32)   --->   "%select_ln46_32 = select i1 %icmp_ln46_32, i15 32767, i15 %shl_ln46_30" [firmware/nnet_utils/nnet_activation.h:46]   --->   Operation 159 'select' 'select_ln46_32' <Predicate = (icmp_ln45_32)> <Delay = 0.00> <CoreInst = "Sel">   --->   Core 73 'Sel' <Latency = 0> <II = 1> <Delay = 0.29> <FuncUnit> <Opcode : 'select'> <InPorts = 3> <OutPorts = 1>
ST_1 : Operation 160 [1/1] (0.29ns) (out node of the LUT)   --->   "%select_ln45_32 = select i1 %icmp_ln45_32, i15 %select_ln46_32, i15 0" [firmware/nnet_utils/nnet_activation.h:45]   --->   Operation 160 'select' 'select_ln45_32' <Predicate = true> <Delay = 0.29> <CoreInst = "Sel">   --->   Core 73 'Sel' <Latency = 0> <II = 1> <Delay = 0.29> <FuncUnit> <Opcode : 'select'> <InPorts = 3> <OutPorts = 1>
ST_1 : Operation 161 [1/1] (0.78ns)   --->   "%icmp_ln45_33 = icmp_sgt  i16 %data_18_val_read, i16 0" [firmware/nnet_utils/nnet_activation.h:45]   --->   Operation 161 'icmp' 'icmp_ln45_33' <Predicate = true> <Delay = 0.78> <CoreInst = "Cmp">   --->   Core 9 'Cmp' <Latency = 0> <II = 1> <Delay = 0.78> <FuncUnit> <Opcode : 'icmp'> <InPorts = 2> <OutPorts = 1>
ST_1 : Operation 162 [1/1] (0.00ns) (grouped into LUT with out node select_ln45_33)   --->   "%trunc_ln46_33 = trunc i16 %data_18_val_read" [firmware/nnet_utils/nnet_activation.h:46]   --->   Operation 162 'trunc' 'trunc_ln46_33' <Predicate = (!icmp_ln46_33 & icmp_ln45_33)> <Delay = 0.00>
ST_1 : Operation 163 [1/1] (0.00ns) (grouped into LUT with out node select_ln45_33)   --->   "%shl_ln46_31 = bitconcatenate i15 @_ssdm_op_BitConcatenate.i15.i10.i5, i10 %trunc_ln46_33, i5 0" [firmware/nnet_utils/nnet_activation.h:46]   --->   Operation 163 'bitconcatenate' 'shl_ln46_31' <Predicate = (!icmp_ln46_33 & icmp_ln45_33)> <Delay = 0.00>
ST_1 : Operation 164 [1/1] (0.00ns)   --->   "%tmp_31 = partselect i6 @_ssdm_op_PartSelect.i6.i16.i32.i32, i16 %data_18_val_read, i32 10, i32 15" [firmware/nnet_utils/nnet_activation.h:46]   --->   Operation 164 'partselect' 'tmp_31' <Predicate = (icmp_ln45_33)> <Delay = 0.00>
ST_1 : Operation 165 [1/1] (0.70ns)   --->   "%icmp_ln46_33 = icmp_ne  i6 %tmp_31, i6 0" [firmware/nnet_utils/nnet_activation.h:46]   --->   Operation 165 'icmp' 'icmp_ln46_33' <Predicate = (icmp_ln45_33)> <Delay = 0.70> <CoreInst = "Cmp">   --->   Core 9 'Cmp' <Latency = 0> <II = 1> <Delay = 0.70> <FuncUnit> <Opcode : 'icmp'> <InPorts = 2> <OutPorts = 1>
ST_1 : Operation 166 [1/1] (0.00ns) (grouped into LUT with out node select_ln45_33)   --->   "%select_ln46_33 = select i1 %icmp_ln46_33, i15 32767, i15 %shl_ln46_31" [firmware/nnet_utils/nnet_activation.h:46]   --->   Operation 166 'select' 'select_ln46_33' <Predicate = (icmp_ln45_33)> <Delay = 0.00> <CoreInst = "Sel">   --->   Core 73 'Sel' <Latency = 0> <II = 1> <Delay = 0.29> <FuncUnit> <Opcode : 'select'> <InPorts = 3> <OutPorts = 1>
ST_1 : Operation 167 [1/1] (0.29ns) (out node of the LUT)   --->   "%select_ln45_33 = select i1 %icmp_ln45_33, i15 %select_ln46_33, i15 0" [firmware/nnet_utils/nnet_activation.h:45]   --->   Operation 167 'select' 'select_ln45_33' <Predicate = true> <Delay = 0.29> <CoreInst = "Sel">   --->   Core 73 'Sel' <Latency = 0> <II = 1> <Delay = 0.29> <FuncUnit> <Opcode : 'select'> <InPorts = 3> <OutPorts = 1>
ST_1 : Operation 168 [1/1] (0.78ns)   --->   "%icmp_ln45_34 = icmp_sgt  i16 %data_19_val_read, i16 0" [firmware/nnet_utils/nnet_activation.h:45]   --->   Operation 168 'icmp' 'icmp_ln45_34' <Predicate = true> <Delay = 0.78> <CoreInst = "Cmp">   --->   Core 9 'Cmp' <Latency = 0> <II = 1> <Delay = 0.78> <FuncUnit> <Opcode : 'icmp'> <InPorts = 2> <OutPorts = 1>
ST_1 : Operation 169 [1/1] (0.00ns) (grouped into LUT with out node select_ln45_34)   --->   "%trunc_ln46_34 = trunc i16 %data_19_val_read" [firmware/nnet_utils/nnet_activation.h:46]   --->   Operation 169 'trunc' 'trunc_ln46_34' <Predicate = (!icmp_ln46_34 & icmp_ln45_34)> <Delay = 0.00>
ST_1 : Operation 170 [1/1] (0.00ns) (grouped into LUT with out node select_ln45_34)   --->   "%shl_ln46_32 = bitconcatenate i15 @_ssdm_op_BitConcatenate.i15.i10.i5, i10 %trunc_ln46_34, i5 0" [firmware/nnet_utils/nnet_activation.h:46]   --->   Operation 170 'bitconcatenate' 'shl_ln46_32' <Predicate = (!icmp_ln46_34 & icmp_ln45_34)> <Delay = 0.00>
ST_1 : Operation 171 [1/1] (0.00ns)   --->   "%tmp_32 = partselect i6 @_ssdm_op_PartSelect.i6.i16.i32.i32, i16 %data_19_val_read, i32 10, i32 15" [firmware/nnet_utils/nnet_activation.h:46]   --->   Operation 171 'partselect' 'tmp_32' <Predicate = (icmp_ln45_34)> <Delay = 0.00>
ST_1 : Operation 172 [1/1] (0.70ns)   --->   "%icmp_ln46_34 = icmp_ne  i6 %tmp_32, i6 0" [firmware/nnet_utils/nnet_activation.h:46]   --->   Operation 172 'icmp' 'icmp_ln46_34' <Predicate = (icmp_ln45_34)> <Delay = 0.70> <CoreInst = "Cmp">   --->   Core 9 'Cmp' <Latency = 0> <II = 1> <Delay = 0.70> <FuncUnit> <Opcode : 'icmp'> <InPorts = 2> <OutPorts = 1>
ST_1 : Operation 173 [1/1] (0.00ns) (grouped into LUT with out node select_ln45_34)   --->   "%select_ln46_34 = select i1 %icmp_ln46_34, i15 32767, i15 %shl_ln46_32" [firmware/nnet_utils/nnet_activation.h:46]   --->   Operation 173 'select' 'select_ln46_34' <Predicate = (icmp_ln45_34)> <Delay = 0.00> <CoreInst = "Sel">   --->   Core 73 'Sel' <Latency = 0> <II = 1> <Delay = 0.29> <FuncUnit> <Opcode : 'select'> <InPorts = 3> <OutPorts = 1>
ST_1 : Operation 174 [1/1] (0.29ns) (out node of the LUT)   --->   "%select_ln45_34 = select i1 %icmp_ln45_34, i15 %select_ln46_34, i15 0" [firmware/nnet_utils/nnet_activation.h:45]   --->   Operation 174 'select' 'select_ln45_34' <Predicate = true> <Delay = 0.29> <CoreInst = "Sel">   --->   Core 73 'Sel' <Latency = 0> <II = 1> <Delay = 0.29> <FuncUnit> <Opcode : 'select'> <InPorts = 3> <OutPorts = 1>
ST_1 : Operation 175 [1/1] (0.78ns)   --->   "%icmp_ln45_35 = icmp_sgt  i16 %data_20_val_read, i16 0" [firmware/nnet_utils/nnet_activation.h:45]   --->   Operation 175 'icmp' 'icmp_ln45_35' <Predicate = true> <Delay = 0.78> <CoreInst = "Cmp">   --->   Core 9 'Cmp' <Latency = 0> <II = 1> <Delay = 0.78> <FuncUnit> <Opcode : 'icmp'> <InPorts = 2> <OutPorts = 1>
ST_1 : Operation 176 [1/1] (0.00ns) (grouped into LUT with out node select_ln45_35)   --->   "%trunc_ln46_35 = trunc i16 %data_20_val_read" [firmware/nnet_utils/nnet_activation.h:46]   --->   Operation 176 'trunc' 'trunc_ln46_35' <Predicate = (!icmp_ln46_35 & icmp_ln45_35)> <Delay = 0.00>
ST_1 : Operation 177 [1/1] (0.00ns) (grouped into LUT with out node select_ln45_35)   --->   "%shl_ln46_33 = bitconcatenate i15 @_ssdm_op_BitConcatenate.i15.i10.i5, i10 %trunc_ln46_35, i5 0" [firmware/nnet_utils/nnet_activation.h:46]   --->   Operation 177 'bitconcatenate' 'shl_ln46_33' <Predicate = (!icmp_ln46_35 & icmp_ln45_35)> <Delay = 0.00>
ST_1 : Operation 178 [1/1] (0.00ns)   --->   "%tmp_33 = partselect i6 @_ssdm_op_PartSelect.i6.i16.i32.i32, i16 %data_20_val_read, i32 10, i32 15" [firmware/nnet_utils/nnet_activation.h:46]   --->   Operation 178 'partselect' 'tmp_33' <Predicate = (icmp_ln45_35)> <Delay = 0.00>
ST_1 : Operation 179 [1/1] (0.70ns)   --->   "%icmp_ln46_35 = icmp_ne  i6 %tmp_33, i6 0" [firmware/nnet_utils/nnet_activation.h:46]   --->   Operation 179 'icmp' 'icmp_ln46_35' <Predicate = (icmp_ln45_35)> <Delay = 0.70> <CoreInst = "Cmp">   --->   Core 9 'Cmp' <Latency = 0> <II = 1> <Delay = 0.70> <FuncUnit> <Opcode : 'icmp'> <InPorts = 2> <OutPorts = 1>
ST_1 : Operation 180 [1/1] (0.00ns) (grouped into LUT with out node select_ln45_35)   --->   "%select_ln46_35 = select i1 %icmp_ln46_35, i15 32767, i15 %shl_ln46_33" [firmware/nnet_utils/nnet_activation.h:46]   --->   Operation 180 'select' 'select_ln46_35' <Predicate = (icmp_ln45_35)> <Delay = 0.00> <CoreInst = "Sel">   --->   Core 73 'Sel' <Latency = 0> <II = 1> <Delay = 0.29> <FuncUnit> <Opcode : 'select'> <InPorts = 3> <OutPorts = 1>
ST_1 : Operation 181 [1/1] (0.29ns) (out node of the LUT)   --->   "%select_ln45_35 = select i1 %icmp_ln45_35, i15 %select_ln46_35, i15 0" [firmware/nnet_utils/nnet_activation.h:45]   --->   Operation 181 'select' 'select_ln45_35' <Predicate = true> <Delay = 0.29> <CoreInst = "Sel">   --->   Core 73 'Sel' <Latency = 0> <II = 1> <Delay = 0.29> <FuncUnit> <Opcode : 'select'> <InPorts = 3> <OutPorts = 1>
ST_1 : Operation 182 [1/1] (0.78ns)   --->   "%icmp_ln45_36 = icmp_sgt  i16 %data_21_val_read, i16 0" [firmware/nnet_utils/nnet_activation.h:45]   --->   Operation 182 'icmp' 'icmp_ln45_36' <Predicate = true> <Delay = 0.78> <CoreInst = "Cmp">   --->   Core 9 'Cmp' <Latency = 0> <II = 1> <Delay = 0.78> <FuncUnit> <Opcode : 'icmp'> <InPorts = 2> <OutPorts = 1>
ST_1 : Operation 183 [1/1] (0.00ns) (grouped into LUT with out node select_ln45_36)   --->   "%trunc_ln46_36 = trunc i16 %data_21_val_read" [firmware/nnet_utils/nnet_activation.h:46]   --->   Operation 183 'trunc' 'trunc_ln46_36' <Predicate = (!icmp_ln46_36 & icmp_ln45_36)> <Delay = 0.00>
ST_1 : Operation 184 [1/1] (0.00ns) (grouped into LUT with out node select_ln45_36)   --->   "%shl_ln46_34 = bitconcatenate i15 @_ssdm_op_BitConcatenate.i15.i10.i5, i10 %trunc_ln46_36, i5 0" [firmware/nnet_utils/nnet_activation.h:46]   --->   Operation 184 'bitconcatenate' 'shl_ln46_34' <Predicate = (!icmp_ln46_36 & icmp_ln45_36)> <Delay = 0.00>
ST_1 : Operation 185 [1/1] (0.00ns)   --->   "%tmp_34 = partselect i6 @_ssdm_op_PartSelect.i6.i16.i32.i32, i16 %data_21_val_read, i32 10, i32 15" [firmware/nnet_utils/nnet_activation.h:46]   --->   Operation 185 'partselect' 'tmp_34' <Predicate = (icmp_ln45_36)> <Delay = 0.00>
ST_1 : Operation 186 [1/1] (0.70ns)   --->   "%icmp_ln46_36 = icmp_ne  i6 %tmp_34, i6 0" [firmware/nnet_utils/nnet_activation.h:46]   --->   Operation 186 'icmp' 'icmp_ln46_36' <Predicate = (icmp_ln45_36)> <Delay = 0.70> <CoreInst = "Cmp">   --->   Core 9 'Cmp' <Latency = 0> <II = 1> <Delay = 0.70> <FuncUnit> <Opcode : 'icmp'> <InPorts = 2> <OutPorts = 1>
ST_1 : Operation 187 [1/1] (0.00ns) (grouped into LUT with out node select_ln45_36)   --->   "%select_ln46_36 = select i1 %icmp_ln46_36, i15 32767, i15 %shl_ln46_34" [firmware/nnet_utils/nnet_activation.h:46]   --->   Operation 187 'select' 'select_ln46_36' <Predicate = (icmp_ln45_36)> <Delay = 0.00> <CoreInst = "Sel">   --->   Core 73 'Sel' <Latency = 0> <II = 1> <Delay = 0.29> <FuncUnit> <Opcode : 'select'> <InPorts = 3> <OutPorts = 1>
ST_1 : Operation 188 [1/1] (0.29ns) (out node of the LUT)   --->   "%select_ln45_36 = select i1 %icmp_ln45_36, i15 %select_ln46_36, i15 0" [firmware/nnet_utils/nnet_activation.h:45]   --->   Operation 188 'select' 'select_ln45_36' <Predicate = true> <Delay = 0.29> <CoreInst = "Sel">   --->   Core 73 'Sel' <Latency = 0> <II = 1> <Delay = 0.29> <FuncUnit> <Opcode : 'select'> <InPorts = 3> <OutPorts = 1>
ST_1 : Operation 189 [1/1] (0.78ns)   --->   "%icmp_ln45_37 = icmp_sgt  i16 %data_22_val_read, i16 0" [firmware/nnet_utils/nnet_activation.h:45]   --->   Operation 189 'icmp' 'icmp_ln45_37' <Predicate = true> <Delay = 0.78> <CoreInst = "Cmp">   --->   Core 9 'Cmp' <Latency = 0> <II = 1> <Delay = 0.78> <FuncUnit> <Opcode : 'icmp'> <InPorts = 2> <OutPorts = 1>
ST_1 : Operation 190 [1/1] (0.00ns) (grouped into LUT with out node select_ln45_37)   --->   "%trunc_ln46_37 = trunc i16 %data_22_val_read" [firmware/nnet_utils/nnet_activation.h:46]   --->   Operation 190 'trunc' 'trunc_ln46_37' <Predicate = (!icmp_ln46_37 & icmp_ln45_37)> <Delay = 0.00>
ST_1 : Operation 191 [1/1] (0.00ns) (grouped into LUT with out node select_ln45_37)   --->   "%shl_ln46_35 = bitconcatenate i15 @_ssdm_op_BitConcatenate.i15.i10.i5, i10 %trunc_ln46_37, i5 0" [firmware/nnet_utils/nnet_activation.h:46]   --->   Operation 191 'bitconcatenate' 'shl_ln46_35' <Predicate = (!icmp_ln46_37 & icmp_ln45_37)> <Delay = 0.00>
ST_1 : Operation 192 [1/1] (0.00ns)   --->   "%tmp_35 = partselect i6 @_ssdm_op_PartSelect.i6.i16.i32.i32, i16 %data_22_val_read, i32 10, i32 15" [firmware/nnet_utils/nnet_activation.h:46]   --->   Operation 192 'partselect' 'tmp_35' <Predicate = (icmp_ln45_37)> <Delay = 0.00>
ST_1 : Operation 193 [1/1] (0.70ns)   --->   "%icmp_ln46_37 = icmp_ne  i6 %tmp_35, i6 0" [firmware/nnet_utils/nnet_activation.h:46]   --->   Operation 193 'icmp' 'icmp_ln46_37' <Predicate = (icmp_ln45_37)> <Delay = 0.70> <CoreInst = "Cmp">   --->   Core 9 'Cmp' <Latency = 0> <II = 1> <Delay = 0.70> <FuncUnit> <Opcode : 'icmp'> <InPorts = 2> <OutPorts = 1>
ST_1 : Operation 194 [1/1] (0.00ns) (grouped into LUT with out node select_ln45_37)   --->   "%select_ln46_37 = select i1 %icmp_ln46_37, i15 32767, i15 %shl_ln46_35" [firmware/nnet_utils/nnet_activation.h:46]   --->   Operation 194 'select' 'select_ln46_37' <Predicate = (icmp_ln45_37)> <Delay = 0.00> <CoreInst = "Sel">   --->   Core 73 'Sel' <Latency = 0> <II = 1> <Delay = 0.29> <FuncUnit> <Opcode : 'select'> <InPorts = 3> <OutPorts = 1>
ST_1 : Operation 195 [1/1] (0.29ns) (out node of the LUT)   --->   "%select_ln45_37 = select i1 %icmp_ln45_37, i15 %select_ln46_37, i15 0" [firmware/nnet_utils/nnet_activation.h:45]   --->   Operation 195 'select' 'select_ln45_37' <Predicate = true> <Delay = 0.29> <CoreInst = "Sel">   --->   Core 73 'Sel' <Latency = 0> <II = 1> <Delay = 0.29> <FuncUnit> <Opcode : 'select'> <InPorts = 3> <OutPorts = 1>
ST_1 : Operation 196 [1/1] (0.78ns)   --->   "%icmp_ln45_38 = icmp_sgt  i16 %data_23_val_read, i16 0" [firmware/nnet_utils/nnet_activation.h:45]   --->   Operation 196 'icmp' 'icmp_ln45_38' <Predicate = true> <Delay = 0.78> <CoreInst = "Cmp">   --->   Core 9 'Cmp' <Latency = 0> <II = 1> <Delay = 0.78> <FuncUnit> <Opcode : 'icmp'> <InPorts = 2> <OutPorts = 1>
ST_1 : Operation 197 [1/1] (0.00ns) (grouped into LUT with out node select_ln45_38)   --->   "%trunc_ln46_38 = trunc i16 %data_23_val_read" [firmware/nnet_utils/nnet_activation.h:46]   --->   Operation 197 'trunc' 'trunc_ln46_38' <Predicate = (!icmp_ln46_38 & icmp_ln45_38)> <Delay = 0.00>
ST_1 : Operation 198 [1/1] (0.00ns) (grouped into LUT with out node select_ln45_38)   --->   "%shl_ln46_36 = bitconcatenate i15 @_ssdm_op_BitConcatenate.i15.i10.i5, i10 %trunc_ln46_38, i5 0" [firmware/nnet_utils/nnet_activation.h:46]   --->   Operation 198 'bitconcatenate' 'shl_ln46_36' <Predicate = (!icmp_ln46_38 & icmp_ln45_38)> <Delay = 0.00>
ST_1 : Operation 199 [1/1] (0.00ns)   --->   "%tmp_36 = partselect i6 @_ssdm_op_PartSelect.i6.i16.i32.i32, i16 %data_23_val_read, i32 10, i32 15" [firmware/nnet_utils/nnet_activation.h:46]   --->   Operation 199 'partselect' 'tmp_36' <Predicate = (icmp_ln45_38)> <Delay = 0.00>
ST_1 : Operation 200 [1/1] (0.70ns)   --->   "%icmp_ln46_38 = icmp_ne  i6 %tmp_36, i6 0" [firmware/nnet_utils/nnet_activation.h:46]   --->   Operation 200 'icmp' 'icmp_ln46_38' <Predicate = (icmp_ln45_38)> <Delay = 0.70> <CoreInst = "Cmp">   --->   Core 9 'Cmp' <Latency = 0> <II = 1> <Delay = 0.70> <FuncUnit> <Opcode : 'icmp'> <InPorts = 2> <OutPorts = 1>
ST_1 : Operation 201 [1/1] (0.00ns) (grouped into LUT with out node select_ln45_38)   --->   "%select_ln46_38 = select i1 %icmp_ln46_38, i15 32767, i15 %shl_ln46_36" [firmware/nnet_utils/nnet_activation.h:46]   --->   Operation 201 'select' 'select_ln46_38' <Predicate = (icmp_ln45_38)> <Delay = 0.00> <CoreInst = "Sel">   --->   Core 73 'Sel' <Latency = 0> <II = 1> <Delay = 0.29> <FuncUnit> <Opcode : 'select'> <InPorts = 3> <OutPorts = 1>
ST_1 : Operation 202 [1/1] (0.29ns) (out node of the LUT)   --->   "%select_ln45_38 = select i1 %icmp_ln45_38, i15 %select_ln46_38, i15 0" [firmware/nnet_utils/nnet_activation.h:45]   --->   Operation 202 'select' 'select_ln45_38' <Predicate = true> <Delay = 0.29> <CoreInst = "Sel">   --->   Core 73 'Sel' <Latency = 0> <II = 1> <Delay = 0.29> <FuncUnit> <Opcode : 'select'> <InPorts = 3> <OutPorts = 1>
ST_1 : Operation 203 [1/1] (0.78ns)   --->   "%icmp_ln45_39 = icmp_sgt  i16 %data_24_val_read, i16 0" [firmware/nnet_utils/nnet_activation.h:45]   --->   Operation 203 'icmp' 'icmp_ln45_39' <Predicate = true> <Delay = 0.78> <CoreInst = "Cmp">   --->   Core 9 'Cmp' <Latency = 0> <II = 1> <Delay = 0.78> <FuncUnit> <Opcode : 'icmp'> <InPorts = 2> <OutPorts = 1>
ST_1 : Operation 204 [1/1] (0.00ns) (grouped into LUT with out node select_ln45_39)   --->   "%trunc_ln46_39 = trunc i16 %data_24_val_read" [firmware/nnet_utils/nnet_activation.h:46]   --->   Operation 204 'trunc' 'trunc_ln46_39' <Predicate = (!icmp_ln46_39 & icmp_ln45_39)> <Delay = 0.00>
ST_1 : Operation 205 [1/1] (0.00ns) (grouped into LUT with out node select_ln45_39)   --->   "%shl_ln46_37 = bitconcatenate i15 @_ssdm_op_BitConcatenate.i15.i10.i5, i10 %trunc_ln46_39, i5 0" [firmware/nnet_utils/nnet_activation.h:46]   --->   Operation 205 'bitconcatenate' 'shl_ln46_37' <Predicate = (!icmp_ln46_39 & icmp_ln45_39)> <Delay = 0.00>
ST_1 : Operation 206 [1/1] (0.00ns)   --->   "%tmp_37 = partselect i6 @_ssdm_op_PartSelect.i6.i16.i32.i32, i16 %data_24_val_read, i32 10, i32 15" [firmware/nnet_utils/nnet_activation.h:46]   --->   Operation 206 'partselect' 'tmp_37' <Predicate = (icmp_ln45_39)> <Delay = 0.00>
ST_1 : Operation 207 [1/1] (0.70ns)   --->   "%icmp_ln46_39 = icmp_ne  i6 %tmp_37, i6 0" [firmware/nnet_utils/nnet_activation.h:46]   --->   Operation 207 'icmp' 'icmp_ln46_39' <Predicate = (icmp_ln45_39)> <Delay = 0.70> <CoreInst = "Cmp">   --->   Core 9 'Cmp' <Latency = 0> <II = 1> <Delay = 0.70> <FuncUnit> <Opcode : 'icmp'> <InPorts = 2> <OutPorts = 1>
ST_1 : Operation 208 [1/1] (0.00ns) (grouped into LUT with out node select_ln45_39)   --->   "%select_ln46_39 = select i1 %icmp_ln46_39, i15 32767, i15 %shl_ln46_37" [firmware/nnet_utils/nnet_activation.h:46]   --->   Operation 208 'select' 'select_ln46_39' <Predicate = (icmp_ln45_39)> <Delay = 0.00> <CoreInst = "Sel">   --->   Core 73 'Sel' <Latency = 0> <II = 1> <Delay = 0.29> <FuncUnit> <Opcode : 'select'> <InPorts = 3> <OutPorts = 1>
ST_1 : Operation 209 [1/1] (0.29ns) (out node of the LUT)   --->   "%select_ln45_39 = select i1 %icmp_ln45_39, i15 %select_ln46_39, i15 0" [firmware/nnet_utils/nnet_activation.h:45]   --->   Operation 209 'select' 'select_ln45_39' <Predicate = true> <Delay = 0.29> <CoreInst = "Sel">   --->   Core 73 'Sel' <Latency = 0> <II = 1> <Delay = 0.29> <FuncUnit> <Opcode : 'select'> <InPorts = 3> <OutPorts = 1>
ST_1 : Operation 210 [1/1] (0.78ns)   --->   "%icmp_ln45_40 = icmp_sgt  i16 %data_25_val_read, i16 0" [firmware/nnet_utils/nnet_activation.h:45]   --->   Operation 210 'icmp' 'icmp_ln45_40' <Predicate = true> <Delay = 0.78> <CoreInst = "Cmp">   --->   Core 9 'Cmp' <Latency = 0> <II = 1> <Delay = 0.78> <FuncUnit> <Opcode : 'icmp'> <InPorts = 2> <OutPorts = 1>
ST_1 : Operation 211 [1/1] (0.00ns) (grouped into LUT with out node select_ln45_40)   --->   "%trunc_ln46_40 = trunc i16 %data_25_val_read" [firmware/nnet_utils/nnet_activation.h:46]   --->   Operation 211 'trunc' 'trunc_ln46_40' <Predicate = (!icmp_ln46_40 & icmp_ln45_40)> <Delay = 0.00>
ST_1 : Operation 212 [1/1] (0.00ns) (grouped into LUT with out node select_ln45_40)   --->   "%shl_ln46_38 = bitconcatenate i15 @_ssdm_op_BitConcatenate.i15.i10.i5, i10 %trunc_ln46_40, i5 0" [firmware/nnet_utils/nnet_activation.h:46]   --->   Operation 212 'bitconcatenate' 'shl_ln46_38' <Predicate = (!icmp_ln46_40 & icmp_ln45_40)> <Delay = 0.00>
ST_1 : Operation 213 [1/1] (0.00ns)   --->   "%tmp_38 = partselect i6 @_ssdm_op_PartSelect.i6.i16.i32.i32, i16 %data_25_val_read, i32 10, i32 15" [firmware/nnet_utils/nnet_activation.h:46]   --->   Operation 213 'partselect' 'tmp_38' <Predicate = (icmp_ln45_40)> <Delay = 0.00>
ST_1 : Operation 214 [1/1] (0.70ns)   --->   "%icmp_ln46_40 = icmp_ne  i6 %tmp_38, i6 0" [firmware/nnet_utils/nnet_activation.h:46]   --->   Operation 214 'icmp' 'icmp_ln46_40' <Predicate = (icmp_ln45_40)> <Delay = 0.70> <CoreInst = "Cmp">   --->   Core 9 'Cmp' <Latency = 0> <II = 1> <Delay = 0.70> <FuncUnit> <Opcode : 'icmp'> <InPorts = 2> <OutPorts = 1>
ST_1 : Operation 215 [1/1] (0.00ns) (grouped into LUT with out node select_ln45_40)   --->   "%select_ln46_40 = select i1 %icmp_ln46_40, i15 32767, i15 %shl_ln46_38" [firmware/nnet_utils/nnet_activation.h:46]   --->   Operation 215 'select' 'select_ln46_40' <Predicate = (icmp_ln45_40)> <Delay = 0.00> <CoreInst = "Sel">   --->   Core 73 'Sel' <Latency = 0> <II = 1> <Delay = 0.29> <FuncUnit> <Opcode : 'select'> <InPorts = 3> <OutPorts = 1>
ST_1 : Operation 216 [1/1] (0.29ns) (out node of the LUT)   --->   "%select_ln45_40 = select i1 %icmp_ln45_40, i15 %select_ln46_40, i15 0" [firmware/nnet_utils/nnet_activation.h:45]   --->   Operation 216 'select' 'select_ln45_40' <Predicate = true> <Delay = 0.29> <CoreInst = "Sel">   --->   Core 73 'Sel' <Latency = 0> <II = 1> <Delay = 0.29> <FuncUnit> <Opcode : 'select'> <InPorts = 3> <OutPorts = 1>
ST_1 : Operation 217 [1/1] (0.78ns)   --->   "%icmp_ln45_41 = icmp_sgt  i16 %data_26_val_read, i16 0" [firmware/nnet_utils/nnet_activation.h:45]   --->   Operation 217 'icmp' 'icmp_ln45_41' <Predicate = true> <Delay = 0.78> <CoreInst = "Cmp">   --->   Core 9 'Cmp' <Latency = 0> <II = 1> <Delay = 0.78> <FuncUnit> <Opcode : 'icmp'> <InPorts = 2> <OutPorts = 1>
ST_1 : Operation 218 [1/1] (0.00ns) (grouped into LUT with out node select_ln45_41)   --->   "%trunc_ln46_41 = trunc i16 %data_26_val_read" [firmware/nnet_utils/nnet_activation.h:46]   --->   Operation 218 'trunc' 'trunc_ln46_41' <Predicate = (!icmp_ln46_41 & icmp_ln45_41)> <Delay = 0.00>
ST_1 : Operation 219 [1/1] (0.00ns) (grouped into LUT with out node select_ln45_41)   --->   "%shl_ln46_39 = bitconcatenate i15 @_ssdm_op_BitConcatenate.i15.i10.i5, i10 %trunc_ln46_41, i5 0" [firmware/nnet_utils/nnet_activation.h:46]   --->   Operation 219 'bitconcatenate' 'shl_ln46_39' <Predicate = (!icmp_ln46_41 & icmp_ln45_41)> <Delay = 0.00>
ST_1 : Operation 220 [1/1] (0.00ns)   --->   "%tmp_39 = partselect i6 @_ssdm_op_PartSelect.i6.i16.i32.i32, i16 %data_26_val_read, i32 10, i32 15" [firmware/nnet_utils/nnet_activation.h:46]   --->   Operation 220 'partselect' 'tmp_39' <Predicate = (icmp_ln45_41)> <Delay = 0.00>
ST_1 : Operation 221 [1/1] (0.70ns)   --->   "%icmp_ln46_41 = icmp_ne  i6 %tmp_39, i6 0" [firmware/nnet_utils/nnet_activation.h:46]   --->   Operation 221 'icmp' 'icmp_ln46_41' <Predicate = (icmp_ln45_41)> <Delay = 0.70> <CoreInst = "Cmp">   --->   Core 9 'Cmp' <Latency = 0> <II = 1> <Delay = 0.70> <FuncUnit> <Opcode : 'icmp'> <InPorts = 2> <OutPorts = 1>
ST_1 : Operation 222 [1/1] (0.00ns) (grouped into LUT with out node select_ln45_41)   --->   "%select_ln46_41 = select i1 %icmp_ln46_41, i15 32767, i15 %shl_ln46_39" [firmware/nnet_utils/nnet_activation.h:46]   --->   Operation 222 'select' 'select_ln46_41' <Predicate = (icmp_ln45_41)> <Delay = 0.00> <CoreInst = "Sel">   --->   Core 73 'Sel' <Latency = 0> <II = 1> <Delay = 0.29> <FuncUnit> <Opcode : 'select'> <InPorts = 3> <OutPorts = 1>
ST_1 : Operation 223 [1/1] (0.29ns) (out node of the LUT)   --->   "%select_ln45_41 = select i1 %icmp_ln45_41, i15 %select_ln46_41, i15 0" [firmware/nnet_utils/nnet_activation.h:45]   --->   Operation 223 'select' 'select_ln45_41' <Predicate = true> <Delay = 0.29> <CoreInst = "Sel">   --->   Core 73 'Sel' <Latency = 0> <II = 1> <Delay = 0.29> <FuncUnit> <Opcode : 'select'> <InPorts = 3> <OutPorts = 1>
ST_1 : Operation 224 [1/1] (0.78ns)   --->   "%icmp_ln45_42 = icmp_sgt  i16 %data_27_val_read, i16 0" [firmware/nnet_utils/nnet_activation.h:45]   --->   Operation 224 'icmp' 'icmp_ln45_42' <Predicate = true> <Delay = 0.78> <CoreInst = "Cmp">   --->   Core 9 'Cmp' <Latency = 0> <II = 1> <Delay = 0.78> <FuncUnit> <Opcode : 'icmp'> <InPorts = 2> <OutPorts = 1>
ST_1 : Operation 225 [1/1] (0.00ns) (grouped into LUT with out node select_ln45_42)   --->   "%trunc_ln46_42 = trunc i16 %data_27_val_read" [firmware/nnet_utils/nnet_activation.h:46]   --->   Operation 225 'trunc' 'trunc_ln46_42' <Predicate = (!icmp_ln46_42 & icmp_ln45_42)> <Delay = 0.00>
ST_1 : Operation 226 [1/1] (0.00ns) (grouped into LUT with out node select_ln45_42)   --->   "%shl_ln46_40 = bitconcatenate i15 @_ssdm_op_BitConcatenate.i15.i10.i5, i10 %trunc_ln46_42, i5 0" [firmware/nnet_utils/nnet_activation.h:46]   --->   Operation 226 'bitconcatenate' 'shl_ln46_40' <Predicate = (!icmp_ln46_42 & icmp_ln45_42)> <Delay = 0.00>
ST_1 : Operation 227 [1/1] (0.00ns)   --->   "%tmp_40 = partselect i6 @_ssdm_op_PartSelect.i6.i16.i32.i32, i16 %data_27_val_read, i32 10, i32 15" [firmware/nnet_utils/nnet_activation.h:46]   --->   Operation 227 'partselect' 'tmp_40' <Predicate = (icmp_ln45_42)> <Delay = 0.00>
ST_1 : Operation 228 [1/1] (0.70ns)   --->   "%icmp_ln46_42 = icmp_ne  i6 %tmp_40, i6 0" [firmware/nnet_utils/nnet_activation.h:46]   --->   Operation 228 'icmp' 'icmp_ln46_42' <Predicate = (icmp_ln45_42)> <Delay = 0.70> <CoreInst = "Cmp">   --->   Core 9 'Cmp' <Latency = 0> <II = 1> <Delay = 0.70> <FuncUnit> <Opcode : 'icmp'> <InPorts = 2> <OutPorts = 1>
ST_1 : Operation 229 [1/1] (0.00ns) (grouped into LUT with out node select_ln45_42)   --->   "%select_ln46_42 = select i1 %icmp_ln46_42, i15 32767, i15 %shl_ln46_40" [firmware/nnet_utils/nnet_activation.h:46]   --->   Operation 229 'select' 'select_ln46_42' <Predicate = (icmp_ln45_42)> <Delay = 0.00> <CoreInst = "Sel">   --->   Core 73 'Sel' <Latency = 0> <II = 1> <Delay = 0.29> <FuncUnit> <Opcode : 'select'> <InPorts = 3> <OutPorts = 1>
ST_1 : Operation 230 [1/1] (0.29ns) (out node of the LUT)   --->   "%select_ln45_42 = select i1 %icmp_ln45_42, i15 %select_ln46_42, i15 0" [firmware/nnet_utils/nnet_activation.h:45]   --->   Operation 230 'select' 'select_ln45_42' <Predicate = true> <Delay = 0.29> <CoreInst = "Sel">   --->   Core 73 'Sel' <Latency = 0> <II = 1> <Delay = 0.29> <FuncUnit> <Opcode : 'select'> <InPorts = 3> <OutPorts = 1>
ST_1 : Operation 231 [1/1] (0.78ns)   --->   "%icmp_ln45_43 = icmp_sgt  i16 %data_28_val_read, i16 0" [firmware/nnet_utils/nnet_activation.h:45]   --->   Operation 231 'icmp' 'icmp_ln45_43' <Predicate = true> <Delay = 0.78> <CoreInst = "Cmp">   --->   Core 9 'Cmp' <Latency = 0> <II = 1> <Delay = 0.78> <FuncUnit> <Opcode : 'icmp'> <InPorts = 2> <OutPorts = 1>
ST_1 : Operation 232 [1/1] (0.00ns) (grouped into LUT with out node select_ln45_43)   --->   "%trunc_ln46_43 = trunc i16 %data_28_val_read" [firmware/nnet_utils/nnet_activation.h:46]   --->   Operation 232 'trunc' 'trunc_ln46_43' <Predicate = (!icmp_ln46_43 & icmp_ln45_43)> <Delay = 0.00>
ST_1 : Operation 233 [1/1] (0.00ns) (grouped into LUT with out node select_ln45_43)   --->   "%shl_ln46_41 = bitconcatenate i15 @_ssdm_op_BitConcatenate.i15.i10.i5, i10 %trunc_ln46_43, i5 0" [firmware/nnet_utils/nnet_activation.h:46]   --->   Operation 233 'bitconcatenate' 'shl_ln46_41' <Predicate = (!icmp_ln46_43 & icmp_ln45_43)> <Delay = 0.00>
ST_1 : Operation 234 [1/1] (0.00ns)   --->   "%tmp_41 = partselect i6 @_ssdm_op_PartSelect.i6.i16.i32.i32, i16 %data_28_val_read, i32 10, i32 15" [firmware/nnet_utils/nnet_activation.h:46]   --->   Operation 234 'partselect' 'tmp_41' <Predicate = (icmp_ln45_43)> <Delay = 0.00>
ST_1 : Operation 235 [1/1] (0.70ns)   --->   "%icmp_ln46_43 = icmp_ne  i6 %tmp_41, i6 0" [firmware/nnet_utils/nnet_activation.h:46]   --->   Operation 235 'icmp' 'icmp_ln46_43' <Predicate = (icmp_ln45_43)> <Delay = 0.70> <CoreInst = "Cmp">   --->   Core 9 'Cmp' <Latency = 0> <II = 1> <Delay = 0.70> <FuncUnit> <Opcode : 'icmp'> <InPorts = 2> <OutPorts = 1>
ST_1 : Operation 236 [1/1] (0.00ns) (grouped into LUT with out node select_ln45_43)   --->   "%select_ln46_43 = select i1 %icmp_ln46_43, i15 32767, i15 %shl_ln46_41" [firmware/nnet_utils/nnet_activation.h:46]   --->   Operation 236 'select' 'select_ln46_43' <Predicate = (icmp_ln45_43)> <Delay = 0.00> <CoreInst = "Sel">   --->   Core 73 'Sel' <Latency = 0> <II = 1> <Delay = 0.29> <FuncUnit> <Opcode : 'select'> <InPorts = 3> <OutPorts = 1>
ST_1 : Operation 237 [1/1] (0.29ns) (out node of the LUT)   --->   "%select_ln45_43 = select i1 %icmp_ln45_43, i15 %select_ln46_43, i15 0" [firmware/nnet_utils/nnet_activation.h:45]   --->   Operation 237 'select' 'select_ln45_43' <Predicate = true> <Delay = 0.29> <CoreInst = "Sel">   --->   Core 73 'Sel' <Latency = 0> <II = 1> <Delay = 0.29> <FuncUnit> <Opcode : 'select'> <InPorts = 3> <OutPorts = 1>
ST_1 : Operation 238 [1/1] (0.78ns)   --->   "%icmp_ln45_44 = icmp_sgt  i16 %data_29_val_read, i16 0" [firmware/nnet_utils/nnet_activation.h:45]   --->   Operation 238 'icmp' 'icmp_ln45_44' <Predicate = true> <Delay = 0.78> <CoreInst = "Cmp">   --->   Core 9 'Cmp' <Latency = 0> <II = 1> <Delay = 0.78> <FuncUnit> <Opcode : 'icmp'> <InPorts = 2> <OutPorts = 1>
ST_1 : Operation 239 [1/1] (0.00ns) (grouped into LUT with out node select_ln45_44)   --->   "%trunc_ln46_44 = trunc i16 %data_29_val_read" [firmware/nnet_utils/nnet_activation.h:46]   --->   Operation 239 'trunc' 'trunc_ln46_44' <Predicate = (!icmp_ln46_44 & icmp_ln45_44)> <Delay = 0.00>
ST_1 : Operation 240 [1/1] (0.00ns) (grouped into LUT with out node select_ln45_44)   --->   "%shl_ln46_42 = bitconcatenate i15 @_ssdm_op_BitConcatenate.i15.i10.i5, i10 %trunc_ln46_44, i5 0" [firmware/nnet_utils/nnet_activation.h:46]   --->   Operation 240 'bitconcatenate' 'shl_ln46_42' <Predicate = (!icmp_ln46_44 & icmp_ln45_44)> <Delay = 0.00>
ST_1 : Operation 241 [1/1] (0.00ns)   --->   "%tmp_42 = partselect i6 @_ssdm_op_PartSelect.i6.i16.i32.i32, i16 %data_29_val_read, i32 10, i32 15" [firmware/nnet_utils/nnet_activation.h:46]   --->   Operation 241 'partselect' 'tmp_42' <Predicate = (icmp_ln45_44)> <Delay = 0.00>
ST_1 : Operation 242 [1/1] (0.70ns)   --->   "%icmp_ln46_44 = icmp_ne  i6 %tmp_42, i6 0" [firmware/nnet_utils/nnet_activation.h:46]   --->   Operation 242 'icmp' 'icmp_ln46_44' <Predicate = (icmp_ln45_44)> <Delay = 0.70> <CoreInst = "Cmp">   --->   Core 9 'Cmp' <Latency = 0> <II = 1> <Delay = 0.70> <FuncUnit> <Opcode : 'icmp'> <InPorts = 2> <OutPorts = 1>
ST_1 : Operation 243 [1/1] (0.00ns) (grouped into LUT with out node select_ln45_44)   --->   "%select_ln46_44 = select i1 %icmp_ln46_44, i15 32767, i15 %shl_ln46_42" [firmware/nnet_utils/nnet_activation.h:46]   --->   Operation 243 'select' 'select_ln46_44' <Predicate = (icmp_ln45_44)> <Delay = 0.00> <CoreInst = "Sel">   --->   Core 73 'Sel' <Latency = 0> <II = 1> <Delay = 0.29> <FuncUnit> <Opcode : 'select'> <InPorts = 3> <OutPorts = 1>
ST_1 : Operation 244 [1/1] (0.29ns) (out node of the LUT)   --->   "%select_ln45_44 = select i1 %icmp_ln45_44, i15 %select_ln46_44, i15 0" [firmware/nnet_utils/nnet_activation.h:45]   --->   Operation 244 'select' 'select_ln45_44' <Predicate = true> <Delay = 0.29> <CoreInst = "Sel">   --->   Core 73 'Sel' <Latency = 0> <II = 1> <Delay = 0.29> <FuncUnit> <Opcode : 'select'> <InPorts = 3> <OutPorts = 1>
ST_1 : Operation 245 [1/1] (0.78ns)   --->   "%icmp_ln45_45 = icmp_sgt  i16 %data_30_val_read, i16 0" [firmware/nnet_utils/nnet_activation.h:45]   --->   Operation 245 'icmp' 'icmp_ln45_45' <Predicate = true> <Delay = 0.78> <CoreInst = "Cmp">   --->   Core 9 'Cmp' <Latency = 0> <II = 1> <Delay = 0.78> <FuncUnit> <Opcode : 'icmp'> <InPorts = 2> <OutPorts = 1>
ST_1 : Operation 246 [1/1] (0.00ns) (grouped into LUT with out node select_ln45_45)   --->   "%trunc_ln46_45 = trunc i16 %data_30_val_read" [firmware/nnet_utils/nnet_activation.h:46]   --->   Operation 246 'trunc' 'trunc_ln46_45' <Predicate = (!icmp_ln46_45 & icmp_ln45_45)> <Delay = 0.00>
ST_1 : Operation 247 [1/1] (0.00ns) (grouped into LUT with out node select_ln45_45)   --->   "%shl_ln46_43 = bitconcatenate i15 @_ssdm_op_BitConcatenate.i15.i10.i5, i10 %trunc_ln46_45, i5 0" [firmware/nnet_utils/nnet_activation.h:46]   --->   Operation 247 'bitconcatenate' 'shl_ln46_43' <Predicate = (!icmp_ln46_45 & icmp_ln45_45)> <Delay = 0.00>
ST_1 : Operation 248 [1/1] (0.00ns)   --->   "%tmp_43 = partselect i6 @_ssdm_op_PartSelect.i6.i16.i32.i32, i16 %data_30_val_read, i32 10, i32 15" [firmware/nnet_utils/nnet_activation.h:46]   --->   Operation 248 'partselect' 'tmp_43' <Predicate = (icmp_ln45_45)> <Delay = 0.00>
ST_1 : Operation 249 [1/1] (0.70ns)   --->   "%icmp_ln46_45 = icmp_ne  i6 %tmp_43, i6 0" [firmware/nnet_utils/nnet_activation.h:46]   --->   Operation 249 'icmp' 'icmp_ln46_45' <Predicate = (icmp_ln45_45)> <Delay = 0.70> <CoreInst = "Cmp">   --->   Core 9 'Cmp' <Latency = 0> <II = 1> <Delay = 0.70> <FuncUnit> <Opcode : 'icmp'> <InPorts = 2> <OutPorts = 1>
ST_1 : Operation 250 [1/1] (0.00ns) (grouped into LUT with out node select_ln45_45)   --->   "%select_ln46_45 = select i1 %icmp_ln46_45, i15 32767, i15 %shl_ln46_43" [firmware/nnet_utils/nnet_activation.h:46]   --->   Operation 250 'select' 'select_ln46_45' <Predicate = (icmp_ln45_45)> <Delay = 0.00> <CoreInst = "Sel">   --->   Core 73 'Sel' <Latency = 0> <II = 1> <Delay = 0.29> <FuncUnit> <Opcode : 'select'> <InPorts = 3> <OutPorts = 1>
ST_1 : Operation 251 [1/1] (0.29ns) (out node of the LUT)   --->   "%select_ln45_45 = select i1 %icmp_ln45_45, i15 %select_ln46_45, i15 0" [firmware/nnet_utils/nnet_activation.h:45]   --->   Operation 251 'select' 'select_ln45_45' <Predicate = true> <Delay = 0.29> <CoreInst = "Sel">   --->   Core 73 'Sel' <Latency = 0> <II = 1> <Delay = 0.29> <FuncUnit> <Opcode : 'select'> <InPorts = 3> <OutPorts = 1>
ST_1 : Operation 252 [1/1] (0.78ns)   --->   "%icmp_ln45_46 = icmp_sgt  i16 %data_31_val_read, i16 0" [firmware/nnet_utils/nnet_activation.h:45]   --->   Operation 252 'icmp' 'icmp_ln45_46' <Predicate = true> <Delay = 0.78> <CoreInst = "Cmp">   --->   Core 9 'Cmp' <Latency = 0> <II = 1> <Delay = 0.78> <FuncUnit> <Opcode : 'icmp'> <InPorts = 2> <OutPorts = 1>
ST_1 : Operation 253 [1/1] (0.00ns) (grouped into LUT with out node select_ln45_46)   --->   "%trunc_ln46_46 = trunc i16 %data_31_val_read" [firmware/nnet_utils/nnet_activation.h:46]   --->   Operation 253 'trunc' 'trunc_ln46_46' <Predicate = (!icmp_ln46_46 & icmp_ln45_46)> <Delay = 0.00>
ST_1 : Operation 254 [1/1] (0.00ns) (grouped into LUT with out node select_ln45_46)   --->   "%shl_ln46_44 = bitconcatenate i15 @_ssdm_op_BitConcatenate.i15.i10.i5, i10 %trunc_ln46_46, i5 0" [firmware/nnet_utils/nnet_activation.h:46]   --->   Operation 254 'bitconcatenate' 'shl_ln46_44' <Predicate = (!icmp_ln46_46 & icmp_ln45_46)> <Delay = 0.00>
ST_1 : Operation 255 [1/1] (0.00ns)   --->   "%tmp_44 = partselect i6 @_ssdm_op_PartSelect.i6.i16.i32.i32, i16 %data_31_val_read, i32 10, i32 15" [firmware/nnet_utils/nnet_activation.h:46]   --->   Operation 255 'partselect' 'tmp_44' <Predicate = (icmp_ln45_46)> <Delay = 0.00>
ST_1 : Operation 256 [1/1] (0.70ns)   --->   "%icmp_ln46_46 = icmp_ne  i6 %tmp_44, i6 0" [firmware/nnet_utils/nnet_activation.h:46]   --->   Operation 256 'icmp' 'icmp_ln46_46' <Predicate = (icmp_ln45_46)> <Delay = 0.70> <CoreInst = "Cmp">   --->   Core 9 'Cmp' <Latency = 0> <II = 1> <Delay = 0.70> <FuncUnit> <Opcode : 'icmp'> <InPorts = 2> <OutPorts = 1>
ST_1 : Operation 257 [1/1] (0.00ns) (grouped into LUT with out node select_ln45_46)   --->   "%select_ln46_46 = select i1 %icmp_ln46_46, i15 32767, i15 %shl_ln46_44" [firmware/nnet_utils/nnet_activation.h:46]   --->   Operation 257 'select' 'select_ln46_46' <Predicate = (icmp_ln45_46)> <Delay = 0.00> <CoreInst = "Sel">   --->   Core 73 'Sel' <Latency = 0> <II = 1> <Delay = 0.29> <FuncUnit> <Opcode : 'select'> <InPorts = 3> <OutPorts = 1>
ST_1 : Operation 258 [1/1] (0.29ns) (out node of the LUT)   --->   "%select_ln45_46 = select i1 %icmp_ln45_46, i15 %select_ln46_46, i15 0" [firmware/nnet_utils/nnet_activation.h:45]   --->   Operation 258 'select' 'select_ln45_46' <Predicate = true> <Delay = 0.29> <CoreInst = "Sel">   --->   Core 73 'Sel' <Latency = 0> <II = 1> <Delay = 0.29> <FuncUnit> <Opcode : 'select'> <InPorts = 3> <OutPorts = 1>
ST_1 : Operation 259 [1/1] (0.00ns)   --->   "%mrv = insertvalue i480 <undef>, i15 %select_ln45" [firmware/nnet_utils/nnet_activation.h:50]   --->   Operation 259 'insertvalue' 'mrv' <Predicate = true> <Delay = 0.00>
ST_1 : Operation 260 [1/1] (0.00ns)   --->   "%mrv_1 = insertvalue i480 %mrv, i15 %select_ln45_16" [firmware/nnet_utils/nnet_activation.h:50]   --->   Operation 260 'insertvalue' 'mrv_1' <Predicate = true> <Delay = 0.00>
ST_1 : Operation 261 [1/1] (0.00ns)   --->   "%mrv_2 = insertvalue i480 %mrv_1, i15 %select_ln45_17" [firmware/nnet_utils/nnet_activation.h:50]   --->   Operation 261 'insertvalue' 'mrv_2' <Predicate = true> <Delay = 0.00>
ST_1 : Operation 262 [1/1] (0.00ns)   --->   "%mrv_3 = insertvalue i480 %mrv_2, i15 %select_ln45_18" [firmware/nnet_utils/nnet_activation.h:50]   --->   Operation 262 'insertvalue' 'mrv_3' <Predicate = true> <Delay = 0.00>
ST_1 : Operation 263 [1/1] (0.00ns)   --->   "%mrv_4 = insertvalue i480 %mrv_3, i15 %select_ln45_19" [firmware/nnet_utils/nnet_activation.h:50]   --->   Operation 263 'insertvalue' 'mrv_4' <Predicate = true> <Delay = 0.00>
ST_1 : Operation 264 [1/1] (0.00ns)   --->   "%mrv_5 = insertvalue i480 %mrv_4, i15 %select_ln45_20" [firmware/nnet_utils/nnet_activation.h:50]   --->   Operation 264 'insertvalue' 'mrv_5' <Predicate = true> <Delay = 0.00>
ST_1 : Operation 265 [1/1] (0.00ns)   --->   "%mrv_6 = insertvalue i480 %mrv_5, i15 %select_ln45_21" [firmware/nnet_utils/nnet_activation.h:50]   --->   Operation 265 'insertvalue' 'mrv_6' <Predicate = true> <Delay = 0.00>
ST_1 : Operation 266 [1/1] (0.00ns)   --->   "%mrv_7 = insertvalue i480 %mrv_6, i15 %select_ln45_22" [firmware/nnet_utils/nnet_activation.h:50]   --->   Operation 266 'insertvalue' 'mrv_7' <Predicate = true> <Delay = 0.00>
ST_1 : Operation 267 [1/1] (0.00ns)   --->   "%mrv_8 = insertvalue i480 %mrv_7, i15 %select_ln45_23" [firmware/nnet_utils/nnet_activation.h:50]   --->   Operation 267 'insertvalue' 'mrv_8' <Predicate = true> <Delay = 0.00>
ST_1 : Operation 268 [1/1] (0.00ns)   --->   "%mrv_9 = insertvalue i480 %mrv_8, i15 %select_ln45_24" [firmware/nnet_utils/nnet_activation.h:50]   --->   Operation 268 'insertvalue' 'mrv_9' <Predicate = true> <Delay = 0.00>
ST_1 : Operation 269 [1/1] (0.00ns)   --->   "%mrv_10 = insertvalue i480 %mrv_9, i15 %select_ln45_25" [firmware/nnet_utils/nnet_activation.h:50]   --->   Operation 269 'insertvalue' 'mrv_10' <Predicate = true> <Delay = 0.00>
ST_1 : Operation 270 [1/1] (0.00ns)   --->   "%mrv_11 = insertvalue i480 %mrv_10, i15 %select_ln45_26" [firmware/nnet_utils/nnet_activation.h:50]   --->   Operation 270 'insertvalue' 'mrv_11' <Predicate = true> <Delay = 0.00>
ST_1 : Operation 271 [1/1] (0.00ns)   --->   "%mrv_12 = insertvalue i480 %mrv_11, i15 %select_ln45_27" [firmware/nnet_utils/nnet_activation.h:50]   --->   Operation 271 'insertvalue' 'mrv_12' <Predicate = true> <Delay = 0.00>
ST_1 : Operation 272 [1/1] (0.00ns)   --->   "%mrv_13 = insertvalue i480 %mrv_12, i15 %select_ln45_28" [firmware/nnet_utils/nnet_activation.h:50]   --->   Operation 272 'insertvalue' 'mrv_13' <Predicate = true> <Delay = 0.00>
ST_1 : Operation 273 [1/1] (0.00ns)   --->   "%mrv_14 = insertvalue i480 %mrv_13, i15 %select_ln45_29" [firmware/nnet_utils/nnet_activation.h:50]   --->   Operation 273 'insertvalue' 'mrv_14' <Predicate = true> <Delay = 0.00>
ST_1 : Operation 274 [1/1] (0.00ns)   --->   "%mrv_s = insertvalue i480 %mrv_14, i15 %select_ln45_30" [firmware/nnet_utils/nnet_activation.h:50]   --->   Operation 274 'insertvalue' 'mrv_s' <Predicate = true> <Delay = 0.00>
ST_1 : Operation 275 [1/1] (0.00ns)   --->   "%mrv_15 = insertvalue i480 %mrv_s, i15 %select_ln45_31" [firmware/nnet_utils/nnet_activation.h:50]   --->   Operation 275 'insertvalue' 'mrv_15' <Predicate = true> <Delay = 0.00>
ST_1 : Operation 276 [1/1] (0.00ns)   --->   "%mrv_16 = insertvalue i480 %mrv_15, i15 %select_ln45_32" [firmware/nnet_utils/nnet_activation.h:50]   --->   Operation 276 'insertvalue' 'mrv_16' <Predicate = true> <Delay = 0.00>
ST_1 : Operation 277 [1/1] (0.00ns)   --->   "%mrv_17 = insertvalue i480 %mrv_16, i15 %select_ln45_33" [firmware/nnet_utils/nnet_activation.h:50]   --->   Operation 277 'insertvalue' 'mrv_17' <Predicate = true> <Delay = 0.00>
ST_1 : Operation 278 [1/1] (0.00ns)   --->   "%mrv_18 = insertvalue i480 %mrv_17, i15 %select_ln45_34" [firmware/nnet_utils/nnet_activation.h:50]   --->   Operation 278 'insertvalue' 'mrv_18' <Predicate = true> <Delay = 0.00>
ST_1 : Operation 279 [1/1] (0.00ns)   --->   "%mrv_19 = insertvalue i480 %mrv_18, i15 %select_ln45_35" [firmware/nnet_utils/nnet_activation.h:50]   --->   Operation 279 'insertvalue' 'mrv_19' <Predicate = true> <Delay = 0.00>
ST_1 : Operation 280 [1/1] (0.00ns)   --->   "%mrv_20 = insertvalue i480 %mrv_19, i15 %select_ln45_36" [firmware/nnet_utils/nnet_activation.h:50]   --->   Operation 280 'insertvalue' 'mrv_20' <Predicate = true> <Delay = 0.00>
ST_1 : Operation 281 [1/1] (0.00ns)   --->   "%mrv_21 = insertvalue i480 %mrv_20, i15 %select_ln45_37" [firmware/nnet_utils/nnet_activation.h:50]   --->   Operation 281 'insertvalue' 'mrv_21' <Predicate = true> <Delay = 0.00>
ST_1 : Operation 282 [1/1] (0.00ns)   --->   "%mrv_22 = insertvalue i480 %mrv_21, i15 %select_ln45_38" [firmware/nnet_utils/nnet_activation.h:50]   --->   Operation 282 'insertvalue' 'mrv_22' <Predicate = true> <Delay = 0.00>
ST_1 : Operation 283 [1/1] (0.00ns)   --->   "%mrv_23 = insertvalue i480 %mrv_22, i15 %select_ln45_39" [firmware/nnet_utils/nnet_activation.h:50]   --->   Operation 283 'insertvalue' 'mrv_23' <Predicate = true> <Delay = 0.00>
ST_1 : Operation 284 [1/1] (0.00ns)   --->   "%mrv_24 = insertvalue i480 %mrv_23, i15 %select_ln45_40" [firmware/nnet_utils/nnet_activation.h:50]   --->   Operation 284 'insertvalue' 'mrv_24' <Predicate = true> <Delay = 0.00>
ST_1 : Operation 285 [1/1] (0.00ns)   --->   "%mrv_25 = insertvalue i480 %mrv_24, i15 %select_ln45_41" [firmware/nnet_utils/nnet_activation.h:50]   --->   Operation 285 'insertvalue' 'mrv_25' <Predicate = true> <Delay = 0.00>
ST_1 : Operation 286 [1/1] (0.00ns)   --->   "%mrv_26 = insertvalue i480 %mrv_25, i15 %select_ln45_42" [firmware/nnet_utils/nnet_activation.h:50]   --->   Operation 286 'insertvalue' 'mrv_26' <Predicate = true> <Delay = 0.00>
ST_1 : Operation 287 [1/1] (0.00ns)   --->   "%mrv_27 = insertvalue i480 %mrv_26, i15 %select_ln45_43" [firmware/nnet_utils/nnet_activation.h:50]   --->   Operation 287 'insertvalue' 'mrv_27' <Predicate = true> <Delay = 0.00>
ST_1 : Operation 288 [1/1] (0.00ns)   --->   "%mrv_28 = insertvalue i480 %mrv_27, i15 %select_ln45_44" [firmware/nnet_utils/nnet_activation.h:50]   --->   Operation 288 'insertvalue' 'mrv_28' <Predicate = true> <Delay = 0.00>
ST_1 : Operation 289 [1/1] (0.00ns)   --->   "%mrv_29 = insertvalue i480 %mrv_28, i15 %select_ln45_45" [firmware/nnet_utils/nnet_activation.h:50]   --->   Operation 289 'insertvalue' 'mrv_29' <Predicate = true> <Delay = 0.00>
ST_1 : Operation 290 [1/1] (0.00ns)   --->   "%mrv_30 = insertvalue i480 %mrv_29, i15 %select_ln45_46" [firmware/nnet_utils/nnet_activation.h:50]   --->   Operation 290 'insertvalue' 'mrv_30' <Predicate = true> <Delay = 0.00>
ST_1 : Operation 291 [1/1] (0.00ns)   --->   "%ret_ln50 = ret i480 %mrv_30" [firmware/nnet_utils/nnet_activation.h:50]   --->   Operation 291 'ret' 'ret_ln50' <Predicate = true> <Delay = 0.00>


============================================================
+ Verbose Summary: Timing violations
============================================================
Target clock period: 25.000ns, clock uncertainty: 3.125ns.

 <State 1>: 1.078ns
The critical path consists of the following:
	wire read operation ('data_0_val_read', firmware/nnet_utils/nnet_activation.h:42) on port 'data_0_val' (firmware/nnet_utils/nnet_activation.h:42) [65]  (0.000 ns)
	'icmp' operation ('icmp_ln45', firmware/nnet_utils/nnet_activation.h:45) [66]  (0.785 ns)
	'select' operation ('select_ln45', firmware/nnet_utils/nnet_activation.h:45) [72]  (0.292 ns)


============================================================
+ Verbose Summary: Binding
============================================================
N/A
* FSMD analyzer results:
  - Output states:
 - Input state : 
  - Chain level:
	State 1


============================================================
+ Verbose Summary: Datapath Resource usage 
============================================================
N/A
