

================================================================
== Vitis HLS Report for 'softmax_stable_ap_fixed_ap_fixed_16_6_5_3_0_softmax_config12_s'
================================================================
* Date:           Thu Jul 11 13:47:20 2024

* Version:        2023.1 (Build 3854077 on May  4 2023)
* Project:        myproject_prj
* Solution:       solution1 (Vivado IP Flow Target)
* Product family: virtexuplus
* Target device:  xcvu13p-flga2577-2-e


================================================================
== Performance Estimates
================================================================
+ Timing: 
    * Summary: 
    +--------+---------+----------+------------+
    |  Clock |  Target | Estimated| Uncertainty|
    +--------+---------+----------+------------+
    |ap_clk  |  5.00 ns|  4.344 ns|     0.62 ns|
    +--------+---------+----------+------------+

+ Latency: 
    * Summary: 
    +---------+---------+-----------+-----------+-----+-----+---------+
    |  Latency (cycles) |   Latency (absolute)  |  Interval | Pipeline|
    |   min   |   max   |    min    |    max    | min | max |   Type  |
    +---------+---------+-----------+-----------+-----+-----+---------+
    |        2|        2|  10.000 ns|  10.000 ns|    1|    1|      yes|
    +---------+---------+-----------+-----------+-----+-----+---------+

    + Detail: 
        * Instance: 
        N/A

        * Loop: 
        N/A

============================================================
+ Verbose Summary: Synthesis Manager
============================================================
InlineROM: 1
ExposeGlobal: 0
============================================================
+ Verbose Summary: CDFG Model
============================================================
IsTopModel: 0
ResetActiveHigh: 1
IsCombinational: 0
IsDatapathOnly: 0
HasWiredReturn: 1
HasMFsm: 2
HasVarLatency: 0
IsPipeline: 1
IsRtlPipelined: 1
IsInstanceOverlapped: 0
IsDontTouch: 0
HasImplIP: 0
IsGatedGlobalClock: 0

+ Individual pipeline summary: 
  * Pipeline-0: initiation interval (II) = 1, depth = 3


============================================================
+ Verbose Summary: Schedule
============================================================
* Number of FSM states : 3
* Pipeline : 1
  Pipeline-0 : II = 1, D = 3, States = { 1 2 3 }
* Dataflow Pipeline: 0

* FSM state transitions: 
1 --> 2 
2 --> 3 
3 --> 

* FSM state operations: 

State 1 <SV = 0> <Delay = 4.34>
ST_1 : Operation 4 [1/1] (0.00ns)   --->   "%data_2_val_read = read i16 @_ssdm_op_Read.ap_auto.i16, i16 %data_2_val" [firmware/nnet_utils/nnet_common.h:65->firmware/nnet_utils/nnet_common.h:43->firmware/nnet_utils/nnet_common.h:45->firmware/nnet_utils/nnet_activation.h:239]   --->   Operation 4 'read' 'data_2_val_read' <Predicate = true> <Delay = 0.00>
ST_1 : Operation 5 [1/1] (0.00ns)   --->   "%data_1_val_read = read i16 @_ssdm_op_Read.ap_auto.i16, i16 %data_1_val" [firmware/nnet_utils/nnet_common.h:65->firmware/nnet_utils/nnet_common.h:43->firmware/nnet_utils/nnet_common.h:45->firmware/nnet_utils/nnet_activation.h:239]   --->   Operation 5 'read' 'data_1_val_read' <Predicate = true> <Delay = 0.00>
ST_1 : Operation 6 [1/1] (0.00ns)   --->   "%data_0_val_read = read i16 @_ssdm_op_Read.ap_auto.i16, i16 %data_0_val" [firmware/nnet_utils/nnet_common.h:65->firmware/nnet_utils/nnet_common.h:43->firmware/nnet_utils/nnet_common.h:45->firmware/nnet_utils/nnet_activation.h:239]   --->   Operation 6 'read' 'data_0_val_read' <Predicate = true> <Delay = 0.00>
ST_1 : Operation 7 [1/1] (0.78ns)   --->   "%icmp_ln65 = icmp_slt  i16 %data_0_val_read, i16 %data_1_val_read" [firmware/nnet_utils/nnet_common.h:65->firmware/nnet_utils/nnet_common.h:43->firmware/nnet_utils/nnet_common.h:45->firmware/nnet_utils/nnet_activation.h:239]   --->   Operation 7 'icmp' 'icmp_ln65' <Predicate = true> <Delay = 0.78> <CoreInst = "Cmp">   --->   Core 9 'Cmp' <Latency = 0> <II = 1> <Delay = 0.78> <FuncUnit> <Opcode : 'icmp'> <InPorts = 2> <OutPorts = 1>
ST_1 : Operation 8 [1/1] (0.00ns) (grouped into LUT with out node select_ln65)   --->   "%xor_ln65 = xor i1 %icmp_ln65, i1 1" [firmware/nnet_utils/nnet_common.h:65->firmware/nnet_utils/nnet_common.h:43->firmware/nnet_utils/nnet_common.h:45->firmware/nnet_utils/nnet_activation.h:239]   --->   Operation 8 'xor' 'xor_ln65' <Predicate = true> <Delay = 0.00> <CoreInst = "LogicGate">   --->   Core 74 'LogicGate' <Latency = 0> <II = 1> <Delay = 0.12> <FuncUnit> <Opcode : 'and' 'or' 'xor'> <InPorts = 2> <OutPorts = 1>
ST_1 : Operation 9 [1/1] (0.24ns) (out node of the LUT)   --->   "%select_ln65 = select i1 %xor_ln65, i16 %data_0_val_read, i16 %data_1_val_read" [firmware/nnet_utils/nnet_common.h:65->firmware/nnet_utils/nnet_common.h:43->firmware/nnet_utils/nnet_common.h:45->firmware/nnet_utils/nnet_activation.h:239]   --->   Operation 9 'select' 'select_ln65' <Predicate = true> <Delay = 0.24> <CoreInst = "Sel">   --->   Core 73 'Sel' <Latency = 0> <II = 1> <Delay = 0.24> <FuncUnit> <Opcode : 'select'> <InPorts = 3> <OutPorts = 1>
ST_1 : Operation 10 [1/1] (0.78ns)   --->   "%icmp_ln65_1 = icmp_slt  i16 %select_ln65, i16 %data_2_val_read" [firmware/nnet_utils/nnet_common.h:65->firmware/nnet_utils/nnet_common.h:45->firmware/nnet_utils/nnet_activation.h:239]   --->   Operation 10 'icmp' 'icmp_ln65_1' <Predicate = true> <Delay = 0.78> <CoreInst = "Cmp">   --->   Core 9 'Cmp' <Latency = 0> <II = 1> <Delay = 0.78> <FuncUnit> <Opcode : 'icmp'> <InPorts = 2> <OutPorts = 1>
ST_1 : Operation 11 [1/1] (0.00ns) (grouped into LUT with out node x_max)   --->   "%xor_ln65_1 = xor i1 %icmp_ln65_1, i1 1" [firmware/nnet_utils/nnet_common.h:65->firmware/nnet_utils/nnet_common.h:45->firmware/nnet_utils/nnet_activation.h:239]   --->   Operation 11 'xor' 'xor_ln65_1' <Predicate = true> <Delay = 0.00> <CoreInst = "LogicGate">   --->   Core 74 'LogicGate' <Latency = 0> <II = 1> <Delay = 0.12> <FuncUnit> <Opcode : 'and' 'or' 'xor'> <InPorts = 2> <OutPorts = 1>
ST_1 : Operation 12 [1/1] (0.24ns) (out node of the LUT)   --->   "%x_max = select i1 %xor_ln65_1, i16 %select_ln65, i16 %data_2_val_read" [firmware/nnet_utils/nnet_common.h:65->firmware/nnet_utils/nnet_common.h:45->firmware/nnet_utils/nnet_activation.h:239]   --->   Operation 12 'select' 'x_max' <Predicate = true> <Delay = 0.24> <CoreInst = "Sel">   --->   Core 73 'Sel' <Latency = 0> <II = 1> <Delay = 0.24> <FuncUnit> <Opcode : 'select'> <InPorts = 3> <OutPorts = 1>
ST_1 : Operation 13 [1/1] (0.00ns)   --->   "%sext_ln245 = sext i16 %data_0_val_read" [firmware/nnet_utils/nnet_activation.h:245]   --->   Operation 13 'sext' 'sext_ln245' <Predicate = true> <Delay = 0.00>
ST_1 : Operation 14 [1/1] (0.00ns)   --->   "%sext_ln245_1 = sext i16 %x_max" [firmware/nnet_utils/nnet_activation.h:245]   --->   Operation 14 'sext' 'sext_ln245_1' <Predicate = true> <Delay = 0.00>
ST_1 : Operation 15 [1/1] (0.78ns)   --->   "%sub_ln245 = sub i17 %sext_ln245, i17 %sext_ln245_1" [firmware/nnet_utils/nnet_activation.h:245]   --->   Operation 15 'sub' 'sub_ln245' <Predicate = true> <Delay = 0.78> <CoreInst = "Adder">   --->   Core 1 'Adder' <Latency = 0> <II = 1> <Delay = 0.78> <FuncUnit> <Opcode : 'add' 'sub'> <InPorts = 2> <OutPorts = 1>
ST_1 : Operation 16 [1/1] (0.00ns)   --->   "%tmp_4 = bitselect i1 @_ssdm_op_BitSelect.i1.i17.i32, i17 %sub_ln245, i32 16" [firmware/nnet_utils/nnet_activation.h:245]   --->   Operation 16 'bitselect' 'tmp_4' <Predicate = true> <Delay = 0.00>
ST_1 : Operation 17 [1/1] (0.00ns)   --->   "%tmp_5 = bitselect i1 @_ssdm_op_BitSelect.i1.i17.i32, i17 %sub_ln245, i32 15" [firmware/nnet_utils/nnet_activation.h:245]   --->   Operation 17 'bitselect' 'tmp_5' <Predicate = true> <Delay = 0.00>
ST_1 : Operation 18 [1/1] (0.00ns) (grouped into LUT with out node select_ln245_1)   --->   "%xor_ln245 = xor i1 %tmp_4, i1 1" [firmware/nnet_utils/nnet_activation.h:245]   --->   Operation 18 'xor' 'xor_ln245' <Predicate = true> <Delay = 0.00> <CoreInst = "LogicGate">   --->   Core 74 'LogicGate' <Latency = 0> <II = 1> <Delay = 0.12> <FuncUnit> <Opcode : 'and' 'or' 'xor'> <InPorts = 2> <OutPorts = 1>
ST_1 : Operation 19 [1/1] (0.00ns) (grouped into LUT with out node select_ln245_1)   --->   "%and_ln245 = and i1 %tmp_5, i1 %xor_ln245" [firmware/nnet_utils/nnet_activation.h:245]   --->   Operation 19 'and' 'and_ln245' <Predicate = true> <Delay = 0.00> <CoreInst = "LogicGate">   --->   Core 74 'LogicGate' <Latency = 0> <II = 1> <Delay = 0.12> <FuncUnit> <Opcode : 'and' 'or' 'xor'> <InPorts = 2> <OutPorts = 1>
ST_1 : Operation 20 [1/1] (0.00ns) (grouped into LUT with out node select_ln245_1)   --->   "%xor_ln245_1 = xor i1 %tmp_4, i1 %tmp_5" [firmware/nnet_utils/nnet_activation.h:245]   --->   Operation 20 'xor' 'xor_ln245_1' <Predicate = true> <Delay = 0.00> <CoreInst = "LogicGate">   --->   Core 74 'LogicGate' <Latency = 0> <II = 1> <Delay = 0.12> <FuncUnit> <Opcode : 'and' 'or' 'xor'> <InPorts = 2> <OutPorts = 1>
ST_1 : Operation 21 [1/1] (0.00ns)   --->   "%sext_ln245_2 = sext i16 %data_1_val_read" [firmware/nnet_utils/nnet_activation.h:245]   --->   Operation 21 'sext' 'sext_ln245_2' <Predicate = true> <Delay = 0.00>
ST_1 : Operation 22 [1/1] (0.78ns)   --->   "%sub_ln245_1 = sub i17 %sext_ln245_2, i17 %sext_ln245_1" [firmware/nnet_utils/nnet_activation.h:245]   --->   Operation 22 'sub' 'sub_ln245_1' <Predicate = true> <Delay = 0.78> <CoreInst = "Adder">   --->   Core 1 'Adder' <Latency = 0> <II = 1> <Delay = 0.78> <FuncUnit> <Opcode : 'add' 'sub'> <InPorts = 2> <OutPorts = 1>
ST_1 : Operation 23 [1/1] (0.00ns)   --->   "%tmp_6 = bitselect i1 @_ssdm_op_BitSelect.i1.i17.i32, i17 %sub_ln245_1, i32 16" [firmware/nnet_utils/nnet_activation.h:245]   --->   Operation 23 'bitselect' 'tmp_6' <Predicate = true> <Delay = 0.00>
ST_1 : Operation 24 [1/1] (0.00ns)   --->   "%tmp_7 = bitselect i1 @_ssdm_op_BitSelect.i1.i17.i32, i17 %sub_ln245_1, i32 15" [firmware/nnet_utils/nnet_activation.h:245]   --->   Operation 24 'bitselect' 'tmp_7' <Predicate = true> <Delay = 0.00>
ST_1 : Operation 25 [1/1] (0.00ns) (grouped into LUT with out node select_ln245_3)   --->   "%xor_ln245_2 = xor i1 %tmp_6, i1 1" [firmware/nnet_utils/nnet_activation.h:245]   --->   Operation 25 'xor' 'xor_ln245_2' <Predicate = true> <Delay = 0.00> <CoreInst = "LogicGate">   --->   Core 74 'LogicGate' <Latency = 0> <II = 1> <Delay = 0.12> <FuncUnit> <Opcode : 'and' 'or' 'xor'> <InPorts = 2> <OutPorts = 1>
ST_1 : Operation 26 [1/1] (0.00ns) (grouped into LUT with out node select_ln245_3)   --->   "%and_ln245_1 = and i1 %tmp_7, i1 %xor_ln245_2" [firmware/nnet_utils/nnet_activation.h:245]   --->   Operation 26 'and' 'and_ln245_1' <Predicate = true> <Delay = 0.00> <CoreInst = "LogicGate">   --->   Core 74 'LogicGate' <Latency = 0> <II = 1> <Delay = 0.12> <FuncUnit> <Opcode : 'and' 'or' 'xor'> <InPorts = 2> <OutPorts = 1>
ST_1 : Operation 27 [1/1] (0.00ns) (grouped into LUT with out node select_ln245_3)   --->   "%xor_ln245_3 = xor i1 %tmp_6, i1 %tmp_7" [firmware/nnet_utils/nnet_activation.h:245]   --->   Operation 27 'xor' 'xor_ln245_3' <Predicate = true> <Delay = 0.00> <CoreInst = "LogicGate">   --->   Core 74 'LogicGate' <Latency = 0> <II = 1> <Delay = 0.12> <FuncUnit> <Opcode : 'and' 'or' 'xor'> <InPorts = 2> <OutPorts = 1>
ST_1 : Operation 28 [1/1] (0.00ns)   --->   "%sext_ln245_3 = sext i16 %data_2_val_read" [firmware/nnet_utils/nnet_activation.h:245]   --->   Operation 28 'sext' 'sext_ln245_3' <Predicate = true> <Delay = 0.00>
ST_1 : Operation 29 [1/1] (0.78ns)   --->   "%sub_ln245_2 = sub i17 %sext_ln245_3, i17 %sext_ln245_1" [firmware/nnet_utils/nnet_activation.h:245]   --->   Operation 29 'sub' 'sub_ln245_2' <Predicate = true> <Delay = 0.78> <CoreInst = "Adder">   --->   Core 1 'Adder' <Latency = 0> <II = 1> <Delay = 0.78> <FuncUnit> <Opcode : 'add' 'sub'> <InPorts = 2> <OutPorts = 1>
ST_1 : Operation 30 [1/1] (0.00ns)   --->   "%tmp_8 = bitselect i1 @_ssdm_op_BitSelect.i1.i17.i32, i17 %sub_ln245_2, i32 16" [firmware/nnet_utils/nnet_activation.h:245]   --->   Operation 30 'bitselect' 'tmp_8' <Predicate = true> <Delay = 0.00>
ST_1 : Operation 31 [1/1] (0.00ns)   --->   "%tmp_9 = bitselect i1 @_ssdm_op_BitSelect.i1.i17.i32, i17 %sub_ln245_2, i32 15" [firmware/nnet_utils/nnet_activation.h:245]   --->   Operation 31 'bitselect' 'tmp_9' <Predicate = true> <Delay = 0.00>
ST_1 : Operation 32 [1/1] (0.00ns) (grouped into LUT with out node select_ln245_5)   --->   "%xor_ln245_4 = xor i1 %tmp_8, i1 1" [firmware/nnet_utils/nnet_activation.h:245]   --->   Operation 32 'xor' 'xor_ln245_4' <Predicate = true> <Delay = 0.00> <CoreInst = "LogicGate">   --->   Core 74 'LogicGate' <Latency = 0> <II = 1> <Delay = 0.12> <FuncUnit> <Opcode : 'and' 'or' 'xor'> <InPorts = 2> <OutPorts = 1>
ST_1 : Operation 33 [1/1] (0.00ns) (grouped into LUT with out node select_ln245_5)   --->   "%and_ln245_2 = and i1 %tmp_9, i1 %xor_ln245_4" [firmware/nnet_utils/nnet_activation.h:245]   --->   Operation 33 'and' 'and_ln245_2' <Predicate = true> <Delay = 0.00> <CoreInst = "LogicGate">   --->   Core 74 'LogicGate' <Latency = 0> <II = 1> <Delay = 0.12> <FuncUnit> <Opcode : 'and' 'or' 'xor'> <InPorts = 2> <OutPorts = 1>
ST_1 : Operation 34 [1/1] (0.00ns) (grouped into LUT with out node select_ln245_5)   --->   "%xor_ln245_5 = xor i1 %tmp_8, i1 %tmp_9" [firmware/nnet_utils/nnet_activation.h:245]   --->   Operation 34 'xor' 'xor_ln245_5' <Predicate = true> <Delay = 0.00> <CoreInst = "LogicGate">   --->   Core 74 'LogicGate' <Latency = 0> <II = 1> <Delay = 0.12> <FuncUnit> <Opcode : 'and' 'or' 'xor'> <InPorts = 2> <OutPorts = 1>
ST_1 : Operation 35 [1/1] (0.00ns) (grouped into LUT with out node select_ln245_1)   --->   "%select_ln245 = select i1 %and_ln245, i10 511, i10 512" [firmware/nnet_utils/nnet_activation.h:245]   --->   Operation 35 'select' 'select_ln245' <Predicate = true> <Delay = 0.00> <CoreInst = "Sel">   --->   Core 73 'Sel' <Latency = 0> <II = 1> <Delay = 0.30> <FuncUnit> <Opcode : 'select'> <InPorts = 3> <OutPorts = 1>
ST_1 : Operation 36 [1/1] (0.00ns) (grouped into LUT with out node select_ln245_1)   --->   "%tmp = partselect i10 @_ssdm_op_PartSelect.i10.i17.i32.i32, i17 %sub_ln245, i32 6, i32 15" [firmware/nnet_utils/nnet_activation.h:145->firmware/nnet_utils/nnet_activation.h:254]   --->   Operation 36 'partselect' 'tmp' <Predicate = true> <Delay = 0.00>
ST_1 : Operation 37 [1/1] (0.30ns) (out node of the LUT)   --->   "%select_ln245_1 = select i1 %xor_ln245_1, i10 %select_ln245, i10 %tmp" [firmware/nnet_utils/nnet_activation.h:245]   --->   Operation 37 'select' 'select_ln245_1' <Predicate = true> <Delay = 0.30> <CoreInst = "Sel">   --->   Core 73 'Sel' <Latency = 0> <II = 1> <Delay = 0.30> <FuncUnit> <Opcode : 'select'> <InPorts = 3> <OutPorts = 1>
ST_1 : Operation 38 [1/1] (0.00ns)   --->   "%zext_ln255 = zext i10 %select_ln245_1" [firmware/nnet_utils/nnet_activation.h:255]   --->   Operation 38 'zext' 'zext_ln255' <Predicate = true> <Delay = 0.00>
ST_1 : Operation 39 [1/1] (0.00ns)   --->   "%exp_table_addr = getelementptr i17 %exp_table, i64 0, i64 %zext_ln255" [firmware/nnet_utils/nnet_activation.h:255]   --->   Operation 39 'getelementptr' 'exp_table_addr' <Predicate = true> <Delay = 0.00>
ST_1 : Operation 40 [2/2] (1.20ns)   --->   "%exp_table_load = load i10 %exp_table_addr" [firmware/nnet_utils/nnet_activation.h:255]   --->   Operation 40 'load' 'exp_table_load' <Predicate = true> <Delay = 1.20> <CoreInst = "ROM">   --->   Core 101 'ROM' <Latency = 1> <II = 1> <Delay = 1.20> <Storage> <Opcode : 'load'> <Ports = 0> <Width = 17> <Depth = 1024> <ROM>
ST_1 : Operation 41 [1/1] (0.00ns) (grouped into LUT with out node select_ln245_3)   --->   "%select_ln245_2 = select i1 %and_ln245_1, i10 511, i10 512" [firmware/nnet_utils/nnet_activation.h:245]   --->   Operation 41 'select' 'select_ln245_2' <Predicate = true> <Delay = 0.00> <CoreInst = "Sel">   --->   Core 73 'Sel' <Latency = 0> <II = 1> <Delay = 0.30> <FuncUnit> <Opcode : 'select'> <InPorts = 3> <OutPorts = 1>
ST_1 : Operation 42 [1/1] (0.00ns) (grouped into LUT with out node select_ln245_3)   --->   "%tmp_1 = partselect i10 @_ssdm_op_PartSelect.i10.i17.i32.i32, i17 %sub_ln245_1, i32 6, i32 15" [firmware/nnet_utils/nnet_activation.h:145->firmware/nnet_utils/nnet_activation.h:254]   --->   Operation 42 'partselect' 'tmp_1' <Predicate = true> <Delay = 0.00>
ST_1 : Operation 43 [1/1] (0.30ns) (out node of the LUT)   --->   "%select_ln245_3 = select i1 %xor_ln245_3, i10 %select_ln245_2, i10 %tmp_1" [firmware/nnet_utils/nnet_activation.h:245]   --->   Operation 43 'select' 'select_ln245_3' <Predicate = true> <Delay = 0.30> <CoreInst = "Sel">   --->   Core 73 'Sel' <Latency = 0> <II = 1> <Delay = 0.30> <FuncUnit> <Opcode : 'select'> <InPorts = 3> <OutPorts = 1>
ST_1 : Operation 44 [1/1] (0.00ns)   --->   "%zext_ln255_1 = zext i10 %select_ln245_3" [firmware/nnet_utils/nnet_activation.h:255]   --->   Operation 44 'zext' 'zext_ln255_1' <Predicate = true> <Delay = 0.00>
ST_1 : Operation 45 [1/1] (0.00ns)   --->   "%exp_table_addr_1 = getelementptr i17 %exp_table, i64 0, i64 %zext_ln255_1" [firmware/nnet_utils/nnet_activation.h:255]   --->   Operation 45 'getelementptr' 'exp_table_addr_1' <Predicate = true> <Delay = 0.00>
ST_1 : Operation 46 [2/2] (1.20ns)   --->   "%exp_table_load_1 = load i10 %exp_table_addr_1" [firmware/nnet_utils/nnet_activation.h:255]   --->   Operation 46 'load' 'exp_table_load_1' <Predicate = true> <Delay = 1.20> <CoreInst = "ROM">   --->   Core 101 'ROM' <Latency = 1> <II = 1> <Delay = 1.20> <Storage> <Opcode : 'load'> <Ports = 0> <Width = 17> <Depth = 1024> <ROM>
ST_1 : Operation 47 [1/1] (0.00ns) (grouped into LUT with out node select_ln245_5)   --->   "%select_ln245_4 = select i1 %and_ln245_2, i10 511, i10 512" [firmware/nnet_utils/nnet_activation.h:245]   --->   Operation 47 'select' 'select_ln245_4' <Predicate = true> <Delay = 0.00> <CoreInst = "Sel">   --->   Core 73 'Sel' <Latency = 0> <II = 1> <Delay = 0.30> <FuncUnit> <Opcode : 'select'> <InPorts = 3> <OutPorts = 1>
ST_1 : Operation 48 [1/1] (0.00ns) (grouped into LUT with out node select_ln245_5)   --->   "%tmp_2 = partselect i10 @_ssdm_op_PartSelect.i10.i17.i32.i32, i17 %sub_ln245_2, i32 6, i32 15" [firmware/nnet_utils/nnet_activation.h:145->firmware/nnet_utils/nnet_activation.h:254]   --->   Operation 48 'partselect' 'tmp_2' <Predicate = true> <Delay = 0.00>
ST_1 : Operation 49 [1/1] (0.30ns) (out node of the LUT)   --->   "%select_ln245_5 = select i1 %xor_ln245_5, i10 %select_ln245_4, i10 %tmp_2" [firmware/nnet_utils/nnet_activation.h:245]   --->   Operation 49 'select' 'select_ln245_5' <Predicate = true> <Delay = 0.30> <CoreInst = "Sel">   --->   Core 73 'Sel' <Latency = 0> <II = 1> <Delay = 0.30> <FuncUnit> <Opcode : 'select'> <InPorts = 3> <OutPorts = 1>
ST_1 : Operation 50 [1/1] (0.00ns)   --->   "%zext_ln255_2 = zext i10 %select_ln245_5" [firmware/nnet_utils/nnet_activation.h:255]   --->   Operation 50 'zext' 'zext_ln255_2' <Predicate = true> <Delay = 0.00>
ST_1 : Operation 51 [1/1] (0.00ns)   --->   "%exp_table_addr_2 = getelementptr i17 %exp_table, i64 0, i64 %zext_ln255_2" [firmware/nnet_utils/nnet_activation.h:255]   --->   Operation 51 'getelementptr' 'exp_table_addr_2' <Predicate = true> <Delay = 0.00>
ST_1 : Operation 52 [2/2] (1.20ns)   --->   "%exp_table_load_2 = load i10 %exp_table_addr_2" [firmware/nnet_utils/nnet_activation.h:255]   --->   Operation 52 'load' 'exp_table_load_2' <Predicate = true> <Delay = 1.20> <CoreInst = "ROM">   --->   Core 101 'ROM' <Latency = 1> <II = 1> <Delay = 1.20> <Storage> <Opcode : 'load'> <Ports = 0> <Width = 17> <Depth = 1024> <ROM>

State 2 <SV = 1> <Delay = 4.28>
ST_2 : Operation 53 [1/2] (1.20ns)   --->   "%exp_table_load = load i10 %exp_table_addr" [firmware/nnet_utils/nnet_activation.h:255]   --->   Operation 53 'load' 'exp_table_load' <Predicate = true> <Delay = 1.20> <CoreInst = "ROM">   --->   Core 101 'ROM' <Latency = 1> <II = 1> <Delay = 1.20> <Storage> <Opcode : 'load'> <Ports = 0> <Width = 17> <Depth = 1024> <ROM>
ST_2 : Operation 54 [1/1] (0.00ns)   --->   "%zext_ln245 = zext i17 %exp_table_load" [firmware/nnet_utils/nnet_activation.h:245]   --->   Operation 54 'zext' 'zext_ln245' <Predicate = true> <Delay = 0.00>
ST_2 : Operation 55 [1/2] (1.20ns)   --->   "%exp_table_load_1 = load i10 %exp_table_addr_1" [firmware/nnet_utils/nnet_activation.h:255]   --->   Operation 55 'load' 'exp_table_load_1' <Predicate = true> <Delay = 1.20> <CoreInst = "ROM">   --->   Core 101 'ROM' <Latency = 1> <II = 1> <Delay = 1.20> <Storage> <Opcode : 'load'> <Ports = 0> <Width = 17> <Depth = 1024> <ROM>
ST_2 : Operation 56 [1/1] (0.00ns)   --->   "%zext_ln245_1 = zext i17 %exp_table_load_1" [firmware/nnet_utils/nnet_activation.h:245]   --->   Operation 56 'zext' 'zext_ln245_1' <Predicate = true> <Delay = 0.00>
ST_2 : Operation 57 [1/2] (1.20ns)   --->   "%exp_table_load_2 = load i10 %exp_table_addr_2" [firmware/nnet_utils/nnet_activation.h:255]   --->   Operation 57 'load' 'exp_table_load_2' <Predicate = true> <Delay = 1.20> <CoreInst = "ROM">   --->   Core 101 'ROM' <Latency = 1> <II = 1> <Delay = 1.20> <Storage> <Opcode : 'load'> <Ports = 0> <Width = 17> <Depth = 1024> <ROM>
ST_2 : Operation 58 [1/1] (0.00ns) (grouped into LUT with out node add_ln50_1)   --->   "%zext_ln50 = zext i17 %exp_table_load_2" [firmware/nnet_utils/nnet_common.h:50->firmware/nnet_utils/nnet_common.h:43->firmware/nnet_utils/nnet_common.h:45->firmware/nnet_utils/nnet_activation.h:262]   --->   Operation 58 'zext' 'zext_ln50' <Predicate = true> <Delay = 0.00>
ST_2 : Operation 59 [1/1] (0.79ns)   --->   "%add_ln50 = add i18 %zext_ln245_1, i18 %zext_ln245" [firmware/nnet_utils/nnet_common.h:50->firmware/nnet_utils/nnet_common.h:43->firmware/nnet_utils/nnet_common.h:45->firmware/nnet_utils/nnet_activation.h:262]   --->   Operation 59 'add' 'add_ln50' <Predicate = true> <Delay = 0.79> <CoreInst = "Adder">   --->   Core 1 'Adder' <Latency = 0> <II = 1> <Delay = 0.79> <FuncUnit> <Opcode : 'add' 'sub'> <InPorts = 2> <OutPorts = 1>
ST_2 : Operation 60 [1/1] (0.79ns)   --->   "%add_ln50_2 = add i17 %exp_table_load_1, i17 %exp_table_load" [firmware/nnet_utils/nnet_common.h:50->firmware/nnet_utils/nnet_common.h:43->firmware/nnet_utils/nnet_common.h:45->firmware/nnet_utils/nnet_activation.h:262]   --->   Operation 60 'add' 'add_ln50_2' <Predicate = true> <Delay = 0.79> <CoreInst = "Adder">   --->   Core 1 'Adder' <Latency = 0> <II = 1> <Delay = 0.79> <FuncUnit> <Opcode : 'add' 'sub'> <InPorts = 2> <OutPorts = 1>
ST_2 : Operation 61 [1/1] (0.00ns) (grouped into LUT with out node add_ln50_1)   --->   "%tmp_10 = bitselect i1 @_ssdm_op_BitSelect.i1.i18.i32, i18 %add_ln50, i32 17" [firmware/nnet_utils/nnet_common.h:50->firmware/nnet_utils/nnet_common.h:43->firmware/nnet_utils/nnet_common.h:45->firmware/nnet_utils/nnet_activation.h:262]   --->   Operation 61 'bitselect' 'tmp_10' <Predicate = true> <Delay = 0.00>
ST_2 : Operation 62 [1/1] (0.00ns) (grouped into LUT with out node add_ln50_1)   --->   "%select_ln50 = select i1 %tmp_10, i17 131071, i17 %add_ln50_2" [firmware/nnet_utils/nnet_common.h:50->firmware/nnet_utils/nnet_common.h:43->firmware/nnet_utils/nnet_common.h:45->firmware/nnet_utils/nnet_activation.h:262]   --->   Operation 62 'select' 'select_ln50' <Predicate = true> <Delay = 0.00> <CoreInst = "Sel">   --->   Core 73 'Sel' <Latency = 0> <II = 1> <Delay = 0.26> <FuncUnit> <Opcode : 'select'> <InPorts = 3> <OutPorts = 1>
ST_2 : Operation 63 [1/1] (0.00ns) (grouped into LUT with out node add_ln50_1)   --->   "%zext_ln50_1 = zext i17 %select_ln50" [firmware/nnet_utils/nnet_common.h:50->firmware/nnet_utils/nnet_common.h:45->firmware/nnet_utils/nnet_activation.h:262]   --->   Operation 63 'zext' 'zext_ln50_1' <Predicate = true> <Delay = 0.00>
ST_2 : Operation 64 [1/1] (0.79ns) (out node of the LUT)   --->   "%add_ln50_1 = add i18 %zext_ln50, i18 %zext_ln50_1" [firmware/nnet_utils/nnet_common.h:50->firmware/nnet_utils/nnet_common.h:45->firmware/nnet_utils/nnet_activation.h:262]   --->   Operation 64 'add' 'add_ln50_1' <Predicate = true> <Delay = 0.79> <CoreInst = "Adder">   --->   Core 1 'Adder' <Latency = 0> <II = 1> <Delay = 0.79> <FuncUnit> <Opcode : 'add' 'sub'> <InPorts = 2> <OutPorts = 1>
ST_2 : Operation 65 [1/1] (0.00ns)   --->   "%tmp_11 = bitselect i1 @_ssdm_op_BitSelect.i1.i18.i32, i18 %add_ln50_1, i32 17" [firmware/nnet_utils/nnet_common.h:50->firmware/nnet_utils/nnet_common.h:45->firmware/nnet_utils/nnet_activation.h:262]   --->   Operation 65 'bitselect' 'tmp_11' <Predicate = true> <Delay = 0.00>
ST_2 : Operation 66 [1/1] (0.00ns)   --->   "%tmp_3 = partselect i10 @_ssdm_op_PartSelect.i10.i18.i32.i32, i18 %add_ln50_1, i32 8, i32 17" [firmware/nnet_utils/nnet_activation.h:145->firmware/nnet_utils/nnet_activation.h:265]   --->   Operation 66 'partselect' 'tmp_3' <Predicate = true> <Delay = 0.00>
ST_2 : Operation 67 [1/1] (0.30ns)   --->   "%select_ln50_1 = select i1 %tmp_11, i10 511, i10 %tmp_3" [firmware/nnet_utils/nnet_common.h:50->firmware/nnet_utils/nnet_common.h:45->firmware/nnet_utils/nnet_activation.h:262]   --->   Operation 67 'select' 'select_ln50_1' <Predicate = true> <Delay = 0.30> <CoreInst = "Sel">   --->   Core 73 'Sel' <Latency = 0> <II = 1> <Delay = 0.30> <FuncUnit> <Opcode : 'select'> <InPorts = 3> <OutPorts = 1>
ST_2 : Operation 68 [1/1] (0.00ns)   --->   "%zext_ln265 = zext i10 %select_ln50_1" [firmware/nnet_utils/nnet_activation.h:265]   --->   Operation 68 'zext' 'zext_ln265' <Predicate = true> <Delay = 0.00>
ST_2 : Operation 69 [1/1] (0.00ns)   --->   "%invert_table_addr = getelementptr i18 %invert_table, i64 0, i64 %zext_ln265" [firmware/nnet_utils/nnet_activation.h:265]   --->   Operation 69 'getelementptr' 'invert_table_addr' <Predicate = true> <Delay = 0.00>
ST_2 : Operation 70 [2/2] (1.20ns)   --->   "%inv_exp_sum = load i10 %invert_table_addr" [firmware/nnet_utils/nnet_activation.h:265]   --->   Operation 70 'load' 'inv_exp_sum' <Predicate = true> <Delay = 1.20> <CoreInst = "ROM">   --->   Core 101 'ROM' <Latency = 1> <II = 1> <Delay = 1.20> <Storage> <Opcode : 'load'> <Ports = 0> <Width = 18> <Depth = 1024> <ROM>

State 3 <SV = 2> <Delay = 3.23>
ST_3 : Operation 71 [1/1] (0.00ns)   --->   "%specpipeline_ln220 = specpipeline void @_ssdm_op_SpecPipeline, i32 4294967295, i32 0, i32 0, i32 0, void @empty_0" [firmware/nnet_utils/nnet_activation.h:220]   --->   Operation 71 'specpipeline' 'specpipeline_ln220' <Predicate = true> <Delay = 0.00>
ST_3 : Operation 72 [1/2] (1.20ns)   --->   "%inv_exp_sum = load i10 %invert_table_addr" [firmware/nnet_utils/nnet_activation.h:265]   --->   Operation 72 'load' 'inv_exp_sum' <Predicate = true> <Delay = 1.20> <CoreInst = "ROM">   --->   Core 101 'ROM' <Latency = 1> <II = 1> <Delay = 1.20> <Storage> <Opcode : 'load'> <Ports = 0> <Width = 18> <Depth = 1024> <ROM>
ST_3 : Operation 73 [1/1] (0.00ns)   --->   "%sext_ln268 = sext i18 %inv_exp_sum" [firmware/nnet_utils/nnet_activation.h:268]   --->   Operation 73 'sext' 'sext_ln268' <Predicate = true> <Delay = 0.00>
ST_3 : Operation 74 [1/1] (0.00ns)   --->   "%zext_ln268 = zext i17 %exp_table_load" [firmware/nnet_utils/nnet_activation.h:268]   --->   Operation 74 'zext' 'zext_ln268' <Predicate = true> <Delay = 0.00>
ST_3 : Operation 75 [1/1] (2.03ns)   --->   "%mul_ln268 = mul i26 %sext_ln268, i26 %zext_ln268" [firmware/nnet_utils/nnet_activation.h:268]   --->   Operation 75 'mul' 'mul_ln268' <Predicate = true> <Delay = 2.03> <CoreInst = "Multiplier">   --->   Core 3 'Multiplier' <Latency = 0> <II = 1> <Delay = 2.03> <FuncUnit> <Opcode : 'mul'> <InPorts = 2> <OutPorts = 1>
ST_3 : Operation 76 [1/1] (0.00ns)   --->   "%trunc_ln1 = partselect i16 @_ssdm_op_PartSelect.i16.i26.i32.i32, i26 %mul_ln268, i32 10, i32 25" [firmware/nnet_utils/nnet_activation.h:268]   --->   Operation 76 'partselect' 'trunc_ln1' <Predicate = true> <Delay = 0.00>
ST_3 : Operation 77 [1/1] (0.00ns)   --->   "%zext_ln268_1 = zext i17 %exp_table_load_1" [firmware/nnet_utils/nnet_activation.h:268]   --->   Operation 77 'zext' 'zext_ln268_1' <Predicate = true> <Delay = 0.00>
ST_3 : Operation 78 [1/1] (2.03ns)   --->   "%mul_ln268_1 = mul i26 %sext_ln268, i26 %zext_ln268_1" [firmware/nnet_utils/nnet_activation.h:268]   --->   Operation 78 'mul' 'mul_ln268_1' <Predicate = true> <Delay = 2.03> <CoreInst = "Multiplier">   --->   Core 3 'Multiplier' <Latency = 0> <II = 1> <Delay = 2.03> <FuncUnit> <Opcode : 'mul'> <InPorts = 2> <OutPorts = 1>
ST_3 : Operation 79 [1/1] (0.00ns)   --->   "%trunc_ln268_1 = partselect i16 @_ssdm_op_PartSelect.i16.i26.i32.i32, i26 %mul_ln268_1, i32 10, i32 25" [firmware/nnet_utils/nnet_activation.h:268]   --->   Operation 79 'partselect' 'trunc_ln268_1' <Predicate = true> <Delay = 0.00>
ST_3 : Operation 80 [1/1] (0.00ns)   --->   "%zext_ln268_2 = zext i17 %exp_table_load_2" [firmware/nnet_utils/nnet_activation.h:268]   --->   Operation 80 'zext' 'zext_ln268_2' <Predicate = true> <Delay = 0.00>
ST_3 : Operation 81 [1/1] (2.03ns)   --->   "%mul_ln268_2 = mul i26 %sext_ln268, i26 %zext_ln268_2" [firmware/nnet_utils/nnet_activation.h:268]   --->   Operation 81 'mul' 'mul_ln268_2' <Predicate = true> <Delay = 2.03> <CoreInst = "Multiplier">   --->   Core 3 'Multiplier' <Latency = 0> <II = 1> <Delay = 2.03> <FuncUnit> <Opcode : 'mul'> <InPorts = 2> <OutPorts = 1>
ST_3 : Operation 82 [1/1] (0.00ns)   --->   "%trunc_ln268_2 = partselect i16 @_ssdm_op_PartSelect.i16.i26.i32.i32, i26 %mul_ln268_2, i32 10, i32 25" [firmware/nnet_utils/nnet_activation.h:268]   --->   Operation 82 'partselect' 'trunc_ln268_2' <Predicate = true> <Delay = 0.00>
ST_3 : Operation 83 [1/1] (0.00ns)   --->   "%mrv = insertvalue i48 <undef>, i16 %trunc_ln1" [firmware/nnet_utils/nnet_activation.h:270]   --->   Operation 83 'insertvalue' 'mrv' <Predicate = true> <Delay = 0.00>
ST_3 : Operation 84 [1/1] (0.00ns)   --->   "%mrv_1 = insertvalue i48 %mrv, i16 %trunc_ln268_1" [firmware/nnet_utils/nnet_activation.h:270]   --->   Operation 84 'insertvalue' 'mrv_1' <Predicate = true> <Delay = 0.00>
ST_3 : Operation 85 [1/1] (0.00ns)   --->   "%mrv_2 = insertvalue i48 %mrv_1, i16 %trunc_ln268_2" [firmware/nnet_utils/nnet_activation.h:270]   --->   Operation 85 'insertvalue' 'mrv_2' <Predicate = true> <Delay = 0.00>
ST_3 : Operation 86 [1/1] (0.00ns)   --->   "%ret_ln270 = ret i48 %mrv_2" [firmware/nnet_utils/nnet_activation.h:270]   --->   Operation 86 'ret' 'ret_ln270' <Predicate = true> <Delay = 0.00>


============================================================
+ Verbose Summary: Binding
============================================================
STG Binding: 
---------------- STG Properties BEGIN ----------------
- Is combinational: 0
- Is one-state seq: 0
- Is datapath-only: 0
- Is pipelined: 1
- Is top level: 0
Port [ Return ] is wired: 1; IO mode=ap_ctrl_hs:ce=0
Port [ data_0_val]:  wired=1; compound=0; hidden=0; nouse=0; global=0; static=0; extern=0; dir=0; type=0; pingpong=0; private_global=0; IO mode=ap_none:ce=0
Port [ data_1_val]:  wired=1; compound=0; hidden=0; nouse=0; global=0; static=0; extern=0; dir=0; type=0; pingpong=0; private_global=0; IO mode=ap_none:ce=0
Port [ data_2_val]:  wired=1; compound=0; hidden=0; nouse=0; global=0; static=0; extern=0; dir=0; type=0; pingpong=0; private_global=0; IO mode=ap_none:ce=0
Port [ exp_table]:  wired=0; compound=1; hidden=1; nouse=0; global=1; static=1; extern=0; dir=0; type=1; pingpong=0; private_global=1; MemPort=[111]; IO mode=ap_memory:ce=0
Port [ invert_table]:  wired=0; compound=1; hidden=1; nouse=0; global=1; static=1; extern=0; dir=0; type=1; pingpong=0; private_global=1; MemPort=[1]; IO mode=ap_memory:ce=0
---------------- STG Properties END ------------------

---------------- Datapath Model BEGIN ----------------

<LifeTime>
<method=bitvector/>
data_2_val_read    (read         ) [ 0000]
data_1_val_read    (read         ) [ 0000]
data_0_val_read    (read         ) [ 0000]
icmp_ln65          (icmp         ) [ 0000]
xor_ln65           (xor          ) [ 0000]
select_ln65        (select       ) [ 0000]
icmp_ln65_1        (icmp         ) [ 0000]
xor_ln65_1         (xor          ) [ 0000]
x_max              (select       ) [ 0000]
sext_ln245         (sext         ) [ 0000]
sext_ln245_1       (sext         ) [ 0000]
sub_ln245          (sub          ) [ 0000]
tmp_4              (bitselect    ) [ 0000]
tmp_5              (bitselect    ) [ 0000]
xor_ln245          (xor          ) [ 0000]
and_ln245          (and          ) [ 0000]
xor_ln245_1        (xor          ) [ 0000]
sext_ln245_2       (sext         ) [ 0000]
sub_ln245_1        (sub          ) [ 0000]
tmp_6              (bitselect    ) [ 0000]
tmp_7              (bitselect    ) [ 0000]
xor_ln245_2        (xor          ) [ 0000]
and_ln245_1        (and          ) [ 0000]
xor_ln245_3        (xor          ) [ 0000]
sext_ln245_3       (sext         ) [ 0000]
sub_ln245_2        (sub          ) [ 0000]
tmp_8              (bitselect    ) [ 0000]
tmp_9              (bitselect    ) [ 0000]
xor_ln245_4        (xor          ) [ 0000]
and_ln245_2        (and          ) [ 0000]
xor_ln245_5        (xor          ) [ 0000]
select_ln245       (select       ) [ 0000]
tmp                (partselect   ) [ 0000]
select_ln245_1     (select       ) [ 0000]
zext_ln255         (zext         ) [ 0000]
exp_table_addr     (getelementptr) [ 0110]
select_ln245_2     (select       ) [ 0000]
tmp_1              (partselect   ) [ 0000]
select_ln245_3     (select       ) [ 0000]
zext_ln255_1       (zext         ) [ 0000]
exp_table_addr_1   (getelementptr) [ 0110]
select_ln245_4     (select       ) [ 0000]
tmp_2              (partselect   ) [ 0000]
select_ln245_5     (select       ) [ 0000]
zext_ln255_2       (zext         ) [ 0000]
exp_table_addr_2   (getelementptr) [ 0110]
exp_table_load     (load         ) [ 0101]
zext_ln245         (zext         ) [ 0000]
exp_table_load_1   (load         ) [ 0101]
zext_ln245_1       (zext         ) [ 0000]
exp_table_load_2   (load         ) [ 0101]
zext_ln50          (zext         ) [ 0000]
add_ln50           (add          ) [ 0000]
add_ln50_2         (add          ) [ 0000]
tmp_10             (bitselect    ) [ 0000]
select_ln50        (select       ) [ 0000]
zext_ln50_1        (zext         ) [ 0000]
add_ln50_1         (add          ) [ 0000]
tmp_11             (bitselect    ) [ 0000]
tmp_3              (partselect   ) [ 0000]
select_ln50_1      (select       ) [ 0000]
zext_ln265         (zext         ) [ 0000]
invert_table_addr  (getelementptr) [ 0101]
specpipeline_ln220 (specpipeline ) [ 0000]
inv_exp_sum        (load         ) [ 0000]
sext_ln268         (sext         ) [ 0000]
zext_ln268         (zext         ) [ 0000]
mul_ln268          (mul          ) [ 0000]
trunc_ln1          (partselect   ) [ 0000]
zext_ln268_1       (zext         ) [ 0000]
mul_ln268_1        (mul          ) [ 0000]
trunc_ln268_1      (partselect   ) [ 0000]
zext_ln268_2       (zext         ) [ 0000]
mul_ln268_2        (mul          ) [ 0000]
trunc_ln268_2      (partselect   ) [ 0000]
mrv                (insertvalue  ) [ 0000]
mrv_1              (insertvalue  ) [ 0000]
mrv_2              (insertvalue  ) [ 0000]
ret_ln270          (ret          ) [ 0000]
</LifeTime>

<model>

<comp_list>
<comp id="0" class="1000" name="data_0_val">
<pin_list>
<pin id="1" dir="1" index="0" bw="1" slack="0"/>
</pin_list>
<bind>
<StgValue><ssdm name="data_0_val"/></StgValue>
</bind>
</comp>

<comp id="2" class="1000" name="data_1_val">
<pin_list>
<pin id="3" dir="1" index="0" bw="1" slack="0"/>
</pin_list>
<bind>
<StgValue><ssdm name="data_1_val"/></StgValue>
</bind>
</comp>

<comp id="4" class="1000" name="data_2_val">
<pin_list>
<pin id="5" dir="1" index="0" bw="1" slack="0"/>
</pin_list>
<bind>
<StgValue><ssdm name="data_2_val"/></StgValue>
</bind>
</comp>

<comp id="6" class="1000" name="exp_table">
<pin_list>
<pin id="7" dir="1" index="0" bw="1" slack="0"/>
</pin_list>
<bind>
<StgValue><ssdm name="exp_table"/><MemPortTyVec>1 1 1 </MemPortTyVec>
</StgValue>
</bind>
</comp>

<comp id="8" class="1000" name="invert_table">
<pin_list>
<pin id="9" dir="1" index="0" bw="1" slack="0"/>
</pin_list>
<bind>
<StgValue><ssdm name="invert_table"/><MemPortTyVec>1 </MemPortTyVec>
</StgValue>
</bind>
</comp>

<comp id="10" class="1001" name="const_10">
<pin_list>
<pin id="11" dir="1" index="0" bw="1" slack="0"/>
</pin_list>
<bind>
<StgValue><ssdm name="_ssdm_op_Read.ap_auto.i16"/></StgValue>
</bind>
</comp>

<comp id="12" class="1001" name="const_12">
<pin_list>
<pin id="13" dir="1" index="0" bw="1" slack="0"/>
</pin_list>
<bind>
<StgValue><ssdm name=""/></StgValue>
</bind>
</comp>

<comp id="14" class="1001" name="const_14">
<pin_list>
<pin id="15" dir="1" index="0" bw="1" slack="0"/>
</pin_list>
<bind>
<StgValue><ssdm name="_ssdm_op_BitSelect.i1.i17.i32"/></StgValue>
</bind>
</comp>

<comp id="16" class="1001" name="const_16">
<pin_list>
<pin id="17" dir="1" index="0" bw="1" slack="0"/>
</pin_list>
<bind>
<StgValue><ssdm name=""/></StgValue>
</bind>
</comp>

<comp id="18" class="1001" name="const_18">
<pin_list>
<pin id="19" dir="1" index="0" bw="1" slack="0"/>
</pin_list>
<bind>
<StgValue><ssdm name=""/></StgValue>
</bind>
</comp>

<comp id="20" class="1001" name="const_20">
<pin_list>
<pin id="21" dir="1" index="0" bw="1" slack="0"/>
</pin_list>
<bind>
<StgValue><ssdm name=""/></StgValue>
</bind>
</comp>

<comp id="22" class="1001" name="const_22">
<pin_list>
<pin id="23" dir="1" index="0" bw="1" slack="0"/>
</pin_list>
<bind>
<StgValue><ssdm name=""/></StgValue>
</bind>
</comp>

<comp id="24" class="1001" name="const_24">
<pin_list>
<pin id="25" dir="1" index="0" bw="1" slack="0"/>
</pin_list>
<bind>
<StgValue><ssdm name="_ssdm_op_PartSelect.i10.i17.i32.i32"/></StgValue>
</bind>
</comp>

<comp id="26" class="1001" name="const_26">
<pin_list>
<pin id="27" dir="1" index="0" bw="1" slack="0"/>
</pin_list>
<bind>
<StgValue><ssdm name=""/></StgValue>
</bind>
</comp>

<comp id="28" class="1001" name="const_28">
<pin_list>
<pin id="29" dir="1" index="0" bw="1" slack="0"/>
</pin_list>
<bind>
<StgValue><ssdm name=""/></StgValue>
</bind>
</comp>

<comp id="30" class="1001" name="const_30">
<pin_list>
<pin id="31" dir="1" index="0" bw="1" slack="0"/>
</pin_list>
<bind>
<StgValue><ssdm name="_ssdm_op_BitSelect.i1.i18.i32"/></StgValue>
</bind>
</comp>

<comp id="32" class="1001" name="const_32">
<pin_list>
<pin id="33" dir="1" index="0" bw="1" slack="0"/>
</pin_list>
<bind>
<StgValue><ssdm name=""/></StgValue>
</bind>
</comp>

<comp id="34" class="1001" name="const_34">
<pin_list>
<pin id="35" dir="1" index="0" bw="1" slack="0"/>
</pin_list>
<bind>
<StgValue><ssdm name=""/></StgValue>
</bind>
</comp>

<comp id="36" class="1001" name="const_36">
<pin_list>
<pin id="37" dir="1" index="0" bw="1" slack="0"/>
</pin_list>
<bind>
<StgValue><ssdm name="_ssdm_op_PartSelect.i10.i18.i32.i32"/></StgValue>
</bind>
</comp>

<comp id="38" class="1001" name="const_38">
<pin_list>
<pin id="39" dir="1" index="0" bw="1" slack="0"/>
</pin_list>
<bind>
<StgValue><ssdm name=""/></StgValue>
</bind>
</comp>

<comp id="40" class="1001" name="const_40">
<pin_list>
<pin id="41" dir="1" index="0" bw="1" slack="2147483647"/>
</pin_list>
<bind>
<StgValue><ssdm name="_ssdm_op_SpecPipeline"/></StgValue>
</bind>
</comp>

<comp id="42" class="1001" name="const_42">
<pin_list>
<pin id="43" dir="1" index="0" bw="1" slack="2147483647"/>
</pin_list>
<bind>
<StgValue><ssdm name=""/></StgValue>
</bind>
</comp>

<comp id="44" class="1001" name="const_44">
<pin_list>
<pin id="45" dir="1" index="0" bw="1" slack="2147483647"/>
</pin_list>
<bind>
<StgValue><ssdm name=""/></StgValue>
</bind>
</comp>

<comp id="46" class="1001" name="const_46">
<pin_list>
<pin id="47" dir="1" index="0" bw="1" slack="2147483647"/>
</pin_list>
<bind>
<StgValue><ssdm name="empty_0"/></StgValue>
</bind>
</comp>

<comp id="48" class="1001" name="const_48">
<pin_list>
<pin id="49" dir="1" index="0" bw="1" slack="0"/>
</pin_list>
<bind>
<StgValue><ssdm name="_ssdm_op_PartSelect.i16.i26.i32.i32"/></StgValue>
</bind>
</comp>

<comp id="50" class="1001" name="const_50">
<pin_list>
<pin id="51" dir="1" index="0" bw="1" slack="0"/>
</pin_list>
<bind>
<StgValue><ssdm name=""/></StgValue>
</bind>
</comp>

<comp id="52" class="1001" name="const_52">
<pin_list>
<pin id="53" dir="1" index="0" bw="1" slack="0"/>
</pin_list>
<bind>
<StgValue><ssdm name=""/></StgValue>
</bind>
</comp>

<comp id="54" class="1001" name="const_54">
<pin_list>
<pin id="55" dir="1" index="0" bw="1" slack="0"/>
</pin_list>
<bind>
<StgValue><ssdm name=""/></StgValue>
</bind>
</comp>

<comp id="56" class="1004" name="data_2_val_read_read_fu_56">
<pin_list>
<pin id="57" dir="0" index="0" bw="16" slack="0"/>
<pin id="58" dir="0" index="1" bw="16" slack="0"/>
<pin id="59" dir="1" index="2" bw="16" slack="0"/>
</pin_list>
<bind>
<opcode="read(1150) " fcode="read"/>
<opset="data_2_val_read/1 "/>
</bind>
</comp>

<comp id="62" class="1004" name="data_1_val_read_read_fu_62">
<pin_list>
<pin id="63" dir="0" index="0" bw="16" slack="0"/>
<pin id="64" dir="0" index="1" bw="16" slack="0"/>
<pin id="65" dir="1" index="2" bw="16" slack="0"/>
</pin_list>
<bind>
<opcode="read(1150) " fcode="read"/>
<opset="data_1_val_read/1 "/>
</bind>
</comp>

<comp id="68" class="1004" name="data_0_val_read_read_fu_68">
<pin_list>
<pin id="69" dir="0" index="0" bw="16" slack="0"/>
<pin id="70" dir="0" index="1" bw="16" slack="0"/>
<pin id="71" dir="1" index="2" bw="16" slack="0"/>
</pin_list>
<bind>
<opcode="read(1150) " fcode="read"/>
<opset="data_0_val_read/1 "/>
</bind>
</comp>

<comp id="74" class="1004" name="exp_table_addr_gep_fu_74">
<pin_list>
<pin id="75" dir="0" index="0" bw="17" slack="0"/>
<pin id="76" dir="0" index="1" bw="1" slack="0"/>
<pin id="77" dir="0" index="2" bw="10" slack="0"/>
<pin id="78" dir="1" index="3" bw="10" slack="0"/>
</pin_list>
<bind>
<opcode="getelementptr(29) " fcode="getelementptr"/>
<opset="exp_table_addr/1 "/>
</bind>
</comp>

<comp id="81" class="1004" name="grp_access_fu_81">
<pin_list>
<pin id="82" dir="0" index="0" bw="10" slack="0"/>
<pin id="83" dir="0" index="1" bw="17" slack="2147483647"/>
<pin id="84" dir="0" index="2" bw="0" slack="0"/>
<pin id="86" dir="0" index="4" bw="10" slack="2147483647"/>
<pin id="87" dir="0" index="5" bw="17" slack="0"/>
<pin id="88" dir="0" index="6" bw="0" slack="2147483647"/>
<pin id="90" dir="0" index="8" bw="10" slack="2147483647"/>
<pin id="91" dir="0" index="9" bw="17" slack="2147483647"/>
<pin id="92" dir="0" index="10" bw="0" slack="2147483647"/>
<pin id="85" dir="1" index="3" bw="17" slack="0"/>
<pin id="89" dir="1" index="7" bw="17" slack="0"/>
<pin id="93" dir="1" index="11" bw="17" slack="0"/>
</pin_list>
<bind>
<opcode="load(27) " fcode="load"/>
<opset="exp_table_load/1 exp_table_load_1/1 exp_table_load_2/1 "/>
</bind>
</comp>

<comp id="95" class="1004" name="exp_table_addr_1_gep_fu_95">
<pin_list>
<pin id="96" dir="0" index="0" bw="17" slack="0"/>
<pin id="97" dir="0" index="1" bw="1" slack="0"/>
<pin id="98" dir="0" index="2" bw="10" slack="0"/>
<pin id="99" dir="1" index="3" bw="10" slack="0"/>
</pin_list>
<bind>
<opcode="getelementptr(29) " fcode="getelementptr"/>
<opset="exp_table_addr_1/1 "/>
</bind>
</comp>

<comp id="103" class="1004" name="exp_table_addr_2_gep_fu_103">
<pin_list>
<pin id="104" dir="0" index="0" bw="17" slack="0"/>
<pin id="105" dir="0" index="1" bw="1" slack="0"/>
<pin id="106" dir="0" index="2" bw="10" slack="0"/>
<pin id="107" dir="1" index="3" bw="10" slack="0"/>
</pin_list>
<bind>
<opcode="getelementptr(29) " fcode="getelementptr"/>
<opset="exp_table_addr_2/1 "/>
</bind>
</comp>

<comp id="111" class="1004" name="invert_table_addr_gep_fu_111">
<pin_list>
<pin id="112" dir="0" index="0" bw="18" slack="0"/>
<pin id="113" dir="0" index="1" bw="1" slack="0"/>
<pin id="114" dir="0" index="2" bw="10" slack="0"/>
<pin id="115" dir="1" index="3" bw="10" slack="0"/>
</pin_list>
<bind>
<opcode="getelementptr(29) " fcode="getelementptr"/>
<opset="invert_table_addr/2 "/>
</bind>
</comp>

<comp id="118" class="1004" name="grp_access_fu_118">
<pin_list>
<pin id="119" dir="0" index="0" bw="10" slack="0"/>
<pin id="120" dir="0" index="1" bw="18" slack="2147483647"/>
<pin id="121" dir="0" index="2" bw="0" slack="2147483647"/>
<pin id="122" dir="1" index="3" bw="18" slack="0"/>
</pin_list>
<bind>
<opcode="load(27) " fcode="load"/>
<opset="inv_exp_sum/2 "/>
</bind>
</comp>

<comp id="124" class="1004" name="icmp_ln65_fu_124">
<pin_list>
<pin id="125" dir="0" index="0" bw="16" slack="0"/>
<pin id="126" dir="0" index="1" bw="16" slack="0"/>
<pin id="127" dir="1" index="2" bw="1" slack="0"/>
</pin_list>
<bind>
<opcode="icmp(45) " fcode="icmp"/>
<opset="icmp_ln65/1 "/>
</bind>
</comp>

<comp id="130" class="1004" name="xor_ln65_fu_130">
<pin_list>
<pin id="131" dir="0" index="0" bw="1" slack="0"/>
<pin id="132" dir="0" index="1" bw="1" slack="0"/>
<pin id="133" dir="1" index="2" bw="1" slack="0"/>
</pin_list>
<bind>
<opcode="xor(25) " fcode="xor"/>
<opset="xor_ln65/1 "/>
</bind>
</comp>

<comp id="136" class="1004" name="select_ln65_fu_136">
<pin_list>
<pin id="137" dir="0" index="0" bw="1" slack="0"/>
<pin id="138" dir="0" index="1" bw="16" slack="0"/>
<pin id="139" dir="0" index="2" bw="16" slack="0"/>
<pin id="140" dir="1" index="3" bw="16" slack="0"/>
</pin_list>
<bind>
<opcode="select(49) " fcode="select"/>
<opset="select_ln65/1 "/>
</bind>
</comp>

<comp id="144" class="1004" name="icmp_ln65_1_fu_144">
<pin_list>
<pin id="145" dir="0" index="0" bw="16" slack="0"/>
<pin id="146" dir="0" index="1" bw="16" slack="0"/>
<pin id="147" dir="1" index="2" bw="1" slack="0"/>
</pin_list>
<bind>
<opcode="icmp(45) " fcode="icmp"/>
<opset="icmp_ln65_1/1 "/>
</bind>
</comp>

<comp id="150" class="1004" name="xor_ln65_1_fu_150">
<pin_list>
<pin id="151" dir="0" index="0" bw="1" slack="0"/>
<pin id="152" dir="0" index="1" bw="1" slack="0"/>
<pin id="153" dir="1" index="2" bw="1" slack="0"/>
</pin_list>
<bind>
<opcode="xor(25) " fcode="xor"/>
<opset="xor_ln65_1/1 "/>
</bind>
</comp>

<comp id="156" class="1004" name="x_max_fu_156">
<pin_list>
<pin id="157" dir="0" index="0" bw="1" slack="0"/>
<pin id="158" dir="0" index="1" bw="16" slack="0"/>
<pin id="159" dir="0" index="2" bw="16" slack="0"/>
<pin id="160" dir="1" index="3" bw="16" slack="0"/>
</pin_list>
<bind>
<opcode="select(49) " fcode="select"/>
<opset="x_max/1 "/>
</bind>
</comp>

<comp id="164" class="1004" name="sext_ln245_fu_164">
<pin_list>
<pin id="165" dir="0" index="0" bw="16" slack="0"/>
<pin id="166" dir="1" index="1" bw="17" slack="0"/>
</pin_list>
<bind>
<opcode="sext(35) " fcode="sext"/>
<opset="sext_ln245/1 "/>
</bind>
</comp>

<comp id="168" class="1004" name="sext_ln245_1_fu_168">
<pin_list>
<pin id="169" dir="0" index="0" bw="16" slack="0"/>
<pin id="170" dir="1" index="1" bw="17" slack="0"/>
</pin_list>
<bind>
<opcode="sext(35) " fcode="sext"/>
<opset="sext_ln245_1/1 "/>
</bind>
</comp>

<comp id="172" class="1004" name="sub_ln245_fu_172">
<pin_list>
<pin id="173" dir="0" index="0" bw="16" slack="0"/>
<pin id="174" dir="0" index="1" bw="16" slack="0"/>
<pin id="175" dir="1" index="2" bw="17" slack="0"/>
</pin_list>
<bind>
<opcode="sub(10) " fcode="sub"/>
<opset="sub_ln245/1 "/>
</bind>
</comp>

<comp id="178" class="1004" name="tmp_4_fu_178">
<pin_list>
<pin id="179" dir="0" index="0" bw="1" slack="0"/>
<pin id="180" dir="0" index="1" bw="17" slack="0"/>
<pin id="181" dir="0" index="2" bw="6" slack="0"/>
<pin id="182" dir="1" index="3" bw="1" slack="0"/>
</pin_list>
<bind>
<opcode="bitselect(1000) " fcode="bitselect"/>
<opset="tmp_4/1 "/>
</bind>
</comp>

<comp id="186" class="1004" name="tmp_5_fu_186">
<pin_list>
<pin id="187" dir="0" index="0" bw="1" slack="0"/>
<pin id="188" dir="0" index="1" bw="17" slack="0"/>
<pin id="189" dir="0" index="2" bw="5" slack="0"/>
<pin id="190" dir="1" index="3" bw="1" slack="0"/>
</pin_list>
<bind>
<opcode="bitselect(1000) " fcode="bitselect"/>
<opset="tmp_5/1 "/>
</bind>
</comp>

<comp id="194" class="1004" name="xor_ln245_fu_194">
<pin_list>
<pin id="195" dir="0" index="0" bw="1" slack="0"/>
<pin id="196" dir="0" index="1" bw="1" slack="0"/>
<pin id="197" dir="1" index="2" bw="1" slack="0"/>
</pin_list>
<bind>
<opcode="xor(25) " fcode="xor"/>
<opset="xor_ln245/1 "/>
</bind>
</comp>

<comp id="200" class="1004" name="and_ln245_fu_200">
<pin_list>
<pin id="201" dir="0" index="0" bw="1" slack="0"/>
<pin id="202" dir="0" index="1" bw="1" slack="0"/>
<pin id="203" dir="1" index="2" bw="1" slack="0"/>
</pin_list>
<bind>
<opcode="and(23) " fcode="and"/>
<opset="and_ln245/1 "/>
</bind>
</comp>

<comp id="206" class="1004" name="xor_ln245_1_fu_206">
<pin_list>
<pin id="207" dir="0" index="0" bw="1" slack="0"/>
<pin id="208" dir="0" index="1" bw="1" slack="0"/>
<pin id="209" dir="1" index="2" bw="1" slack="0"/>
</pin_list>
<bind>
<opcode="xor(25) " fcode="xor"/>
<opset="xor_ln245_1/1 "/>
</bind>
</comp>

<comp id="212" class="1004" name="sext_ln245_2_fu_212">
<pin_list>
<pin id="213" dir="0" index="0" bw="16" slack="0"/>
<pin id="214" dir="1" index="1" bw="17" slack="0"/>
</pin_list>
<bind>
<opcode="sext(35) " fcode="sext"/>
<opset="sext_ln245_2/1 "/>
</bind>
</comp>

<comp id="216" class="1004" name="sub_ln245_1_fu_216">
<pin_list>
<pin id="217" dir="0" index="0" bw="16" slack="0"/>
<pin id="218" dir="0" index="1" bw="16" slack="0"/>
<pin id="219" dir="1" index="2" bw="17" slack="0"/>
</pin_list>
<bind>
<opcode="sub(10) " fcode="sub"/>
<opset="sub_ln245_1/1 "/>
</bind>
</comp>

<comp id="222" class="1004" name="tmp_6_fu_222">
<pin_list>
<pin id="223" dir="0" index="0" bw="1" slack="0"/>
<pin id="224" dir="0" index="1" bw="17" slack="0"/>
<pin id="225" dir="0" index="2" bw="6" slack="0"/>
<pin id="226" dir="1" index="3" bw="1" slack="0"/>
</pin_list>
<bind>
<opcode="bitselect(1000) " fcode="bitselect"/>
<opset="tmp_6/1 "/>
</bind>
</comp>

<comp id="230" class="1004" name="tmp_7_fu_230">
<pin_list>
<pin id="231" dir="0" index="0" bw="1" slack="0"/>
<pin id="232" dir="0" index="1" bw="17" slack="0"/>
<pin id="233" dir="0" index="2" bw="5" slack="0"/>
<pin id="234" dir="1" index="3" bw="1" slack="0"/>
</pin_list>
<bind>
<opcode="bitselect(1000) " fcode="bitselect"/>
<opset="tmp_7/1 "/>
</bind>
</comp>

<comp id="238" class="1004" name="xor_ln245_2_fu_238">
<pin_list>
<pin id="239" dir="0" index="0" bw="1" slack="0"/>
<pin id="240" dir="0" index="1" bw="1" slack="0"/>
<pin id="241" dir="1" index="2" bw="1" slack="0"/>
</pin_list>
<bind>
<opcode="xor(25) " fcode="xor"/>
<opset="xor_ln245_2/1 "/>
</bind>
</comp>

<comp id="244" class="1004" name="and_ln245_1_fu_244">
<pin_list>
<pin id="245" dir="0" index="0" bw="1" slack="0"/>
<pin id="246" dir="0" index="1" bw="1" slack="0"/>
<pin id="247" dir="1" index="2" bw="1" slack="0"/>
</pin_list>
<bind>
<opcode="and(23) " fcode="and"/>
<opset="and_ln245_1/1 "/>
</bind>
</comp>

<comp id="250" class="1004" name="xor_ln245_3_fu_250">
<pin_list>
<pin id="251" dir="0" index="0" bw="1" slack="0"/>
<pin id="252" dir="0" index="1" bw="1" slack="0"/>
<pin id="253" dir="1" index="2" bw="1" slack="0"/>
</pin_list>
<bind>
<opcode="xor(25) " fcode="xor"/>
<opset="xor_ln245_3/1 "/>
</bind>
</comp>

<comp id="256" class="1004" name="sext_ln245_3_fu_256">
<pin_list>
<pin id="257" dir="0" index="0" bw="16" slack="0"/>
<pin id="258" dir="1" index="1" bw="17" slack="0"/>
</pin_list>
<bind>
<opcode="sext(35) " fcode="sext"/>
<opset="sext_ln245_3/1 "/>
</bind>
</comp>

<comp id="260" class="1004" name="sub_ln245_2_fu_260">
<pin_list>
<pin id="261" dir="0" index="0" bw="16" slack="0"/>
<pin id="262" dir="0" index="1" bw="16" slack="0"/>
<pin id="263" dir="1" index="2" bw="17" slack="0"/>
</pin_list>
<bind>
<opcode="sub(10) " fcode="sub"/>
<opset="sub_ln245_2/1 "/>
</bind>
</comp>

<comp id="266" class="1004" name="tmp_8_fu_266">
<pin_list>
<pin id="267" dir="0" index="0" bw="1" slack="0"/>
<pin id="268" dir="0" index="1" bw="17" slack="0"/>
<pin id="269" dir="0" index="2" bw="6" slack="0"/>
<pin id="270" dir="1" index="3" bw="1" slack="0"/>
</pin_list>
<bind>
<opcode="bitselect(1000) " fcode="bitselect"/>
<opset="tmp_8/1 "/>
</bind>
</comp>

<comp id="274" class="1004" name="tmp_9_fu_274">
<pin_list>
<pin id="275" dir="0" index="0" bw="1" slack="0"/>
<pin id="276" dir="0" index="1" bw="17" slack="0"/>
<pin id="277" dir="0" index="2" bw="5" slack="0"/>
<pin id="278" dir="1" index="3" bw="1" slack="0"/>
</pin_list>
<bind>
<opcode="bitselect(1000) " fcode="bitselect"/>
<opset="tmp_9/1 "/>
</bind>
</comp>

<comp id="282" class="1004" name="xor_ln245_4_fu_282">
<pin_list>
<pin id="283" dir="0" index="0" bw="1" slack="0"/>
<pin id="284" dir="0" index="1" bw="1" slack="0"/>
<pin id="285" dir="1" index="2" bw="1" slack="0"/>
</pin_list>
<bind>
<opcode="xor(25) " fcode="xor"/>
<opset="xor_ln245_4/1 "/>
</bind>
</comp>

<comp id="288" class="1004" name="and_ln245_2_fu_288">
<pin_list>
<pin id="289" dir="0" index="0" bw="1" slack="0"/>
<pin id="290" dir="0" index="1" bw="1" slack="0"/>
<pin id="291" dir="1" index="2" bw="1" slack="0"/>
</pin_list>
<bind>
<opcode="and(23) " fcode="and"/>
<opset="and_ln245_2/1 "/>
</bind>
</comp>

<comp id="294" class="1004" name="xor_ln245_5_fu_294">
<pin_list>
<pin id="295" dir="0" index="0" bw="1" slack="0"/>
<pin id="296" dir="0" index="1" bw="1" slack="0"/>
<pin id="297" dir="1" index="2" bw="1" slack="0"/>
</pin_list>
<bind>
<opcode="xor(25) " fcode="xor"/>
<opset="xor_ln245_5/1 "/>
</bind>
</comp>

<comp id="300" class="1004" name="select_ln245_fu_300">
<pin_list>
<pin id="301" dir="0" index="0" bw="1" slack="0"/>
<pin id="302" dir="0" index="1" bw="10" slack="0"/>
<pin id="303" dir="0" index="2" bw="10" slack="0"/>
<pin id="304" dir="1" index="3" bw="10" slack="0"/>
</pin_list>
<bind>
<opcode="select(49) " fcode="select"/>
<opset="select_ln245/1 "/>
</bind>
</comp>

<comp id="308" class="1004" name="tmp_fu_308">
<pin_list>
<pin id="309" dir="0" index="0" bw="10" slack="0"/>
<pin id="310" dir="0" index="1" bw="17" slack="0"/>
<pin id="311" dir="0" index="2" bw="4" slack="0"/>
<pin id="312" dir="0" index="3" bw="5" slack="0"/>
<pin id="313" dir="1" index="4" bw="10" slack="0"/>
</pin_list>
<bind>
<opcode="partselect(1002) " fcode="partselect"/>
<opset="tmp/1 "/>
</bind>
</comp>

<comp id="318" class="1004" name="select_ln245_1_fu_318">
<pin_list>
<pin id="319" dir="0" index="0" bw="1" slack="0"/>
<pin id="320" dir="0" index="1" bw="10" slack="0"/>
<pin id="321" dir="0" index="2" bw="10" slack="0"/>
<pin id="322" dir="1" index="3" bw="10" slack="0"/>
</pin_list>
<bind>
<opcode="select(49) " fcode="select"/>
<opset="select_ln245_1/1 "/>
</bind>
</comp>

<comp id="326" class="1004" name="zext_ln255_fu_326">
<pin_list>
<pin id="327" dir="0" index="0" bw="10" slack="0"/>
<pin id="328" dir="1" index="1" bw="64" slack="0"/>
</pin_list>
<bind>
<opcode="zext(34) " fcode="zext"/>
<opset="zext_ln255/1 "/>
</bind>
</comp>

<comp id="331" class="1004" name="select_ln245_2_fu_331">
<pin_list>
<pin id="332" dir="0" index="0" bw="1" slack="0"/>
<pin id="333" dir="0" index="1" bw="10" slack="0"/>
<pin id="334" dir="0" index="2" bw="10" slack="0"/>
<pin id="335" dir="1" index="3" bw="10" slack="0"/>
</pin_list>
<bind>
<opcode="select(49) " fcode="select"/>
<opset="select_ln245_2/1 "/>
</bind>
</comp>

<comp id="339" class="1004" name="tmp_1_fu_339">
<pin_list>
<pin id="340" dir="0" index="0" bw="10" slack="0"/>
<pin id="341" dir="0" index="1" bw="17" slack="0"/>
<pin id="342" dir="0" index="2" bw="4" slack="0"/>
<pin id="343" dir="0" index="3" bw="5" slack="0"/>
<pin id="344" dir="1" index="4" bw="10" slack="0"/>
</pin_list>
<bind>
<opcode="partselect(1002) " fcode="partselect"/>
<opset="tmp_1/1 "/>
</bind>
</comp>

<comp id="349" class="1004" name="select_ln245_3_fu_349">
<pin_list>
<pin id="350" dir="0" index="0" bw="1" slack="0"/>
<pin id="351" dir="0" index="1" bw="10" slack="0"/>
<pin id="352" dir="0" index="2" bw="10" slack="0"/>
<pin id="353" dir="1" index="3" bw="10" slack="0"/>
</pin_list>
<bind>
<opcode="select(49) " fcode="select"/>
<opset="select_ln245_3/1 "/>
</bind>
</comp>

<comp id="357" class="1004" name="zext_ln255_1_fu_357">
<pin_list>
<pin id="358" dir="0" index="0" bw="10" slack="0"/>
<pin id="359" dir="1" index="1" bw="64" slack="0"/>
</pin_list>
<bind>
<opcode="zext(34) " fcode="zext"/>
<opset="zext_ln255_1/1 "/>
</bind>
</comp>

<comp id="362" class="1004" name="select_ln245_4_fu_362">
<pin_list>
<pin id="363" dir="0" index="0" bw="1" slack="0"/>
<pin id="364" dir="0" index="1" bw="10" slack="0"/>
<pin id="365" dir="0" index="2" bw="10" slack="0"/>
<pin id="366" dir="1" index="3" bw="10" slack="0"/>
</pin_list>
<bind>
<opcode="select(49) " fcode="select"/>
<opset="select_ln245_4/1 "/>
</bind>
</comp>

<comp id="370" class="1004" name="tmp_2_fu_370">
<pin_list>
<pin id="371" dir="0" index="0" bw="10" slack="0"/>
<pin id="372" dir="0" index="1" bw="17" slack="0"/>
<pin id="373" dir="0" index="2" bw="4" slack="0"/>
<pin id="374" dir="0" index="3" bw="5" slack="0"/>
<pin id="375" dir="1" index="4" bw="10" slack="0"/>
</pin_list>
<bind>
<opcode="partselect(1002) " fcode="partselect"/>
<opset="tmp_2/1 "/>
</bind>
</comp>

<comp id="380" class="1004" name="select_ln245_5_fu_380">
<pin_list>
<pin id="381" dir="0" index="0" bw="1" slack="0"/>
<pin id="382" dir="0" index="1" bw="10" slack="0"/>
<pin id="383" dir="0" index="2" bw="10" slack="0"/>
<pin id="384" dir="1" index="3" bw="10" slack="0"/>
</pin_list>
<bind>
<opcode="select(49) " fcode="select"/>
<opset="select_ln245_5/1 "/>
</bind>
</comp>

<comp id="388" class="1004" name="zext_ln255_2_fu_388">
<pin_list>
<pin id="389" dir="0" index="0" bw="10" slack="0"/>
<pin id="390" dir="1" index="1" bw="64" slack="0"/>
</pin_list>
<bind>
<opcode="zext(34) " fcode="zext"/>
<opset="zext_ln255_2/1 "/>
</bind>
</comp>

<comp id="393" class="1004" name="zext_ln245_fu_393">
<pin_list>
<pin id="394" dir="0" index="0" bw="17" slack="0"/>
<pin id="395" dir="1" index="1" bw="18" slack="0"/>
</pin_list>
<bind>
<opcode="zext(34) " fcode="zext"/>
<opset="zext_ln245/2 "/>
</bind>
</comp>

<comp id="397" class="1004" name="zext_ln245_1_fu_397">
<pin_list>
<pin id="398" dir="0" index="0" bw="17" slack="0"/>
<pin id="399" dir="1" index="1" bw="18" slack="0"/>
</pin_list>
<bind>
<opcode="zext(34) " fcode="zext"/>
<opset="zext_ln245_1/2 "/>
</bind>
</comp>

<comp id="401" class="1004" name="zext_ln50_fu_401">
<pin_list>
<pin id="402" dir="0" index="0" bw="17" slack="0"/>
<pin id="403" dir="1" index="1" bw="18" slack="0"/>
</pin_list>
<bind>
<opcode="zext(34) " fcode="zext"/>
<opset="zext_ln50/2 "/>
</bind>
</comp>

<comp id="405" class="1004" name="add_ln50_fu_405">
<pin_list>
<pin id="406" dir="0" index="0" bw="17" slack="0"/>
<pin id="407" dir="0" index="1" bw="17" slack="0"/>
<pin id="408" dir="1" index="2" bw="18" slack="0"/>
</pin_list>
<bind>
<opcode="add(8) " fcode="add"/>
<opset="add_ln50/2 "/>
</bind>
</comp>

<comp id="411" class="1004" name="add_ln50_2_fu_411">
<pin_list>
<pin id="412" dir="0" index="0" bw="17" slack="0"/>
<pin id="413" dir="0" index="1" bw="17" slack="0"/>
<pin id="414" dir="1" index="2" bw="17" slack="0"/>
</pin_list>
<bind>
<opcode="add(8) " fcode="add"/>
<opset="add_ln50_2/2 "/>
</bind>
</comp>

<comp id="417" class="1004" name="tmp_10_fu_417">
<pin_list>
<pin id="418" dir="0" index="0" bw="1" slack="0"/>
<pin id="419" dir="0" index="1" bw="18" slack="0"/>
<pin id="420" dir="0" index="2" bw="6" slack="0"/>
<pin id="421" dir="1" index="3" bw="1" slack="0"/>
</pin_list>
<bind>
<opcode="bitselect(1000) " fcode="bitselect"/>
<opset="tmp_10/2 "/>
</bind>
</comp>

<comp id="425" class="1004" name="select_ln50_fu_425">
<pin_list>
<pin id="426" dir="0" index="0" bw="1" slack="0"/>
<pin id="427" dir="0" index="1" bw="1" slack="0"/>
<pin id="428" dir="0" index="2" bw="17" slack="0"/>
<pin id="429" dir="1" index="3" bw="17" slack="0"/>
</pin_list>
<bind>
<opcode="select(49) " fcode="select"/>
<opset="select_ln50/2 "/>
</bind>
</comp>

<comp id="433" class="1004" name="zext_ln50_1_fu_433">
<pin_list>
<pin id="434" dir="0" index="0" bw="17" slack="0"/>
<pin id="435" dir="1" index="1" bw="18" slack="0"/>
</pin_list>
<bind>
<opcode="zext(34) " fcode="zext"/>
<opset="zext_ln50_1/2 "/>
</bind>
</comp>

<comp id="437" class="1004" name="add_ln50_1_fu_437">
<pin_list>
<pin id="438" dir="0" index="0" bw="17" slack="0"/>
<pin id="439" dir="0" index="1" bw="17" slack="0"/>
<pin id="440" dir="1" index="2" bw="18" slack="0"/>
</pin_list>
<bind>
<opcode="add(8) " fcode="add"/>
<opset="add_ln50_1/2 "/>
</bind>
</comp>

<comp id="443" class="1004" name="tmp_11_fu_443">
<pin_list>
<pin id="444" dir="0" index="0" bw="1" slack="0"/>
<pin id="445" dir="0" index="1" bw="18" slack="0"/>
<pin id="446" dir="0" index="2" bw="6" slack="0"/>
<pin id="447" dir="1" index="3" bw="1" slack="0"/>
</pin_list>
<bind>
<opcode="bitselect(1000) " fcode="bitselect"/>
<opset="tmp_11/2 "/>
</bind>
</comp>

<comp id="451" class="1004" name="tmp_3_fu_451">
<pin_list>
<pin id="452" dir="0" index="0" bw="10" slack="0"/>
<pin id="453" dir="0" index="1" bw="18" slack="0"/>
<pin id="454" dir="0" index="2" bw="5" slack="0"/>
<pin id="455" dir="0" index="3" bw="6" slack="0"/>
<pin id="456" dir="1" index="4" bw="10" slack="0"/>
</pin_list>
<bind>
<opcode="partselect(1002) " fcode="partselect"/>
<opset="tmp_3/2 "/>
</bind>
</comp>

<comp id="461" class="1004" name="select_ln50_1_fu_461">
<pin_list>
<pin id="462" dir="0" index="0" bw="1" slack="0"/>
<pin id="463" dir="0" index="1" bw="10" slack="0"/>
<pin id="464" dir="0" index="2" bw="10" slack="0"/>
<pin id="465" dir="1" index="3" bw="10" slack="0"/>
</pin_list>
<bind>
<opcode="select(49) " fcode="select"/>
<opset="select_ln50_1/2 "/>
</bind>
</comp>

<comp id="469" class="1004" name="zext_ln265_fu_469">
<pin_list>
<pin id="470" dir="0" index="0" bw="10" slack="0"/>
<pin id="471" dir="1" index="1" bw="64" slack="0"/>
</pin_list>
<bind>
<opcode="zext(34) " fcode="zext"/>
<opset="zext_ln265/2 "/>
</bind>
</comp>

<comp id="474" class="1004" name="sext_ln268_fu_474">
<pin_list>
<pin id="475" dir="0" index="0" bw="18" slack="0"/>
<pin id="476" dir="1" index="1" bw="26" slack="0"/>
</pin_list>
<bind>
<opcode="sext(35) " fcode="sext"/>
<opset="sext_ln268/3 "/>
</bind>
</comp>

<comp id="478" class="1004" name="zext_ln268_fu_478">
<pin_list>
<pin id="479" dir="0" index="0" bw="17" slack="1"/>
<pin id="480" dir="1" index="1" bw="26" slack="0"/>
</pin_list>
<bind>
<opcode="zext(34) " fcode="zext"/>
<opset="zext_ln268/3 "/>
</bind>
</comp>

<comp id="481" class="1004" name="mul_ln268_fu_481">
<pin_list>
<pin id="482" dir="0" index="0" bw="18" slack="0"/>
<pin id="483" dir="0" index="1" bw="17" slack="0"/>
<pin id="484" dir="1" index="2" bw="26" slack="0"/>
</pin_list>
<bind>
<opcode="mul(12) " fcode="mul"/>
<opset="mul_ln268/3 "/>
</bind>
</comp>

<comp id="487" class="1004" name="trunc_ln1_fu_487">
<pin_list>
<pin id="488" dir="0" index="0" bw="16" slack="0"/>
<pin id="489" dir="0" index="1" bw="26" slack="0"/>
<pin id="490" dir="0" index="2" bw="5" slack="0"/>
<pin id="491" dir="0" index="3" bw="6" slack="0"/>
<pin id="492" dir="1" index="4" bw="16" slack="0"/>
</pin_list>
<bind>
<opcode="partselect(1002) " fcode="partselect"/>
<opset="trunc_ln1/3 "/>
</bind>
</comp>

<comp id="497" class="1004" name="zext_ln268_1_fu_497">
<pin_list>
<pin id="498" dir="0" index="0" bw="17" slack="1"/>
<pin id="499" dir="1" index="1" bw="26" slack="0"/>
</pin_list>
<bind>
<opcode="zext(34) " fcode="zext"/>
<opset="zext_ln268_1/3 "/>
</bind>
</comp>

<comp id="500" class="1004" name="mul_ln268_1_fu_500">
<pin_list>
<pin id="501" dir="0" index="0" bw="18" slack="0"/>
<pin id="502" dir="0" index="1" bw="17" slack="0"/>
<pin id="503" dir="1" index="2" bw="26" slack="0"/>
</pin_list>
<bind>
<opcode="mul(12) " fcode="mul"/>
<opset="mul_ln268_1/3 "/>
</bind>
</comp>

<comp id="506" class="1004" name="trunc_ln268_1_fu_506">
<pin_list>
<pin id="507" dir="0" index="0" bw="16" slack="0"/>
<pin id="508" dir="0" index="1" bw="26" slack="0"/>
<pin id="509" dir="0" index="2" bw="5" slack="0"/>
<pin id="510" dir="0" index="3" bw="6" slack="0"/>
<pin id="511" dir="1" index="4" bw="16" slack="0"/>
</pin_list>
<bind>
<opcode="partselect(1002) " fcode="partselect"/>
<opset="trunc_ln268_1/3 "/>
</bind>
</comp>

<comp id="516" class="1004" name="zext_ln268_2_fu_516">
<pin_list>
<pin id="517" dir="0" index="0" bw="17" slack="1"/>
<pin id="518" dir="1" index="1" bw="26" slack="0"/>
</pin_list>
<bind>
<opcode="zext(34) " fcode="zext"/>
<opset="zext_ln268_2/3 "/>
</bind>
</comp>

<comp id="519" class="1004" name="mul_ln268_2_fu_519">
<pin_list>
<pin id="520" dir="0" index="0" bw="18" slack="0"/>
<pin id="521" dir="0" index="1" bw="17" slack="0"/>
<pin id="522" dir="1" index="2" bw="26" slack="0"/>
</pin_list>
<bind>
<opcode="mul(12) " fcode="mul"/>
<opset="mul_ln268_2/3 "/>
</bind>
</comp>

<comp id="525" class="1004" name="trunc_ln268_2_fu_525">
<pin_list>
<pin id="526" dir="0" index="0" bw="16" slack="0"/>
<pin id="527" dir="0" index="1" bw="26" slack="0"/>
<pin id="528" dir="0" index="2" bw="5" slack="0"/>
<pin id="529" dir="0" index="3" bw="6" slack="0"/>
<pin id="530" dir="1" index="4" bw="16" slack="0"/>
</pin_list>
<bind>
<opcode="partselect(1002) " fcode="partselect"/>
<opset="trunc_ln268_2/3 "/>
</bind>
</comp>

<comp id="535" class="1004" name="mrv_fu_535">
<pin_list>
<pin id="536" dir="0" index="0" bw="48" slack="0"/>
<pin id="537" dir="0" index="1" bw="16" slack="0"/>
<pin id="538" dir="1" index="2" bw="48" slack="0"/>
</pin_list>
<bind>
<opcode="insertvalue(57) " fcode="insertvalue"/>
<opset="mrv/3 "/>
</bind>
</comp>

<comp id="541" class="1004" name="mrv_1_fu_541">
<pin_list>
<pin id="542" dir="0" index="0" bw="48" slack="0"/>
<pin id="543" dir="0" index="1" bw="16" slack="0"/>
<pin id="544" dir="1" index="2" bw="48" slack="0"/>
</pin_list>
<bind>
<opcode="insertvalue(57) " fcode="insertvalue"/>
<opset="mrv_1/3 "/>
</bind>
</comp>

<comp id="547" class="1004" name="mrv_2_fu_547">
<pin_list>
<pin id="548" dir="0" index="0" bw="48" slack="0"/>
<pin id="549" dir="0" index="1" bw="16" slack="0"/>
<pin id="550" dir="1" index="2" bw="48" slack="2147483647"/>
</pin_list>
<bind>
<opcode="insertvalue(57) " fcode="insertvalue"/>
<opset="mrv_2/3 "/>
</bind>
</comp>

<comp id="553" class="1005" name="exp_table_addr_reg_553">
<pin_list>
<pin id="554" dir="0" index="0" bw="10" slack="1"/>
<pin id="555" dir="1" index="1" bw="10" slack="1"/>
</pin_list>
<bind>
<opset="exp_table_addr "/>
</bind>
</comp>

<comp id="558" class="1005" name="exp_table_addr_1_reg_558">
<pin_list>
<pin id="559" dir="0" index="0" bw="10" slack="1"/>
<pin id="560" dir="1" index="1" bw="10" slack="1"/>
</pin_list>
<bind>
<opset="exp_table_addr_1 "/>
</bind>
</comp>

<comp id="563" class="1005" name="exp_table_addr_2_reg_563">
<pin_list>
<pin id="564" dir="0" index="0" bw="10" slack="1"/>
<pin id="565" dir="1" index="1" bw="10" slack="1"/>
</pin_list>
<bind>
<opset="exp_table_addr_2 "/>
</bind>
</comp>

<comp id="568" class="1005" name="exp_table_load_reg_568">
<pin_list>
<pin id="569" dir="0" index="0" bw="17" slack="1"/>
<pin id="570" dir="1" index="1" bw="17" slack="1"/>
</pin_list>
<bind>
<opset="exp_table_load "/>
</bind>
</comp>

<comp id="573" class="1005" name="exp_table_load_1_reg_573">
<pin_list>
<pin id="574" dir="0" index="0" bw="17" slack="1"/>
<pin id="575" dir="1" index="1" bw="17" slack="1"/>
</pin_list>
<bind>
<opset="exp_table_load_1 "/>
</bind>
</comp>

<comp id="578" class="1005" name="exp_table_load_2_reg_578">
<pin_list>
<pin id="579" dir="0" index="0" bw="17" slack="1"/>
<pin id="580" dir="1" index="1" bw="17" slack="1"/>
</pin_list>
<bind>
<opset="exp_table_load_2 "/>
</bind>
</comp>

<comp id="583" class="1005" name="invert_table_addr_reg_583">
<pin_list>
<pin id="584" dir="0" index="0" bw="10" slack="1"/>
<pin id="585" dir="1" index="1" bw="10" slack="1"/>
</pin_list>
<bind>
<opset="invert_table_addr "/>
</bind>
</comp>

</comp_list>

<net_list>
<net id="60"><net_src comp="10" pin="0"/><net_sink comp="56" pin=0"/></net>

<net id="61"><net_src comp="4" pin="0"/><net_sink comp="56" pin=1"/></net>

<net id="66"><net_src comp="10" pin="0"/><net_sink comp="62" pin=0"/></net>

<net id="67"><net_src comp="2" pin="0"/><net_sink comp="62" pin=1"/></net>

<net id="72"><net_src comp="10" pin="0"/><net_sink comp="68" pin=0"/></net>

<net id="73"><net_src comp="0" pin="0"/><net_sink comp="68" pin=1"/></net>

<net id="79"><net_src comp="6" pin="0"/><net_sink comp="74" pin=0"/></net>

<net id="80"><net_src comp="28" pin="0"/><net_sink comp="74" pin=1"/></net>

<net id="94"><net_src comp="74" pin="3"/><net_sink comp="81" pin=5"/></net>

<net id="100"><net_src comp="6" pin="0"/><net_sink comp="95" pin=0"/></net>

<net id="101"><net_src comp="28" pin="0"/><net_sink comp="95" pin=1"/></net>

<net id="102"><net_src comp="95" pin="3"/><net_sink comp="81" pin=2"/></net>

<net id="108"><net_src comp="6" pin="0"/><net_sink comp="103" pin=0"/></net>

<net id="109"><net_src comp="28" pin="0"/><net_sink comp="103" pin=1"/></net>

<net id="110"><net_src comp="103" pin="3"/><net_sink comp="81" pin=0"/></net>

<net id="116"><net_src comp="8" pin="0"/><net_sink comp="111" pin=0"/></net>

<net id="117"><net_src comp="28" pin="0"/><net_sink comp="111" pin=1"/></net>

<net id="123"><net_src comp="111" pin="3"/><net_sink comp="118" pin=0"/></net>

<net id="128"><net_src comp="68" pin="2"/><net_sink comp="124" pin=0"/></net>

<net id="129"><net_src comp="62" pin="2"/><net_sink comp="124" pin=1"/></net>

<net id="134"><net_src comp="124" pin="2"/><net_sink comp="130" pin=0"/></net>

<net id="135"><net_src comp="12" pin="0"/><net_sink comp="130" pin=1"/></net>

<net id="141"><net_src comp="130" pin="2"/><net_sink comp="136" pin=0"/></net>

<net id="142"><net_src comp="68" pin="2"/><net_sink comp="136" pin=1"/></net>

<net id="143"><net_src comp="62" pin="2"/><net_sink comp="136" pin=2"/></net>

<net id="148"><net_src comp="136" pin="3"/><net_sink comp="144" pin=0"/></net>

<net id="149"><net_src comp="56" pin="2"/><net_sink comp="144" pin=1"/></net>

<net id="154"><net_src comp="144" pin="2"/><net_sink comp="150" pin=0"/></net>

<net id="155"><net_src comp="12" pin="0"/><net_sink comp="150" pin=1"/></net>

<net id="161"><net_src comp="150" pin="2"/><net_sink comp="156" pin=0"/></net>

<net id="162"><net_src comp="136" pin="3"/><net_sink comp="156" pin=1"/></net>

<net id="163"><net_src comp="56" pin="2"/><net_sink comp="156" pin=2"/></net>

<net id="167"><net_src comp="68" pin="2"/><net_sink comp="164" pin=0"/></net>

<net id="171"><net_src comp="156" pin="3"/><net_sink comp="168" pin=0"/></net>

<net id="176"><net_src comp="164" pin="1"/><net_sink comp="172" pin=0"/></net>

<net id="177"><net_src comp="168" pin="1"/><net_sink comp="172" pin=1"/></net>

<net id="183"><net_src comp="14" pin="0"/><net_sink comp="178" pin=0"/></net>

<net id="184"><net_src comp="172" pin="2"/><net_sink comp="178" pin=1"/></net>

<net id="185"><net_src comp="16" pin="0"/><net_sink comp="178" pin=2"/></net>

<net id="191"><net_src comp="14" pin="0"/><net_sink comp="186" pin=0"/></net>

<net id="192"><net_src comp="172" pin="2"/><net_sink comp="186" pin=1"/></net>

<net id="193"><net_src comp="18" pin="0"/><net_sink comp="186" pin=2"/></net>

<net id="198"><net_src comp="178" pin="3"/><net_sink comp="194" pin=0"/></net>

<net id="199"><net_src comp="12" pin="0"/><net_sink comp="194" pin=1"/></net>

<net id="204"><net_src comp="186" pin="3"/><net_sink comp="200" pin=0"/></net>

<net id="205"><net_src comp="194" pin="2"/><net_sink comp="200" pin=1"/></net>

<net id="210"><net_src comp="178" pin="3"/><net_sink comp="206" pin=0"/></net>

<net id="211"><net_src comp="186" pin="3"/><net_sink comp="206" pin=1"/></net>

<net id="215"><net_src comp="62" pin="2"/><net_sink comp="212" pin=0"/></net>

<net id="220"><net_src comp="212" pin="1"/><net_sink comp="216" pin=0"/></net>

<net id="221"><net_src comp="168" pin="1"/><net_sink comp="216" pin=1"/></net>

<net id="227"><net_src comp="14" pin="0"/><net_sink comp="222" pin=0"/></net>

<net id="228"><net_src comp="216" pin="2"/><net_sink comp="222" pin=1"/></net>

<net id="229"><net_src comp="16" pin="0"/><net_sink comp="222" pin=2"/></net>

<net id="235"><net_src comp="14" pin="0"/><net_sink comp="230" pin=0"/></net>

<net id="236"><net_src comp="216" pin="2"/><net_sink comp="230" pin=1"/></net>

<net id="237"><net_src comp="18" pin="0"/><net_sink comp="230" pin=2"/></net>

<net id="242"><net_src comp="222" pin="3"/><net_sink comp="238" pin=0"/></net>

<net id="243"><net_src comp="12" pin="0"/><net_sink comp="238" pin=1"/></net>

<net id="248"><net_src comp="230" pin="3"/><net_sink comp="244" pin=0"/></net>

<net id="249"><net_src comp="238" pin="2"/><net_sink comp="244" pin=1"/></net>

<net id="254"><net_src comp="222" pin="3"/><net_sink comp="250" pin=0"/></net>

<net id="255"><net_src comp="230" pin="3"/><net_sink comp="250" pin=1"/></net>

<net id="259"><net_src comp="56" pin="2"/><net_sink comp="256" pin=0"/></net>

<net id="264"><net_src comp="256" pin="1"/><net_sink comp="260" pin=0"/></net>

<net id="265"><net_src comp="168" pin="1"/><net_sink comp="260" pin=1"/></net>

<net id="271"><net_src comp="14" pin="0"/><net_sink comp="266" pin=0"/></net>

<net id="272"><net_src comp="260" pin="2"/><net_sink comp="266" pin=1"/></net>

<net id="273"><net_src comp="16" pin="0"/><net_sink comp="266" pin=2"/></net>

<net id="279"><net_src comp="14" pin="0"/><net_sink comp="274" pin=0"/></net>

<net id="280"><net_src comp="260" pin="2"/><net_sink comp="274" pin=1"/></net>

<net id="281"><net_src comp="18" pin="0"/><net_sink comp="274" pin=2"/></net>

<net id="286"><net_src comp="266" pin="3"/><net_sink comp="282" pin=0"/></net>

<net id="287"><net_src comp="12" pin="0"/><net_sink comp="282" pin=1"/></net>

<net id="292"><net_src comp="274" pin="3"/><net_sink comp="288" pin=0"/></net>

<net id="293"><net_src comp="282" pin="2"/><net_sink comp="288" pin=1"/></net>

<net id="298"><net_src comp="266" pin="3"/><net_sink comp="294" pin=0"/></net>

<net id="299"><net_src comp="274" pin="3"/><net_sink comp="294" pin=1"/></net>

<net id="305"><net_src comp="200" pin="2"/><net_sink comp="300" pin=0"/></net>

<net id="306"><net_src comp="20" pin="0"/><net_sink comp="300" pin=1"/></net>

<net id="307"><net_src comp="22" pin="0"/><net_sink comp="300" pin=2"/></net>

<net id="314"><net_src comp="24" pin="0"/><net_sink comp="308" pin=0"/></net>

<net id="315"><net_src comp="172" pin="2"/><net_sink comp="308" pin=1"/></net>

<net id="316"><net_src comp="26" pin="0"/><net_sink comp="308" pin=2"/></net>

<net id="317"><net_src comp="18" pin="0"/><net_sink comp="308" pin=3"/></net>

<net id="323"><net_src comp="206" pin="2"/><net_sink comp="318" pin=0"/></net>

<net id="324"><net_src comp="300" pin="3"/><net_sink comp="318" pin=1"/></net>

<net id="325"><net_src comp="308" pin="4"/><net_sink comp="318" pin=2"/></net>

<net id="329"><net_src comp="318" pin="3"/><net_sink comp="326" pin=0"/></net>

<net id="330"><net_src comp="326" pin="1"/><net_sink comp="74" pin=2"/></net>

<net id="336"><net_src comp="244" pin="2"/><net_sink comp="331" pin=0"/></net>

<net id="337"><net_src comp="20" pin="0"/><net_sink comp="331" pin=1"/></net>

<net id="338"><net_src comp="22" pin="0"/><net_sink comp="331" pin=2"/></net>

<net id="345"><net_src comp="24" pin="0"/><net_sink comp="339" pin=0"/></net>

<net id="346"><net_src comp="216" pin="2"/><net_sink comp="339" pin=1"/></net>

<net id="347"><net_src comp="26" pin="0"/><net_sink comp="339" pin=2"/></net>

<net id="348"><net_src comp="18" pin="0"/><net_sink comp="339" pin=3"/></net>

<net id="354"><net_src comp="250" pin="2"/><net_sink comp="349" pin=0"/></net>

<net id="355"><net_src comp="331" pin="3"/><net_sink comp="349" pin=1"/></net>

<net id="356"><net_src comp="339" pin="4"/><net_sink comp="349" pin=2"/></net>

<net id="360"><net_src comp="349" pin="3"/><net_sink comp="357" pin=0"/></net>

<net id="361"><net_src comp="357" pin="1"/><net_sink comp="95" pin=2"/></net>

<net id="367"><net_src comp="288" pin="2"/><net_sink comp="362" pin=0"/></net>

<net id="368"><net_src comp="20" pin="0"/><net_sink comp="362" pin=1"/></net>

<net id="369"><net_src comp="22" pin="0"/><net_sink comp="362" pin=2"/></net>

<net id="376"><net_src comp="24" pin="0"/><net_sink comp="370" pin=0"/></net>

<net id="377"><net_src comp="260" pin="2"/><net_sink comp="370" pin=1"/></net>

<net id="378"><net_src comp="26" pin="0"/><net_sink comp="370" pin=2"/></net>

<net id="379"><net_src comp="18" pin="0"/><net_sink comp="370" pin=3"/></net>

<net id="385"><net_src comp="294" pin="2"/><net_sink comp="380" pin=0"/></net>

<net id="386"><net_src comp="362" pin="3"/><net_sink comp="380" pin=1"/></net>

<net id="387"><net_src comp="370" pin="4"/><net_sink comp="380" pin=2"/></net>

<net id="391"><net_src comp="380" pin="3"/><net_sink comp="388" pin=0"/></net>

<net id="392"><net_src comp="388" pin="1"/><net_sink comp="103" pin=2"/></net>

<net id="396"><net_src comp="81" pin="11"/><net_sink comp="393" pin=0"/></net>

<net id="400"><net_src comp="81" pin="7"/><net_sink comp="397" pin=0"/></net>

<net id="404"><net_src comp="81" pin="3"/><net_sink comp="401" pin=0"/></net>

<net id="409"><net_src comp="397" pin="1"/><net_sink comp="405" pin=0"/></net>

<net id="410"><net_src comp="393" pin="1"/><net_sink comp="405" pin=1"/></net>

<net id="415"><net_src comp="81" pin="7"/><net_sink comp="411" pin=0"/></net>

<net id="416"><net_src comp="81" pin="11"/><net_sink comp="411" pin=1"/></net>

<net id="422"><net_src comp="30" pin="0"/><net_sink comp="417" pin=0"/></net>

<net id="423"><net_src comp="405" pin="2"/><net_sink comp="417" pin=1"/></net>

<net id="424"><net_src comp="32" pin="0"/><net_sink comp="417" pin=2"/></net>

<net id="430"><net_src comp="417" pin="3"/><net_sink comp="425" pin=0"/></net>

<net id="431"><net_src comp="34" pin="0"/><net_sink comp="425" pin=1"/></net>

<net id="432"><net_src comp="411" pin="2"/><net_sink comp="425" pin=2"/></net>

<net id="436"><net_src comp="425" pin="3"/><net_sink comp="433" pin=0"/></net>

<net id="441"><net_src comp="401" pin="1"/><net_sink comp="437" pin=0"/></net>

<net id="442"><net_src comp="433" pin="1"/><net_sink comp="437" pin=1"/></net>

<net id="448"><net_src comp="30" pin="0"/><net_sink comp="443" pin=0"/></net>

<net id="449"><net_src comp="437" pin="2"/><net_sink comp="443" pin=1"/></net>

<net id="450"><net_src comp="32" pin="0"/><net_sink comp="443" pin=2"/></net>

<net id="457"><net_src comp="36" pin="0"/><net_sink comp="451" pin=0"/></net>

<net id="458"><net_src comp="437" pin="2"/><net_sink comp="451" pin=1"/></net>

<net id="459"><net_src comp="38" pin="0"/><net_sink comp="451" pin=2"/></net>

<net id="460"><net_src comp="32" pin="0"/><net_sink comp="451" pin=3"/></net>

<net id="466"><net_src comp="443" pin="3"/><net_sink comp="461" pin=0"/></net>

<net id="467"><net_src comp="20" pin="0"/><net_sink comp="461" pin=1"/></net>

<net id="468"><net_src comp="451" pin="4"/><net_sink comp="461" pin=2"/></net>

<net id="472"><net_src comp="461" pin="3"/><net_sink comp="469" pin=0"/></net>

<net id="473"><net_src comp="469" pin="1"/><net_sink comp="111" pin=2"/></net>

<net id="477"><net_src comp="118" pin="3"/><net_sink comp="474" pin=0"/></net>

<net id="485"><net_src comp="474" pin="1"/><net_sink comp="481" pin=0"/></net>

<net id="486"><net_src comp="478" pin="1"/><net_sink comp="481" pin=1"/></net>

<net id="493"><net_src comp="48" pin="0"/><net_sink comp="487" pin=0"/></net>

<net id="494"><net_src comp="481" pin="2"/><net_sink comp="487" pin=1"/></net>

<net id="495"><net_src comp="50" pin="0"/><net_sink comp="487" pin=2"/></net>

<net id="496"><net_src comp="52" pin="0"/><net_sink comp="487" pin=3"/></net>

<net id="504"><net_src comp="474" pin="1"/><net_sink comp="500" pin=0"/></net>

<net id="505"><net_src comp="497" pin="1"/><net_sink comp="500" pin=1"/></net>

<net id="512"><net_src comp="48" pin="0"/><net_sink comp="506" pin=0"/></net>

<net id="513"><net_src comp="500" pin="2"/><net_sink comp="506" pin=1"/></net>

<net id="514"><net_src comp="50" pin="0"/><net_sink comp="506" pin=2"/></net>

<net id="515"><net_src comp="52" pin="0"/><net_sink comp="506" pin=3"/></net>

<net id="523"><net_src comp="474" pin="1"/><net_sink comp="519" pin=0"/></net>

<net id="524"><net_src comp="516" pin="1"/><net_sink comp="519" pin=1"/></net>

<net id="531"><net_src comp="48" pin="0"/><net_sink comp="525" pin=0"/></net>

<net id="532"><net_src comp="519" pin="2"/><net_sink comp="525" pin=1"/></net>

<net id="533"><net_src comp="50" pin="0"/><net_sink comp="525" pin=2"/></net>

<net id="534"><net_src comp="52" pin="0"/><net_sink comp="525" pin=3"/></net>

<net id="539"><net_src comp="54" pin="0"/><net_sink comp="535" pin=0"/></net>

<net id="540"><net_src comp="487" pin="4"/><net_sink comp="535" pin=1"/></net>

<net id="545"><net_src comp="535" pin="2"/><net_sink comp="541" pin=0"/></net>

<net id="546"><net_src comp="506" pin="4"/><net_sink comp="541" pin=1"/></net>

<net id="551"><net_src comp="541" pin="2"/><net_sink comp="547" pin=0"/></net>

<net id="552"><net_src comp="525" pin="4"/><net_sink comp="547" pin=1"/></net>

<net id="556"><net_src comp="74" pin="3"/><net_sink comp="553" pin=0"/></net>

<net id="557"><net_src comp="553" pin="1"/><net_sink comp="81" pin=5"/></net>

<net id="561"><net_src comp="95" pin="3"/><net_sink comp="558" pin=0"/></net>

<net id="562"><net_src comp="558" pin="1"/><net_sink comp="81" pin=2"/></net>

<net id="566"><net_src comp="103" pin="3"/><net_sink comp="563" pin=0"/></net>

<net id="567"><net_src comp="563" pin="1"/><net_sink comp="81" pin=0"/></net>

<net id="571"><net_src comp="81" pin="11"/><net_sink comp="568" pin=0"/></net>

<net id="572"><net_src comp="568" pin="1"/><net_sink comp="478" pin=0"/></net>

<net id="576"><net_src comp="81" pin="7"/><net_sink comp="573" pin=0"/></net>

<net id="577"><net_src comp="573" pin="1"/><net_sink comp="497" pin=0"/></net>

<net id="581"><net_src comp="81" pin="3"/><net_sink comp="578" pin=0"/></net>

<net id="582"><net_src comp="578" pin="1"/><net_sink comp="516" pin=0"/></net>

<net id="586"><net_src comp="111" pin="3"/><net_sink comp="583" pin=0"/></net>

<net id="587"><net_src comp="583" pin="1"/><net_sink comp="118" pin=0"/></net>

</net_list>

</model> 
---------------- Datapath Model END ------------------

* FSMD analyzer results:
  - Output states:
 - Input state : 
	Port: softmax_stable<ap_fixed,ap_fixed<16,6,5,3,0>,softmax_config12> : data_0_val | {1 }
	Port: softmax_stable<ap_fixed,ap_fixed<16,6,5,3,0>,softmax_config12> : data_1_val | {1 }
	Port: softmax_stable<ap_fixed,ap_fixed<16,6,5,3,0>,softmax_config12> : data_2_val | {1 }
	Port: softmax_stable<ap_fixed,ap_fixed<16,6,5,3,0>,softmax_config12> : exp_table | {1 2 }
	Port: softmax_stable<ap_fixed,ap_fixed<16,6,5,3,0>,softmax_config12> : invert_table | {2 3 }
  - Chain level:
	State 1
		xor_ln65 : 1
		select_ln65 : 1
		icmp_ln65_1 : 2
		xor_ln65_1 : 3
		x_max : 3
		sext_ln245_1 : 4
		sub_ln245 : 5
		tmp_4 : 6
		tmp_5 : 6
		xor_ln245 : 7
		and_ln245 : 7
		xor_ln245_1 : 7
		sub_ln245_1 : 5
		tmp_6 : 6
		tmp_7 : 6
		xor_ln245_2 : 7
		and_ln245_1 : 7
		xor_ln245_3 : 7
		sub_ln245_2 : 5
		tmp_8 : 6
		tmp_9 : 6
		xor_ln245_4 : 7
		and_ln245_2 : 7
		xor_ln245_5 : 7
		select_ln245 : 7
		tmp : 6
		select_ln245_1 : 8
		zext_ln255 : 9
		exp_table_addr : 10
		exp_table_load : 11
		select_ln245_2 : 7
		tmp_1 : 6
		select_ln245_3 : 8
		zext_ln255_1 : 9
		exp_table_addr_1 : 10
		exp_table_load_1 : 11
		select_ln245_4 : 7
		tmp_2 : 6
		select_ln245_5 : 8
		zext_ln255_2 : 9
		exp_table_addr_2 : 10
		exp_table_load_2 : 11
	State 2
		zext_ln245 : 1
		zext_ln245_1 : 1
		zext_ln50 : 1
		add_ln50 : 2
		add_ln50_2 : 1
		tmp_10 : 3
		select_ln50 : 4
		zext_ln50_1 : 5
		add_ln50_1 : 6
		tmp_11 : 7
		tmp_3 : 7
		select_ln50_1 : 8
		zext_ln265 : 9
		invert_table_addr : 10
		inv_exp_sum : 11
	State 3
		sext_ln268 : 1
		mul_ln268 : 2
		trunc_ln1 : 3
		mul_ln268_1 : 2
		trunc_ln268_1 : 3
		mul_ln268_2 : 2
		trunc_ln268_2 : 3
		mrv : 4
		mrv_1 : 5
		mrv_2 : 6
		ret_ln270 : 7


============================================================
+ Verbose Summary: Datapath Resource usage 
============================================================

* Functional unit list:
|----------|----------------------------|---------|---------|---------|
| Operation|       Functional Unit      |   DSP   |    FF   |   LUT   |
|----------|----------------------------|---------|---------|---------|
|          |     select_ln65_fu_136     |    0    |    0    |    16   |
|          |        x_max_fu_156        |    0    |    0    |    16   |
|          |     select_ln245_fu_300    |    0    |    0    |    10   |
|          |    select_ln245_1_fu_318   |    0    |    0    |    10   |
|  select  |    select_ln245_2_fu_331   |    0    |    0    |    10   |
|          |    select_ln245_3_fu_349   |    0    |    0    |    10   |
|          |    select_ln245_4_fu_362   |    0    |    0    |    10   |
|          |    select_ln245_5_fu_380   |    0    |    0    |    10   |
|          |     select_ln50_fu_425     |    0    |    0    |    17   |
|          |    select_ln50_1_fu_461    |    0    |    0    |    10   |
|----------|----------------------------|---------|---------|---------|
|          |       add_ln50_fu_405      |    0    |    0    |    24   |
|    add   |      add_ln50_2_fu_411     |    0    |    0    |    24   |
|          |      add_ln50_1_fu_437     |    0    |    0    |    24   |
|----------|----------------------------|---------|---------|---------|
|          |      sub_ln245_fu_172      |    0    |    0    |    23   |
|    sub   |     sub_ln245_1_fu_216     |    0    |    0    |    23   |
|          |     sub_ln245_2_fu_260     |    0    |    0    |    23   |
|----------|----------------------------|---------|---------|---------|
|   icmp   |      icmp_ln65_fu_124      |    0    |    0    |    23   |
|          |     icmp_ln65_1_fu_144     |    0    |    0    |    23   |
|----------|----------------------------|---------|---------|---------|
|          |      mul_ln268_fu_481      |    1    |    0    |    5    |
|    mul   |     mul_ln268_1_fu_500     |    1    |    0    |    5    |
|          |     mul_ln268_2_fu_519     |    1    |    0    |    5    |
|----------|----------------------------|---------|---------|---------|
|          |       xor_ln65_fu_130      |    0    |    0    |    2    |
|          |      xor_ln65_1_fu_150     |    0    |    0    |    2    |
|          |      xor_ln245_fu_194      |    0    |    0    |    2    |
|    xor   |     xor_ln245_1_fu_206     |    0    |    0    |    2    |
|          |     xor_ln245_2_fu_238     |    0    |    0    |    2    |
|          |     xor_ln245_3_fu_250     |    0    |    0    |    2    |
|          |     xor_ln245_4_fu_282     |    0    |    0    |    2    |
|          |     xor_ln245_5_fu_294     |    0    |    0    |    2    |
|----------|----------------------------|---------|---------|---------|
|          |      and_ln245_fu_200      |    0    |    0    |    2    |
|    and   |     and_ln245_1_fu_244     |    0    |    0    |    2    |
|          |     and_ln245_2_fu_288     |    0    |    0    |    2    |
|----------|----------------------------|---------|---------|---------|
|          | data_2_val_read_read_fu_56 |    0    |    0    |    0    |
|   read   | data_1_val_read_read_fu_62 |    0    |    0    |    0    |
|          | data_0_val_read_read_fu_68 |    0    |    0    |    0    |
|----------|----------------------------|---------|---------|---------|
|          |      sext_ln245_fu_164     |    0    |    0    |    0    |
|          |     sext_ln245_1_fu_168    |    0    |    0    |    0    |
|   sext   |     sext_ln245_2_fu_212    |    0    |    0    |    0    |
|          |     sext_ln245_3_fu_256    |    0    |    0    |    0    |
|          |      sext_ln268_fu_474     |    0    |    0    |    0    |
|----------|----------------------------|---------|---------|---------|
|          |        tmp_4_fu_178        |    0    |    0    |    0    |
|          |        tmp_5_fu_186        |    0    |    0    |    0    |
|          |        tmp_6_fu_222        |    0    |    0    |    0    |
| bitselect|        tmp_7_fu_230        |    0    |    0    |    0    |
|          |        tmp_8_fu_266        |    0    |    0    |    0    |
|          |        tmp_9_fu_274        |    0    |    0    |    0    |
|          |        tmp_10_fu_417       |    0    |    0    |    0    |
|          |        tmp_11_fu_443       |    0    |    0    |    0    |
|----------|----------------------------|---------|---------|---------|
|          |         tmp_fu_308         |    0    |    0    |    0    |
|          |        tmp_1_fu_339        |    0    |    0    |    0    |
|          |        tmp_2_fu_370        |    0    |    0    |    0    |
|partselect|        tmp_3_fu_451        |    0    |    0    |    0    |
|          |      trunc_ln1_fu_487      |    0    |    0    |    0    |
|          |    trunc_ln268_1_fu_506    |    0    |    0    |    0    |
|          |    trunc_ln268_2_fu_525    |    0    |    0    |    0    |
|----------|----------------------------|---------|---------|---------|
|          |      zext_ln255_fu_326     |    0    |    0    |    0    |
|          |     zext_ln255_1_fu_357    |    0    |    0    |    0    |
|          |     zext_ln255_2_fu_388    |    0    |    0    |    0    |
|          |      zext_ln245_fu_393     |    0    |    0    |    0    |
|          |     zext_ln245_1_fu_397    |    0    |    0    |    0    |
|   zext   |      zext_ln50_fu_401      |    0    |    0    |    0    |
|          |     zext_ln50_1_fu_433     |    0    |    0    |    0    |
|          |      zext_ln265_fu_469     |    0    |    0    |    0    |
|          |      zext_ln268_fu_478     |    0    |    0    |    0    |
|          |     zext_ln268_1_fu_497    |    0    |    0    |    0    |
|          |     zext_ln268_2_fu_516    |    0    |    0    |    0    |
|----------|----------------------------|---------|---------|---------|
|          |         mrv_fu_535         |    0    |    0    |    0    |
|insertvalue|        mrv_1_fu_541        |    0    |    0    |    0    |
|          |        mrv_2_fu_547        |    0    |    0    |    0    |
|----------|----------------------------|---------|---------|---------|
|   Total  |                            |    3    |    0    |   343   |
|----------|----------------------------|---------|---------|---------|

Memories:
N/A

* Register list:
+-------------------------+--------+
|                         |   FF   |
+-------------------------+--------+
| exp_table_addr_1_reg_558|   10   |
| exp_table_addr_2_reg_563|   10   |
|  exp_table_addr_reg_553 |   10   |
| exp_table_load_1_reg_573|   17   |
| exp_table_load_2_reg_578|   17   |
|  exp_table_load_reg_568 |   17   |
|invert_table_addr_reg_583|   10   |
+-------------------------+--------+
|          Total          |   91   |
+-------------------------+--------+

* Multiplexer (MUX) list: 
|-------------------|------|------|------|--------||---------||---------|
|        Comp       |  Pin | Size |  BW  | S x BW ||  Delay  ||   LUT   |
|-------------------|------|------|------|--------||---------||---------|
|  grp_access_fu_81 |  p0  |   2  |  10  |   20   ||    9    |
|  grp_access_fu_81 |  p2  |   2  |   0  |    0   ||    9    |
|  grp_access_fu_81 |  p5  |   2  |  17  |   34   ||    9    |
| grp_access_fu_118 |  p0  |   2  |  10  |   20   ||    9    |
|-------------------|------|------|------|--------||---------||---------|
|       Total       |      |      |      |   74   ||  1.548  ||    36   |
|-------------------|------|------|------|--------||---------||---------|



* Summary:
+-----------+--------+--------+--------+--------+
|           |   DSP  |  Delay |   FF   |   LUT  |
+-----------+--------+--------+--------+--------+
|  Function |    3   |    -   |    0   |   343  |
|   Memory  |    -   |    -   |    -   |    -   |
|Multiplexer|    -   |    1   |    -   |   36   |
|  Register |    -   |    -   |   91   |    -   |
+-----------+--------+--------+--------+--------+
|   Total   |    3   |    1   |   91   |   379  |
+-----------+--------+--------+--------+--------+
