

================================================================
== Vitis HLS Report for 'compute_output_buffer_2d_array_array_ap_fixed_16_6_5_3_0_4u_config2_s'
================================================================
* Date:           Mon May 20 13:45:18 2024

* Version:        2023.1 (Build 3854077 on May  4 2023)
* Project:        myproject_prj
* Solution:       solution1 (Vivado IP Flow Target)
* Product family: virtexuplus
* Target device:  xcvu13p-flga2577-2-e


================================================================
== Performance Estimates
================================================================
+ Timing: 
    * Summary: 
    +--------+----------+----------+------------+
    |  Clock |  Target  | Estimated| Uncertainty|
    +--------+----------+----------+------------+
    |ap_clk  |  25.00 ns|  5.582 ns|     6.75 ns|
    +--------+----------+----------+------------+

+ Latency: 
    * Summary: 
    +---------+---------+-----------+----------+-----+-----+---------+
    |  Latency (cycles) |  Latency (absolute)  |  Interval | Pipeline|
    |   min   |   max   |    min    |    max   | min | max |   Type  |
    +---------+---------+-----------+----------+-----+-----+---------+
    |        2|       39|  50.000 ns|  0.975 us|    2|   39|       no|
    +---------+---------+-----------+----------+-----+-----+---------+

    + Detail: 
        * Instance: 
        +----------------------------------------------------------------------------------+-----------------------------------------------------------------------+---------+---------+----------+----------+-----+-----+------------------------------------------+
        |                                                                                  |                                                                       |  Latency (cycles) |  Latency (absolute) |  Interval |                 Pipeline                 |
        |                                     Instance                                     |                                 Module                                |   min   |   max   |    min   |    max   | min | max |                   Type                   |
        +----------------------------------------------------------------------------------+-----------------------------------------------------------------------+---------+---------+----------+----------+-----+-----+------------------------------------------+
        |call_ln286_shift_line_buffer_array_ap_fixed_16_6_5_3_0_1u_config2_s_fu_95         |shift_line_buffer_array_ap_fixed_16_6_5_3_0_1u_config2_s               |        0|        0|      0 ns|      0 ns|    1|    1|                                       yes|
        |grp_dense_resource_ap_fixed_16_6_5_3_0_ap_fixed_16_6_5_3_0_config2_mult_s_fu_123  |dense_resource_ap_fixed_16_6_5_3_0_ap_fixed_16_6_5_3_0_config2_mult_s  |       36|       37|  0.900 us|  0.925 us|   36|   36|  loop rewind stp(delay=0 clock cycles(s))|
        +----------------------------------------------------------------------------------+-----------------------------------------------------------------------+---------+---------+----------+----------+-----+-----+------------------------------------------+

        * Loop: 
        N/A



================================================================
== Utilization Estimates
================================================================
* Summary: 
+---------------------+---------+-------+---------+---------+------+
|         Name        | BRAM_18K|  DSP  |    FF   |   LUT   | URAM |
+---------------------+---------+-------+---------+---------+------+
|DSP                  |        -|      -|        -|        -|     -|
|Expression           |        -|      -|        0|      466|     -|
|FIFO                 |        -|      -|        -|        -|     -|
|Instance             |        0|      1|      580|      754|     -|
|Memory               |        -|      -|        -|        -|     -|
|Multiplexer          |        -|      -|        -|       70|     -|
|Register             |        -|      -|      278|        -|     -|
+---------------------+---------+-------+---------+---------+------+
|Total                |        0|      1|      858|     1290|     0|
+---------------------+---------+-------+---------+---------+------+
|Available SLR        |     1344|   3072|   864000|   432000|   320|
+---------------------+---------+-------+---------+---------+------+
|Utilization SLR (%)  |        0|     ~0|       ~0|       ~0|     0|
+---------------------+---------+-------+---------+---------+------+
|Available            |     5376|  12288|  3456000|  1728000|  1280|
+---------------------+---------+-------+---------+---------+------+
|Utilization (%)      |        0|     ~0|       ~0|       ~0|     0|
+---------------------+---------+-------+---------+---------+------+

+ Detail: 
    * Instance: 
    +----------------------------------------------------------------------------------+-----------------------------------------------------------------------+---------+----+-----+-----+-----+
    |                                     Instance                                     |                                 Module                                | BRAM_18K| DSP|  FF | LUT | URAM|
    +----------------------------------------------------------------------------------+-----------------------------------------------------------------------+---------+----+-----+-----+-----+
    |grp_dense_resource_ap_fixed_16_6_5_3_0_ap_fixed_16_6_5_3_0_config2_mult_s_fu_123  |dense_resource_ap_fixed_16_6_5_3_0_ap_fixed_16_6_5_3_0_config2_mult_s  |        0|   1|  451|  636|    0|
    |call_ln286_shift_line_buffer_array_ap_fixed_16_6_5_3_0_1u_config2_s_fu_95         |shift_line_buffer_array_ap_fixed_16_6_5_3_0_1u_config2_s               |        0|   0|  129|  118|    0|
    +----------------------------------------------------------------------------------+-----------------------------------------------------------------------+---------+----+-----+-----+-----+
    |Total                                                                             |                                                                       |        0|   1|  580|  754|    0|
    +----------------------------------------------------------------------------------+-----------------------------------------------------------------------+---------+----+-----+-----+-----+

    * DSP: 
    N/A

    * Memory: 
    N/A

    * FIFO: 
    N/A

    * Expression: 
    +---------------------------------+----------+----+---+----+------------+------------+
    |          Variable Name          | Operation| DSP| FF| LUT| Bitwidth P0| Bitwidth P1|
    +---------------------------------+----------+----+---+----+------------+------------+
    |add_ln313_fu_250_p2              |         +|   0|  0|  39|          32|           1|
    |add_ln317_fu_297_p2              |         +|   0|  0|  39|          32|           1|
    |add_ln323_fu_314_p2              |         +|   0|  0|  39|          32|           1|
    |add_ln328_fu_267_p2              |         +|   0|  0|  39|          32|           1|
    |and_ln289_2_fu_215_p2            |       and|   0|  0|   2|           1|           1|
    |and_ln289_fu_209_p2              |       and|   0|  0|   2|           1|           1|
    |ap_block_state3                  |       and|   0|  0|   2|           1|           1|
    |ap_block_state3_on_subcall_done  |       and|   0|  0|   2|           1|           1|
    |ap_condition_132                 |       and|   0|  0|   2|           1|           1|
    |ap_condition_217                 |       and|   0|  0|   2|           1|           1|
    |ap_predicate_op22_call_state3    |       and|   0|  0|   2|           1|           1|
    |grp_fu_149_p2                    |      icmp|   0|  0|  39|          32|           2|
    |icmp_ln289_5_fu_187_p2           |      icmp|   0|  0|  38|          31|           1|
    |icmp_ln289_6_fu_203_p2           |      icmp|   0|  0|  38|          31|           1|
    |icmp_ln289_fu_158_p2             |      icmp|   0|  0|  39|          32|           2|
    |icmp_ln313_fu_255_p2             |      icmp|   0|  0|  39|          32|           4|
    |icmp_ln317_fu_302_p2             |      icmp|   0|  0|  39|          32|           4|
    |select_ln323_fu_319_p3           |    select|   0|  0|  32|           1|           2|
    |select_ln328_fu_272_p3           |    select|   0|  0|  32|           1|           2|
    +---------------------------------+----------+----+---+----+------------+------------+
    |Total                            |          |   0|  0| 466|         327|          29|
    +---------------------------------+----------+----+---+----+------------+------------+

    * Multiplexer: 
    +------------------------------------+----+-----------+-----+-----------+
    |                Name                | LUT| Input Size| Bits| Total Bits|
    +------------------------------------+----+-----------+-----+-----------+
    |ap_NS_fsm                           |  20|          4|    1|          4|
    |ap_phi_mux_storemerge_phi_fu_88_p4  |  14|          3|   32|         96|
    |layer2_out_blk_n                    |   9|          2|    1|          2|
    |pX_3                                |   9|          2|   32|         64|
    |pY_3                                |   9|          2|   32|         64|
    |sX_3                                |   9|          2|   32|         64|
    +------------------------------------+----+-----------+-----+-----------+
    |Total                               |  70|         15|  130|        294|
    +------------------------------------+----+-----------+-----+-----------+

    * Register: 
    +-----------------------------------------------------------------------------------------------+----+----+-----+-----------+
    |                                              Name                                             | FF | LUT| Bits| Const Bits|
    +-----------------------------------------------------------------------------------------------+----+----+-----+-----------+
    |and_ln289_2_reg_357                                                                            |   1|   0|    1|          0|
    |ap_CS_fsm                                                                                      |   3|   0|    3|          0|
    |grp_dense_resource_ap_fixed_16_6_5_3_0_ap_fixed_16_6_5_3_0_config2_mult_s_fu_123_ap_start_reg  |   1|   0|    1|          0|
    |icmp_ln289_reg_343                                                                             |   1|   0|    1|          0|
    |pX_3                                                                                           |  32|   0|   32|          0|
    |pY_3                                                                                           |  32|   0|   32|          0|
    |sX_3                                                                                           |  32|   0|   32|          0|
    |sY_3                                                                                           |  32|   0|   32|          0|
    |void_compute_output_buffer_2d_array_const_ap_shift_reg_n_chan_stream_weig_10                   |  16|   0|   16|          0|
    |void_compute_output_buffer_2d_array_const_ap_shift_reg_n_chan_stream_weig_11                   |  16|   0|   16|          0|
    |void_compute_output_buffer_2d_array_const_ap_shift_reg_n_chan_stream_weig_12                   |  16|   0|   16|          0|
    |void_compute_output_buffer_2d_array_const_ap_shift_reg_n_chan_stream_weig_13                   |  16|   0|   16|          0|
    |void_compute_output_buffer_2d_array_const_ap_shift_reg_n_chan_stream_weig_14                   |  16|   0|   16|          0|
    |void_compute_output_buffer_2d_array_const_ap_shift_reg_n_chan_stream_weig_15                   |  16|   0|   16|          0|
    |void_compute_output_buffer_2d_array_const_ap_shift_reg_n_chan_stream_weig_16                   |  16|   0|   16|          0|
    |void_compute_output_buffer_2d_array_const_ap_shift_reg_n_chan_stream_weig_17                   |  16|   0|   16|          0|
    |void_compute_output_buffer_2d_array_const_ap_shift_reg_n_chan_stream_weig_18                   |  16|   0|   16|          0|
    +-----------------------------------------------------------------------------------------------+----+----+-----+-----------+
    |Total                                                                                          | 278|   0|  278|          0|
    +-----------------------------------------------------------------------------------------------+----+----+-----+-----------+



================================================================
== Interface
================================================================
* Summary: 
+---------------------------+-----+-----+------------+------------------------------------------------------------------------+--------------+
|         RTL Ports         | Dir | Bits|  Protocol  |                              Source Object                             |    C Type    |
+---------------------------+-----+-----+------------+------------------------------------------------------------------------+--------------+
|ap_clk                     |   in|    1|  ap_ctrl_hs|  compute_output_buffer_2d<array,array<ap_fixed<16,6,5,3,0>,4u>,config2>|  return value|
|ap_rst                     |   in|    1|  ap_ctrl_hs|  compute_output_buffer_2d<array,array<ap_fixed<16,6,5,3,0>,4u>,config2>|  return value|
|ap_start                   |   in|    1|  ap_ctrl_hs|  compute_output_buffer_2d<array,array<ap_fixed<16,6,5,3,0>,4u>,config2>|  return value|
|ap_done                    |  out|    1|  ap_ctrl_hs|  compute_output_buffer_2d<array,array<ap_fixed<16,6,5,3,0>,4u>,config2>|  return value|
|ap_idle                    |  out|    1|  ap_ctrl_hs|  compute_output_buffer_2d<array,array<ap_fixed<16,6,5,3,0>,4u>,config2>|  return value|
|ap_ready                   |  out|    1|  ap_ctrl_hs|  compute_output_buffer_2d<array,array<ap_fixed<16,6,5,3,0>,4u>,config2>|  return value|
|in_elem_0_0_0_0_0_val      |   in|   16|     ap_none|                                                   in_elem_0_0_0_0_0_val|        scalar|
|layer2_out_din             |  out|   64|     ap_fifo|                                                              layer2_out|       pointer|
|layer2_out_num_data_valid  |   in|    8|     ap_fifo|                                                              layer2_out|       pointer|
|layer2_out_fifo_cap        |   in|    8|     ap_fifo|                                                              layer2_out|       pointer|
|layer2_out_full_n          |   in|    1|     ap_fifo|                                                              layer2_out|       pointer|
|layer2_out_write           |  out|    1|     ap_fifo|                                                              layer2_out|       pointer|
+---------------------------+-----+-----+------------+------------------------------------------------------------------------+--------------+

