

================================================================
== Vitis HLS Report for 'myproject'
================================================================
* Date:           Mon May 20 13:45:20 2024

* Version:        2023.1 (Build 3854077 on May  4 2023)
* Project:        myproject_prj
* Solution:       solution1 (Vivado IP Flow Target)
* Product family: virtexuplus
* Target device:  xcvu13p-flga2577-2-e


================================================================
== Performance Estimates
================================================================
+ Timing: 
    * Summary: 
    +--------+----------+----------+------------+
    |  Clock |  Target  | Estimated| Uncertainty|
    +--------+----------+----------+------------+
    |ap_clk  |  25.00 ns|  7.015 ns|     6.75 ns|
    +--------+----------+----------+------------+

+ Latency: 
    * Summary: 
    +---------+---------+----------+----------+-----+-------+----------+
    |  Latency (cycles) |  Latency (absolute) |   Interval  | Pipeline |
    |   min   |   max   |    min   |    max   | min |  max  |   Type   |
    +---------+---------+----------+----------+-----+-------+----------+
    |    12102|    12354|  0.303 ms|  0.309 ms|  602|  12338|  dataflow|
    +---------+---------+----------+----------+-----+-------+----------+

    + Detail: 
        * Instance: 
        +-------------------------------------------------------------------------+------------------------------------------------------------------------+---------+---------+-----------+-----------+-----+-------+------------------------------------------+
        |                                                                         |                                                                        |  Latency (cycles) |   Latency (absolute)  |   Interval  |                 Pipeline                 |
        |                                 Instance                                |                                 Module                                 |   min   |   max   |    min    |    max    | min |  max  |                   Type                   |
        +-------------------------------------------------------------------------+------------------------------------------------------------------------+---------+---------+-----------+-----------+-----+-------+------------------------------------------+
        |zeropad2d_cl_array_ap_fixed_1u_array_ap_fixed_16_6_5_3_0_1u_config19_U0  |zeropad2d_cl_array_ap_fixed_1u_array_ap_fixed_16_6_5_3_0_1u_config19_s  |      163|      163|   4.075 us|   4.075 us|  163|    163|                                        no|
        |conv_2d_cl_array_ap_fixed_1u_array_ap_fixed_16_6_5_3_0_4u_config2_U0     |conv_2d_cl_array_ap_fixed_1u_array_ap_fixed_16_6_5_3_0_4u_config2_s     |      601|     6151|  15.025 us|   0.154 ms|  601|   6151|                                        no|
        |relu_array_ap_fixed_4u_array_ap_ufixed_10_0_4_0_0_4u_relu_config4_U0     |relu_array_ap_fixed_4u_array_ap_ufixed_10_0_4_0_0_4u_relu_config4_s     |      106|      106|   2.650 us|   2.650 us|  106|    106|                                        no|
        |pooling2d_cl_array_ap_ufixed_4u_array_ap_fixed_16_6_5_3_0_4u_config5_U0  |pooling2d_cl_array_ap_ufixed_4u_array_ap_fixed_16_6_5_3_0_4u_config5_s  |      106|      106|   2.650 us|   2.650 us|  106|    106|                                        no|
        |zeropad2d_cl_array_ap_fixed_4u_array_ap_fixed_16_6_5_3_0_4u_config20_U0  |zeropad2d_cl_array_ap_fixed_4u_array_ap_fixed_16_6_5_3_0_4u_config20_s  |       61|       61|   1.525 us|   1.525 us|   61|     61|                                        no|
        |conv_2d_cl_array_ap_fixed_4u_array_ap_fixed_16_6_5_3_0_7u_config6_U0     |conv_2d_cl_array_ap_fixed_4u_array_ap_fixed_16_6_5_3_0_7u_config6_s     |      193|    12337|   4.825 us|   0.308 ms|  193|  12337|                                        no|
        |relu_array_ap_fixed_7u_array_ap_ufixed_10_0_4_0_0_7u_relu_config8_U0     |relu_array_ap_fixed_7u_array_ap_ufixed_10_0_4_0_0_7u_relu_config8_s     |       26|       26|   0.650 us|   0.650 us|   26|     26|                                        no|
        |pooling2d_cl_array_ap_ufixed_7u_array_ap_fixed_16_6_5_3_0_7u_config9_U0  |pooling2d_cl_array_ap_ufixed_7u_array_ap_fixed_16_6_5_3_0_7u_config9_s  |       26|       26|   0.650 us|   0.650 us|   26|     26|                                        no|
        |concatenate1d_array_array_array_ap_fixed_16_6_5_3_0_43u_config12_U0      |concatenate1d_array_array_array_ap_fixed_16_6_5_3_0_43u_config12_s      |       13|       13|   0.325 us|   0.325 us|   13|     13|                                        no|
        |dense_array_ap_fixed_43u_array_ap_fixed_16_6_5_3_0_7u_config13_U0        |dense_array_ap_fixed_43u_array_ap_fixed_16_6_5_3_0_7u_config13_s        |      301|      302|   7.525 us|   7.550 us|  301|    301|  loop rewind stp(delay=0 clock cycles(s))|
        |relu_array_ap_fixed_7u_array_ap_ufixed_10_0_4_0_0_7u_relu_config15_U0    |relu_array_ap_fixed_7u_array_ap_ufixed_10_0_4_0_0_7u_relu_config15_s    |        0|        0|       0 ns|       0 ns|    0|      0|                                        no|
        |dense_array_ap_ufixed_7u_array_ap_fixed_16_6_5_3_0_1u_config16_U0        |dense_array_ap_ufixed_7u_array_ap_fixed_16_6_5_3_0_1u_config16_s        |        7|        8|   0.175 us|   0.200 us|    7|      7|  loop rewind stp(delay=0 clock cycles(s))|
        |sigmoid_array_array_ap_fixed_16_6_5_3_0_1u_sigmoid_config18_U0           |sigmoid_array_array_ap_fixed_16_6_5_3_0_1u_sigmoid_config18_s           |        2|        2|  50.000 ns|  50.000 ns|    2|      2|                                        no|
        +-------------------------------------------------------------------------+------------------------------------------------------------------------+---------+---------+-----------+-----------+-----+-------+------------------------------------------+

        * Loop: 
        N/A



================================================================
== Utilization Estimates
================================================================
* Summary: 
+---------------------+---------+-------+---------+---------+------+
|         Name        | BRAM_18K|  DSP  |    FF   |   LUT   | URAM |
+---------------------+---------+-------+---------+---------+------+
|DSP                  |        -|      -|        -|        -|     -|
|Expression           |        -|      -|        0|        2|     -|
|FIFO                 |        5|      -|     4224|     2426|     -|
|Instance             |        3|      3|     6510|    11159|     0|
|Memory               |        -|      -|        -|        -|     -|
|Multiplexer          |        -|      -|        -|        -|     -|
|Register             |        -|      -|        -|        -|     -|
+---------------------+---------+-------+---------+---------+------+
|Total                |        8|      3|    10734|    13587|     0|
+---------------------+---------+-------+---------+---------+------+
|Available SLR        |     1344|   3072|   864000|   432000|   320|
+---------------------+---------+-------+---------+---------+------+
|Utilization SLR (%)  |       ~0|     ~0|        1|        3|     0|
+---------------------+---------+-------+---------+---------+------+
|Available            |     5376|  12288|  3456000|  1728000|  1280|
+---------------------+---------+-------+---------+---------+------+
|Utilization (%)      |       ~0|     ~0|       ~0|       ~0|     0|
+---------------------+---------+-------+---------+---------+------+

+ Detail: 
    * Instance: 
    +-------------------------------------------------------------------------+------------------------------------------------------------------------+---------+----+------+------+-----+
    |                                 Instance                                |                                 Module                                 | BRAM_18K| DSP|  FF  |  LUT | URAM|
    +-------------------------------------------------------------------------+------------------------------------------------------------------------+---------+----+------+------+-----+
    |concatenate1d_array_array_array_ap_fixed_16_6_5_3_0_43u_config12_U0      |concatenate1d_array_array_array_ap_fixed_16_6_5_3_0_43u_config12_s      |        0|   0|   578|   757|    0|
    |conv_2d_cl_array_ap_fixed_1u_array_ap_fixed_16_6_5_3_0_4u_config2_U0     |conv_2d_cl_array_ap_fixed_1u_array_ap_fixed_16_6_5_3_0_4u_config2_s     |        0|   1|   888|  1389|    0|
    |conv_2d_cl_array_ap_fixed_4u_array_ap_fixed_16_6_5_3_0_7u_config6_U0     |conv_2d_cl_array_ap_fixed_4u_array_ap_fixed_16_6_5_3_0_7u_config6_s     |        1|   1|  2699|  2505|    0|
    |dense_array_ap_fixed_43u_array_ap_fixed_16_6_5_3_0_7u_config13_U0        |dense_array_ap_fixed_43u_array_ap_fixed_16_6_5_3_0_7u_config13_s        |        1|   1|   828|  1364|    0|
    |dense_array_ap_ufixed_7u_array_ap_fixed_16_6_5_3_0_1u_config16_U0        |dense_array_ap_ufixed_7u_array_ap_fixed_16_6_5_3_0_1u_config16_s        |        0|   0|   114|   357|    0|
    |pooling2d_cl_array_ap_ufixed_4u_array_ap_fixed_16_6_5_3_0_4u_config5_U0  |pooling2d_cl_array_ap_ufixed_4u_array_ap_fixed_16_6_5_3_0_4u_config5_s  |        0|   0|   477|  1059|    0|
    |pooling2d_cl_array_ap_ufixed_7u_array_ap_fixed_16_6_5_3_0_7u_config9_U0  |pooling2d_cl_array_ap_ufixed_7u_array_ap_fixed_16_6_5_3_0_7u_config9_s  |        0|   0|   727|  1412|    0|
    |relu_array_ap_fixed_4u_array_ap_ufixed_10_0_4_0_0_4u_relu_config4_U0     |relu_array_ap_fixed_4u_array_ap_ufixed_10_0_4_0_0_4u_relu_config4_s     |        0|   0|    11|   323|    0|
    |relu_array_ap_fixed_7u_array_ap_ufixed_10_0_4_0_0_7u_relu_config15_U0    |relu_array_ap_fixed_7u_array_ap_ufixed_10_0_4_0_0_7u_relu_config15_s    |        0|   0|     3|   430|    0|
    |relu_array_ap_fixed_7u_array_ap_ufixed_10_0_4_0_0_7u_relu_config8_U0     |relu_array_ap_fixed_7u_array_ap_ufixed_10_0_4_0_0_7u_relu_config8_s     |        0|   0|     9|   487|    0|
    |sigmoid_array_array_ap_fixed_16_6_5_3_0_1u_sigmoid_config18_U0           |sigmoid_array_array_ap_fixed_16_6_5_3_0_1u_sigmoid_config18_s           |        1|   0|     4|   204|    0|
    |zeropad2d_cl_array_ap_fixed_1u_array_ap_fixed_16_6_5_3_0_1u_config19_U0  |zeropad2d_cl_array_ap_fixed_1u_array_ap_fixed_16_6_5_3_0_1u_config19_s  |        0|   0|    66|   445|    0|
    |zeropad2d_cl_array_ap_fixed_4u_array_ap_fixed_16_6_5_3_0_4u_config20_U0  |zeropad2d_cl_array_ap_fixed_4u_array_ap_fixed_16_6_5_3_0_4u_config20_s  |        0|   0|   106|   427|    0|
    +-------------------------------------------------------------------------+------------------------------------------------------------------------+---------+----+------+------+-----+
    |Total                                                                    |                                                                        |        3|   3|  6510| 11159|    0|
    +-------------------------------------------------------------------------+------------------------------------------------------------------------+---------+----+------+------+-----+

    * DSP: 
    N/A

    * Memory: 
    N/A

    * FIFO: 
    +---------------+---------+------+----+-----+------+-----+---------+
    |      Name     | BRAM_18K|  FF  | LUT| URAM| Depth| Bits| Size:D*B|
    +---------------+---------+------+----+-----+------+-----+---------+
    |layer12_out_U  |        0|  2058|   0|    -|     1|  688|      688|
    |layer13_out_U  |        0|   260|   0|    -|     1|  112|      112|
    |layer15_out_U  |        0|   260|   0|    -|     1|   70|       70|
    |layer16_out_U  |        0|    36|   0|    -|     1|   16|       16|
    |layer19_out_U  |        1|    60|   0|    -|   150|   16|     2400|
    |layer20_out_U  |        0|   218|   0|    -|    48|   64|     3072|
    |layer2_out_U   |        2|   153|   0|    -|   104|   64|     6656|
    |layer4_out_U   |        2|   153|   0|    -|   104|   40|     4160|
    |layer5_out_U   |        0|   211|   0|    -|    24|   64|     1536|
    |layer6_out_U   |        0|   404|   0|    -|    24|  112|     2688|
    |layer8_out_U   |        0|   404|   0|    -|    24|   70|     1680|
    |layer9_out_U   |        0|     7|   0|    -|     6|  112|      672|
    +---------------+---------+------+----+-----+------+-----+---------+
    |Total          |        5|  4224|   0|    0|   488| 1428|    23750|
    +---------------+---------+------+----+-----+------+-----+---------+

    * Expression: 
    +--------------+----------+----+---+----+------------+------------+
    | Variable Name| Operation| DSP| FF| LUT| Bitwidth P0| Bitwidth P1|
    +--------------+----------+----+---+----+------------+------------+
    |ap_idle       |       and|   0|  0|   2|           1|           1|
    +--------------+----------+----+---+----+------------+------------+
    |Total         |          |   0|  0|   2|           1|           1|
    +--------------+----------+----+---+----+------------+------------+

    * Multiplexer: 
    N/A

    * Register: 
    N/A



================================================================
== Interface
================================================================
* Summary: 
+------------------------+-----+-----+------------+-----------------+--------------+
|        RTL Ports       | Dir | Bits|  Protocol  |  Source Object  |    C Type    |
+------------------------+-----+-----+------------+-----------------+--------------+
|y_profile_input_TDATA   |   in|   16|        axis|  y_profile_input|       pointer|
|y_profile_input_TVALID  |   in|    1|        axis|  y_profile_input|       pointer|
|y_profile_input_TREADY  |  out|    1|        axis|  y_profile_input|       pointer|
|y0_input_TDATA          |   in|   16|        axis|         y0_input|       pointer|
|y0_input_TVALID         |   in|    1|        axis|         y0_input|       pointer|
|y0_input_TREADY         |  out|    1|        axis|         y0_input|       pointer|
|layer18_out_TDATA       |  out|   16|        axis|      layer18_out|       pointer|
|layer18_out_TVALID      |  out|    1|        axis|      layer18_out|       pointer|
|layer18_out_TREADY      |   in|    1|        axis|      layer18_out|       pointer|
|ap_clk                  |   in|    1|  ap_ctrl_hs|        myproject|  return value|
|ap_rst_n                |   in|    1|  ap_ctrl_hs|        myproject|  return value|
|ap_start                |   in|    1|  ap_ctrl_hs|        myproject|  return value|
|ap_done                 |  out|    1|  ap_ctrl_hs|        myproject|  return value|
|ap_ready                |  out|    1|  ap_ctrl_hs|        myproject|  return value|
|ap_idle                 |  out|    1|  ap_ctrl_hs|        myproject|  return value|
+------------------------+-----+-----+------------+-----------------+--------------+

