

================================================================
== Vitis HLS Report for 'compute_output_buffer_2d_array_array_ap_fixed_16_6_5_3_0_4u_config2_s'
================================================================
* Date:           Sun Apr 28 20:42:06 2024

* Version:        2023.1 (Build 3854077 on May  4 2023)
* Project:        myproject_prj
* Solution:       solution1 (Vivado IP Flow Target)
* Product family: virtexuplus
* Target device:  xcvu13p-flga2577-2-e


================================================================
== Performance Estimates
================================================================
+ Timing: 
    * Summary: 
    +--------+---------+----------+------------+
    |  Clock |  Target | Estimated| Uncertainty|
    +--------+---------+----------+------------+
    |ap_clk  |  5.00 ns|  2.941 ns|     0.62 ns|
    +--------+---------+----------+------------+

+ Latency: 
    * Summary: 
    +---------+---------+----------+----------+-----+-----+---------+
    |  Latency (cycles) |  Latency (absolute) |  Interval | Pipeline|
    |   min   |   max   |    min   |    max   | min | max |   Type  |
    +---------+---------+----------+----------+-----+-----+---------+
    |        1|        1|  5.000 ns|  5.000 ns|    2|    2|      yes|
    +---------+---------+----------+----------+-----+-----+---------+

    + Detail: 
        * Instance: 
        +---------------------------------------------------------------------------------+----------------------------------------------------------------------+---------+---------+----------+----------+-----+-----+---------+
        |                                                                                 |                                                                      |  Latency (cycles) |  Latency (absolute) |  Interval | Pipeline|
        |                                     Instance                                    |                                Module                                |   min   |   max   |    min   |    max   | min | max |   Type  |
        +---------------------------------------------------------------------------------+----------------------------------------------------------------------+---------+---------+----------+----------+-----+-----+---------+
        |call_ln286_shift_line_buffer_array_ap_fixed_16_6_5_3_0_1u_config2_s_fu_91        |shift_line_buffer_array_ap_fixed_16_6_5_3_0_1u_config2_s              |        0|        0|      0 ns|      0 ns|    1|    1|      yes|
        |tmp_dense_latency_ap_fixed_16_6_5_3_0_ap_fixed_16_6_5_3_0_config2_mult_s_fu_119  |dense_latency_ap_fixed_16_6_5_3_0_ap_fixed_16_6_5_3_0_config2_mult_s  |        0|        0|      0 ns|      0 ns|    1|    1|      yes|
        +---------------------------------------------------------------------------------+----------------------------------------------------------------------+---------+---------+----------+----------+-----+-----+---------+

        * Loop: 
        N/A

============================================================
+ Verbose Summary: Synthesis Manager
============================================================
InlineROM: 1
ExposeGlobal: 0
============================================================
+ Verbose Summary: CDFG Model
============================================================
IsTopModel: 0
ResetActiveHigh: 1
IsCombinational: 0
IsDatapathOnly: 0
HasWiredReturn: 1
HasMFsm: 2
HasVarLatency: 0
IsPipeline: 1
IsRtlPipelined: 0
IsInstanceOverlapped: 0
IsDontTouch: 0
HasImplIP: 0
IsGatedGlobalClock: 0

+ Individual pipeline summary: 
  * Pipeline-0: initiation interval (II) = 2, depth = 2


============================================================
+ Verbose Summary: Schedule
============================================================
* Number of FSM states : 2
* Pipeline : 1
  Pipeline-0 : II = 2, D = 2, States = { 1 2 }
* Dataflow Pipeline: 0

* FSM state transitions: 
1 --> 2 
2 --> 

* FSM state operations: 

State 1 <SV = 0> <Delay = 1.22>
ST_1 : Operation 3 [1/1] (0.00ns)   --->   "%specinterface_ln0 = specinterface void @_ssdm_op_SpecInterface, i64 %layer2_out, void @empty, i32 0, i32 0, void @empty_3, i32 0, i32 0, void @empty_3, void @empty_3, void @empty_3, i32 0, i32 0, i32 0, i32 0, void @empty_3, void @empty_3, i32 4294967295, i32 0"   --->   Operation 3 'specinterface' 'specinterface_ln0' <Predicate = true> <Delay = 0.00>
ST_1 : Operation 4 [1/1] (0.00ns)   --->   "%in_elem_0_0_0_0_0_val_read = read i16 @_ssdm_op_Read.ap_auto.i16, i16 %in_elem_0_0_0_0_0_val"   --->   Operation 4 'read' 'in_elem_0_0_0_0_0_val_read' <Predicate = true> <Delay = 0.00>
ST_1 : Operation 5 [1/1] (1.22ns)   --->   "%call_ln286 = call void @shift_line_buffer<array<ap_fixed<16, 6, 5, 3, 0>, 1u>, config2>, i16 %in_elem_0_0_0_0_0_val_read, i16 %void_compute_output_buffer_2d_array_const_ap_shift_reg_n_chan_stream_weig_17, i16 %void_compute_output_buffer_2d_array_const_ap_shift_reg_n_chan_stream_weig_14, i16 %void_compute_output_buffer_2d_array_const_ap_shift_reg_n_chan_stream_weig_11, i16 %void_compute_output_buffer_2d_array_const_ap_shift_reg_n_chan_stream_weig_16, i16 %void_compute_output_buffer_2d_array_const_ap_shift_reg_n_chan_stream_weig_13, i16 %void_compute_output_buffer_2d_array_const_ap_shift_reg_n_chan_stream_weig_10, i16 %void_compute_output_buffer_2d_array_const_ap_shift_reg_n_chan_stream_weig_18, i16 %void_compute_output_buffer_2d_array_const_ap_shift_reg_n_chan_stream_weig_15, i16 %void_compute_output_buffer_2d_array_const_ap_shift_reg_n_chan_stream_weig_12, i16 %void_conv_2d_buffer_latency_cl_stream_stream_weight_t_bias_t_line_buffer_1, i16 %void_conv_2d_buffer_latency_cl_stream_stream_weight_t_bias_t_line_buffer" [firmware/nnet_utils/nnet_conv_stream.h:286]   --->   Operation 5 'call' 'call_ln286' <Predicate = true> <Delay = 1.22> <CoreType = "Generic">   --->   Core 0 '' <Latency = 0> <II = 1> <Delay = 1.00> <Generic> <Opcode : >
ST_1 : Operation 6 [1/1] (0.00ns)   --->   "%sX_3_load = load i32 %sX_3" [firmware/nnet_utils/nnet_conv_stream.h:289]   --->   Operation 6 'load' 'sX_3_load' <Predicate = true> <Delay = 0.00>
ST_1 : Operation 7 [1/1] (0.88ns)   --->   "%icmp_ln289 = icmp_eq  i32 %sX_3_load, i32 2" [firmware/nnet_utils/nnet_conv_stream.h:289]   --->   Operation 7 'icmp' 'icmp_ln289' <Predicate = true> <Delay = 0.88> <CoreInst = "Cmp">   --->   Core 9 'Cmp' <Latency = 0> <II = 1> <Delay = 0.88> <FuncUnit> <Opcode : 'icmp'> <InPorts = 2> <OutPorts = 1>
ST_1 : Operation 8 [1/1] (0.00ns)   --->   "%sY_3_load = load i32 %sY_3" [firmware/nnet_utils/nnet_conv_stream.h:289]   --->   Operation 8 'load' 'sY_3_load' <Predicate = true> <Delay = 0.00>
ST_1 : Operation 9 [1/1] (0.00ns)   --->   "%pY_3_load = load i32 %pY_3" [firmware/nnet_utils/nnet_conv_stream.h:289]   --->   Operation 9 'load' 'pY_3_load' <Predicate = true> <Delay = 0.00>
ST_1 : Operation 10 [1/1] (0.00ns)   --->   "%pX_3_load = load i32 %pX_3" [firmware/nnet_utils/nnet_conv_stream.h:289]   --->   Operation 10 'load' 'pX_3_load' <Predicate = true> <Delay = 0.00>
ST_1 : Operation 11 [1/1] (0.00ns)   --->   "%br_ln289 = br i1 %icmp_ln289, void %if.end, void %land.lhs.true" [firmware/nnet_utils/nnet_conv_stream.h:289]   --->   Operation 11 'br' 'br_ln289' <Predicate = true> <Delay = 0.00>
ST_1 : Operation 12 [1/1] (0.88ns)   --->   "%icmp_ln289_4 = icmp_eq  i32 %sY_3_load, i32 2" [firmware/nnet_utils/nnet_conv_stream.h:289]   --->   Operation 12 'icmp' 'icmp_ln289_4' <Predicate = (icmp_ln289)> <Delay = 0.88> <CoreInst = "Cmp">   --->   Core 9 'Cmp' <Latency = 0> <II = 1> <Delay = 0.88> <FuncUnit> <Opcode : 'icmp'> <InPorts = 2> <OutPorts = 1>
ST_1 : Operation 13 [1/1] (0.00ns)   --->   "%tmp_5 = partselect i31 @_ssdm_op_PartSelect.i31.i32.i32.i32, i32 %pY_3_load, i32 1, i32 31" [firmware/nnet_utils/nnet_conv_stream.h:289]   --->   Operation 13 'partselect' 'tmp_5' <Predicate = (icmp_ln289)> <Delay = 0.00>
ST_1 : Operation 14 [1/1] (0.87ns)   --->   "%icmp_ln289_5 = icmp_sgt  i31 %tmp_5, i31 0" [firmware/nnet_utils/nnet_conv_stream.h:289]   --->   Operation 14 'icmp' 'icmp_ln289_5' <Predicate = (icmp_ln289)> <Delay = 0.87> <CoreInst = "Cmp">   --->   Core 9 'Cmp' <Latency = 0> <II = 1> <Delay = 0.87> <FuncUnit> <Opcode : 'icmp'> <InPorts = 2> <OutPorts = 1>
ST_1 : Operation 15 [1/1] (0.00ns)   --->   "%tmp_6 = partselect i31 @_ssdm_op_PartSelect.i31.i32.i32.i32, i32 %pX_3_load, i32 1, i32 31" [firmware/nnet_utils/nnet_conv_stream.h:289]   --->   Operation 15 'partselect' 'tmp_6' <Predicate = (icmp_ln289)> <Delay = 0.00>
ST_1 : Operation 16 [1/1] (0.87ns)   --->   "%icmp_ln289_6 = icmp_sgt  i31 %tmp_6, i31 0" [firmware/nnet_utils/nnet_conv_stream.h:289]   --->   Operation 16 'icmp' 'icmp_ln289_6' <Predicate = (icmp_ln289)> <Delay = 0.87> <CoreInst = "Cmp">   --->   Core 9 'Cmp' <Latency = 0> <II = 1> <Delay = 0.87> <FuncUnit> <Opcode : 'icmp'> <InPorts = 2> <OutPorts = 1>
ST_1 : Operation 17 [1/1] (0.00ns) (grouped into LUT with out node and_ln289_2)   --->   "%and_ln289 = and i1 %icmp_ln289_5, i1 %icmp_ln289_6" [firmware/nnet_utils/nnet_conv_stream.h:289]   --->   Operation 17 'and' 'and_ln289' <Predicate = (icmp_ln289)> <Delay = 0.00> <CoreInst = "LogicGate">   --->   Core 74 'LogicGate' <Latency = 0> <II = 1> <Delay = 0.12> <FuncUnit> <Opcode : 'and' 'or' 'xor'> <InPorts = 2> <OutPorts = 1>
ST_1 : Operation 18 [1/1] (0.12ns) (out node of the LUT)   --->   "%and_ln289_2 = and i1 %and_ln289, i1 %icmp_ln289_4" [firmware/nnet_utils/nnet_conv_stream.h:289]   --->   Operation 18 'and' 'and_ln289_2' <Predicate = (icmp_ln289)> <Delay = 0.12> <CoreInst = "LogicGate">   --->   Core 74 'LogicGate' <Latency = 0> <II = 1> <Delay = 0.12> <FuncUnit> <Opcode : 'and' 'or' 'xor'> <InPorts = 2> <OutPorts = 1>
ST_1 : Operation 19 [1/1] (0.00ns)   --->   "%br_ln289 = br i1 %and_ln289_2, void %if.end, void %if.then" [firmware/nnet_utils/nnet_conv_stream.h:289]   --->   Operation 19 'br' 'br_ln289' <Predicate = (icmp_ln289)> <Delay = 0.00>

State 2 <SV = 1> <Delay = 2.26>
ST_2 : Operation 20 [1/1] (0.00ns)   --->   "%tmp = call i64 @dense_latency<ap_fixed<16, 6, 5, 3, 0>, ap_fixed<16, 6, 5, 3, 0>, config2_mult>, i16 %void_compute_output_buffer_2d_array_const_ap_shift_reg_n_chan_stream_weig_18, i16 %void_compute_output_buffer_2d_array_const_ap_shift_reg_n_chan_stream_weig_17, i16 %void_compute_output_buffer_2d_array_const_ap_shift_reg_n_chan_stream_weig_16, i16 %void_compute_output_buffer_2d_array_const_ap_shift_reg_n_chan_stream_weig_15, i16 %void_compute_output_buffer_2d_array_const_ap_shift_reg_n_chan_stream_weig_14, i16 %void_compute_output_buffer_2d_array_const_ap_shift_reg_n_chan_stream_weig_13, i16 %void_compute_output_buffer_2d_array_const_ap_shift_reg_n_chan_stream_weig_12, i16 %void_compute_output_buffer_2d_array_const_ap_shift_reg_n_chan_stream_weig_11, i16 %void_compute_output_buffer_2d_array_const_ap_shift_reg_n_chan_stream_weig_10" [firmware/nnet_utils/nnet_conv_stream.h:294]   --->   Operation 20 'call' 'tmp' <Predicate = (icmp_ln289 & and_ln289_2)> <Delay = 0.00> <CoreType = "Generic">   --->   Core 0 '' <Latency = 0> <II = 1> <Delay = 1.00> <Generic> <Opcode : >
ST_2 : Operation 21 [1/1] (0.00ns)   --->   "%res_out = extractvalue i64 %tmp" [firmware/nnet_utils/nnet_conv_stream.h:294]   --->   Operation 21 'extractvalue' 'res_out' <Predicate = (icmp_ln289 & and_ln289_2)> <Delay = 0.00>
ST_2 : Operation 22 [1/1] (0.00ns)   --->   "%res_out_14 = extractvalue i64 %tmp" [firmware/nnet_utils/nnet_conv_stream.h:294]   --->   Operation 22 'extractvalue' 'res_out_14' <Predicate = (icmp_ln289 & and_ln289_2)> <Delay = 0.00>
ST_2 : Operation 23 [1/1] (0.00ns)   --->   "%res_out_15 = extractvalue i64 %tmp" [firmware/nnet_utils/nnet_conv_stream.h:294]   --->   Operation 23 'extractvalue' 'res_out_15' <Predicate = (icmp_ln289 & and_ln289_2)> <Delay = 0.00>
ST_2 : Operation 24 [1/1] (0.00ns)   --->   "%res_out_16 = extractvalue i64 %tmp" [firmware/nnet_utils/nnet_conv_stream.h:294]   --->   Operation 24 'extractvalue' 'res_out_16' <Predicate = (icmp_ln289 & and_ln289_2)> <Delay = 0.00>
ST_2 : Operation 25 [1/1] (0.00ns)   --->   "%p_0 = bitconcatenate i64 @_ssdm_op_BitConcatenate.i64.i16.i16.i16.i16, i16 %res_out_16, i16 %res_out_15, i16 %res_out_14, i16 %res_out" [firmware/nnet_utils/nnet_conv_stream.h:309]   --->   Operation 25 'bitconcatenate' 'p_0' <Predicate = (icmp_ln289 & and_ln289_2)> <Delay = 0.00>
ST_2 : Operation 26 [1/1] (1.26ns)   --->   "%write_ln309 = write void @_ssdm_op_Write.ap_fifo.volatile.i64P0A, i64 %layer2_out, i64 %p_0" [firmware/nnet_utils/nnet_conv_stream.h:309]   --->   Operation 26 'write' 'write_ln309' <Predicate = (icmp_ln289 & and_ln289_2)> <Delay = 1.26> <CoreInst = "FIFO">   --->   Core 78 'FIFO' <Latency = 0> <II = 1> <Delay = 1.26> <Storage> <Opcode : 'read' 'write' 'nbread' 'nbwrite'> <Ports = 0> <Width = 64> <Depth = 104> <FIFO>
ST_2 : Operation 27 [1/1] (0.00ns)   --->   "%br_ln310 = br void %if.end" [firmware/nnet_utils/nnet_conv_stream.h:310]   --->   Operation 27 'br' 'br_ln310' <Predicate = (icmp_ln289 & and_ln289_2)> <Delay = 0.00>
ST_2 : Operation 28 [1/1] (0.88ns)   --->   "%add_ln313 = add i32 %pX_3_load, i32 1" [firmware/nnet_utils/nnet_conv_stream.h:313]   --->   Operation 28 'add' 'add_ln313' <Predicate = true> <Delay = 0.88> <CoreInst = "Adder">   --->   Core 1 'Adder' <Latency = 0> <II = 1> <Delay = 0.88> <FuncUnit> <Opcode : 'add' 'sub'> <InPorts = 2> <OutPorts = 1>
ST_2 : Operation 29 [1/1] (0.88ns)   --->   "%icmp_ln313 = icmp_eq  i32 %add_ln313, i32 15" [firmware/nnet_utils/nnet_conv_stream.h:313]   --->   Operation 29 'icmp' 'icmp_ln313' <Predicate = true> <Delay = 0.88> <CoreInst = "Cmp">   --->   Core 9 'Cmp' <Latency = 0> <II = 1> <Delay = 0.88> <FuncUnit> <Opcode : 'icmp'> <InPorts = 2> <OutPorts = 1>
ST_2 : Operation 30 [1/1] (0.00ns)   --->   "%br_ln313 = br i1 %icmp_ln313, void %if.else28, void %if.then17" [firmware/nnet_utils/nnet_conv_stream.h:313]   --->   Operation 30 'br' 'br_ln313' <Predicate = true> <Delay = 0.00>
ST_2 : Operation 31 [1/1] (0.38ns)   --->   "%store_ln326 = store i32 %add_ln313, i32 %pX_3" [firmware/nnet_utils/nnet_conv_stream.h:326]   --->   Operation 31 'store' 'store_ln326' <Predicate = (!icmp_ln313)> <Delay = 0.38>
ST_2 : Operation 32 [1/1] (0.88ns)   --->   "%add_ln328 = add i32 %sX_3_load, i32 1" [firmware/nnet_utils/nnet_conv_stream.h:328]   --->   Operation 32 'add' 'add_ln328' <Predicate = (!icmp_ln289 & !icmp_ln313)> <Delay = 0.88> <CoreInst = "Adder">   --->   Core 1 'Adder' <Latency = 0> <II = 1> <Delay = 0.88> <FuncUnit> <Opcode : 'add' 'sub'> <InPorts = 2> <OutPorts = 1>
ST_2 : Operation 33 [1/1] (0.22ns)   --->   "%select_ln328 = select i1 %icmp_ln289, i32 2, i32 %add_ln328" [firmware/nnet_utils/nnet_conv_stream.h:328]   --->   Operation 33 'select' 'select_ln328' <Predicate = (!icmp_ln313)> <Delay = 0.22> <CoreInst = "Sel">   --->   Core 73 'Sel' <Latency = 0> <II = 1> <Delay = 0.22> <FuncUnit> <Opcode : 'select'> <InPorts = 3> <OutPorts = 1>
ST_2 : Operation 34 [1/1] (0.38ns)   --->   "%store_ln328 = store i32 %select_ln328, i32 %sX_3" [firmware/nnet_utils/nnet_conv_stream.h:328]   --->   Operation 34 'store' 'store_ln328' <Predicate = (!icmp_ln313)> <Delay = 0.38>
ST_2 : Operation 35 [1/1] (0.00ns)   --->   "%br_ln0 = br void %if.end39"   --->   Operation 35 'br' 'br_ln0' <Predicate = (!icmp_ln313)> <Delay = 0.00>
ST_2 : Operation 36 [1/1] (0.38ns)   --->   "%store_ln315 = store i32 0, i32 %pX_3" [firmware/nnet_utils/nnet_conv_stream.h:315]   --->   Operation 36 'store' 'store_ln315' <Predicate = (icmp_ln313)> <Delay = 0.38>
ST_2 : Operation 37 [1/1] (0.38ns)   --->   "%store_ln316 = store i32 0, i32 %sX_3" [firmware/nnet_utils/nnet_conv_stream.h:316]   --->   Operation 37 'store' 'store_ln316' <Predicate = (icmp_ln313)> <Delay = 0.38>
ST_2 : Operation 38 [1/1] (0.88ns)   --->   "%add_ln317 = add i32 %pY_3_load, i32 1" [firmware/nnet_utils/nnet_conv_stream.h:317]   --->   Operation 38 'add' 'add_ln317' <Predicate = (icmp_ln313)> <Delay = 0.88> <CoreInst = "Adder">   --->   Core 1 'Adder' <Latency = 0> <II = 1> <Delay = 0.88> <FuncUnit> <Opcode : 'add' 'sub'> <InPorts = 2> <OutPorts = 1>
ST_2 : Operation 39 [1/1] (0.88ns)   --->   "%icmp_ln317 = icmp_eq  i32 %add_ln317, i32 10" [firmware/nnet_utils/nnet_conv_stream.h:317]   --->   Operation 39 'icmp' 'icmp_ln317' <Predicate = (icmp_ln313)> <Delay = 0.88> <CoreInst = "Cmp">   --->   Core 9 'Cmp' <Latency = 0> <II = 1> <Delay = 0.88> <FuncUnit> <Opcode : 'icmp'> <InPorts = 2> <OutPorts = 1>
ST_2 : Operation 40 [1/1] (0.00ns)   --->   "%br_ln317 = br i1 %icmp_ln317, void %if.else, void %if.then20" [firmware/nnet_utils/nnet_conv_stream.h:317]   --->   Operation 40 'br' 'br_ln317' <Predicate = (icmp_ln313)> <Delay = 0.00>
ST_2 : Operation 41 [1/1] (0.38ns)   --->   "%store_ln321 = store i32 %add_ln317, i32 %pY_3" [firmware/nnet_utils/nnet_conv_stream.h:321]   --->   Operation 41 'store' 'store_ln321' <Predicate = (icmp_ln313 & !icmp_ln317)> <Delay = 0.38>
ST_2 : Operation 42 [1/1] (0.88ns)   --->   "%icmp_ln323 = icmp_eq  i32 %sY_3_load, i32 2" [firmware/nnet_utils/nnet_conv_stream.h:323]   --->   Operation 42 'icmp' 'icmp_ln323' <Predicate = (icmp_ln313 & !icmp_ln317)> <Delay = 0.88> <CoreInst = "Cmp">   --->   Core 9 'Cmp' <Latency = 0> <II = 1> <Delay = 0.88> <FuncUnit> <Opcode : 'icmp'> <InPorts = 2> <OutPorts = 1>
ST_2 : Operation 43 [1/1] (0.88ns)   --->   "%add_ln323 = add i32 %sY_3_load, i32 1" [firmware/nnet_utils/nnet_conv_stream.h:323]   --->   Operation 43 'add' 'add_ln323' <Predicate = (icmp_ln313 & !icmp_ln317)> <Delay = 0.88> <CoreInst = "Adder">   --->   Core 1 'Adder' <Latency = 0> <II = 1> <Delay = 0.88> <FuncUnit> <Opcode : 'add' 'sub'> <InPorts = 2> <OutPorts = 1>
ST_2 : Operation 44 [1/1] (0.22ns)   --->   "%select_ln323 = select i1 %icmp_ln323, i32 2, i32 %add_ln323" [firmware/nnet_utils/nnet_conv_stream.h:323]   --->   Operation 44 'select' 'select_ln323' <Predicate = (icmp_ln313 & !icmp_ln317)> <Delay = 0.22> <CoreInst = "Sel">   --->   Core 73 'Sel' <Latency = 0> <II = 1> <Delay = 0.22> <FuncUnit> <Opcode : 'select'> <InPorts = 3> <OutPorts = 1>
ST_2 : Operation 45 [1/1] (0.38ns)   --->   "%br_ln0 = br void %if.end27"   --->   Operation 45 'br' 'br_ln0' <Predicate = (icmp_ln313 & !icmp_ln317)> <Delay = 0.38>
ST_2 : Operation 46 [1/1] (0.38ns)   --->   "%store_ln318 = store i32 0, i32 %pY_3" [firmware/nnet_utils/nnet_conv_stream.h:318]   --->   Operation 46 'store' 'store_ln318' <Predicate = (icmp_ln313 & icmp_ln317)> <Delay = 0.38>
ST_2 : Operation 47 [1/1] (0.38ns)   --->   "%br_ln320 = br void %if.end27" [firmware/nnet_utils/nnet_conv_stream.h:320]   --->   Operation 47 'br' 'br_ln320' <Predicate = (icmp_ln313 & icmp_ln317)> <Delay = 0.38>
ST_2 : Operation 48 [1/1] (0.00ns)   --->   "%storemerge = phi i32 %select_ln323, void %if.else, i32 0, void %if.then20" [firmware/nnet_utils/nnet_conv_stream.h:323]   --->   Operation 48 'phi' 'storemerge' <Predicate = (icmp_ln313)> <Delay = 0.00>
ST_2 : Operation 49 [1/1] (0.00ns)   --->   "%store_ln319 = store i32 %storemerge, i32 %sY_3" [firmware/nnet_utils/nnet_conv_stream.h:319]   --->   Operation 49 'store' 'store_ln319' <Predicate = (icmp_ln313)> <Delay = 0.00>
ST_2 : Operation 50 [1/1] (0.00ns)   --->   "%br_ln325 = br void %if.end39" [firmware/nnet_utils/nnet_conv_stream.h:325]   --->   Operation 50 'br' 'br_ln325' <Predicate = (icmp_ln313)> <Delay = 0.00>
ST_2 : Operation 51 [1/1] (0.00ns)   --->   "%ret_ln330 = ret" [firmware/nnet_utils/nnet_conv_stream.h:330]   --->   Operation 51 'ret' 'ret_ln330' <Predicate = true> <Delay = 0.00>


============================================================
+ Verbose Summary: Binding
============================================================
STG Binding: 
---------------- STG Properties BEGIN ----------------
- Is combinational: 0
- Is one-state seq: 0
- Is datapath-only: 0
- Is pipelined: 1
- Is top level: 0
Port [ Return ] is wired: 1; IO mode=ap_ctrl_hs:ce=0
Port [ in_elem_0_0_0_0_0_val]:  wired=1; compound=0; hidden=0; nouse=0; global=0; static=0; extern=0; dir=0; type=0; pingpong=0; private_global=0; IO mode=ap_none:ce=0
Port [ layer2_out]:  wired=1; compound=1; hidden=0; nouse=0; global=0; static=0; extern=0; dir=1; type=3; pingpong=0; private_global=0; IO mode=ap_fifo:ce=0
Port [ void_compute_output_buffer_2d_array_const_ap_shift_reg_n_chan_stream_weig_17]:  wired=0; compound=0; hidden=1; nouse=0; global=1; static=1; extern=0; dir=2; type=0; pingpong=0; private_global=1; IO mode=ap_ovld:ce=0
Port [ void_compute_output_buffer_2d_array_const_ap_shift_reg_n_chan_stream_weig_14]:  wired=0; compound=0; hidden=1; nouse=0; global=1; static=1; extern=0; dir=2; type=0; pingpong=0; private_global=1; IO mode=ap_ovld:ce=0
Port [ void_compute_output_buffer_2d_array_const_ap_shift_reg_n_chan_stream_weig_11]:  wired=0; compound=0; hidden=1; nouse=0; global=1; static=1; extern=0; dir=2; type=0; pingpong=0; private_global=1; IO mode=ap_ovld:ce=0
Port [ void_compute_output_buffer_2d_array_const_ap_shift_reg_n_chan_stream_weig_16]:  wired=0; compound=0; hidden=1; nouse=0; global=1; static=1; extern=0; dir=2; type=0; pingpong=0; private_global=1; IO mode=ap_ovld:ce=0
Port [ void_compute_output_buffer_2d_array_const_ap_shift_reg_n_chan_stream_weig_13]:  wired=0; compound=0; hidden=1; nouse=0; global=1; static=1; extern=0; dir=2; type=0; pingpong=0; private_global=1; IO mode=ap_ovld:ce=0
Port [ void_compute_output_buffer_2d_array_const_ap_shift_reg_n_chan_stream_weig_10]:  wired=0; compound=0; hidden=1; nouse=0; global=1; static=1; extern=0; dir=2; type=0; pingpong=0; private_global=1; IO mode=ap_ovld:ce=0
Port [ void_compute_output_buffer_2d_array_const_ap_shift_reg_n_chan_stream_weig_18]:  wired=0; compound=0; hidden=1; nouse=0; global=1; static=1; extern=0; dir=2; type=0; pingpong=0; private_global=1; IO mode=ap_ovld:ce=0
Port [ void_compute_output_buffer_2d_array_const_ap_shift_reg_n_chan_stream_weig_15]:  wired=0; compound=0; hidden=1; nouse=0; global=1; static=1; extern=0; dir=2; type=0; pingpong=0; private_global=1; IO mode=ap_ovld:ce=0
Port [ void_compute_output_buffer_2d_array_const_ap_shift_reg_n_chan_stream_weig_12]:  wired=0; compound=0; hidden=1; nouse=0; global=1; static=1; extern=0; dir=2; type=0; pingpong=0; private_global=1; IO mode=ap_ovld:ce=0
Port [ void_conv_2d_buffer_latency_cl_stream_stream_weight_t_bias_t_line_buffer_1]:  wired=0; compound=1; hidden=1; nouse=1; global=1; static=1; extern=0; dir=3; type=1; pingpong=0; private_global=0; MemPort=[2]; IO mode=ap_memory:ce=0
Port [ void_conv_2d_buffer_latency_cl_stream_stream_weight_t_bias_t_line_buffer]:  wired=0; compound=1; hidden=1; nouse=1; global=1; static=1; extern=0; dir=3; type=1; pingpong=0; private_global=0; MemPort=[2]; IO mode=ap_memory:ce=0
Port [ sX_3]:  wired=0; compound=0; hidden=1; nouse=0; global=1; static=1; extern=0; dir=2; type=0; pingpong=0; private_global=1; IO mode=ap_ovld:ce=0
Port [ sY_3]:  wired=0; compound=0; hidden=1; nouse=0; global=1; static=1; extern=0; dir=2; type=0; pingpong=0; private_global=1; IO mode=ap_ovld:ce=0
Port [ pY_3]:  wired=0; compound=0; hidden=1; nouse=0; global=1; static=1; extern=0; dir=2; type=0; pingpong=0; private_global=1; IO mode=ap_ovld:ce=0
Port [ pX_3]:  wired=0; compound=0; hidden=1; nouse=0; global=1; static=1; extern=0; dir=2; type=0; pingpong=0; private_global=1; IO mode=ap_ovld:ce=0
---------------- STG Properties END ------------------

---------------- Datapath Model BEGIN ----------------

<LifeTime>
<method=bitvector/>
specinterface_ln0          (specinterface ) [ 000]
in_elem_0_0_0_0_0_val_read (read          ) [ 000]
call_ln286                 (call          ) [ 000]
sX_3_load                  (load          ) [ 001]
icmp_ln289                 (icmp          ) [ 011]
sY_3_load                  (load          ) [ 001]
pY_3_load                  (load          ) [ 001]
pX_3_load                  (load          ) [ 001]
br_ln289                   (br            ) [ 000]
icmp_ln289_4               (icmp          ) [ 000]
tmp_5                      (partselect    ) [ 000]
icmp_ln289_5               (icmp          ) [ 000]
tmp_6                      (partselect    ) [ 000]
icmp_ln289_6               (icmp          ) [ 000]
and_ln289                  (and           ) [ 000]
and_ln289_2                (and           ) [ 001]
br_ln289                   (br            ) [ 000]
tmp                        (call          ) [ 000]
res_out                    (extractvalue  ) [ 000]
res_out_14                 (extractvalue  ) [ 000]
res_out_15                 (extractvalue  ) [ 000]
res_out_16                 (extractvalue  ) [ 000]
p_0                        (bitconcatenate) [ 000]
write_ln309                (write         ) [ 000]
br_ln310                   (br            ) [ 000]
add_ln313                  (add           ) [ 000]
icmp_ln313                 (icmp          ) [ 001]
br_ln313                   (br            ) [ 000]
store_ln326                (store         ) [ 000]
add_ln328                  (add           ) [ 000]
select_ln328               (select        ) [ 000]
store_ln328                (store         ) [ 000]
br_ln0                     (br            ) [ 000]
store_ln315                (store         ) [ 000]
store_ln316                (store         ) [ 000]
add_ln317                  (add           ) [ 000]
icmp_ln317                 (icmp          ) [ 001]
br_ln317                   (br            ) [ 000]
store_ln321                (store         ) [ 000]
icmp_ln323                 (icmp          ) [ 000]
add_ln323                  (add           ) [ 000]
select_ln323               (select        ) [ 000]
br_ln0                     (br            ) [ 000]
store_ln318                (store         ) [ 000]
br_ln320                   (br            ) [ 000]
storemerge                 (phi           ) [ 000]
store_ln319                (store         ) [ 000]
br_ln325                   (br            ) [ 000]
ret_ln330                  (ret           ) [ 000]
</LifeTime>

<model>

<comp_list>
<comp id="0" class="1000" name="in_elem_0_0_0_0_0_val">
<pin_list>
<pin id="1" dir="1" index="0" bw="1" slack="0"/>
</pin_list>
<bind>
<StgValue><ssdm name="in_elem_0_0_0_0_0_val"/></StgValue>
</bind>
</comp>

<comp id="2" class="1000" name="layer2_out">
<pin_list>
<pin id="3" dir="1" index="0" bw="1" slack="0"/>
</pin_list>
<bind>
<StgValue><ssdm name="layer2_out"/></StgValue>
</bind>
</comp>

<comp id="4" class="1000" name="void_compute_output_buffer_2d_array_const_ap_shift_reg_n_chan_stream_weig_17">
<pin_list>
<pin id="5" dir="1" index="0" bw="1" slack="0"/>
</pin_list>
<bind>
<StgValue><ssdm name="void_compute_output_buffer_2d_array_const_ap_shift_reg_n_chan_stream_weig_17"/></StgValue>
</bind>
</comp>

<comp id="6" class="1000" name="void_compute_output_buffer_2d_array_const_ap_shift_reg_n_chan_stream_weig_14">
<pin_list>
<pin id="7" dir="1" index="0" bw="1" slack="0"/>
</pin_list>
<bind>
<StgValue><ssdm name="void_compute_output_buffer_2d_array_const_ap_shift_reg_n_chan_stream_weig_14"/></StgValue>
</bind>
</comp>

<comp id="8" class="1000" name="void_compute_output_buffer_2d_array_const_ap_shift_reg_n_chan_stream_weig_11">
<pin_list>
<pin id="9" dir="1" index="0" bw="1" slack="0"/>
</pin_list>
<bind>
<StgValue><ssdm name="void_compute_output_buffer_2d_array_const_ap_shift_reg_n_chan_stream_weig_11"/></StgValue>
</bind>
</comp>

<comp id="10" class="1000" name="void_compute_output_buffer_2d_array_const_ap_shift_reg_n_chan_stream_weig_16">
<pin_list>
<pin id="11" dir="1" index="0" bw="1" slack="0"/>
</pin_list>
<bind>
<StgValue><ssdm name="void_compute_output_buffer_2d_array_const_ap_shift_reg_n_chan_stream_weig_16"/></StgValue>
</bind>
</comp>

<comp id="12" class="1000" name="void_compute_output_buffer_2d_array_const_ap_shift_reg_n_chan_stream_weig_13">
<pin_list>
<pin id="13" dir="1" index="0" bw="1" slack="0"/>
</pin_list>
<bind>
<StgValue><ssdm name="void_compute_output_buffer_2d_array_const_ap_shift_reg_n_chan_stream_weig_13"/></StgValue>
</bind>
</comp>

<comp id="14" class="1000" name="void_compute_output_buffer_2d_array_const_ap_shift_reg_n_chan_stream_weig_10">
<pin_list>
<pin id="15" dir="1" index="0" bw="1" slack="0"/>
</pin_list>
<bind>
<StgValue><ssdm name="void_compute_output_buffer_2d_array_const_ap_shift_reg_n_chan_stream_weig_10"/></StgValue>
</bind>
</comp>

<comp id="16" class="1000" name="void_compute_output_buffer_2d_array_const_ap_shift_reg_n_chan_stream_weig_18">
<pin_list>
<pin id="17" dir="1" index="0" bw="1" slack="0"/>
</pin_list>
<bind>
<StgValue><ssdm name="void_compute_output_buffer_2d_array_const_ap_shift_reg_n_chan_stream_weig_18"/></StgValue>
</bind>
</comp>

<comp id="18" class="1000" name="void_compute_output_buffer_2d_array_const_ap_shift_reg_n_chan_stream_weig_15">
<pin_list>
<pin id="19" dir="1" index="0" bw="1" slack="0"/>
</pin_list>
<bind>
<StgValue><ssdm name="void_compute_output_buffer_2d_array_const_ap_shift_reg_n_chan_stream_weig_15"/></StgValue>
</bind>
</comp>

<comp id="20" class="1000" name="void_compute_output_buffer_2d_array_const_ap_shift_reg_n_chan_stream_weig_12">
<pin_list>
<pin id="21" dir="1" index="0" bw="1" slack="0"/>
</pin_list>
<bind>
<StgValue><ssdm name="void_compute_output_buffer_2d_array_const_ap_shift_reg_n_chan_stream_weig_12"/></StgValue>
</bind>
</comp>

<comp id="22" class="1000" name="void_conv_2d_buffer_latency_cl_stream_stream_weight_t_bias_t_line_buffer_1">
<pin_list>
<pin id="23" dir="1" index="0" bw="1" slack="0"/>
</pin_list>
<bind>
<StgValue><ssdm name="void_conv_2d_buffer_latency_cl_stream_stream_weight_t_bias_t_line_buffer_1"/><MemPortTyVec>2 </MemPortTyVec>
</StgValue>
</bind>
</comp>

<comp id="24" class="1000" name="void_conv_2d_buffer_latency_cl_stream_stream_weight_t_bias_t_line_buffer">
<pin_list>
<pin id="25" dir="1" index="0" bw="1" slack="0"/>
</pin_list>
<bind>
<StgValue><ssdm name="void_conv_2d_buffer_latency_cl_stream_stream_weight_t_bias_t_line_buffer"/><MemPortTyVec>2 </MemPortTyVec>
</StgValue>
</bind>
</comp>

<comp id="26" class="1000" name="sX_3">
<pin_list>
<pin id="27" dir="1" index="0" bw="1" slack="0"/>
</pin_list>
<bind>
<StgValue><ssdm name="sX_3"/></StgValue>
</bind>
</comp>

<comp id="28" class="1000" name="sY_3">
<pin_list>
<pin id="29" dir="1" index="0" bw="1" slack="0"/>
</pin_list>
<bind>
<StgValue><ssdm name="sY_3"/></StgValue>
</bind>
</comp>

<comp id="30" class="1000" name="pY_3">
<pin_list>
<pin id="31" dir="1" index="0" bw="1" slack="0"/>
</pin_list>
<bind>
<StgValue><ssdm name="pY_3"/></StgValue>
</bind>
</comp>

<comp id="32" class="1000" name="pX_3">
<pin_list>
<pin id="33" dir="1" index="0" bw="1" slack="0"/>
</pin_list>
<bind>
<StgValue><ssdm name="pX_3"/></StgValue>
</bind>
</comp>

<comp id="34" class="1001" name="const_34">
<pin_list>
<pin id="35" dir="1" index="0" bw="1" slack="2147483647"/>
</pin_list>
<bind>
<StgValue><ssdm name="_ssdm_op_SpecInterface"/></StgValue>
</bind>
</comp>

<comp id="36" class="1001" name="const_36">
<pin_list>
<pin id="37" dir="1" index="0" bw="1" slack="2147483647"/>
</pin_list>
<bind>
<StgValue><ssdm name="empty"/></StgValue>
</bind>
</comp>

<comp id="38" class="1001" name="const_38">
<pin_list>
<pin id="39" dir="1" index="0" bw="1" slack="0"/>
</pin_list>
<bind>
<StgValue><ssdm name=""/></StgValue>
</bind>
</comp>

<comp id="40" class="1001" name="const_40">
<pin_list>
<pin id="41" dir="1" index="0" bw="1" slack="2147483647"/>
</pin_list>
<bind>
<StgValue><ssdm name="empty_3"/></StgValue>
</bind>
</comp>

<comp id="42" class="1001" name="const_42">
<pin_list>
<pin id="43" dir="1" index="0" bw="1" slack="2147483647"/>
</pin_list>
<bind>
<StgValue><ssdm name=""/></StgValue>
</bind>
</comp>

<comp id="44" class="1001" name="const_44">
<pin_list>
<pin id="45" dir="1" index="0" bw="1" slack="0"/>
</pin_list>
<bind>
<StgValue><ssdm name="_ssdm_op_Read.ap_auto.i16"/></StgValue>
</bind>
</comp>

<comp id="46" class="1001" name="const_46">
<pin_list>
<pin id="47" dir="1" index="0" bw="1" slack="0"/>
</pin_list>
<bind>
<StgValue><ssdm name="shift_line_buffer<array<ap_fixed<16, 6, 5, 3, 0>, 1u>, config2>"/></StgValue>
</bind>
</comp>

<comp id="48" class="1001" name="const_48">
<pin_list>
<pin id="49" dir="1" index="0" bw="1" slack="0"/>
</pin_list>
<bind>
<StgValue><ssdm name=""/></StgValue>
</bind>
</comp>

<comp id="50" class="1001" name="const_50">
<pin_list>
<pin id="51" dir="1" index="0" bw="1" slack="0"/>
</pin_list>
<bind>
<StgValue><ssdm name="_ssdm_op_PartSelect.i31.i32.i32.i32"/></StgValue>
</bind>
</comp>

<comp id="52" class="1001" name="const_52">
<pin_list>
<pin id="53" dir="1" index="0" bw="1" slack="0"/>
</pin_list>
<bind>
<StgValue><ssdm name=""/></StgValue>
</bind>
</comp>

<comp id="54" class="1001" name="const_54">
<pin_list>
<pin id="55" dir="1" index="0" bw="1" slack="0"/>
</pin_list>
<bind>
<StgValue><ssdm name=""/></StgValue>
</bind>
</comp>

<comp id="56" class="1001" name="const_56">
<pin_list>
<pin id="57" dir="1" index="0" bw="1" slack="0"/>
</pin_list>
<bind>
<StgValue><ssdm name=""/></StgValue>
</bind>
</comp>

<comp id="58" class="1001" name="const_58">
<pin_list>
<pin id="59" dir="1" index="0" bw="1" slack="0"/>
</pin_list>
<bind>
<StgValue><ssdm name="dense_latency<ap_fixed<16, 6, 5, 3, 0>, ap_fixed<16, 6, 5, 3, 0>, config2_mult>"/></StgValue>
</bind>
</comp>

<comp id="60" class="1001" name="const_60">
<pin_list>
<pin id="61" dir="1" index="0" bw="1" slack="0"/>
</pin_list>
<bind>
<StgValue><ssdm name="_ssdm_op_BitConcatenate.i64.i16.i16.i16.i16"/></StgValue>
</bind>
</comp>

<comp id="62" class="1001" name="const_62">
<pin_list>
<pin id="63" dir="1" index="0" bw="1" slack="0"/>
</pin_list>
<bind>
<StgValue><ssdm name="_ssdm_op_Write.ap_fifo.volatile.i64P0A"/></StgValue>
</bind>
</comp>

<comp id="64" class="1001" name="const_64">
<pin_list>
<pin id="65" dir="1" index="0" bw="1" slack="0"/>
</pin_list>
<bind>
<StgValue><ssdm name=""/></StgValue>
</bind>
</comp>

<comp id="66" class="1001" name="const_66">
<pin_list>
<pin id="67" dir="1" index="0" bw="1" slack="0"/>
</pin_list>
<bind>
<StgValue><ssdm name=""/></StgValue>
</bind>
</comp>

<comp id="68" class="1004" name="in_elem_0_0_0_0_0_val_read_read_fu_68">
<pin_list>
<pin id="69" dir="0" index="0" bw="16" slack="0"/>
<pin id="70" dir="0" index="1" bw="16" slack="0"/>
<pin id="71" dir="1" index="2" bw="16" slack="0"/>
</pin_list>
<bind>
<opcode="read(1150) " fcode="read"/>
<opset="in_elem_0_0_0_0_0_val_read/1 "/>
</bind>
</comp>

<comp id="74" class="1004" name="write_ln309_write_fu_74">
<pin_list>
<pin id="75" dir="0" index="0" bw="0" slack="0"/>
<pin id="76" dir="0" index="1" bw="64" slack="0"/>
<pin id="77" dir="0" index="2" bw="64" slack="0"/>
<pin id="78" dir="1" index="3" bw="0" slack="2147483647"/>
</pin_list>
<bind>
<opcode="write(1151) " fcode="write"/>
<opset="write_ln309/2 "/>
</bind>
</comp>

<comp id="81" class="1005" name="storemerge_reg_81">
<pin_list>
<pin id="82" dir="0" index="0" bw="32" slack="2147483647"/>
<pin id="83" dir="1" index="1" bw="32" slack="2147483647"/>
</pin_list>
<bind>
<opset="storemerge (phireg) "/>
</bind>
</comp>

<comp id="84" class="1004" name="storemerge_phi_fu_84">
<pin_list>
<pin id="85" dir="0" index="0" bw="32" slack="0"/>
<pin id="86" dir="0" index="1" bw="0" slack="2147483647"/>
<pin id="87" dir="0" index="2" bw="1" slack="0"/>
<pin id="88" dir="0" index="3" bw="0" slack="2147483647"/>
<pin id="89" dir="1" index="4" bw="32" slack="0"/>
</pin_list>
<bind>
<opcode="phi(47) " fcode="phi"/>
<opset="storemerge/2 "/>
</bind>
</comp>

<comp id="91" class="1004" name="call_ln286_shift_line_buffer_array_ap_fixed_16_6_5_3_0_1u_config2_s_fu_91">
<pin_list>
<pin id="92" dir="0" index="0" bw="0" slack="0"/>
<pin id="93" dir="0" index="1" bw="16" slack="0"/>
<pin id="94" dir="0" index="2" bw="16" slack="0"/>
<pin id="95" dir="0" index="3" bw="16" slack="0"/>
<pin id="96" dir="0" index="4" bw="16" slack="0"/>
<pin id="97" dir="0" index="5" bw="16" slack="0"/>
<pin id="98" dir="0" index="6" bw="16" slack="0"/>
<pin id="99" dir="0" index="7" bw="16" slack="0"/>
<pin id="100" dir="0" index="8" bw="16" slack="0"/>
<pin id="101" dir="0" index="9" bw="16" slack="0"/>
<pin id="102" dir="0" index="10" bw="16" slack="0"/>
<pin id="103" dir="0" index="11" bw="16" slack="0"/>
<pin id="104" dir="0" index="12" bw="16" slack="0"/>
<pin id="105" dir="1" index="13" bw="0" slack="2147483647"/>
</pin_list>
<bind>
<opcode="call(48) " fcode="call"/>
<opset="call_ln286/1 "/>
</bind>
</comp>

<comp id="119" class="1004" name="tmp_dense_latency_ap_fixed_16_6_5_3_0_ap_fixed_16_6_5_3_0_config2_mult_s_fu_119">
<pin_list>
<pin id="120" dir="0" index="0" bw="64" slack="0"/>
<pin id="121" dir="0" index="1" bw="16" slack="0"/>
<pin id="122" dir="0" index="2" bw="16" slack="0"/>
<pin id="123" dir="0" index="3" bw="16" slack="0"/>
<pin id="124" dir="0" index="4" bw="16" slack="0"/>
<pin id="125" dir="0" index="5" bw="16" slack="0"/>
<pin id="126" dir="0" index="6" bw="16" slack="0"/>
<pin id="127" dir="0" index="7" bw="16" slack="0"/>
<pin id="128" dir="0" index="8" bw="16" slack="0"/>
<pin id="129" dir="0" index="9" bw="16" slack="0"/>
<pin id="130" dir="1" index="10" bw="64" slack="0"/>
</pin_list>
<bind>
<opcode="call(48) " fcode="call"/>
<opset="tmp/2 "/>
</bind>
</comp>

<comp id="141" class="1004" name="grp_fu_141">
<pin_list>
<pin id="142" dir="0" index="0" bw="32" slack="0"/>
<pin id="143" dir="0" index="1" bw="3" slack="0"/>
<pin id="144" dir="1" index="2" bw="1" slack="0"/>
</pin_list>
<bind>
<opcode="icmp(45) " fcode="icmp"/>
<opset="icmp_ln289_4/1 icmp_ln323/2 "/>
</bind>
</comp>

<comp id="146" class="1004" name="sX_3_load_load_fu_146">
<pin_list>
<pin id="147" dir="0" index="0" bw="32" slack="0"/>
<pin id="148" dir="1" index="1" bw="32" slack="0"/>
</pin_list>
<bind>
<opcode="load(27) " fcode="load"/>
<opset="sX_3_load/1 "/>
</bind>
</comp>

<comp id="150" class="1004" name="icmp_ln289_fu_150">
<pin_list>
<pin id="151" dir="0" index="0" bw="32" slack="0"/>
<pin id="152" dir="0" index="1" bw="3" slack="0"/>
<pin id="153" dir="1" index="2" bw="1" slack="1"/>
</pin_list>
<bind>
<opcode="icmp(45) " fcode="icmp"/>
<opset="icmp_ln289/1 "/>
</bind>
</comp>

<comp id="156" class="1004" name="sY_3_load_load_fu_156">
<pin_list>
<pin id="157" dir="0" index="0" bw="32" slack="0"/>
<pin id="158" dir="1" index="1" bw="32" slack="0"/>
</pin_list>
<bind>
<opcode="load(27) " fcode="load"/>
<opset="sY_3_load/1 "/>
</bind>
</comp>

<comp id="161" class="1004" name="pY_3_load_load_fu_161">
<pin_list>
<pin id="162" dir="0" index="0" bw="32" slack="0"/>
<pin id="163" dir="1" index="1" bw="32" slack="0"/>
</pin_list>
<bind>
<opcode="load(27) " fcode="load"/>
<opset="pY_3_load/1 "/>
</bind>
</comp>

<comp id="165" class="1004" name="pX_3_load_load_fu_165">
<pin_list>
<pin id="166" dir="0" index="0" bw="32" slack="0"/>
<pin id="167" dir="1" index="1" bw="32" slack="0"/>
</pin_list>
<bind>
<opcode="load(27) " fcode="load"/>
<opset="pX_3_load/1 "/>
</bind>
</comp>

<comp id="169" class="1004" name="tmp_5_fu_169">
<pin_list>
<pin id="170" dir="0" index="0" bw="31" slack="0"/>
<pin id="171" dir="0" index="1" bw="32" slack="0"/>
<pin id="172" dir="0" index="2" bw="1" slack="0"/>
<pin id="173" dir="0" index="3" bw="6" slack="0"/>
<pin id="174" dir="1" index="4" bw="31" slack="0"/>
</pin_list>
<bind>
<opcode="partselect(1002) " fcode="partselect"/>
<opset="tmp_5/1 "/>
</bind>
</comp>

<comp id="179" class="1004" name="icmp_ln289_5_fu_179">
<pin_list>
<pin id="180" dir="0" index="0" bw="31" slack="0"/>
<pin id="181" dir="0" index="1" bw="1" slack="0"/>
<pin id="182" dir="1" index="2" bw="1" slack="0"/>
</pin_list>
<bind>
<opcode="icmp(45) " fcode="icmp"/>
<opset="icmp_ln289_5/1 "/>
</bind>
</comp>

<comp id="185" class="1004" name="tmp_6_fu_185">
<pin_list>
<pin id="186" dir="0" index="0" bw="31" slack="0"/>
<pin id="187" dir="0" index="1" bw="32" slack="0"/>
<pin id="188" dir="0" index="2" bw="1" slack="0"/>
<pin id="189" dir="0" index="3" bw="6" slack="0"/>
<pin id="190" dir="1" index="4" bw="31" slack="0"/>
</pin_list>
<bind>
<opcode="partselect(1002) " fcode="partselect"/>
<opset="tmp_6/1 "/>
</bind>
</comp>

<comp id="195" class="1004" name="icmp_ln289_6_fu_195">
<pin_list>
<pin id="196" dir="0" index="0" bw="31" slack="0"/>
<pin id="197" dir="0" index="1" bw="1" slack="0"/>
<pin id="198" dir="1" index="2" bw="1" slack="0"/>
</pin_list>
<bind>
<opcode="icmp(45) " fcode="icmp"/>
<opset="icmp_ln289_6/1 "/>
</bind>
</comp>

<comp id="201" class="1004" name="and_ln289_fu_201">
<pin_list>
<pin id="202" dir="0" index="0" bw="1" slack="0"/>
<pin id="203" dir="0" index="1" bw="1" slack="0"/>
<pin id="204" dir="1" index="2" bw="1" slack="0"/>
</pin_list>
<bind>
<opcode="and(23) " fcode="and"/>
<opset="and_ln289/1 "/>
</bind>
</comp>

<comp id="207" class="1004" name="and_ln289_2_fu_207">
<pin_list>
<pin id="208" dir="0" index="0" bw="1" slack="0"/>
<pin id="209" dir="0" index="1" bw="1" slack="0"/>
<pin id="210" dir="1" index="2" bw="1" slack="1"/>
</pin_list>
<bind>
<opcode="and(23) " fcode="and"/>
<opset="and_ln289_2/1 "/>
</bind>
</comp>

<comp id="213" class="1004" name="res_out_fu_213">
<pin_list>
<pin id="214" dir="0" index="0" bw="64" slack="0"/>
<pin id="215" dir="1" index="1" bw="16" slack="0"/>
</pin_list>
<bind>
<opcode="extractvalue(56) " fcode="extractvalue"/>
<opset="res_out/2 "/>
</bind>
</comp>

<comp id="217" class="1004" name="res_out_14_fu_217">
<pin_list>
<pin id="218" dir="0" index="0" bw="64" slack="0"/>
<pin id="219" dir="1" index="1" bw="16" slack="0"/>
</pin_list>
<bind>
<opcode="extractvalue(56) " fcode="extractvalue"/>
<opset="res_out_14/2 "/>
</bind>
</comp>

<comp id="221" class="1004" name="res_out_15_fu_221">
<pin_list>
<pin id="222" dir="0" index="0" bw="64" slack="0"/>
<pin id="223" dir="1" index="1" bw="16" slack="0"/>
</pin_list>
<bind>
<opcode="extractvalue(56) " fcode="extractvalue"/>
<opset="res_out_15/2 "/>
</bind>
</comp>

<comp id="225" class="1004" name="res_out_16_fu_225">
<pin_list>
<pin id="226" dir="0" index="0" bw="64" slack="0"/>
<pin id="227" dir="1" index="1" bw="16" slack="0"/>
</pin_list>
<bind>
<opcode="extractvalue(56) " fcode="extractvalue"/>
<opset="res_out_16/2 "/>
</bind>
</comp>

<comp id="229" class="1004" name="p_0_fu_229">
<pin_list>
<pin id="230" dir="0" index="0" bw="64" slack="0"/>
<pin id="231" dir="0" index="1" bw="16" slack="0"/>
<pin id="232" dir="0" index="2" bw="16" slack="0"/>
<pin id="233" dir="0" index="3" bw="16" slack="0"/>
<pin id="234" dir="0" index="4" bw="16" slack="0"/>
<pin id="235" dir="1" index="5" bw="64" slack="0"/>
</pin_list>
<bind>
<opcode="bitconcatenate(1004) " fcode="bitconcatenate"/>
<opset="p_0/2 "/>
</bind>
</comp>

<comp id="242" class="1004" name="add_ln313_fu_242">
<pin_list>
<pin id="243" dir="0" index="0" bw="32" slack="1"/>
<pin id="244" dir="0" index="1" bw="1" slack="0"/>
<pin id="245" dir="1" index="2" bw="32" slack="0"/>
</pin_list>
<bind>
<opcode="add(8) " fcode="add"/>
<opset="add_ln313/2 "/>
</bind>
</comp>

<comp id="247" class="1004" name="icmp_ln313_fu_247">
<pin_list>
<pin id="248" dir="0" index="0" bw="32" slack="0"/>
<pin id="249" dir="0" index="1" bw="5" slack="0"/>
<pin id="250" dir="1" index="2" bw="1" slack="2147483647"/>
</pin_list>
<bind>
<opcode="icmp(45) " fcode="icmp"/>
<opset="icmp_ln313/2 "/>
</bind>
</comp>

<comp id="253" class="1004" name="store_ln326_store_fu_253">
<pin_list>
<pin id="254" dir="0" index="0" bw="32" slack="0"/>
<pin id="255" dir="0" index="1" bw="32" slack="0"/>
<pin id="256" dir="1" index="2" bw="0" slack="2147483647"/>
</pin_list>
<bind>
<opcode="store(28) " fcode="store"/>
<opset="store_ln326/2 "/>
</bind>
</comp>

<comp id="259" class="1004" name="add_ln328_fu_259">
<pin_list>
<pin id="260" dir="0" index="0" bw="32" slack="1"/>
<pin id="261" dir="0" index="1" bw="1" slack="0"/>
<pin id="262" dir="1" index="2" bw="32" slack="0"/>
</pin_list>
<bind>
<opcode="add(8) " fcode="add"/>
<opset="add_ln328/2 "/>
</bind>
</comp>

<comp id="264" class="1004" name="select_ln328_fu_264">
<pin_list>
<pin id="265" dir="0" index="0" bw="1" slack="1"/>
<pin id="266" dir="0" index="1" bw="3" slack="0"/>
<pin id="267" dir="0" index="2" bw="32" slack="0"/>
<pin id="268" dir="1" index="3" bw="32" slack="0"/>
</pin_list>
<bind>
<opcode="select(49) " fcode="select"/>
<opset="select_ln328/2 "/>
</bind>
</comp>

<comp id="271" class="1004" name="store_ln328_store_fu_271">
<pin_list>
<pin id="272" dir="0" index="0" bw="32" slack="0"/>
<pin id="273" dir="0" index="1" bw="32" slack="0"/>
<pin id="274" dir="1" index="2" bw="0" slack="2147483647"/>
</pin_list>
<bind>
<opcode="store(28) " fcode="store"/>
<opset="store_ln328/2 "/>
</bind>
</comp>

<comp id="277" class="1004" name="store_ln315_store_fu_277">
<pin_list>
<pin id="278" dir="0" index="0" bw="1" slack="0"/>
<pin id="279" dir="0" index="1" bw="32" slack="0"/>
<pin id="280" dir="1" index="2" bw="0" slack="2147483647"/>
</pin_list>
<bind>
<opcode="store(28) " fcode="store"/>
<opset="store_ln315/2 "/>
</bind>
</comp>

<comp id="283" class="1004" name="store_ln316_store_fu_283">
<pin_list>
<pin id="284" dir="0" index="0" bw="1" slack="0"/>
<pin id="285" dir="0" index="1" bw="32" slack="0"/>
<pin id="286" dir="1" index="2" bw="0" slack="2147483647"/>
</pin_list>
<bind>
<opcode="store(28) " fcode="store"/>
<opset="store_ln316/2 "/>
</bind>
</comp>

<comp id="289" class="1004" name="add_ln317_fu_289">
<pin_list>
<pin id="290" dir="0" index="0" bw="32" slack="1"/>
<pin id="291" dir="0" index="1" bw="1" slack="0"/>
<pin id="292" dir="1" index="2" bw="32" slack="0"/>
</pin_list>
<bind>
<opcode="add(8) " fcode="add"/>
<opset="add_ln317/2 "/>
</bind>
</comp>

<comp id="294" class="1004" name="icmp_ln317_fu_294">
<pin_list>
<pin id="295" dir="0" index="0" bw="32" slack="0"/>
<pin id="296" dir="0" index="1" bw="5" slack="0"/>
<pin id="297" dir="1" index="2" bw="1" slack="2147483647"/>
</pin_list>
<bind>
<opcode="icmp(45) " fcode="icmp"/>
<opset="icmp_ln317/2 "/>
</bind>
</comp>

<comp id="300" class="1004" name="store_ln321_store_fu_300">
<pin_list>
<pin id="301" dir="0" index="0" bw="32" slack="0"/>
<pin id="302" dir="0" index="1" bw="32" slack="0"/>
<pin id="303" dir="1" index="2" bw="0" slack="2147483647"/>
</pin_list>
<bind>
<opcode="store(28) " fcode="store"/>
<opset="store_ln321/2 "/>
</bind>
</comp>

<comp id="306" class="1004" name="add_ln323_fu_306">
<pin_list>
<pin id="307" dir="0" index="0" bw="32" slack="1"/>
<pin id="308" dir="0" index="1" bw="1" slack="0"/>
<pin id="309" dir="1" index="2" bw="32" slack="0"/>
</pin_list>
<bind>
<opcode="add(8) " fcode="add"/>
<opset="add_ln323/2 "/>
</bind>
</comp>

<comp id="311" class="1004" name="select_ln323_fu_311">
<pin_list>
<pin id="312" dir="0" index="0" bw="1" slack="0"/>
<pin id="313" dir="0" index="1" bw="3" slack="0"/>
<pin id="314" dir="0" index="2" bw="32" slack="0"/>
<pin id="315" dir="1" index="3" bw="32" slack="0"/>
</pin_list>
<bind>
<opcode="select(49) " fcode="select"/>
<opset="select_ln323/2 "/>
</bind>
</comp>

<comp id="320" class="1004" name="store_ln318_store_fu_320">
<pin_list>
<pin id="321" dir="0" index="0" bw="1" slack="0"/>
<pin id="322" dir="0" index="1" bw="32" slack="0"/>
<pin id="323" dir="1" index="2" bw="0" slack="2147483647"/>
</pin_list>
<bind>
<opcode="store(28) " fcode="store"/>
<opset="store_ln318/2 "/>
</bind>
</comp>

<comp id="326" class="1004" name="store_ln319_store_fu_326">
<pin_list>
<pin id="327" dir="0" index="0" bw="32" slack="0"/>
<pin id="328" dir="0" index="1" bw="32" slack="0"/>
<pin id="329" dir="1" index="2" bw="0" slack="2147483647"/>
</pin_list>
<bind>
<opcode="store(28) " fcode="store"/>
<opset="store_ln319/2 "/>
</bind>
</comp>

<comp id="332" class="1005" name="sX_3_load_reg_332">
<pin_list>
<pin id="333" dir="0" index="0" bw="32" slack="1"/>
<pin id="334" dir="1" index="1" bw="32" slack="1"/>
</pin_list>
<bind>
<opset="sX_3_load "/>
</bind>
</comp>

<comp id="337" class="1005" name="icmp_ln289_reg_337">
<pin_list>
<pin id="338" dir="0" index="0" bw="1" slack="1"/>
<pin id="339" dir="1" index="1" bw="1" slack="1"/>
</pin_list>
<bind>
<opset="icmp_ln289 "/>
</bind>
</comp>

<comp id="342" class="1005" name="sY_3_load_reg_342">
<pin_list>
<pin id="343" dir="0" index="0" bw="32" slack="1"/>
<pin id="344" dir="1" index="1" bw="32" slack="1"/>
</pin_list>
<bind>
<opset="sY_3_load "/>
</bind>
</comp>

<comp id="348" class="1005" name="pY_3_load_reg_348">
<pin_list>
<pin id="349" dir="0" index="0" bw="32" slack="1"/>
<pin id="350" dir="1" index="1" bw="32" slack="1"/>
</pin_list>
<bind>
<opset="pY_3_load "/>
</bind>
</comp>

<comp id="353" class="1005" name="pX_3_load_reg_353">
<pin_list>
<pin id="354" dir="0" index="0" bw="32" slack="1"/>
<pin id="355" dir="1" index="1" bw="32" slack="1"/>
</pin_list>
<bind>
<opset="pX_3_load "/>
</bind>
</comp>

<comp id="358" class="1005" name="and_ln289_2_reg_358">
<pin_list>
<pin id="359" dir="0" index="0" bw="1" slack="1"/>
<pin id="360" dir="1" index="1" bw="1" slack="2147483647"/>
</pin_list>
<bind>
<opset="and_ln289_2 "/>
</bind>
</comp>

</comp_list>

<net_list>
<net id="72"><net_src comp="44" pin="0"/><net_sink comp="68" pin=0"/></net>

<net id="73"><net_src comp="0" pin="0"/><net_sink comp="68" pin=1"/></net>

<net id="79"><net_src comp="62" pin="0"/><net_sink comp="74" pin=0"/></net>

<net id="80"><net_src comp="2" pin="0"/><net_sink comp="74" pin=1"/></net>

<net id="90"><net_src comp="38" pin="0"/><net_sink comp="84" pin=2"/></net>

<net id="106"><net_src comp="46" pin="0"/><net_sink comp="91" pin=0"/></net>

<net id="107"><net_src comp="68" pin="2"/><net_sink comp="91" pin=1"/></net>

<net id="108"><net_src comp="4" pin="0"/><net_sink comp="91" pin=2"/></net>

<net id="109"><net_src comp="6" pin="0"/><net_sink comp="91" pin=3"/></net>

<net id="110"><net_src comp="8" pin="0"/><net_sink comp="91" pin=4"/></net>

<net id="111"><net_src comp="10" pin="0"/><net_sink comp="91" pin=5"/></net>

<net id="112"><net_src comp="12" pin="0"/><net_sink comp="91" pin=6"/></net>

<net id="113"><net_src comp="14" pin="0"/><net_sink comp="91" pin=7"/></net>

<net id="114"><net_src comp="16" pin="0"/><net_sink comp="91" pin=8"/></net>

<net id="115"><net_src comp="18" pin="0"/><net_sink comp="91" pin=9"/></net>

<net id="116"><net_src comp="20" pin="0"/><net_sink comp="91" pin=10"/></net>

<net id="117"><net_src comp="22" pin="0"/><net_sink comp="91" pin=11"/></net>

<net id="118"><net_src comp="24" pin="0"/><net_sink comp="91" pin=12"/></net>

<net id="131"><net_src comp="58" pin="0"/><net_sink comp="119" pin=0"/></net>

<net id="132"><net_src comp="16" pin="0"/><net_sink comp="119" pin=1"/></net>

<net id="133"><net_src comp="4" pin="0"/><net_sink comp="119" pin=2"/></net>

<net id="134"><net_src comp="10" pin="0"/><net_sink comp="119" pin=3"/></net>

<net id="135"><net_src comp="18" pin="0"/><net_sink comp="119" pin=4"/></net>

<net id="136"><net_src comp="6" pin="0"/><net_sink comp="119" pin=5"/></net>

<net id="137"><net_src comp="12" pin="0"/><net_sink comp="119" pin=6"/></net>

<net id="138"><net_src comp="20" pin="0"/><net_sink comp="119" pin=7"/></net>

<net id="139"><net_src comp="8" pin="0"/><net_sink comp="119" pin=8"/></net>

<net id="140"><net_src comp="14" pin="0"/><net_sink comp="119" pin=9"/></net>

<net id="145"><net_src comp="48" pin="0"/><net_sink comp="141" pin=1"/></net>

<net id="149"><net_src comp="26" pin="0"/><net_sink comp="146" pin=0"/></net>

<net id="154"><net_src comp="146" pin="1"/><net_sink comp="150" pin=0"/></net>

<net id="155"><net_src comp="48" pin="0"/><net_sink comp="150" pin=1"/></net>

<net id="159"><net_src comp="28" pin="0"/><net_sink comp="156" pin=0"/></net>

<net id="160"><net_src comp="156" pin="1"/><net_sink comp="141" pin=0"/></net>

<net id="164"><net_src comp="30" pin="0"/><net_sink comp="161" pin=0"/></net>

<net id="168"><net_src comp="32" pin="0"/><net_sink comp="165" pin=0"/></net>

<net id="175"><net_src comp="50" pin="0"/><net_sink comp="169" pin=0"/></net>

<net id="176"><net_src comp="161" pin="1"/><net_sink comp="169" pin=1"/></net>

<net id="177"><net_src comp="52" pin="0"/><net_sink comp="169" pin=2"/></net>

<net id="178"><net_src comp="54" pin="0"/><net_sink comp="169" pin=3"/></net>

<net id="183"><net_src comp="169" pin="4"/><net_sink comp="179" pin=0"/></net>

<net id="184"><net_src comp="56" pin="0"/><net_sink comp="179" pin=1"/></net>

<net id="191"><net_src comp="50" pin="0"/><net_sink comp="185" pin=0"/></net>

<net id="192"><net_src comp="165" pin="1"/><net_sink comp="185" pin=1"/></net>

<net id="193"><net_src comp="52" pin="0"/><net_sink comp="185" pin=2"/></net>

<net id="194"><net_src comp="54" pin="0"/><net_sink comp="185" pin=3"/></net>

<net id="199"><net_src comp="185" pin="4"/><net_sink comp="195" pin=0"/></net>

<net id="200"><net_src comp="56" pin="0"/><net_sink comp="195" pin=1"/></net>

<net id="205"><net_src comp="179" pin="2"/><net_sink comp="201" pin=0"/></net>

<net id="206"><net_src comp="195" pin="2"/><net_sink comp="201" pin=1"/></net>

<net id="211"><net_src comp="201" pin="2"/><net_sink comp="207" pin=0"/></net>

<net id="212"><net_src comp="141" pin="2"/><net_sink comp="207" pin=1"/></net>

<net id="216"><net_src comp="119" pin="10"/><net_sink comp="213" pin=0"/></net>

<net id="220"><net_src comp="119" pin="10"/><net_sink comp="217" pin=0"/></net>

<net id="224"><net_src comp="119" pin="10"/><net_sink comp="221" pin=0"/></net>

<net id="228"><net_src comp="119" pin="10"/><net_sink comp="225" pin=0"/></net>

<net id="236"><net_src comp="60" pin="0"/><net_sink comp="229" pin=0"/></net>

<net id="237"><net_src comp="225" pin="1"/><net_sink comp="229" pin=1"/></net>

<net id="238"><net_src comp="221" pin="1"/><net_sink comp="229" pin=2"/></net>

<net id="239"><net_src comp="217" pin="1"/><net_sink comp="229" pin=3"/></net>

<net id="240"><net_src comp="213" pin="1"/><net_sink comp="229" pin=4"/></net>

<net id="241"><net_src comp="229" pin="5"/><net_sink comp="74" pin=2"/></net>

<net id="246"><net_src comp="52" pin="0"/><net_sink comp="242" pin=1"/></net>

<net id="251"><net_src comp="242" pin="2"/><net_sink comp="247" pin=0"/></net>

<net id="252"><net_src comp="64" pin="0"/><net_sink comp="247" pin=1"/></net>

<net id="257"><net_src comp="242" pin="2"/><net_sink comp="253" pin=0"/></net>

<net id="258"><net_src comp="32" pin="0"/><net_sink comp="253" pin=1"/></net>

<net id="263"><net_src comp="52" pin="0"/><net_sink comp="259" pin=1"/></net>

<net id="269"><net_src comp="48" pin="0"/><net_sink comp="264" pin=1"/></net>

<net id="270"><net_src comp="259" pin="2"/><net_sink comp="264" pin=2"/></net>

<net id="275"><net_src comp="264" pin="3"/><net_sink comp="271" pin=0"/></net>

<net id="276"><net_src comp="26" pin="0"/><net_sink comp="271" pin=1"/></net>

<net id="281"><net_src comp="38" pin="0"/><net_sink comp="277" pin=0"/></net>

<net id="282"><net_src comp="32" pin="0"/><net_sink comp="277" pin=1"/></net>

<net id="287"><net_src comp="38" pin="0"/><net_sink comp="283" pin=0"/></net>

<net id="288"><net_src comp="26" pin="0"/><net_sink comp="283" pin=1"/></net>

<net id="293"><net_src comp="52" pin="0"/><net_sink comp="289" pin=1"/></net>

<net id="298"><net_src comp="289" pin="2"/><net_sink comp="294" pin=0"/></net>

<net id="299"><net_src comp="66" pin="0"/><net_sink comp="294" pin=1"/></net>

<net id="304"><net_src comp="289" pin="2"/><net_sink comp="300" pin=0"/></net>

<net id="305"><net_src comp="30" pin="0"/><net_sink comp="300" pin=1"/></net>

<net id="310"><net_src comp="52" pin="0"/><net_sink comp="306" pin=1"/></net>

<net id="316"><net_src comp="141" pin="2"/><net_sink comp="311" pin=0"/></net>

<net id="317"><net_src comp="48" pin="0"/><net_sink comp="311" pin=1"/></net>

<net id="318"><net_src comp="306" pin="2"/><net_sink comp="311" pin=2"/></net>

<net id="319"><net_src comp="311" pin="3"/><net_sink comp="84" pin=0"/></net>

<net id="324"><net_src comp="38" pin="0"/><net_sink comp="320" pin=0"/></net>

<net id="325"><net_src comp="30" pin="0"/><net_sink comp="320" pin=1"/></net>

<net id="330"><net_src comp="84" pin="4"/><net_sink comp="326" pin=0"/></net>

<net id="331"><net_src comp="28" pin="0"/><net_sink comp="326" pin=1"/></net>

<net id="335"><net_src comp="146" pin="1"/><net_sink comp="332" pin=0"/></net>

<net id="336"><net_src comp="332" pin="1"/><net_sink comp="259" pin=0"/></net>

<net id="340"><net_src comp="150" pin="2"/><net_sink comp="337" pin=0"/></net>

<net id="341"><net_src comp="337" pin="1"/><net_sink comp="264" pin=0"/></net>

<net id="345"><net_src comp="156" pin="1"/><net_sink comp="342" pin=0"/></net>

<net id="346"><net_src comp="342" pin="1"/><net_sink comp="141" pin=0"/></net>

<net id="347"><net_src comp="342" pin="1"/><net_sink comp="306" pin=0"/></net>

<net id="351"><net_src comp="161" pin="1"/><net_sink comp="348" pin=0"/></net>

<net id="352"><net_src comp="348" pin="1"/><net_sink comp="289" pin=0"/></net>

<net id="356"><net_src comp="165" pin="1"/><net_sink comp="353" pin=0"/></net>

<net id="357"><net_src comp="353" pin="1"/><net_sink comp="242" pin=0"/></net>

<net id="361"><net_src comp="207" pin="2"/><net_sink comp="358" pin=0"/></net>

</net_list>

</model> 
---------------- Datapath Model END ------------------

* FSMD analyzer results:
  - Output states:
	Port: layer2_out | {2 }
	Port: void_compute_output_buffer_2d_array_const_ap_shift_reg_n_chan_stream_weig_17 | {1 }
	Port: void_compute_output_buffer_2d_array_const_ap_shift_reg_n_chan_stream_weig_14 | {1 }
	Port: void_compute_output_buffer_2d_array_const_ap_shift_reg_n_chan_stream_weig_11 | {1 }
	Port: void_compute_output_buffer_2d_array_const_ap_shift_reg_n_chan_stream_weig_16 | {1 }
	Port: void_compute_output_buffer_2d_array_const_ap_shift_reg_n_chan_stream_weig_13 | {1 }
	Port: void_compute_output_buffer_2d_array_const_ap_shift_reg_n_chan_stream_weig_10 | {1 }
	Port: void_compute_output_buffer_2d_array_const_ap_shift_reg_n_chan_stream_weig_18 | {1 }
	Port: void_compute_output_buffer_2d_array_const_ap_shift_reg_n_chan_stream_weig_15 | {1 }
	Port: void_compute_output_buffer_2d_array_const_ap_shift_reg_n_chan_stream_weig_12 | {1 }
	Port: void_conv_2d_buffer_latency_cl_stream_stream_weight_t_bias_t_line_buffer_1 | {1 }
	Port: void_conv_2d_buffer_latency_cl_stream_stream_weight_t_bias_t_line_buffer | {1 }
	Port: sX_3 | {2 }
	Port: sY_3 | {2 }
	Port: pY_3 | {2 }
	Port: pX_3 | {2 }
 - Input state : 
	Port: compute_output_buffer_2d<array,array<ap_fixed<16,6,5,3,0>,4u>,config2> : in_elem_0_0_0_0_0_val | {1 }
	Port: compute_output_buffer_2d<array,array<ap_fixed<16,6,5,3,0>,4u>,config2> : void_compute_output_buffer_2d_array_const_ap_shift_reg_n_chan_stream_weig_17 | {1 2 }
	Port: compute_output_buffer_2d<array,array<ap_fixed<16,6,5,3,0>,4u>,config2> : void_compute_output_buffer_2d_array_const_ap_shift_reg_n_chan_stream_weig_14 | {1 2 }
	Port: compute_output_buffer_2d<array,array<ap_fixed<16,6,5,3,0>,4u>,config2> : void_compute_output_buffer_2d_array_const_ap_shift_reg_n_chan_stream_weig_11 | {1 2 }
	Port: compute_output_buffer_2d<array,array<ap_fixed<16,6,5,3,0>,4u>,config2> : void_compute_output_buffer_2d_array_const_ap_shift_reg_n_chan_stream_weig_16 | {1 2 }
	Port: compute_output_buffer_2d<array,array<ap_fixed<16,6,5,3,0>,4u>,config2> : void_compute_output_buffer_2d_array_const_ap_shift_reg_n_chan_stream_weig_13 | {1 2 }
	Port: compute_output_buffer_2d<array,array<ap_fixed<16,6,5,3,0>,4u>,config2> : void_compute_output_buffer_2d_array_const_ap_shift_reg_n_chan_stream_weig_10 | {1 2 }
	Port: compute_output_buffer_2d<array,array<ap_fixed<16,6,5,3,0>,4u>,config2> : void_compute_output_buffer_2d_array_const_ap_shift_reg_n_chan_stream_weig_18 | {2 }
	Port: compute_output_buffer_2d<array,array<ap_fixed<16,6,5,3,0>,4u>,config2> : void_compute_output_buffer_2d_array_const_ap_shift_reg_n_chan_stream_weig_15 | {2 }
	Port: compute_output_buffer_2d<array,array<ap_fixed<16,6,5,3,0>,4u>,config2> : void_compute_output_buffer_2d_array_const_ap_shift_reg_n_chan_stream_weig_12 | {2 }
	Port: compute_output_buffer_2d<array,array<ap_fixed<16,6,5,3,0>,4u>,config2> : void_conv_2d_buffer_latency_cl_stream_stream_weight_t_bias_t_line_buffer_1 | {1 }
	Port: compute_output_buffer_2d<array,array<ap_fixed<16,6,5,3,0>,4u>,config2> : void_conv_2d_buffer_latency_cl_stream_stream_weight_t_bias_t_line_buffer | {1 }
	Port: compute_output_buffer_2d<array,array<ap_fixed<16,6,5,3,0>,4u>,config2> : sX_3 | {1 }
	Port: compute_output_buffer_2d<array,array<ap_fixed<16,6,5,3,0>,4u>,config2> : sY_3 | {1 }
	Port: compute_output_buffer_2d<array,array<ap_fixed<16,6,5,3,0>,4u>,config2> : pY_3 | {1 }
	Port: compute_output_buffer_2d<array,array<ap_fixed<16,6,5,3,0>,4u>,config2> : pX_3 | {1 }
  - Chain level:
	State 1
		icmp_ln289 : 1
		br_ln289 : 2
		icmp_ln289_4 : 1
		tmp_5 : 1
		icmp_ln289_5 : 2
		tmp_6 : 1
		icmp_ln289_6 : 2
		and_ln289 : 3
		and_ln289_2 : 3
		br_ln289 : 3
	State 2
		res_out : 1
		res_out_14 : 1
		res_out_15 : 1
		res_out_16 : 1
		p_0 : 2
		write_ln309 : 3
		icmp_ln313 : 1
		br_ln313 : 2
		store_ln326 : 1
		select_ln328 : 1
		store_ln328 : 2
		icmp_ln317 : 1
		br_ln317 : 2
		store_ln321 : 1
		select_ln323 : 1
		storemerge : 2
		store_ln319 : 3


============================================================
+ Verbose Summary: Datapath Resource usage 
============================================================

* Functional unit list:
|----------|---------------------------------------------------------------------------------|---------|---------|
| Operation|                                 Functional Unit                                 |    FF   |   LUT   |
|----------|---------------------------------------------------------------------------------|---------|---------|
|   call   |    call_ln286_shift_line_buffer_array_ap_fixed_16_6_5_3_0_1u_config2_s_fu_91    |    0    |    0    |
|          | tmp_dense_latency_ap_fixed_16_6_5_3_0_ap_fixed_16_6_5_3_0_config2_mult_s_fu_119 |    0    |   511   |
|----------|---------------------------------------------------------------------------------|---------|---------|
|          |                                    grp_fu_141                                   |    0    |    39   |
|          |                                icmp_ln289_fu_150                                |    0    |    39   |
|   icmp   |                               icmp_ln289_5_fu_179                               |    0    |    38   |
|          |                               icmp_ln289_6_fu_195                               |    0    |    38   |
|          |                                icmp_ln313_fu_247                                |    0    |    39   |
|          |                                icmp_ln317_fu_294                                |    0    |    39   |
|----------|---------------------------------------------------------------------------------|---------|---------|
|          |                                 add_ln313_fu_242                                |    0    |    39   |
|    add   |                                 add_ln328_fu_259                                |    0    |    39   |
|          |                                 add_ln317_fu_289                                |    0    |    39   |
|          |                                 add_ln323_fu_306                                |    0    |    39   |
|----------|---------------------------------------------------------------------------------|---------|---------|
|  select  |                               select_ln328_fu_264                               |    0    |    32   |
|          |                               select_ln323_fu_311                               |    0    |    32   |
|----------|---------------------------------------------------------------------------------|---------|---------|
|    and   |                                 and_ln289_fu_201                                |    0    |    2    |
|          |                                and_ln289_2_fu_207                               |    0    |    2    |
|----------|---------------------------------------------------------------------------------|---------|---------|
|   read   |                      in_elem_0_0_0_0_0_val_read_read_fu_68                      |    0    |    0    |
|----------|---------------------------------------------------------------------------------|---------|---------|
|   write  |                             write_ln309_write_fu_74                             |    0    |    0    |
|----------|---------------------------------------------------------------------------------|---------|---------|
|partselect|                                   tmp_5_fu_169                                  |    0    |    0    |
|          |                                   tmp_6_fu_185                                  |    0    |    0    |
|----------|---------------------------------------------------------------------------------|---------|---------|
|          |                                  res_out_fu_213                                 |    0    |    0    |
|extractvalue|                                res_out_14_fu_217                                |    0    |    0    |
|          |                                res_out_15_fu_221                                |    0    |    0    |
|          |                                res_out_16_fu_225                                |    0    |    0    |
|----------|---------------------------------------------------------------------------------|---------|---------|
|bitconcatenate|                                    p_0_fu_229                                   |    0    |    0    |
|----------|---------------------------------------------------------------------------------|---------|---------|
|   Total  |                                                                                 |    0    |   967   |
|----------|---------------------------------------------------------------------------------|---------|---------|

Memories:
N/A

* Register list:
+-------------------+--------+
|                   |   FF   |
+-------------------+--------+
|and_ln289_2_reg_358|    1   |
| icmp_ln289_reg_337|    1   |
| pX_3_load_reg_353 |   32   |
| pY_3_load_reg_348 |   32   |
| sX_3_load_reg_332 |   32   |
| sY_3_load_reg_342 |   32   |
| storemerge_reg_81 |   32   |
+-------------------+--------+
|       Total       |   162  |
+-------------------+--------+

* Multiplexer (MUX) list: 
|------------|------|------|------|--------||---------||---------|
|    Comp    |  Pin | Size |  BW  | S x BW ||  Delay  ||   LUT   |
|------------|------|------|------|--------||---------||---------|
| grp_fu_141 |  p0  |   2  |  32  |   64   ||    9    |
|------------|------|------|------|--------||---------||---------|
|    Total   |      |      |      |   64   ||  0.387  ||    9    |
|------------|------|------|------|--------||---------||---------|



* Summary:
+-----------+--------+--------+--------+
|           |  Delay |   FF   |   LUT  |
+-----------+--------+--------+--------+
|  Function |    -   |    0   |   967  |
|   Memory  |    -   |    -   |    -   |
|Multiplexer|    0   |    -   |    9   |
|  Register |    -   |   162  |    -   |
+-----------+--------+--------+--------+
|   Total   |    0   |   162  |   976  |
+-----------+--------+--------+--------+
