

================================================================
== Vitis HLS Report for 'compute_output_buffer_2d_array_array_ap_fixed_16_6_5_3_0_3u_config2_s'
================================================================
* Date:           Sun Apr 28 19:53:13 2024

* Version:        2023.1 (Build 3854077 on May  4 2023)
* Project:        myproject_prj
* Solution:       solution1 (Vivado IP Flow Target)
* Product family: virtexuplus
* Target device:  xcvu13p-flga2577-2-e


================================================================
== Performance Estimates
================================================================
+ Timing: 
    * Summary: 
    +--------+---------+----------+------------+
    |  Clock |  Target | Estimated| Uncertainty|
    +--------+---------+----------+------------+
    |ap_clk  |  5.00 ns|  4.078 ns|     0.62 ns|
    +--------+---------+----------+------------+

+ Latency: 
    * Summary: 
    +---------+---------+-----------+-----------+-----+-----+---------+
    |  Latency (cycles) |   Latency (absolute)  |  Interval | Pipeline|
    |   min   |   max   |    min    |    max    | min | max |   Type  |
    +---------+---------+-----------+-----------+-----+-----+---------+
    |        2|        2|  10.000 ns|  10.000 ns|    2|    2|      yes|
    +---------+---------+-----------+-----------+-----+-----+---------+

    + Detail: 
        * Instance: 
        +---------------------------------------------------------------------------------+----------------------------------------------------------------------+---------+---------+----------+----------+-----+-----+---------+
        |                                                                                 |                                                                      |  Latency (cycles) |  Latency (absolute) |  Interval | Pipeline|
        |                                     Instance                                    |                                Module                                |   min   |   max   |    min   |    max   | min | max |   Type  |
        +---------------------------------------------------------------------------------+----------------------------------------------------------------------+---------+---------+----------+----------+-----+-----+---------+
        |call_ln286_shift_line_buffer_array_ap_fixed_16_6_5_3_0_1u_config2_s_fu_90        |shift_line_buffer_array_ap_fixed_16_6_5_3_0_1u_config2_s              |        0|        0|      0 ns|      0 ns|    1|    1|      yes|
        |tmp_dense_latency_ap_fixed_16_6_5_3_0_ap_fixed_16_6_5_3_0_config2_mult_s_fu_116  |dense_latency_ap_fixed_16_6_5_3_0_ap_fixed_16_6_5_3_0_config2_mult_s  |        0|        0|      0 ns|      0 ns|    1|    1|      yes|
        +---------------------------------------------------------------------------------+----------------------------------------------------------------------+---------+---------+----------+----------+-----+-----+---------+

        * Loop: 
        N/A

============================================================
+ Verbose Summary: Synthesis Manager
============================================================
InlineROM: 1
ExposeGlobal: 0
============================================================
+ Verbose Summary: CDFG Model
============================================================
IsTopModel: 0
ResetActiveHigh: 1
IsCombinational: 0
IsDatapathOnly: 0
HasWiredReturn: 1
HasMFsm: 2
HasVarLatency: 0
IsPipeline: 1
IsRtlPipelined: 1
IsInstanceOverlapped: 0
IsDontTouch: 0
HasImplIP: 0
IsGatedGlobalClock: 0

+ Individual pipeline summary: 
  * Pipeline-0: initiation interval (II) = 2, depth = 3


============================================================
+ Verbose Summary: Schedule
============================================================
* Number of FSM states : 3
* Pipeline : 1
  Pipeline-0 : II = 2, D = 3, States = { 1 2 3 }
* Dataflow Pipeline: 0

* FSM state transitions: 
1 --> 2 
2 --> 3 
3 --> 

* FSM state operations: 

State 1 <SV = 0> <Delay = 1.22>
ST_1 : Operation 4 [1/1] (0.00ns)   --->   "%in_elem_0_0_0_0_0_val_read = read i16 @_ssdm_op_Read.ap_auto.i16, i16 %in_elem_0_0_0_0_0_val"   --->   Operation 4 'read' 'in_elem_0_0_0_0_0_val_read' <Predicate = true> <Delay = 0.00>
ST_1 : Operation 5 [1/1] (1.22ns)   --->   "%call_ln286 = call void @shift_line_buffer<array<ap_fixed<16, 6, 5, 3, 0>, 1u>, config2>, i16 %in_elem_0_0_0_0_0_val_read, i16 %void_compute_output_buffer_2d_array_const_ap_shift_reg_n_chan_stream_weig_14, i16 %void_compute_output_buffer_2d_array_const_ap_shift_reg_n_chan_stream_weig_11, i16 %void_compute_output_buffer_2d_array_const_ap_shift_reg_n_chan_stream_weig_16, i16 %void_compute_output_buffer_2d_array_const_ap_shift_reg_n_chan_stream_weig_13, i16 %void_compute_output_buffer_2d_array_const_ap_shift_reg_n_chan_stream_weig_10, i16 %void_compute_output_buffer_2d_array_const_ap_shift_reg_n_chan_stream_weig_15, i16 %void_compute_output_buffer_2d_array_const_ap_shift_reg_n_chan_stream_weig_12, i16 %void_compute_output_buffer_2d_array_const_ap_shift_reg_n_chan_stream_weig_17, i16 %void_conv_2d_buffer_latency_cl_stream_stream_weight_t_bias_t_line_buffer_1, i16 %void_conv_2d_buffer_latency_cl_stream_stream_weight_t_bias_t_line_buffer" [firmware/nnet_utils/nnet_conv_stream.h:286]   --->   Operation 5 'call' 'call_ln286' <Predicate = true> <Delay = 1.22> <CoreType = "Generic">   --->   Core 0 '' <Latency = 0> <II = 1> <Delay = 1.00> <Generic> <Opcode : >

State 2 <SV = 1> <Delay = 2.26>
ST_2 : Operation 6 [1/1] (0.00ns)   --->   "%specinterface_ln0 = specinterface void @_ssdm_op_SpecInterface, i48 %layer2_out, void @empty_5, i32 0, i32 0, void @empty_6, i32 0, i32 0, void @empty_6, void @empty_6, void @empty_6, i32 0, i32 0, i32 0, i32 0, void @empty_6, void @empty_6, i32 4294967295, i32 0"   --->   Operation 6 'specinterface' 'specinterface_ln0' <Predicate = true> <Delay = 0.00>
ST_2 : Operation 7 [1/1] (0.00ns)   --->   "%sX_3_load = load i32 %sX_3" [firmware/nnet_utils/nnet_conv_stream.h:289]   --->   Operation 7 'load' 'sX_3_load' <Predicate = true> <Delay = 0.00>
ST_2 : Operation 8 [1/1] (0.88ns)   --->   "%icmp_ln289 = icmp_eq  i32 %sX_3_load, i32 2" [firmware/nnet_utils/nnet_conv_stream.h:289]   --->   Operation 8 'icmp' 'icmp_ln289' <Predicate = true> <Delay = 0.88> <CoreInst = "Cmp">   --->   Core 9 'Cmp' <Latency = 0> <II = 1> <Delay = 0.88> <FuncUnit> <Opcode : 'icmp'> <InPorts = 2> <OutPorts = 1>
ST_2 : Operation 9 [1/1] (0.00ns)   --->   "%sY_3_load = load i32 %sY_3" [firmware/nnet_utils/nnet_conv_stream.h:289]   --->   Operation 9 'load' 'sY_3_load' <Predicate = true> <Delay = 0.00>
ST_2 : Operation 10 [1/1] (0.00ns)   --->   "%pY_3_load = load i32 %pY_3" [firmware/nnet_utils/nnet_conv_stream.h:289]   --->   Operation 10 'load' 'pY_3_load' <Predicate = true> <Delay = 0.00>
ST_2 : Operation 11 [1/1] (0.00ns)   --->   "%pX_3_load = load i32 %pX_3" [firmware/nnet_utils/nnet_conv_stream.h:289]   --->   Operation 11 'load' 'pX_3_load' <Predicate = true> <Delay = 0.00>
ST_2 : Operation 12 [1/1] (0.00ns)   --->   "%br_ln289 = br i1 %icmp_ln289, void %if.end, void %land.lhs.true" [firmware/nnet_utils/nnet_conv_stream.h:289]   --->   Operation 12 'br' 'br_ln289' <Predicate = true> <Delay = 0.00>
ST_2 : Operation 13 [1/1] (0.88ns)   --->   "%icmp_ln289_4 = icmp_eq  i32 %sY_3_load, i32 2" [firmware/nnet_utils/nnet_conv_stream.h:289]   --->   Operation 13 'icmp' 'icmp_ln289_4' <Predicate = (icmp_ln289)> <Delay = 0.88> <CoreInst = "Cmp">   --->   Core 9 'Cmp' <Latency = 0> <II = 1> <Delay = 0.88> <FuncUnit> <Opcode : 'icmp'> <InPorts = 2> <OutPorts = 1>
ST_2 : Operation 14 [1/1] (0.00ns)   --->   "%tmp_7 = partselect i31 @_ssdm_op_PartSelect.i31.i32.i32.i32, i32 %pY_3_load, i32 1, i32 31" [firmware/nnet_utils/nnet_conv_stream.h:289]   --->   Operation 14 'partselect' 'tmp_7' <Predicate = (icmp_ln289)> <Delay = 0.00>
ST_2 : Operation 15 [1/1] (0.87ns)   --->   "%icmp_ln289_5 = icmp_sgt  i31 %tmp_7, i31 0" [firmware/nnet_utils/nnet_conv_stream.h:289]   --->   Operation 15 'icmp' 'icmp_ln289_5' <Predicate = (icmp_ln289)> <Delay = 0.87> <CoreInst = "Cmp">   --->   Core 9 'Cmp' <Latency = 0> <II = 1> <Delay = 0.87> <FuncUnit> <Opcode : 'icmp'> <InPorts = 2> <OutPorts = 1>
ST_2 : Operation 16 [1/1] (0.00ns)   --->   "%tmp_8 = partselect i31 @_ssdm_op_PartSelect.i31.i32.i32.i32, i32 %pX_3_load, i32 1, i32 31" [firmware/nnet_utils/nnet_conv_stream.h:289]   --->   Operation 16 'partselect' 'tmp_8' <Predicate = (icmp_ln289)> <Delay = 0.00>
ST_2 : Operation 17 [1/1] (0.87ns)   --->   "%icmp_ln289_6 = icmp_sgt  i31 %tmp_8, i31 0" [firmware/nnet_utils/nnet_conv_stream.h:289]   --->   Operation 17 'icmp' 'icmp_ln289_6' <Predicate = (icmp_ln289)> <Delay = 0.87> <CoreInst = "Cmp">   --->   Core 9 'Cmp' <Latency = 0> <II = 1> <Delay = 0.87> <FuncUnit> <Opcode : 'icmp'> <InPorts = 2> <OutPorts = 1>
ST_2 : Operation 18 [1/1] (0.00ns) (grouped into LUT with out node and_ln289_2)   --->   "%and_ln289 = and i1 %icmp_ln289_5, i1 %icmp_ln289_6" [firmware/nnet_utils/nnet_conv_stream.h:289]   --->   Operation 18 'and' 'and_ln289' <Predicate = (icmp_ln289)> <Delay = 0.00> <CoreInst = "LogicGate">   --->   Core 74 'LogicGate' <Latency = 0> <II = 1> <Delay = 0.12> <FuncUnit> <Opcode : 'and' 'or' 'xor'> <InPorts = 2> <OutPorts = 1>
ST_2 : Operation 19 [1/1] (0.12ns) (out node of the LUT)   --->   "%and_ln289_2 = and i1 %and_ln289, i1 %icmp_ln289_4" [firmware/nnet_utils/nnet_conv_stream.h:289]   --->   Operation 19 'and' 'and_ln289_2' <Predicate = (icmp_ln289)> <Delay = 0.12> <CoreInst = "LogicGate">   --->   Core 74 'LogicGate' <Latency = 0> <II = 1> <Delay = 0.12> <FuncUnit> <Opcode : 'and' 'or' 'xor'> <InPorts = 2> <OutPorts = 1>
ST_2 : Operation 20 [1/1] (0.00ns)   --->   "%br_ln289 = br i1 %and_ln289_2, void %if.end, void %if.then" [firmware/nnet_utils/nnet_conv_stream.h:289]   --->   Operation 20 'br' 'br_ln289' <Predicate = (icmp_ln289)> <Delay = 0.00>
ST_2 : Operation 21 [1/1] (0.00ns)   --->   "%tmp = call i48 @dense_latency<ap_fixed<16, 6, 5, 3, 0>, ap_fixed<16, 6, 5, 3, 0>, config2_mult>, i16 %void_compute_output_buffer_2d_array_const_ap_shift_reg_n_chan_stream_weig_17, i16 %void_compute_output_buffer_2d_array_const_ap_shift_reg_n_chan_stream_weig_16, i16 %void_compute_output_buffer_2d_array_const_ap_shift_reg_n_chan_stream_weig_15, i16 %void_compute_output_buffer_2d_array_const_ap_shift_reg_n_chan_stream_weig_14, i16 %void_compute_output_buffer_2d_array_const_ap_shift_reg_n_chan_stream_weig_13, i16 %void_compute_output_buffer_2d_array_const_ap_shift_reg_n_chan_stream_weig_12, i16 %void_compute_output_buffer_2d_array_const_ap_shift_reg_n_chan_stream_weig_11, i16 %void_compute_output_buffer_2d_array_const_ap_shift_reg_n_chan_stream_weig_10" [firmware/nnet_utils/nnet_conv_stream.h:294]   --->   Operation 21 'call' 'tmp' <Predicate = (icmp_ln289 & and_ln289_2)> <Delay = 0.00> <CoreType = "Generic">   --->   Core 0 '' <Latency = 0> <II = 1> <Delay = 1.00> <Generic> <Opcode : >
ST_2 : Operation 22 [1/1] (0.00ns)   --->   "%res_out = extractvalue i48 %tmp" [firmware/nnet_utils/nnet_conv_stream.h:294]   --->   Operation 22 'extractvalue' 'res_out' <Predicate = (icmp_ln289 & and_ln289_2)> <Delay = 0.00>
ST_2 : Operation 23 [1/1] (0.00ns)   --->   "%res_out_9 = extractvalue i48 %tmp" [firmware/nnet_utils/nnet_conv_stream.h:294]   --->   Operation 23 'extractvalue' 'res_out_9' <Predicate = (icmp_ln289 & and_ln289_2)> <Delay = 0.00>
ST_2 : Operation 24 [1/1] (0.00ns)   --->   "%res_out_10 = extractvalue i48 %tmp" [firmware/nnet_utils/nnet_conv_stream.h:294]   --->   Operation 24 'extractvalue' 'res_out_10' <Predicate = (icmp_ln289 & and_ln289_2)> <Delay = 0.00>
ST_2 : Operation 25 [1/1] (0.88ns)   --->   "%add_ln313 = add i32 %pX_3_load, i32 1" [firmware/nnet_utils/nnet_conv_stream.h:313]   --->   Operation 25 'add' 'add_ln313' <Predicate = true> <Delay = 0.88> <CoreInst = "Adder">   --->   Core 1 'Adder' <Latency = 0> <II = 1> <Delay = 0.88> <FuncUnit> <Opcode : 'add' 'sub'> <InPorts = 2> <OutPorts = 1>
ST_2 : Operation 26 [1/1] (0.88ns)   --->   "%icmp_ln313 = icmp_eq  i32 %add_ln313, i32 15" [firmware/nnet_utils/nnet_conv_stream.h:313]   --->   Operation 26 'icmp' 'icmp_ln313' <Predicate = true> <Delay = 0.88> <CoreInst = "Cmp">   --->   Core 9 'Cmp' <Latency = 0> <II = 1> <Delay = 0.88> <FuncUnit> <Opcode : 'icmp'> <InPorts = 2> <OutPorts = 1>
ST_2 : Operation 27 [1/1] (0.00ns)   --->   "%br_ln313 = br i1 %icmp_ln313, void %if.else28, void %if.then17" [firmware/nnet_utils/nnet_conv_stream.h:313]   --->   Operation 27 'br' 'br_ln313' <Predicate = true> <Delay = 0.00>
ST_2 : Operation 28 [1/1] (0.38ns)   --->   "%store_ln326 = store i32 %add_ln313, i32 %pX_3" [firmware/nnet_utils/nnet_conv_stream.h:326]   --->   Operation 28 'store' 'store_ln326' <Predicate = (!icmp_ln313)> <Delay = 0.38>
ST_2 : Operation 29 [1/1] (0.88ns)   --->   "%add_ln328 = add i32 %sX_3_load, i32 1" [firmware/nnet_utils/nnet_conv_stream.h:328]   --->   Operation 29 'add' 'add_ln328' <Predicate = (!icmp_ln313)> <Delay = 0.88> <CoreInst = "Adder">   --->   Core 1 'Adder' <Latency = 0> <II = 1> <Delay = 0.88> <FuncUnit> <Opcode : 'add' 'sub'> <InPorts = 2> <OutPorts = 1>
ST_2 : Operation 30 [1/1] (0.22ns)   --->   "%select_ln328 = select i1 %icmp_ln289, i32 2, i32 %add_ln328" [firmware/nnet_utils/nnet_conv_stream.h:328]   --->   Operation 30 'select' 'select_ln328' <Predicate = (!icmp_ln313)> <Delay = 0.22> <CoreInst = "Sel">   --->   Core 73 'Sel' <Latency = 0> <II = 1> <Delay = 0.22> <FuncUnit> <Opcode : 'select'> <InPorts = 3> <OutPorts = 1>
ST_2 : Operation 31 [1/1] (0.38ns)   --->   "%store_ln328 = store i32 %select_ln328, i32 %sX_3" [firmware/nnet_utils/nnet_conv_stream.h:328]   --->   Operation 31 'store' 'store_ln328' <Predicate = (!icmp_ln313)> <Delay = 0.38>
ST_2 : Operation 32 [1/1] (0.00ns)   --->   "%br_ln0 = br void %if.end39"   --->   Operation 32 'br' 'br_ln0' <Predicate = (!icmp_ln313)> <Delay = 0.00>
ST_2 : Operation 33 [1/1] (0.38ns)   --->   "%store_ln315 = store i32 0, i32 %pX_3" [firmware/nnet_utils/nnet_conv_stream.h:315]   --->   Operation 33 'store' 'store_ln315' <Predicate = (icmp_ln313)> <Delay = 0.38>
ST_2 : Operation 34 [1/1] (0.38ns)   --->   "%store_ln316 = store i32 0, i32 %sX_3" [firmware/nnet_utils/nnet_conv_stream.h:316]   --->   Operation 34 'store' 'store_ln316' <Predicate = (icmp_ln313)> <Delay = 0.38>
ST_2 : Operation 35 [1/1] (0.88ns)   --->   "%add_ln317 = add i32 %pY_3_load, i32 1" [firmware/nnet_utils/nnet_conv_stream.h:317]   --->   Operation 35 'add' 'add_ln317' <Predicate = (icmp_ln313)> <Delay = 0.88> <CoreInst = "Adder">   --->   Core 1 'Adder' <Latency = 0> <II = 1> <Delay = 0.88> <FuncUnit> <Opcode : 'add' 'sub'> <InPorts = 2> <OutPorts = 1>
ST_2 : Operation 36 [1/1] (0.88ns)   --->   "%icmp_ln317 = icmp_eq  i32 %add_ln317, i32 10" [firmware/nnet_utils/nnet_conv_stream.h:317]   --->   Operation 36 'icmp' 'icmp_ln317' <Predicate = (icmp_ln313)> <Delay = 0.88> <CoreInst = "Cmp">   --->   Core 9 'Cmp' <Latency = 0> <II = 1> <Delay = 0.88> <FuncUnit> <Opcode : 'icmp'> <InPorts = 2> <OutPorts = 1>
ST_2 : Operation 37 [1/1] (0.00ns)   --->   "%br_ln317 = br i1 %icmp_ln317, void %if.else, void %if.then20" [firmware/nnet_utils/nnet_conv_stream.h:317]   --->   Operation 37 'br' 'br_ln317' <Predicate = (icmp_ln313)> <Delay = 0.00>
ST_2 : Operation 38 [1/1] (0.38ns)   --->   "%store_ln321 = store i32 %add_ln317, i32 %pY_3" [firmware/nnet_utils/nnet_conv_stream.h:321]   --->   Operation 38 'store' 'store_ln321' <Predicate = (icmp_ln313 & !icmp_ln317)> <Delay = 0.38>
ST_2 : Operation 39 [1/1] (0.88ns)   --->   "%icmp_ln323 = icmp_eq  i32 %sY_3_load, i32 2" [firmware/nnet_utils/nnet_conv_stream.h:323]   --->   Operation 39 'icmp' 'icmp_ln323' <Predicate = (icmp_ln313 & !icmp_ln317)> <Delay = 0.88> <CoreInst = "Cmp">   --->   Core 9 'Cmp' <Latency = 0> <II = 1> <Delay = 0.88> <FuncUnit> <Opcode : 'icmp'> <InPorts = 2> <OutPorts = 1>
ST_2 : Operation 40 [1/1] (0.88ns)   --->   "%add_ln323 = add i32 %sY_3_load, i32 1" [firmware/nnet_utils/nnet_conv_stream.h:323]   --->   Operation 40 'add' 'add_ln323' <Predicate = (icmp_ln313 & !icmp_ln317)> <Delay = 0.88> <CoreInst = "Adder">   --->   Core 1 'Adder' <Latency = 0> <II = 1> <Delay = 0.88> <FuncUnit> <Opcode : 'add' 'sub'> <InPorts = 2> <OutPorts = 1>
ST_2 : Operation 41 [1/1] (0.22ns)   --->   "%select_ln323 = select i1 %icmp_ln323, i32 2, i32 %add_ln323" [firmware/nnet_utils/nnet_conv_stream.h:323]   --->   Operation 41 'select' 'select_ln323' <Predicate = (icmp_ln313 & !icmp_ln317)> <Delay = 0.22> <CoreInst = "Sel">   --->   Core 73 'Sel' <Latency = 0> <II = 1> <Delay = 0.22> <FuncUnit> <Opcode : 'select'> <InPorts = 3> <OutPorts = 1>
ST_2 : Operation 42 [1/1] (0.38ns)   --->   "%br_ln0 = br void %if.end27"   --->   Operation 42 'br' 'br_ln0' <Predicate = (icmp_ln313 & !icmp_ln317)> <Delay = 0.38>
ST_2 : Operation 43 [1/1] (0.38ns)   --->   "%store_ln318 = store i32 0, i32 %pY_3" [firmware/nnet_utils/nnet_conv_stream.h:318]   --->   Operation 43 'store' 'store_ln318' <Predicate = (icmp_ln313 & icmp_ln317)> <Delay = 0.38>
ST_2 : Operation 44 [1/1] (0.38ns)   --->   "%br_ln320 = br void %if.end27" [firmware/nnet_utils/nnet_conv_stream.h:320]   --->   Operation 44 'br' 'br_ln320' <Predicate = (icmp_ln313 & icmp_ln317)> <Delay = 0.38>

State 3 <SV = 2> <Delay = 1.26>
ST_3 : Operation 45 [1/1] (0.00ns)   --->   "%p_0 = bitconcatenate i48 @_ssdm_op_BitConcatenate.i48.i16.i16.i16, i16 %res_out_10, i16 %res_out_9, i16 %res_out" [firmware/nnet_utils/nnet_conv_stream.h:309]   --->   Operation 45 'bitconcatenate' 'p_0' <Predicate = (icmp_ln289 & and_ln289_2)> <Delay = 0.00>
ST_3 : Operation 46 [1/1] (1.26ns)   --->   "%write_ln309 = write void @_ssdm_op_Write.ap_fifo.volatile.i48P0A, i48 %layer2_out, i48 %p_0" [firmware/nnet_utils/nnet_conv_stream.h:309]   --->   Operation 46 'write' 'write_ln309' <Predicate = (icmp_ln289 & and_ln289_2)> <Delay = 1.26> <CoreInst = "FIFO">   --->   Core 78 'FIFO' <Latency = 0> <II = 1> <Delay = 1.26> <Storage> <Opcode : 'read' 'write' 'nbread' 'nbwrite'> <Ports = 0> <Width = 48> <Depth = 104> <FIFO>
ST_3 : Operation 47 [1/1] (0.00ns)   --->   "%br_ln310 = br void %if.end" [firmware/nnet_utils/nnet_conv_stream.h:310]   --->   Operation 47 'br' 'br_ln310' <Predicate = (icmp_ln289 & and_ln289_2)> <Delay = 0.00>
ST_3 : Operation 48 [1/1] (0.00ns)   --->   "%storemerge = phi i32 %select_ln323, void %if.else, i32 0, void %if.then20" [firmware/nnet_utils/nnet_conv_stream.h:323]   --->   Operation 48 'phi' 'storemerge' <Predicate = (icmp_ln313)> <Delay = 0.00>
ST_3 : Operation 49 [1/1] (0.00ns)   --->   "%store_ln319 = store i32 %storemerge, i32 %sY_3" [firmware/nnet_utils/nnet_conv_stream.h:319]   --->   Operation 49 'store' 'store_ln319' <Predicate = (icmp_ln313)> <Delay = 0.00>
ST_3 : Operation 50 [1/1] (0.00ns)   --->   "%br_ln325 = br void %if.end39" [firmware/nnet_utils/nnet_conv_stream.h:325]   --->   Operation 50 'br' 'br_ln325' <Predicate = (icmp_ln313)> <Delay = 0.00>
ST_3 : Operation 51 [1/1] (0.00ns)   --->   "%ret_ln330 = ret" [firmware/nnet_utils/nnet_conv_stream.h:330]   --->   Operation 51 'ret' 'ret_ln330' <Predicate = true> <Delay = 0.00>


============================================================
+ Verbose Summary: Binding
============================================================
STG Binding: 
---------------- STG Properties BEGIN ----------------
- Is combinational: 0
- Is one-state seq: 0
- Is datapath-only: 0
- Is pipelined: 1
- Is top level: 0
Port [ Return ] is wired: 1; IO mode=ap_ctrl_hs:ce=0
Port [ in_elem_0_0_0_0_0_val]:  wired=1; compound=0; hidden=0; nouse=0; global=0; static=0; extern=0; dir=0; type=0; pingpong=0; private_global=0; IO mode=ap_none:ce=0
Port [ layer2_out]:  wired=1; compound=1; hidden=0; nouse=0; global=0; static=0; extern=0; dir=1; type=3; pingpong=0; private_global=0; IO mode=ap_fifo:ce=0
Port [ void_compute_output_buffer_2d_array_const_ap_shift_reg_n_chan_stream_weig_14]:  wired=0; compound=0; hidden=1; nouse=0; global=1; static=1; extern=0; dir=2; type=0; pingpong=0; private_global=1; IO mode=ap_ovld:ce=0
Port [ void_compute_output_buffer_2d_array_const_ap_shift_reg_n_chan_stream_weig_11]:  wired=0; compound=0; hidden=1; nouse=0; global=1; static=1; extern=0; dir=2; type=0; pingpong=0; private_global=1; IO mode=ap_ovld:ce=0
Port [ void_compute_output_buffer_2d_array_const_ap_shift_reg_n_chan_stream_weig_16]:  wired=0; compound=0; hidden=1; nouse=0; global=1; static=1; extern=0; dir=2; type=0; pingpong=0; private_global=1; IO mode=ap_ovld:ce=0
Port [ void_compute_output_buffer_2d_array_const_ap_shift_reg_n_chan_stream_weig_13]:  wired=0; compound=0; hidden=1; nouse=0; global=1; static=1; extern=0; dir=2; type=0; pingpong=0; private_global=1; IO mode=ap_ovld:ce=0
Port [ void_compute_output_buffer_2d_array_const_ap_shift_reg_n_chan_stream_weig_10]:  wired=0; compound=0; hidden=1; nouse=0; global=1; static=1; extern=0; dir=2; type=0; pingpong=0; private_global=1; IO mode=ap_ovld:ce=0
Port [ void_compute_output_buffer_2d_array_const_ap_shift_reg_n_chan_stream_weig_15]:  wired=0; compound=0; hidden=1; nouse=0; global=1; static=1; extern=0; dir=2; type=0; pingpong=0; private_global=1; IO mode=ap_ovld:ce=0
Port [ void_compute_output_buffer_2d_array_const_ap_shift_reg_n_chan_stream_weig_12]:  wired=0; compound=0; hidden=1; nouse=0; global=1; static=1; extern=0; dir=2; type=0; pingpong=0; private_global=1; IO mode=ap_ovld:ce=0
Port [ void_compute_output_buffer_2d_array_const_ap_shift_reg_n_chan_stream_weig_17]:  wired=0; compound=0; hidden=1; nouse=0; global=1; static=1; extern=0; dir=2; type=0; pingpong=0; private_global=1; IO mode=ap_ovld:ce=0
Port [ void_conv_2d_buffer_latency_cl_stream_stream_weight_t_bias_t_line_buffer_1]:  wired=0; compound=1; hidden=1; nouse=1; global=1; static=1; extern=0; dir=3; type=1; pingpong=0; private_global=0; MemPort=[2]; IO mode=ap_memory:ce=0
Port [ void_conv_2d_buffer_latency_cl_stream_stream_weight_t_bias_t_line_buffer]:  wired=0; compound=1; hidden=1; nouse=1; global=1; static=1; extern=0; dir=3; type=1; pingpong=0; private_global=0; MemPort=[2]; IO mode=ap_memory:ce=0
Port [ sX_3]:  wired=0; compound=0; hidden=1; nouse=0; global=1; static=1; extern=0; dir=2; type=0; pingpong=0; private_global=1; IO mode=ap_ovld:ce=0
Port [ sY_3]:  wired=0; compound=0; hidden=1; nouse=0; global=1; static=1; extern=0; dir=2; type=0; pingpong=0; private_global=1; IO mode=ap_ovld:ce=0
Port [ pY_3]:  wired=0; compound=0; hidden=1; nouse=0; global=1; static=1; extern=0; dir=2; type=0; pingpong=0; private_global=1; IO mode=ap_ovld:ce=0
Port [ pX_3]:  wired=0; compound=0; hidden=1; nouse=0; global=1; static=1; extern=0; dir=2; type=0; pingpong=0; private_global=1; IO mode=ap_ovld:ce=0
---------------- STG Properties END ------------------

---------------- Datapath Model BEGIN ----------------

<LifeTime>
<method=bitvector/>
in_elem_0_0_0_0_0_val_read (read          ) [ 0000]
call_ln286                 (call          ) [ 0000]
specinterface_ln0          (specinterface ) [ 0000]
sX_3_load                  (load          ) [ 0000]
icmp_ln289                 (icmp          ) [ 0111]
sY_3_load                  (load          ) [ 0000]
pY_3_load                  (load          ) [ 0000]
pX_3_load                  (load          ) [ 0000]
br_ln289                   (br            ) [ 0000]
icmp_ln289_4               (icmp          ) [ 0000]
tmp_7                      (partselect    ) [ 0000]
icmp_ln289_5               (icmp          ) [ 0000]
tmp_8                      (partselect    ) [ 0000]
icmp_ln289_6               (icmp          ) [ 0000]
and_ln289                  (and           ) [ 0000]
and_ln289_2                (and           ) [ 0111]
br_ln289                   (br            ) [ 0000]
tmp                        (call          ) [ 0000]
res_out                    (extractvalue  ) [ 0101]
res_out_9                  (extractvalue  ) [ 0101]
res_out_10                 (extractvalue  ) [ 0101]
add_ln313                  (add           ) [ 0000]
icmp_ln313                 (icmp          ) [ 0111]
br_ln313                   (br            ) [ 0000]
store_ln326                (store         ) [ 0000]
add_ln328                  (add           ) [ 0000]
select_ln328               (select        ) [ 0000]
store_ln328                (store         ) [ 0000]
br_ln0                     (br            ) [ 0000]
store_ln315                (store         ) [ 0000]
store_ln316                (store         ) [ 0000]
add_ln317                  (add           ) [ 0000]
icmp_ln317                 (icmp          ) [ 0010]
br_ln317                   (br            ) [ 0000]
store_ln321                (store         ) [ 0000]
icmp_ln323                 (icmp          ) [ 0000]
add_ln323                  (add           ) [ 0000]
select_ln323               (select        ) [ 0111]
br_ln0                     (br            ) [ 0111]
store_ln318                (store         ) [ 0000]
br_ln320                   (br            ) [ 0111]
p_0                        (bitconcatenate) [ 0000]
write_ln309                (write         ) [ 0000]
br_ln310                   (br            ) [ 0000]
storemerge                 (phi           ) [ 0101]
store_ln319                (store         ) [ 0000]
br_ln325                   (br            ) [ 0000]
ret_ln330                  (ret           ) [ 0000]
</LifeTime>

<model>

<comp_list>
<comp id="0" class="1000" name="in_elem_0_0_0_0_0_val">
<pin_list>
<pin id="1" dir="1" index="0" bw="1" slack="0"/>
</pin_list>
<bind>
<StgValue><ssdm name="in_elem_0_0_0_0_0_val"/></StgValue>
</bind>
</comp>

<comp id="2" class="1000" name="layer2_out">
<pin_list>
<pin id="3" dir="1" index="0" bw="1" slack="0"/>
</pin_list>
<bind>
<StgValue><ssdm name="layer2_out"/></StgValue>
</bind>
</comp>

<comp id="4" class="1000" name="void_compute_output_buffer_2d_array_const_ap_shift_reg_n_chan_stream_weig_14">
<pin_list>
<pin id="5" dir="1" index="0" bw="1" slack="0"/>
</pin_list>
<bind>
<StgValue><ssdm name="void_compute_output_buffer_2d_array_const_ap_shift_reg_n_chan_stream_weig_14"/></StgValue>
</bind>
</comp>

<comp id="6" class="1000" name="void_compute_output_buffer_2d_array_const_ap_shift_reg_n_chan_stream_weig_11">
<pin_list>
<pin id="7" dir="1" index="0" bw="1" slack="0"/>
</pin_list>
<bind>
<StgValue><ssdm name="void_compute_output_buffer_2d_array_const_ap_shift_reg_n_chan_stream_weig_11"/></StgValue>
</bind>
</comp>

<comp id="8" class="1000" name="void_compute_output_buffer_2d_array_const_ap_shift_reg_n_chan_stream_weig_16">
<pin_list>
<pin id="9" dir="1" index="0" bw="1" slack="0"/>
</pin_list>
<bind>
<StgValue><ssdm name="void_compute_output_buffer_2d_array_const_ap_shift_reg_n_chan_stream_weig_16"/></StgValue>
</bind>
</comp>

<comp id="10" class="1000" name="void_compute_output_buffer_2d_array_const_ap_shift_reg_n_chan_stream_weig_13">
<pin_list>
<pin id="11" dir="1" index="0" bw="1" slack="0"/>
</pin_list>
<bind>
<StgValue><ssdm name="void_compute_output_buffer_2d_array_const_ap_shift_reg_n_chan_stream_weig_13"/></StgValue>
</bind>
</comp>

<comp id="12" class="1000" name="void_compute_output_buffer_2d_array_const_ap_shift_reg_n_chan_stream_weig_10">
<pin_list>
<pin id="13" dir="1" index="0" bw="1" slack="0"/>
</pin_list>
<bind>
<StgValue><ssdm name="void_compute_output_buffer_2d_array_const_ap_shift_reg_n_chan_stream_weig_10"/></StgValue>
</bind>
</comp>

<comp id="14" class="1000" name="void_compute_output_buffer_2d_array_const_ap_shift_reg_n_chan_stream_weig_15">
<pin_list>
<pin id="15" dir="1" index="0" bw="1" slack="0"/>
</pin_list>
<bind>
<StgValue><ssdm name="void_compute_output_buffer_2d_array_const_ap_shift_reg_n_chan_stream_weig_15"/></StgValue>
</bind>
</comp>

<comp id="16" class="1000" name="void_compute_output_buffer_2d_array_const_ap_shift_reg_n_chan_stream_weig_12">
<pin_list>
<pin id="17" dir="1" index="0" bw="1" slack="0"/>
</pin_list>
<bind>
<StgValue><ssdm name="void_compute_output_buffer_2d_array_const_ap_shift_reg_n_chan_stream_weig_12"/></StgValue>
</bind>
</comp>

<comp id="18" class="1000" name="void_compute_output_buffer_2d_array_const_ap_shift_reg_n_chan_stream_weig_17">
<pin_list>
<pin id="19" dir="1" index="0" bw="1" slack="0"/>
</pin_list>
<bind>
<StgValue><ssdm name="void_compute_output_buffer_2d_array_const_ap_shift_reg_n_chan_stream_weig_17"/></StgValue>
</bind>
</comp>

<comp id="20" class="1000" name="void_conv_2d_buffer_latency_cl_stream_stream_weight_t_bias_t_line_buffer_1">
<pin_list>
<pin id="21" dir="1" index="0" bw="1" slack="0"/>
</pin_list>
<bind>
<StgValue><ssdm name="void_conv_2d_buffer_latency_cl_stream_stream_weight_t_bias_t_line_buffer_1"/><MemPortTyVec>2 </MemPortTyVec>
</StgValue>
</bind>
</comp>

<comp id="22" class="1000" name="void_conv_2d_buffer_latency_cl_stream_stream_weight_t_bias_t_line_buffer">
<pin_list>
<pin id="23" dir="1" index="0" bw="1" slack="0"/>
</pin_list>
<bind>
<StgValue><ssdm name="void_conv_2d_buffer_latency_cl_stream_stream_weight_t_bias_t_line_buffer"/><MemPortTyVec>2 </MemPortTyVec>
</StgValue>
</bind>
</comp>

<comp id="24" class="1000" name="sX_3">
<pin_list>
<pin id="25" dir="1" index="0" bw="1" slack="0"/>
</pin_list>
<bind>
<StgValue><ssdm name="sX_3"/></StgValue>
</bind>
</comp>

<comp id="26" class="1000" name="sY_3">
<pin_list>
<pin id="27" dir="1" index="0" bw="1" slack="0"/>
</pin_list>
<bind>
<StgValue><ssdm name="sY_3"/></StgValue>
</bind>
</comp>

<comp id="28" class="1000" name="pY_3">
<pin_list>
<pin id="29" dir="1" index="0" bw="1" slack="0"/>
</pin_list>
<bind>
<StgValue><ssdm name="pY_3"/></StgValue>
</bind>
</comp>

<comp id="30" class="1000" name="pX_3">
<pin_list>
<pin id="31" dir="1" index="0" bw="1" slack="0"/>
</pin_list>
<bind>
<StgValue><ssdm name="pX_3"/></StgValue>
</bind>
</comp>

<comp id="32" class="1001" name="const_32">
<pin_list>
<pin id="33" dir="1" index="0" bw="1" slack="0"/>
</pin_list>
<bind>
<StgValue><ssdm name="_ssdm_op_Read.ap_auto.i16"/></StgValue>
</bind>
</comp>

<comp id="34" class="1001" name="const_34">
<pin_list>
<pin id="35" dir="1" index="0" bw="1" slack="0"/>
</pin_list>
<bind>
<StgValue><ssdm name="shift_line_buffer<array<ap_fixed<16, 6, 5, 3, 0>, 1u>, config2>"/></StgValue>
</bind>
</comp>

<comp id="36" class="1001" name="const_36">
<pin_list>
<pin id="37" dir="1" index="0" bw="1" slack="2147483647"/>
</pin_list>
<bind>
<StgValue><ssdm name="_ssdm_op_SpecInterface"/></StgValue>
</bind>
</comp>

<comp id="38" class="1001" name="const_38">
<pin_list>
<pin id="39" dir="1" index="0" bw="1" slack="2147483647"/>
</pin_list>
<bind>
<StgValue><ssdm name="empty_5"/></StgValue>
</bind>
</comp>

<comp id="40" class="1001" name="const_40">
<pin_list>
<pin id="41" dir="1" index="0" bw="1" slack="0"/>
</pin_list>
<bind>
<StgValue><ssdm name=""/></StgValue>
</bind>
</comp>

<comp id="42" class="1001" name="const_42">
<pin_list>
<pin id="43" dir="1" index="0" bw="1" slack="2147483647"/>
</pin_list>
<bind>
<StgValue><ssdm name="empty_6"/></StgValue>
</bind>
</comp>

<comp id="44" class="1001" name="const_44">
<pin_list>
<pin id="45" dir="1" index="0" bw="1" slack="2147483647"/>
</pin_list>
<bind>
<StgValue><ssdm name=""/></StgValue>
</bind>
</comp>

<comp id="46" class="1001" name="const_46">
<pin_list>
<pin id="47" dir="1" index="0" bw="1" slack="0"/>
</pin_list>
<bind>
<StgValue><ssdm name=""/></StgValue>
</bind>
</comp>

<comp id="48" class="1001" name="const_48">
<pin_list>
<pin id="49" dir="1" index="0" bw="1" slack="0"/>
</pin_list>
<bind>
<StgValue><ssdm name="_ssdm_op_PartSelect.i31.i32.i32.i32"/></StgValue>
</bind>
</comp>

<comp id="50" class="1001" name="const_50">
<pin_list>
<pin id="51" dir="1" index="0" bw="1" slack="0"/>
</pin_list>
<bind>
<StgValue><ssdm name=""/></StgValue>
</bind>
</comp>

<comp id="52" class="1001" name="const_52">
<pin_list>
<pin id="53" dir="1" index="0" bw="1" slack="0"/>
</pin_list>
<bind>
<StgValue><ssdm name=""/></StgValue>
</bind>
</comp>

<comp id="54" class="1001" name="const_54">
<pin_list>
<pin id="55" dir="1" index="0" bw="1" slack="0"/>
</pin_list>
<bind>
<StgValue><ssdm name=""/></StgValue>
</bind>
</comp>

<comp id="56" class="1001" name="const_56">
<pin_list>
<pin id="57" dir="1" index="0" bw="1" slack="0"/>
</pin_list>
<bind>
<StgValue><ssdm name="dense_latency<ap_fixed<16, 6, 5, 3, 0>, ap_fixed<16, 6, 5, 3, 0>, config2_mult>"/></StgValue>
</bind>
</comp>

<comp id="58" class="1001" name="const_58">
<pin_list>
<pin id="59" dir="1" index="0" bw="1" slack="0"/>
</pin_list>
<bind>
<StgValue><ssdm name=""/></StgValue>
</bind>
</comp>

<comp id="60" class="1001" name="const_60">
<pin_list>
<pin id="61" dir="1" index="0" bw="1" slack="0"/>
</pin_list>
<bind>
<StgValue><ssdm name=""/></StgValue>
</bind>
</comp>

<comp id="62" class="1001" name="const_62">
<pin_list>
<pin id="63" dir="1" index="0" bw="1" slack="0"/>
</pin_list>
<bind>
<StgValue><ssdm name="_ssdm_op_BitConcatenate.i48.i16.i16.i16"/></StgValue>
</bind>
</comp>

<comp id="64" class="1001" name="const_64">
<pin_list>
<pin id="65" dir="1" index="0" bw="1" slack="0"/>
</pin_list>
<bind>
<StgValue><ssdm name="_ssdm_op_Write.ap_fifo.volatile.i48P0A"/></StgValue>
</bind>
</comp>

<comp id="66" class="1004" name="in_elem_0_0_0_0_0_val_read_read_fu_66">
<pin_list>
<pin id="67" dir="0" index="0" bw="16" slack="0"/>
<pin id="68" dir="0" index="1" bw="16" slack="0"/>
<pin id="69" dir="1" index="2" bw="16" slack="0"/>
</pin_list>
<bind>
<opcode="read(1150) " fcode="read"/>
<opset="in_elem_0_0_0_0_0_val_read/1 "/>
</bind>
</comp>

<comp id="72" class="1004" name="write_ln309_write_fu_72">
<pin_list>
<pin id="73" dir="0" index="0" bw="0" slack="0"/>
<pin id="74" dir="0" index="1" bw="48" slack="0"/>
<pin id="75" dir="0" index="2" bw="48" slack="0"/>
<pin id="76" dir="1" index="3" bw="0" slack="2147483647"/>
</pin_list>
<bind>
<opcode="write(1151) " fcode="write"/>
<opset="write_ln309/3 "/>
</bind>
</comp>

<comp id="79" class="1005" name="storemerge_reg_79">
<pin_list>
<pin id="80" dir="0" index="0" bw="32" slack="1"/>
<pin id="81" dir="1" index="1" bw="32" slack="1"/>
</pin_list>
<bind>
<opset="storemerge (phireg) "/>
</bind>
</comp>

<comp id="83" class="1004" name="storemerge_phi_fu_83">
<pin_list>
<pin id="84" dir="0" index="0" bw="32" slack="1"/>
<pin id="85" dir="0" index="1" bw="0" slack="2147483647"/>
<pin id="86" dir="0" index="2" bw="1" slack="1"/>
<pin id="87" dir="0" index="3" bw="0" slack="2147483647"/>
<pin id="88" dir="1" index="4" bw="32" slack="0"/>
</pin_list>
<bind>
<opcode="phi(47) " fcode="phi"/>
<opset="storemerge/3 "/>
</bind>
</comp>

<comp id="90" class="1004" name="call_ln286_shift_line_buffer_array_ap_fixed_16_6_5_3_0_1u_config2_s_fu_90">
<pin_list>
<pin id="91" dir="0" index="0" bw="0" slack="0"/>
<pin id="92" dir="0" index="1" bw="16" slack="0"/>
<pin id="93" dir="0" index="2" bw="16" slack="0"/>
<pin id="94" dir="0" index="3" bw="16" slack="0"/>
<pin id="95" dir="0" index="4" bw="16" slack="0"/>
<pin id="96" dir="0" index="5" bw="16" slack="0"/>
<pin id="97" dir="0" index="6" bw="16" slack="0"/>
<pin id="98" dir="0" index="7" bw="16" slack="0"/>
<pin id="99" dir="0" index="8" bw="16" slack="0"/>
<pin id="100" dir="0" index="9" bw="16" slack="0"/>
<pin id="101" dir="0" index="10" bw="16" slack="0"/>
<pin id="102" dir="0" index="11" bw="16" slack="0"/>
<pin id="103" dir="1" index="12" bw="0" slack="2147483647"/>
</pin_list>
<bind>
<opcode="call(48) " fcode="call"/>
<opset="call_ln286/1 "/>
</bind>
</comp>

<comp id="116" class="1004" name="tmp_dense_latency_ap_fixed_16_6_5_3_0_ap_fixed_16_6_5_3_0_config2_mult_s_fu_116">
<pin_list>
<pin id="117" dir="0" index="0" bw="48" slack="0"/>
<pin id="118" dir="0" index="1" bw="16" slack="0"/>
<pin id="119" dir="0" index="2" bw="16" slack="0"/>
<pin id="120" dir="0" index="3" bw="16" slack="0"/>
<pin id="121" dir="0" index="4" bw="16" slack="0"/>
<pin id="122" dir="0" index="5" bw="16" slack="0"/>
<pin id="123" dir="0" index="6" bw="16" slack="0"/>
<pin id="124" dir="0" index="7" bw="16" slack="0"/>
<pin id="125" dir="0" index="8" bw="16" slack="0"/>
<pin id="126" dir="1" index="9" bw="48" slack="0"/>
</pin_list>
<bind>
<opcode="call(48) " fcode="call"/>
<opset="tmp/2 "/>
</bind>
</comp>

<comp id="136" class="1004" name="sX_3_load_load_fu_136">
<pin_list>
<pin id="137" dir="0" index="0" bw="32" slack="0"/>
<pin id="138" dir="1" index="1" bw="32" slack="0"/>
</pin_list>
<bind>
<opcode="load(27) " fcode="load"/>
<opset="sX_3_load/2 "/>
</bind>
</comp>

<comp id="140" class="1004" name="icmp_ln289_fu_140">
<pin_list>
<pin id="141" dir="0" index="0" bw="32" slack="0"/>
<pin id="142" dir="0" index="1" bw="3" slack="0"/>
<pin id="143" dir="1" index="2" bw="1" slack="0"/>
</pin_list>
<bind>
<opcode="icmp(45) " fcode="icmp"/>
<opset="icmp_ln289/2 "/>
</bind>
</comp>

<comp id="146" class="1004" name="sY_3_load_load_fu_146">
<pin_list>
<pin id="147" dir="0" index="0" bw="32" slack="0"/>
<pin id="148" dir="1" index="1" bw="32" slack="0"/>
</pin_list>
<bind>
<opcode="load(27) " fcode="load"/>
<opset="sY_3_load/2 "/>
</bind>
</comp>

<comp id="150" class="1004" name="pY_3_load_load_fu_150">
<pin_list>
<pin id="151" dir="0" index="0" bw="32" slack="0"/>
<pin id="152" dir="1" index="1" bw="32" slack="0"/>
</pin_list>
<bind>
<opcode="load(27) " fcode="load"/>
<opset="pY_3_load/2 "/>
</bind>
</comp>

<comp id="154" class="1004" name="pX_3_load_load_fu_154">
<pin_list>
<pin id="155" dir="0" index="0" bw="32" slack="0"/>
<pin id="156" dir="1" index="1" bw="32" slack="0"/>
</pin_list>
<bind>
<opcode="load(27) " fcode="load"/>
<opset="pX_3_load/2 "/>
</bind>
</comp>

<comp id="158" class="1004" name="icmp_ln289_4_fu_158">
<pin_list>
<pin id="159" dir="0" index="0" bw="32" slack="0"/>
<pin id="160" dir="0" index="1" bw="3" slack="0"/>
<pin id="161" dir="1" index="2" bw="1" slack="0"/>
</pin_list>
<bind>
<opcode="icmp(45) " fcode="icmp"/>
<opset="icmp_ln289_4/2 "/>
</bind>
</comp>

<comp id="164" class="1004" name="tmp_7_fu_164">
<pin_list>
<pin id="165" dir="0" index="0" bw="31" slack="0"/>
<pin id="166" dir="0" index="1" bw="32" slack="0"/>
<pin id="167" dir="0" index="2" bw="1" slack="0"/>
<pin id="168" dir="0" index="3" bw="6" slack="0"/>
<pin id="169" dir="1" index="4" bw="31" slack="0"/>
</pin_list>
<bind>
<opcode="partselect(1002) " fcode="partselect"/>
<opset="tmp_7/2 "/>
</bind>
</comp>

<comp id="174" class="1004" name="icmp_ln289_5_fu_174">
<pin_list>
<pin id="175" dir="0" index="0" bw="31" slack="0"/>
<pin id="176" dir="0" index="1" bw="1" slack="0"/>
<pin id="177" dir="1" index="2" bw="1" slack="0"/>
</pin_list>
<bind>
<opcode="icmp(45) " fcode="icmp"/>
<opset="icmp_ln289_5/2 "/>
</bind>
</comp>

<comp id="180" class="1004" name="tmp_8_fu_180">
<pin_list>
<pin id="181" dir="0" index="0" bw="31" slack="0"/>
<pin id="182" dir="0" index="1" bw="32" slack="0"/>
<pin id="183" dir="0" index="2" bw="1" slack="0"/>
<pin id="184" dir="0" index="3" bw="6" slack="0"/>
<pin id="185" dir="1" index="4" bw="31" slack="0"/>
</pin_list>
<bind>
<opcode="partselect(1002) " fcode="partselect"/>
<opset="tmp_8/2 "/>
</bind>
</comp>

<comp id="190" class="1004" name="icmp_ln289_6_fu_190">
<pin_list>
<pin id="191" dir="0" index="0" bw="31" slack="0"/>
<pin id="192" dir="0" index="1" bw="1" slack="0"/>
<pin id="193" dir="1" index="2" bw="1" slack="0"/>
</pin_list>
<bind>
<opcode="icmp(45) " fcode="icmp"/>
<opset="icmp_ln289_6/2 "/>
</bind>
</comp>

<comp id="196" class="1004" name="and_ln289_fu_196">
<pin_list>
<pin id="197" dir="0" index="0" bw="1" slack="0"/>
<pin id="198" dir="0" index="1" bw="1" slack="0"/>
<pin id="199" dir="1" index="2" bw="1" slack="0"/>
</pin_list>
<bind>
<opcode="and(23) " fcode="and"/>
<opset="and_ln289/2 "/>
</bind>
</comp>

<comp id="202" class="1004" name="and_ln289_2_fu_202">
<pin_list>
<pin id="203" dir="0" index="0" bw="1" slack="0"/>
<pin id="204" dir="0" index="1" bw="1" slack="0"/>
<pin id="205" dir="1" index="2" bw="1" slack="1"/>
</pin_list>
<bind>
<opcode="and(23) " fcode="and"/>
<opset="and_ln289_2/2 "/>
</bind>
</comp>

<comp id="208" class="1004" name="res_out_fu_208">
<pin_list>
<pin id="209" dir="0" index="0" bw="48" slack="0"/>
<pin id="210" dir="1" index="1" bw="16" slack="1"/>
</pin_list>
<bind>
<opcode="extractvalue(56) " fcode="extractvalue"/>
<opset="res_out/2 "/>
</bind>
</comp>

<comp id="212" class="1004" name="res_out_9_fu_212">
<pin_list>
<pin id="213" dir="0" index="0" bw="48" slack="0"/>
<pin id="214" dir="1" index="1" bw="16" slack="1"/>
</pin_list>
<bind>
<opcode="extractvalue(56) " fcode="extractvalue"/>
<opset="res_out_9/2 "/>
</bind>
</comp>

<comp id="216" class="1004" name="res_out_10_fu_216">
<pin_list>
<pin id="217" dir="0" index="0" bw="48" slack="0"/>
<pin id="218" dir="1" index="1" bw="16" slack="1"/>
</pin_list>
<bind>
<opcode="extractvalue(56) " fcode="extractvalue"/>
<opset="res_out_10/2 "/>
</bind>
</comp>

<comp id="220" class="1004" name="add_ln313_fu_220">
<pin_list>
<pin id="221" dir="0" index="0" bw="32" slack="0"/>
<pin id="222" dir="0" index="1" bw="1" slack="0"/>
<pin id="223" dir="1" index="2" bw="32" slack="0"/>
</pin_list>
<bind>
<opcode="add(8) " fcode="add"/>
<opset="add_ln313/2 "/>
</bind>
</comp>

<comp id="226" class="1004" name="icmp_ln313_fu_226">
<pin_list>
<pin id="227" dir="0" index="0" bw="32" slack="0"/>
<pin id="228" dir="0" index="1" bw="5" slack="0"/>
<pin id="229" dir="1" index="2" bw="1" slack="1"/>
</pin_list>
<bind>
<opcode="icmp(45) " fcode="icmp"/>
<opset="icmp_ln313/2 "/>
</bind>
</comp>

<comp id="232" class="1004" name="store_ln326_store_fu_232">
<pin_list>
<pin id="233" dir="0" index="0" bw="32" slack="0"/>
<pin id="234" dir="0" index="1" bw="32" slack="0"/>
<pin id="235" dir="1" index="2" bw="0" slack="2147483647"/>
</pin_list>
<bind>
<opcode="store(28) " fcode="store"/>
<opset="store_ln326/2 "/>
</bind>
</comp>

<comp id="238" class="1004" name="add_ln328_fu_238">
<pin_list>
<pin id="239" dir="0" index="0" bw="32" slack="0"/>
<pin id="240" dir="0" index="1" bw="1" slack="0"/>
<pin id="241" dir="1" index="2" bw="32" slack="0"/>
</pin_list>
<bind>
<opcode="add(8) " fcode="add"/>
<opset="add_ln328/2 "/>
</bind>
</comp>

<comp id="244" class="1004" name="select_ln328_fu_244">
<pin_list>
<pin id="245" dir="0" index="0" bw="1" slack="0"/>
<pin id="246" dir="0" index="1" bw="3" slack="0"/>
<pin id="247" dir="0" index="2" bw="32" slack="0"/>
<pin id="248" dir="1" index="3" bw="32" slack="0"/>
</pin_list>
<bind>
<opcode="select(49) " fcode="select"/>
<opset="select_ln328/2 "/>
</bind>
</comp>

<comp id="252" class="1004" name="store_ln328_store_fu_252">
<pin_list>
<pin id="253" dir="0" index="0" bw="32" slack="0"/>
<pin id="254" dir="0" index="1" bw="32" slack="0"/>
<pin id="255" dir="1" index="2" bw="0" slack="2147483647"/>
</pin_list>
<bind>
<opcode="store(28) " fcode="store"/>
<opset="store_ln328/2 "/>
</bind>
</comp>

<comp id="258" class="1004" name="store_ln315_store_fu_258">
<pin_list>
<pin id="259" dir="0" index="0" bw="1" slack="0"/>
<pin id="260" dir="0" index="1" bw="32" slack="0"/>
<pin id="261" dir="1" index="2" bw="0" slack="2147483647"/>
</pin_list>
<bind>
<opcode="store(28) " fcode="store"/>
<opset="store_ln315/2 "/>
</bind>
</comp>

<comp id="264" class="1004" name="store_ln316_store_fu_264">
<pin_list>
<pin id="265" dir="0" index="0" bw="1" slack="0"/>
<pin id="266" dir="0" index="1" bw="32" slack="0"/>
<pin id="267" dir="1" index="2" bw="0" slack="2147483647"/>
</pin_list>
<bind>
<opcode="store(28) " fcode="store"/>
<opset="store_ln316/2 "/>
</bind>
</comp>

<comp id="270" class="1004" name="add_ln317_fu_270">
<pin_list>
<pin id="271" dir="0" index="0" bw="32" slack="0"/>
<pin id="272" dir="0" index="1" bw="1" slack="0"/>
<pin id="273" dir="1" index="2" bw="32" slack="0"/>
</pin_list>
<bind>
<opcode="add(8) " fcode="add"/>
<opset="add_ln317/2 "/>
</bind>
</comp>

<comp id="276" class="1004" name="icmp_ln317_fu_276">
<pin_list>
<pin id="277" dir="0" index="0" bw="32" slack="0"/>
<pin id="278" dir="0" index="1" bw="5" slack="0"/>
<pin id="279" dir="1" index="2" bw="1" slack="2147483647"/>
</pin_list>
<bind>
<opcode="icmp(45) " fcode="icmp"/>
<opset="icmp_ln317/2 "/>
</bind>
</comp>

<comp id="282" class="1004" name="store_ln321_store_fu_282">
<pin_list>
<pin id="283" dir="0" index="0" bw="32" slack="0"/>
<pin id="284" dir="0" index="1" bw="32" slack="0"/>
<pin id="285" dir="1" index="2" bw="0" slack="2147483647"/>
</pin_list>
<bind>
<opcode="store(28) " fcode="store"/>
<opset="store_ln321/2 "/>
</bind>
</comp>

<comp id="288" class="1004" name="icmp_ln323_fu_288">
<pin_list>
<pin id="289" dir="0" index="0" bw="32" slack="0"/>
<pin id="290" dir="0" index="1" bw="3" slack="0"/>
<pin id="291" dir="1" index="2" bw="1" slack="0"/>
</pin_list>
<bind>
<opcode="icmp(45) " fcode="icmp"/>
<opset="icmp_ln323/2 "/>
</bind>
</comp>

<comp id="294" class="1004" name="add_ln323_fu_294">
<pin_list>
<pin id="295" dir="0" index="0" bw="32" slack="0"/>
<pin id="296" dir="0" index="1" bw="1" slack="0"/>
<pin id="297" dir="1" index="2" bw="32" slack="0"/>
</pin_list>
<bind>
<opcode="add(8) " fcode="add"/>
<opset="add_ln323/2 "/>
</bind>
</comp>

<comp id="300" class="1004" name="select_ln323_fu_300">
<pin_list>
<pin id="301" dir="0" index="0" bw="1" slack="0"/>
<pin id="302" dir="0" index="1" bw="3" slack="0"/>
<pin id="303" dir="0" index="2" bw="32" slack="0"/>
<pin id="304" dir="1" index="3" bw="32" slack="1"/>
</pin_list>
<bind>
<opcode="select(49) " fcode="select"/>
<opset="select_ln323/2 "/>
</bind>
</comp>

<comp id="308" class="1004" name="store_ln318_store_fu_308">
<pin_list>
<pin id="309" dir="0" index="0" bw="1" slack="0"/>
<pin id="310" dir="0" index="1" bw="32" slack="0"/>
<pin id="311" dir="1" index="2" bw="0" slack="2147483647"/>
</pin_list>
<bind>
<opcode="store(28) " fcode="store"/>
<opset="store_ln318/2 "/>
</bind>
</comp>

<comp id="314" class="1004" name="p_0_fu_314">
<pin_list>
<pin id="315" dir="0" index="0" bw="48" slack="0"/>
<pin id="316" dir="0" index="1" bw="16" slack="1"/>
<pin id="317" dir="0" index="2" bw="16" slack="1"/>
<pin id="318" dir="0" index="3" bw="16" slack="1"/>
<pin id="319" dir="1" index="4" bw="48" slack="0"/>
</pin_list>
<bind>
<opcode="bitconcatenate(1004) " fcode="bitconcatenate"/>
<opset="p_0/3 "/>
</bind>
</comp>

<comp id="322" class="1004" name="store_ln319_store_fu_322">
<pin_list>
<pin id="323" dir="0" index="0" bw="32" slack="0"/>
<pin id="324" dir="0" index="1" bw="32" slack="0"/>
<pin id="325" dir="1" index="2" bw="0" slack="2147483647"/>
</pin_list>
<bind>
<opcode="store(28) " fcode="store"/>
<opset="store_ln319/3 "/>
</bind>
</comp>

<comp id="328" class="1005" name="icmp_ln289_reg_328">
<pin_list>
<pin id="329" dir="0" index="0" bw="1" slack="1"/>
<pin id="330" dir="1" index="1" bw="1" slack="2147483647"/>
</pin_list>
<bind>
<opset="icmp_ln289 "/>
</bind>
</comp>

<comp id="332" class="1005" name="and_ln289_2_reg_332">
<pin_list>
<pin id="333" dir="0" index="0" bw="1" slack="1"/>
<pin id="334" dir="1" index="1" bw="1" slack="2147483647"/>
</pin_list>
<bind>
<opset="and_ln289_2 "/>
</bind>
</comp>

<comp id="336" class="1005" name="res_out_reg_336">
<pin_list>
<pin id="337" dir="0" index="0" bw="16" slack="1"/>
<pin id="338" dir="1" index="1" bw="16" slack="1"/>
</pin_list>
<bind>
<opset="res_out "/>
</bind>
</comp>

<comp id="341" class="1005" name="res_out_9_reg_341">
<pin_list>
<pin id="342" dir="0" index="0" bw="16" slack="1"/>
<pin id="343" dir="1" index="1" bw="16" slack="1"/>
</pin_list>
<bind>
<opset="res_out_9 "/>
</bind>
</comp>

<comp id="346" class="1005" name="res_out_10_reg_346">
<pin_list>
<pin id="347" dir="0" index="0" bw="16" slack="1"/>
<pin id="348" dir="1" index="1" bw="16" slack="1"/>
</pin_list>
<bind>
<opset="res_out_10 "/>
</bind>
</comp>

<comp id="351" class="1005" name="icmp_ln313_reg_351">
<pin_list>
<pin id="352" dir="0" index="0" bw="1" slack="1"/>
<pin id="353" dir="1" index="1" bw="1" slack="2147483647"/>
</pin_list>
<bind>
<opset="icmp_ln313 "/>
</bind>
</comp>

<comp id="358" class="1005" name="select_ln323_reg_358">
<pin_list>
<pin id="359" dir="0" index="0" bw="32" slack="1"/>
<pin id="360" dir="1" index="1" bw="32" slack="1"/>
</pin_list>
<bind>
<opset="select_ln323 "/>
</bind>
</comp>

</comp_list>

<net_list>
<net id="70"><net_src comp="32" pin="0"/><net_sink comp="66" pin=0"/></net>

<net id="71"><net_src comp="0" pin="0"/><net_sink comp="66" pin=1"/></net>

<net id="77"><net_src comp="64" pin="0"/><net_sink comp="72" pin=0"/></net>

<net id="78"><net_src comp="2" pin="0"/><net_sink comp="72" pin=1"/></net>

<net id="82"><net_src comp="40" pin="0"/><net_sink comp="79" pin=0"/></net>

<net id="89"><net_src comp="79" pin="1"/><net_sink comp="83" pin=2"/></net>

<net id="104"><net_src comp="34" pin="0"/><net_sink comp="90" pin=0"/></net>

<net id="105"><net_src comp="66" pin="2"/><net_sink comp="90" pin=1"/></net>

<net id="106"><net_src comp="4" pin="0"/><net_sink comp="90" pin=2"/></net>

<net id="107"><net_src comp="6" pin="0"/><net_sink comp="90" pin=3"/></net>

<net id="108"><net_src comp="8" pin="0"/><net_sink comp="90" pin=4"/></net>

<net id="109"><net_src comp="10" pin="0"/><net_sink comp="90" pin=5"/></net>

<net id="110"><net_src comp="12" pin="0"/><net_sink comp="90" pin=6"/></net>

<net id="111"><net_src comp="14" pin="0"/><net_sink comp="90" pin=7"/></net>

<net id="112"><net_src comp="16" pin="0"/><net_sink comp="90" pin=8"/></net>

<net id="113"><net_src comp="18" pin="0"/><net_sink comp="90" pin=9"/></net>

<net id="114"><net_src comp="20" pin="0"/><net_sink comp="90" pin=10"/></net>

<net id="115"><net_src comp="22" pin="0"/><net_sink comp="90" pin=11"/></net>

<net id="127"><net_src comp="56" pin="0"/><net_sink comp="116" pin=0"/></net>

<net id="128"><net_src comp="18" pin="0"/><net_sink comp="116" pin=1"/></net>

<net id="129"><net_src comp="8" pin="0"/><net_sink comp="116" pin=2"/></net>

<net id="130"><net_src comp="14" pin="0"/><net_sink comp="116" pin=3"/></net>

<net id="131"><net_src comp="4" pin="0"/><net_sink comp="116" pin=4"/></net>

<net id="132"><net_src comp="10" pin="0"/><net_sink comp="116" pin=5"/></net>

<net id="133"><net_src comp="16" pin="0"/><net_sink comp="116" pin=6"/></net>

<net id="134"><net_src comp="6" pin="0"/><net_sink comp="116" pin=7"/></net>

<net id="135"><net_src comp="12" pin="0"/><net_sink comp="116" pin=8"/></net>

<net id="139"><net_src comp="24" pin="0"/><net_sink comp="136" pin=0"/></net>

<net id="144"><net_src comp="136" pin="1"/><net_sink comp="140" pin=0"/></net>

<net id="145"><net_src comp="46" pin="0"/><net_sink comp="140" pin=1"/></net>

<net id="149"><net_src comp="26" pin="0"/><net_sink comp="146" pin=0"/></net>

<net id="153"><net_src comp="28" pin="0"/><net_sink comp="150" pin=0"/></net>

<net id="157"><net_src comp="30" pin="0"/><net_sink comp="154" pin=0"/></net>

<net id="162"><net_src comp="146" pin="1"/><net_sink comp="158" pin=0"/></net>

<net id="163"><net_src comp="46" pin="0"/><net_sink comp="158" pin=1"/></net>

<net id="170"><net_src comp="48" pin="0"/><net_sink comp="164" pin=0"/></net>

<net id="171"><net_src comp="150" pin="1"/><net_sink comp="164" pin=1"/></net>

<net id="172"><net_src comp="50" pin="0"/><net_sink comp="164" pin=2"/></net>

<net id="173"><net_src comp="52" pin="0"/><net_sink comp="164" pin=3"/></net>

<net id="178"><net_src comp="164" pin="4"/><net_sink comp="174" pin=0"/></net>

<net id="179"><net_src comp="54" pin="0"/><net_sink comp="174" pin=1"/></net>

<net id="186"><net_src comp="48" pin="0"/><net_sink comp="180" pin=0"/></net>

<net id="187"><net_src comp="154" pin="1"/><net_sink comp="180" pin=1"/></net>

<net id="188"><net_src comp="50" pin="0"/><net_sink comp="180" pin=2"/></net>

<net id="189"><net_src comp="52" pin="0"/><net_sink comp="180" pin=3"/></net>

<net id="194"><net_src comp="180" pin="4"/><net_sink comp="190" pin=0"/></net>

<net id="195"><net_src comp="54" pin="0"/><net_sink comp="190" pin=1"/></net>

<net id="200"><net_src comp="174" pin="2"/><net_sink comp="196" pin=0"/></net>

<net id="201"><net_src comp="190" pin="2"/><net_sink comp="196" pin=1"/></net>

<net id="206"><net_src comp="196" pin="2"/><net_sink comp="202" pin=0"/></net>

<net id="207"><net_src comp="158" pin="2"/><net_sink comp="202" pin=1"/></net>

<net id="211"><net_src comp="116" pin="9"/><net_sink comp="208" pin=0"/></net>

<net id="215"><net_src comp="116" pin="9"/><net_sink comp="212" pin=0"/></net>

<net id="219"><net_src comp="116" pin="9"/><net_sink comp="216" pin=0"/></net>

<net id="224"><net_src comp="154" pin="1"/><net_sink comp="220" pin=0"/></net>

<net id="225"><net_src comp="50" pin="0"/><net_sink comp="220" pin=1"/></net>

<net id="230"><net_src comp="220" pin="2"/><net_sink comp="226" pin=0"/></net>

<net id="231"><net_src comp="58" pin="0"/><net_sink comp="226" pin=1"/></net>

<net id="236"><net_src comp="220" pin="2"/><net_sink comp="232" pin=0"/></net>

<net id="237"><net_src comp="30" pin="0"/><net_sink comp="232" pin=1"/></net>

<net id="242"><net_src comp="136" pin="1"/><net_sink comp="238" pin=0"/></net>

<net id="243"><net_src comp="50" pin="0"/><net_sink comp="238" pin=1"/></net>

<net id="249"><net_src comp="140" pin="2"/><net_sink comp="244" pin=0"/></net>

<net id="250"><net_src comp="46" pin="0"/><net_sink comp="244" pin=1"/></net>

<net id="251"><net_src comp="238" pin="2"/><net_sink comp="244" pin=2"/></net>

<net id="256"><net_src comp="244" pin="3"/><net_sink comp="252" pin=0"/></net>

<net id="257"><net_src comp="24" pin="0"/><net_sink comp="252" pin=1"/></net>

<net id="262"><net_src comp="40" pin="0"/><net_sink comp="258" pin=0"/></net>

<net id="263"><net_src comp="30" pin="0"/><net_sink comp="258" pin=1"/></net>

<net id="268"><net_src comp="40" pin="0"/><net_sink comp="264" pin=0"/></net>

<net id="269"><net_src comp="24" pin="0"/><net_sink comp="264" pin=1"/></net>

<net id="274"><net_src comp="150" pin="1"/><net_sink comp="270" pin=0"/></net>

<net id="275"><net_src comp="50" pin="0"/><net_sink comp="270" pin=1"/></net>

<net id="280"><net_src comp="270" pin="2"/><net_sink comp="276" pin=0"/></net>

<net id="281"><net_src comp="60" pin="0"/><net_sink comp="276" pin=1"/></net>

<net id="286"><net_src comp="270" pin="2"/><net_sink comp="282" pin=0"/></net>

<net id="287"><net_src comp="28" pin="0"/><net_sink comp="282" pin=1"/></net>

<net id="292"><net_src comp="146" pin="1"/><net_sink comp="288" pin=0"/></net>

<net id="293"><net_src comp="46" pin="0"/><net_sink comp="288" pin=1"/></net>

<net id="298"><net_src comp="146" pin="1"/><net_sink comp="294" pin=0"/></net>

<net id="299"><net_src comp="50" pin="0"/><net_sink comp="294" pin=1"/></net>

<net id="305"><net_src comp="288" pin="2"/><net_sink comp="300" pin=0"/></net>

<net id="306"><net_src comp="46" pin="0"/><net_sink comp="300" pin=1"/></net>

<net id="307"><net_src comp="294" pin="2"/><net_sink comp="300" pin=2"/></net>

<net id="312"><net_src comp="40" pin="0"/><net_sink comp="308" pin=0"/></net>

<net id="313"><net_src comp="28" pin="0"/><net_sink comp="308" pin=1"/></net>

<net id="320"><net_src comp="62" pin="0"/><net_sink comp="314" pin=0"/></net>

<net id="321"><net_src comp="314" pin="4"/><net_sink comp="72" pin=2"/></net>

<net id="326"><net_src comp="83" pin="4"/><net_sink comp="322" pin=0"/></net>

<net id="327"><net_src comp="26" pin="0"/><net_sink comp="322" pin=1"/></net>

<net id="331"><net_src comp="140" pin="2"/><net_sink comp="328" pin=0"/></net>

<net id="335"><net_src comp="202" pin="2"/><net_sink comp="332" pin=0"/></net>

<net id="339"><net_src comp="208" pin="1"/><net_sink comp="336" pin=0"/></net>

<net id="340"><net_src comp="336" pin="1"/><net_sink comp="314" pin=3"/></net>

<net id="344"><net_src comp="212" pin="1"/><net_sink comp="341" pin=0"/></net>

<net id="345"><net_src comp="341" pin="1"/><net_sink comp="314" pin=2"/></net>

<net id="349"><net_src comp="216" pin="1"/><net_sink comp="346" pin=0"/></net>

<net id="350"><net_src comp="346" pin="1"/><net_sink comp="314" pin=1"/></net>

<net id="354"><net_src comp="226" pin="2"/><net_sink comp="351" pin=0"/></net>

<net id="361"><net_src comp="300" pin="3"/><net_sink comp="358" pin=0"/></net>

<net id="362"><net_src comp="358" pin="1"/><net_sink comp="83" pin=0"/></net>

</net_list>

</model> 
---------------- Datapath Model END ------------------

* FSMD analyzer results:
  - Output states:
	Port: layer2_out | {3 }
	Port: void_compute_output_buffer_2d_array_const_ap_shift_reg_n_chan_stream_weig_14 | {1 }
	Port: void_compute_output_buffer_2d_array_const_ap_shift_reg_n_chan_stream_weig_11 | {1 }
	Port: void_compute_output_buffer_2d_array_const_ap_shift_reg_n_chan_stream_weig_16 | {1 }
	Port: void_compute_output_buffer_2d_array_const_ap_shift_reg_n_chan_stream_weig_13 | {1 }
	Port: void_compute_output_buffer_2d_array_const_ap_shift_reg_n_chan_stream_weig_10 | {1 }
	Port: void_compute_output_buffer_2d_array_const_ap_shift_reg_n_chan_stream_weig_15 | {1 }
	Port: void_compute_output_buffer_2d_array_const_ap_shift_reg_n_chan_stream_weig_12 | {1 }
	Port: void_compute_output_buffer_2d_array_const_ap_shift_reg_n_chan_stream_weig_17 | {1 }
	Port: void_conv_2d_buffer_latency_cl_stream_stream_weight_t_bias_t_line_buffer_1 | {1 }
	Port: void_conv_2d_buffer_latency_cl_stream_stream_weight_t_bias_t_line_buffer | {1 }
	Port: sX_3 | {2 }
	Port: sY_3 | {3 }
	Port: pY_3 | {2 }
	Port: pX_3 | {2 }
 - Input state : 
	Port: compute_output_buffer_2d<array,array<ap_fixed<16,6,5,3,0>,3u>,config2> : in_elem_0_0_0_0_0_val | {1 }
	Port: compute_output_buffer_2d<array,array<ap_fixed<16,6,5,3,0>,3u>,config2> : void_compute_output_buffer_2d_array_const_ap_shift_reg_n_chan_stream_weig_14 | {1 2 }
	Port: compute_output_buffer_2d<array,array<ap_fixed<16,6,5,3,0>,3u>,config2> : void_compute_output_buffer_2d_array_const_ap_shift_reg_n_chan_stream_weig_11 | {1 2 }
	Port: compute_output_buffer_2d<array,array<ap_fixed<16,6,5,3,0>,3u>,config2> : void_compute_output_buffer_2d_array_const_ap_shift_reg_n_chan_stream_weig_16 | {1 2 }
	Port: compute_output_buffer_2d<array,array<ap_fixed<16,6,5,3,0>,3u>,config2> : void_compute_output_buffer_2d_array_const_ap_shift_reg_n_chan_stream_weig_13 | {1 2 }
	Port: compute_output_buffer_2d<array,array<ap_fixed<16,6,5,3,0>,3u>,config2> : void_compute_output_buffer_2d_array_const_ap_shift_reg_n_chan_stream_weig_10 | {1 2 }
	Port: compute_output_buffer_2d<array,array<ap_fixed<16,6,5,3,0>,3u>,config2> : void_compute_output_buffer_2d_array_const_ap_shift_reg_n_chan_stream_weig_15 | {2 }
	Port: compute_output_buffer_2d<array,array<ap_fixed<16,6,5,3,0>,3u>,config2> : void_compute_output_buffer_2d_array_const_ap_shift_reg_n_chan_stream_weig_12 | {2 }
	Port: compute_output_buffer_2d<array,array<ap_fixed<16,6,5,3,0>,3u>,config2> : void_compute_output_buffer_2d_array_const_ap_shift_reg_n_chan_stream_weig_17 | {2 }
	Port: compute_output_buffer_2d<array,array<ap_fixed<16,6,5,3,0>,3u>,config2> : void_conv_2d_buffer_latency_cl_stream_stream_weight_t_bias_t_line_buffer_1 | {1 }
	Port: compute_output_buffer_2d<array,array<ap_fixed<16,6,5,3,0>,3u>,config2> : void_conv_2d_buffer_latency_cl_stream_stream_weight_t_bias_t_line_buffer | {1 }
	Port: compute_output_buffer_2d<array,array<ap_fixed<16,6,5,3,0>,3u>,config2> : sX_3 | {2 }
	Port: compute_output_buffer_2d<array,array<ap_fixed<16,6,5,3,0>,3u>,config2> : sY_3 | {2 }
	Port: compute_output_buffer_2d<array,array<ap_fixed<16,6,5,3,0>,3u>,config2> : pY_3 | {2 }
	Port: compute_output_buffer_2d<array,array<ap_fixed<16,6,5,3,0>,3u>,config2> : pX_3 | {2 }
  - Chain level:
	State 1
	State 2
		icmp_ln289 : 1
		br_ln289 : 2
		icmp_ln289_4 : 1
		tmp_7 : 1
		icmp_ln289_5 : 2
		tmp_8 : 1
		icmp_ln289_6 : 2
		and_ln289 : 3
		and_ln289_2 : 3
		br_ln289 : 3
		res_out : 1
		res_out_9 : 1
		res_out_10 : 1
		add_ln313 : 1
		icmp_ln313 : 2
		br_ln313 : 3
		store_ln326 : 2
		add_ln328 : 1
		select_ln328 : 2
		store_ln328 : 3
		add_ln317 : 1
		icmp_ln317 : 2
		br_ln317 : 3
		store_ln321 : 2
		icmp_ln323 : 1
		add_ln323 : 1
		select_ln323 : 2
	State 3
		write_ln309 : 1
		store_ln319 : 1


============================================================
+ Verbose Summary: Datapath Resource usage 
============================================================

* Functional unit list:
|----------|---------------------------------------------------------------------------------|---------|---------|
| Operation|                                 Functional Unit                                 |    FF   |   LUT   |
|----------|---------------------------------------------------------------------------------|---------|---------|
|   call   |    call_ln286_shift_line_buffer_array_ap_fixed_16_6_5_3_0_1u_config2_s_fu_90    |    0    |    0    |
|          | tmp_dense_latency_ap_fixed_16_6_5_3_0_ap_fixed_16_6_5_3_0_config2_mult_s_fu_116 |    0    |   707   |
|----------|---------------------------------------------------------------------------------|---------|---------|
|          |                                icmp_ln289_fu_140                                |    0    |    39   |
|          |                               icmp_ln289_4_fu_158                               |    0    |    39   |
|          |                               icmp_ln289_5_fu_174                               |    0    |    38   |
|   icmp   |                               icmp_ln289_6_fu_190                               |    0    |    38   |
|          |                                icmp_ln313_fu_226                                |    0    |    39   |
|          |                                icmp_ln317_fu_276                                |    0    |    39   |
|          |                                icmp_ln323_fu_288                                |    0    |    39   |
|----------|---------------------------------------------------------------------------------|---------|---------|
|          |                                 add_ln313_fu_220                                |    0    |    39   |
|    add   |                                 add_ln328_fu_238                                |    0    |    39   |
|          |                                 add_ln317_fu_270                                |    0    |    39   |
|          |                                 add_ln323_fu_294                                |    0    |    39   |
|----------|---------------------------------------------------------------------------------|---------|---------|
|  select  |                               select_ln328_fu_244                               |    0    |    32   |
|          |                               select_ln323_fu_300                               |    0    |    32   |
|----------|---------------------------------------------------------------------------------|---------|---------|
|    and   |                                 and_ln289_fu_196                                |    0    |    2    |
|          |                                and_ln289_2_fu_202                               |    0    |    2    |
|----------|---------------------------------------------------------------------------------|---------|---------|
|   read   |                      in_elem_0_0_0_0_0_val_read_read_fu_66                      |    0    |    0    |
|----------|---------------------------------------------------------------------------------|---------|---------|
|   write  |                             write_ln309_write_fu_72                             |    0    |    0    |
|----------|---------------------------------------------------------------------------------|---------|---------|
|partselect|                                   tmp_7_fu_164                                  |    0    |    0    |
|          |                                   tmp_8_fu_180                                  |    0    |    0    |
|----------|---------------------------------------------------------------------------------|---------|---------|
|          |                                  res_out_fu_208                                 |    0    |    0    |
|extractvalue|                                 res_out_9_fu_212                                |    0    |    0    |
|          |                                res_out_10_fu_216                                |    0    |    0    |
|----------|---------------------------------------------------------------------------------|---------|---------|
|bitconcatenate|                                    p_0_fu_314                                   |    0    |    0    |
|----------|---------------------------------------------------------------------------------|---------|---------|
|   Total  |                                                                                 |    0    |   1202  |
|----------|---------------------------------------------------------------------------------|---------|---------|

Memories:
N/A

* Register list:
+--------------------+--------+
|                    |   FF   |
+--------------------+--------+
| and_ln289_2_reg_332|    1   |
| icmp_ln289_reg_328 |    1   |
| icmp_ln313_reg_351 |    1   |
| res_out_10_reg_346 |   16   |
|  res_out_9_reg_341 |   16   |
|   res_out_reg_336  |   16   |
|select_ln323_reg_358|   32   |
|  storemerge_reg_79 |   32   |
+--------------------+--------+
|        Total       |   115  |
+--------------------+--------+

* Multiplexer (MUX) list: 
|--------|------|------|------|--------|
|  Comp  |  Pin | Size |  BW  | S x BW |
|--------|------|------|------|--------|
|  Total |      |      |      |    0   |
|--------|------|------|------|--------|



* Summary:
+-----------+--------+--------+
|           |   FF   |   LUT  |
+-----------+--------+--------+
|  Function |    0   |  1202  |
|   Memory  |    -   |    -   |
|Multiplexer|    -   |    -   |
|  Register |   115  |    -   |
+-----------+--------+--------+
|   Total   |   115  |  1202  |
+-----------+--------+--------+
