

================================================================
== Vitis HLS Report for 'conv_2d_cl_array_ap_fixed_1u_array_ap_fixed_16_6_5_3_0_3u_config2_s'
================================================================
* Date:           Sun Apr 28 19:53:13 2024

* Version:        2023.1 (Build 3854077 on May  4 2023)
* Project:        myproject_prj
* Solution:       solution1 (Vivado IP Flow Target)
* Product family: virtexuplus
* Target device:  xcvu13p-flga2577-2-e


================================================================
== Performance Estimates
================================================================
+ Timing: 
    * Summary: 
    +--------+---------+----------+------------+
    |  Clock |  Target | Estimated| Uncertainty|
    +--------+---------+----------+------------+
    |ap_clk  |  5.00 ns|  4.078 ns|     0.62 ns|
    +--------+---------+----------+------------+

+ Latency: 
    * Summary: 
    +---------+---------+----------+----------+-----+-----+---------+
    |  Latency (cycles) |  Latency (absolute) |  Interval | Pipeline|
    |   min   |   max   |    min   |    max   | min | max |   Type  |
    +---------+---------+----------+----------+-----+-----+---------+
    |      303|      303|  1.515 us|  1.515 us|  303|  303|       no|
    +---------+---------+----------+----------+-----+-----+---------+

    + Detail: 
        * Instance: 
        N/A

        * Loop: 
        +----------------------------------+---------+---------+----------+-----------+-----------+------+----------+
        |                                  |  Latency (cycles) | Iteration|  Initiation Interval  | Trip |          |
        |             Loop Name            |   min   |   max   |  Latency |  achieved |   target  | Count| Pipelined|
        +----------------------------------+---------+---------+----------+-----------+-----------+------+----------+
        |- ReadInputHeight_ReadInputWidth  |      301|      301|         4|          2|          1|   150|       yes|
        +----------------------------------+---------+---------+----------+-----------+-----------+------+----------+

============================================================
+ Verbose Summary: Synthesis Manager
============================================================
InlineROM: 1
ExposeGlobal: 0
============================================================
+ Verbose Summary: CDFG Model
============================================================
IsTopModel: 0
ResetActiveHigh: 1
IsCombinational: 2
IsDatapathOnly: 0
HasWiredReturn: 1
HasMFsm: 2
HasVarLatency: 1
IsPipeline: 0
IsRtlPipelined: 0
IsInstanceOverlapped: 0
IsDontTouch: 0
HasImplIP: 0
IsGatedGlobalClock: 0

+ Individual pipeline summary: 
  * Pipeline-0: initiation interval (II) = 2, depth = 4


============================================================
+ Verbose Summary: Schedule
============================================================
* Number of FSM states : 4
* Pipeline : 1
  Pipeline-0 : II = 2, D = 4, States = { 1 2 3 4 }
* Dataflow Pipeline: 0

* FSM state transitions: 
1 --> 2 
2 --> 3 
3 --> 4 
4 --> 

* FSM state operations: 

State 1 <SV = 0> <Delay = 1.09>
ST_1 : Operation 7 [1/1] (0.00ns)   --->   "%indvar_flatten = alloca i32 1"   --->   Operation 7 'alloca' 'indvar_flatten' <Predicate = true> <Delay = 0.00>
ST_1 : Operation 8 [1/1] (0.00ns)   --->   "%specinterface_ln0 = specinterface void @_ssdm_op_SpecInterface, i48 %layer2_out, void @empty_5, i32 0, i32 0, void @empty_6, i32 0, i32 0, void @empty_6, void @empty_6, void @empty_6, i32 0, i32 0, i32 0, i32 0, void @empty_6, void @empty_6, i32 4294967295, i32 0"   --->   Operation 8 'specinterface' 'specinterface_ln0' <Predicate = true> <Delay = 0.00>
ST_1 : Operation 9 [1/1] (0.00ns)   --->   "%specinterface_ln0 = specinterface void @_ssdm_op_SpecInterface, i16 %layer20_out, void @empty_5, i32 0, i32 0, void @empty_6, i32 0, i32 0, void @empty_6, void @empty_6, void @empty_6, i32 0, i32 0, i32 0, i32 0, void @empty_6, void @empty_6, i32 4294967295, i32 0"   --->   Operation 9 'specinterface' 'specinterface_ln0' <Predicate = true> <Delay = 0.00>
ST_1 : Operation 10 [1/1] (0.38ns)   --->   "%store_ln24 = store i8 0, i8 %indvar_flatten" [firmware/nnet_utils/nnet_conv2d_stream.h:24->firmware/nnet_utils/nnet_conv2d_stream.h:75]   --->   Operation 10 'store' 'store_ln24' <Predicate = true> <Delay = 0.38>
ST_1 : Operation 11 [1/1] (0.00ns)   --->   "%br_ln24 = br void %for.inc.i" [firmware/nnet_utils/nnet_conv2d_stream.h:24->firmware/nnet_utils/nnet_conv2d_stream.h:75]   --->   Operation 11 'br' 'br_ln24' <Predicate = true> <Delay = 0.00>
ST_1 : Operation 12 [1/1] (0.00ns)   --->   "%indvar_flatten_load = load i8 %indvar_flatten" [firmware/nnet_utils/nnet_conv2d_stream.h:24->firmware/nnet_utils/nnet_conv2d_stream.h:75]   --->   Operation 12 'load' 'indvar_flatten_load' <Predicate = true> <Delay = 0.00>
ST_1 : Operation 13 [1/1] (0.70ns)   --->   "%icmp_ln24 = icmp_eq  i8 %indvar_flatten_load, i8 150" [firmware/nnet_utils/nnet_conv2d_stream.h:24->firmware/nnet_utils/nnet_conv2d_stream.h:75]   --->   Operation 13 'icmp' 'icmp_ln24' <Predicate = true> <Delay = 0.70> <CoreInst = "Cmp">   --->   Core 9 'Cmp' <Latency = 0> <II = 1> <Delay = 0.70> <FuncUnit> <Opcode : 'icmp'> <InPorts = 2> <OutPorts = 1>
ST_1 : Operation 14 [1/1] (0.70ns)   --->   "%add_ln24 = add i8 %indvar_flatten_load, i8 1" [firmware/nnet_utils/nnet_conv2d_stream.h:24->firmware/nnet_utils/nnet_conv2d_stream.h:75]   --->   Operation 14 'add' 'add_ln24' <Predicate = true> <Delay = 0.70> <CoreInst = "Adder">   --->   Core 1 'Adder' <Latency = 0> <II = 1> <Delay = 0.70> <FuncUnit> <Opcode : 'add' 'sub'> <InPorts = 2> <OutPorts = 1>
ST_1 : Operation 15 [1/1] (0.00ns)   --->   "%br_ln24 = br i1 %icmp_ln24, void %for.inc13.i, void %_ZN4nnet25conv_2d_buffer_latency_clINS_5arrayI8ap_fixedILi16ELi6EL9ap_q_mode5EL9ap_o_mode3ELi0EELj1EEENS1_IS5_Lj3EEE7config2EEvRN3hls6streamIT_Li0EEERNSA_IT0_Li0EEEPNT1_8weight_tEPNSH_6bias_tE.exit" [firmware/nnet_utils/nnet_conv2d_stream.h:24->firmware/nnet_utils/nnet_conv2d_stream.h:75]   --->   Operation 15 'br' 'br_ln24' <Predicate = true> <Delay = 0.00>
ST_1 : Operation 16 [1/1] (0.38ns)   --->   "%store_ln26 = store i8 %add_ln24, i8 %indvar_flatten" [firmware/nnet_utils/nnet_conv2d_stream.h:26->firmware/nnet_utils/nnet_conv2d_stream.h:75]   --->   Operation 16 'store' 'store_ln26' <Predicate = (!icmp_ln24)> <Delay = 0.38>

State 2 <SV = 1> <Delay = 1.23>
ST_2 : Operation 17 [1/1] (1.23ns)   --->   "%layer20_out_read = read i16 @_ssdm_op_Read.ap_fifo.volatile.i16P0A, i16 %layer20_out" [firmware/nnet_utils/nnet_conv2d_stream.h:31->firmware/nnet_utils/nnet_conv2d_stream.h:75]   --->   Operation 17 'read' 'layer20_out_read' <Predicate = (!icmp_ln24)> <Delay = 1.23> <CoreInst = "FIFO">   --->   Core 78 'FIFO' <Latency = 0> <II = 1> <Delay = 1.23> <Storage> <Opcode : 'read' 'write' 'nbread' 'nbwrite'> <Ports = 0> <Width = 16> <Depth = 150> <FIFO>
ST_2 : Operation 18 [3/3] (0.00ns)   --->   "%call_ln31 = call void @compute_output_buffer_2d<array,array<ap_fixed<16,6,5,3,0>,3u>,config2>, i16 %layer20_out_read, i48 %layer2_out, i16 %void_compute_output_buffer_2d_array_const_ap_shift_reg_n_chan_stream_weig_14, i16 %void_compute_output_buffer_2d_array_const_ap_shift_reg_n_chan_stream_weig_11, i16 %void_compute_output_buffer_2d_array_const_ap_shift_reg_n_chan_stream_weig_16, i16 %void_compute_output_buffer_2d_array_const_ap_shift_reg_n_chan_stream_weig_13, i16 %void_compute_output_buffer_2d_array_const_ap_shift_reg_n_chan_stream_weig_10, i16 %void_compute_output_buffer_2d_array_const_ap_shift_reg_n_chan_stream_weig_15, i16 %void_compute_output_buffer_2d_array_const_ap_shift_reg_n_chan_stream_weig_12, i16 %void_compute_output_buffer_2d_array_const_ap_shift_reg_n_chan_stream_weig_17, i16 %void_conv_2d_buffer_latency_cl_stream_stream_weight_t_bias_t_line_buffer_1, i16 %void_conv_2d_buffer_latency_cl_stream_stream_weight_t_bias_t_line_buffer, i32 %sX_3, i32 %sY_3, i32 %pY_3, i32 %pX_3" [firmware/nnet_utils/nnet_conv2d_stream.h:31->firmware/nnet_utils/nnet_conv2d_stream.h:75]   --->   Operation 18 'call' 'call_ln31' <Predicate = (!icmp_ln24)> <Delay = 0.00> <CoreType = "Generic">   --->   Core 0 '' <Latency = 0> <II = 1> <Delay = 1.00> <Generic> <Opcode : >
ST_2 : Operation 26 [1/1] (0.00ns)   --->   "%ret_ln79 = ret" [firmware/nnet_utils/nnet_conv2d_stream.h:79]   --->   Operation 26 'ret' 'ret_ln79' <Predicate = (icmp_ln24)> <Delay = 0.00>

State 3 <SV = 2> <Delay = 0.00>
ST_3 : Operation 19 [2/3] (0.00ns)   --->   "%call_ln31 = call void @compute_output_buffer_2d<array,array<ap_fixed<16,6,5,3,0>,3u>,config2>, i16 %layer20_out_read, i48 %layer2_out, i16 %void_compute_output_buffer_2d_array_const_ap_shift_reg_n_chan_stream_weig_14, i16 %void_compute_output_buffer_2d_array_const_ap_shift_reg_n_chan_stream_weig_11, i16 %void_compute_output_buffer_2d_array_const_ap_shift_reg_n_chan_stream_weig_16, i16 %void_compute_output_buffer_2d_array_const_ap_shift_reg_n_chan_stream_weig_13, i16 %void_compute_output_buffer_2d_array_const_ap_shift_reg_n_chan_stream_weig_10, i16 %void_compute_output_buffer_2d_array_const_ap_shift_reg_n_chan_stream_weig_15, i16 %void_compute_output_buffer_2d_array_const_ap_shift_reg_n_chan_stream_weig_12, i16 %void_compute_output_buffer_2d_array_const_ap_shift_reg_n_chan_stream_weig_17, i16 %void_conv_2d_buffer_latency_cl_stream_stream_weight_t_bias_t_line_buffer_1, i16 %void_conv_2d_buffer_latency_cl_stream_stream_weight_t_bias_t_line_buffer, i32 %sX_3, i32 %sY_3, i32 %pY_3, i32 %pX_3" [firmware/nnet_utils/nnet_conv2d_stream.h:31->firmware/nnet_utils/nnet_conv2d_stream.h:75]   --->   Operation 19 'call' 'call_ln31' <Predicate = (!icmp_ln24)> <Delay = 0.00> <CoreType = "Generic">   --->   Core 0 '' <Latency = 0> <II = 1> <Delay = 1.00> <Generic> <Opcode : >

State 4 <SV = 3> <Delay = 0.00>
ST_4 : Operation 20 [1/1] (0.00ns)   --->   "%specloopname_ln0 = specloopname void @_ssdm_op_SpecLoopName, void @ReadInputHeight_ReadInputWidth_str"   --->   Operation 20 'specloopname' 'specloopname_ln0' <Predicate = true> <Delay = 0.00>
ST_4 : Operation 21 [1/1] (0.00ns)   --->   "%speclooptripcount_ln0 = speclooptripcount void @_ssdm_op_SpecLoopTripCount, i64 150, i64 150, i64 150"   --->   Operation 21 'speclooptripcount' 'speclooptripcount_ln0' <Predicate = true> <Delay = 0.00>
ST_4 : Operation 22 [1/1] (0.00ns)   --->   "%specpipeline_ln28 = specpipeline void @_ssdm_op_SpecPipeline, i32 1, i32 0, i32 0, i32 0, void @empty_6" [firmware/nnet_utils/nnet_conv2d_stream.h:28->firmware/nnet_utils/nnet_conv2d_stream.h:75]   --->   Operation 22 'specpipeline' 'specpipeline_ln28' <Predicate = true> <Delay = 0.00>
ST_4 : Operation 23 [1/1] (0.00ns)   --->   "%specloopname_ln26 = specloopname void @_ssdm_op_SpecLoopName, void @empty" [firmware/nnet_utils/nnet_conv2d_stream.h:26->firmware/nnet_utils/nnet_conv2d_stream.h:75]   --->   Operation 23 'specloopname' 'specloopname_ln26' <Predicate = true> <Delay = 0.00>
ST_4 : Operation 24 [1/3] (0.00ns)   --->   "%call_ln31 = call void @compute_output_buffer_2d<array,array<ap_fixed<16,6,5,3,0>,3u>,config2>, i16 %layer20_out_read, i48 %layer2_out, i16 %void_compute_output_buffer_2d_array_const_ap_shift_reg_n_chan_stream_weig_14, i16 %void_compute_output_buffer_2d_array_const_ap_shift_reg_n_chan_stream_weig_11, i16 %void_compute_output_buffer_2d_array_const_ap_shift_reg_n_chan_stream_weig_16, i16 %void_compute_output_buffer_2d_array_const_ap_shift_reg_n_chan_stream_weig_13, i16 %void_compute_output_buffer_2d_array_const_ap_shift_reg_n_chan_stream_weig_10, i16 %void_compute_output_buffer_2d_array_const_ap_shift_reg_n_chan_stream_weig_15, i16 %void_compute_output_buffer_2d_array_const_ap_shift_reg_n_chan_stream_weig_12, i16 %void_compute_output_buffer_2d_array_const_ap_shift_reg_n_chan_stream_weig_17, i16 %void_conv_2d_buffer_latency_cl_stream_stream_weight_t_bias_t_line_buffer_1, i16 %void_conv_2d_buffer_latency_cl_stream_stream_weight_t_bias_t_line_buffer, i32 %sX_3, i32 %sY_3, i32 %pY_3, i32 %pX_3" [firmware/nnet_utils/nnet_conv2d_stream.h:31->firmware/nnet_utils/nnet_conv2d_stream.h:75]   --->   Operation 24 'call' 'call_ln31' <Predicate = true> <Delay = 0.00> <CoreType = "Generic">   --->   Core 0 '' <Latency = 0> <II = 1> <Delay = 1.00> <Generic> <Opcode : >
ST_4 : Operation 25 [1/1] (0.00ns)   --->   "%br_ln26 = br void %for.inc.i" [firmware/nnet_utils/nnet_conv2d_stream.h:26->firmware/nnet_utils/nnet_conv2d_stream.h:75]   --->   Operation 25 'br' 'br_ln26' <Predicate = true> <Delay = 0.00>


============================================================
+ Verbose Summary: Timing violations
============================================================
Target clock period: 5.000ns, clock uncertainty: 0.625ns.

 <State 1>: 1.092ns
The critical path consists of the following:
	'alloca' operation ('indvar_flatten') [17]  (0.000 ns)
	'load' operation ('indvar_flatten_load', firmware/nnet_utils/nnet_conv2d_stream.h:24->firmware/nnet_utils/nnet_conv2d_stream.h:75) on local variable 'indvar_flatten' [23]  (0.000 ns)
	'add' operation ('add_ln24', firmware/nnet_utils/nnet_conv2d_stream.h:24->firmware/nnet_utils/nnet_conv2d_stream.h:75) [25]  (0.705 ns)
	'store' operation ('store_ln26', firmware/nnet_utils/nnet_conv2d_stream.h:26->firmware/nnet_utils/nnet_conv2d_stream.h:75) of variable 'add_ln24', firmware/nnet_utils/nnet_conv2d_stream.h:24->firmware/nnet_utils/nnet_conv2d_stream.h:75 on local variable 'indvar_flatten' [34]  (0.387 ns)

 <State 2>: 1.233ns
The critical path consists of the following:
	fifo read operation ('layer20_out_read', firmware/nnet_utils/nnet_conv2d_stream.h:31->firmware/nnet_utils/nnet_conv2d_stream.h:75) on port 'layer20_out' (firmware/nnet_utils/nnet_conv2d_stream.h:31->firmware/nnet_utils/nnet_conv2d_stream.h:75) [32]  (1.233 ns)

 <State 3>: 0.000ns
The critical path consists of the following:

 <State 4>: 0.000ns
The critical path consists of the following:


============================================================
+ Verbose Summary: Binding
============================================================
N/A
* FSMD analyzer results:
  - Output states:
 - Input state : 
  - Chain level:
	State 1
	State 2
	State 3
	State 4


============================================================
+ Verbose Summary: Datapath Resource usage 
============================================================
N/A
