

================================================================
== Vitis HLS Report for 'pooling2d_cl_array_ap_ufixed_4u_array_ap_fixed_16_6_5_3_0_4u_config9_s'
================================================================
* Date:           Mon Apr 29 02:51:13 2024

* Version:        2023.1 (Build 3854077 on May  4 2023)
* Project:        myproject_prj
* Solution:       solution1 (Vivado IP Flow Target)
* Product family: virtexuplus
* Target device:  xcvu13p-flga2577-2-e


================================================================
== Performance Estimates
================================================================
+ Timing: 
    * Summary: 
    +--------+---------+----------+------------+
    |  Clock |  Target | Estimated| Uncertainty|
    +--------+---------+----------+------------+
    |ap_clk  |  5.00 ns|  4.097 ns|     0.62 ns|
    +--------+---------+----------+------------+

+ Latency: 
    * Summary: 
    +---------+---------+----------+----------+-----+-----+---------+
    |  Latency (cycles) |  Latency (absolute) |  Interval | Pipeline|
    |   min   |   max   |    min   |    max   | min | max |   Type  |
    +---------+---------+----------+----------+-----+-----+---------+
    |       27|       27|  0.135 us|  0.135 us|   27|   27|       no|
    +---------+---------+----------+----------+-----+-----+---------+

    + Detail: 
        * Instance: 
        N/A

        * Loop: 
        +----------------------------------+---------+---------+----------+-----------+-----------+------+----------+
        |                                  |  Latency (cycles) | Iteration|  Initiation Interval  | Trip |          |
        |             Loop Name            |   min   |   max   |  Latency |  achieved |   target  | Count| Pipelined|
        +----------------------------------+---------+---------+----------+-----------+-----------+------+----------+
        |- ReadInputHeight_ReadInputWidth  |       25|       25|         3|          1|          1|    24|       yes|
        +----------------------------------+---------+---------+----------+-----------+-----------+------+----------+

============================================================
+ Verbose Summary: Synthesis Manager
============================================================
InlineROM: 1
ExposeGlobal: 0
============================================================
+ Verbose Summary: CDFG Model
============================================================
IsTopModel: 0
ResetActiveHigh: 1
IsCombinational: 2
IsDatapathOnly: 0
HasWiredReturn: 1
HasMFsm: 2
HasVarLatency: 1
IsPipeline: 0
IsRtlPipelined: 0
IsInstanceOverlapped: 0
IsDontTouch: 0
HasImplIP: 0
IsGatedGlobalClock: 0

+ Individual pipeline summary: 
  * Pipeline-0: initiation interval (II) = 1, depth = 3


============================================================
+ Verbose Summary: Schedule
============================================================
* Number of FSM states : 3
* Pipeline : 1
  Pipeline-0 : II = 1, D = 3, States = { 1 2 3 }
* Dataflow Pipeline: 0

* FSM state transitions: 
1 --> 2 
2 --> 3 
3 --> 

* FSM state operations: 

State 1 <SV = 0> <Delay = 2.26>
ST_1 : Operation 6 [1/1] (0.00ns)   --->   "%indvar_flatten = alloca i32 1"   --->   Operation 6 'alloca' 'indvar_flatten' <Predicate = true> <Delay = 0.00>
ST_1 : Operation 7 [1/1] (0.00ns)   --->   "%specinterface_ln0 = specinterface void @_ssdm_op_SpecInterface, i64 %layer9_out, void @empty_10, i32 0, i32 0, void @empty_2, i32 0, i32 0, void @empty_2, void @empty_2, void @empty_2, i32 0, i32 0, i32 0, i32 0, void @empty_2, void @empty_2, i32 4294967295, i32 0"   --->   Operation 7 'specinterface' 'specinterface_ln0' <Predicate = true> <Delay = 0.00>
ST_1 : Operation 8 [1/1] (0.00ns)   --->   "%specinterface_ln0 = specinterface void @_ssdm_op_SpecInterface, i96 %layer8_out, void @empty_10, i32 0, i32 0, void @empty_2, i32 0, i32 0, void @empty_2, void @empty_2, void @empty_2, i32 0, i32 0, i32 0, i32 0, void @empty_2, void @empty_2, i32 4294967295, i32 0"   --->   Operation 8 'specinterface' 'specinterface_ln0' <Predicate = true> <Delay = 0.00>
ST_1 : Operation 9 [1/1] (0.38ns)   --->   "%store_ln109 = store i5 0, i5 %indvar_flatten" [firmware/nnet_utils/nnet_pooling_stream.h:109]   --->   Operation 9 'store' 'store_ln109' <Predicate = true> <Delay = 0.38>
ST_1 : Operation 10 [1/1] (0.00ns)   --->   "%br_ln109 = br void %entry2.i" [firmware/nnet_utils/nnet_pooling_stream.h:109]   --->   Operation 10 'br' 'br_ln109' <Predicate = true> <Delay = 0.00>
ST_1 : Operation 11 [1/1] (0.00ns)   --->   "%indvar_flatten_load = load i5 %indvar_flatten" [firmware/nnet_utils/nnet_pooling_stream.h:109]   --->   Operation 11 'load' 'indvar_flatten_load' <Predicate = true> <Delay = 0.00>
ST_1 : Operation 12 [1/1] (0.70ns)   --->   "%icmp_ln109 = icmp_eq  i5 %indvar_flatten_load, i5 24" [firmware/nnet_utils/nnet_pooling_stream.h:109]   --->   Operation 12 'icmp' 'icmp_ln109' <Predicate = true> <Delay = 0.70> <CoreInst = "Cmp">   --->   Core 9 'Cmp' <Latency = 0> <II = 1> <Delay = 0.70> <FuncUnit> <Opcode : 'icmp'> <InPorts = 2> <OutPorts = 1>
ST_1 : Operation 13 [1/1] (0.70ns)   --->   "%add_ln109 = add i5 %indvar_flatten_load, i5 1" [firmware/nnet_utils/nnet_pooling_stream.h:109]   --->   Operation 13 'add' 'add_ln109' <Predicate = true> <Delay = 0.70> <CoreInst = "Adder">   --->   Core 1 'Adder' <Latency = 0> <II = 1> <Delay = 0.70> <FuncUnit> <Opcode : 'add' 'sub'> <InPorts = 2> <OutPorts = 1>
ST_1 : Operation 14 [1/1] (0.00ns)   --->   "%br_ln109 = br i1 %icmp_ln109, void %for.inc15, void %for.end17" [firmware/nnet_utils/nnet_pooling_stream.h:109]   --->   Operation 14 'br' 'br_ln109' <Predicate = true> <Delay = 0.00>
ST_1 : Operation 15 [1/1] (0.00ns)   --->   "%sX_load = load i32 %sX" [firmware/nnet_utils/nnet_pooling_stream.h:55->firmware/nnet_utils/nnet_pooling_stream.h:115]   --->   Operation 15 'load' 'sX_load' <Predicate = (!icmp_ln109)> <Delay = 0.00>
ST_1 : Operation 16 [1/1] (0.88ns)   --->   "%icmp_ln55 = icmp_eq  i32 %sX_load, i32 1" [firmware/nnet_utils/nnet_pooling_stream.h:55->firmware/nnet_utils/nnet_pooling_stream.h:115]   --->   Operation 16 'icmp' 'icmp_ln55' <Predicate = (!icmp_ln109)> <Delay = 0.88> <CoreInst = "Cmp">   --->   Core 9 'Cmp' <Latency = 0> <II = 1> <Delay = 0.88> <FuncUnit> <Opcode : 'icmp'> <InPorts = 2> <OutPorts = 1>
ST_1 : Operation 17 [1/1] (0.00ns)   --->   "%pX_load = load i32 %pX" [firmware/nnet_utils/nnet_pooling_stream.h:76->firmware/nnet_utils/nnet_pooling_stream.h:115]   --->   Operation 17 'load' 'pX_load' <Predicate = (!icmp_ln109)> <Delay = 0.00>
ST_1 : Operation 18 [1/1] (0.00ns)   --->   "%br_ln55 = br i1 %icmp_ln55, void %if.end.i, void %land.lhs.true.i" [firmware/nnet_utils/nnet_pooling_stream.h:55->firmware/nnet_utils/nnet_pooling_stream.h:115]   --->   Operation 18 'br' 'br_ln55' <Predicate = (!icmp_ln109)> <Delay = 0.00>
ST_1 : Operation 19 [1/1] (0.00ns)   --->   "%pY_load = load i32 %pY" [firmware/nnet_utils/nnet_pooling_stream.h:55->firmware/nnet_utils/nnet_pooling_stream.h:115]   --->   Operation 19 'load' 'pY_load' <Predicate = (!icmp_ln109 & icmp_ln55)> <Delay = 0.00>
ST_1 : Operation 20 [1/1] (0.88ns)   --->   "%icmp_ln55_2 = icmp_sgt  i32 %pY_load, i32 0" [firmware/nnet_utils/nnet_pooling_stream.h:55->firmware/nnet_utils/nnet_pooling_stream.h:115]   --->   Operation 20 'icmp' 'icmp_ln55_2' <Predicate = (!icmp_ln109 & icmp_ln55)> <Delay = 0.88> <CoreInst = "Cmp">   --->   Core 9 'Cmp' <Latency = 0> <II = 1> <Delay = 0.88> <FuncUnit> <Opcode : 'icmp'> <InPorts = 2> <OutPorts = 1>
ST_1 : Operation 21 [1/1] (0.88ns)   --->   "%icmp_ln55_3 = icmp_sgt  i32 %pX_load, i32 0" [firmware/nnet_utils/nnet_pooling_stream.h:55->firmware/nnet_utils/nnet_pooling_stream.h:115]   --->   Operation 21 'icmp' 'icmp_ln55_3' <Predicate = (!icmp_ln109 & icmp_ln55)> <Delay = 0.88> <CoreInst = "Cmp">   --->   Core 9 'Cmp' <Latency = 0> <II = 1> <Delay = 0.88> <FuncUnit> <Opcode : 'icmp'> <InPorts = 2> <OutPorts = 1>
ST_1 : Operation 22 [1/1] (0.88ns)   --->   "%add_ln76 = add i32 %pX_load, i32 1" [firmware/nnet_utils/nnet_pooling_stream.h:76->firmware/nnet_utils/nnet_pooling_stream.h:115]   --->   Operation 22 'add' 'add_ln76' <Predicate = (!icmp_ln109)> <Delay = 0.88> <CoreInst = "Adder">   --->   Core 1 'Adder' <Latency = 0> <II = 1> <Delay = 0.88> <FuncUnit> <Opcode : 'add' 'sub'> <InPorts = 2> <OutPorts = 1>
ST_1 : Operation 23 [1/1] (0.88ns)   --->   "%icmp_ln76 = icmp_eq  i32 %add_ln76, i32 6" [firmware/nnet_utils/nnet_pooling_stream.h:76->firmware/nnet_utils/nnet_pooling_stream.h:115]   --->   Operation 23 'icmp' 'icmp_ln76' <Predicate = (!icmp_ln109)> <Delay = 0.88> <CoreInst = "Cmp">   --->   Core 9 'Cmp' <Latency = 0> <II = 1> <Delay = 0.88> <FuncUnit> <Opcode : 'icmp'> <InPorts = 2> <OutPorts = 1>
ST_1 : Operation 24 [1/1] (0.00ns)   --->   "%br_ln76 = br i1 %icmp_ln76, void %if.else40.i, void %if.then29.i" [firmware/nnet_utils/nnet_pooling_stream.h:76->firmware/nnet_utils/nnet_pooling_stream.h:115]   --->   Operation 24 'br' 'br_ln76' <Predicate = (!icmp_ln109)> <Delay = 0.00>
ST_1 : Operation 25 [1/1] (0.38ns)   --->   "%store_ln89 = store i32 %add_ln76, i32 %pX" [firmware/nnet_utils/nnet_pooling_stream.h:89->firmware/nnet_utils/nnet_pooling_stream.h:115]   --->   Operation 25 'store' 'store_ln89' <Predicate = (!icmp_ln109 & !icmp_ln76)> <Delay = 0.38>
ST_1 : Operation 26 [1/1] (0.00ns) (grouped into LUT with out node add_ln91)   --->   "%select_ln91 = select i1 %icmp_ln55, i32 4294967295, i32 1" [firmware/nnet_utils/nnet_pooling_stream.h:91->firmware/nnet_utils/nnet_pooling_stream.h:115]   --->   Operation 26 'select' 'select_ln91' <Predicate = (!icmp_ln109 & !icmp_ln76)> <Delay = 0.00> <CoreInst = "Sel">   --->   Core 73 'Sel' <Latency = 0> <II = 1> <Delay = 0.27> <FuncUnit> <Opcode : 'select'> <InPorts = 3> <OutPorts = 1>
ST_1 : Operation 27 [1/1] (0.88ns) (out node of the LUT)   --->   "%add_ln91 = add i32 %sX_load, i32 %select_ln91" [firmware/nnet_utils/nnet_pooling_stream.h:91->firmware/nnet_utils/nnet_pooling_stream.h:115]   --->   Operation 27 'add' 'add_ln91' <Predicate = (!icmp_ln109 & !icmp_ln76)> <Delay = 0.88> <CoreInst = "Adder">   --->   Core 1 'Adder' <Latency = 0> <II = 1> <Delay = 0.88> <FuncUnit> <Opcode : 'add' 'sub'> <InPorts = 2> <OutPorts = 1>
ST_1 : Operation 28 [1/1] (0.38ns)   --->   "%store_ln91 = store i32 %add_ln91, i32 %sX" [firmware/nnet_utils/nnet_pooling_stream.h:91->firmware/nnet_utils/nnet_pooling_stream.h:115]   --->   Operation 28 'store' 'store_ln91' <Predicate = (!icmp_ln109 & !icmp_ln76)> <Delay = 0.38>
ST_1 : Operation 29 [1/1] (0.00ns)   --->   "%br_ln0 = br void %for.inc"   --->   Operation 29 'br' 'br_ln0' <Predicate = (!icmp_ln109 & !icmp_ln76)> <Delay = 0.00>
ST_1 : Operation 30 [1/1] (0.38ns)   --->   "%store_ln78 = store i32 0, i32 %pX" [firmware/nnet_utils/nnet_pooling_stream.h:78->firmware/nnet_utils/nnet_pooling_stream.h:115]   --->   Operation 30 'store' 'store_ln78' <Predicate = (!icmp_ln109 & icmp_ln76)> <Delay = 0.38>
ST_1 : Operation 31 [1/1] (0.38ns)   --->   "%store_ln79 = store i32 0, i32 %sX" [firmware/nnet_utils/nnet_pooling_stream.h:79->firmware/nnet_utils/nnet_pooling_stream.h:115]   --->   Operation 31 'store' 'store_ln79' <Predicate = (!icmp_ln109 & icmp_ln76)> <Delay = 0.38>
ST_1 : Operation 32 [1/1] (0.00ns)   --->   "%pY_load_1 = load i32 %pY" [firmware/nnet_utils/nnet_pooling_stream.h:80->firmware/nnet_utils/nnet_pooling_stream.h:115]   --->   Operation 32 'load' 'pY_load_1' <Predicate = (!icmp_ln109 & icmp_ln76)> <Delay = 0.00>
ST_1 : Operation 33 [1/1] (0.88ns)   --->   "%add_ln80 = add i32 %pY_load_1, i32 1" [firmware/nnet_utils/nnet_pooling_stream.h:80->firmware/nnet_utils/nnet_pooling_stream.h:115]   --->   Operation 33 'add' 'add_ln80' <Predicate = (!icmp_ln109 & icmp_ln76)> <Delay = 0.88> <CoreInst = "Adder">   --->   Core 1 'Adder' <Latency = 0> <II = 1> <Delay = 0.88> <FuncUnit> <Opcode : 'add' 'sub'> <InPorts = 2> <OutPorts = 1>
ST_1 : Operation 34 [1/1] (0.88ns)   --->   "%icmp_ln80 = icmp_eq  i32 %add_ln80, i32 4" [firmware/nnet_utils/nnet_pooling_stream.h:80->firmware/nnet_utils/nnet_pooling_stream.h:115]   --->   Operation 34 'icmp' 'icmp_ln80' <Predicate = (!icmp_ln109 & icmp_ln76)> <Delay = 0.88> <CoreInst = "Cmp">   --->   Core 9 'Cmp' <Latency = 0> <II = 1> <Delay = 0.88> <FuncUnit> <Opcode : 'icmp'> <InPorts = 2> <OutPorts = 1>
ST_1 : Operation 35 [1/1] (0.00ns)   --->   "%br_ln80 = br i1 %icmp_ln80, void %if.else.i, void %if.then32.i" [firmware/nnet_utils/nnet_pooling_stream.h:80->firmware/nnet_utils/nnet_pooling_stream.h:115]   --->   Operation 35 'br' 'br_ln80' <Predicate = (!icmp_ln109 & icmp_ln76)> <Delay = 0.00>
ST_1 : Operation 36 [1/1] (0.38ns)   --->   "%store_ln84 = store i32 %add_ln80, i32 %pY" [firmware/nnet_utils/nnet_pooling_stream.h:84->firmware/nnet_utils/nnet_pooling_stream.h:115]   --->   Operation 36 'store' 'store_ln84' <Predicate = (!icmp_ln109 & icmp_ln76 & !icmp_ln80)> <Delay = 0.38>
ST_1 : Operation 37 [1/1] (0.38ns)   --->   "%store_ln81 = store i32 0, i32 %pY" [firmware/nnet_utils/nnet_pooling_stream.h:81->firmware/nnet_utils/nnet_pooling_stream.h:115]   --->   Operation 37 'store' 'store_ln81' <Predicate = (!icmp_ln109 & icmp_ln76 & icmp_ln80)> <Delay = 0.38>
ST_1 : Operation 38 [1/1] (0.38ns)   --->   "%br_ln83 = br void %if.end39.i" [firmware/nnet_utils/nnet_pooling_stream.h:83->firmware/nnet_utils/nnet_pooling_stream.h:115]   --->   Operation 38 'br' 'br_ln83' <Predicate = (!icmp_ln109 & icmp_ln76 & icmp_ln80)> <Delay = 0.38>
ST_1 : Operation 39 [1/1] (0.38ns)   --->   "%store_ln111 = store i5 %add_ln109, i5 %indvar_flatten" [firmware/nnet_utils/nnet_pooling_stream.h:111]   --->   Operation 39 'store' 'store_ln111' <Predicate = (!icmp_ln109)> <Delay = 0.38>
ST_1 : Operation 40 [1/1] (0.00ns)   --->   "%br_ln111 = br void %entry2.i" [firmware/nnet_utils/nnet_pooling_stream.h:111]   --->   Operation 40 'br' 'br_ln111' <Predicate = (!icmp_ln109)> <Delay = 0.00>

State 2 <SV = 1> <Delay = 4.09>
ST_2 : Operation 41 [1/1] (0.00ns)   --->   "%specloopname_ln0 = specloopname void @_ssdm_op_SpecLoopName, void @ReadInputHeight_ReadInputWidth_str"   --->   Operation 41 'specloopname' 'specloopname_ln0' <Predicate = true> <Delay = 0.00>
ST_2 : Operation 42 [1/1] (0.00ns)   --->   "%speclooptripcount_ln0 = speclooptripcount void @_ssdm_op_SpecLoopTripCount, i64 24, i64 24, i64 24"   --->   Operation 42 'speclooptripcount' 'speclooptripcount_ln0' <Predicate = true> <Delay = 0.00>
ST_2 : Operation 43 [1/1] (0.00ns)   --->   "%specpipeline_ln113 = specpipeline void @_ssdm_op_SpecPipeline, i32 4294967295, i32 0, i32 0, i32 0, void @empty_2" [firmware/nnet_utils/nnet_pooling_stream.h:113]   --->   Operation 43 'specpipeline' 'specpipeline_ln113' <Predicate = true> <Delay = 0.00>
ST_2 : Operation 44 [1/1] (0.00ns)   --->   "%specloopname_ln111 = specloopname void @_ssdm_op_SpecLoopName, void @empty_7" [firmware/nnet_utils/nnet_pooling_stream.h:111]   --->   Operation 44 'specloopname' 'specloopname_ln111' <Predicate = true> <Delay = 0.00>
ST_2 : Operation 45 [1/1] (1.23ns)   --->   "%layer8_out_read = read i96 @_ssdm_op_Read.ap_fifo.volatile.i96P0A, i96 %layer8_out" [firmware/nnet_utils/nnet_pooling_stream.h:115]   --->   Operation 45 'read' 'layer8_out_read' <Predicate = true> <Delay = 1.23> <CoreInst = "FIFO">   --->   Core 78 'FIFO' <Latency = 0> <II = 1> <Delay = 1.23> <Storage> <Opcode : 'read' 'write' 'nbread' 'nbwrite'> <Ports = 0> <Width = 96> <Depth = 24> <FIFO>
ST_2 : Operation 46 [1/1] (0.00ns)   --->   "%trunc_ln115 = trunc i96 %layer8_out_read" [firmware/nnet_utils/nnet_pooling_stream.h:115]   --->   Operation 46 'trunc' 'trunc_ln115' <Predicate = true> <Delay = 0.00>
ST_2 : Operation 47 [1/1] (0.00ns)   --->   "%trunc_ln115_2 = partselect i24 @_ssdm_op_PartSelect.i24.i96.i32.i32, i96 %layer8_out_read, i32 48, i32 71" [firmware/nnet_utils/nnet_pooling_stream.h:115]   --->   Operation 47 'partselect' 'trunc_ln115_2' <Predicate = true> <Delay = 0.00>
ST_2 : Operation 48 [1/1] (0.00ns)   --->   "%trunc_ln115_3 = partselect i24 @_ssdm_op_PartSelect.i24.i96.i32.i32, i96 %layer8_out_read, i32 72, i32 95" [firmware/nnet_utils/nnet_pooling_stream.h:115]   --->   Operation 48 'partselect' 'trunc_ln115_3' <Predicate = true> <Delay = 0.00>
ST_2 : Operation 49 [1/1] (0.00ns)   --->   "%trunc_ln115_5 = partselect i24 @_ssdm_op_PartSelect.i24.i96.i32.i32, i96 %layer8_out_read, i32 24, i32 47" [firmware/nnet_utils/nnet_pooling_stream.h:115]   --->   Operation 49 'partselect' 'trunc_ln115_5' <Predicate = true> <Delay = 0.00>
ST_2 : Operation 50 [1/1] (0.61ns)   --->   "%p_5 = memshiftread i24 @_ssdm_op_MemShiftRead.[6 x i24]P0A, i24 5, i24 %trunc_ln115, i1 1" [firmware/nnet_utils/nnet_conv_stream.h:246->firmware/nnet_utils/nnet_pooling_stream.h:52->firmware/nnet_utils/nnet_pooling_stream.h:115]   --->   Operation 50 'memshiftread' 'p_5' <Predicate = true> <Delay = 0.61> <CoreInst = "ShiftReg">   --->   Core 77 'ShiftReg' <Latency = 0> <II = 1> <Delay = 0.61> <Storage> <Opcode : 'memshiftread' 'load'> <Ports = 1> <Width = 24> <Depth = 6> <ShiftMem>
ST_2 : Operation 51 [1/1] (0.61ns)   --->   "%p_6 = memshiftread i24 @_ssdm_op_MemShiftRead.[6 x i24]P0A, i24 5, i24 %trunc_ln115_5, i1 1" [firmware/nnet_utils/nnet_conv_stream.h:246->firmware/nnet_utils/nnet_pooling_stream.h:52->firmware/nnet_utils/nnet_pooling_stream.h:115]   --->   Operation 51 'memshiftread' 'p_6' <Predicate = true> <Delay = 0.61> <CoreInst = "ShiftReg">   --->   Core 77 'ShiftReg' <Latency = 0> <II = 1> <Delay = 0.61> <Storage> <Opcode : 'memshiftread' 'load'> <Ports = 1> <Width = 24> <Depth = 6> <ShiftMem>
ST_2 : Operation 52 [1/1] (0.61ns)   --->   "%p_7 = memshiftread i24 @_ssdm_op_MemShiftRead.[6 x i24]P0A, i24 5, i24 %trunc_ln115_2, i1 1" [firmware/nnet_utils/nnet_conv_stream.h:246->firmware/nnet_utils/nnet_pooling_stream.h:52->firmware/nnet_utils/nnet_pooling_stream.h:115]   --->   Operation 52 'memshiftread' 'p_7' <Predicate = true> <Delay = 0.61> <CoreInst = "ShiftReg">   --->   Core 77 'ShiftReg' <Latency = 0> <II = 1> <Delay = 0.61> <Storage> <Opcode : 'memshiftread' 'load'> <Ports = 1> <Width = 24> <Depth = 6> <ShiftMem>
ST_2 : Operation 53 [1/1] (0.61ns)   --->   "%p_0 = memshiftread i24 @_ssdm_op_MemShiftRead.[6 x i24]P0A, i24 5, i24 %trunc_ln115_3, i1 1" [firmware/nnet_utils/nnet_conv_stream.h:246->firmware/nnet_utils/nnet_pooling_stream.h:52->firmware/nnet_utils/nnet_pooling_stream.h:115]   --->   Operation 53 'memshiftread' 'p_0' <Predicate = true> <Delay = 0.61> <CoreInst = "ShiftReg">   --->   Core 77 'ShiftReg' <Latency = 0> <II = 1> <Delay = 0.61> <Storage> <Opcode : 'memshiftread' 'load'> <Ports = 1> <Width = 24> <Depth = 6> <ShiftMem>
ST_2 : Operation 54 [1/1] (0.00ns)   --->   "%void_compute_pool_buffer_2d_array_const_ap_shift_reg_n_filt_stream_kernel_8 = load i24 %void_compute_pool_buffer_2d_array_const_ap_shift_reg_n_filt_stream_kernel_2" [firmware/nnet_utils/nnet_conv_stream.h:201->firmware/nnet_utils/nnet_conv_stream.h:252->firmware/nnet_utils/nnet_pooling_stream.h:52->firmware/nnet_utils/nnet_pooling_stream.h:115]   --->   Operation 54 'load' 'void_compute_pool_buffer_2d_array_const_ap_shift_reg_n_filt_stream_kernel_8' <Predicate = true> <Delay = 0.00>
ST_2 : Operation 55 [1/1] (0.00ns)   --->   "%void_compute_pool_buffer_2d_array_const_ap_shift_reg_n_filt_stream_kernel_9 = load i24 %void_compute_pool_buffer_2d_array_const_ap_shift_reg_n_filt_stream_kernel_1" [firmware/nnet_utils/nnet_conv_stream.h:201->firmware/nnet_utils/nnet_conv_stream.h:252->firmware/nnet_utils/nnet_pooling_stream.h:52->firmware/nnet_utils/nnet_pooling_stream.h:115]   --->   Operation 55 'load' 'void_compute_pool_buffer_2d_array_const_ap_shift_reg_n_filt_stream_kernel_9' <Predicate = true> <Delay = 0.00>
ST_2 : Operation 56 [1/1] (0.00ns)   --->   "%void_compute_pool_buffer_2d_array_const_ap_shift_reg_n_filt_stream_kernel_10 = load i24 %void_compute_pool_buffer_2d_array_const_ap_shift_reg_n_filt_stream_kernel" [firmware/nnet_utils/nnet_conv_stream.h:201->firmware/nnet_utils/nnet_conv_stream.h:252->firmware/nnet_utils/nnet_pooling_stream.h:52->firmware/nnet_utils/nnet_pooling_stream.h:115]   --->   Operation 56 'load' 'void_compute_pool_buffer_2d_array_const_ap_shift_reg_n_filt_stream_kernel_10' <Predicate = true> <Delay = 0.00>
ST_2 : Operation 57 [1/1] (0.00ns)   --->   "%void_compute_pool_buffer_2d_array_const_ap_shift_reg_n_filt_stream_kernel_11 = load i24 %void_compute_pool_buffer_2d_array_const_ap_shift_reg_n_filt_stream_kernel_3" [firmware/nnet_utils/nnet_conv_stream.h:201->firmware/nnet_utils/nnet_conv_stream.h:252->firmware/nnet_utils/nnet_pooling_stream.h:52->firmware/nnet_utils/nnet_pooling_stream.h:115]   --->   Operation 57 'load' 'void_compute_pool_buffer_2d_array_const_ap_shift_reg_n_filt_stream_kernel_11' <Predicate = true> <Delay = 0.00>
ST_2 : Operation 58 [1/1] (0.00ns)   --->   "%p_ZZN4nnet22compute_pool_buffer_2dINS_5arrayI9ap_ufixedILi24ELi8EL9ap_q_mode4EL9a_4 = load i24 %p_ZZN4nnet22compute_pool_buffer_2dINS_5arrayI9ap_ufixedILi24ELi8EL9ap_q_mode4EL9a_3" [firmware/nnet_utils/nnet_conv_stream.h:201->firmware/nnet_utils/nnet_conv_stream.h:252->firmware/nnet_utils/nnet_pooling_stream.h:52->firmware/nnet_utils/nnet_pooling_stream.h:115]   --->   Operation 58 'load' 'p_ZZN4nnet22compute_pool_buffer_2dINS_5arrayI9ap_ufixedILi24ELi8EL9ap_q_mode4EL9a_4' <Predicate = true> <Delay = 0.00>
ST_2 : Operation 59 [1/1] (0.00ns)   --->   "%p_ZZN4nnet22compute_pool_buffer_2dINS_5arrayI9ap_ufixedILi24ELi8EL9ap_q_mode4EL9a_5 = load i24 %p_ZZN4nnet22compute_pool_buffer_2dINS_5arrayI9ap_ufixedILi24ELi8EL9ap_q_mode4EL9a_2" [firmware/nnet_utils/nnet_conv_stream.h:201->firmware/nnet_utils/nnet_conv_stream.h:252->firmware/nnet_utils/nnet_pooling_stream.h:52->firmware/nnet_utils/nnet_pooling_stream.h:115]   --->   Operation 59 'load' 'p_ZZN4nnet22compute_pool_buffer_2dINS_5arrayI9ap_ufixedILi24ELi8EL9ap_q_mode4EL9a_5' <Predicate = true> <Delay = 0.00>
ST_2 : Operation 60 [1/1] (0.00ns)   --->   "%p_ZZN4nnet22compute_pool_buffer_2dINS_5arrayI9ap_ufixedILi24ELi8EL9ap_q_mode4EL9a_6 = load i24 %p_ZZN4nnet22compute_pool_buffer_2dINS_5arrayI9ap_ufixedILi24ELi8EL9ap_q_mode4EL9a_1" [firmware/nnet_utils/nnet_conv_stream.h:201->firmware/nnet_utils/nnet_conv_stream.h:252->firmware/nnet_utils/nnet_pooling_stream.h:52->firmware/nnet_utils/nnet_pooling_stream.h:115]   --->   Operation 60 'load' 'p_ZZN4nnet22compute_pool_buffer_2dINS_5arrayI9ap_ufixedILi24ELi8EL9ap_q_mode4EL9a_6' <Predicate = true> <Delay = 0.00>
ST_2 : Operation 61 [1/1] (0.00ns)   --->   "%p_ZZN4nnet22compute_pool_buffer_2dINS_5arrayI9ap_ufixedILi24ELi8EL9ap_q_mode4EL9a_7 = load i24 %p_ZZN4nnet22compute_pool_buffer_2dINS_5arrayI9ap_ufixedILi24ELi8EL9ap_q_mode4EL9a" [firmware/nnet_utils/nnet_conv_stream.h:201->firmware/nnet_utils/nnet_conv_stream.h:252->firmware/nnet_utils/nnet_pooling_stream.h:52->firmware/nnet_utils/nnet_pooling_stream.h:115]   --->   Operation 61 'load' 'p_ZZN4nnet22compute_pool_buffer_2dINS_5arrayI9ap_ufixedILi24ELi8EL9ap_q_mode4EL9a_7' <Predicate = true> <Delay = 0.00>
ST_2 : Operation 62 [1/1] (0.00ns)   --->   "%store_ln214 = store i24 %p_5, i24 %void_compute_pool_buffer_2d_array_const_ap_shift_reg_n_filt_stream_kernel_2" [firmware/nnet_utils/nnet_conv_stream.h:214->firmware/nnet_utils/nnet_conv_stream.h:252->firmware/nnet_utils/nnet_pooling_stream.h:52->firmware/nnet_utils/nnet_pooling_stream.h:115]   --->   Operation 62 'store' 'store_ln214' <Predicate = true> <Delay = 0.00>
ST_2 : Operation 63 [1/1] (0.00ns)   --->   "%store_ln214 = store i24 %p_6, i24 %void_compute_pool_buffer_2d_array_const_ap_shift_reg_n_filt_stream_kernel_1" [firmware/nnet_utils/nnet_conv_stream.h:214->firmware/nnet_utils/nnet_conv_stream.h:252->firmware/nnet_utils/nnet_pooling_stream.h:52->firmware/nnet_utils/nnet_pooling_stream.h:115]   --->   Operation 63 'store' 'store_ln214' <Predicate = true> <Delay = 0.00>
ST_2 : Operation 64 [1/1] (0.00ns)   --->   "%store_ln214 = store i24 %p_7, i24 %void_compute_pool_buffer_2d_array_const_ap_shift_reg_n_filt_stream_kernel" [firmware/nnet_utils/nnet_conv_stream.h:214->firmware/nnet_utils/nnet_conv_stream.h:252->firmware/nnet_utils/nnet_pooling_stream.h:52->firmware/nnet_utils/nnet_pooling_stream.h:115]   --->   Operation 64 'store' 'store_ln214' <Predicate = true> <Delay = 0.00>
ST_2 : Operation 65 [1/1] (0.00ns)   --->   "%store_ln214 = store i24 %p_0, i24 %void_compute_pool_buffer_2d_array_const_ap_shift_reg_n_filt_stream_kernel_3" [firmware/nnet_utils/nnet_conv_stream.h:214->firmware/nnet_utils/nnet_conv_stream.h:252->firmware/nnet_utils/nnet_pooling_stream.h:52->firmware/nnet_utils/nnet_pooling_stream.h:115]   --->   Operation 65 'store' 'store_ln214' <Predicate = true> <Delay = 0.00>
ST_2 : Operation 66 [1/1] (0.00ns)   --->   "%store_ln214 = store i24 %trunc_ln115, i24 %p_ZZN4nnet22compute_pool_buffer_2dINS_5arrayI9ap_ufixedILi24ELi8EL9ap_q_mode4EL9a_3" [firmware/nnet_utils/nnet_conv_stream.h:214->firmware/nnet_utils/nnet_conv_stream.h:252->firmware/nnet_utils/nnet_pooling_stream.h:52->firmware/nnet_utils/nnet_pooling_stream.h:115]   --->   Operation 66 'store' 'store_ln214' <Predicate = true> <Delay = 0.00>
ST_2 : Operation 67 [1/1] (0.00ns)   --->   "%store_ln214 = store i24 %trunc_ln115_5, i24 %p_ZZN4nnet22compute_pool_buffer_2dINS_5arrayI9ap_ufixedILi24ELi8EL9ap_q_mode4EL9a_2" [firmware/nnet_utils/nnet_conv_stream.h:214->firmware/nnet_utils/nnet_conv_stream.h:252->firmware/nnet_utils/nnet_pooling_stream.h:52->firmware/nnet_utils/nnet_pooling_stream.h:115]   --->   Operation 67 'store' 'store_ln214' <Predicate = true> <Delay = 0.00>
ST_2 : Operation 68 [1/1] (0.00ns)   --->   "%store_ln214 = store i24 %trunc_ln115_2, i24 %p_ZZN4nnet22compute_pool_buffer_2dINS_5arrayI9ap_ufixedILi24ELi8EL9ap_q_mode4EL9a_1" [firmware/nnet_utils/nnet_conv_stream.h:214->firmware/nnet_utils/nnet_conv_stream.h:252->firmware/nnet_utils/nnet_pooling_stream.h:52->firmware/nnet_utils/nnet_pooling_stream.h:115]   --->   Operation 68 'store' 'store_ln214' <Predicate = true> <Delay = 0.00>
ST_2 : Operation 69 [1/1] (0.00ns)   --->   "%store_ln214 = store i24 %trunc_ln115_3, i24 %p_ZZN4nnet22compute_pool_buffer_2dINS_5arrayI9ap_ufixedILi24ELi8EL9ap_q_mode4EL9a" [firmware/nnet_utils/nnet_conv_stream.h:214->firmware/nnet_utils/nnet_conv_stream.h:252->firmware/nnet_utils/nnet_pooling_stream.h:52->firmware/nnet_utils/nnet_pooling_stream.h:115]   --->   Operation 69 'store' 'store_ln214' <Predicate = true> <Delay = 0.00>
ST_2 : Operation 70 [1/1] (0.00ns)   --->   "%sY_load = load i32 %sY" [firmware/nnet_utils/nnet_pooling_stream.h:55->firmware/nnet_utils/nnet_pooling_stream.h:115]   --->   Operation 70 'load' 'sY_load' <Predicate = (icmp_ln55)> <Delay = 0.00>
ST_2 : Operation 71 [1/1] (0.88ns)   --->   "%icmp_ln55_1 = icmp_eq  i32 %sY_load, i32 1" [firmware/nnet_utils/nnet_pooling_stream.h:55->firmware/nnet_utils/nnet_pooling_stream.h:115]   --->   Operation 71 'icmp' 'icmp_ln55_1' <Predicate = (icmp_ln55)> <Delay = 0.88> <CoreInst = "Cmp">   --->   Core 9 'Cmp' <Latency = 0> <II = 1> <Delay = 0.88> <FuncUnit> <Opcode : 'icmp'> <InPorts = 2> <OutPorts = 1>
ST_2 : Operation 72 [1/1] (0.00ns) (grouped into LUT with out node and_ln55_1)   --->   "%and_ln55 = and i1 %icmp_ln55_2, i1 %icmp_ln55_3" [firmware/nnet_utils/nnet_pooling_stream.h:55->firmware/nnet_utils/nnet_pooling_stream.h:115]   --->   Operation 72 'and' 'and_ln55' <Predicate = (icmp_ln55)> <Delay = 0.00> <CoreInst = "LogicGate">   --->   Core 74 'LogicGate' <Latency = 0> <II = 1> <Delay = 0.12> <FuncUnit> <Opcode : 'and' 'or' 'xor'> <InPorts = 2> <OutPorts = 1>
ST_2 : Operation 73 [1/1] (0.12ns) (out node of the LUT)   --->   "%and_ln55_1 = and i1 %and_ln55, i1 %icmp_ln55_1" [firmware/nnet_utils/nnet_pooling_stream.h:55->firmware/nnet_utils/nnet_pooling_stream.h:115]   --->   Operation 73 'and' 'and_ln55_1' <Predicate = (icmp_ln55)> <Delay = 0.12> <CoreInst = "LogicGate">   --->   Core 74 'LogicGate' <Latency = 0> <II = 1> <Delay = 0.12> <FuncUnit> <Opcode : 'and' 'or' 'xor'> <InPorts = 2> <OutPorts = 1>
ST_2 : Operation 74 [1/1] (0.00ns)   --->   "%br_ln55 = br i1 %and_ln55_1, void %if.end.i, void %for.body19.i" [firmware/nnet_utils/nnet_pooling_stream.h:55->firmware/nnet_utils/nnet_pooling_stream.h:115]   --->   Operation 74 'br' 'br_ln55' <Predicate = (icmp_ln55)> <Delay = 0.00>
ST_2 : Operation 75 [1/1] (0.00ns)   --->   "%pool_window = bitconcatenate i30 @_ssdm_op_BitConcatenate.i30.i24.i6, i24 %void_compute_pool_buffer_2d_array_const_ap_shift_reg_n_filt_stream_kernel_8, i6 0" [firmware/nnet_utils/nnet_pooling_stream.h:63->firmware/nnet_utils/nnet_pooling_stream.h:115]   --->   Operation 75 'bitconcatenate' 'pool_window' <Predicate = (icmp_ln55 & and_ln55_1)> <Delay = 0.00>
ST_2 : Operation 76 [1/1] (0.00ns)   --->   "%pool_window_1 = bitconcatenate i30 @_ssdm_op_BitConcatenate.i30.i24.i6, i24 %p_5, i6 0" [firmware/nnet_utils/nnet_pooling_stream.h:63->firmware/nnet_utils/nnet_pooling_stream.h:115]   --->   Operation 76 'bitconcatenate' 'pool_window_1' <Predicate = (icmp_ln55 & and_ln55_1)> <Delay = 0.00>
ST_2 : Operation 77 [1/1] (0.00ns)   --->   "%pool_window_2 = bitconcatenate i30 @_ssdm_op_BitConcatenate.i30.i24.i6, i24 %p_ZZN4nnet22compute_pool_buffer_2dINS_5arrayI9ap_ufixedILi24ELi8EL9ap_q_mode4EL9a_4, i6 0" [firmware/nnet_utils/nnet_pooling_stream.h:63->firmware/nnet_utils/nnet_pooling_stream.h:115]   --->   Operation 77 'bitconcatenate' 'pool_window_2' <Predicate = (icmp_ln55 & and_ln55_1)> <Delay = 0.00>
ST_2 : Operation 78 [1/1] (0.00ns)   --->   "%pool_window_3 = bitconcatenate i30 @_ssdm_op_BitConcatenate.i30.i24.i6, i24 %trunc_ln115, i6 0" [firmware/nnet_utils/nnet_pooling_stream.h:63->firmware/nnet_utils/nnet_pooling_stream.h:115]   --->   Operation 78 'bitconcatenate' 'pool_window_3' <Predicate = (icmp_ln55 & and_ln55_1)> <Delay = 0.00>
ST_2 : Operation 79 [1/1] (0.00ns)   --->   "%pool_window_4 = bitconcatenate i30 @_ssdm_op_BitConcatenate.i30.i24.i6, i24 %void_compute_pool_buffer_2d_array_const_ap_shift_reg_n_filt_stream_kernel_9, i6 0" [firmware/nnet_utils/nnet_pooling_stream.h:63->firmware/nnet_utils/nnet_pooling_stream.h:115]   --->   Operation 79 'bitconcatenate' 'pool_window_4' <Predicate = (icmp_ln55 & and_ln55_1)> <Delay = 0.00>
ST_2 : Operation 80 [1/1] (0.00ns)   --->   "%pool_window_5 = bitconcatenate i30 @_ssdm_op_BitConcatenate.i30.i24.i6, i24 %p_6, i6 0" [firmware/nnet_utils/nnet_pooling_stream.h:63->firmware/nnet_utils/nnet_pooling_stream.h:115]   --->   Operation 80 'bitconcatenate' 'pool_window_5' <Predicate = (icmp_ln55 & and_ln55_1)> <Delay = 0.00>
ST_2 : Operation 81 [1/1] (0.00ns)   --->   "%pool_window_6 = bitconcatenate i30 @_ssdm_op_BitConcatenate.i30.i24.i6, i24 %p_ZZN4nnet22compute_pool_buffer_2dINS_5arrayI9ap_ufixedILi24ELi8EL9ap_q_mode4EL9a_5, i6 0" [firmware/nnet_utils/nnet_pooling_stream.h:63->firmware/nnet_utils/nnet_pooling_stream.h:115]   --->   Operation 81 'bitconcatenate' 'pool_window_6' <Predicate = (icmp_ln55 & and_ln55_1)> <Delay = 0.00>
ST_2 : Operation 82 [1/1] (0.00ns)   --->   "%pool_window_7 = bitconcatenate i30 @_ssdm_op_BitConcatenate.i30.i24.i6, i24 %trunc_ln115_5, i6 0" [firmware/nnet_utils/nnet_pooling_stream.h:63->firmware/nnet_utils/nnet_pooling_stream.h:115]   --->   Operation 82 'bitconcatenate' 'pool_window_7' <Predicate = (icmp_ln55 & and_ln55_1)> <Delay = 0.00>
ST_2 : Operation 83 [1/1] (0.00ns)   --->   "%pool_window_8 = bitconcatenate i30 @_ssdm_op_BitConcatenate.i30.i24.i6, i24 %void_compute_pool_buffer_2d_array_const_ap_shift_reg_n_filt_stream_kernel_10, i6 0" [firmware/nnet_utils/nnet_pooling_stream.h:63->firmware/nnet_utils/nnet_pooling_stream.h:115]   --->   Operation 83 'bitconcatenate' 'pool_window_8' <Predicate = (icmp_ln55 & and_ln55_1)> <Delay = 0.00>
ST_2 : Operation 84 [1/1] (0.00ns)   --->   "%pool_window_9 = bitconcatenate i30 @_ssdm_op_BitConcatenate.i30.i24.i6, i24 %p_7, i6 0" [firmware/nnet_utils/nnet_pooling_stream.h:63->firmware/nnet_utils/nnet_pooling_stream.h:115]   --->   Operation 84 'bitconcatenate' 'pool_window_9' <Predicate = (icmp_ln55 & and_ln55_1)> <Delay = 0.00>
ST_2 : Operation 85 [1/1] (0.00ns)   --->   "%pool_window_15 = bitconcatenate i30 @_ssdm_op_BitConcatenate.i30.i24.i6, i24 %p_ZZN4nnet22compute_pool_buffer_2dINS_5arrayI9ap_ufixedILi24ELi8EL9ap_q_mode4EL9a_6, i6 0" [firmware/nnet_utils/nnet_pooling_stream.h:63->firmware/nnet_utils/nnet_pooling_stream.h:115]   --->   Operation 85 'bitconcatenate' 'pool_window_15' <Predicate = (icmp_ln55 & and_ln55_1)> <Delay = 0.00>
ST_2 : Operation 86 [1/1] (0.00ns)   --->   "%pool_window_10 = bitconcatenate i30 @_ssdm_op_BitConcatenate.i30.i24.i6, i24 %trunc_ln115_2, i6 0" [firmware/nnet_utils/nnet_pooling_stream.h:63->firmware/nnet_utils/nnet_pooling_stream.h:115]   --->   Operation 86 'bitconcatenate' 'pool_window_10' <Predicate = (icmp_ln55 & and_ln55_1)> <Delay = 0.00>
ST_2 : Operation 87 [1/1] (0.00ns)   --->   "%pool_window_11 = bitconcatenate i30 @_ssdm_op_BitConcatenate.i30.i24.i6, i24 %void_compute_pool_buffer_2d_array_const_ap_shift_reg_n_filt_stream_kernel_11, i6 0" [firmware/nnet_utils/nnet_pooling_stream.h:63->firmware/nnet_utils/nnet_pooling_stream.h:115]   --->   Operation 87 'bitconcatenate' 'pool_window_11' <Predicate = (icmp_ln55 & and_ln55_1)> <Delay = 0.00>
ST_2 : Operation 88 [1/1] (0.00ns)   --->   "%pool_window_12 = bitconcatenate i30 @_ssdm_op_BitConcatenate.i30.i24.i6, i24 %p_0, i6 0" [firmware/nnet_utils/nnet_pooling_stream.h:63->firmware/nnet_utils/nnet_pooling_stream.h:115]   --->   Operation 88 'bitconcatenate' 'pool_window_12' <Predicate = (icmp_ln55 & and_ln55_1)> <Delay = 0.00>
ST_2 : Operation 89 [1/1] (0.00ns)   --->   "%pool_window_13 = bitconcatenate i30 @_ssdm_op_BitConcatenate.i30.i24.i6, i24 %p_ZZN4nnet22compute_pool_buffer_2dINS_5arrayI9ap_ufixedILi24ELi8EL9ap_q_mode4EL9a_7, i6 0" [firmware/nnet_utils/nnet_pooling_stream.h:63->firmware/nnet_utils/nnet_pooling_stream.h:115]   --->   Operation 89 'bitconcatenate' 'pool_window_13' <Predicate = (icmp_ln55 & and_ln55_1)> <Delay = 0.00>
ST_2 : Operation 90 [1/1] (0.00ns)   --->   "%pool_window_14 = bitconcatenate i30 @_ssdm_op_BitConcatenate.i30.i24.i6, i24 %trunc_ln115_3, i6 0" [firmware/nnet_utils/nnet_pooling_stream.h:63->firmware/nnet_utils/nnet_pooling_stream.h:115]   --->   Operation 90 'bitconcatenate' 'pool_window_14' <Predicate = (icmp_ln55 & and_ln55_1)> <Delay = 0.00>
ST_2 : Operation 91 [1/1] (0.86ns)   --->   "%icmp_ln65 = icmp_ult  i30 %pool_window, i30 %pool_window_1" [firmware/nnet_utils/nnet_common.h:65->firmware/nnet_utils/nnet_common.h:43->firmware/nnet_utils/nnet_common.h:45->firmware/nnet_utils/nnet_pooling_stream.h:21->firmware/nnet_utils/nnet_pooling_stream.h:68->firmware/nnet_utils/nnet_pooling_stream.h:115]   --->   Operation 91 'icmp' 'icmp_ln65' <Predicate = (icmp_ln55 & and_ln55_1)> <Delay = 0.86> <CoreInst = "Cmp">   --->   Core 9 'Cmp' <Latency = 0> <II = 1> <Delay = 0.86> <FuncUnit> <Opcode : 'icmp'> <InPorts = 2> <OutPorts = 1>
ST_2 : Operation 92 [1/1] (0.00ns) (grouped into LUT with out node select_ln65)   --->   "%xor_ln65 = xor i1 %icmp_ln65, i1 1" [firmware/nnet_utils/nnet_common.h:65->firmware/nnet_utils/nnet_common.h:43->firmware/nnet_utils/nnet_common.h:45->firmware/nnet_utils/nnet_pooling_stream.h:21->firmware/nnet_utils/nnet_pooling_stream.h:68->firmware/nnet_utils/nnet_pooling_stream.h:115]   --->   Operation 92 'xor' 'xor_ln65' <Predicate = (icmp_ln55 & and_ln55_1)> <Delay = 0.00> <CoreInst = "LogicGate">   --->   Core 74 'LogicGate' <Latency = 0> <II = 1> <Delay = 0.12> <FuncUnit> <Opcode : 'and' 'or' 'xor'> <InPorts = 2> <OutPorts = 1>
ST_2 : Operation 93 [1/1] (0.27ns) (out node of the LUT)   --->   "%select_ln65 = select i1 %xor_ln65, i30 %pool_window, i30 %pool_window_1" [firmware/nnet_utils/nnet_common.h:65->firmware/nnet_utils/nnet_common.h:43->firmware/nnet_utils/nnet_common.h:45->firmware/nnet_utils/nnet_pooling_stream.h:21->firmware/nnet_utils/nnet_pooling_stream.h:68->firmware/nnet_utils/nnet_pooling_stream.h:115]   --->   Operation 93 'select' 'select_ln65' <Predicate = (icmp_ln55 & and_ln55_1)> <Delay = 0.27> <CoreInst = "Sel">   --->   Core 73 'Sel' <Latency = 0> <II = 1> <Delay = 0.27> <FuncUnit> <Opcode : 'select'> <InPorts = 3> <OutPorts = 1>
ST_2 : Operation 94 [1/1] (0.86ns)   --->   "%icmp_ln65_1 = icmp_ult  i30 %pool_window_2, i30 %pool_window_3" [firmware/nnet_utils/nnet_common.h:65->firmware/nnet_utils/nnet_common.h:43->firmware/nnet_utils/nnet_common.h:45->firmware/nnet_utils/nnet_pooling_stream.h:21->firmware/nnet_utils/nnet_pooling_stream.h:68->firmware/nnet_utils/nnet_pooling_stream.h:115]   --->   Operation 94 'icmp' 'icmp_ln65_1' <Predicate = (icmp_ln55 & and_ln55_1)> <Delay = 0.86> <CoreInst = "Cmp">   --->   Core 9 'Cmp' <Latency = 0> <II = 1> <Delay = 0.86> <FuncUnit> <Opcode : 'icmp'> <InPorts = 2> <OutPorts = 1>
ST_2 : Operation 95 [1/1] (0.00ns) (grouped into LUT with out node select_ln65_1)   --->   "%xor_ln65_1 = xor i1 %icmp_ln65_1, i1 1" [firmware/nnet_utils/nnet_common.h:65->firmware/nnet_utils/nnet_common.h:43->firmware/nnet_utils/nnet_common.h:45->firmware/nnet_utils/nnet_pooling_stream.h:21->firmware/nnet_utils/nnet_pooling_stream.h:68->firmware/nnet_utils/nnet_pooling_stream.h:115]   --->   Operation 95 'xor' 'xor_ln65_1' <Predicate = (icmp_ln55 & and_ln55_1)> <Delay = 0.00> <CoreInst = "LogicGate">   --->   Core 74 'LogicGate' <Latency = 0> <II = 1> <Delay = 0.12> <FuncUnit> <Opcode : 'and' 'or' 'xor'> <InPorts = 2> <OutPorts = 1>
ST_2 : Operation 96 [1/1] (0.27ns) (out node of the LUT)   --->   "%select_ln65_1 = select i1 %xor_ln65_1, i30 %pool_window_2, i30 %pool_window_3" [firmware/nnet_utils/nnet_common.h:65->firmware/nnet_utils/nnet_common.h:43->firmware/nnet_utils/nnet_common.h:45->firmware/nnet_utils/nnet_pooling_stream.h:21->firmware/nnet_utils/nnet_pooling_stream.h:68->firmware/nnet_utils/nnet_pooling_stream.h:115]   --->   Operation 96 'select' 'select_ln65_1' <Predicate = (icmp_ln55 & and_ln55_1)> <Delay = 0.27> <CoreInst = "Sel">   --->   Core 73 'Sel' <Latency = 0> <II = 1> <Delay = 0.27> <FuncUnit> <Opcode : 'select'> <InPorts = 3> <OutPorts = 1>
ST_2 : Operation 97 [1/1] (0.86ns)   --->   "%icmp_ln65_2 = icmp_ult  i30 %select_ln65, i30 %select_ln65_1" [firmware/nnet_utils/nnet_common.h:65->firmware/nnet_utils/nnet_common.h:45->firmware/nnet_utils/nnet_pooling_stream.h:21->firmware/nnet_utils/nnet_pooling_stream.h:68->firmware/nnet_utils/nnet_pooling_stream.h:115]   --->   Operation 97 'icmp' 'icmp_ln65_2' <Predicate = (icmp_ln55 & and_ln55_1)> <Delay = 0.86> <CoreInst = "Cmp">   --->   Core 9 'Cmp' <Latency = 0> <II = 1> <Delay = 0.86> <FuncUnit> <Opcode : 'icmp'> <InPorts = 2> <OutPorts = 1>
ST_2 : Operation 98 [1/1] (0.00ns) (grouped into LUT with out node res_pack_4)   --->   "%xor_ln65_2 = xor i1 %icmp_ln65_2, i1 1" [firmware/nnet_utils/nnet_common.h:65->firmware/nnet_utils/nnet_common.h:45->firmware/nnet_utils/nnet_pooling_stream.h:21->firmware/nnet_utils/nnet_pooling_stream.h:68->firmware/nnet_utils/nnet_pooling_stream.h:115]   --->   Operation 98 'xor' 'xor_ln65_2' <Predicate = (icmp_ln55 & and_ln55_1)> <Delay = 0.00> <CoreInst = "LogicGate">   --->   Core 74 'LogicGate' <Latency = 0> <II = 1> <Delay = 0.12> <FuncUnit> <Opcode : 'and' 'or' 'xor'> <InPorts = 2> <OutPorts = 1>
ST_2 : Operation 99 [1/1] (0.00ns) (grouped into LUT with out node res_pack_4)   --->   "%tmp_s = partselect i16 @_ssdm_op_PartSelect.i16.i30.i32.i32, i30 %select_ln65, i32 12, i32 27" [firmware/nnet_utils/nnet_pooling_stream.h:68->firmware/nnet_utils/nnet_pooling_stream.h:115]   --->   Operation 99 'partselect' 'tmp_s' <Predicate = (icmp_ln55 & and_ln55_1)> <Delay = 0.00>
ST_2 : Operation 100 [1/1] (0.00ns) (grouped into LUT with out node res_pack_4)   --->   "%tmp_1 = partselect i16 @_ssdm_op_PartSelect.i16.i30.i32.i32, i30 %select_ln65_1, i32 12, i32 27" [firmware/nnet_utils/nnet_pooling_stream.h:68->firmware/nnet_utils/nnet_pooling_stream.h:115]   --->   Operation 100 'partselect' 'tmp_1' <Predicate = (icmp_ln55 & and_ln55_1)> <Delay = 0.00>
ST_2 : Operation 101 [1/1] (0.24ns) (out node of the LUT)   --->   "%res_pack_4 = select i1 %xor_ln65_2, i16 %tmp_s, i16 %tmp_1" [firmware/nnet_utils/nnet_common.h:65->firmware/nnet_utils/nnet_common.h:45->firmware/nnet_utils/nnet_pooling_stream.h:21->firmware/nnet_utils/nnet_pooling_stream.h:68->firmware/nnet_utils/nnet_pooling_stream.h:115]   --->   Operation 101 'select' 'res_pack_4' <Predicate = (icmp_ln55 & and_ln55_1)> <Delay = 0.24> <CoreInst = "Sel">   --->   Core 73 'Sel' <Latency = 0> <II = 1> <Delay = 0.24> <FuncUnit> <Opcode : 'select'> <InPorts = 3> <OutPorts = 1>
ST_2 : Operation 102 [1/1] (0.86ns)   --->   "%icmp_ln65_3 = icmp_ult  i30 %pool_window_4, i30 %pool_window_5" [firmware/nnet_utils/nnet_common.h:65->firmware/nnet_utils/nnet_common.h:43->firmware/nnet_utils/nnet_common.h:45->firmware/nnet_utils/nnet_pooling_stream.h:21->firmware/nnet_utils/nnet_pooling_stream.h:68->firmware/nnet_utils/nnet_pooling_stream.h:115]   --->   Operation 102 'icmp' 'icmp_ln65_3' <Predicate = (icmp_ln55 & and_ln55_1)> <Delay = 0.86> <CoreInst = "Cmp">   --->   Core 9 'Cmp' <Latency = 0> <II = 1> <Delay = 0.86> <FuncUnit> <Opcode : 'icmp'> <InPorts = 2> <OutPorts = 1>
ST_2 : Operation 103 [1/1] (0.00ns) (grouped into LUT with out node select_ln65_3)   --->   "%xor_ln65_3 = xor i1 %icmp_ln65_3, i1 1" [firmware/nnet_utils/nnet_common.h:65->firmware/nnet_utils/nnet_common.h:43->firmware/nnet_utils/nnet_common.h:45->firmware/nnet_utils/nnet_pooling_stream.h:21->firmware/nnet_utils/nnet_pooling_stream.h:68->firmware/nnet_utils/nnet_pooling_stream.h:115]   --->   Operation 103 'xor' 'xor_ln65_3' <Predicate = (icmp_ln55 & and_ln55_1)> <Delay = 0.00> <CoreInst = "LogicGate">   --->   Core 74 'LogicGate' <Latency = 0> <II = 1> <Delay = 0.12> <FuncUnit> <Opcode : 'and' 'or' 'xor'> <InPorts = 2> <OutPorts = 1>
ST_2 : Operation 104 [1/1] (0.27ns) (out node of the LUT)   --->   "%select_ln65_3 = select i1 %xor_ln65_3, i30 %pool_window_4, i30 %pool_window_5" [firmware/nnet_utils/nnet_common.h:65->firmware/nnet_utils/nnet_common.h:43->firmware/nnet_utils/nnet_common.h:45->firmware/nnet_utils/nnet_pooling_stream.h:21->firmware/nnet_utils/nnet_pooling_stream.h:68->firmware/nnet_utils/nnet_pooling_stream.h:115]   --->   Operation 104 'select' 'select_ln65_3' <Predicate = (icmp_ln55 & and_ln55_1)> <Delay = 0.27> <CoreInst = "Sel">   --->   Core 73 'Sel' <Latency = 0> <II = 1> <Delay = 0.27> <FuncUnit> <Opcode : 'select'> <InPorts = 3> <OutPorts = 1>
ST_2 : Operation 105 [1/1] (0.86ns)   --->   "%icmp_ln65_4 = icmp_ult  i30 %pool_window_6, i30 %pool_window_7" [firmware/nnet_utils/nnet_common.h:65->firmware/nnet_utils/nnet_common.h:43->firmware/nnet_utils/nnet_common.h:45->firmware/nnet_utils/nnet_pooling_stream.h:21->firmware/nnet_utils/nnet_pooling_stream.h:68->firmware/nnet_utils/nnet_pooling_stream.h:115]   --->   Operation 105 'icmp' 'icmp_ln65_4' <Predicate = (icmp_ln55 & and_ln55_1)> <Delay = 0.86> <CoreInst = "Cmp">   --->   Core 9 'Cmp' <Latency = 0> <II = 1> <Delay = 0.86> <FuncUnit> <Opcode : 'icmp'> <InPorts = 2> <OutPorts = 1>
ST_2 : Operation 106 [1/1] (0.00ns) (grouped into LUT with out node select_ln65_4)   --->   "%xor_ln65_4 = xor i1 %icmp_ln65_4, i1 1" [firmware/nnet_utils/nnet_common.h:65->firmware/nnet_utils/nnet_common.h:43->firmware/nnet_utils/nnet_common.h:45->firmware/nnet_utils/nnet_pooling_stream.h:21->firmware/nnet_utils/nnet_pooling_stream.h:68->firmware/nnet_utils/nnet_pooling_stream.h:115]   --->   Operation 106 'xor' 'xor_ln65_4' <Predicate = (icmp_ln55 & and_ln55_1)> <Delay = 0.00> <CoreInst = "LogicGate">   --->   Core 74 'LogicGate' <Latency = 0> <II = 1> <Delay = 0.12> <FuncUnit> <Opcode : 'and' 'or' 'xor'> <InPorts = 2> <OutPorts = 1>
ST_2 : Operation 107 [1/1] (0.27ns) (out node of the LUT)   --->   "%select_ln65_4 = select i1 %xor_ln65_4, i30 %pool_window_6, i30 %pool_window_7" [firmware/nnet_utils/nnet_common.h:65->firmware/nnet_utils/nnet_common.h:43->firmware/nnet_utils/nnet_common.h:45->firmware/nnet_utils/nnet_pooling_stream.h:21->firmware/nnet_utils/nnet_pooling_stream.h:68->firmware/nnet_utils/nnet_pooling_stream.h:115]   --->   Operation 107 'select' 'select_ln65_4' <Predicate = (icmp_ln55 & and_ln55_1)> <Delay = 0.27> <CoreInst = "Sel">   --->   Core 73 'Sel' <Latency = 0> <II = 1> <Delay = 0.27> <FuncUnit> <Opcode : 'select'> <InPorts = 3> <OutPorts = 1>
ST_2 : Operation 108 [1/1] (0.86ns)   --->   "%icmp_ln65_5 = icmp_ult  i30 %select_ln65_3, i30 %select_ln65_4" [firmware/nnet_utils/nnet_common.h:65->firmware/nnet_utils/nnet_common.h:45->firmware/nnet_utils/nnet_pooling_stream.h:21->firmware/nnet_utils/nnet_pooling_stream.h:68->firmware/nnet_utils/nnet_pooling_stream.h:115]   --->   Operation 108 'icmp' 'icmp_ln65_5' <Predicate = (icmp_ln55 & and_ln55_1)> <Delay = 0.86> <CoreInst = "Cmp">   --->   Core 9 'Cmp' <Latency = 0> <II = 1> <Delay = 0.86> <FuncUnit> <Opcode : 'icmp'> <InPorts = 2> <OutPorts = 1>
ST_2 : Operation 109 [1/1] (0.00ns) (grouped into LUT with out node res_pack_5)   --->   "%xor_ln65_5 = xor i1 %icmp_ln65_5, i1 1" [firmware/nnet_utils/nnet_common.h:65->firmware/nnet_utils/nnet_common.h:45->firmware/nnet_utils/nnet_pooling_stream.h:21->firmware/nnet_utils/nnet_pooling_stream.h:68->firmware/nnet_utils/nnet_pooling_stream.h:115]   --->   Operation 109 'xor' 'xor_ln65_5' <Predicate = (icmp_ln55 & and_ln55_1)> <Delay = 0.00> <CoreInst = "LogicGate">   --->   Core 74 'LogicGate' <Latency = 0> <II = 1> <Delay = 0.12> <FuncUnit> <Opcode : 'and' 'or' 'xor'> <InPorts = 2> <OutPorts = 1>
ST_2 : Operation 110 [1/1] (0.00ns) (grouped into LUT with out node res_pack_5)   --->   "%tmp_2 = partselect i16 @_ssdm_op_PartSelect.i16.i30.i32.i32, i30 %select_ln65_3, i32 12, i32 27" [firmware/nnet_utils/nnet_pooling_stream.h:68->firmware/nnet_utils/nnet_pooling_stream.h:115]   --->   Operation 110 'partselect' 'tmp_2' <Predicate = (icmp_ln55 & and_ln55_1)> <Delay = 0.00>
ST_2 : Operation 111 [1/1] (0.00ns) (grouped into LUT with out node res_pack_5)   --->   "%tmp_3 = partselect i16 @_ssdm_op_PartSelect.i16.i30.i32.i32, i30 %select_ln65_4, i32 12, i32 27" [firmware/nnet_utils/nnet_pooling_stream.h:68->firmware/nnet_utils/nnet_pooling_stream.h:115]   --->   Operation 111 'partselect' 'tmp_3' <Predicate = (icmp_ln55 & and_ln55_1)> <Delay = 0.00>
ST_2 : Operation 112 [1/1] (0.24ns) (out node of the LUT)   --->   "%res_pack_5 = select i1 %xor_ln65_5, i16 %tmp_2, i16 %tmp_3" [firmware/nnet_utils/nnet_common.h:65->firmware/nnet_utils/nnet_common.h:45->firmware/nnet_utils/nnet_pooling_stream.h:21->firmware/nnet_utils/nnet_pooling_stream.h:68->firmware/nnet_utils/nnet_pooling_stream.h:115]   --->   Operation 112 'select' 'res_pack_5' <Predicate = (icmp_ln55 & and_ln55_1)> <Delay = 0.24> <CoreInst = "Sel">   --->   Core 73 'Sel' <Latency = 0> <II = 1> <Delay = 0.24> <FuncUnit> <Opcode : 'select'> <InPorts = 3> <OutPorts = 1>
ST_2 : Operation 113 [1/1] (0.86ns)   --->   "%icmp_ln65_6 = icmp_ult  i30 %pool_window_8, i30 %pool_window_9" [firmware/nnet_utils/nnet_common.h:65->firmware/nnet_utils/nnet_common.h:43->firmware/nnet_utils/nnet_common.h:45->firmware/nnet_utils/nnet_pooling_stream.h:21->firmware/nnet_utils/nnet_pooling_stream.h:68->firmware/nnet_utils/nnet_pooling_stream.h:115]   --->   Operation 113 'icmp' 'icmp_ln65_6' <Predicate = (icmp_ln55 & and_ln55_1)> <Delay = 0.86> <CoreInst = "Cmp">   --->   Core 9 'Cmp' <Latency = 0> <II = 1> <Delay = 0.86> <FuncUnit> <Opcode : 'icmp'> <InPorts = 2> <OutPorts = 1>
ST_2 : Operation 114 [1/1] (0.00ns) (grouped into LUT with out node select_ln65_6)   --->   "%xor_ln65_6 = xor i1 %icmp_ln65_6, i1 1" [firmware/nnet_utils/nnet_common.h:65->firmware/nnet_utils/nnet_common.h:43->firmware/nnet_utils/nnet_common.h:45->firmware/nnet_utils/nnet_pooling_stream.h:21->firmware/nnet_utils/nnet_pooling_stream.h:68->firmware/nnet_utils/nnet_pooling_stream.h:115]   --->   Operation 114 'xor' 'xor_ln65_6' <Predicate = (icmp_ln55 & and_ln55_1)> <Delay = 0.00> <CoreInst = "LogicGate">   --->   Core 74 'LogicGate' <Latency = 0> <II = 1> <Delay = 0.12> <FuncUnit> <Opcode : 'and' 'or' 'xor'> <InPorts = 2> <OutPorts = 1>
ST_2 : Operation 115 [1/1] (0.27ns) (out node of the LUT)   --->   "%select_ln65_6 = select i1 %xor_ln65_6, i30 %pool_window_8, i30 %pool_window_9" [firmware/nnet_utils/nnet_common.h:65->firmware/nnet_utils/nnet_common.h:43->firmware/nnet_utils/nnet_common.h:45->firmware/nnet_utils/nnet_pooling_stream.h:21->firmware/nnet_utils/nnet_pooling_stream.h:68->firmware/nnet_utils/nnet_pooling_stream.h:115]   --->   Operation 115 'select' 'select_ln65_6' <Predicate = (icmp_ln55 & and_ln55_1)> <Delay = 0.27> <CoreInst = "Sel">   --->   Core 73 'Sel' <Latency = 0> <II = 1> <Delay = 0.27> <FuncUnit> <Opcode : 'select'> <InPorts = 3> <OutPorts = 1>
ST_2 : Operation 116 [1/1] (0.86ns)   --->   "%icmp_ln65_7 = icmp_ult  i30 %pool_window_15, i30 %pool_window_10" [firmware/nnet_utils/nnet_common.h:65->firmware/nnet_utils/nnet_common.h:43->firmware/nnet_utils/nnet_common.h:45->firmware/nnet_utils/nnet_pooling_stream.h:21->firmware/nnet_utils/nnet_pooling_stream.h:68->firmware/nnet_utils/nnet_pooling_stream.h:115]   --->   Operation 116 'icmp' 'icmp_ln65_7' <Predicate = (icmp_ln55 & and_ln55_1)> <Delay = 0.86> <CoreInst = "Cmp">   --->   Core 9 'Cmp' <Latency = 0> <II = 1> <Delay = 0.86> <FuncUnit> <Opcode : 'icmp'> <InPorts = 2> <OutPorts = 1>
ST_2 : Operation 117 [1/1] (0.00ns) (grouped into LUT with out node select_ln65_7)   --->   "%xor_ln65_7 = xor i1 %icmp_ln65_7, i1 1" [firmware/nnet_utils/nnet_common.h:65->firmware/nnet_utils/nnet_common.h:43->firmware/nnet_utils/nnet_common.h:45->firmware/nnet_utils/nnet_pooling_stream.h:21->firmware/nnet_utils/nnet_pooling_stream.h:68->firmware/nnet_utils/nnet_pooling_stream.h:115]   --->   Operation 117 'xor' 'xor_ln65_7' <Predicate = (icmp_ln55 & and_ln55_1)> <Delay = 0.00> <CoreInst = "LogicGate">   --->   Core 74 'LogicGate' <Latency = 0> <II = 1> <Delay = 0.12> <FuncUnit> <Opcode : 'and' 'or' 'xor'> <InPorts = 2> <OutPorts = 1>
ST_2 : Operation 118 [1/1] (0.27ns) (out node of the LUT)   --->   "%select_ln65_7 = select i1 %xor_ln65_7, i30 %pool_window_15, i30 %pool_window_10" [firmware/nnet_utils/nnet_common.h:65->firmware/nnet_utils/nnet_common.h:43->firmware/nnet_utils/nnet_common.h:45->firmware/nnet_utils/nnet_pooling_stream.h:21->firmware/nnet_utils/nnet_pooling_stream.h:68->firmware/nnet_utils/nnet_pooling_stream.h:115]   --->   Operation 118 'select' 'select_ln65_7' <Predicate = (icmp_ln55 & and_ln55_1)> <Delay = 0.27> <CoreInst = "Sel">   --->   Core 73 'Sel' <Latency = 0> <II = 1> <Delay = 0.27> <FuncUnit> <Opcode : 'select'> <InPorts = 3> <OutPorts = 1>
ST_2 : Operation 119 [1/1] (0.86ns)   --->   "%icmp_ln65_8 = icmp_ult  i30 %select_ln65_6, i30 %select_ln65_7" [firmware/nnet_utils/nnet_common.h:65->firmware/nnet_utils/nnet_common.h:45->firmware/nnet_utils/nnet_pooling_stream.h:21->firmware/nnet_utils/nnet_pooling_stream.h:68->firmware/nnet_utils/nnet_pooling_stream.h:115]   --->   Operation 119 'icmp' 'icmp_ln65_8' <Predicate = (icmp_ln55 & and_ln55_1)> <Delay = 0.86> <CoreInst = "Cmp">   --->   Core 9 'Cmp' <Latency = 0> <II = 1> <Delay = 0.86> <FuncUnit> <Opcode : 'icmp'> <InPorts = 2> <OutPorts = 1>
ST_2 : Operation 120 [1/1] (0.00ns) (grouped into LUT with out node res_pack_6)   --->   "%xor_ln65_8 = xor i1 %icmp_ln65_8, i1 1" [firmware/nnet_utils/nnet_common.h:65->firmware/nnet_utils/nnet_common.h:45->firmware/nnet_utils/nnet_pooling_stream.h:21->firmware/nnet_utils/nnet_pooling_stream.h:68->firmware/nnet_utils/nnet_pooling_stream.h:115]   --->   Operation 120 'xor' 'xor_ln65_8' <Predicate = (icmp_ln55 & and_ln55_1)> <Delay = 0.00> <CoreInst = "LogicGate">   --->   Core 74 'LogicGate' <Latency = 0> <II = 1> <Delay = 0.12> <FuncUnit> <Opcode : 'and' 'or' 'xor'> <InPorts = 2> <OutPorts = 1>
ST_2 : Operation 121 [1/1] (0.00ns) (grouped into LUT with out node res_pack_6)   --->   "%tmp_4 = partselect i16 @_ssdm_op_PartSelect.i16.i30.i32.i32, i30 %select_ln65_6, i32 12, i32 27" [firmware/nnet_utils/nnet_pooling_stream.h:68->firmware/nnet_utils/nnet_pooling_stream.h:115]   --->   Operation 121 'partselect' 'tmp_4' <Predicate = (icmp_ln55 & and_ln55_1)> <Delay = 0.00>
ST_2 : Operation 122 [1/1] (0.00ns) (grouped into LUT with out node res_pack_6)   --->   "%tmp_5 = partselect i16 @_ssdm_op_PartSelect.i16.i30.i32.i32, i30 %select_ln65_7, i32 12, i32 27" [firmware/nnet_utils/nnet_pooling_stream.h:68->firmware/nnet_utils/nnet_pooling_stream.h:115]   --->   Operation 122 'partselect' 'tmp_5' <Predicate = (icmp_ln55 & and_ln55_1)> <Delay = 0.00>
ST_2 : Operation 123 [1/1] (0.24ns) (out node of the LUT)   --->   "%res_pack_6 = select i1 %xor_ln65_8, i16 %tmp_4, i16 %tmp_5" [firmware/nnet_utils/nnet_common.h:65->firmware/nnet_utils/nnet_common.h:45->firmware/nnet_utils/nnet_pooling_stream.h:21->firmware/nnet_utils/nnet_pooling_stream.h:68->firmware/nnet_utils/nnet_pooling_stream.h:115]   --->   Operation 123 'select' 'res_pack_6' <Predicate = (icmp_ln55 & and_ln55_1)> <Delay = 0.24> <CoreInst = "Sel">   --->   Core 73 'Sel' <Latency = 0> <II = 1> <Delay = 0.24> <FuncUnit> <Opcode : 'select'> <InPorts = 3> <OutPorts = 1>
ST_2 : Operation 124 [1/1] (0.86ns)   --->   "%icmp_ln65_9 = icmp_ult  i30 %pool_window_11, i30 %pool_window_12" [firmware/nnet_utils/nnet_common.h:65->firmware/nnet_utils/nnet_common.h:43->firmware/nnet_utils/nnet_common.h:45->firmware/nnet_utils/nnet_pooling_stream.h:21->firmware/nnet_utils/nnet_pooling_stream.h:68->firmware/nnet_utils/nnet_pooling_stream.h:115]   --->   Operation 124 'icmp' 'icmp_ln65_9' <Predicate = (icmp_ln55 & and_ln55_1)> <Delay = 0.86> <CoreInst = "Cmp">   --->   Core 9 'Cmp' <Latency = 0> <II = 1> <Delay = 0.86> <FuncUnit> <Opcode : 'icmp'> <InPorts = 2> <OutPorts = 1>
ST_2 : Operation 125 [1/1] (0.00ns) (grouped into LUT with out node select_ln65_9)   --->   "%xor_ln65_9 = xor i1 %icmp_ln65_9, i1 1" [firmware/nnet_utils/nnet_common.h:65->firmware/nnet_utils/nnet_common.h:43->firmware/nnet_utils/nnet_common.h:45->firmware/nnet_utils/nnet_pooling_stream.h:21->firmware/nnet_utils/nnet_pooling_stream.h:68->firmware/nnet_utils/nnet_pooling_stream.h:115]   --->   Operation 125 'xor' 'xor_ln65_9' <Predicate = (icmp_ln55 & and_ln55_1)> <Delay = 0.00> <CoreInst = "LogicGate">   --->   Core 74 'LogicGate' <Latency = 0> <II = 1> <Delay = 0.12> <FuncUnit> <Opcode : 'and' 'or' 'xor'> <InPorts = 2> <OutPorts = 1>
ST_2 : Operation 126 [1/1] (0.27ns) (out node of the LUT)   --->   "%select_ln65_9 = select i1 %xor_ln65_9, i30 %pool_window_11, i30 %pool_window_12" [firmware/nnet_utils/nnet_common.h:65->firmware/nnet_utils/nnet_common.h:43->firmware/nnet_utils/nnet_common.h:45->firmware/nnet_utils/nnet_pooling_stream.h:21->firmware/nnet_utils/nnet_pooling_stream.h:68->firmware/nnet_utils/nnet_pooling_stream.h:115]   --->   Operation 126 'select' 'select_ln65_9' <Predicate = (icmp_ln55 & and_ln55_1)> <Delay = 0.27> <CoreInst = "Sel">   --->   Core 73 'Sel' <Latency = 0> <II = 1> <Delay = 0.27> <FuncUnit> <Opcode : 'select'> <InPorts = 3> <OutPorts = 1>
ST_2 : Operation 127 [1/1] (0.86ns)   --->   "%icmp_ln65_10 = icmp_ult  i30 %pool_window_13, i30 %pool_window_14" [firmware/nnet_utils/nnet_common.h:65->firmware/nnet_utils/nnet_common.h:43->firmware/nnet_utils/nnet_common.h:45->firmware/nnet_utils/nnet_pooling_stream.h:21->firmware/nnet_utils/nnet_pooling_stream.h:68->firmware/nnet_utils/nnet_pooling_stream.h:115]   --->   Operation 127 'icmp' 'icmp_ln65_10' <Predicate = (icmp_ln55 & and_ln55_1)> <Delay = 0.86> <CoreInst = "Cmp">   --->   Core 9 'Cmp' <Latency = 0> <II = 1> <Delay = 0.86> <FuncUnit> <Opcode : 'icmp'> <InPorts = 2> <OutPorts = 1>
ST_2 : Operation 128 [1/1] (0.00ns) (grouped into LUT with out node select_ln65_10)   --->   "%xor_ln65_10 = xor i1 %icmp_ln65_10, i1 1" [firmware/nnet_utils/nnet_common.h:65->firmware/nnet_utils/nnet_common.h:43->firmware/nnet_utils/nnet_common.h:45->firmware/nnet_utils/nnet_pooling_stream.h:21->firmware/nnet_utils/nnet_pooling_stream.h:68->firmware/nnet_utils/nnet_pooling_stream.h:115]   --->   Operation 128 'xor' 'xor_ln65_10' <Predicate = (icmp_ln55 & and_ln55_1)> <Delay = 0.00> <CoreInst = "LogicGate">   --->   Core 74 'LogicGate' <Latency = 0> <II = 1> <Delay = 0.12> <FuncUnit> <Opcode : 'and' 'or' 'xor'> <InPorts = 2> <OutPorts = 1>
ST_2 : Operation 129 [1/1] (0.27ns) (out node of the LUT)   --->   "%select_ln65_10 = select i1 %xor_ln65_10, i30 %pool_window_13, i30 %pool_window_14" [firmware/nnet_utils/nnet_common.h:65->firmware/nnet_utils/nnet_common.h:43->firmware/nnet_utils/nnet_common.h:45->firmware/nnet_utils/nnet_pooling_stream.h:21->firmware/nnet_utils/nnet_pooling_stream.h:68->firmware/nnet_utils/nnet_pooling_stream.h:115]   --->   Operation 129 'select' 'select_ln65_10' <Predicate = (icmp_ln55 & and_ln55_1)> <Delay = 0.27> <CoreInst = "Sel">   --->   Core 73 'Sel' <Latency = 0> <II = 1> <Delay = 0.27> <FuncUnit> <Opcode : 'select'> <InPorts = 3> <OutPorts = 1>
ST_2 : Operation 130 [1/1] (0.86ns)   --->   "%icmp_ln65_11 = icmp_ult  i30 %select_ln65_9, i30 %select_ln65_10" [firmware/nnet_utils/nnet_common.h:65->firmware/nnet_utils/nnet_common.h:45->firmware/nnet_utils/nnet_pooling_stream.h:21->firmware/nnet_utils/nnet_pooling_stream.h:68->firmware/nnet_utils/nnet_pooling_stream.h:115]   --->   Operation 130 'icmp' 'icmp_ln65_11' <Predicate = (icmp_ln55 & and_ln55_1)> <Delay = 0.86> <CoreInst = "Cmp">   --->   Core 9 'Cmp' <Latency = 0> <II = 1> <Delay = 0.86> <FuncUnit> <Opcode : 'icmp'> <InPorts = 2> <OutPorts = 1>
ST_2 : Operation 131 [1/1] (0.00ns) (grouped into LUT with out node res_pack)   --->   "%xor_ln65_11 = xor i1 %icmp_ln65_11, i1 1" [firmware/nnet_utils/nnet_common.h:65->firmware/nnet_utils/nnet_common.h:45->firmware/nnet_utils/nnet_pooling_stream.h:21->firmware/nnet_utils/nnet_pooling_stream.h:68->firmware/nnet_utils/nnet_pooling_stream.h:115]   --->   Operation 131 'xor' 'xor_ln65_11' <Predicate = (icmp_ln55 & and_ln55_1)> <Delay = 0.00> <CoreInst = "LogicGate">   --->   Core 74 'LogicGate' <Latency = 0> <II = 1> <Delay = 0.12> <FuncUnit> <Opcode : 'and' 'or' 'xor'> <InPorts = 2> <OutPorts = 1>
ST_2 : Operation 132 [1/1] (0.00ns) (grouped into LUT with out node res_pack)   --->   "%tmp_6 = partselect i16 @_ssdm_op_PartSelect.i16.i30.i32.i32, i30 %select_ln65_9, i32 12, i32 27" [firmware/nnet_utils/nnet_pooling_stream.h:68->firmware/nnet_utils/nnet_pooling_stream.h:115]   --->   Operation 132 'partselect' 'tmp_6' <Predicate = (icmp_ln55 & and_ln55_1)> <Delay = 0.00>
ST_2 : Operation 133 [1/1] (0.00ns) (grouped into LUT with out node res_pack)   --->   "%tmp_7 = partselect i16 @_ssdm_op_PartSelect.i16.i30.i32.i32, i30 %select_ln65_10, i32 12, i32 27" [firmware/nnet_utils/nnet_pooling_stream.h:68->firmware/nnet_utils/nnet_pooling_stream.h:115]   --->   Operation 133 'partselect' 'tmp_7' <Predicate = (icmp_ln55 & and_ln55_1)> <Delay = 0.00>
ST_2 : Operation 134 [1/1] (0.24ns) (out node of the LUT)   --->   "%res_pack = select i1 %xor_ln65_11, i16 %tmp_6, i16 %tmp_7" [firmware/nnet_utils/nnet_common.h:65->firmware/nnet_utils/nnet_common.h:45->firmware/nnet_utils/nnet_pooling_stream.h:21->firmware/nnet_utils/nnet_pooling_stream.h:68->firmware/nnet_utils/nnet_pooling_stream.h:115]   --->   Operation 134 'select' 'res_pack' <Predicate = (icmp_ln55 & and_ln55_1)> <Delay = 0.24> <CoreInst = "Sel">   --->   Core 73 'Sel' <Latency = 0> <II = 1> <Delay = 0.24> <FuncUnit> <Opcode : 'select'> <InPorts = 3> <OutPorts = 1>
ST_2 : Operation 135 [1/1] (0.00ns)   --->   "%sY_load_1 = load i32 %sY" [firmware/nnet_utils/nnet_pooling_stream.h:86->firmware/nnet_utils/nnet_pooling_stream.h:115]   --->   Operation 135 'load' 'sY_load_1' <Predicate = (!icmp_ln109 & icmp_ln76 & !icmp_ln80)> <Delay = 0.00>
ST_2 : Operation 136 [1/1] (0.88ns)   --->   "%icmp_ln86 = icmp_eq  i32 %sY_load_1, i32 1" [firmware/nnet_utils/nnet_pooling_stream.h:86->firmware/nnet_utils/nnet_pooling_stream.h:115]   --->   Operation 136 'icmp' 'icmp_ln86' <Predicate = (!icmp_ln109 & icmp_ln76 & !icmp_ln80)> <Delay = 0.88> <CoreInst = "Cmp">   --->   Core 9 'Cmp' <Latency = 0> <II = 1> <Delay = 0.88> <FuncUnit> <Opcode : 'icmp'> <InPorts = 2> <OutPorts = 1>
ST_2 : Operation 137 [1/1] (0.00ns) (grouped into LUT with out node add_ln86)   --->   "%select_ln86 = select i1 %icmp_ln86, i32 4294967295, i32 1" [firmware/nnet_utils/nnet_pooling_stream.h:86->firmware/nnet_utils/nnet_pooling_stream.h:115]   --->   Operation 137 'select' 'select_ln86' <Predicate = (!icmp_ln109 & icmp_ln76 & !icmp_ln80)> <Delay = 0.00> <CoreInst = "Sel">   --->   Core 73 'Sel' <Latency = 0> <II = 1> <Delay = 0.27> <FuncUnit> <Opcode : 'select'> <InPorts = 3> <OutPorts = 1>
ST_2 : Operation 138 [1/1] (0.88ns) (out node of the LUT)   --->   "%add_ln86 = add i32 %sY_load_1, i32 %select_ln86" [firmware/nnet_utils/nnet_pooling_stream.h:86->firmware/nnet_utils/nnet_pooling_stream.h:115]   --->   Operation 138 'add' 'add_ln86' <Predicate = (!icmp_ln109 & icmp_ln76 & !icmp_ln80)> <Delay = 0.88> <CoreInst = "Adder">   --->   Core 1 'Adder' <Latency = 0> <II = 1> <Delay = 0.88> <FuncUnit> <Opcode : 'add' 'sub'> <InPorts = 2> <OutPorts = 1>
ST_2 : Operation 139 [1/1] (0.38ns)   --->   "%br_ln0 = br void %if.end39.i"   --->   Operation 139 'br' 'br_ln0' <Predicate = (!icmp_ln109 & icmp_ln76 & !icmp_ln80)> <Delay = 0.38>
ST_2 : Operation 140 [1/1] (0.00ns)   --->   "%storemerge = phi i32 %add_ln86, void %if.else.i, i32 0, void %if.then32.i" [firmware/nnet_utils/nnet_pooling_stream.h:86->firmware/nnet_utils/nnet_pooling_stream.h:115]   --->   Operation 140 'phi' 'storemerge' <Predicate = (icmp_ln76)> <Delay = 0.00>
ST_2 : Operation 141 [1/1] (0.00ns)   --->   "%store_ln82 = store i32 %storemerge, i32 %sY" [firmware/nnet_utils/nnet_pooling_stream.h:82->firmware/nnet_utils/nnet_pooling_stream.h:115]   --->   Operation 141 'store' 'store_ln82' <Predicate = (icmp_ln76)> <Delay = 0.00>
ST_2 : Operation 142 [1/1] (0.00ns)   --->   "%br_ln88 = br void %for.inc" [firmware/nnet_utils/nnet_pooling_stream.h:88->firmware/nnet_utils/nnet_pooling_stream.h:115]   --->   Operation 142 'br' 'br_ln88' <Predicate = (icmp_ln76)> <Delay = 0.00>
ST_2 : Operation 146 [1/1] (0.00ns)   --->   "%ret_ln118 = ret" [firmware/nnet_utils/nnet_pooling_stream.h:118]   --->   Operation 146 'ret' 'ret_ln118' <Predicate = (icmp_ln109)> <Delay = 0.00>

State 3 <SV = 2> <Delay = 1.40>
ST_3 : Operation 143 [1/1] (0.00ns)   --->   "%or_ln72_5 = bitconcatenate i64 @_ssdm_op_BitConcatenate.i64.i16.i16.i16.i16, i16 %res_pack, i16 %res_pack_6, i16 %res_pack_5, i16 %res_pack_4" [firmware/nnet_utils/nnet_pooling_stream.h:72->firmware/nnet_utils/nnet_pooling_stream.h:115]   --->   Operation 143 'bitconcatenate' 'or_ln72_5' <Predicate = (icmp_ln55 & and_ln55_1)> <Delay = 0.00>
ST_3 : Operation 144 [1/1] (1.40ns)   --->   "%write_ln72 = write void @_ssdm_op_Write.ap_fifo.volatile.i64P0A, i64 %layer9_out, i64 %or_ln72_5" [firmware/nnet_utils/nnet_pooling_stream.h:72->firmware/nnet_utils/nnet_pooling_stream.h:115]   --->   Operation 144 'write' 'write_ln72' <Predicate = (icmp_ln55 & and_ln55_1)> <Delay = 1.40> <CoreInst = "FIFO_SRL">   --->   Core 81 'FIFO_SRL' <Latency = 0> <II = 1> <Delay = 1.40> <Storage> <Opcode : 'read' 'write' 'nbread' 'nbwrite'> <Ports = 0> <Width = 64> <Depth = 6> <FIFO>
ST_3 : Operation 145 [1/1] (0.00ns)   --->   "%br_ln73 = br void %if.end.i" [firmware/nnet_utils/nnet_pooling_stream.h:73->firmware/nnet_utils/nnet_pooling_stream.h:115]   --->   Operation 145 'br' 'br_ln73' <Predicate = (icmp_ln55 & and_ln55_1)> <Delay = 0.00>


============================================================
+ Verbose Summary: Timing violations
============================================================
Target clock period: 5.000ns, clock uncertainty: 0.625ns.

 <State 1>: 2.269ns
The critical path consists of the following:
	'load' operation ('sX_load', firmware/nnet_utils/nnet_pooling_stream.h:55->firmware/nnet_utils/nnet_pooling_stream.h:115) on static variable 'sX' [55]  (0.000 ns)
	'icmp' operation ('icmp_ln55', firmware/nnet_utils/nnet_pooling_stream.h:55->firmware/nnet_utils/nnet_pooling_stream.h:115) [56]  (0.880 ns)
	'select' operation ('select_ln91', firmware/nnet_utils/nnet_pooling_stream.h:91->firmware/nnet_utils/nnet_pooling_stream.h:115) [138]  (0.000 ns)
	'add' operation ('add_ln91', firmware/nnet_utils/nnet_pooling_stream.h:91->firmware/nnet_utils/nnet_pooling_stream.h:115) [139]  (0.880 ns)
	'store' operation ('store_ln91', firmware/nnet_utils/nnet_pooling_stream.h:91->firmware/nnet_utils/nnet_pooling_stream.h:115) of variable 'add_ln91', firmware/nnet_utils/nnet_pooling_stream.h:91->firmware/nnet_utils/nnet_pooling_stream.h:115 on static variable 'sX' [140]  (0.387 ns)
	blocking operation 0.122 ns on control path)

 <State 2>: 4.097ns
The critical path consists of the following:
	fifo read operation ('layer8_out_read', firmware/nnet_utils/nnet_pooling_stream.h:115) on port 'layer8_out' (firmware/nnet_utils/nnet_pooling_stream.h:115) [30]  (1.231 ns)
	'memshiftread' operation ('p_5', firmware/nnet_utils/nnet_conv_stream.h:246->firmware/nnet_utils/nnet_pooling_stream.h:52->firmware/nnet_utils/nnet_pooling_stream.h:115) [35]  (0.611 ns)
	'icmp' operation ('icmp_ln65', firmware/nnet_utils/nnet_common.h:65->firmware/nnet_utils/nnet_common.h:43->firmware/nnet_utils/nnet_common.h:45->firmware/nnet_utils/nnet_pooling_stream.h:21->firmware/nnet_utils/nnet_pooling_stream.h:68->firmware/nnet_utils/nnet_pooling_stream.h:115) [85]  (0.868 ns)
	'xor' operation ('xor_ln65', firmware/nnet_utils/nnet_common.h:65->firmware/nnet_utils/nnet_common.h:43->firmware/nnet_utils/nnet_common.h:45->firmware/nnet_utils/nnet_pooling_stream.h:21->firmware/nnet_utils/nnet_pooling_stream.h:68->firmware/nnet_utils/nnet_pooling_stream.h:115) [86]  (0.000 ns)
	'select' operation ('select_ln65', firmware/nnet_utils/nnet_common.h:65->firmware/nnet_utils/nnet_common.h:43->firmware/nnet_utils/nnet_common.h:45->firmware/nnet_utils/nnet_pooling_stream.h:21->firmware/nnet_utils/nnet_pooling_stream.h:68->firmware/nnet_utils/nnet_pooling_stream.h:115) [87]  (0.276 ns)
	'icmp' operation ('icmp_ln65_2', firmware/nnet_utils/nnet_common.h:65->firmware/nnet_utils/nnet_common.h:45->firmware/nnet_utils/nnet_pooling_stream.h:21->firmware/nnet_utils/nnet_pooling_stream.h:68->firmware/nnet_utils/nnet_pooling_stream.h:115) [91]  (0.868 ns)
	'xor' operation ('xor_ln65_2', firmware/nnet_utils/nnet_common.h:65->firmware/nnet_utils/nnet_common.h:45->firmware/nnet_utils/nnet_pooling_stream.h:21->firmware/nnet_utils/nnet_pooling_stream.h:68->firmware/nnet_utils/nnet_pooling_stream.h:115) [92]  (0.000 ns)
	'select' operation ('res_pack_4', firmware/nnet_utils/nnet_common.h:65->firmware/nnet_utils/nnet_common.h:45->firmware/nnet_utils/nnet_pooling_stream.h:21->firmware/nnet_utils/nnet_pooling_stream.h:68->firmware/nnet_utils/nnet_pooling_stream.h:115) [95]  (0.243 ns)

 <State 3>: 1.409ns
The critical path consists of the following:
	fifo write operation ('write_ln72', firmware/nnet_utils/nnet_pooling_stream.h:72->firmware/nnet_utils/nnet_pooling_stream.h:115) on port 'layer9_out' (firmware/nnet_utils/nnet_pooling_stream.h:72->firmware/nnet_utils/nnet_pooling_stream.h:115) [130]  (1.409 ns)


============================================================
+ Verbose Summary: Binding
============================================================
N/A
* FSMD analyzer results:
  - Output states:
 - Input state : 
  - Chain level:
	State 1
	State 2
	State 3


============================================================
+ Verbose Summary: Datapath Resource usage 
============================================================
N/A
