

================================================================
== Vitis HLS Report for 'relu_array_ap_fixed_8u_array_ap_fixed_16_6_5_3_0_8u_ReLU_config10_s'
================================================================
* Date:           Sun Apr 28 20:42:11 2024

* Version:        2023.1 (Build 3854077 on May  4 2023)
* Project:        myproject_prj
* Solution:       solution1 (Vivado IP Flow Target)
* Product family: virtexuplus
* Target device:  xcvu13p-flga2577-2-e


================================================================
== Performance Estimates
================================================================
+ Timing: 
    * Summary: 
    +--------+---------+----------+------------+
    |  Clock |  Target | Estimated| Uncertainty|
    +--------+---------+----------+------------+
    |ap_clk  |  5.00 ns|  3.540 ns|     0.62 ns|
    +--------+---------+----------+------------+

+ Latency: 
    * Summary: 
    +---------+---------+----------+----------+-----+-----+---------+
    |  Latency (cycles) |  Latency (absolute) |  Interval | Pipeline|
    |   min   |   max   |    min   |    max   | min | max |   Type  |
    +---------+---------+----------+----------+-----+-----+---------+
    |       26|       26|  0.130 us|  0.130 us|   26|   26|       no|
    +---------+---------+----------+----------+-----+-----+---------+

    + Detail: 
        * Instance: 
        N/A

        * Loop: 
        +---------------+---------+---------+----------+-----------+-----------+------+----------+
        |               |  Latency (cycles) | Iteration|  Initiation Interval  | Trip |          |
        |   Loop Name   |   min   |   max   |  Latency |  achieved |   target  | Count| Pipelined|
        +---------------+---------+---------+----------+-----------+-----------+------+----------+
        |- ReLUActLoop  |       24|       24|         2|          1|          1|    24|       yes|
        +---------------+---------+---------+----------+-----------+-----------+------+----------+

============================================================
+ Verbose Summary: Synthesis Manager
============================================================
InlineROM: 1
ExposeGlobal: 0
============================================================
+ Verbose Summary: CDFG Model
============================================================
IsTopModel: 0
ResetActiveHigh: 1
IsCombinational: 2
IsDatapathOnly: 0
HasWiredReturn: 1
HasMFsm: 2
HasVarLatency: 1
IsPipeline: 0
IsRtlPipelined: 0
IsInstanceOverlapped: 0
IsDontTouch: 0
HasImplIP: 0
IsGatedGlobalClock: 0

+ Individual pipeline summary: 
  * Pipeline-0: initiation interval (II) = 1, depth = 2


============================================================
+ Verbose Summary: Schedule
============================================================
* Number of FSM states : 2
* Pipeline : 1
  Pipeline-0 : II = 1, D = 2, States = { 1 2 }
* Dataflow Pipeline: 0

* FSM state transitions: 
1 --> 2 
2 --> 

* FSM state operations: 

State 1 <SV = 0> <Delay = 1.09>
ST_1 : Operation 5 [1/1] (0.00ns)   --->   "%i = alloca i32 1"   --->   Operation 5 'alloca' 'i' <Predicate = true> <Delay = 0.00>
ST_1 : Operation 6 [1/1] (0.00ns)   --->   "%specinterface_ln0 = specinterface void @_ssdm_op_SpecInterface, i128 %layer10_out, void @empty, i32 0, i32 0, void @empty_3, i32 0, i32 0, void @empty_3, void @empty_3, void @empty_3, i32 0, i32 0, i32 0, i32 0, void @empty_3, void @empty_3, i32 4294967295, i32 0"   --->   Operation 6 'specinterface' 'specinterface_ln0' <Predicate = true> <Delay = 0.00>
ST_1 : Operation 7 [1/1] (0.00ns)   --->   "%specinterface_ln0 = specinterface void @_ssdm_op_SpecInterface, i128 %layer7_out, void @empty, i32 0, i32 0, void @empty_3, i32 0, i32 0, void @empty_3, void @empty_3, void @empty_3, i32 0, i32 0, i32 0, i32 0, void @empty_3, void @empty_3, i32 4294967295, i32 0"   --->   Operation 7 'specinterface' 'specinterface_ln0' <Predicate = true> <Delay = 0.00>
ST_1 : Operation 8 [1/1] (0.38ns)   --->   "%store_ln41 = store i5 0, i5 %i" [firmware/nnet_utils/nnet_activation_stream.h:41]   --->   Operation 8 'store' 'store_ln41' <Predicate = true> <Delay = 0.38>
ST_1 : Operation 9 [1/1] (0.00ns)   --->   "%br_ln41 = br void %for.body4" [firmware/nnet_utils/nnet_activation_stream.h:41]   --->   Operation 9 'br' 'br_ln41' <Predicate = true> <Delay = 0.00>
ST_1 : Operation 10 [1/1] (0.00ns)   --->   "%i_5 = load i5 %i" [firmware/nnet_utils/nnet_activation_stream.h:41]   --->   Operation 10 'load' 'i_5' <Predicate = true> <Delay = 0.00>
ST_1 : Operation 11 [1/1] (0.70ns)   --->   "%icmp_ln41 = icmp_eq  i5 %i_5, i5 24" [firmware/nnet_utils/nnet_activation_stream.h:41]   --->   Operation 11 'icmp' 'icmp_ln41' <Predicate = true> <Delay = 0.70> <CoreInst = "Cmp">   --->   Core 9 'Cmp' <Latency = 0> <II = 1> <Delay = 0.70> <FuncUnit> <Opcode : 'icmp'> <InPorts = 2> <OutPorts = 1>
ST_1 : Operation 12 [1/1] (0.70ns)   --->   "%i_6 = add i5 %i_5, i5 1" [firmware/nnet_utils/nnet_activation_stream.h:41]   --->   Operation 12 'add' 'i_6' <Predicate = true> <Delay = 0.70> <CoreInst = "Adder">   --->   Core 1 'Adder' <Latency = 0> <II = 1> <Delay = 0.70> <FuncUnit> <Opcode : 'add' 'sub'> <InPorts = 2> <OutPorts = 1>
ST_1 : Operation 13 [1/1] (0.00ns)   --->   "%br_ln41 = br i1 %icmp_ln41, void %for.body4.split, void %for.end14" [firmware/nnet_utils/nnet_activation_stream.h:41]   --->   Operation 13 'br' 'br_ln41' <Predicate = true> <Delay = 0.00>
ST_1 : Operation 14 [1/1] (0.38ns)   --->   "%store_ln41 = store i5 %i_6, i5 %i" [firmware/nnet_utils/nnet_activation_stream.h:41]   --->   Operation 14 'store' 'store_ln41' <Predicate = (!icmp_ln41)> <Delay = 0.38>
ST_1 : Operation 62 [1/1] (0.00ns)   --->   "%ret_ln59 = ret" [firmware/nnet_utils/nnet_activation_stream.h:59]   --->   Operation 62 'ret' 'ret_ln59' <Predicate = (icmp_ln41)> <Delay = 0.00>

State 2 <SV = 1> <Delay = 3.53>
ST_2 : Operation 15 [1/1] (0.00ns)   --->   "%specpipeline_ln42 = specpipeline void @_ssdm_op_SpecPipeline, i32 4294967295, i32 0, i32 0, i32 0, void @empty_3" [firmware/nnet_utils/nnet_activation_stream.h:42]   --->   Operation 15 'specpipeline' 'specpipeline_ln42' <Predicate = true> <Delay = 0.00>
ST_2 : Operation 16 [1/1] (0.00ns)   --->   "%speclooptripcount_ln41 = speclooptripcount void @_ssdm_op_SpecLoopTripCount, i64 24, i64 24, i64 24" [firmware/nnet_utils/nnet_activation_stream.h:41]   --->   Operation 16 'speclooptripcount' 'speclooptripcount_ln41' <Predicate = true> <Delay = 0.00>
ST_2 : Operation 17 [1/1] (0.00ns)   --->   "%specloopname_ln41 = specloopname void @_ssdm_op_SpecLoopName, void @empty_8" [firmware/nnet_utils/nnet_activation_stream.h:41]   --->   Operation 17 'specloopname' 'specloopname_ln41' <Predicate = true> <Delay = 0.00>
ST_2 : Operation 18 [1/1] (1.23ns)   --->   "%layer7_out_read = read i128 @_ssdm_op_Read.ap_fifo.volatile.i128P0A, i128 %layer7_out" [firmware/nnet_utils/nnet_activation_stream.h:44]   --->   Operation 18 'read' 'layer7_out_read' <Predicate = true> <Delay = 1.23> <CoreInst = "FIFO">   --->   Core 78 'FIFO' <Latency = 0> <II = 1> <Delay = 1.23> <Storage> <Opcode : 'read' 'write' 'nbread' 'nbwrite'> <Ports = 0> <Width = 128> <Depth = 24> <FIFO>
ST_2 : Operation 19 [1/1] (0.00ns)   --->   "%in_data = trunc i128 %layer7_out_read" [firmware/nnet_utils/nnet_activation_stream.h:44]   --->   Operation 19 'trunc' 'in_data' <Predicate = true> <Delay = 0.00>
ST_2 : Operation 20 [1/1] (0.00ns)   --->   "%trunc_ln44_5 = trunc i128 %layer7_out_read" [firmware/nnet_utils/nnet_activation_stream.h:44]   --->   Operation 20 'trunc' 'trunc_ln44_5' <Predicate = true> <Delay = 0.00>
ST_2 : Operation 21 [1/1] (0.00ns)   --->   "%trunc_ln44_6 = partselect i16 @_ssdm_op_PartSelect.i16.i128.i32.i32, i128 %layer7_out_read, i32 96, i32 111" [firmware/nnet_utils/nnet_activation_stream.h:44]   --->   Operation 21 'partselect' 'trunc_ln44_6' <Predicate = true> <Delay = 0.00>
ST_2 : Operation 22 [1/1] (0.00ns)   --->   "%trunc_ln44_7 = partselect i16 @_ssdm_op_PartSelect.i16.i128.i32.i32, i128 %layer7_out_read, i32 112, i32 127" [firmware/nnet_utils/nnet_activation_stream.h:44]   --->   Operation 22 'partselect' 'trunc_ln44_7' <Predicate = true> <Delay = 0.00>
ST_2 : Operation 23 [1/1] (0.00ns)   --->   "%in_data_4 = partselect i16 @_ssdm_op_PartSelect.i16.i128.i32.i32, i128 %layer7_out_read, i32 16, i32 31" [firmware/nnet_utils/nnet_activation_stream.h:44]   --->   Operation 23 'partselect' 'in_data_4' <Predicate = true> <Delay = 0.00>
ST_2 : Operation 24 [1/1] (0.00ns)   --->   "%trunc_ln44_s = partselect i15 @_ssdm_op_PartSelect.i15.i128.i32.i32, i128 %layer7_out_read, i32 16, i32 30" [firmware/nnet_utils/nnet_activation_stream.h:44]   --->   Operation 24 'partselect' 'trunc_ln44_s' <Predicate = true> <Delay = 0.00>
ST_2 : Operation 25 [1/1] (0.00ns)   --->   "%in_data_5 = partselect i16 @_ssdm_op_PartSelect.i16.i128.i32.i32, i128 %layer7_out_read, i32 32, i32 47" [firmware/nnet_utils/nnet_activation_stream.h:44]   --->   Operation 25 'partselect' 'in_data_5' <Predicate = true> <Delay = 0.00>
ST_2 : Operation 26 [1/1] (0.00ns)   --->   "%trunc_ln44_8 = partselect i15 @_ssdm_op_PartSelect.i15.i128.i32.i32, i128 %layer7_out_read, i32 32, i32 46" [firmware/nnet_utils/nnet_activation_stream.h:44]   --->   Operation 26 'partselect' 'trunc_ln44_8' <Predicate = true> <Delay = 0.00>
ST_2 : Operation 27 [1/1] (0.00ns)   --->   "%in_data_6 = partselect i16 @_ssdm_op_PartSelect.i16.i128.i32.i32, i128 %layer7_out_read, i32 48, i32 63" [firmware/nnet_utils/nnet_activation_stream.h:44]   --->   Operation 27 'partselect' 'in_data_6' <Predicate = true> <Delay = 0.00>
ST_2 : Operation 28 [1/1] (0.00ns)   --->   "%trunc_ln44_1 = partselect i15 @_ssdm_op_PartSelect.i15.i128.i32.i32, i128 %layer7_out_read, i32 48, i32 62" [firmware/nnet_utils/nnet_activation_stream.h:44]   --->   Operation 28 'partselect' 'trunc_ln44_1' <Predicate = true> <Delay = 0.00>
ST_2 : Operation 29 [1/1] (0.00ns)   --->   "%tmp = partselect i16 @_ssdm_op_PartSelect.i16.i128.i32.i32, i128 %layer7_out_read, i32 64, i32 79" [firmware/nnet_utils/nnet_activation_stream.h:44]   --->   Operation 29 'partselect' 'tmp' <Predicate = true> <Delay = 0.00>
ST_2 : Operation 30 [1/1] (0.00ns)   --->   "%trunc_ln44_2 = partselect i15 @_ssdm_op_PartSelect.i15.i128.i32.i32, i128 %layer7_out_read, i32 64, i32 78" [firmware/nnet_utils/nnet_activation_stream.h:44]   --->   Operation 30 'partselect' 'trunc_ln44_2' <Predicate = true> <Delay = 0.00>
ST_2 : Operation 31 [1/1] (0.00ns)   --->   "%tmp_4 = partselect i16 @_ssdm_op_PartSelect.i16.i128.i32.i32, i128 %layer7_out_read, i32 80, i32 95" [firmware/nnet_utils/nnet_activation_stream.h:44]   --->   Operation 31 'partselect' 'tmp_4' <Predicate = true> <Delay = 0.00>
ST_2 : Operation 32 [1/1] (0.00ns)   --->   "%trunc_ln44_3 = partselect i15 @_ssdm_op_PartSelect.i15.i128.i32.i32, i128 %layer7_out_read, i32 80, i32 94" [firmware/nnet_utils/nnet_activation_stream.h:44]   --->   Operation 32 'partselect' 'trunc_ln44_3' <Predicate = true> <Delay = 0.00>
ST_2 : Operation 33 [1/1] (0.00ns)   --->   "%trunc_ln44_4 = partselect i15 @_ssdm_op_PartSelect.i15.i128.i32.i32, i128 %layer7_out_read, i32 96, i32 110" [firmware/nnet_utils/nnet_activation_stream.h:44]   --->   Operation 33 'partselect' 'trunc_ln44_4' <Predicate = true> <Delay = 0.00>
ST_2 : Operation 34 [1/1] (0.00ns)   --->   "%trunc_ln = partselect i15 @_ssdm_op_PartSelect.i15.i128.i32.i32, i128 %layer7_out_read, i32 112, i32 126" [firmware/nnet_utils/nnet_activation_stream.h:51]   --->   Operation 34 'partselect' 'trunc_ln' <Predicate = true> <Delay = 0.00>
ST_2 : Operation 35 [1/1] (0.78ns)   --->   "%icmp_ln51 = icmp_sgt  i16 %in_data, i16 0" [firmware/nnet_utils/nnet_activation_stream.h:51]   --->   Operation 35 'icmp' 'icmp_ln51' <Predicate = true> <Delay = 0.78> <CoreInst = "Cmp">   --->   Core 9 'Cmp' <Latency = 0> <II = 1> <Delay = 0.78> <FuncUnit> <Opcode : 'icmp'> <InPorts = 2> <OutPorts = 1>
ST_2 : Operation 36 [1/1] (0.29ns)   --->   "%out_data_1 = select i1 %icmp_ln51, i15 %trunc_ln44_5, i15 0" [firmware/nnet_utils/nnet_activation_stream.h:51]   --->   Operation 36 'select' 'out_data_1' <Predicate = true> <Delay = 0.29> <CoreInst = "Sel">   --->   Core 73 'Sel' <Latency = 0> <II = 1> <Delay = 0.29> <FuncUnit> <Opcode : 'select'> <InPorts = 3> <OutPorts = 1>
ST_2 : Operation 37 [1/1] (0.00ns)   --->   "%zext_ln45 = zext i15 %out_data_1" [firmware/nnet_utils/nnet_activation_stream.h:45]   --->   Operation 37 'zext' 'zext_ln45' <Predicate = true> <Delay = 0.00>
ST_2 : Operation 38 [1/1] (0.78ns)   --->   "%icmp_ln51_1 = icmp_sgt  i16 %in_data_4, i16 0" [firmware/nnet_utils/nnet_activation_stream.h:51]   --->   Operation 38 'icmp' 'icmp_ln51_1' <Predicate = true> <Delay = 0.78> <CoreInst = "Cmp">   --->   Core 9 'Cmp' <Latency = 0> <II = 1> <Delay = 0.78> <FuncUnit> <Opcode : 'icmp'> <InPorts = 2> <OutPorts = 1>
ST_2 : Operation 39 [1/1] (0.29ns)   --->   "%out_data_3 = select i1 %icmp_ln51_1, i15 %trunc_ln44_s, i15 0" [firmware/nnet_utils/nnet_activation_stream.h:51]   --->   Operation 39 'select' 'out_data_3' <Predicate = true> <Delay = 0.29> <CoreInst = "Sel">   --->   Core 73 'Sel' <Latency = 0> <II = 1> <Delay = 0.29> <FuncUnit> <Opcode : 'select'> <InPorts = 3> <OutPorts = 1>
ST_2 : Operation 40 [1/1] (0.00ns)   --->   "%zext_ln45_1 = zext i15 %out_data_3" [firmware/nnet_utils/nnet_activation_stream.h:45]   --->   Operation 40 'zext' 'zext_ln45_1' <Predicate = true> <Delay = 0.00>
ST_2 : Operation 41 [1/1] (0.78ns)   --->   "%icmp_ln51_2 = icmp_sgt  i16 %in_data_5, i16 0" [firmware/nnet_utils/nnet_activation_stream.h:51]   --->   Operation 41 'icmp' 'icmp_ln51_2' <Predicate = true> <Delay = 0.78> <CoreInst = "Cmp">   --->   Core 9 'Cmp' <Latency = 0> <II = 1> <Delay = 0.78> <FuncUnit> <Opcode : 'icmp'> <InPorts = 2> <OutPorts = 1>
ST_2 : Operation 42 [1/1] (0.29ns)   --->   "%out_data_5 = select i1 %icmp_ln51_2, i15 %trunc_ln44_8, i15 0" [firmware/nnet_utils/nnet_activation_stream.h:51]   --->   Operation 42 'select' 'out_data_5' <Predicate = true> <Delay = 0.29> <CoreInst = "Sel">   --->   Core 73 'Sel' <Latency = 0> <II = 1> <Delay = 0.29> <FuncUnit> <Opcode : 'select'> <InPorts = 3> <OutPorts = 1>
ST_2 : Operation 43 [1/1] (0.00ns)   --->   "%zext_ln45_2 = zext i15 %out_data_5" [firmware/nnet_utils/nnet_activation_stream.h:45]   --->   Operation 43 'zext' 'zext_ln45_2' <Predicate = true> <Delay = 0.00>
ST_2 : Operation 44 [1/1] (0.78ns)   --->   "%icmp_ln51_3 = icmp_sgt  i16 %in_data_6, i16 0" [firmware/nnet_utils/nnet_activation_stream.h:51]   --->   Operation 44 'icmp' 'icmp_ln51_3' <Predicate = true> <Delay = 0.78> <CoreInst = "Cmp">   --->   Core 9 'Cmp' <Latency = 0> <II = 1> <Delay = 0.78> <FuncUnit> <Opcode : 'icmp'> <InPorts = 2> <OutPorts = 1>
ST_2 : Operation 45 [1/1] (0.29ns)   --->   "%out_data_7 = select i1 %icmp_ln51_3, i15 %trunc_ln44_1, i15 0" [firmware/nnet_utils/nnet_activation_stream.h:51]   --->   Operation 45 'select' 'out_data_7' <Predicate = true> <Delay = 0.29> <CoreInst = "Sel">   --->   Core 73 'Sel' <Latency = 0> <II = 1> <Delay = 0.29> <FuncUnit> <Opcode : 'select'> <InPorts = 3> <OutPorts = 1>
ST_2 : Operation 46 [1/1] (0.00ns)   --->   "%zext_ln45_3 = zext i15 %out_data_7" [firmware/nnet_utils/nnet_activation_stream.h:45]   --->   Operation 46 'zext' 'zext_ln45_3' <Predicate = true> <Delay = 0.00>
ST_2 : Operation 47 [1/1] (0.78ns)   --->   "%icmp_ln51_4 = icmp_sgt  i16 %tmp, i16 0" [firmware/nnet_utils/nnet_activation_stream.h:51]   --->   Operation 47 'icmp' 'icmp_ln51_4' <Predicate = true> <Delay = 0.78> <CoreInst = "Cmp">   --->   Core 9 'Cmp' <Latency = 0> <II = 1> <Delay = 0.78> <FuncUnit> <Opcode : 'icmp'> <InPorts = 2> <OutPorts = 1>
ST_2 : Operation 48 [1/1] (0.29ns)   --->   "%select_ln51 = select i1 %icmp_ln51_4, i15 %trunc_ln44_2, i15 0" [firmware/nnet_utils/nnet_activation_stream.h:51]   --->   Operation 48 'select' 'select_ln51' <Predicate = true> <Delay = 0.29> <CoreInst = "Sel">   --->   Core 73 'Sel' <Latency = 0> <II = 1> <Delay = 0.29> <FuncUnit> <Opcode : 'select'> <InPorts = 3> <OutPorts = 1>
ST_2 : Operation 49 [1/1] (0.00ns)   --->   "%zext_ln51 = zext i15 %select_ln51" [firmware/nnet_utils/nnet_activation_stream.h:51]   --->   Operation 49 'zext' 'zext_ln51' <Predicate = true> <Delay = 0.00>
ST_2 : Operation 50 [1/1] (0.78ns)   --->   "%icmp_ln51_5 = icmp_sgt  i16 %tmp_4, i16 0" [firmware/nnet_utils/nnet_activation_stream.h:51]   --->   Operation 50 'icmp' 'icmp_ln51_5' <Predicate = true> <Delay = 0.78> <CoreInst = "Cmp">   --->   Core 9 'Cmp' <Latency = 0> <II = 1> <Delay = 0.78> <FuncUnit> <Opcode : 'icmp'> <InPorts = 2> <OutPorts = 1>
ST_2 : Operation 51 [1/1] (0.29ns)   --->   "%select_ln51_1 = select i1 %icmp_ln51_5, i15 %trunc_ln44_3, i15 0" [firmware/nnet_utils/nnet_activation_stream.h:51]   --->   Operation 51 'select' 'select_ln51_1' <Predicate = true> <Delay = 0.29> <CoreInst = "Sel">   --->   Core 73 'Sel' <Latency = 0> <II = 1> <Delay = 0.29> <FuncUnit> <Opcode : 'select'> <InPorts = 3> <OutPorts = 1>
ST_2 : Operation 52 [1/1] (0.00ns)   --->   "%zext_ln51_1 = zext i15 %select_ln51_1" [firmware/nnet_utils/nnet_activation_stream.h:51]   --->   Operation 52 'zext' 'zext_ln51_1' <Predicate = true> <Delay = 0.00>
ST_2 : Operation 53 [1/1] (0.78ns)   --->   "%icmp_ln51_6 = icmp_sgt  i16 %trunc_ln44_6, i16 0" [firmware/nnet_utils/nnet_activation_stream.h:51]   --->   Operation 53 'icmp' 'icmp_ln51_6' <Predicate = true> <Delay = 0.78> <CoreInst = "Cmp">   --->   Core 9 'Cmp' <Latency = 0> <II = 1> <Delay = 0.78> <FuncUnit> <Opcode : 'icmp'> <InPorts = 2> <OutPorts = 1>
ST_2 : Operation 54 [1/1] (0.29ns)   --->   "%select_ln51_2 = select i1 %icmp_ln51_6, i15 %trunc_ln44_4, i15 0" [firmware/nnet_utils/nnet_activation_stream.h:51]   --->   Operation 54 'select' 'select_ln51_2' <Predicate = true> <Delay = 0.29> <CoreInst = "Sel">   --->   Core 73 'Sel' <Latency = 0> <II = 1> <Delay = 0.29> <FuncUnit> <Opcode : 'select'> <InPorts = 3> <OutPorts = 1>
ST_2 : Operation 55 [1/1] (0.00ns)   --->   "%zext_ln51_2 = zext i15 %select_ln51_2" [firmware/nnet_utils/nnet_activation_stream.h:51]   --->   Operation 55 'zext' 'zext_ln51_2' <Predicate = true> <Delay = 0.00>
ST_2 : Operation 56 [1/1] (0.78ns)   --->   "%icmp_ln51_7 = icmp_sgt  i16 %trunc_ln44_7, i16 0" [firmware/nnet_utils/nnet_activation_stream.h:51]   --->   Operation 56 'icmp' 'icmp_ln51_7' <Predicate = true> <Delay = 0.78> <CoreInst = "Cmp">   --->   Core 9 'Cmp' <Latency = 0> <II = 1> <Delay = 0.78> <FuncUnit> <Opcode : 'icmp'> <InPorts = 2> <OutPorts = 1>
ST_2 : Operation 57 [1/1] (0.29ns)   --->   "%select_ln51_3 = select i1 %icmp_ln51_7, i15 %trunc_ln, i15 0" [firmware/nnet_utils/nnet_activation_stream.h:51]   --->   Operation 57 'select' 'select_ln51_3' <Predicate = true> <Delay = 0.29> <CoreInst = "Sel">   --->   Core 73 'Sel' <Latency = 0> <II = 1> <Delay = 0.29> <FuncUnit> <Opcode : 'select'> <InPorts = 3> <OutPorts = 1>
ST_2 : Operation 58 [1/1] (0.00ns)   --->   "%or_ln57_s = bitconcatenate i127 @_ssdm_op_BitConcatenate.i127.i15.i16.i16.i16.i16.i16.i16.i16, i15 %select_ln51_3, i16 %zext_ln51_2, i16 %zext_ln51_1, i16 %zext_ln51, i16 %zext_ln45_3, i16 %zext_ln45_2, i16 %zext_ln45_1, i16 %zext_ln45" [firmware/nnet_utils/nnet_activation_stream.h:57]   --->   Operation 58 'bitconcatenate' 'or_ln57_s' <Predicate = true> <Delay = 0.00>
ST_2 : Operation 59 [1/1] (0.00ns)   --->   "%zext_ln57 = zext i127 %or_ln57_s" [firmware/nnet_utils/nnet_activation_stream.h:57]   --->   Operation 59 'zext' 'zext_ln57' <Predicate = true> <Delay = 0.00>
ST_2 : Operation 60 [1/1] (1.23ns)   --->   "%write_ln57 = write void @_ssdm_op_Write.ap_fifo.volatile.i128P0A, i128 %layer10_out, i128 %zext_ln57" [firmware/nnet_utils/nnet_activation_stream.h:57]   --->   Operation 60 'write' 'write_ln57' <Predicate = true> <Delay = 1.23> <CoreInst = "FIFO">   --->   Core 78 'FIFO' <Latency = 0> <II = 1> <Delay = 1.23> <Storage> <Opcode : 'read' 'write' 'nbread' 'nbwrite'> <Ports = 0> <Width = 128> <Depth = 24> <FIFO>
ST_2 : Operation 61 [1/1] (0.00ns)   --->   "%br_ln41 = br void %for.body4" [firmware/nnet_utils/nnet_activation_stream.h:41]   --->   Operation 61 'br' 'br_ln41' <Predicate = true> <Delay = 0.00>


============================================================
+ Verbose Summary: Binding
============================================================
STG Binding: 
---------------- STG Properties BEGIN ----------------
- Is combinational: 0
- Is one-state seq: 0
- Is datapath-only: 0
- Is pipelined: 0
- Is top level: 0
Port [ Return ] is wired: 1; IO mode=ap_ctrl_hs:ce=0
Port [ layer7_out]:  wired=1; compound=1; hidden=0; nouse=0; global=0; static=0; extern=0; dir=0; type=3; pingpong=0; private_global=0; IO mode=ap_fifo:ce=0
Port [ layer10_out]:  wired=1; compound=1; hidden=0; nouse=0; global=0; static=0; extern=0; dir=1; type=3; pingpong=0; private_global=0; IO mode=ap_fifo:ce=0
---------------- STG Properties END ------------------

---------------- Datapath Model BEGIN ----------------

<LifeTime>
<method=bitvector/>
i                      (alloca           ) [ 010]
specinterface_ln0      (specinterface    ) [ 000]
specinterface_ln0      (specinterface    ) [ 000]
store_ln41             (store            ) [ 000]
br_ln41                (br               ) [ 000]
i_5                    (load             ) [ 000]
icmp_ln41              (icmp             ) [ 010]
i_6                    (add              ) [ 000]
br_ln41                (br               ) [ 000]
store_ln41             (store            ) [ 000]
specpipeline_ln42      (specpipeline     ) [ 000]
speclooptripcount_ln41 (speclooptripcount) [ 000]
specloopname_ln41      (specloopname     ) [ 000]
layer7_out_read        (read             ) [ 000]
in_data                (trunc            ) [ 000]
trunc_ln44_5           (trunc            ) [ 000]
trunc_ln44_6           (partselect       ) [ 000]
trunc_ln44_7           (partselect       ) [ 000]
in_data_4              (partselect       ) [ 000]
trunc_ln44_s           (partselect       ) [ 000]
in_data_5              (partselect       ) [ 000]
trunc_ln44_8           (partselect       ) [ 000]
in_data_6              (partselect       ) [ 000]
trunc_ln44_1           (partselect       ) [ 000]
tmp                    (partselect       ) [ 000]
trunc_ln44_2           (partselect       ) [ 000]
tmp_4                  (partselect       ) [ 000]
trunc_ln44_3           (partselect       ) [ 000]
trunc_ln44_4           (partselect       ) [ 000]
trunc_ln               (partselect       ) [ 000]
icmp_ln51              (icmp             ) [ 000]
out_data_1             (select           ) [ 000]
zext_ln45              (zext             ) [ 000]
icmp_ln51_1            (icmp             ) [ 000]
out_data_3             (select           ) [ 000]
zext_ln45_1            (zext             ) [ 000]
icmp_ln51_2            (icmp             ) [ 000]
out_data_5             (select           ) [ 000]
zext_ln45_2            (zext             ) [ 000]
icmp_ln51_3            (icmp             ) [ 000]
out_data_7             (select           ) [ 000]
zext_ln45_3            (zext             ) [ 000]
icmp_ln51_4            (icmp             ) [ 000]
select_ln51            (select           ) [ 000]
zext_ln51              (zext             ) [ 000]
icmp_ln51_5            (icmp             ) [ 000]
select_ln51_1          (select           ) [ 000]
zext_ln51_1            (zext             ) [ 000]
icmp_ln51_6            (icmp             ) [ 000]
select_ln51_2          (select           ) [ 000]
zext_ln51_2            (zext             ) [ 000]
icmp_ln51_7            (icmp             ) [ 000]
select_ln51_3          (select           ) [ 000]
or_ln57_s              (bitconcatenate   ) [ 000]
zext_ln57              (zext             ) [ 000]
write_ln57             (write            ) [ 000]
br_ln41                (br               ) [ 000]
ret_ln59               (ret              ) [ 000]
</LifeTime>

<model>

<comp_list>
<comp id="0" class="1000" name="layer7_out">
<pin_list>
<pin id="1" dir="1" index="0" bw="1" slack="0"/>
</pin_list>
<bind>
<StgValue><ssdm name="layer7_out"/></StgValue>
</bind>
</comp>

<comp id="2" class="1000" name="layer10_out">
<pin_list>
<pin id="3" dir="1" index="0" bw="1" slack="0"/>
</pin_list>
<bind>
<StgValue><ssdm name="layer10_out"/></StgValue>
</bind>
</comp>

<comp id="4" class="1001" name="const_4">
<pin_list>
<pin id="5" dir="1" index="0" bw="1" slack="0"/>
</pin_list>
<bind>
<StgValue><ssdm name=""/></StgValue>
</bind>
</comp>

<comp id="6" class="1001" name="const_6">
<pin_list>
<pin id="7" dir="1" index="0" bw="1" slack="2147483647"/>
</pin_list>
<bind>
<StgValue><ssdm name="_ssdm_op_SpecInterface"/></StgValue>
</bind>
</comp>

<comp id="8" class="1001" name="const_8">
<pin_list>
<pin id="9" dir="1" index="0" bw="1" slack="2147483647"/>
</pin_list>
<bind>
<StgValue><ssdm name="empty"/></StgValue>
</bind>
</comp>

<comp id="10" class="1001" name="const_10">
<pin_list>
<pin id="11" dir="1" index="0" bw="1" slack="2147483647"/>
</pin_list>
<bind>
<StgValue><ssdm name=""/></StgValue>
</bind>
</comp>

<comp id="12" class="1001" name="const_12">
<pin_list>
<pin id="13" dir="1" index="0" bw="1" slack="2147483647"/>
</pin_list>
<bind>
<StgValue><ssdm name="empty_3"/></StgValue>
</bind>
</comp>

<comp id="14" class="1001" name="const_14">
<pin_list>
<pin id="15" dir="1" index="0" bw="1" slack="2147483647"/>
</pin_list>
<bind>
<StgValue><ssdm name=""/></StgValue>
</bind>
</comp>

<comp id="16" class="1001" name="const_16">
<pin_list>
<pin id="17" dir="1" index="0" bw="1" slack="0"/>
</pin_list>
<bind>
<StgValue><ssdm name=""/></StgValue>
</bind>
</comp>

<comp id="18" class="1001" name="const_18">
<pin_list>
<pin id="19" dir="1" index="0" bw="1" slack="0"/>
</pin_list>
<bind>
<StgValue><ssdm name=""/></StgValue>
</bind>
</comp>

<comp id="20" class="1001" name="const_20">
<pin_list>
<pin id="21" dir="1" index="0" bw="1" slack="0"/>
</pin_list>
<bind>
<StgValue><ssdm name=""/></StgValue>
</bind>
</comp>

<comp id="22" class="1001" name="const_22">
<pin_list>
<pin id="23" dir="1" index="0" bw="1" slack="2147483647"/>
</pin_list>
<bind>
<StgValue><ssdm name="_ssdm_op_SpecPipeline"/></StgValue>
</bind>
</comp>

<comp id="24" class="1001" name="const_24">
<pin_list>
<pin id="25" dir="1" index="0" bw="1" slack="2147483647"/>
</pin_list>
<bind>
<StgValue><ssdm name="_ssdm_op_SpecLoopTripCount"/></StgValue>
</bind>
</comp>

<comp id="26" class="1001" name="const_26">
<pin_list>
<pin id="27" dir="1" index="0" bw="1" slack="2147483647"/>
</pin_list>
<bind>
<StgValue><ssdm name=""/></StgValue>
</bind>
</comp>

<comp id="28" class="1001" name="const_28">
<pin_list>
<pin id="29" dir="1" index="0" bw="1" slack="2147483647"/>
</pin_list>
<bind>
<StgValue><ssdm name="_ssdm_op_SpecLoopName"/></StgValue>
</bind>
</comp>

<comp id="30" class="1001" name="const_30">
<pin_list>
<pin id="31" dir="1" index="0" bw="1" slack="2147483647"/>
</pin_list>
<bind>
<StgValue><ssdm name="empty_8"/></StgValue>
</bind>
</comp>

<comp id="32" class="1001" name="const_32">
<pin_list>
<pin id="33" dir="1" index="0" bw="1" slack="0"/>
</pin_list>
<bind>
<StgValue><ssdm name="_ssdm_op_Read.ap_fifo.volatile.i128P0A"/></StgValue>
</bind>
</comp>

<comp id="34" class="1001" name="const_34">
<pin_list>
<pin id="35" dir="1" index="0" bw="1" slack="0"/>
</pin_list>
<bind>
<StgValue><ssdm name="_ssdm_op_PartSelect.i16.i128.i32.i32"/></StgValue>
</bind>
</comp>

<comp id="36" class="1001" name="const_36">
<pin_list>
<pin id="37" dir="1" index="0" bw="1" slack="0"/>
</pin_list>
<bind>
<StgValue><ssdm name=""/></StgValue>
</bind>
</comp>

<comp id="38" class="1001" name="const_38">
<pin_list>
<pin id="39" dir="1" index="0" bw="1" slack="0"/>
</pin_list>
<bind>
<StgValue><ssdm name=""/></StgValue>
</bind>
</comp>

<comp id="40" class="1001" name="const_40">
<pin_list>
<pin id="41" dir="1" index="0" bw="1" slack="0"/>
</pin_list>
<bind>
<StgValue><ssdm name=""/></StgValue>
</bind>
</comp>

<comp id="42" class="1001" name="const_42">
<pin_list>
<pin id="43" dir="1" index="0" bw="1" slack="0"/>
</pin_list>
<bind>
<StgValue><ssdm name=""/></StgValue>
</bind>
</comp>

<comp id="44" class="1001" name="const_44">
<pin_list>
<pin id="45" dir="1" index="0" bw="1" slack="0"/>
</pin_list>
<bind>
<StgValue><ssdm name=""/></StgValue>
</bind>
</comp>

<comp id="46" class="1001" name="const_46">
<pin_list>
<pin id="47" dir="1" index="0" bw="1" slack="0"/>
</pin_list>
<bind>
<StgValue><ssdm name=""/></StgValue>
</bind>
</comp>

<comp id="48" class="1001" name="const_48">
<pin_list>
<pin id="49" dir="1" index="0" bw="1" slack="0"/>
</pin_list>
<bind>
<StgValue><ssdm name="_ssdm_op_PartSelect.i15.i128.i32.i32"/></StgValue>
</bind>
</comp>

<comp id="50" class="1001" name="const_50">
<pin_list>
<pin id="51" dir="1" index="0" bw="1" slack="0"/>
</pin_list>
<bind>
<StgValue><ssdm name=""/></StgValue>
</bind>
</comp>

<comp id="52" class="1001" name="const_52">
<pin_list>
<pin id="53" dir="1" index="0" bw="1" slack="0"/>
</pin_list>
<bind>
<StgValue><ssdm name=""/></StgValue>
</bind>
</comp>

<comp id="54" class="1001" name="const_54">
<pin_list>
<pin id="55" dir="1" index="0" bw="1" slack="0"/>
</pin_list>
<bind>
<StgValue><ssdm name=""/></StgValue>
</bind>
</comp>

<comp id="56" class="1001" name="const_56">
<pin_list>
<pin id="57" dir="1" index="0" bw="1" slack="0"/>
</pin_list>
<bind>
<StgValue><ssdm name=""/></StgValue>
</bind>
</comp>

<comp id="58" class="1001" name="const_58">
<pin_list>
<pin id="59" dir="1" index="0" bw="1" slack="0"/>
</pin_list>
<bind>
<StgValue><ssdm name=""/></StgValue>
</bind>
</comp>

<comp id="60" class="1001" name="const_60">
<pin_list>
<pin id="61" dir="1" index="0" bw="1" slack="0"/>
</pin_list>
<bind>
<StgValue><ssdm name=""/></StgValue>
</bind>
</comp>

<comp id="62" class="1001" name="const_62">
<pin_list>
<pin id="63" dir="1" index="0" bw="1" slack="0"/>
</pin_list>
<bind>
<StgValue><ssdm name=""/></StgValue>
</bind>
</comp>

<comp id="64" class="1001" name="const_64">
<pin_list>
<pin id="65" dir="1" index="0" bw="1" slack="0"/>
</pin_list>
<bind>
<StgValue><ssdm name=""/></StgValue>
</bind>
</comp>

<comp id="66" class="1001" name="const_66">
<pin_list>
<pin id="67" dir="1" index="0" bw="1" slack="0"/>
</pin_list>
<bind>
<StgValue><ssdm name=""/></StgValue>
</bind>
</comp>

<comp id="68" class="1001" name="const_68">
<pin_list>
<pin id="69" dir="1" index="0" bw="1" slack="0"/>
</pin_list>
<bind>
<StgValue><ssdm name=""/></StgValue>
</bind>
</comp>

<comp id="70" class="1001" name="const_70">
<pin_list>
<pin id="71" dir="1" index="0" bw="1" slack="0"/>
</pin_list>
<bind>
<StgValue><ssdm name=""/></StgValue>
</bind>
</comp>

<comp id="72" class="1001" name="const_72">
<pin_list>
<pin id="73" dir="1" index="0" bw="1" slack="0"/>
</pin_list>
<bind>
<StgValue><ssdm name=""/></StgValue>
</bind>
</comp>

<comp id="74" class="1001" name="const_74">
<pin_list>
<pin id="75" dir="1" index="0" bw="1" slack="0"/>
</pin_list>
<bind>
<StgValue><ssdm name=""/></StgValue>
</bind>
</comp>

<comp id="76" class="1001" name="const_76">
<pin_list>
<pin id="77" dir="1" index="0" bw="1" slack="0"/>
</pin_list>
<bind>
<StgValue><ssdm name=""/></StgValue>
</bind>
</comp>

<comp id="78" class="1001" name="const_78">
<pin_list>
<pin id="79" dir="1" index="0" bw="1" slack="0"/>
</pin_list>
<bind>
<StgValue><ssdm name=""/></StgValue>
</bind>
</comp>

<comp id="80" class="1001" name="const_80">
<pin_list>
<pin id="81" dir="1" index="0" bw="1" slack="0"/>
</pin_list>
<bind>
<StgValue><ssdm name=""/></StgValue>
</bind>
</comp>

<comp id="82" class="1001" name="const_82">
<pin_list>
<pin id="83" dir="1" index="0" bw="1" slack="0"/>
</pin_list>
<bind>
<StgValue><ssdm name=""/></StgValue>
</bind>
</comp>

<comp id="84" class="1001" name="const_84">
<pin_list>
<pin id="85" dir="1" index="0" bw="1" slack="0"/>
</pin_list>
<bind>
<StgValue><ssdm name="_ssdm_op_BitConcatenate.i127.i15.i16.i16.i16.i16.i16.i16.i16"/></StgValue>
</bind>
</comp>

<comp id="86" class="1001" name="const_86">
<pin_list>
<pin id="87" dir="1" index="0" bw="1" slack="0"/>
</pin_list>
<bind>
<StgValue><ssdm name="_ssdm_op_Write.ap_fifo.volatile.i128P0A"/></StgValue>
</bind>
</comp>

<comp id="88" class="1004" name="i_fu_88">
<pin_list>
<pin id="89" dir="0" index="0" bw="1" slack="0"/>
<pin id="90" dir="1" index="1" bw="5" slack="0"/>
</pin_list>
<bind>
<opcode="alloca(26) " fcode="alloca"/>
<opset="i/1 "/>
</bind>
</comp>

<comp id="92" class="1004" name="layer7_out_read_read_fu_92">
<pin_list>
<pin id="93" dir="0" index="0" bw="128" slack="0"/>
<pin id="94" dir="0" index="1" bw="128" slack="0"/>
<pin id="95" dir="1" index="2" bw="128" slack="0"/>
</pin_list>
<bind>
<opcode="read(1150) " fcode="read"/>
<opset="layer7_out_read/2 "/>
</bind>
</comp>

<comp id="98" class="1004" name="write_ln57_write_fu_98">
<pin_list>
<pin id="99" dir="0" index="0" bw="0" slack="0"/>
<pin id="100" dir="0" index="1" bw="128" slack="0"/>
<pin id="101" dir="0" index="2" bw="127" slack="0"/>
<pin id="102" dir="1" index="3" bw="0" slack="2147483647"/>
</pin_list>
<bind>
<opcode="write(1151) " fcode="write"/>
<opset="write_ln57/2 "/>
</bind>
</comp>

<comp id="105" class="1004" name="store_ln41_store_fu_105">
<pin_list>
<pin id="106" dir="0" index="0" bw="1" slack="0"/>
<pin id="107" dir="0" index="1" bw="5" slack="0"/>
<pin id="108" dir="1" index="2" bw="0" slack="2147483647"/>
</pin_list>
<bind>
<opcode="store(28) " fcode="store"/>
<opset="store_ln41/1 "/>
</bind>
</comp>

<comp id="110" class="1004" name="i_5_load_fu_110">
<pin_list>
<pin id="111" dir="0" index="0" bw="5" slack="0"/>
<pin id="112" dir="1" index="1" bw="5" slack="0"/>
</pin_list>
<bind>
<opcode="load(27) " fcode="load"/>
<opset="i_5/1 "/>
</bind>
</comp>

<comp id="113" class="1004" name="icmp_ln41_fu_113">
<pin_list>
<pin id="114" dir="0" index="0" bw="5" slack="0"/>
<pin id="115" dir="0" index="1" bw="4" slack="0"/>
<pin id="116" dir="1" index="2" bw="1" slack="2147483647"/>
</pin_list>
<bind>
<opcode="icmp(45) " fcode="icmp"/>
<opset="icmp_ln41/1 "/>
</bind>
</comp>

<comp id="119" class="1004" name="i_6_fu_119">
<pin_list>
<pin id="120" dir="0" index="0" bw="5" slack="0"/>
<pin id="121" dir="0" index="1" bw="1" slack="0"/>
<pin id="122" dir="1" index="2" bw="5" slack="0"/>
</pin_list>
<bind>
<opcode="add(8) " fcode="add"/>
<opset="i_6/1 "/>
</bind>
</comp>

<comp id="125" class="1004" name="store_ln41_store_fu_125">
<pin_list>
<pin id="126" dir="0" index="0" bw="5" slack="0"/>
<pin id="127" dir="0" index="1" bw="5" slack="0"/>
<pin id="128" dir="1" index="2" bw="0" slack="2147483647"/>
</pin_list>
<bind>
<opcode="store(28) " fcode="store"/>
<opset="store_ln41/1 "/>
</bind>
</comp>

<comp id="130" class="1004" name="in_data_fu_130">
<pin_list>
<pin id="131" dir="0" index="0" bw="128" slack="0"/>
<pin id="132" dir="1" index="1" bw="16" slack="0"/>
</pin_list>
<bind>
<opcode="trunc(33) " fcode="trunc"/>
<opset="in_data/2 "/>
</bind>
</comp>

<comp id="134" class="1004" name="trunc_ln44_5_fu_134">
<pin_list>
<pin id="135" dir="0" index="0" bw="128" slack="0"/>
<pin id="136" dir="1" index="1" bw="15" slack="0"/>
</pin_list>
<bind>
<opcode="trunc(33) " fcode="trunc"/>
<opset="trunc_ln44_5/2 "/>
</bind>
</comp>

<comp id="138" class="1004" name="trunc_ln44_6_fu_138">
<pin_list>
<pin id="139" dir="0" index="0" bw="16" slack="0"/>
<pin id="140" dir="0" index="1" bw="128" slack="0"/>
<pin id="141" dir="0" index="2" bw="8" slack="0"/>
<pin id="142" dir="0" index="3" bw="8" slack="0"/>
<pin id="143" dir="1" index="4" bw="16" slack="0"/>
</pin_list>
<bind>
<opcode="partselect(1002) " fcode="partselect"/>
<opset="trunc_ln44_6/2 "/>
</bind>
</comp>

<comp id="148" class="1004" name="trunc_ln44_7_fu_148">
<pin_list>
<pin id="149" dir="0" index="0" bw="16" slack="0"/>
<pin id="150" dir="0" index="1" bw="128" slack="0"/>
<pin id="151" dir="0" index="2" bw="8" slack="0"/>
<pin id="152" dir="0" index="3" bw="8" slack="0"/>
<pin id="153" dir="1" index="4" bw="16" slack="0"/>
</pin_list>
<bind>
<opcode="partselect(1002) " fcode="partselect"/>
<opset="trunc_ln44_7/2 "/>
</bind>
</comp>

<comp id="158" class="1004" name="in_data_4_fu_158">
<pin_list>
<pin id="159" dir="0" index="0" bw="16" slack="0"/>
<pin id="160" dir="0" index="1" bw="128" slack="0"/>
<pin id="161" dir="0" index="2" bw="6" slack="0"/>
<pin id="162" dir="0" index="3" bw="6" slack="0"/>
<pin id="163" dir="1" index="4" bw="16" slack="0"/>
</pin_list>
<bind>
<opcode="partselect(1002) " fcode="partselect"/>
<opset="in_data_4/2 "/>
</bind>
</comp>

<comp id="168" class="1004" name="trunc_ln44_s_fu_168">
<pin_list>
<pin id="169" dir="0" index="0" bw="15" slack="0"/>
<pin id="170" dir="0" index="1" bw="128" slack="0"/>
<pin id="171" dir="0" index="2" bw="6" slack="0"/>
<pin id="172" dir="0" index="3" bw="6" slack="0"/>
<pin id="173" dir="1" index="4" bw="15" slack="0"/>
</pin_list>
<bind>
<opcode="partselect(1002) " fcode="partselect"/>
<opset="trunc_ln44_s/2 "/>
</bind>
</comp>

<comp id="178" class="1004" name="in_data_5_fu_178">
<pin_list>
<pin id="179" dir="0" index="0" bw="16" slack="0"/>
<pin id="180" dir="0" index="1" bw="128" slack="0"/>
<pin id="181" dir="0" index="2" bw="7" slack="0"/>
<pin id="182" dir="0" index="3" bw="7" slack="0"/>
<pin id="183" dir="1" index="4" bw="16" slack="0"/>
</pin_list>
<bind>
<opcode="partselect(1002) " fcode="partselect"/>
<opset="in_data_5/2 "/>
</bind>
</comp>

<comp id="188" class="1004" name="trunc_ln44_8_fu_188">
<pin_list>
<pin id="189" dir="0" index="0" bw="15" slack="0"/>
<pin id="190" dir="0" index="1" bw="128" slack="0"/>
<pin id="191" dir="0" index="2" bw="7" slack="0"/>
<pin id="192" dir="0" index="3" bw="7" slack="0"/>
<pin id="193" dir="1" index="4" bw="15" slack="0"/>
</pin_list>
<bind>
<opcode="partselect(1002) " fcode="partselect"/>
<opset="trunc_ln44_8/2 "/>
</bind>
</comp>

<comp id="198" class="1004" name="in_data_6_fu_198">
<pin_list>
<pin id="199" dir="0" index="0" bw="16" slack="0"/>
<pin id="200" dir="0" index="1" bw="128" slack="0"/>
<pin id="201" dir="0" index="2" bw="7" slack="0"/>
<pin id="202" dir="0" index="3" bw="7" slack="0"/>
<pin id="203" dir="1" index="4" bw="16" slack="0"/>
</pin_list>
<bind>
<opcode="partselect(1002) " fcode="partselect"/>
<opset="in_data_6/2 "/>
</bind>
</comp>

<comp id="208" class="1004" name="trunc_ln44_1_fu_208">
<pin_list>
<pin id="209" dir="0" index="0" bw="15" slack="0"/>
<pin id="210" dir="0" index="1" bw="128" slack="0"/>
<pin id="211" dir="0" index="2" bw="7" slack="0"/>
<pin id="212" dir="0" index="3" bw="7" slack="0"/>
<pin id="213" dir="1" index="4" bw="15" slack="0"/>
</pin_list>
<bind>
<opcode="partselect(1002) " fcode="partselect"/>
<opset="trunc_ln44_1/2 "/>
</bind>
</comp>

<comp id="218" class="1004" name="tmp_fu_218">
<pin_list>
<pin id="219" dir="0" index="0" bw="16" slack="0"/>
<pin id="220" dir="0" index="1" bw="128" slack="0"/>
<pin id="221" dir="0" index="2" bw="8" slack="0"/>
<pin id="222" dir="0" index="3" bw="8" slack="0"/>
<pin id="223" dir="1" index="4" bw="16" slack="0"/>
</pin_list>
<bind>
<opcode="partselect(1002) " fcode="partselect"/>
<opset="tmp/2 "/>
</bind>
</comp>

<comp id="228" class="1004" name="trunc_ln44_2_fu_228">
<pin_list>
<pin id="229" dir="0" index="0" bw="15" slack="0"/>
<pin id="230" dir="0" index="1" bw="128" slack="0"/>
<pin id="231" dir="0" index="2" bw="8" slack="0"/>
<pin id="232" dir="0" index="3" bw="8" slack="0"/>
<pin id="233" dir="1" index="4" bw="15" slack="0"/>
</pin_list>
<bind>
<opcode="partselect(1002) " fcode="partselect"/>
<opset="trunc_ln44_2/2 "/>
</bind>
</comp>

<comp id="238" class="1004" name="tmp_4_fu_238">
<pin_list>
<pin id="239" dir="0" index="0" bw="16" slack="0"/>
<pin id="240" dir="0" index="1" bw="128" slack="0"/>
<pin id="241" dir="0" index="2" bw="8" slack="0"/>
<pin id="242" dir="0" index="3" bw="8" slack="0"/>
<pin id="243" dir="1" index="4" bw="16" slack="0"/>
</pin_list>
<bind>
<opcode="partselect(1002) " fcode="partselect"/>
<opset="tmp_4/2 "/>
</bind>
</comp>

<comp id="248" class="1004" name="trunc_ln44_3_fu_248">
<pin_list>
<pin id="249" dir="0" index="0" bw="15" slack="0"/>
<pin id="250" dir="0" index="1" bw="128" slack="0"/>
<pin id="251" dir="0" index="2" bw="8" slack="0"/>
<pin id="252" dir="0" index="3" bw="8" slack="0"/>
<pin id="253" dir="1" index="4" bw="15" slack="0"/>
</pin_list>
<bind>
<opcode="partselect(1002) " fcode="partselect"/>
<opset="trunc_ln44_3/2 "/>
</bind>
</comp>

<comp id="258" class="1004" name="trunc_ln44_4_fu_258">
<pin_list>
<pin id="259" dir="0" index="0" bw="15" slack="0"/>
<pin id="260" dir="0" index="1" bw="128" slack="0"/>
<pin id="261" dir="0" index="2" bw="8" slack="0"/>
<pin id="262" dir="0" index="3" bw="8" slack="0"/>
<pin id="263" dir="1" index="4" bw="15" slack="0"/>
</pin_list>
<bind>
<opcode="partselect(1002) " fcode="partselect"/>
<opset="trunc_ln44_4/2 "/>
</bind>
</comp>

<comp id="268" class="1004" name="trunc_ln_fu_268">
<pin_list>
<pin id="269" dir="0" index="0" bw="15" slack="0"/>
<pin id="270" dir="0" index="1" bw="128" slack="0"/>
<pin id="271" dir="0" index="2" bw="8" slack="0"/>
<pin id="272" dir="0" index="3" bw="8" slack="0"/>
<pin id="273" dir="1" index="4" bw="15" slack="0"/>
</pin_list>
<bind>
<opcode="partselect(1002) " fcode="partselect"/>
<opset="trunc_ln/2 "/>
</bind>
</comp>

<comp id="278" class="1004" name="icmp_ln51_fu_278">
<pin_list>
<pin id="279" dir="0" index="0" bw="16" slack="0"/>
<pin id="280" dir="0" index="1" bw="1" slack="0"/>
<pin id="281" dir="1" index="2" bw="1" slack="0"/>
</pin_list>
<bind>
<opcode="icmp(45) " fcode="icmp"/>
<opset="icmp_ln51/2 "/>
</bind>
</comp>

<comp id="284" class="1004" name="out_data_1_fu_284">
<pin_list>
<pin id="285" dir="0" index="0" bw="1" slack="0"/>
<pin id="286" dir="0" index="1" bw="15" slack="0"/>
<pin id="287" dir="0" index="2" bw="1" slack="0"/>
<pin id="288" dir="1" index="3" bw="15" slack="0"/>
</pin_list>
<bind>
<opcode="select(49) " fcode="select"/>
<opset="out_data_1/2 "/>
</bind>
</comp>

<comp id="292" class="1004" name="zext_ln45_fu_292">
<pin_list>
<pin id="293" dir="0" index="0" bw="15" slack="0"/>
<pin id="294" dir="1" index="1" bw="16" slack="0"/>
</pin_list>
<bind>
<opcode="zext(34) " fcode="zext"/>
<opset="zext_ln45/2 "/>
</bind>
</comp>

<comp id="296" class="1004" name="icmp_ln51_1_fu_296">
<pin_list>
<pin id="297" dir="0" index="0" bw="16" slack="0"/>
<pin id="298" dir="0" index="1" bw="1" slack="0"/>
<pin id="299" dir="1" index="2" bw="1" slack="0"/>
</pin_list>
<bind>
<opcode="icmp(45) " fcode="icmp"/>
<opset="icmp_ln51_1/2 "/>
</bind>
</comp>

<comp id="302" class="1004" name="out_data_3_fu_302">
<pin_list>
<pin id="303" dir="0" index="0" bw="1" slack="0"/>
<pin id="304" dir="0" index="1" bw="15" slack="0"/>
<pin id="305" dir="0" index="2" bw="1" slack="0"/>
<pin id="306" dir="1" index="3" bw="15" slack="0"/>
</pin_list>
<bind>
<opcode="select(49) " fcode="select"/>
<opset="out_data_3/2 "/>
</bind>
</comp>

<comp id="310" class="1004" name="zext_ln45_1_fu_310">
<pin_list>
<pin id="311" dir="0" index="0" bw="15" slack="0"/>
<pin id="312" dir="1" index="1" bw="16" slack="0"/>
</pin_list>
<bind>
<opcode="zext(34) " fcode="zext"/>
<opset="zext_ln45_1/2 "/>
</bind>
</comp>

<comp id="314" class="1004" name="icmp_ln51_2_fu_314">
<pin_list>
<pin id="315" dir="0" index="0" bw="16" slack="0"/>
<pin id="316" dir="0" index="1" bw="1" slack="0"/>
<pin id="317" dir="1" index="2" bw="1" slack="0"/>
</pin_list>
<bind>
<opcode="icmp(45) " fcode="icmp"/>
<opset="icmp_ln51_2/2 "/>
</bind>
</comp>

<comp id="320" class="1004" name="out_data_5_fu_320">
<pin_list>
<pin id="321" dir="0" index="0" bw="1" slack="0"/>
<pin id="322" dir="0" index="1" bw="15" slack="0"/>
<pin id="323" dir="0" index="2" bw="1" slack="0"/>
<pin id="324" dir="1" index="3" bw="15" slack="0"/>
</pin_list>
<bind>
<opcode="select(49) " fcode="select"/>
<opset="out_data_5/2 "/>
</bind>
</comp>

<comp id="328" class="1004" name="zext_ln45_2_fu_328">
<pin_list>
<pin id="329" dir="0" index="0" bw="15" slack="0"/>
<pin id="330" dir="1" index="1" bw="16" slack="0"/>
</pin_list>
<bind>
<opcode="zext(34) " fcode="zext"/>
<opset="zext_ln45_2/2 "/>
</bind>
</comp>

<comp id="332" class="1004" name="icmp_ln51_3_fu_332">
<pin_list>
<pin id="333" dir="0" index="0" bw="16" slack="0"/>
<pin id="334" dir="0" index="1" bw="1" slack="0"/>
<pin id="335" dir="1" index="2" bw="1" slack="0"/>
</pin_list>
<bind>
<opcode="icmp(45) " fcode="icmp"/>
<opset="icmp_ln51_3/2 "/>
</bind>
</comp>

<comp id="338" class="1004" name="out_data_7_fu_338">
<pin_list>
<pin id="339" dir="0" index="0" bw="1" slack="0"/>
<pin id="340" dir="0" index="1" bw="15" slack="0"/>
<pin id="341" dir="0" index="2" bw="1" slack="0"/>
<pin id="342" dir="1" index="3" bw="15" slack="0"/>
</pin_list>
<bind>
<opcode="select(49) " fcode="select"/>
<opset="out_data_7/2 "/>
</bind>
</comp>

<comp id="346" class="1004" name="zext_ln45_3_fu_346">
<pin_list>
<pin id="347" dir="0" index="0" bw="15" slack="0"/>
<pin id="348" dir="1" index="1" bw="16" slack="0"/>
</pin_list>
<bind>
<opcode="zext(34) " fcode="zext"/>
<opset="zext_ln45_3/2 "/>
</bind>
</comp>

<comp id="350" class="1004" name="icmp_ln51_4_fu_350">
<pin_list>
<pin id="351" dir="0" index="0" bw="16" slack="0"/>
<pin id="352" dir="0" index="1" bw="1" slack="0"/>
<pin id="353" dir="1" index="2" bw="1" slack="0"/>
</pin_list>
<bind>
<opcode="icmp(45) " fcode="icmp"/>
<opset="icmp_ln51_4/2 "/>
</bind>
</comp>

<comp id="356" class="1004" name="select_ln51_fu_356">
<pin_list>
<pin id="357" dir="0" index="0" bw="1" slack="0"/>
<pin id="358" dir="0" index="1" bw="15" slack="0"/>
<pin id="359" dir="0" index="2" bw="1" slack="0"/>
<pin id="360" dir="1" index="3" bw="15" slack="0"/>
</pin_list>
<bind>
<opcode="select(49) " fcode="select"/>
<opset="select_ln51/2 "/>
</bind>
</comp>

<comp id="364" class="1004" name="zext_ln51_fu_364">
<pin_list>
<pin id="365" dir="0" index="0" bw="15" slack="0"/>
<pin id="366" dir="1" index="1" bw="16" slack="0"/>
</pin_list>
<bind>
<opcode="zext(34) " fcode="zext"/>
<opset="zext_ln51/2 "/>
</bind>
</comp>

<comp id="368" class="1004" name="icmp_ln51_5_fu_368">
<pin_list>
<pin id="369" dir="0" index="0" bw="16" slack="0"/>
<pin id="370" dir="0" index="1" bw="1" slack="0"/>
<pin id="371" dir="1" index="2" bw="1" slack="0"/>
</pin_list>
<bind>
<opcode="icmp(45) " fcode="icmp"/>
<opset="icmp_ln51_5/2 "/>
</bind>
</comp>

<comp id="374" class="1004" name="select_ln51_1_fu_374">
<pin_list>
<pin id="375" dir="0" index="0" bw="1" slack="0"/>
<pin id="376" dir="0" index="1" bw="15" slack="0"/>
<pin id="377" dir="0" index="2" bw="1" slack="0"/>
<pin id="378" dir="1" index="3" bw="15" slack="0"/>
</pin_list>
<bind>
<opcode="select(49) " fcode="select"/>
<opset="select_ln51_1/2 "/>
</bind>
</comp>

<comp id="382" class="1004" name="zext_ln51_1_fu_382">
<pin_list>
<pin id="383" dir="0" index="0" bw="15" slack="0"/>
<pin id="384" dir="1" index="1" bw="16" slack="0"/>
</pin_list>
<bind>
<opcode="zext(34) " fcode="zext"/>
<opset="zext_ln51_1/2 "/>
</bind>
</comp>

<comp id="386" class="1004" name="icmp_ln51_6_fu_386">
<pin_list>
<pin id="387" dir="0" index="0" bw="16" slack="0"/>
<pin id="388" dir="0" index="1" bw="1" slack="0"/>
<pin id="389" dir="1" index="2" bw="1" slack="0"/>
</pin_list>
<bind>
<opcode="icmp(45) " fcode="icmp"/>
<opset="icmp_ln51_6/2 "/>
</bind>
</comp>

<comp id="392" class="1004" name="select_ln51_2_fu_392">
<pin_list>
<pin id="393" dir="0" index="0" bw="1" slack="0"/>
<pin id="394" dir="0" index="1" bw="15" slack="0"/>
<pin id="395" dir="0" index="2" bw="1" slack="0"/>
<pin id="396" dir="1" index="3" bw="15" slack="0"/>
</pin_list>
<bind>
<opcode="select(49) " fcode="select"/>
<opset="select_ln51_2/2 "/>
</bind>
</comp>

<comp id="400" class="1004" name="zext_ln51_2_fu_400">
<pin_list>
<pin id="401" dir="0" index="0" bw="15" slack="0"/>
<pin id="402" dir="1" index="1" bw="16" slack="0"/>
</pin_list>
<bind>
<opcode="zext(34) " fcode="zext"/>
<opset="zext_ln51_2/2 "/>
</bind>
</comp>

<comp id="404" class="1004" name="icmp_ln51_7_fu_404">
<pin_list>
<pin id="405" dir="0" index="0" bw="16" slack="0"/>
<pin id="406" dir="0" index="1" bw="1" slack="0"/>
<pin id="407" dir="1" index="2" bw="1" slack="0"/>
</pin_list>
<bind>
<opcode="icmp(45) " fcode="icmp"/>
<opset="icmp_ln51_7/2 "/>
</bind>
</comp>

<comp id="410" class="1004" name="select_ln51_3_fu_410">
<pin_list>
<pin id="411" dir="0" index="0" bw="1" slack="0"/>
<pin id="412" dir="0" index="1" bw="15" slack="0"/>
<pin id="413" dir="0" index="2" bw="1" slack="0"/>
<pin id="414" dir="1" index="3" bw="15" slack="0"/>
</pin_list>
<bind>
<opcode="select(49) " fcode="select"/>
<opset="select_ln51_3/2 "/>
</bind>
</comp>

<comp id="418" class="1004" name="or_ln57_s_fu_418">
<pin_list>
<pin id="419" dir="0" index="0" bw="127" slack="0"/>
<pin id="420" dir="0" index="1" bw="15" slack="0"/>
<pin id="421" dir="0" index="2" bw="15" slack="0"/>
<pin id="422" dir="0" index="3" bw="15" slack="0"/>
<pin id="423" dir="0" index="4" bw="15" slack="0"/>
<pin id="424" dir="0" index="5" bw="15" slack="0"/>
<pin id="425" dir="0" index="6" bw="15" slack="0"/>
<pin id="426" dir="0" index="7" bw="15" slack="0"/>
<pin id="427" dir="0" index="8" bw="15" slack="0"/>
<pin id="428" dir="1" index="9" bw="127" slack="0"/>
</pin_list>
<bind>
<opcode="bitconcatenate(1004) " fcode="bitconcatenate"/>
<opset="or_ln57_s/2 "/>
</bind>
</comp>

<comp id="438" class="1004" name="zext_ln57_fu_438">
<pin_list>
<pin id="439" dir="0" index="0" bw="127" slack="0"/>
<pin id="440" dir="1" index="1" bw="128" slack="0"/>
</pin_list>
<bind>
<opcode="zext(34) " fcode="zext"/>
<opset="zext_ln57/2 "/>
</bind>
</comp>

<comp id="443" class="1005" name="i_reg_443">
<pin_list>
<pin id="444" dir="0" index="0" bw="5" slack="0"/>
<pin id="445" dir="1" index="1" bw="5" slack="0"/>
</pin_list>
<bind>
<opset="i "/>
</bind>
</comp>

</comp_list>

<net_list>
<net id="91"><net_src comp="4" pin="0"/><net_sink comp="88" pin=0"/></net>

<net id="96"><net_src comp="32" pin="0"/><net_sink comp="92" pin=0"/></net>

<net id="97"><net_src comp="0" pin="0"/><net_sink comp="92" pin=1"/></net>

<net id="103"><net_src comp="86" pin="0"/><net_sink comp="98" pin=0"/></net>

<net id="104"><net_src comp="2" pin="0"/><net_sink comp="98" pin=1"/></net>

<net id="109"><net_src comp="16" pin="0"/><net_sink comp="105" pin=0"/></net>

<net id="117"><net_src comp="110" pin="1"/><net_sink comp="113" pin=0"/></net>

<net id="118"><net_src comp="18" pin="0"/><net_sink comp="113" pin=1"/></net>

<net id="123"><net_src comp="110" pin="1"/><net_sink comp="119" pin=0"/></net>

<net id="124"><net_src comp="20" pin="0"/><net_sink comp="119" pin=1"/></net>

<net id="129"><net_src comp="119" pin="2"/><net_sink comp="125" pin=0"/></net>

<net id="133"><net_src comp="92" pin="2"/><net_sink comp="130" pin=0"/></net>

<net id="137"><net_src comp="92" pin="2"/><net_sink comp="134" pin=0"/></net>

<net id="144"><net_src comp="34" pin="0"/><net_sink comp="138" pin=0"/></net>

<net id="145"><net_src comp="92" pin="2"/><net_sink comp="138" pin=1"/></net>

<net id="146"><net_src comp="36" pin="0"/><net_sink comp="138" pin=2"/></net>

<net id="147"><net_src comp="38" pin="0"/><net_sink comp="138" pin=3"/></net>

<net id="154"><net_src comp="34" pin="0"/><net_sink comp="148" pin=0"/></net>

<net id="155"><net_src comp="92" pin="2"/><net_sink comp="148" pin=1"/></net>

<net id="156"><net_src comp="40" pin="0"/><net_sink comp="148" pin=2"/></net>

<net id="157"><net_src comp="42" pin="0"/><net_sink comp="148" pin=3"/></net>

<net id="164"><net_src comp="34" pin="0"/><net_sink comp="158" pin=0"/></net>

<net id="165"><net_src comp="92" pin="2"/><net_sink comp="158" pin=1"/></net>

<net id="166"><net_src comp="44" pin="0"/><net_sink comp="158" pin=2"/></net>

<net id="167"><net_src comp="46" pin="0"/><net_sink comp="158" pin=3"/></net>

<net id="174"><net_src comp="48" pin="0"/><net_sink comp="168" pin=0"/></net>

<net id="175"><net_src comp="92" pin="2"/><net_sink comp="168" pin=1"/></net>

<net id="176"><net_src comp="44" pin="0"/><net_sink comp="168" pin=2"/></net>

<net id="177"><net_src comp="50" pin="0"/><net_sink comp="168" pin=3"/></net>

<net id="184"><net_src comp="34" pin="0"/><net_sink comp="178" pin=0"/></net>

<net id="185"><net_src comp="92" pin="2"/><net_sink comp="178" pin=1"/></net>

<net id="186"><net_src comp="52" pin="0"/><net_sink comp="178" pin=2"/></net>

<net id="187"><net_src comp="54" pin="0"/><net_sink comp="178" pin=3"/></net>

<net id="194"><net_src comp="48" pin="0"/><net_sink comp="188" pin=0"/></net>

<net id="195"><net_src comp="92" pin="2"/><net_sink comp="188" pin=1"/></net>

<net id="196"><net_src comp="52" pin="0"/><net_sink comp="188" pin=2"/></net>

<net id="197"><net_src comp="56" pin="0"/><net_sink comp="188" pin=3"/></net>

<net id="204"><net_src comp="34" pin="0"/><net_sink comp="198" pin=0"/></net>

<net id="205"><net_src comp="92" pin="2"/><net_sink comp="198" pin=1"/></net>

<net id="206"><net_src comp="58" pin="0"/><net_sink comp="198" pin=2"/></net>

<net id="207"><net_src comp="60" pin="0"/><net_sink comp="198" pin=3"/></net>

<net id="214"><net_src comp="48" pin="0"/><net_sink comp="208" pin=0"/></net>

<net id="215"><net_src comp="92" pin="2"/><net_sink comp="208" pin=1"/></net>

<net id="216"><net_src comp="58" pin="0"/><net_sink comp="208" pin=2"/></net>

<net id="217"><net_src comp="62" pin="0"/><net_sink comp="208" pin=3"/></net>

<net id="224"><net_src comp="34" pin="0"/><net_sink comp="218" pin=0"/></net>

<net id="225"><net_src comp="92" pin="2"/><net_sink comp="218" pin=1"/></net>

<net id="226"><net_src comp="64" pin="0"/><net_sink comp="218" pin=2"/></net>

<net id="227"><net_src comp="66" pin="0"/><net_sink comp="218" pin=3"/></net>

<net id="234"><net_src comp="48" pin="0"/><net_sink comp="228" pin=0"/></net>

<net id="235"><net_src comp="92" pin="2"/><net_sink comp="228" pin=1"/></net>

<net id="236"><net_src comp="64" pin="0"/><net_sink comp="228" pin=2"/></net>

<net id="237"><net_src comp="68" pin="0"/><net_sink comp="228" pin=3"/></net>

<net id="244"><net_src comp="34" pin="0"/><net_sink comp="238" pin=0"/></net>

<net id="245"><net_src comp="92" pin="2"/><net_sink comp="238" pin=1"/></net>

<net id="246"><net_src comp="70" pin="0"/><net_sink comp="238" pin=2"/></net>

<net id="247"><net_src comp="72" pin="0"/><net_sink comp="238" pin=3"/></net>

<net id="254"><net_src comp="48" pin="0"/><net_sink comp="248" pin=0"/></net>

<net id="255"><net_src comp="92" pin="2"/><net_sink comp="248" pin=1"/></net>

<net id="256"><net_src comp="70" pin="0"/><net_sink comp="248" pin=2"/></net>

<net id="257"><net_src comp="74" pin="0"/><net_sink comp="248" pin=3"/></net>

<net id="264"><net_src comp="48" pin="0"/><net_sink comp="258" pin=0"/></net>

<net id="265"><net_src comp="92" pin="2"/><net_sink comp="258" pin=1"/></net>

<net id="266"><net_src comp="36" pin="0"/><net_sink comp="258" pin=2"/></net>

<net id="267"><net_src comp="76" pin="0"/><net_sink comp="258" pin=3"/></net>

<net id="274"><net_src comp="48" pin="0"/><net_sink comp="268" pin=0"/></net>

<net id="275"><net_src comp="92" pin="2"/><net_sink comp="268" pin=1"/></net>

<net id="276"><net_src comp="40" pin="0"/><net_sink comp="268" pin=2"/></net>

<net id="277"><net_src comp="78" pin="0"/><net_sink comp="268" pin=3"/></net>

<net id="282"><net_src comp="130" pin="1"/><net_sink comp="278" pin=0"/></net>

<net id="283"><net_src comp="80" pin="0"/><net_sink comp="278" pin=1"/></net>

<net id="289"><net_src comp="278" pin="2"/><net_sink comp="284" pin=0"/></net>

<net id="290"><net_src comp="134" pin="1"/><net_sink comp="284" pin=1"/></net>

<net id="291"><net_src comp="82" pin="0"/><net_sink comp="284" pin=2"/></net>

<net id="295"><net_src comp="284" pin="3"/><net_sink comp="292" pin=0"/></net>

<net id="300"><net_src comp="158" pin="4"/><net_sink comp="296" pin=0"/></net>

<net id="301"><net_src comp="80" pin="0"/><net_sink comp="296" pin=1"/></net>

<net id="307"><net_src comp="296" pin="2"/><net_sink comp="302" pin=0"/></net>

<net id="308"><net_src comp="168" pin="4"/><net_sink comp="302" pin=1"/></net>

<net id="309"><net_src comp="82" pin="0"/><net_sink comp="302" pin=2"/></net>

<net id="313"><net_src comp="302" pin="3"/><net_sink comp="310" pin=0"/></net>

<net id="318"><net_src comp="178" pin="4"/><net_sink comp="314" pin=0"/></net>

<net id="319"><net_src comp="80" pin="0"/><net_sink comp="314" pin=1"/></net>

<net id="325"><net_src comp="314" pin="2"/><net_sink comp="320" pin=0"/></net>

<net id="326"><net_src comp="188" pin="4"/><net_sink comp="320" pin=1"/></net>

<net id="327"><net_src comp="82" pin="0"/><net_sink comp="320" pin=2"/></net>

<net id="331"><net_src comp="320" pin="3"/><net_sink comp="328" pin=0"/></net>

<net id="336"><net_src comp="198" pin="4"/><net_sink comp="332" pin=0"/></net>

<net id="337"><net_src comp="80" pin="0"/><net_sink comp="332" pin=1"/></net>

<net id="343"><net_src comp="332" pin="2"/><net_sink comp="338" pin=0"/></net>

<net id="344"><net_src comp="208" pin="4"/><net_sink comp="338" pin=1"/></net>

<net id="345"><net_src comp="82" pin="0"/><net_sink comp="338" pin=2"/></net>

<net id="349"><net_src comp="338" pin="3"/><net_sink comp="346" pin=0"/></net>

<net id="354"><net_src comp="218" pin="4"/><net_sink comp="350" pin=0"/></net>

<net id="355"><net_src comp="80" pin="0"/><net_sink comp="350" pin=1"/></net>

<net id="361"><net_src comp="350" pin="2"/><net_sink comp="356" pin=0"/></net>

<net id="362"><net_src comp="228" pin="4"/><net_sink comp="356" pin=1"/></net>

<net id="363"><net_src comp="82" pin="0"/><net_sink comp="356" pin=2"/></net>

<net id="367"><net_src comp="356" pin="3"/><net_sink comp="364" pin=0"/></net>

<net id="372"><net_src comp="238" pin="4"/><net_sink comp="368" pin=0"/></net>

<net id="373"><net_src comp="80" pin="0"/><net_sink comp="368" pin=1"/></net>

<net id="379"><net_src comp="368" pin="2"/><net_sink comp="374" pin=0"/></net>

<net id="380"><net_src comp="248" pin="4"/><net_sink comp="374" pin=1"/></net>

<net id="381"><net_src comp="82" pin="0"/><net_sink comp="374" pin=2"/></net>

<net id="385"><net_src comp="374" pin="3"/><net_sink comp="382" pin=0"/></net>

<net id="390"><net_src comp="138" pin="4"/><net_sink comp="386" pin=0"/></net>

<net id="391"><net_src comp="80" pin="0"/><net_sink comp="386" pin=1"/></net>

<net id="397"><net_src comp="386" pin="2"/><net_sink comp="392" pin=0"/></net>

<net id="398"><net_src comp="258" pin="4"/><net_sink comp="392" pin=1"/></net>

<net id="399"><net_src comp="82" pin="0"/><net_sink comp="392" pin=2"/></net>

<net id="403"><net_src comp="392" pin="3"/><net_sink comp="400" pin=0"/></net>

<net id="408"><net_src comp="148" pin="4"/><net_sink comp="404" pin=0"/></net>

<net id="409"><net_src comp="80" pin="0"/><net_sink comp="404" pin=1"/></net>

<net id="415"><net_src comp="404" pin="2"/><net_sink comp="410" pin=0"/></net>

<net id="416"><net_src comp="268" pin="4"/><net_sink comp="410" pin=1"/></net>

<net id="417"><net_src comp="82" pin="0"/><net_sink comp="410" pin=2"/></net>

<net id="429"><net_src comp="84" pin="0"/><net_sink comp="418" pin=0"/></net>

<net id="430"><net_src comp="410" pin="3"/><net_sink comp="418" pin=1"/></net>

<net id="431"><net_src comp="400" pin="1"/><net_sink comp="418" pin=2"/></net>

<net id="432"><net_src comp="382" pin="1"/><net_sink comp="418" pin=3"/></net>

<net id="433"><net_src comp="364" pin="1"/><net_sink comp="418" pin=4"/></net>

<net id="434"><net_src comp="346" pin="1"/><net_sink comp="418" pin=5"/></net>

<net id="435"><net_src comp="328" pin="1"/><net_sink comp="418" pin=6"/></net>

<net id="436"><net_src comp="310" pin="1"/><net_sink comp="418" pin=7"/></net>

<net id="437"><net_src comp="292" pin="1"/><net_sink comp="418" pin=8"/></net>

<net id="441"><net_src comp="418" pin="9"/><net_sink comp="438" pin=0"/></net>

<net id="442"><net_src comp="438" pin="1"/><net_sink comp="98" pin=2"/></net>

<net id="446"><net_src comp="88" pin="1"/><net_sink comp="443" pin=0"/></net>

<net id="447"><net_src comp="443" pin="1"/><net_sink comp="105" pin=1"/></net>

<net id="448"><net_src comp="443" pin="1"/><net_sink comp="110" pin=0"/></net>

<net id="449"><net_src comp="443" pin="1"/><net_sink comp="125" pin=1"/></net>

</net_list>

</model> 
---------------- Datapath Model END ------------------

* FSMD analyzer results:
  - Output states:
	Port: layer10_out | {2 }
 - Input state : 
	Port: relu<array<ap_fixed,8u>,array<ap_fixed<16,6,5,3,0>,8u>,ReLU_config10> : layer7_out | {2 }
  - Chain level:
	State 1
		store_ln41 : 1
		i_5 : 1
		icmp_ln41 : 2
		i_6 : 2
		br_ln41 : 3
		store_ln41 : 3
	State 2
		icmp_ln51 : 1
		out_data_1 : 2
		zext_ln45 : 3
		icmp_ln51_1 : 1
		out_data_3 : 2
		zext_ln45_1 : 3
		icmp_ln51_2 : 1
		out_data_5 : 2
		zext_ln45_2 : 3
		icmp_ln51_3 : 1
		out_data_7 : 2
		zext_ln45_3 : 3
		icmp_ln51_4 : 1
		select_ln51 : 2
		zext_ln51 : 3
		icmp_ln51_5 : 1
		select_ln51_1 : 2
		zext_ln51_1 : 3
		icmp_ln51_6 : 1
		select_ln51_2 : 2
		zext_ln51_2 : 3
		icmp_ln51_7 : 1
		select_ln51_3 : 2
		or_ln57_s : 4
		zext_ln57 : 5
		write_ln57 : 6


============================================================
+ Verbose Summary: Datapath Resource usage 
============================================================

* Functional unit list:
|----------|----------------------------|---------|---------|
| Operation|       Functional Unit      |    FF   |   LUT   |
|----------|----------------------------|---------|---------|
|          |      icmp_ln41_fu_113      |    0    |    12   |
|          |      icmp_ln51_fu_278      |    0    |    23   |
|          |     icmp_ln51_1_fu_296     |    0    |    23   |
|          |     icmp_ln51_2_fu_314     |    0    |    23   |
|   icmp   |     icmp_ln51_3_fu_332     |    0    |    23   |
|          |     icmp_ln51_4_fu_350     |    0    |    23   |
|          |     icmp_ln51_5_fu_368     |    0    |    23   |
|          |     icmp_ln51_6_fu_386     |    0    |    23   |
|          |     icmp_ln51_7_fu_404     |    0    |    23   |
|----------|----------------------------|---------|---------|
|          |      out_data_1_fu_284     |    0    |    15   |
|          |      out_data_3_fu_302     |    0    |    15   |
|          |      out_data_5_fu_320     |    0    |    15   |
|  select  |      out_data_7_fu_338     |    0    |    15   |
|          |     select_ln51_fu_356     |    0    |    15   |
|          |    select_ln51_1_fu_374    |    0    |    15   |
|          |    select_ln51_2_fu_392    |    0    |    15   |
|          |    select_ln51_3_fu_410    |    0    |    15   |
|----------|----------------------------|---------|---------|
|    add   |         i_6_fu_119         |    0    |    12   |
|----------|----------------------------|---------|---------|
|   read   | layer7_out_read_read_fu_92 |    0    |    0    |
|----------|----------------------------|---------|---------|
|   write  |   write_ln57_write_fu_98   |    0    |    0    |
|----------|----------------------------|---------|---------|
|   trunc  |       in_data_fu_130       |    0    |    0    |
|          |     trunc_ln44_5_fu_134    |    0    |    0    |
|----------|----------------------------|---------|---------|
|          |     trunc_ln44_6_fu_138    |    0    |    0    |
|          |     trunc_ln44_7_fu_148    |    0    |    0    |
|          |      in_data_4_fu_158      |    0    |    0    |
|          |     trunc_ln44_s_fu_168    |    0    |    0    |
|          |      in_data_5_fu_178      |    0    |    0    |
|          |     trunc_ln44_8_fu_188    |    0    |    0    |
|partselect|      in_data_6_fu_198      |    0    |    0    |
|          |     trunc_ln44_1_fu_208    |    0    |    0    |
|          |         tmp_fu_218         |    0    |    0    |
|          |     trunc_ln44_2_fu_228    |    0    |    0    |
|          |        tmp_4_fu_238        |    0    |    0    |
|          |     trunc_ln44_3_fu_248    |    0    |    0    |
|          |     trunc_ln44_4_fu_258    |    0    |    0    |
|          |       trunc_ln_fu_268      |    0    |    0    |
|----------|----------------------------|---------|---------|
|          |      zext_ln45_fu_292      |    0    |    0    |
|          |     zext_ln45_1_fu_310     |    0    |    0    |
|          |     zext_ln45_2_fu_328     |    0    |    0    |
|   zext   |     zext_ln45_3_fu_346     |    0    |    0    |
|          |      zext_ln51_fu_364      |    0    |    0    |
|          |     zext_ln51_1_fu_382     |    0    |    0    |
|          |     zext_ln51_2_fu_400     |    0    |    0    |
|          |      zext_ln57_fu_438      |    0    |    0    |
|----------|----------------------------|---------|---------|
|bitconcatenate|      or_ln57_s_fu_418      |    0    |    0    |
|----------|----------------------------|---------|---------|
|   Total  |                            |    0    |   328   |
|----------|----------------------------|---------|---------|

Memories:
N/A

* Register list:
+---------+--------+
|         |   FF   |
+---------+--------+
|i_reg_443|    5   |
+---------+--------+
|  Total  |    5   |
+---------+--------+

* Multiplexer (MUX) list: 
|--------|------|------|------|--------|
|  Comp  |  Pin | Size |  BW  | S x BW |
|--------|------|------|------|--------|
|  Total |      |      |      |    0   |
|--------|------|------|------|--------|



* Summary:
+-----------+--------+--------+
|           |   FF   |   LUT  |
+-----------+--------+--------+
|  Function |    0   |   328  |
|   Memory  |    -   |    -   |
|Multiplexer|    -   |    -   |
|  Register |    5   |    -   |
+-----------+--------+--------+
|   Total   |    5   |   328  |
+-----------+--------+--------+
