

================================================================
== Vitis HLS Report for 'relu_array_ap_fixed_3u_array_ap_fixed_16_6_5_3_0_3u_ReLU_config5_s'
================================================================
* Date:           Sun Apr 28 19:53:14 2024

* Version:        2023.1 (Build 3854077 on May  4 2023)
* Project:        myproject_prj
* Solution:       solution1 (Vivado IP Flow Target)
* Product family: virtexuplus
* Target device:  xcvu13p-flga2577-2-e


================================================================
== Performance Estimates
================================================================
+ Timing: 
    * Summary: 
    +--------+---------+----------+------------+
    |  Clock |  Target | Estimated| Uncertainty|
    +--------+---------+----------+------------+
    |ap_clk  |  5.00 ns|  3.614 ns|     0.62 ns|
    +--------+---------+----------+------------+

+ Latency: 
    * Summary: 
    +---------+---------+----------+----------+-----+-----+---------+
    |  Latency (cycles) |  Latency (absolute) |  Interval | Pipeline|
    |   min   |   max   |    min   |    max   | min | max |   Type  |
    +---------+---------+----------+----------+-----+-----+---------+
    |      106|      106|  0.530 us|  0.530 us|  106|  106|       no|
    +---------+---------+----------+----------+-----+-----+---------+

    + Detail: 
        * Instance: 
        N/A

        * Loop: 
        +---------------+---------+---------+----------+-----------+-----------+------+----------+
        |               |  Latency (cycles) | Iteration|  Initiation Interval  | Trip |          |
        |   Loop Name   |   min   |   max   |  Latency |  achieved |   target  | Count| Pipelined|
        +---------------+---------+---------+----------+-----------+-----------+------+----------+
        |- ReLUActLoop  |      104|      104|         2|          1|          1|   104|       yes|
        +---------------+---------+---------+----------+-----------+-----------+------+----------+

============================================================
+ Verbose Summary: Synthesis Manager
============================================================
InlineROM: 1
ExposeGlobal: 0
============================================================
+ Verbose Summary: CDFG Model
============================================================
IsTopModel: 0
ResetActiveHigh: 1
IsCombinational: 2
IsDatapathOnly: 0
HasWiredReturn: 1
HasMFsm: 2
HasVarLatency: 1
IsPipeline: 0
IsRtlPipelined: 0
IsInstanceOverlapped: 0
IsDontTouch: 0
HasImplIP: 0
IsGatedGlobalClock: 0

+ Individual pipeline summary: 
  * Pipeline-0: initiation interval (II) = 1, depth = 2


============================================================
+ Verbose Summary: Schedule
============================================================
* Number of FSM states : 2
* Pipeline : 1
  Pipeline-0 : II = 1, D = 2, States = { 1 2 }
* Dataflow Pipeline: 0

* FSM state transitions: 
1 --> 2 
2 --> 

* FSM state operations: 

State 1 <SV = 0> <Delay = 1.09>
ST_1 : Operation 5 [1/1] (0.00ns)   --->   "%i = alloca i32 1"   --->   Operation 5 'alloca' 'i' <Predicate = true> <Delay = 0.00>
ST_1 : Operation 6 [1/1] (0.00ns)   --->   "%specinterface_ln0 = specinterface void @_ssdm_op_SpecInterface, i48 %layer5_out, void @empty_5, i32 0, i32 0, void @empty_6, i32 0, i32 0, void @empty_6, void @empty_6, void @empty_6, i32 0, i32 0, i32 0, i32 0, void @empty_6, void @empty_6, i32 4294967295, i32 0"   --->   Operation 6 'specinterface' 'specinterface_ln0' <Predicate = true> <Delay = 0.00>
ST_1 : Operation 7 [1/1] (0.00ns)   --->   "%specinterface_ln0 = specinterface void @_ssdm_op_SpecInterface, i48 %layer2_out, void @empty_5, i32 0, i32 0, void @empty_6, i32 0, i32 0, void @empty_6, void @empty_6, void @empty_6, i32 0, i32 0, i32 0, i32 0, void @empty_6, void @empty_6, i32 4294967295, i32 0"   --->   Operation 7 'specinterface' 'specinterface_ln0' <Predicate = true> <Delay = 0.00>
ST_1 : Operation 8 [1/1] (0.38ns)   --->   "%store_ln41 = store i7 0, i7 %i" [firmware/nnet_utils/nnet_activation_stream.h:41]   --->   Operation 8 'store' 'store_ln41' <Predicate = true> <Delay = 0.38>
ST_1 : Operation 9 [1/1] (0.00ns)   --->   "%br_ln41 = br void %for.body4" [firmware/nnet_utils/nnet_activation_stream.h:41]   --->   Operation 9 'br' 'br_ln41' <Predicate = true> <Delay = 0.00>
ST_1 : Operation 10 [1/1] (0.00ns)   --->   "%i_7 = load i7 %i" [firmware/nnet_utils/nnet_activation_stream.h:41]   --->   Operation 10 'load' 'i_7' <Predicate = true> <Delay = 0.00>
ST_1 : Operation 11 [1/1] (0.70ns)   --->   "%icmp_ln41 = icmp_eq  i7 %i_7, i7 104" [firmware/nnet_utils/nnet_activation_stream.h:41]   --->   Operation 11 'icmp' 'icmp_ln41' <Predicate = true> <Delay = 0.70> <CoreInst = "Cmp">   --->   Core 9 'Cmp' <Latency = 0> <II = 1> <Delay = 0.70> <FuncUnit> <Opcode : 'icmp'> <InPorts = 2> <OutPorts = 1>
ST_1 : Operation 12 [1/1] (0.70ns)   --->   "%i_8 = add i7 %i_7, i7 1" [firmware/nnet_utils/nnet_activation_stream.h:41]   --->   Operation 12 'add' 'i_8' <Predicate = true> <Delay = 0.70> <CoreInst = "Adder">   --->   Core 1 'Adder' <Latency = 0> <II = 1> <Delay = 0.70> <FuncUnit> <Opcode : 'add' 'sub'> <InPorts = 2> <OutPorts = 1>
ST_1 : Operation 13 [1/1] (0.00ns)   --->   "%br_ln41 = br i1 %icmp_ln41, void %for.body4.split, void %for.end14" [firmware/nnet_utils/nnet_activation_stream.h:41]   --->   Operation 13 'br' 'br_ln41' <Predicate = true> <Delay = 0.00>
ST_1 : Operation 14 [1/1] (0.38ns)   --->   "%store_ln41 = store i7 %i_8, i7 %i" [firmware/nnet_utils/nnet_activation_stream.h:41]   --->   Operation 14 'store' 'store_ln41' <Predicate = (!icmp_ln41)> <Delay = 0.38>
ST_1 : Operation 37 [1/1] (0.00ns)   --->   "%ret_ln59 = ret" [firmware/nnet_utils/nnet_activation_stream.h:59]   --->   Operation 37 'ret' 'ret_ln59' <Predicate = (icmp_ln41)> <Delay = 0.00>

State 2 <SV = 1> <Delay = 3.61>
ST_2 : Operation 15 [1/1] (0.00ns)   --->   "%specpipeline_ln42 = specpipeline void @_ssdm_op_SpecPipeline, i32 4294967295, i32 0, i32 0, i32 0, void @empty_6" [firmware/nnet_utils/nnet_activation_stream.h:42]   --->   Operation 15 'specpipeline' 'specpipeline_ln42' <Predicate = true> <Delay = 0.00>
ST_2 : Operation 16 [1/1] (0.00ns)   --->   "%speclooptripcount_ln41 = speclooptripcount void @_ssdm_op_SpecLoopTripCount, i64 104, i64 104, i64 104" [firmware/nnet_utils/nnet_activation_stream.h:41]   --->   Operation 16 'speclooptripcount' 'speclooptripcount_ln41' <Predicate = true> <Delay = 0.00>
ST_2 : Operation 17 [1/1] (0.00ns)   --->   "%specloopname_ln41 = specloopname void @_ssdm_op_SpecLoopName, void @empty_3" [firmware/nnet_utils/nnet_activation_stream.h:41]   --->   Operation 17 'specloopname' 'specloopname_ln41' <Predicate = true> <Delay = 0.00>
ST_2 : Operation 18 [1/1] (1.26ns)   --->   "%layer2_out_read = read i48 @_ssdm_op_Read.ap_fifo.volatile.i48P0A, i48 %layer2_out" [firmware/nnet_utils/nnet_activation_stream.h:44]   --->   Operation 18 'read' 'layer2_out_read' <Predicate = true> <Delay = 1.26> <CoreInst = "FIFO">   --->   Core 78 'FIFO' <Latency = 0> <II = 1> <Delay = 1.26> <Storage> <Opcode : 'read' 'write' 'nbread' 'nbwrite'> <Ports = 0> <Width = 48> <Depth = 104> <FIFO>
ST_2 : Operation 19 [1/1] (0.00ns)   --->   "%in_data = trunc i48 %layer2_out_read" [firmware/nnet_utils/nnet_activation_stream.h:44]   --->   Operation 19 'trunc' 'in_data' <Predicate = true> <Delay = 0.00>
ST_2 : Operation 20 [1/1] (0.00ns)   --->   "%trunc_ln44_6 = trunc i48 %layer2_out_read" [firmware/nnet_utils/nnet_activation_stream.h:44]   --->   Operation 20 'trunc' 'trunc_ln44_6' <Predicate = true> <Delay = 0.00>
ST_2 : Operation 21 [1/1] (0.00ns)   --->   "%in_data_14 = partselect i16 @_ssdm_op_PartSelect.i16.i48.i32.i32, i48 %layer2_out_read, i32 16, i32 31" [firmware/nnet_utils/nnet_activation_stream.h:44]   --->   Operation 21 'partselect' 'in_data_14' <Predicate = true> <Delay = 0.00>
ST_2 : Operation 22 [1/1] (0.00ns)   --->   "%trunc_ln44_4 = partselect i15 @_ssdm_op_PartSelect.i15.i48.i32.i32, i48 %layer2_out_read, i32 16, i32 30" [firmware/nnet_utils/nnet_activation_stream.h:44]   --->   Operation 22 'partselect' 'trunc_ln44_4' <Predicate = true> <Delay = 0.00>
ST_2 : Operation 23 [1/1] (0.00ns)   --->   "%in_data_15 = partselect i16 @_ssdm_op_PartSelect.i16.i48.i32.i32, i48 %layer2_out_read, i32 32, i32 47" [firmware/nnet_utils/nnet_activation_stream.h:44]   --->   Operation 23 'partselect' 'in_data_15' <Predicate = true> <Delay = 0.00>
ST_2 : Operation 24 [1/1] (0.00ns)   --->   "%trunc_ln44_5 = partselect i15 @_ssdm_op_PartSelect.i15.i48.i32.i32, i48 %layer2_out_read, i32 32, i32 46" [firmware/nnet_utils/nnet_activation_stream.h:44]   --->   Operation 24 'partselect' 'trunc_ln44_5' <Predicate = true> <Delay = 0.00>
ST_2 : Operation 25 [1/1] (0.78ns)   --->   "%icmp_ln51 = icmp_sgt  i16 %in_data, i16 0" [firmware/nnet_utils/nnet_activation_stream.h:51]   --->   Operation 25 'icmp' 'icmp_ln51' <Predicate = true> <Delay = 0.78> <CoreInst = "Cmp">   --->   Core 9 'Cmp' <Latency = 0> <II = 1> <Delay = 0.78> <FuncUnit> <Opcode : 'icmp'> <InPorts = 2> <OutPorts = 1>
ST_2 : Operation 26 [1/1] (0.29ns)   --->   "%out_data_11 = select i1 %icmp_ln51, i15 %trunc_ln44_6, i15 0" [firmware/nnet_utils/nnet_activation_stream.h:51]   --->   Operation 26 'select' 'out_data_11' <Predicate = true> <Delay = 0.29> <CoreInst = "Sel">   --->   Core 73 'Sel' <Latency = 0> <II = 1> <Delay = 0.29> <FuncUnit> <Opcode : 'select'> <InPorts = 3> <OutPorts = 1>
ST_2 : Operation 27 [1/1] (0.00ns)   --->   "%zext_ln45 = zext i15 %out_data_11" [firmware/nnet_utils/nnet_activation_stream.h:45]   --->   Operation 27 'zext' 'zext_ln45' <Predicate = true> <Delay = 0.00>
ST_2 : Operation 28 [1/1] (0.78ns)   --->   "%icmp_ln51_7 = icmp_sgt  i16 %in_data_14, i16 0" [firmware/nnet_utils/nnet_activation_stream.h:51]   --->   Operation 28 'icmp' 'icmp_ln51_7' <Predicate = true> <Delay = 0.78> <CoreInst = "Cmp">   --->   Core 9 'Cmp' <Latency = 0> <II = 1> <Delay = 0.78> <FuncUnit> <Opcode : 'icmp'> <InPorts = 2> <OutPorts = 1>
ST_2 : Operation 29 [1/1] (0.29ns)   --->   "%out_data_13 = select i1 %icmp_ln51_7, i15 %trunc_ln44_4, i15 0" [firmware/nnet_utils/nnet_activation_stream.h:51]   --->   Operation 29 'select' 'out_data_13' <Predicate = true> <Delay = 0.29> <CoreInst = "Sel">   --->   Core 73 'Sel' <Latency = 0> <II = 1> <Delay = 0.29> <FuncUnit> <Opcode : 'select'> <InPorts = 3> <OutPorts = 1>
ST_2 : Operation 30 [1/1] (0.00ns)   --->   "%zext_ln45_3 = zext i15 %out_data_13" [firmware/nnet_utils/nnet_activation_stream.h:45]   --->   Operation 30 'zext' 'zext_ln45_3' <Predicate = true> <Delay = 0.00>
ST_2 : Operation 31 [1/1] (0.78ns)   --->   "%icmp_ln51_8 = icmp_sgt  i16 %in_data_15, i16 0" [firmware/nnet_utils/nnet_activation_stream.h:51]   --->   Operation 31 'icmp' 'icmp_ln51_8' <Predicate = true> <Delay = 0.78> <CoreInst = "Cmp">   --->   Core 9 'Cmp' <Latency = 0> <II = 1> <Delay = 0.78> <FuncUnit> <Opcode : 'icmp'> <InPorts = 2> <OutPorts = 1>
ST_2 : Operation 32 [1/1] (0.29ns)   --->   "%out_data_15 = select i1 %icmp_ln51_8, i15 %trunc_ln44_5, i15 0" [firmware/nnet_utils/nnet_activation_stream.h:51]   --->   Operation 32 'select' 'out_data_15' <Predicate = true> <Delay = 0.29> <CoreInst = "Sel">   --->   Core 73 'Sel' <Latency = 0> <II = 1> <Delay = 0.29> <FuncUnit> <Opcode : 'select'> <InPorts = 3> <OutPorts = 1>
ST_2 : Operation 33 [1/1] (0.00ns)   --->   "%or_ln57_s = bitconcatenate i47 @_ssdm_op_BitConcatenate.i47.i15.i16.i16, i15 %out_data_15, i16 %zext_ln45_3, i16 %zext_ln45" [firmware/nnet_utils/nnet_activation_stream.h:57]   --->   Operation 33 'bitconcatenate' 'or_ln57_s' <Predicate = true> <Delay = 0.00>
ST_2 : Operation 34 [1/1] (0.00ns)   --->   "%zext_ln57 = zext i47 %or_ln57_s" [firmware/nnet_utils/nnet_activation_stream.h:57]   --->   Operation 34 'zext' 'zext_ln57' <Predicate = true> <Delay = 0.00>
ST_2 : Operation 35 [1/1] (1.26ns)   --->   "%write_ln57 = write void @_ssdm_op_Write.ap_fifo.volatile.i48P0A, i48 %layer5_out, i48 %zext_ln57" [firmware/nnet_utils/nnet_activation_stream.h:57]   --->   Operation 35 'write' 'write_ln57' <Predicate = true> <Delay = 1.26> <CoreInst = "FIFO">   --->   Core 78 'FIFO' <Latency = 0> <II = 1> <Delay = 1.26> <Storage> <Opcode : 'read' 'write' 'nbread' 'nbwrite'> <Ports = 0> <Width = 48> <Depth = 104> <FIFO>
ST_2 : Operation 36 [1/1] (0.00ns)   --->   "%br_ln41 = br void %for.body4" [firmware/nnet_utils/nnet_activation_stream.h:41]   --->   Operation 36 'br' 'br_ln41' <Predicate = true> <Delay = 0.00>


============================================================
+ Verbose Summary: Binding
============================================================
STG Binding: 
---------------- STG Properties BEGIN ----------------
- Is combinational: 0
- Is one-state seq: 0
- Is datapath-only: 0
- Is pipelined: 0
- Is top level: 0
Port [ Return ] is wired: 1; IO mode=ap_ctrl_hs:ce=0
Port [ layer2_out]:  wired=1; compound=1; hidden=0; nouse=0; global=0; static=0; extern=0; dir=0; type=3; pingpong=0; private_global=0; IO mode=ap_fifo:ce=0
Port [ layer5_out]:  wired=1; compound=1; hidden=0; nouse=0; global=0; static=0; extern=0; dir=1; type=3; pingpong=0; private_global=0; IO mode=ap_fifo:ce=0
---------------- STG Properties END ------------------

---------------- Datapath Model BEGIN ----------------

<LifeTime>
<method=bitvector/>
i                      (alloca           ) [ 010]
specinterface_ln0      (specinterface    ) [ 000]
specinterface_ln0      (specinterface    ) [ 000]
store_ln41             (store            ) [ 000]
br_ln41                (br               ) [ 000]
i_7                    (load             ) [ 000]
icmp_ln41              (icmp             ) [ 010]
i_8                    (add              ) [ 000]
br_ln41                (br               ) [ 000]
store_ln41             (store            ) [ 000]
specpipeline_ln42      (specpipeline     ) [ 000]
speclooptripcount_ln41 (speclooptripcount) [ 000]
specloopname_ln41      (specloopname     ) [ 000]
layer2_out_read        (read             ) [ 000]
in_data                (trunc            ) [ 000]
trunc_ln44_6           (trunc            ) [ 000]
in_data_14             (partselect       ) [ 000]
trunc_ln44_4           (partselect       ) [ 000]
in_data_15             (partselect       ) [ 000]
trunc_ln44_5           (partselect       ) [ 000]
icmp_ln51              (icmp             ) [ 000]
out_data_11            (select           ) [ 000]
zext_ln45              (zext             ) [ 000]
icmp_ln51_7            (icmp             ) [ 000]
out_data_13            (select           ) [ 000]
zext_ln45_3            (zext             ) [ 000]
icmp_ln51_8            (icmp             ) [ 000]
out_data_15            (select           ) [ 000]
or_ln57_s              (bitconcatenate   ) [ 000]
zext_ln57              (zext             ) [ 000]
write_ln57             (write            ) [ 000]
br_ln41                (br               ) [ 000]
ret_ln59               (ret              ) [ 000]
</LifeTime>

<model>

<comp_list>
<comp id="0" class="1000" name="layer2_out">
<pin_list>
<pin id="1" dir="1" index="0" bw="1" slack="0"/>
</pin_list>
<bind>
<StgValue><ssdm name="layer2_out"/></StgValue>
</bind>
</comp>

<comp id="2" class="1000" name="layer5_out">
<pin_list>
<pin id="3" dir="1" index="0" bw="1" slack="0"/>
</pin_list>
<bind>
<StgValue><ssdm name="layer5_out"/></StgValue>
</bind>
</comp>

<comp id="4" class="1001" name="const_4">
<pin_list>
<pin id="5" dir="1" index="0" bw="1" slack="0"/>
</pin_list>
<bind>
<StgValue><ssdm name=""/></StgValue>
</bind>
</comp>

<comp id="6" class="1001" name="const_6">
<pin_list>
<pin id="7" dir="1" index="0" bw="1" slack="2147483647"/>
</pin_list>
<bind>
<StgValue><ssdm name="_ssdm_op_SpecInterface"/></StgValue>
</bind>
</comp>

<comp id="8" class="1001" name="const_8">
<pin_list>
<pin id="9" dir="1" index="0" bw="1" slack="2147483647"/>
</pin_list>
<bind>
<StgValue><ssdm name="empty_5"/></StgValue>
</bind>
</comp>

<comp id="10" class="1001" name="const_10">
<pin_list>
<pin id="11" dir="1" index="0" bw="1" slack="2147483647"/>
</pin_list>
<bind>
<StgValue><ssdm name=""/></StgValue>
</bind>
</comp>

<comp id="12" class="1001" name="const_12">
<pin_list>
<pin id="13" dir="1" index="0" bw="1" slack="2147483647"/>
</pin_list>
<bind>
<StgValue><ssdm name="empty_6"/></StgValue>
</bind>
</comp>

<comp id="14" class="1001" name="const_14">
<pin_list>
<pin id="15" dir="1" index="0" bw="1" slack="2147483647"/>
</pin_list>
<bind>
<StgValue><ssdm name=""/></StgValue>
</bind>
</comp>

<comp id="16" class="1001" name="const_16">
<pin_list>
<pin id="17" dir="1" index="0" bw="1" slack="0"/>
</pin_list>
<bind>
<StgValue><ssdm name=""/></StgValue>
</bind>
</comp>

<comp id="18" class="1001" name="const_18">
<pin_list>
<pin id="19" dir="1" index="0" bw="1" slack="0"/>
</pin_list>
<bind>
<StgValue><ssdm name=""/></StgValue>
</bind>
</comp>

<comp id="20" class="1001" name="const_20">
<pin_list>
<pin id="21" dir="1" index="0" bw="1" slack="0"/>
</pin_list>
<bind>
<StgValue><ssdm name=""/></StgValue>
</bind>
</comp>

<comp id="22" class="1001" name="const_22">
<pin_list>
<pin id="23" dir="1" index="0" bw="1" slack="2147483647"/>
</pin_list>
<bind>
<StgValue><ssdm name="_ssdm_op_SpecPipeline"/></StgValue>
</bind>
</comp>

<comp id="24" class="1001" name="const_24">
<pin_list>
<pin id="25" dir="1" index="0" bw="1" slack="2147483647"/>
</pin_list>
<bind>
<StgValue><ssdm name="_ssdm_op_SpecLoopTripCount"/></StgValue>
</bind>
</comp>

<comp id="26" class="1001" name="const_26">
<pin_list>
<pin id="27" dir="1" index="0" bw="1" slack="2147483647"/>
</pin_list>
<bind>
<StgValue><ssdm name=""/></StgValue>
</bind>
</comp>

<comp id="28" class="1001" name="const_28">
<pin_list>
<pin id="29" dir="1" index="0" bw="1" slack="2147483647"/>
</pin_list>
<bind>
<StgValue><ssdm name="_ssdm_op_SpecLoopName"/></StgValue>
</bind>
</comp>

<comp id="30" class="1001" name="const_30">
<pin_list>
<pin id="31" dir="1" index="0" bw="1" slack="2147483647"/>
</pin_list>
<bind>
<StgValue><ssdm name="empty_3"/></StgValue>
</bind>
</comp>

<comp id="32" class="1001" name="const_32">
<pin_list>
<pin id="33" dir="1" index="0" bw="1" slack="0"/>
</pin_list>
<bind>
<StgValue><ssdm name="_ssdm_op_Read.ap_fifo.volatile.i48P0A"/></StgValue>
</bind>
</comp>

<comp id="34" class="1001" name="const_34">
<pin_list>
<pin id="35" dir="1" index="0" bw="1" slack="0"/>
</pin_list>
<bind>
<StgValue><ssdm name="_ssdm_op_PartSelect.i16.i48.i32.i32"/></StgValue>
</bind>
</comp>

<comp id="36" class="1001" name="const_36">
<pin_list>
<pin id="37" dir="1" index="0" bw="1" slack="0"/>
</pin_list>
<bind>
<StgValue><ssdm name=""/></StgValue>
</bind>
</comp>

<comp id="38" class="1001" name="const_38">
<pin_list>
<pin id="39" dir="1" index="0" bw="1" slack="0"/>
</pin_list>
<bind>
<StgValue><ssdm name=""/></StgValue>
</bind>
</comp>

<comp id="40" class="1001" name="const_40">
<pin_list>
<pin id="41" dir="1" index="0" bw="1" slack="0"/>
</pin_list>
<bind>
<StgValue><ssdm name="_ssdm_op_PartSelect.i15.i48.i32.i32"/></StgValue>
</bind>
</comp>

<comp id="42" class="1001" name="const_42">
<pin_list>
<pin id="43" dir="1" index="0" bw="1" slack="0"/>
</pin_list>
<bind>
<StgValue><ssdm name=""/></StgValue>
</bind>
</comp>

<comp id="44" class="1001" name="const_44">
<pin_list>
<pin id="45" dir="1" index="0" bw="1" slack="0"/>
</pin_list>
<bind>
<StgValue><ssdm name=""/></StgValue>
</bind>
</comp>

<comp id="46" class="1001" name="const_46">
<pin_list>
<pin id="47" dir="1" index="0" bw="1" slack="0"/>
</pin_list>
<bind>
<StgValue><ssdm name=""/></StgValue>
</bind>
</comp>

<comp id="48" class="1001" name="const_48">
<pin_list>
<pin id="49" dir="1" index="0" bw="1" slack="0"/>
</pin_list>
<bind>
<StgValue><ssdm name=""/></StgValue>
</bind>
</comp>

<comp id="50" class="1001" name="const_50">
<pin_list>
<pin id="51" dir="1" index="0" bw="1" slack="0"/>
</pin_list>
<bind>
<StgValue><ssdm name=""/></StgValue>
</bind>
</comp>

<comp id="52" class="1001" name="const_52">
<pin_list>
<pin id="53" dir="1" index="0" bw="1" slack="0"/>
</pin_list>
<bind>
<StgValue><ssdm name=""/></StgValue>
</bind>
</comp>

<comp id="54" class="1001" name="const_54">
<pin_list>
<pin id="55" dir="1" index="0" bw="1" slack="0"/>
</pin_list>
<bind>
<StgValue><ssdm name="_ssdm_op_BitConcatenate.i47.i15.i16.i16"/></StgValue>
</bind>
</comp>

<comp id="56" class="1001" name="const_56">
<pin_list>
<pin id="57" dir="1" index="0" bw="1" slack="0"/>
</pin_list>
<bind>
<StgValue><ssdm name="_ssdm_op_Write.ap_fifo.volatile.i48P0A"/></StgValue>
</bind>
</comp>

<comp id="58" class="1004" name="i_fu_58">
<pin_list>
<pin id="59" dir="0" index="0" bw="1" slack="0"/>
<pin id="60" dir="1" index="1" bw="7" slack="0"/>
</pin_list>
<bind>
<opcode="alloca(26) " fcode="alloca"/>
<opset="i/1 "/>
</bind>
</comp>

<comp id="62" class="1004" name="layer2_out_read_read_fu_62">
<pin_list>
<pin id="63" dir="0" index="0" bw="48" slack="0"/>
<pin id="64" dir="0" index="1" bw="48" slack="0"/>
<pin id="65" dir="1" index="2" bw="48" slack="0"/>
</pin_list>
<bind>
<opcode="read(1150) " fcode="read"/>
<opset="layer2_out_read/2 "/>
</bind>
</comp>

<comp id="68" class="1004" name="write_ln57_write_fu_68">
<pin_list>
<pin id="69" dir="0" index="0" bw="0" slack="0"/>
<pin id="70" dir="0" index="1" bw="48" slack="0"/>
<pin id="71" dir="0" index="2" bw="47" slack="0"/>
<pin id="72" dir="1" index="3" bw="0" slack="2147483647"/>
</pin_list>
<bind>
<opcode="write(1151) " fcode="write"/>
<opset="write_ln57/2 "/>
</bind>
</comp>

<comp id="75" class="1004" name="store_ln41_store_fu_75">
<pin_list>
<pin id="76" dir="0" index="0" bw="1" slack="0"/>
<pin id="77" dir="0" index="1" bw="7" slack="0"/>
<pin id="78" dir="1" index="2" bw="0" slack="2147483647"/>
</pin_list>
<bind>
<opcode="store(28) " fcode="store"/>
<opset="store_ln41/1 "/>
</bind>
</comp>

<comp id="80" class="1004" name="i_7_load_fu_80">
<pin_list>
<pin id="81" dir="0" index="0" bw="7" slack="0"/>
<pin id="82" dir="1" index="1" bw="7" slack="0"/>
</pin_list>
<bind>
<opcode="load(27) " fcode="load"/>
<opset="i_7/1 "/>
</bind>
</comp>

<comp id="83" class="1004" name="icmp_ln41_fu_83">
<pin_list>
<pin id="84" dir="0" index="0" bw="7" slack="0"/>
<pin id="85" dir="0" index="1" bw="6" slack="0"/>
<pin id="86" dir="1" index="2" bw="1" slack="2147483647"/>
</pin_list>
<bind>
<opcode="icmp(45) " fcode="icmp"/>
<opset="icmp_ln41/1 "/>
</bind>
</comp>

<comp id="89" class="1004" name="i_8_fu_89">
<pin_list>
<pin id="90" dir="0" index="0" bw="7" slack="0"/>
<pin id="91" dir="0" index="1" bw="1" slack="0"/>
<pin id="92" dir="1" index="2" bw="7" slack="0"/>
</pin_list>
<bind>
<opcode="add(8) " fcode="add"/>
<opset="i_8/1 "/>
</bind>
</comp>

<comp id="95" class="1004" name="store_ln41_store_fu_95">
<pin_list>
<pin id="96" dir="0" index="0" bw="7" slack="0"/>
<pin id="97" dir="0" index="1" bw="7" slack="0"/>
<pin id="98" dir="1" index="2" bw="0" slack="2147483647"/>
</pin_list>
<bind>
<opcode="store(28) " fcode="store"/>
<opset="store_ln41/1 "/>
</bind>
</comp>

<comp id="100" class="1004" name="in_data_fu_100">
<pin_list>
<pin id="101" dir="0" index="0" bw="48" slack="0"/>
<pin id="102" dir="1" index="1" bw="16" slack="0"/>
</pin_list>
<bind>
<opcode="trunc(33) " fcode="trunc"/>
<opset="in_data/2 "/>
</bind>
</comp>

<comp id="104" class="1004" name="trunc_ln44_6_fu_104">
<pin_list>
<pin id="105" dir="0" index="0" bw="48" slack="0"/>
<pin id="106" dir="1" index="1" bw="15" slack="0"/>
</pin_list>
<bind>
<opcode="trunc(33) " fcode="trunc"/>
<opset="trunc_ln44_6/2 "/>
</bind>
</comp>

<comp id="108" class="1004" name="in_data_14_fu_108">
<pin_list>
<pin id="109" dir="0" index="0" bw="16" slack="0"/>
<pin id="110" dir="0" index="1" bw="48" slack="0"/>
<pin id="111" dir="0" index="2" bw="6" slack="0"/>
<pin id="112" dir="0" index="3" bw="6" slack="0"/>
<pin id="113" dir="1" index="4" bw="16" slack="0"/>
</pin_list>
<bind>
<opcode="partselect(1002) " fcode="partselect"/>
<opset="in_data_14/2 "/>
</bind>
</comp>

<comp id="118" class="1004" name="trunc_ln44_4_fu_118">
<pin_list>
<pin id="119" dir="0" index="0" bw="15" slack="0"/>
<pin id="120" dir="0" index="1" bw="48" slack="0"/>
<pin id="121" dir="0" index="2" bw="6" slack="0"/>
<pin id="122" dir="0" index="3" bw="6" slack="0"/>
<pin id="123" dir="1" index="4" bw="15" slack="0"/>
</pin_list>
<bind>
<opcode="partselect(1002) " fcode="partselect"/>
<opset="trunc_ln44_4/2 "/>
</bind>
</comp>

<comp id="128" class="1004" name="in_data_15_fu_128">
<pin_list>
<pin id="129" dir="0" index="0" bw="16" slack="0"/>
<pin id="130" dir="0" index="1" bw="48" slack="0"/>
<pin id="131" dir="0" index="2" bw="7" slack="0"/>
<pin id="132" dir="0" index="3" bw="7" slack="0"/>
<pin id="133" dir="1" index="4" bw="16" slack="0"/>
</pin_list>
<bind>
<opcode="partselect(1002) " fcode="partselect"/>
<opset="in_data_15/2 "/>
</bind>
</comp>

<comp id="138" class="1004" name="trunc_ln44_5_fu_138">
<pin_list>
<pin id="139" dir="0" index="0" bw="15" slack="0"/>
<pin id="140" dir="0" index="1" bw="48" slack="0"/>
<pin id="141" dir="0" index="2" bw="7" slack="0"/>
<pin id="142" dir="0" index="3" bw="7" slack="0"/>
<pin id="143" dir="1" index="4" bw="15" slack="0"/>
</pin_list>
<bind>
<opcode="partselect(1002) " fcode="partselect"/>
<opset="trunc_ln44_5/2 "/>
</bind>
</comp>

<comp id="148" class="1004" name="icmp_ln51_fu_148">
<pin_list>
<pin id="149" dir="0" index="0" bw="16" slack="0"/>
<pin id="150" dir="0" index="1" bw="1" slack="0"/>
<pin id="151" dir="1" index="2" bw="1" slack="0"/>
</pin_list>
<bind>
<opcode="icmp(45) " fcode="icmp"/>
<opset="icmp_ln51/2 "/>
</bind>
</comp>

<comp id="154" class="1004" name="out_data_11_fu_154">
<pin_list>
<pin id="155" dir="0" index="0" bw="1" slack="0"/>
<pin id="156" dir="0" index="1" bw="15" slack="0"/>
<pin id="157" dir="0" index="2" bw="1" slack="0"/>
<pin id="158" dir="1" index="3" bw="15" slack="0"/>
</pin_list>
<bind>
<opcode="select(49) " fcode="select"/>
<opset="out_data_11/2 "/>
</bind>
</comp>

<comp id="162" class="1004" name="zext_ln45_fu_162">
<pin_list>
<pin id="163" dir="0" index="0" bw="15" slack="0"/>
<pin id="164" dir="1" index="1" bw="16" slack="0"/>
</pin_list>
<bind>
<opcode="zext(34) " fcode="zext"/>
<opset="zext_ln45/2 "/>
</bind>
</comp>

<comp id="166" class="1004" name="icmp_ln51_7_fu_166">
<pin_list>
<pin id="167" dir="0" index="0" bw="16" slack="0"/>
<pin id="168" dir="0" index="1" bw="1" slack="0"/>
<pin id="169" dir="1" index="2" bw="1" slack="0"/>
</pin_list>
<bind>
<opcode="icmp(45) " fcode="icmp"/>
<opset="icmp_ln51_7/2 "/>
</bind>
</comp>

<comp id="172" class="1004" name="out_data_13_fu_172">
<pin_list>
<pin id="173" dir="0" index="0" bw="1" slack="0"/>
<pin id="174" dir="0" index="1" bw="15" slack="0"/>
<pin id="175" dir="0" index="2" bw="1" slack="0"/>
<pin id="176" dir="1" index="3" bw="15" slack="0"/>
</pin_list>
<bind>
<opcode="select(49) " fcode="select"/>
<opset="out_data_13/2 "/>
</bind>
</comp>

<comp id="180" class="1004" name="zext_ln45_3_fu_180">
<pin_list>
<pin id="181" dir="0" index="0" bw="15" slack="0"/>
<pin id="182" dir="1" index="1" bw="16" slack="0"/>
</pin_list>
<bind>
<opcode="zext(34) " fcode="zext"/>
<opset="zext_ln45_3/2 "/>
</bind>
</comp>

<comp id="184" class="1004" name="icmp_ln51_8_fu_184">
<pin_list>
<pin id="185" dir="0" index="0" bw="16" slack="0"/>
<pin id="186" dir="0" index="1" bw="1" slack="0"/>
<pin id="187" dir="1" index="2" bw="1" slack="0"/>
</pin_list>
<bind>
<opcode="icmp(45) " fcode="icmp"/>
<opset="icmp_ln51_8/2 "/>
</bind>
</comp>

<comp id="190" class="1004" name="out_data_15_fu_190">
<pin_list>
<pin id="191" dir="0" index="0" bw="1" slack="0"/>
<pin id="192" dir="0" index="1" bw="15" slack="0"/>
<pin id="193" dir="0" index="2" bw="1" slack="0"/>
<pin id="194" dir="1" index="3" bw="15" slack="0"/>
</pin_list>
<bind>
<opcode="select(49) " fcode="select"/>
<opset="out_data_15/2 "/>
</bind>
</comp>

<comp id="198" class="1004" name="or_ln57_s_fu_198">
<pin_list>
<pin id="199" dir="0" index="0" bw="47" slack="0"/>
<pin id="200" dir="0" index="1" bw="15" slack="0"/>
<pin id="201" dir="0" index="2" bw="15" slack="0"/>
<pin id="202" dir="0" index="3" bw="15" slack="0"/>
<pin id="203" dir="1" index="4" bw="47" slack="0"/>
</pin_list>
<bind>
<opcode="bitconcatenate(1004) " fcode="bitconcatenate"/>
<opset="or_ln57_s/2 "/>
</bind>
</comp>

<comp id="208" class="1004" name="zext_ln57_fu_208">
<pin_list>
<pin id="209" dir="0" index="0" bw="47" slack="0"/>
<pin id="210" dir="1" index="1" bw="48" slack="0"/>
</pin_list>
<bind>
<opcode="zext(34) " fcode="zext"/>
<opset="zext_ln57/2 "/>
</bind>
</comp>

<comp id="213" class="1005" name="i_reg_213">
<pin_list>
<pin id="214" dir="0" index="0" bw="7" slack="0"/>
<pin id="215" dir="1" index="1" bw="7" slack="0"/>
</pin_list>
<bind>
<opset="i "/>
</bind>
</comp>

</comp_list>

<net_list>
<net id="61"><net_src comp="4" pin="0"/><net_sink comp="58" pin=0"/></net>

<net id="66"><net_src comp="32" pin="0"/><net_sink comp="62" pin=0"/></net>

<net id="67"><net_src comp="0" pin="0"/><net_sink comp="62" pin=1"/></net>

<net id="73"><net_src comp="56" pin="0"/><net_sink comp="68" pin=0"/></net>

<net id="74"><net_src comp="2" pin="0"/><net_sink comp="68" pin=1"/></net>

<net id="79"><net_src comp="16" pin="0"/><net_sink comp="75" pin=0"/></net>

<net id="87"><net_src comp="80" pin="1"/><net_sink comp="83" pin=0"/></net>

<net id="88"><net_src comp="18" pin="0"/><net_sink comp="83" pin=1"/></net>

<net id="93"><net_src comp="80" pin="1"/><net_sink comp="89" pin=0"/></net>

<net id="94"><net_src comp="20" pin="0"/><net_sink comp="89" pin=1"/></net>

<net id="99"><net_src comp="89" pin="2"/><net_sink comp="95" pin=0"/></net>

<net id="103"><net_src comp="62" pin="2"/><net_sink comp="100" pin=0"/></net>

<net id="107"><net_src comp="62" pin="2"/><net_sink comp="104" pin=0"/></net>

<net id="114"><net_src comp="34" pin="0"/><net_sink comp="108" pin=0"/></net>

<net id="115"><net_src comp="62" pin="2"/><net_sink comp="108" pin=1"/></net>

<net id="116"><net_src comp="36" pin="0"/><net_sink comp="108" pin=2"/></net>

<net id="117"><net_src comp="38" pin="0"/><net_sink comp="108" pin=3"/></net>

<net id="124"><net_src comp="40" pin="0"/><net_sink comp="118" pin=0"/></net>

<net id="125"><net_src comp="62" pin="2"/><net_sink comp="118" pin=1"/></net>

<net id="126"><net_src comp="36" pin="0"/><net_sink comp="118" pin=2"/></net>

<net id="127"><net_src comp="42" pin="0"/><net_sink comp="118" pin=3"/></net>

<net id="134"><net_src comp="34" pin="0"/><net_sink comp="128" pin=0"/></net>

<net id="135"><net_src comp="62" pin="2"/><net_sink comp="128" pin=1"/></net>

<net id="136"><net_src comp="44" pin="0"/><net_sink comp="128" pin=2"/></net>

<net id="137"><net_src comp="46" pin="0"/><net_sink comp="128" pin=3"/></net>

<net id="144"><net_src comp="40" pin="0"/><net_sink comp="138" pin=0"/></net>

<net id="145"><net_src comp="62" pin="2"/><net_sink comp="138" pin=1"/></net>

<net id="146"><net_src comp="44" pin="0"/><net_sink comp="138" pin=2"/></net>

<net id="147"><net_src comp="48" pin="0"/><net_sink comp="138" pin=3"/></net>

<net id="152"><net_src comp="100" pin="1"/><net_sink comp="148" pin=0"/></net>

<net id="153"><net_src comp="50" pin="0"/><net_sink comp="148" pin=1"/></net>

<net id="159"><net_src comp="148" pin="2"/><net_sink comp="154" pin=0"/></net>

<net id="160"><net_src comp="104" pin="1"/><net_sink comp="154" pin=1"/></net>

<net id="161"><net_src comp="52" pin="0"/><net_sink comp="154" pin=2"/></net>

<net id="165"><net_src comp="154" pin="3"/><net_sink comp="162" pin=0"/></net>

<net id="170"><net_src comp="108" pin="4"/><net_sink comp="166" pin=0"/></net>

<net id="171"><net_src comp="50" pin="0"/><net_sink comp="166" pin=1"/></net>

<net id="177"><net_src comp="166" pin="2"/><net_sink comp="172" pin=0"/></net>

<net id="178"><net_src comp="118" pin="4"/><net_sink comp="172" pin=1"/></net>

<net id="179"><net_src comp="52" pin="0"/><net_sink comp="172" pin=2"/></net>

<net id="183"><net_src comp="172" pin="3"/><net_sink comp="180" pin=0"/></net>

<net id="188"><net_src comp="128" pin="4"/><net_sink comp="184" pin=0"/></net>

<net id="189"><net_src comp="50" pin="0"/><net_sink comp="184" pin=1"/></net>

<net id="195"><net_src comp="184" pin="2"/><net_sink comp="190" pin=0"/></net>

<net id="196"><net_src comp="138" pin="4"/><net_sink comp="190" pin=1"/></net>

<net id="197"><net_src comp="52" pin="0"/><net_sink comp="190" pin=2"/></net>

<net id="204"><net_src comp="54" pin="0"/><net_sink comp="198" pin=0"/></net>

<net id="205"><net_src comp="190" pin="3"/><net_sink comp="198" pin=1"/></net>

<net id="206"><net_src comp="180" pin="1"/><net_sink comp="198" pin=2"/></net>

<net id="207"><net_src comp="162" pin="1"/><net_sink comp="198" pin=3"/></net>

<net id="211"><net_src comp="198" pin="4"/><net_sink comp="208" pin=0"/></net>

<net id="212"><net_src comp="208" pin="1"/><net_sink comp="68" pin=2"/></net>

<net id="216"><net_src comp="58" pin="1"/><net_sink comp="213" pin=0"/></net>

<net id="217"><net_src comp="213" pin="1"/><net_sink comp="75" pin=1"/></net>

<net id="218"><net_src comp="213" pin="1"/><net_sink comp="80" pin=0"/></net>

<net id="219"><net_src comp="213" pin="1"/><net_sink comp="95" pin=1"/></net>

</net_list>

</model> 
---------------- Datapath Model END ------------------

* FSMD analyzer results:
  - Output states:
	Port: layer5_out | {2 }
 - Input state : 
	Port: relu<array<ap_fixed,3u>,array<ap_fixed<16,6,5,3,0>,3u>,ReLU_config5> : layer2_out | {2 }
  - Chain level:
	State 1
		store_ln41 : 1
		i_7 : 1
		icmp_ln41 : 2
		i_8 : 2
		br_ln41 : 3
		store_ln41 : 3
	State 2
		icmp_ln51 : 1
		out_data_11 : 2
		zext_ln45 : 3
		icmp_ln51_7 : 1
		out_data_13 : 2
		zext_ln45_3 : 3
		icmp_ln51_8 : 1
		out_data_15 : 2
		or_ln57_s : 4
		zext_ln57 : 5
		write_ln57 : 6


============================================================
+ Verbose Summary: Datapath Resource usage 
============================================================

* Functional unit list:
|----------|----------------------------|---------|---------|
| Operation|       Functional Unit      |    FF   |   LUT   |
|----------|----------------------------|---------|---------|
|          |       icmp_ln41_fu_83      |    0    |    14   |
|   icmp   |      icmp_ln51_fu_148      |    0    |    23   |
|          |     icmp_ln51_7_fu_166     |    0    |    23   |
|          |     icmp_ln51_8_fu_184     |    0    |    23   |
|----------|----------------------------|---------|---------|
|          |     out_data_11_fu_154     |    0    |    15   |
|  select  |     out_data_13_fu_172     |    0    |    15   |
|          |     out_data_15_fu_190     |    0    |    15   |
|----------|----------------------------|---------|---------|
|    add   |          i_8_fu_89         |    0    |    14   |
|----------|----------------------------|---------|---------|
|   read   | layer2_out_read_read_fu_62 |    0    |    0    |
|----------|----------------------------|---------|---------|
|   write  |   write_ln57_write_fu_68   |    0    |    0    |
|----------|----------------------------|---------|---------|
|   trunc  |       in_data_fu_100       |    0    |    0    |
|          |     trunc_ln44_6_fu_104    |    0    |    0    |
|----------|----------------------------|---------|---------|
|          |      in_data_14_fu_108     |    0    |    0    |
|partselect|     trunc_ln44_4_fu_118    |    0    |    0    |
|          |      in_data_15_fu_128     |    0    |    0    |
|          |     trunc_ln44_5_fu_138    |    0    |    0    |
|----------|----------------------------|---------|---------|
|          |      zext_ln45_fu_162      |    0    |    0    |
|   zext   |     zext_ln45_3_fu_180     |    0    |    0    |
|          |      zext_ln57_fu_208      |    0    |    0    |
|----------|----------------------------|---------|---------|
|bitconcatenate|      or_ln57_s_fu_198      |    0    |    0    |
|----------|----------------------------|---------|---------|
|   Total  |                            |    0    |   142   |
|----------|----------------------------|---------|---------|

Memories:
N/A

* Register list:
+---------+--------+
|         |   FF   |
+---------+--------+
|i_reg_213|    7   |
+---------+--------+
|  Total  |    7   |
+---------+--------+

* Multiplexer (MUX) list: 
|--------|------|------|------|--------|
|  Comp  |  Pin | Size |  BW  | S x BW |
|--------|------|------|------|--------|
|  Total |      |      |      |    0   |
|--------|------|------|------|--------|



* Summary:
+-----------+--------+--------+
|           |   FF   |   LUT  |
+-----------+--------+--------+
|  Function |    0   |   142  |
|   Memory  |    -   |    -   |
|Multiplexer|    -   |    -   |
|  Register |    7   |    -   |
+-----------+--------+--------+
|   Total   |    7   |   142  |
+-----------+--------+--------+
