

================================================================
== Vitis HLS Report for 'sigmoid_array_array_ap_fixed_16_6_5_3_0_1u_sigmoid_config18_s'
================================================================
* Date:           Mon Apr 29 02:51:14 2024

* Version:        2023.1 (Build 3854077 on May  4 2023)
* Project:        myproject_prj
* Solution:       solution1 (Vivado IP Flow Target)
* Product family: virtexuplus
* Target device:  xcvu13p-flga2577-2-e


================================================================
== Performance Estimates
================================================================
+ Timing: 
    * Summary: 
    +--------+---------+----------+------------+
    |  Clock |  Target | Estimated| Uncertainty|
    +--------+---------+----------+------------+
    |ap_clk  |  5.00 ns|  4.141 ns|     0.62 ns|
    +--------+---------+----------+------------+

+ Latency: 
    * Summary: 
    +---------+---------+-----------+-----------+-----+-----+---------+
    |  Latency (cycles) |   Latency (absolute)  |  Interval | Pipeline|
    |   min   |   max   |    min    |    max    | min | max |   Type  |
    +---------+---------+-----------+-----------+-----+-----+---------+
    |        3|        3|  15.000 ns|  15.000 ns|    3|    3|       no|
    +---------+---------+-----------+-----------+-----+-----+---------+

    + Detail: 
        * Instance: 
        N/A

        * Loop: 
        N/A

============================================================
+ Verbose Summary: Synthesis Manager
============================================================
InlineROM: 1
ExposeGlobal: 0
============================================================
+ Verbose Summary: CDFG Model
============================================================
IsTopModel: 0
ResetActiveHigh: 1
IsCombinational: 2
IsDatapathOnly: 0
HasWiredReturn: 1
HasMFsm: 0
HasVarLatency: 1
IsPipeline: 0
IsRtlPipelined: 0
IsInstanceOverlapped: 0
IsDontTouch: 0
HasImplIP: 0
IsGatedGlobalClock: 0


============================================================
+ Verbose Summary: Schedule
============================================================
* Number of FSM states : 4
* Pipeline : 0
* Dataflow Pipeline: 0

* FSM state transitions: 
1 --> 2 
2 --> 3 
3 --> 4 
4 --> 

* FSM state operations: 

State 1 <SV = 0> <Delay = 4.14>
ST_1 : Operation 5 [1/1] (1.34ns)   --->   "%in_data = read i16 @_ssdm_op_Read.ap_fifo.volatile.i16P0A, i16 %layer16_out" [firmware/nnet_utils/nnet_activation_stream.h:83]   --->   Operation 5 'read' 'in_data' <Predicate = true> <Delay = 1.34> <CoreInst = "FIFO_SRL">   --->   Core 81 'FIFO_SRL' <Latency = 0> <II = 1> <Delay = 1.34> <Storage> <Opcode : 'read' 'write' 'nbread' 'nbwrite'> <Ports = 0> <Width = 16> <Depth = 1> <FIFO>
ST_1 : Operation 6 [1/1] (0.00ns)   --->   "%shl_ln = bitconcatenate i26 @_ssdm_op_BitConcatenate.i26.i16.i10, i16 %in_data, i10 0" [firmware/nnet_utils/nnet_activation_stream.h:90]   --->   Operation 6 'bitconcatenate' 'shl_ln' <Predicate = true> <Delay = 0.00>
ST_1 : Operation 7 [1/1] (0.00ns)   --->   "%tmp_1 = partselect i12 @_ssdm_op_PartSelect.i12.i16.i32.i32, i16 %in_data, i32 4, i32 15" [firmware/nnet_utils/nnet_activation_stream.h:90]   --->   Operation 7 'partselect' 'tmp_1' <Predicate = true> <Delay = 0.00>
ST_1 : Operation 8 [1/1] (0.00ns)   --->   "%sext_ln90 = sext i12 %tmp_1" [firmware/nnet_utils/nnet_activation_stream.h:90]   --->   Operation 8 'sext' 'sext_ln90' <Predicate = true> <Delay = 0.00>
ST_1 : Operation 9 [1/1] (0.84ns)   --->   "%icmp_ln90 = icmp_slt  i26 %shl_ln, i26 67108849" [firmware/nnet_utils/nnet_activation_stream.h:90]   --->   Operation 9 'icmp' 'icmp_ln90' <Predicate = true> <Delay = 0.84> <CoreInst = "Cmp">   --->   Core 9 'Cmp' <Latency = 0> <II = 1> <Delay = 0.84> <FuncUnit> <Opcode : 'icmp'> <InPorts = 2> <OutPorts = 1>
ST_1 : Operation 10 [1/1] (0.00ns)   --->   "%trunc_ln90 = trunc i16 %in_data" [firmware/nnet_utils/nnet_activation_stream.h:90]   --->   Operation 10 'trunc' 'trunc_ln90' <Predicate = true> <Delay = 0.00>
ST_1 : Operation 11 [1/1] (0.00ns)   --->   "%tmp_3 = bitconcatenate i10 @_ssdm_op_BitConcatenate.i10.i4.i6, i4 %trunc_ln90, i6 0" [firmware/nnet_utils/nnet_activation_stream.h:90]   --->   Operation 11 'bitconcatenate' 'tmp_3' <Predicate = true> <Delay = 0.00>
ST_1 : Operation 12 [1/1] (0.72ns)   --->   "%icmp_ln90_1 = icmp_eq  i10 %tmp_3, i10 0" [firmware/nnet_utils/nnet_activation_stream.h:90]   --->   Operation 12 'icmp' 'icmp_ln90_1' <Predicate = true> <Delay = 0.72> <CoreInst = "Cmp">   --->   Core 9 'Cmp' <Latency = 0> <II = 1> <Delay = 0.72> <FuncUnit> <Opcode : 'icmp'> <InPorts = 2> <OutPorts = 1>
ST_1 : Operation 13 [1/1] (0.74ns)   --->   "%add_ln90 = add i13 %sext_ln90, i13 1" [firmware/nnet_utils/nnet_activation_stream.h:90]   --->   Operation 13 'add' 'add_ln90' <Predicate = true> <Delay = 0.74> <CoreInst = "Adder">   --->   Core 1 'Adder' <Latency = 0> <II = 1> <Delay = 0.74> <FuncUnit> <Opcode : 'add' 'sub'> <InPorts = 2> <OutPorts = 1>
ST_1 : Operation 14 [1/1] (0.00ns) (grouped into LUT with out node data_round)   --->   "%select_ln90 = select i1 %icmp_ln90_1, i13 %sext_ln90, i13 %add_ln90" [firmware/nnet_utils/nnet_activation_stream.h:90]   --->   Operation 14 'select' 'select_ln90' <Predicate = true> <Delay = 0.00> <CoreInst = "Sel">   --->   Core 73 'Sel' <Latency = 0> <II = 1> <Delay = 0.32> <FuncUnit> <Opcode : 'select'> <InPorts = 3> <OutPorts = 1>
ST_1 : Operation 15 [1/1] (0.32ns) (out node of the LUT)   --->   "%data_round = select i1 %icmp_ln90, i13 %select_ln90, i13 %sext_ln90" [firmware/nnet_utils/nnet_activation_stream.h:90]   --->   Operation 15 'select' 'data_round' <Predicate = true> <Delay = 0.32> <CoreInst = "Sel">   --->   Core 73 'Sel' <Latency = 0> <II = 1> <Delay = 0.32> <FuncUnit> <Opcode : 'select'> <InPorts = 3> <OutPorts = 1>
ST_1 : Operation 16 [1/1] (0.00ns) (grouped into LUT with out node index_1)   --->   "%trunc_ln91 = trunc i13 %data_round" [firmware/nnet_utils/nnet_activation_stream.h:91]   --->   Operation 16 'trunc' 'trunc_ln91' <Predicate = true> <Delay = 0.00>
ST_1 : Operation 17 [1/1] (0.75ns)   --->   "%index = add i13 %data_round, i13 512" [firmware/nnet_utils/nnet_activation_stream.h:91]   --->   Operation 17 'add' 'index' <Predicate = true> <Delay = 0.75> <CoreInst = "Adder">   --->   Core 1 'Adder' <Latency = 0> <II = 1> <Delay = 0.75> <FuncUnit> <Opcode : 'add' 'sub'> <InPorts = 2> <OutPorts = 1>
ST_1 : Operation 18 [1/1] (0.00ns) (grouped into LUT with out node index_1)   --->   "%xor_ln91 = xor i10 %trunc_ln91, i10 512" [firmware/nnet_utils/nnet_activation_stream.h:91]   --->   Operation 18 'xor' 'xor_ln91' <Predicate = true> <Delay = 0.00> <CoreInst = "LogicGate">   --->   Core 74 'LogicGate' <Latency = 0> <II = 1> <Delay = 0.19> <FuncUnit> <Opcode : 'and' 'or' 'xor'> <InPorts = 2> <OutPorts = 1>
ST_1 : Operation 19 [1/1] (0.00ns) (grouped into LUT with out node index_1)   --->   "%tmp = bitselect i1 @_ssdm_op_BitSelect.i1.i13.i32, i13 %index, i32 12" [firmware/nnet_utils/nnet_activation_stream.h:92]   --->   Operation 19 'bitselect' 'tmp' <Predicate = true> <Delay = 0.00>
ST_1 : Operation 20 [1/1] (0.00ns)   --->   "%tmp_2 = partselect i3 @_ssdm_op_PartSelect.i3.i13.i32.i32, i13 %index, i32 10, i32 12" [firmware/nnet_utils/nnet_activation_stream.h:94]   --->   Operation 20 'partselect' 'tmp_2' <Predicate = true> <Delay = 0.00>
ST_1 : Operation 21 [1/1] (0.57ns)   --->   "%icmp_ln94 = icmp_ne  i3 %tmp_2, i3 0" [firmware/nnet_utils/nnet_activation_stream.h:94]   --->   Operation 21 'icmp' 'icmp_ln94' <Predicate = true> <Delay = 0.57> <CoreInst = "Cmp">   --->   Core 9 'Cmp' <Latency = 0> <II = 1> <Delay = 0.57> <FuncUnit> <Opcode : 'icmp'> <InPorts = 2> <OutPorts = 1>
ST_1 : Operation 22 [1/1] (0.00ns) (grouped into LUT with out node index_1)   --->   "%tmp_4 = bitselect i1 @_ssdm_op_BitSelect.i1.i13.i32, i13 %index, i32 12" [firmware/nnet_utils/nnet_activation_stream.h:92]   --->   Operation 22 'bitselect' 'tmp_4' <Predicate = true> <Delay = 0.00>
ST_1 : Operation 23 [1/1] (0.00ns) (grouped into LUT with out node index_1)   --->   "%xor_ln92 = xor i1 %tmp_4, i1 1" [firmware/nnet_utils/nnet_activation_stream.h:92]   --->   Operation 23 'xor' 'xor_ln92' <Predicate = true> <Delay = 0.00> <CoreInst = "LogicGate">   --->   Core 74 'LogicGate' <Latency = 0> <II = 1> <Delay = 0.12> <FuncUnit> <Opcode : 'and' 'or' 'xor'> <InPorts = 2> <OutPorts = 1>
ST_1 : Operation 24 [1/1] (0.00ns) (grouped into LUT with out node index_1)   --->   "%select_ln92 = select i1 %xor_ln92, i10 1023, i10 0" [firmware/nnet_utils/nnet_activation_stream.h:92]   --->   Operation 24 'select' 'select_ln92' <Predicate = true> <Delay = 0.00> <CoreInst = "Sel">   --->   Core 73 'Sel' <Latency = 0> <II = 1> <Delay = 0.27> <FuncUnit> <Opcode : 'select'> <InPorts = 3> <OutPorts = 1>
ST_1 : Operation 25 [1/1] (0.00ns) (grouped into LUT with out node index_1)   --->   "%or_ln92 = or i1 %tmp, i1 %icmp_ln94" [firmware/nnet_utils/nnet_activation_stream.h:92]   --->   Operation 25 'or' 'or_ln92' <Predicate = true> <Delay = 0.00> <CoreInst = "LogicGate">   --->   Core 74 'LogicGate' <Latency = 0> <II = 1> <Delay = 0.12> <FuncUnit> <Opcode : 'and' 'or' 'xor'> <InPorts = 2> <OutPorts = 1>
ST_1 : Operation 26 [1/1] (0.30ns) (out node of the LUT)   --->   "%index_1 = select i1 %or_ln92, i10 %select_ln92, i10 %xor_ln91" [firmware/nnet_utils/nnet_activation_stream.h:92]   --->   Operation 26 'select' 'index_1' <Predicate = true> <Delay = 0.30> <CoreInst = "Sel">   --->   Core 73 'Sel' <Latency = 0> <II = 1> <Delay = 0.30> <FuncUnit> <Opcode : 'select'> <InPorts = 3> <OutPorts = 1>

State 2 <SV = 1> <Delay = 1.17>
ST_2 : Operation 27 [1/1] (0.00ns)   --->   "%zext_ln96 = zext i10 %index_1" [firmware/nnet_utils/nnet_activation_stream.h:96]   --->   Operation 27 'zext' 'zext_ln96' <Predicate = true> <Delay = 0.00>
ST_2 : Operation 28 [1/1] (0.00ns)   --->   "%sigmoid_table_addr = getelementptr i10 %sigmoid_table, i64 0, i64 %zext_ln96" [firmware/nnet_utils/nnet_activation_stream.h:96]   --->   Operation 28 'getelementptr' 'sigmoid_table_addr' <Predicate = true> <Delay = 0.00>
ST_2 : Operation 29 [2/2] (1.17ns)   --->   "%sigmoid_table_load = load i10 %sigmoid_table_addr" [firmware/nnet_utils/nnet_activation_stream.h:96]   --->   Operation 29 'load' 'sigmoid_table_load' <Predicate = true> <Delay = 1.17> <CoreInst = "ROM">   --->   Core 101 'ROM' <Latency = 1> <II = 1> <Delay = 1.17> <Storage> <Opcode : 'load'> <Ports = 0> <Width = 10> <Depth = 1024> <ROM>

State 3 <SV = 2> <Delay = 1.17>
ST_3 : Operation 30 [1/2] (1.17ns)   --->   "%sigmoid_table_load = load i10 %sigmoid_table_addr" [firmware/nnet_utils/nnet_activation_stream.h:96]   --->   Operation 30 'load' 'sigmoid_table_load' <Predicate = true> <Delay = 1.17> <CoreInst = "ROM">   --->   Core 101 'ROM' <Latency = 1> <II = 1> <Delay = 1.17> <Storage> <Opcode : 'load'> <Ports = 0> <Width = 10> <Depth = 1024> <ROM>
ST_3 : Operation 31 [1/1] (0.00ns)   --->   "%zext_ln96_1 = zext i10 %sigmoid_table_load" [firmware/nnet_utils/nnet_activation_stream.h:96]   --->   Operation 31 'zext' 'zext_ln96_1' <Predicate = true> <Delay = 0.00>
ST_3 : Operation 32 [2/2] (0.00ns)   --->   "%write_ln99 = write void @_ssdm_op_Write.axis.volatile.i16P128A, i16 %layer18_out, i16 %zext_ln96_1" [firmware/nnet_utils/nnet_activation_stream.h:99]   --->   Operation 32 'write' 'write_ln99' <Predicate = true> <Delay = 0.00> <CoreInst = "axis">   --->   Core 123 'axis' <Latency = 0> <II = 1> <Delay = 1.00> <Adapter> <Opcode : >

State 4 <SV = 3> <Delay = 0.00>
ST_4 : Operation 33 [1/1] (0.00ns)   --->   "%specinterface_ln0 = specinterface void @_ssdm_op_SpecInterface, i16 %layer16_out, void @empty_10, i32 0, i32 0, void @empty_2, i32 0, i32 0, void @empty_2, void @empty_2, void @empty_2, i32 0, i32 0, i32 0, i32 0, void @empty_2, void @empty_2, i32 4294967295, i32 0"   --->   Operation 33 'specinterface' 'specinterface_ln0' <Predicate = true> <Delay = 0.00>
ST_4 : Operation 34 [1/1] (0.00ns)   --->   "%specinterface_ln0 = specinterface void @_ssdm_op_SpecInterface, i16 %layer18_out, void @empty_0, i32 1, i32 1, void @empty_1, i32 0, i32 0, void @empty_2, void @empty_2, void @empty_2, i32 0, i32 0, i32 0, i32 0, void @empty_2, void @empty_2, i32 4294967295, i32 0"   --->   Operation 34 'specinterface' 'specinterface_ln0' <Predicate = true> <Delay = 0.00>
ST_4 : Operation 35 [1/2] (0.00ns)   --->   "%write_ln99 = write void @_ssdm_op_Write.axis.volatile.i16P128A, i16 %layer18_out, i16 %zext_ln96_1" [firmware/nnet_utils/nnet_activation_stream.h:99]   --->   Operation 35 'write' 'write_ln99' <Predicate = true> <Delay = 0.00> <CoreInst = "axis">   --->   Core 123 'axis' <Latency = 0> <II = 1> <Delay = 1.00> <Adapter> <Opcode : >
ST_4 : Operation 36 [1/1] (0.00ns)   --->   "%ret_ln101 = ret" [firmware/nnet_utils/nnet_activation_stream.h:101]   --->   Operation 36 'ret' 'ret_ln101' <Predicate = true> <Delay = 0.00>


============================================================
+ Verbose Summary: Timing violations
============================================================
Target clock period: 5.000ns, clock uncertainty: 0.625ns.

 <State 1>: 4.141ns
The critical path consists of the following:
	fifo read operation ('in_data', firmware/nnet_utils/nnet_activation_stream.h:83) on port 'layer16_out' (firmware/nnet_utils/nnet_activation_stream.h:83) [6]  (1.346 ns)
	'icmp' operation ('icmp_ln90', firmware/nnet_utils/nnet_activation_stream.h:90) [10]  (0.844 ns)
	'select' operation ('data_round', firmware/nnet_utils/nnet_activation_stream.h:90) [16]  (0.321 ns)
	'add' operation ('index', firmware/nnet_utils/nnet_activation_stream.h:91) [18]  (0.755 ns)
	'icmp' operation ('icmp_ln94', firmware/nnet_utils/nnet_activation_stream.h:94) [22]  (0.572 ns)
	'or' operation ('or_ln92', firmware/nnet_utils/nnet_activation_stream.h:92) [26]  (0.000 ns)
	'select' operation ('index', firmware/nnet_utils/nnet_activation_stream.h:92) [27]  (0.303 ns)

 <State 2>: 1.177ns
The critical path consists of the following:
	'getelementptr' operation ('sigmoid_table_addr', firmware/nnet_utils/nnet_activation_stream.h:96) [29]  (0.000 ns)
	'load' operation ('sigmoid_table_load', firmware/nnet_utils/nnet_activation_stream.h:96) on array 'sigmoid_table' [30]  (1.177 ns)

 <State 3>: 1.177ns
The critical path consists of the following:
	'load' operation ('sigmoid_table_load', firmware/nnet_utils/nnet_activation_stream.h:96) on array 'sigmoid_table' [30]  (1.177 ns)

 <State 4>: 0.000ns
The critical path consists of the following:


============================================================
+ Verbose Summary: Binding
============================================================
N/A
* FSMD analyzer results:
  - Output states:
 - Input state : 
  - Chain level:
	State 1
	State 2
	State 3
	State 4


============================================================
+ Verbose Summary: Datapath Resource usage 
============================================================
N/A
