

================================================================
== Vitis HLS Report for 'concatenate1d_array_array_array_ap_fixed_43u_config12_Pipeline_ConcatLoop1'
================================================================
* Date:           Mon May 20 13:45:16 2024

* Version:        2023.1 (Build 3854077 on May  4 2023)
* Project:        myproject_prj
* Solution:       solution1 (Vivado IP Flow Target)
* Product family: virtexuplus
* Target device:  xcvu13p-flga2577-2-e


================================================================
== Performance Estimates
================================================================
+ Timing: 
    * Summary: 
    +--------+----------+----------+------------+
    |  Clock |  Target  | Estimated| Uncertainty|
    +--------+----------+----------+------------+
    |ap_clk  |  25.00 ns|  2.103 ns|     6.75 ns|
    +--------+----------+----------+------------+

+ Latency: 
    * Summary: 
    +---------+---------+----------+----------+-----+-----+---------+
    |  Latency (cycles) |  Latency (absolute) |  Interval | Pipeline|
    |   min   |   max   |    min   |    max   | min | max |   Type  |
    +---------+---------+----------+----------+-----+-----+---------+
    |        8|        8|  0.200 us|  0.200 us|    8|    8|       no|
    +---------+---------+----------+----------+-----+-----+---------+

    + Detail: 
        * Instance: 
        N/A

        * Loop: 
        +---------------+---------+---------+----------+-----------+-----------+------+----------+
        |               |  Latency (cycles) | Iteration|  Initiation Interval  | Trip |          |
        |   Loop Name   |   min   |   max   |  Latency |  achieved |   target  | Count| Pipelined|
        +---------------+---------+---------+----------+-----------+-----------+------+----------+
        |- ConcatLoop1  |        6|        6|         2|          1|          1|     6|       yes|
        +---------------+---------+---------+----------+-----------+-----------+------+----------+

============================================================
+ Verbose Summary: Synthesis Manager
============================================================
InlineROM: 1
ExposeGlobal: 0
============================================================
+ Verbose Summary: CDFG Model
============================================================
IsTopModel: 0
ResetActiveHigh: 1
IsCombinational: 0
IsDatapathOnly: 0
HasWiredReturn: 1
HasMFsm: 2
HasVarLatency: 1
IsPipeline: 0
IsRtlPipelined: 0
IsInstanceOverlapped: 0
IsDontTouch: 0
HasImplIP: 0
IsGatedGlobalClock: 0

+ Individual pipeline summary: 
  * Pipeline-0: initiation interval (II) = 1, depth = 2


============================================================
+ Verbose Summary: Schedule
============================================================
* Number of FSM states : 2
* Pipeline : 1
  Pipeline-0 : II = 1, D = 2, States = { 1 2 }
* Dataflow Pipeline: 0

* FSM state transitions: 
1 --> 2 
2 --> 

* FSM state operations: 

State 1 <SV = 0> <Delay = 0.95>
ST_1 : Operation 5 [1/1] (0.00ns)   --->   "%i = alloca i32 1"   --->   Operation 5 'alloca' 'i' <Predicate = true> <Delay = 0.00>
ST_1 : Operation 6 [1/1] (0.00ns)   --->   "%specinterface_ln0 = specinterface void @_ssdm_op_SpecInterface, i112 %layer9_out, void @empty_7, i32 0, i32 0, void @empty_6, i32 0, i32 0, void @empty_6, void @empty_6, void @empty_6, i32 0, i32 0, i32 0, i32 0, void @empty_6, void @empty_6, i32 4294967295, i32 0"   --->   Operation 6 'specinterface' 'specinterface_ln0' <Predicate = true> <Delay = 0.00>
ST_1 : Operation 7 [1/1] (0.38ns)   --->   "%store_ln0 = store i3 0, i3 %i"   --->   Operation 7 'store' 'store_ln0' <Predicate = true> <Delay = 0.38>
ST_1 : Operation 8 [1/1] (0.00ns)   --->   "%br_ln0 = br void %for.inc"   --->   Operation 8 'br' 'br_ln0' <Predicate = true> <Delay = 0.00>
ST_1 : Operation 9 [1/1] (0.00ns)   --->   "%i_9 = load i3 %i" [firmware/nnet_utils/nnet_merge_stream.h:347]   --->   Operation 9 'load' 'i_9' <Predicate = true> <Delay = 0.00>
ST_1 : Operation 10 [1/1] (0.57ns)   --->   "%icmp_ln347 = icmp_eq  i3 %i_9, i3 6" [firmware/nnet_utils/nnet_merge_stream.h:347]   --->   Operation 10 'icmp' 'icmp_ln347' <Predicate = true> <Delay = 0.57> <CoreInst = "Cmp">   --->   Core 9 'Cmp' <Latency = 0> <II = 1> <Delay = 0.57> <FuncUnit> <Opcode : 'icmp'> <InPorts = 2> <OutPorts = 1>
ST_1 : Operation 11 [1/1] (0.57ns)   --->   "%add_ln347 = add i3 %i_9, i3 1" [firmware/nnet_utils/nnet_merge_stream.h:347]   --->   Operation 11 'add' 'add_ln347' <Predicate = true> <Delay = 0.57> <CoreInst = "Adder">   --->   Core 1 'Adder' <Latency = 0> <II = 1> <Delay = 0.57> <FuncUnit> <Opcode : 'add' 'sub'> <InPorts = 2> <OutPorts = 1>
ST_1 : Operation 12 [1/1] (0.00ns)   --->   "%br_ln347 = br i1 %icmp_ln347, void %for.inc.split, void %ConcatLoop2.exitStub" [firmware/nnet_utils/nnet_merge_stream.h:347]   --->   Operation 12 'br' 'br_ln347' <Predicate = true> <Delay = 0.00>
ST_1 : Operation 13 [1/1] (0.38ns)   --->   "%store_ln347 = store i3 %add_ln347, i3 %i" [firmware/nnet_utils/nnet_merge_stream.h:347]   --->   Operation 13 'store' 'store_ln347' <Predicate = (!icmp_ln347)> <Delay = 0.38>
ST_1 : Operation 41 [1/1] (0.00ns)   --->   "%ret_ln0 = ret"   --->   Operation 41 'ret' 'ret_ln0' <Predicate = (icmp_ln347)> <Delay = 0.00>

State 2 <SV = 1> <Delay = 2.10>
ST_2 : Operation 14 [1/1] (0.00ns)   --->   "%zext_ln347 = zext i3 %i_9" [firmware/nnet_utils/nnet_merge_stream.h:347]   --->   Operation 14 'zext' 'zext_ln347' <Predicate = true> <Delay = 0.00>
ST_2 : Operation 15 [1/1] (0.00ns)   --->   "%specpipeline_ln348 = specpipeline void @_ssdm_op_SpecPipeline, i32 4294967295, i32 0, i32 0, i32 0, void @empty_6" [firmware/nnet_utils/nnet_merge_stream.h:348]   --->   Operation 15 'specpipeline' 'specpipeline_ln348' <Predicate = true> <Delay = 0.00>
ST_2 : Operation 16 [1/1] (0.00ns)   --->   "%speclooptripcount_ln347 = speclooptripcount void @_ssdm_op_SpecLoopTripCount, i64 6, i64 6, i64 6" [firmware/nnet_utils/nnet_merge_stream.h:347]   --->   Operation 16 'speclooptripcount' 'speclooptripcount_ln347' <Predicate = true> <Delay = 0.00>
ST_2 : Operation 17 [1/1] (0.00ns)   --->   "%specloopname_ln347 = specloopname void @_ssdm_op_SpecLoopName, void @empty" [firmware/nnet_utils/nnet_merge_stream.h:347]   --->   Operation 17 'specloopname' 'specloopname_ln347' <Predicate = true> <Delay = 0.00>
ST_2 : Operation 18 [1/1] (1.42ns)   --->   "%layer9_out_read = read i112 @_ssdm_op_Read.ap_fifo.volatile.i112P0A, i112 %layer9_out" [firmware/nnet_utils/nnet_merge_stream.h:349]   --->   Operation 18 'read' 'layer9_out_read' <Predicate = true> <Delay = 1.42> <CoreInst = "FIFO_SRL">   --->   Core 81 'FIFO_SRL' <Latency = 0> <II = 1> <Delay = 1.42> <Storage> <Opcode : 'read' 'write' 'nbread' 'nbwrite'> <Ports = 0> <Width = 112> <Depth = 6> <FIFO>
ST_2 : Operation 19 [1/1] (0.00ns)   --->   "%trunc_ln349 = trunc i112 %layer9_out_read" [firmware/nnet_utils/nnet_merge_stream.h:349]   --->   Operation 19 'trunc' 'trunc_ln349' <Predicate = true> <Delay = 0.00>
ST_2 : Operation 20 [1/1] (0.00ns)   --->   "%trunc_ln349_5 = partselect i16 @_ssdm_op_PartSelect.i16.i112.i32.i32, i112 %layer9_out_read, i32 80, i32 95" [firmware/nnet_utils/nnet_merge_stream.h:349]   --->   Operation 20 'partselect' 'trunc_ln349_5' <Predicate = true> <Delay = 0.00>
ST_2 : Operation 21 [1/1] (0.00ns)   --->   "%trunc_ln349_6 = partselect i16 @_ssdm_op_PartSelect.i16.i112.i32.i32, i112 %layer9_out_read, i32 96, i32 111" [firmware/nnet_utils/nnet_merge_stream.h:349]   --->   Operation 21 'partselect' 'trunc_ln349_6' <Predicate = true> <Delay = 0.00>
ST_2 : Operation 22 [1/1] (0.00ns)   --->   "%tmp_s = partselect i16 @_ssdm_op_PartSelect.i16.i112.i32.i32, i112 %layer9_out_read, i32 16, i32 31" [firmware/nnet_utils/nnet_merge_stream.h:349]   --->   Operation 22 'partselect' 'tmp_s' <Predicate = true> <Delay = 0.00>
ST_2 : Operation 23 [1/1] (0.00ns)   --->   "%tmp_2 = partselect i16 @_ssdm_op_PartSelect.i16.i112.i32.i32, i112 %layer9_out_read, i32 32, i32 47" [firmware/nnet_utils/nnet_merge_stream.h:349]   --->   Operation 23 'partselect' 'tmp_2' <Predicate = true> <Delay = 0.00>
ST_2 : Operation 24 [1/1] (0.00ns)   --->   "%tmp_3 = partselect i16 @_ssdm_op_PartSelect.i16.i112.i32.i32, i112 %layer9_out_read, i32 48, i32 63" [firmware/nnet_utils/nnet_merge_stream.h:349]   --->   Operation 24 'partselect' 'tmp_3' <Predicate = true> <Delay = 0.00>
ST_2 : Operation 25 [1/1] (0.00ns)   --->   "%tmp_4 = partselect i16 @_ssdm_op_PartSelect.i16.i112.i32.i32, i112 %layer9_out_read, i32 64, i32 79" [firmware/nnet_utils/nnet_merge_stream.h:349]   --->   Operation 25 'partselect' 'tmp_4' <Predicate = true> <Delay = 0.00>
ST_2 : Operation 26 [1/1] (0.00ns)   --->   "%out_data_addr = getelementptr i16 %out_data, i64 0, i64 %zext_ln347" [firmware/nnet_utils/nnet_merge_stream.h:353]   --->   Operation 26 'getelementptr' 'out_data_addr' <Predicate = true> <Delay = 0.00>
ST_2 : Operation 27 [1/1] (0.00ns)   --->   "%out_data_1_addr = getelementptr i16 %out_data_1, i64 0, i64 %zext_ln347" [firmware/nnet_utils/nnet_merge_stream.h:353]   --->   Operation 27 'getelementptr' 'out_data_1_addr' <Predicate = true> <Delay = 0.00>
ST_2 : Operation 28 [1/1] (0.00ns)   --->   "%out_data_2_addr = getelementptr i16 %out_data_2, i64 0, i64 %zext_ln347" [firmware/nnet_utils/nnet_merge_stream.h:353]   --->   Operation 28 'getelementptr' 'out_data_2_addr' <Predicate = true> <Delay = 0.00>
ST_2 : Operation 29 [1/1] (0.00ns)   --->   "%out_data_3_addr = getelementptr i16 %out_data_3, i64 0, i64 %zext_ln347" [firmware/nnet_utils/nnet_merge_stream.h:353]   --->   Operation 29 'getelementptr' 'out_data_3_addr' <Predicate = true> <Delay = 0.00>
ST_2 : Operation 30 [1/1] (0.00ns)   --->   "%out_data_4_addr = getelementptr i16 %out_data_4, i64 0, i64 %zext_ln347" [firmware/nnet_utils/nnet_merge_stream.h:353]   --->   Operation 30 'getelementptr' 'out_data_4_addr' <Predicate = true> <Delay = 0.00>
ST_2 : Operation 31 [1/1] (0.00ns)   --->   "%out_data_5_addr = getelementptr i16 %out_data_5, i64 0, i64 %zext_ln347" [firmware/nnet_utils/nnet_merge_stream.h:353]   --->   Operation 31 'getelementptr' 'out_data_5_addr' <Predicate = true> <Delay = 0.00>
ST_2 : Operation 32 [1/1] (0.00ns)   --->   "%out_data_6_addr = getelementptr i16 %out_data_6, i64 0, i64 %zext_ln347" [firmware/nnet_utils/nnet_merge_stream.h:353]   --->   Operation 32 'getelementptr' 'out_data_6_addr' <Predicate = true> <Delay = 0.00>
ST_2 : Operation 33 [1/1] (0.68ns)   --->   "%store_ln353 = store i16 %trunc_ln349, i3 %out_data_addr" [firmware/nnet_utils/nnet_merge_stream.h:353]   --->   Operation 33 'store' 'store_ln353' <Predicate = true> <Delay = 0.68> <CoreInst = "RAM">   --->   Core 83 'RAM' <Latency = 1> <II = 1> <Delay = 0.68> <Storage> <Opcode : 'load' 'store'> <Ports = 2> <Width = 16> <Depth = 7> <RAM>
ST_2 : Operation 34 [1/1] (0.68ns)   --->   "%store_ln353 = store i16 %tmp_s, i3 %out_data_1_addr" [firmware/nnet_utils/nnet_merge_stream.h:353]   --->   Operation 34 'store' 'store_ln353' <Predicate = true> <Delay = 0.68> <CoreInst = "RAM">   --->   Core 83 'RAM' <Latency = 1> <II = 1> <Delay = 0.68> <Storage> <Opcode : 'load' 'store'> <Ports = 2> <Width = 16> <Depth = 7> <RAM>
ST_2 : Operation 35 [1/1] (0.68ns)   --->   "%store_ln353 = store i16 %tmp_2, i3 %out_data_2_addr" [firmware/nnet_utils/nnet_merge_stream.h:353]   --->   Operation 35 'store' 'store_ln353' <Predicate = true> <Delay = 0.68> <CoreInst = "RAM">   --->   Core 83 'RAM' <Latency = 1> <II = 1> <Delay = 0.68> <Storage> <Opcode : 'load' 'store'> <Ports = 2> <Width = 16> <Depth = 7> <RAM>
ST_2 : Operation 36 [1/1] (0.68ns)   --->   "%store_ln353 = store i16 %tmp_3, i3 %out_data_3_addr" [firmware/nnet_utils/nnet_merge_stream.h:353]   --->   Operation 36 'store' 'store_ln353' <Predicate = true> <Delay = 0.68> <CoreInst = "RAM">   --->   Core 83 'RAM' <Latency = 1> <II = 1> <Delay = 0.68> <Storage> <Opcode : 'load' 'store'> <Ports = 2> <Width = 16> <Depth = 7> <RAM>
ST_2 : Operation 37 [1/1] (0.68ns)   --->   "%store_ln353 = store i16 %tmp_4, i3 %out_data_4_addr" [firmware/nnet_utils/nnet_merge_stream.h:353]   --->   Operation 37 'store' 'store_ln353' <Predicate = true> <Delay = 0.68> <CoreInst = "RAM">   --->   Core 83 'RAM' <Latency = 1> <II = 1> <Delay = 0.68> <Storage> <Opcode : 'load' 'store'> <Ports = 2> <Width = 16> <Depth = 7> <RAM>
ST_2 : Operation 38 [1/1] (0.68ns)   --->   "%store_ln353 = store i16 %trunc_ln349_5, i3 %out_data_5_addr" [firmware/nnet_utils/nnet_merge_stream.h:353]   --->   Operation 38 'store' 'store_ln353' <Predicate = true> <Delay = 0.68> <CoreInst = "RAM">   --->   Core 83 'RAM' <Latency = 1> <II = 1> <Delay = 0.68> <Storage> <Opcode : 'load' 'store'> <Ports = 2> <Width = 16> <Depth = 7> <RAM>
ST_2 : Operation 39 [1/1] (0.68ns)   --->   "%store_ln353 = store i16 %trunc_ln349_6, i3 %out_data_6_addr" [firmware/nnet_utils/nnet_merge_stream.h:353]   --->   Operation 39 'store' 'store_ln353' <Predicate = true> <Delay = 0.68> <CoreInst = "RAM">   --->   Core 83 'RAM' <Latency = 1> <II = 1> <Delay = 0.68> <Storage> <Opcode : 'load' 'store'> <Ports = 2> <Width = 16> <Depth = 7> <RAM>
ST_2 : Operation 40 [1/1] (0.00ns)   --->   "%br_ln347 = br void %for.inc" [firmware/nnet_utils/nnet_merge_stream.h:347]   --->   Operation 40 'br' 'br_ln347' <Predicate = true> <Delay = 0.00>


============================================================
+ Verbose Summary: Binding
============================================================
STG Binding: 
---------------- STG Properties BEGIN ----------------
- Is combinational: 0
- Is one-state seq: 0
- Is datapath-only: 0
- Is pipelined: 0
- Is top level: 0
Port [ Return ] is wired: 1; IO mode=ap_ctrl_hs:ce=0
Port [ out_data_6]:  wired=1; compound=1; hidden=0; nouse=0; global=0; static=0; extern=0; dir=1; type=1; pingpong=0; private_global=0; MemPort=[03]; IO mode=ap_memory:ce=0
Port [ out_data_5]:  wired=1; compound=1; hidden=0; nouse=0; global=0; static=0; extern=0; dir=1; type=1; pingpong=0; private_global=0; MemPort=[03]; IO mode=ap_memory:ce=0
Port [ out_data_4]:  wired=1; compound=1; hidden=0; nouse=0; global=0; static=0; extern=0; dir=1; type=1; pingpong=0; private_global=0; MemPort=[03]; IO mode=ap_memory:ce=0
Port [ out_data_3]:  wired=1; compound=1; hidden=0; nouse=0; global=0; static=0; extern=0; dir=1; type=1; pingpong=0; private_global=0; MemPort=[03]; IO mode=ap_memory:ce=0
Port [ out_data_2]:  wired=1; compound=1; hidden=0; nouse=0; global=0; static=0; extern=0; dir=1; type=1; pingpong=0; private_global=0; MemPort=[03]; IO mode=ap_memory:ce=0
Port [ out_data_1]:  wired=1; compound=1; hidden=0; nouse=0; global=0; static=0; extern=0; dir=1; type=1; pingpong=0; private_global=0; MemPort=[03]; IO mode=ap_memory:ce=0
Port [ out_data]:  wired=1; compound=1; hidden=0; nouse=0; global=0; static=0; extern=0; dir=1; type=1; pingpong=0; private_global=0; MemPort=[03]; IO mode=ap_memory:ce=0
Port [ layer9_out]:  wired=1; compound=1; hidden=0; nouse=0; global=0; static=0; extern=0; dir=0; type=3; pingpong=0; private_global=0; IO mode=ap_fifo:ce=0
---------------- STG Properties END ------------------

---------------- Datapath Model BEGIN ----------------

<LifeTime>
<method=bitvector/>
i                       (alloca           ) [ 010]
specinterface_ln0       (specinterface    ) [ 000]
store_ln0               (store            ) [ 000]
br_ln0                  (br               ) [ 000]
i_9                     (load             ) [ 011]
icmp_ln347              (icmp             ) [ 010]
add_ln347               (add              ) [ 000]
br_ln347                (br               ) [ 000]
store_ln347             (store            ) [ 000]
zext_ln347              (zext             ) [ 000]
specpipeline_ln348      (specpipeline     ) [ 000]
speclooptripcount_ln347 (speclooptripcount) [ 000]
specloopname_ln347      (specloopname     ) [ 000]
layer9_out_read         (read             ) [ 000]
trunc_ln349             (trunc            ) [ 000]
trunc_ln349_5           (partselect       ) [ 000]
trunc_ln349_6           (partselect       ) [ 000]
tmp_s                   (partselect       ) [ 000]
tmp_2                   (partselect       ) [ 000]
tmp_3                   (partselect       ) [ 000]
tmp_4                   (partselect       ) [ 000]
out_data_addr           (getelementptr    ) [ 000]
out_data_1_addr         (getelementptr    ) [ 000]
out_data_2_addr         (getelementptr    ) [ 000]
out_data_3_addr         (getelementptr    ) [ 000]
out_data_4_addr         (getelementptr    ) [ 000]
out_data_5_addr         (getelementptr    ) [ 000]
out_data_6_addr         (getelementptr    ) [ 000]
store_ln353             (store            ) [ 000]
store_ln353             (store            ) [ 000]
store_ln353             (store            ) [ 000]
store_ln353             (store            ) [ 000]
store_ln353             (store            ) [ 000]
store_ln353             (store            ) [ 000]
store_ln353             (store            ) [ 000]
br_ln347                (br               ) [ 000]
ret_ln0                 (ret              ) [ 000]
</LifeTime>

<model>

<comp_list>
<comp id="0" class="1000" name="out_data_6">
<pin_list>
<pin id="1" dir="1" index="0" bw="1" slack="0"/>
</pin_list>
<bind>
<StgValue><ssdm name="out_data_6"/><MemPortTyVec>0 3 </MemPortTyVec>
</StgValue>
</bind>
</comp>

<comp id="2" class="1000" name="out_data_5">
<pin_list>
<pin id="3" dir="1" index="0" bw="1" slack="0"/>
</pin_list>
<bind>
<StgValue><ssdm name="out_data_5"/><MemPortTyVec>0 3 </MemPortTyVec>
</StgValue>
</bind>
</comp>

<comp id="4" class="1000" name="out_data_4">
<pin_list>
<pin id="5" dir="1" index="0" bw="1" slack="0"/>
</pin_list>
<bind>
<StgValue><ssdm name="out_data_4"/><MemPortTyVec>0 3 </MemPortTyVec>
</StgValue>
</bind>
</comp>

<comp id="6" class="1000" name="out_data_3">
<pin_list>
<pin id="7" dir="1" index="0" bw="1" slack="0"/>
</pin_list>
<bind>
<StgValue><ssdm name="out_data_3"/><MemPortTyVec>0 3 </MemPortTyVec>
</StgValue>
</bind>
</comp>

<comp id="8" class="1000" name="out_data_2">
<pin_list>
<pin id="9" dir="1" index="0" bw="1" slack="0"/>
</pin_list>
<bind>
<StgValue><ssdm name="out_data_2"/><MemPortTyVec>0 3 </MemPortTyVec>
</StgValue>
</bind>
</comp>

<comp id="10" class="1000" name="out_data_1">
<pin_list>
<pin id="11" dir="1" index="0" bw="1" slack="0"/>
</pin_list>
<bind>
<StgValue><ssdm name="out_data_1"/><MemPortTyVec>0 3 </MemPortTyVec>
</StgValue>
</bind>
</comp>

<comp id="12" class="1000" name="out_data">
<pin_list>
<pin id="13" dir="1" index="0" bw="1" slack="0"/>
</pin_list>
<bind>
<StgValue><ssdm name="out_data"/><MemPortTyVec>0 3 </MemPortTyVec>
</StgValue>
</bind>
</comp>

<comp id="14" class="1000" name="layer9_out">
<pin_list>
<pin id="15" dir="1" index="0" bw="1" slack="0"/>
</pin_list>
<bind>
<StgValue><ssdm name="layer9_out"/></StgValue>
</bind>
</comp>

<comp id="16" class="1001" name="const_16">
<pin_list>
<pin id="17" dir="1" index="0" bw="1" slack="0"/>
</pin_list>
<bind>
<StgValue><ssdm name=""/></StgValue>
</bind>
</comp>

<comp id="18" class="1001" name="const_18">
<pin_list>
<pin id="19" dir="1" index="0" bw="1" slack="2147483647"/>
</pin_list>
<bind>
<StgValue><ssdm name="_ssdm_op_SpecInterface"/></StgValue>
</bind>
</comp>

<comp id="20" class="1001" name="const_20">
<pin_list>
<pin id="21" dir="1" index="0" bw="1" slack="2147483647"/>
</pin_list>
<bind>
<StgValue><ssdm name="empty_7"/></StgValue>
</bind>
</comp>

<comp id="22" class="1001" name="const_22">
<pin_list>
<pin id="23" dir="1" index="0" bw="1" slack="2147483647"/>
</pin_list>
<bind>
<StgValue><ssdm name=""/></StgValue>
</bind>
</comp>

<comp id="24" class="1001" name="const_24">
<pin_list>
<pin id="25" dir="1" index="0" bw="1" slack="2147483647"/>
</pin_list>
<bind>
<StgValue><ssdm name="empty_6"/></StgValue>
</bind>
</comp>

<comp id="26" class="1001" name="const_26">
<pin_list>
<pin id="27" dir="1" index="0" bw="1" slack="2147483647"/>
</pin_list>
<bind>
<StgValue><ssdm name=""/></StgValue>
</bind>
</comp>

<comp id="28" class="1001" name="const_28">
<pin_list>
<pin id="29" dir="1" index="0" bw="1" slack="0"/>
</pin_list>
<bind>
<StgValue><ssdm name=""/></StgValue>
</bind>
</comp>

<comp id="30" class="1001" name="const_30">
<pin_list>
<pin id="31" dir="1" index="0" bw="1" slack="0"/>
</pin_list>
<bind>
<StgValue><ssdm name=""/></StgValue>
</bind>
</comp>

<comp id="32" class="1001" name="const_32">
<pin_list>
<pin id="33" dir="1" index="0" bw="1" slack="0"/>
</pin_list>
<bind>
<StgValue><ssdm name=""/></StgValue>
</bind>
</comp>

<comp id="34" class="1001" name="const_34">
<pin_list>
<pin id="35" dir="1" index="0" bw="1" slack="2147483647"/>
</pin_list>
<bind>
<StgValue><ssdm name="_ssdm_op_SpecPipeline"/></StgValue>
</bind>
</comp>

<comp id="36" class="1001" name="const_36">
<pin_list>
<pin id="37" dir="1" index="0" bw="1" slack="2147483647"/>
</pin_list>
<bind>
<StgValue><ssdm name="_ssdm_op_SpecLoopTripCount"/></StgValue>
</bind>
</comp>

<comp id="38" class="1001" name="const_38">
<pin_list>
<pin id="39" dir="1" index="0" bw="1" slack="2147483647"/>
</pin_list>
<bind>
<StgValue><ssdm name=""/></StgValue>
</bind>
</comp>

<comp id="40" class="1001" name="const_40">
<pin_list>
<pin id="41" dir="1" index="0" bw="1" slack="2147483647"/>
</pin_list>
<bind>
<StgValue><ssdm name="_ssdm_op_SpecLoopName"/></StgValue>
</bind>
</comp>

<comp id="42" class="1001" name="const_42">
<pin_list>
<pin id="43" dir="1" index="0" bw="1" slack="2147483647"/>
</pin_list>
<bind>
<StgValue><ssdm name="empty"/></StgValue>
</bind>
</comp>

<comp id="44" class="1001" name="const_44">
<pin_list>
<pin id="45" dir="1" index="0" bw="1" slack="0"/>
</pin_list>
<bind>
<StgValue><ssdm name="_ssdm_op_Read.ap_fifo.volatile.i112P0A"/></StgValue>
</bind>
</comp>

<comp id="46" class="1001" name="const_46">
<pin_list>
<pin id="47" dir="1" index="0" bw="1" slack="0"/>
</pin_list>
<bind>
<StgValue><ssdm name="_ssdm_op_PartSelect.i16.i112.i32.i32"/></StgValue>
</bind>
</comp>

<comp id="48" class="1001" name="const_48">
<pin_list>
<pin id="49" dir="1" index="0" bw="1" slack="0"/>
</pin_list>
<bind>
<StgValue><ssdm name=""/></StgValue>
</bind>
</comp>

<comp id="50" class="1001" name="const_50">
<pin_list>
<pin id="51" dir="1" index="0" bw="1" slack="0"/>
</pin_list>
<bind>
<StgValue><ssdm name=""/></StgValue>
</bind>
</comp>

<comp id="52" class="1001" name="const_52">
<pin_list>
<pin id="53" dir="1" index="0" bw="1" slack="0"/>
</pin_list>
<bind>
<StgValue><ssdm name=""/></StgValue>
</bind>
</comp>

<comp id="54" class="1001" name="const_54">
<pin_list>
<pin id="55" dir="1" index="0" bw="1" slack="0"/>
</pin_list>
<bind>
<StgValue><ssdm name=""/></StgValue>
</bind>
</comp>

<comp id="56" class="1001" name="const_56">
<pin_list>
<pin id="57" dir="1" index="0" bw="1" slack="0"/>
</pin_list>
<bind>
<StgValue><ssdm name=""/></StgValue>
</bind>
</comp>

<comp id="58" class="1001" name="const_58">
<pin_list>
<pin id="59" dir="1" index="0" bw="1" slack="0"/>
</pin_list>
<bind>
<StgValue><ssdm name=""/></StgValue>
</bind>
</comp>

<comp id="60" class="1001" name="const_60">
<pin_list>
<pin id="61" dir="1" index="0" bw="1" slack="0"/>
</pin_list>
<bind>
<StgValue><ssdm name=""/></StgValue>
</bind>
</comp>

<comp id="62" class="1001" name="const_62">
<pin_list>
<pin id="63" dir="1" index="0" bw="1" slack="0"/>
</pin_list>
<bind>
<StgValue><ssdm name=""/></StgValue>
</bind>
</comp>

<comp id="64" class="1001" name="const_64">
<pin_list>
<pin id="65" dir="1" index="0" bw="1" slack="0"/>
</pin_list>
<bind>
<StgValue><ssdm name=""/></StgValue>
</bind>
</comp>

<comp id="66" class="1001" name="const_66">
<pin_list>
<pin id="67" dir="1" index="0" bw="1" slack="0"/>
</pin_list>
<bind>
<StgValue><ssdm name=""/></StgValue>
</bind>
</comp>

<comp id="68" class="1001" name="const_68">
<pin_list>
<pin id="69" dir="1" index="0" bw="1" slack="0"/>
</pin_list>
<bind>
<StgValue><ssdm name=""/></StgValue>
</bind>
</comp>

<comp id="70" class="1001" name="const_70">
<pin_list>
<pin id="71" dir="1" index="0" bw="1" slack="0"/>
</pin_list>
<bind>
<StgValue><ssdm name=""/></StgValue>
</bind>
</comp>

<comp id="72" class="1001" name="const_72">
<pin_list>
<pin id="73" dir="1" index="0" bw="1" slack="0"/>
</pin_list>
<bind>
<StgValue><ssdm name=""/></StgValue>
</bind>
</comp>

<comp id="74" class="1004" name="i_fu_74">
<pin_list>
<pin id="75" dir="0" index="0" bw="1" slack="0"/>
<pin id="76" dir="1" index="1" bw="3" slack="0"/>
</pin_list>
<bind>
<opcode="alloca(26) " fcode="alloca"/>
<opset="i/1 "/>
</bind>
</comp>

<comp id="78" class="1004" name="layer9_out_read_read_fu_78">
<pin_list>
<pin id="79" dir="0" index="0" bw="112" slack="0"/>
<pin id="80" dir="0" index="1" bw="112" slack="0"/>
<pin id="81" dir="1" index="2" bw="112" slack="0"/>
</pin_list>
<bind>
<opcode="read(1150) " fcode="read"/>
<opset="layer9_out_read/2 "/>
</bind>
</comp>

<comp id="84" class="1004" name="out_data_addr_gep_fu_84">
<pin_list>
<pin id="85" dir="0" index="0" bw="16" slack="0"/>
<pin id="86" dir="0" index="1" bw="1" slack="0"/>
<pin id="87" dir="0" index="2" bw="3" slack="0"/>
<pin id="88" dir="1" index="3" bw="3" slack="0"/>
</pin_list>
<bind>
<opcode="getelementptr(29) " fcode="getelementptr"/>
<opset="out_data_addr/2 "/>
</bind>
</comp>

<comp id="91" class="1004" name="out_data_1_addr_gep_fu_91">
<pin_list>
<pin id="92" dir="0" index="0" bw="16" slack="0"/>
<pin id="93" dir="0" index="1" bw="1" slack="0"/>
<pin id="94" dir="0" index="2" bw="3" slack="0"/>
<pin id="95" dir="1" index="3" bw="3" slack="0"/>
</pin_list>
<bind>
<opcode="getelementptr(29) " fcode="getelementptr"/>
<opset="out_data_1_addr/2 "/>
</bind>
</comp>

<comp id="98" class="1004" name="out_data_2_addr_gep_fu_98">
<pin_list>
<pin id="99" dir="0" index="0" bw="16" slack="0"/>
<pin id="100" dir="0" index="1" bw="1" slack="0"/>
<pin id="101" dir="0" index="2" bw="3" slack="0"/>
<pin id="102" dir="1" index="3" bw="3" slack="0"/>
</pin_list>
<bind>
<opcode="getelementptr(29) " fcode="getelementptr"/>
<opset="out_data_2_addr/2 "/>
</bind>
</comp>

<comp id="105" class="1004" name="out_data_3_addr_gep_fu_105">
<pin_list>
<pin id="106" dir="0" index="0" bw="16" slack="0"/>
<pin id="107" dir="0" index="1" bw="1" slack="0"/>
<pin id="108" dir="0" index="2" bw="3" slack="0"/>
<pin id="109" dir="1" index="3" bw="3" slack="0"/>
</pin_list>
<bind>
<opcode="getelementptr(29) " fcode="getelementptr"/>
<opset="out_data_3_addr/2 "/>
</bind>
</comp>

<comp id="112" class="1004" name="out_data_4_addr_gep_fu_112">
<pin_list>
<pin id="113" dir="0" index="0" bw="16" slack="0"/>
<pin id="114" dir="0" index="1" bw="1" slack="0"/>
<pin id="115" dir="0" index="2" bw="3" slack="0"/>
<pin id="116" dir="1" index="3" bw="3" slack="0"/>
</pin_list>
<bind>
<opcode="getelementptr(29) " fcode="getelementptr"/>
<opset="out_data_4_addr/2 "/>
</bind>
</comp>

<comp id="119" class="1004" name="out_data_5_addr_gep_fu_119">
<pin_list>
<pin id="120" dir="0" index="0" bw="16" slack="0"/>
<pin id="121" dir="0" index="1" bw="1" slack="0"/>
<pin id="122" dir="0" index="2" bw="3" slack="0"/>
<pin id="123" dir="1" index="3" bw="3" slack="0"/>
</pin_list>
<bind>
<opcode="getelementptr(29) " fcode="getelementptr"/>
<opset="out_data_5_addr/2 "/>
</bind>
</comp>

<comp id="126" class="1004" name="out_data_6_addr_gep_fu_126">
<pin_list>
<pin id="127" dir="0" index="0" bw="16" slack="0"/>
<pin id="128" dir="0" index="1" bw="1" slack="0"/>
<pin id="129" dir="0" index="2" bw="3" slack="0"/>
<pin id="130" dir="1" index="3" bw="3" slack="0"/>
</pin_list>
<bind>
<opcode="getelementptr(29) " fcode="getelementptr"/>
<opset="out_data_6_addr/2 "/>
</bind>
</comp>

<comp id="133" class="1004" name="store_ln353_access_fu_133">
<pin_list>
<pin id="134" dir="0" index="0" bw="3" slack="0"/>
<pin id="135" dir="0" index="1" bw="16" slack="0"/>
<pin id="136" dir="0" index="2" bw="0" slack="2147483647"/>
<pin id="137" dir="1" index="3" bw="16" slack="2147483647"/>
</pin_list>
<bind>
<opcode="store(28) " fcode="store"/>
<opset="store_ln353/2 "/>
</bind>
</comp>

<comp id="139" class="1004" name="store_ln353_access_fu_139">
<pin_list>
<pin id="140" dir="0" index="0" bw="3" slack="0"/>
<pin id="141" dir="0" index="1" bw="16" slack="0"/>
<pin id="142" dir="0" index="2" bw="0" slack="2147483647"/>
<pin id="143" dir="1" index="3" bw="16" slack="2147483647"/>
</pin_list>
<bind>
<opcode="store(28) " fcode="store"/>
<opset="store_ln353/2 "/>
</bind>
</comp>

<comp id="145" class="1004" name="store_ln353_access_fu_145">
<pin_list>
<pin id="146" dir="0" index="0" bw="3" slack="0"/>
<pin id="147" dir="0" index="1" bw="16" slack="0"/>
<pin id="148" dir="0" index="2" bw="0" slack="2147483647"/>
<pin id="149" dir="1" index="3" bw="16" slack="2147483647"/>
</pin_list>
<bind>
<opcode="store(28) " fcode="store"/>
<opset="store_ln353/2 "/>
</bind>
</comp>

<comp id="151" class="1004" name="store_ln353_access_fu_151">
<pin_list>
<pin id="152" dir="0" index="0" bw="3" slack="0"/>
<pin id="153" dir="0" index="1" bw="16" slack="0"/>
<pin id="154" dir="0" index="2" bw="0" slack="2147483647"/>
<pin id="155" dir="1" index="3" bw="16" slack="2147483647"/>
</pin_list>
<bind>
<opcode="store(28) " fcode="store"/>
<opset="store_ln353/2 "/>
</bind>
</comp>

<comp id="157" class="1004" name="store_ln353_access_fu_157">
<pin_list>
<pin id="158" dir="0" index="0" bw="3" slack="0"/>
<pin id="159" dir="0" index="1" bw="16" slack="0"/>
<pin id="160" dir="0" index="2" bw="0" slack="2147483647"/>
<pin id="161" dir="1" index="3" bw="16" slack="2147483647"/>
</pin_list>
<bind>
<opcode="store(28) " fcode="store"/>
<opset="store_ln353/2 "/>
</bind>
</comp>

<comp id="163" class="1004" name="store_ln353_access_fu_163">
<pin_list>
<pin id="164" dir="0" index="0" bw="3" slack="0"/>
<pin id="165" dir="0" index="1" bw="16" slack="0"/>
<pin id="166" dir="0" index="2" bw="0" slack="2147483647"/>
<pin id="167" dir="1" index="3" bw="16" slack="2147483647"/>
</pin_list>
<bind>
<opcode="store(28) " fcode="store"/>
<opset="store_ln353/2 "/>
</bind>
</comp>

<comp id="169" class="1004" name="store_ln353_access_fu_169">
<pin_list>
<pin id="170" dir="0" index="0" bw="3" slack="0"/>
<pin id="171" dir="0" index="1" bw="16" slack="0"/>
<pin id="172" dir="0" index="2" bw="0" slack="2147483647"/>
<pin id="173" dir="1" index="3" bw="16" slack="2147483647"/>
</pin_list>
<bind>
<opcode="store(28) " fcode="store"/>
<opset="store_ln353/2 "/>
</bind>
</comp>

<comp id="175" class="1004" name="store_ln0_store_fu_175">
<pin_list>
<pin id="176" dir="0" index="0" bw="1" slack="0"/>
<pin id="177" dir="0" index="1" bw="3" slack="0"/>
<pin id="178" dir="1" index="2" bw="0" slack="2147483647"/>
</pin_list>
<bind>
<opcode="store(28) " fcode="store"/>
<opset="store_ln0/1 "/>
</bind>
</comp>

<comp id="180" class="1004" name="i_9_load_fu_180">
<pin_list>
<pin id="181" dir="0" index="0" bw="3" slack="0"/>
<pin id="182" dir="1" index="1" bw="3" slack="0"/>
</pin_list>
<bind>
<opcode="load(27) " fcode="load"/>
<opset="i_9/1 "/>
</bind>
</comp>

<comp id="183" class="1004" name="icmp_ln347_fu_183">
<pin_list>
<pin id="184" dir="0" index="0" bw="3" slack="0"/>
<pin id="185" dir="0" index="1" bw="2" slack="0"/>
<pin id="186" dir="1" index="2" bw="1" slack="2147483647"/>
</pin_list>
<bind>
<opcode="icmp(45) " fcode="icmp"/>
<opset="icmp_ln347/1 "/>
</bind>
</comp>

<comp id="189" class="1004" name="add_ln347_fu_189">
<pin_list>
<pin id="190" dir="0" index="0" bw="3" slack="0"/>
<pin id="191" dir="0" index="1" bw="1" slack="0"/>
<pin id="192" dir="1" index="2" bw="3" slack="0"/>
</pin_list>
<bind>
<opcode="add(8) " fcode="add"/>
<opset="add_ln347/1 "/>
</bind>
</comp>

<comp id="195" class="1004" name="store_ln347_store_fu_195">
<pin_list>
<pin id="196" dir="0" index="0" bw="3" slack="0"/>
<pin id="197" dir="0" index="1" bw="3" slack="0"/>
<pin id="198" dir="1" index="2" bw="0" slack="2147483647"/>
</pin_list>
<bind>
<opcode="store(28) " fcode="store"/>
<opset="store_ln347/1 "/>
</bind>
</comp>

<comp id="200" class="1004" name="zext_ln347_fu_200">
<pin_list>
<pin id="201" dir="0" index="0" bw="3" slack="1"/>
<pin id="202" dir="1" index="1" bw="64" slack="0"/>
</pin_list>
<bind>
<opcode="zext(34) " fcode="zext"/>
<opset="zext_ln347/2 "/>
</bind>
</comp>

<comp id="210" class="1004" name="trunc_ln349_fu_210">
<pin_list>
<pin id="211" dir="0" index="0" bw="112" slack="0"/>
<pin id="212" dir="1" index="1" bw="16" slack="0"/>
</pin_list>
<bind>
<opcode="trunc(33) " fcode="trunc"/>
<opset="trunc_ln349/2 "/>
</bind>
</comp>

<comp id="215" class="1004" name="trunc_ln349_5_fu_215">
<pin_list>
<pin id="216" dir="0" index="0" bw="16" slack="0"/>
<pin id="217" dir="0" index="1" bw="112" slack="0"/>
<pin id="218" dir="0" index="2" bw="8" slack="0"/>
<pin id="219" dir="0" index="3" bw="8" slack="0"/>
<pin id="220" dir="1" index="4" bw="16" slack="0"/>
</pin_list>
<bind>
<opcode="partselect(1002) " fcode="partselect"/>
<opset="trunc_ln349_5/2 "/>
</bind>
</comp>

<comp id="226" class="1004" name="trunc_ln349_6_fu_226">
<pin_list>
<pin id="227" dir="0" index="0" bw="16" slack="0"/>
<pin id="228" dir="0" index="1" bw="112" slack="0"/>
<pin id="229" dir="0" index="2" bw="8" slack="0"/>
<pin id="230" dir="0" index="3" bw="8" slack="0"/>
<pin id="231" dir="1" index="4" bw="16" slack="0"/>
</pin_list>
<bind>
<opcode="partselect(1002) " fcode="partselect"/>
<opset="trunc_ln349_6/2 "/>
</bind>
</comp>

<comp id="237" class="1004" name="tmp_s_fu_237">
<pin_list>
<pin id="238" dir="0" index="0" bw="16" slack="0"/>
<pin id="239" dir="0" index="1" bw="112" slack="0"/>
<pin id="240" dir="0" index="2" bw="6" slack="0"/>
<pin id="241" dir="0" index="3" bw="6" slack="0"/>
<pin id="242" dir="1" index="4" bw="16" slack="0"/>
</pin_list>
<bind>
<opcode="partselect(1002) " fcode="partselect"/>
<opset="tmp_s/2 "/>
</bind>
</comp>

<comp id="248" class="1004" name="tmp_2_fu_248">
<pin_list>
<pin id="249" dir="0" index="0" bw="16" slack="0"/>
<pin id="250" dir="0" index="1" bw="112" slack="0"/>
<pin id="251" dir="0" index="2" bw="7" slack="0"/>
<pin id="252" dir="0" index="3" bw="7" slack="0"/>
<pin id="253" dir="1" index="4" bw="16" slack="0"/>
</pin_list>
<bind>
<opcode="partselect(1002) " fcode="partselect"/>
<opset="tmp_2/2 "/>
</bind>
</comp>

<comp id="259" class="1004" name="tmp_3_fu_259">
<pin_list>
<pin id="260" dir="0" index="0" bw="16" slack="0"/>
<pin id="261" dir="0" index="1" bw="112" slack="0"/>
<pin id="262" dir="0" index="2" bw="7" slack="0"/>
<pin id="263" dir="0" index="3" bw="7" slack="0"/>
<pin id="264" dir="1" index="4" bw="16" slack="0"/>
</pin_list>
<bind>
<opcode="partselect(1002) " fcode="partselect"/>
<opset="tmp_3/2 "/>
</bind>
</comp>

<comp id="270" class="1004" name="tmp_4_fu_270">
<pin_list>
<pin id="271" dir="0" index="0" bw="16" slack="0"/>
<pin id="272" dir="0" index="1" bw="112" slack="0"/>
<pin id="273" dir="0" index="2" bw="8" slack="0"/>
<pin id="274" dir="0" index="3" bw="8" slack="0"/>
<pin id="275" dir="1" index="4" bw="16" slack="0"/>
</pin_list>
<bind>
<opcode="partselect(1002) " fcode="partselect"/>
<opset="tmp_4/2 "/>
</bind>
</comp>

<comp id="281" class="1005" name="i_reg_281">
<pin_list>
<pin id="282" dir="0" index="0" bw="3" slack="0"/>
<pin id="283" dir="1" index="1" bw="3" slack="0"/>
</pin_list>
<bind>
<opset="i "/>
</bind>
</comp>

<comp id="288" class="1005" name="i_9_reg_288">
<pin_list>
<pin id="289" dir="0" index="0" bw="3" slack="1"/>
<pin id="290" dir="1" index="1" bw="3" slack="1"/>
</pin_list>
<bind>
<opset="i_9 "/>
</bind>
</comp>

</comp_list>

<net_list>
<net id="77"><net_src comp="16" pin="0"/><net_sink comp="74" pin=0"/></net>

<net id="82"><net_src comp="44" pin="0"/><net_sink comp="78" pin=0"/></net>

<net id="83"><net_src comp="14" pin="0"/><net_sink comp="78" pin=1"/></net>

<net id="89"><net_src comp="12" pin="0"/><net_sink comp="84" pin=0"/></net>

<net id="90"><net_src comp="72" pin="0"/><net_sink comp="84" pin=1"/></net>

<net id="96"><net_src comp="10" pin="0"/><net_sink comp="91" pin=0"/></net>

<net id="97"><net_src comp="72" pin="0"/><net_sink comp="91" pin=1"/></net>

<net id="103"><net_src comp="8" pin="0"/><net_sink comp="98" pin=0"/></net>

<net id="104"><net_src comp="72" pin="0"/><net_sink comp="98" pin=1"/></net>

<net id="110"><net_src comp="6" pin="0"/><net_sink comp="105" pin=0"/></net>

<net id="111"><net_src comp="72" pin="0"/><net_sink comp="105" pin=1"/></net>

<net id="117"><net_src comp="4" pin="0"/><net_sink comp="112" pin=0"/></net>

<net id="118"><net_src comp="72" pin="0"/><net_sink comp="112" pin=1"/></net>

<net id="124"><net_src comp="2" pin="0"/><net_sink comp="119" pin=0"/></net>

<net id="125"><net_src comp="72" pin="0"/><net_sink comp="119" pin=1"/></net>

<net id="131"><net_src comp="0" pin="0"/><net_sink comp="126" pin=0"/></net>

<net id="132"><net_src comp="72" pin="0"/><net_sink comp="126" pin=1"/></net>

<net id="138"><net_src comp="84" pin="3"/><net_sink comp="133" pin=0"/></net>

<net id="144"><net_src comp="91" pin="3"/><net_sink comp="139" pin=0"/></net>

<net id="150"><net_src comp="98" pin="3"/><net_sink comp="145" pin=0"/></net>

<net id="156"><net_src comp="105" pin="3"/><net_sink comp="151" pin=0"/></net>

<net id="162"><net_src comp="112" pin="3"/><net_sink comp="157" pin=0"/></net>

<net id="168"><net_src comp="119" pin="3"/><net_sink comp="163" pin=0"/></net>

<net id="174"><net_src comp="126" pin="3"/><net_sink comp="169" pin=0"/></net>

<net id="179"><net_src comp="28" pin="0"/><net_sink comp="175" pin=0"/></net>

<net id="187"><net_src comp="180" pin="1"/><net_sink comp="183" pin=0"/></net>

<net id="188"><net_src comp="30" pin="0"/><net_sink comp="183" pin=1"/></net>

<net id="193"><net_src comp="180" pin="1"/><net_sink comp="189" pin=0"/></net>

<net id="194"><net_src comp="32" pin="0"/><net_sink comp="189" pin=1"/></net>

<net id="199"><net_src comp="189" pin="2"/><net_sink comp="195" pin=0"/></net>

<net id="203"><net_src comp="200" pin="1"/><net_sink comp="84" pin=2"/></net>

<net id="204"><net_src comp="200" pin="1"/><net_sink comp="91" pin=2"/></net>

<net id="205"><net_src comp="200" pin="1"/><net_sink comp="98" pin=2"/></net>

<net id="206"><net_src comp="200" pin="1"/><net_sink comp="105" pin=2"/></net>

<net id="207"><net_src comp="200" pin="1"/><net_sink comp="112" pin=2"/></net>

<net id="208"><net_src comp="200" pin="1"/><net_sink comp="119" pin=2"/></net>

<net id="209"><net_src comp="200" pin="1"/><net_sink comp="126" pin=2"/></net>

<net id="213"><net_src comp="78" pin="2"/><net_sink comp="210" pin=0"/></net>

<net id="214"><net_src comp="210" pin="1"/><net_sink comp="133" pin=1"/></net>

<net id="221"><net_src comp="46" pin="0"/><net_sink comp="215" pin=0"/></net>

<net id="222"><net_src comp="78" pin="2"/><net_sink comp="215" pin=1"/></net>

<net id="223"><net_src comp="48" pin="0"/><net_sink comp="215" pin=2"/></net>

<net id="224"><net_src comp="50" pin="0"/><net_sink comp="215" pin=3"/></net>

<net id="225"><net_src comp="215" pin="4"/><net_sink comp="163" pin=1"/></net>

<net id="232"><net_src comp="46" pin="0"/><net_sink comp="226" pin=0"/></net>

<net id="233"><net_src comp="78" pin="2"/><net_sink comp="226" pin=1"/></net>

<net id="234"><net_src comp="52" pin="0"/><net_sink comp="226" pin=2"/></net>

<net id="235"><net_src comp="54" pin="0"/><net_sink comp="226" pin=3"/></net>

<net id="236"><net_src comp="226" pin="4"/><net_sink comp="169" pin=1"/></net>

<net id="243"><net_src comp="46" pin="0"/><net_sink comp="237" pin=0"/></net>

<net id="244"><net_src comp="78" pin="2"/><net_sink comp="237" pin=1"/></net>

<net id="245"><net_src comp="56" pin="0"/><net_sink comp="237" pin=2"/></net>

<net id="246"><net_src comp="58" pin="0"/><net_sink comp="237" pin=3"/></net>

<net id="247"><net_src comp="237" pin="4"/><net_sink comp="139" pin=1"/></net>

<net id="254"><net_src comp="46" pin="0"/><net_sink comp="248" pin=0"/></net>

<net id="255"><net_src comp="78" pin="2"/><net_sink comp="248" pin=1"/></net>

<net id="256"><net_src comp="60" pin="0"/><net_sink comp="248" pin=2"/></net>

<net id="257"><net_src comp="62" pin="0"/><net_sink comp="248" pin=3"/></net>

<net id="258"><net_src comp="248" pin="4"/><net_sink comp="145" pin=1"/></net>

<net id="265"><net_src comp="46" pin="0"/><net_sink comp="259" pin=0"/></net>

<net id="266"><net_src comp="78" pin="2"/><net_sink comp="259" pin=1"/></net>

<net id="267"><net_src comp="64" pin="0"/><net_sink comp="259" pin=2"/></net>

<net id="268"><net_src comp="66" pin="0"/><net_sink comp="259" pin=3"/></net>

<net id="269"><net_src comp="259" pin="4"/><net_sink comp="151" pin=1"/></net>

<net id="276"><net_src comp="46" pin="0"/><net_sink comp="270" pin=0"/></net>

<net id="277"><net_src comp="78" pin="2"/><net_sink comp="270" pin=1"/></net>

<net id="278"><net_src comp="68" pin="0"/><net_sink comp="270" pin=2"/></net>

<net id="279"><net_src comp="70" pin="0"/><net_sink comp="270" pin=3"/></net>

<net id="280"><net_src comp="270" pin="4"/><net_sink comp="157" pin=1"/></net>

<net id="284"><net_src comp="74" pin="1"/><net_sink comp="281" pin=0"/></net>

<net id="285"><net_src comp="281" pin="1"/><net_sink comp="175" pin=1"/></net>

<net id="286"><net_src comp="281" pin="1"/><net_sink comp="180" pin=0"/></net>

<net id="287"><net_src comp="281" pin="1"/><net_sink comp="195" pin=1"/></net>

<net id="291"><net_src comp="180" pin="1"/><net_sink comp="288" pin=0"/></net>

<net id="292"><net_src comp="288" pin="1"/><net_sink comp="200" pin=0"/></net>

</net_list>

</model> 
---------------- Datapath Model END ------------------

* FSMD analyzer results:
  - Output states:
	Port: out_data_6 | {2 }
	Port: out_data_5 | {2 }
	Port: out_data_4 | {2 }
	Port: out_data_3 | {2 }
	Port: out_data_2 | {2 }
	Port: out_data_1 | {2 }
	Port: out_data | {2 }
 - Input state : 
	Port: concatenate1d<array,array,array<ap_fixed,43u>,config12>_Pipeline_ConcatLoop1 : layer9_out | {2 }
  - Chain level:
	State 1
		store_ln0 : 1
		i_9 : 1
		icmp_ln347 : 2
		add_ln347 : 2
		br_ln347 : 3
		store_ln347 : 3
	State 2
		out_data_addr : 1
		out_data_1_addr : 1
		out_data_2_addr : 1
		out_data_3_addr : 1
		out_data_4_addr : 1
		out_data_5_addr : 1
		out_data_6_addr : 1
		store_ln353 : 1
		store_ln353 : 1
		store_ln353 : 1
		store_ln353 : 1
		store_ln353 : 1
		store_ln353 : 1
		store_ln353 : 1


============================================================
+ Verbose Summary: Datapath Resource usage 
============================================================

* Functional unit list:
|----------|----------------------------|---------|---------|
| Operation|       Functional Unit      |    FF   |   LUT   |
|----------|----------------------------|---------|---------|
|   icmp   |      icmp_ln347_fu_183     |    0    |    10   |
|----------|----------------------------|---------|---------|
|    add   |      add_ln347_fu_189      |    0    |    10   |
|----------|----------------------------|---------|---------|
|   read   | layer9_out_read_read_fu_78 |    0    |    0    |
|----------|----------------------------|---------|---------|
|   zext   |      zext_ln347_fu_200     |    0    |    0    |
|----------|----------------------------|---------|---------|
|   trunc  |     trunc_ln349_fu_210     |    0    |    0    |
|----------|----------------------------|---------|---------|
|          |    trunc_ln349_5_fu_215    |    0    |    0    |
|          |    trunc_ln349_6_fu_226    |    0    |    0    |
|partselect|        tmp_s_fu_237        |    0    |    0    |
|          |        tmp_2_fu_248        |    0    |    0    |
|          |        tmp_3_fu_259        |    0    |    0    |
|          |        tmp_4_fu_270        |    0    |    0    |
|----------|----------------------------|---------|---------|
|   Total  |                            |    0    |    20   |
|----------|----------------------------|---------|---------|

Memories:
N/A

* Register list:
+-----------+--------+
|           |   FF   |
+-----------+--------+
|i_9_reg_288|    3   |
| i_reg_281 |    3   |
+-----------+--------+
|   Total   |    6   |
+-----------+--------+

* Multiplexer (MUX) list: 
|--------|------|------|------|--------|
|  Comp  |  Pin | Size |  BW  | S x BW |
|--------|------|------|------|--------|
|  Total |      |      |      |    0   |
|--------|------|------|------|--------|



* Summary:
+-----------+--------+--------+
|           |   FF   |   LUT  |
+-----------+--------+--------+
|  Function |    0   |   20   |
|   Memory  |    -   |    -   |
|Multiplexer|    -   |    -   |
|  Register |    6   |    -   |
+-----------+--------+--------+
|   Total   |    6   |   20   |
+-----------+--------+--------+
