

================================================================
== Vitis HLS Report for 'dense_array_ap_ufixed_7u_array_ap_fixed_16_6_5_3_0_1u_config16_s'
================================================================
* Date:           Mon May 20 13:45:17 2024

* Version:        2023.1 (Build 3854077 on May  4 2023)
* Project:        myproject_prj
* Solution:       solution1 (Vivado IP Flow Target)
* Product family: virtexuplus
* Target device:  xcvu13p-flga2577-2-e


================================================================
== Performance Estimates
================================================================
+ Timing: 
    * Summary: 
    +--------+----------+----------+------------+
    |  Clock |  Target  | Estimated| Uncertainty|
    +--------+----------+----------+------------+
    |ap_clk  |  25.00 ns|  6.164 ns|     6.75 ns|
    +--------+----------+----------+------------+

+ Latency: 
    * Summary: 
    +---------+---------+----------+----------+-----+-----+------------------------------------------+
    |  Latency (cycles) |  Latency (absolute) |  Interval |                 Pipeline                 |
    |   min   |   max   |    min   |    max   | min | max |                   Type                   |
    +---------+---------+----------+----------+-----+-----+------------------------------------------+
    |        7|        8|  0.175 us|  0.200 us|    7|    7|  loop rewind stp(delay=0 clock cycles(s))|
    +---------+---------+----------+----------+-----+-----+------------------------------------------+

    + Detail: 
        * Instance: 
        N/A

        * Loop: 
        +-------------+---------+---------+----------+-----------+-----------+------+----------+
        |             |  Latency (cycles) | Iteration|  Initiation Interval  | Trip |          |
        |  Loop Name  |   min   |   max   |  Latency |  achieved |   target  | Count| Pipelined|
        +-------------+---------+---------+----------+-----------+-----------+------+----------+
        |- ReuseLoop  |        7|        7|         2|          1|          1|     7|       yes|
        +-------------+---------+---------+----------+-----------+-----------+------+----------+

============================================================
+ Verbose Summary: Synthesis Manager
============================================================
InlineROM: 1
ExposeGlobal: 0
============================================================
+ Verbose Summary: CDFG Model
============================================================
IsTopModel: 0
ResetActiveHigh: 1
IsCombinational: 2
IsDatapathOnly: 0
HasWiredReturn: 1
HasMFsm: 2
HasVarLatency: 1
IsPipeline: 0
IsRtlPipelined: 0
IsInstanceOverlapped: 0
IsDontTouch: 0
HasImplIP: 0
IsGatedGlobalClock: 0

+ Individual pipeline summary: 
  * Pipeline-0: initiation interval (II) = 1, depth = 2


============================================================
+ Verbose Summary: Schedule
============================================================
* Number of FSM states : 3
* Pipeline : 1
  Pipeline-0 : II = 1, D = 2, States = { 2 3 }
* Dataflow Pipeline: 0

* FSM state transitions: 
1 --> 2 
2 --> 3 
3 --> 2 

* FSM state operations: 

State 1 <SV = 0> <Delay = 0.38>
ST_1 : Operation 4 [1/1] (0.00ns)   --->   "%specinterface_ln0 = specinterface void @_ssdm_op_SpecInterface, i16 %layer16_out, void @empty_7, i32 0, i32 0, void @empty_6, i32 0, i32 0, void @empty_6, void @empty_6, void @empty_6, i32 0, i32 0, i32 0, i32 0, void @empty_6, void @empty_6, i32 4294967295, i32 0"   --->   Operation 4 'specinterface' 'specinterface_ln0' <Predicate = true> <Delay = 0.00>
ST_1 : Operation 5 [1/1] (0.00ns)   --->   "%specinterface_ln0 = specinterface void @_ssdm_op_SpecInterface, i70 %layer15_out, void @empty_7, i32 0, i32 0, void @empty_6, i32 0, i32 0, void @empty_6, void @empty_6, void @empty_6, i32 0, i32 0, i32 0, i32 0, void @empty_6, void @empty_6, i32 4294967295, i32 0"   --->   Operation 5 'specinterface' 'specinterface_ln0' <Predicate = true> <Delay = 0.00>
ST_1 : Operation 6 [1/1] (0.00ns)   --->   "%rbegin = specregionbegin i32 @_ssdm_op_SpecRegionBegin, void @nnet_KD_KD_dense_resource_MD_ap_ufixed_MD_10_MC_AC_0_MC_AC_IC_ap_q_mode_JC_4" [firmware/nnet_utils/nnet_dense_stream.h:24->firmware/nnet_utils/nnet_dense_stream.h:97]   --->   Operation 6 'specregionbegin' 'rbegin' <Predicate = true> <Delay = 0.00>
ST_1 : Operation 7 [1/1] (0.38ns)   --->   "%br_ln42 = br void %rewind_header" [firmware/nnet_utils/nnet_dense_resource.h:42->firmware/nnet_utils/nnet_dense_resource.h:240->firmware/nnet_utils/nnet_dense_stream.h:24->firmware/nnet_utils/nnet_dense_stream.h:97]   --->   Operation 7 'br' 'br_ln42' <Predicate = true> <Delay = 0.38>

State 2 <SV = 1> <Delay = 0.68>
ST_2 : Operation 8 [1/1] (0.00ns)   --->   "%do_init = phi i1 1, void %nnet::dense_resource<ap_ufixed<10, 0, (ap_q_mode)4, (ap_o_mode)0, 0>, ap_fixed<16, 6, (ap_q_mode)5, (ap_o_mode)3, 0>, config16>.region_begin, i1 0, void %for.body13.split.i.i, i1 1, void %nnet::dense_resource<ap_ufixed<10, 0, (ap_q_mode)4, (ap_o_mode)0, 0>, ap_fixed<16, 6, (ap_q_mode)5, (ap_o_mode)3, 0>, config16>.region_end"   --->   Operation 8 'phi' 'do_init' <Predicate = true> <Delay = 0.00>
ST_2 : Operation 9 [1/1] (0.00ns)   --->   "%in_index3 = phi i3 0, void %nnet::dense_resource<ap_ufixed<10, 0, (ap_q_mode)4, (ap_o_mode)0, 0>, ap_fixed<16, 6, (ap_q_mode)5, (ap_o_mode)3, 0>, config16>.region_begin, i3 %in_index, void %for.body13.split.i.i, i3 0, void %nnet::dense_resource<ap_ufixed<10, 0, (ap_q_mode)4, (ap_o_mode)0, 0>, ap_fixed<16, 6, (ap_q_mode)5, (ap_o_mode)3, 0>, config16>.region_end"   --->   Operation 9 'phi' 'in_index3' <Predicate = true> <Delay = 0.00>
ST_2 : Operation 10 [1/1] (0.00ns)   --->   "%zext_ln42 = zext i3 %in_index3" [firmware/nnet_utils/nnet_dense_resource.h:42->firmware/nnet_utils/nnet_dense_resource.h:240->firmware/nnet_utils/nnet_dense_stream.h:24->firmware/nnet_utils/nnet_dense_stream.h:97]   --->   Operation 10 'zext' 'zext_ln42' <Predicate = true> <Delay = 0.00>
ST_2 : Operation 11 [1/1] (0.00ns)   --->   "%w16_addr = getelementptr i10 %w16, i64 0, i64 %zext_ln42" [firmware/nnet_utils/nnet_dense_resource.h:55->firmware/nnet_utils/nnet_dense_resource.h:240->firmware/nnet_utils/nnet_dense_stream.h:24->firmware/nnet_utils/nnet_dense_stream.h:97]   --->   Operation 11 'getelementptr' 'w16_addr' <Predicate = true> <Delay = 0.00>
ST_2 : Operation 12 [2/2] (0.68ns)   --->   "%w = load i3 %w16_addr" [firmware/nnet_utils/nnet_dense_resource.h:55->firmware/nnet_utils/nnet_dense_resource.h:240->firmware/nnet_utils/nnet_dense_stream.h:24->firmware/nnet_utils/nnet_dense_stream.h:97]   --->   Operation 12 'load' 'w' <Predicate = true> <Delay = 0.68> <CoreInst = "ROM">   --->   Core 101 'ROM' <Latency = 1> <II = 1> <Delay = 0.68> <Storage> <Opcode : 'load'> <Ports = 0> <Width = 10> <Depth = 7> <ROM>
ST_2 : Operation 13 [1/1] (0.57ns)   --->   "%in_index = add i3 %in_index3, i3 1" [firmware/nnet_utils/nnet_dense_resource.h:42->firmware/nnet_utils/nnet_dense_resource.h:240->firmware/nnet_utils/nnet_dense_stream.h:24->firmware/nnet_utils/nnet_dense_stream.h:97]   --->   Operation 13 'add' 'in_index' <Predicate = true> <Delay = 0.57> <CoreInst = "Adder">   --->   Core 1 'Adder' <Latency = 0> <II = 1> <Delay = 0.57> <FuncUnit> <Opcode : 'add' 'sub'> <InPorts = 2> <OutPorts = 1>
ST_2 : Operation 14 [1/1] (0.57ns)   --->   "%icmp_ln42 = icmp_eq  i3 %in_index3, i3 6" [firmware/nnet_utils/nnet_dense_resource.h:42->firmware/nnet_utils/nnet_dense_resource.h:240->firmware/nnet_utils/nnet_dense_stream.h:24->firmware/nnet_utils/nnet_dense_stream.h:97]   --->   Operation 14 'icmp' 'icmp_ln42' <Predicate = true> <Delay = 0.57> <CoreInst = "Cmp">   --->   Core 9 'Cmp' <Latency = 0> <II = 1> <Delay = 0.57> <FuncUnit> <Opcode : 'icmp'> <InPorts = 2> <OutPorts = 1>
ST_2 : Operation 15 [1/1] (0.00ns)   --->   "%br_ln42 = br i1 %icmp_ln42, void %rewind_header, void %nnet::dense_resource<ap_ufixed<10, 0, (ap_q_mode)4, (ap_o_mode)0, 0>, ap_fixed<16, 6, (ap_q_mode)5, (ap_o_mode)3, 0>, config16>.region_end" [firmware/nnet_utils/nnet_dense_resource.h:42->firmware/nnet_utils/nnet_dense_resource.h:240->firmware/nnet_utils/nnet_dense_stream.h:24->firmware/nnet_utils/nnet_dense_stream.h:97]   --->   Operation 15 'br' 'br_ln42' <Predicate = true> <Delay = 0.00>
ST_2 : Operation 16 [1/1] (0.00ns)   --->   "%br_ln101 = br void %rewind_header" [firmware/nnet_utils/nnet_dense_stream.h:101]   --->   Operation 16 'br' 'br_ln101' <Predicate = (icmp_ln42)> <Delay = 0.00>

State 3 <SV = 2> <Delay = 6.16>
ST_3 : Operation 17 [1/1] (0.00ns)   --->   "%data_4_rewind = phi i10 0, void %nnet::dense_resource<ap_ufixed<10, 0, (ap_q_mode)4, (ap_o_mode)0, 0>, ap_fixed<16, 6, (ap_q_mode)5, (ap_o_mode)3, 0>, config16>.region_begin, i10 %data_4_phi, void %for.body13.split.i.i, i10 0, void %nnet::dense_resource<ap_ufixed<10, 0, (ap_q_mode)4, (ap_o_mode)0, 0>, ap_fixed<16, 6, (ap_q_mode)5, (ap_o_mode)3, 0>, config16>.region_end" [firmware/nnet_utils/nnet_dense_stream.h:43->firmware/nnet_utils/nnet_dense_stream.h:93]   --->   Operation 17 'phi' 'data_4_rewind' <Predicate = true> <Delay = 0.00>
ST_3 : Operation 18 [1/1] (0.00ns)   --->   "%data_3_rewind = phi i10 0, void %nnet::dense_resource<ap_ufixed<10, 0, (ap_q_mode)4, (ap_o_mode)0, 0>, ap_fixed<16, 6, (ap_q_mode)5, (ap_o_mode)3, 0>, config16>.region_begin, i10 %data_3_phi, void %for.body13.split.i.i, i10 0, void %nnet::dense_resource<ap_ufixed<10, 0, (ap_q_mode)4, (ap_o_mode)0, 0>, ap_fixed<16, 6, (ap_q_mode)5, (ap_o_mode)3, 0>, config16>.region_end" [firmware/nnet_utils/nnet_dense_stream.h:43->firmware/nnet_utils/nnet_dense_stream.h:93]   --->   Operation 18 'phi' 'data_3_rewind' <Predicate = true> <Delay = 0.00>
ST_3 : Operation 19 [1/1] (0.00ns)   --->   "%data_2_rewind = phi i10 0, void %nnet::dense_resource<ap_ufixed<10, 0, (ap_q_mode)4, (ap_o_mode)0, 0>, ap_fixed<16, 6, (ap_q_mode)5, (ap_o_mode)3, 0>, config16>.region_begin, i10 %data_2_phi, void %for.body13.split.i.i, i10 0, void %nnet::dense_resource<ap_ufixed<10, 0, (ap_q_mode)4, (ap_o_mode)0, 0>, ap_fixed<16, 6, (ap_q_mode)5, (ap_o_mode)3, 0>, config16>.region_end" [firmware/nnet_utils/nnet_dense_stream.h:43->firmware/nnet_utils/nnet_dense_stream.h:93]   --->   Operation 19 'phi' 'data_2_rewind' <Predicate = true> <Delay = 0.00>
ST_3 : Operation 20 [1/1] (0.00ns)   --->   "%data_1_rewind = phi i10 0, void %nnet::dense_resource<ap_ufixed<10, 0, (ap_q_mode)4, (ap_o_mode)0, 0>, ap_fixed<16, 6, (ap_q_mode)5, (ap_o_mode)3, 0>, config16>.region_begin, i10 %data_1_phi, void %for.body13.split.i.i, i10 0, void %nnet::dense_resource<ap_ufixed<10, 0, (ap_q_mode)4, (ap_o_mode)0, 0>, ap_fixed<16, 6, (ap_q_mode)5, (ap_o_mode)3, 0>, config16>.region_end" [firmware/nnet_utils/nnet_dense_stream.h:43->firmware/nnet_utils/nnet_dense_stream.h:93]   --->   Operation 20 'phi' 'data_1_rewind' <Predicate = true> <Delay = 0.00>
ST_3 : Operation 21 [1/1] (0.00ns)   --->   "%data_6_rewind = phi i10 0, void %nnet::dense_resource<ap_ufixed<10, 0, (ap_q_mode)4, (ap_o_mode)0, 0>, ap_fixed<16, 6, (ap_q_mode)5, (ap_o_mode)3, 0>, config16>.region_begin, i10 %data_6_phi, void %for.body13.split.i.i, i10 0, void %nnet::dense_resource<ap_ufixed<10, 0, (ap_q_mode)4, (ap_o_mode)0, 0>, ap_fixed<16, 6, (ap_q_mode)5, (ap_o_mode)3, 0>, config16>.region_end" [firmware/nnet_utils/nnet_dense_stream.h:43->firmware/nnet_utils/nnet_dense_stream.h:93]   --->   Operation 21 'phi' 'data_6_rewind' <Predicate = true> <Delay = 0.00>
ST_3 : Operation 22 [1/1] (0.00ns)   --->   "%data_5_rewind = phi i10 0, void %nnet::dense_resource<ap_ufixed<10, 0, (ap_q_mode)4, (ap_o_mode)0, 0>, ap_fixed<16, 6, (ap_q_mode)5, (ap_o_mode)3, 0>, config16>.region_begin, i10 %data_5_phi, void %for.body13.split.i.i, i10 0, void %nnet::dense_resource<ap_ufixed<10, 0, (ap_q_mode)4, (ap_o_mode)0, 0>, ap_fixed<16, 6, (ap_q_mode)5, (ap_o_mode)3, 0>, config16>.region_end" [firmware/nnet_utils/nnet_dense_stream.h:43->firmware/nnet_utils/nnet_dense_stream.h:93]   --->   Operation 22 'phi' 'data_5_rewind' <Predicate = true> <Delay = 0.00>
ST_3 : Operation 23 [1/1] (0.00ns)   --->   "%p_rewind = phi i10 0, void %nnet::dense_resource<ap_ufixed<10, 0, (ap_q_mode)4, (ap_o_mode)0, 0>, ap_fixed<16, 6, (ap_q_mode)5, (ap_o_mode)3, 0>, config16>.region_begin, i10 %p_phi, void %for.body13.split.i.i, i10 0, void %nnet::dense_resource<ap_ufixed<10, 0, (ap_q_mode)4, (ap_o_mode)0, 0>, ap_fixed<16, 6, (ap_q_mode)5, (ap_o_mode)3, 0>, config16>.region_end" [firmware/nnet_utils/nnet_dense_stream.h:43->firmware/nnet_utils/nnet_dense_stream.h:93]   --->   Operation 23 'phi' 'p_rewind' <Predicate = true> <Delay = 0.00>
ST_3 : Operation 24 [1/1] (0.00ns)   --->   "%res4 = phi i15 32080, void %nnet::dense_resource<ap_ufixed<10, 0, (ap_q_mode)4, (ap_o_mode)0, 0>, ap_fixed<16, 6, (ap_q_mode)5, (ap_o_mode)3, 0>, config16>.region_begin, i15 %x, void %for.body13.split.i.i, i15 32080, void %nnet::dense_resource<ap_ufixed<10, 0, (ap_q_mode)4, (ap_o_mode)0, 0>, ap_fixed<16, 6, (ap_q_mode)5, (ap_o_mode)3, 0>, config16>.region_end"   --->   Operation 24 'phi' 'res4' <Predicate = true> <Delay = 0.00>
ST_3 : Operation 25 [1/1] (0.38ns)   --->   "%br_ln0 = br i1 %do_init, void %for.body13.split.i.i, void %rewind_init"   --->   Operation 25 'br' 'br_ln0' <Predicate = true> <Delay = 0.38>
ST_3 : Operation 26 [1/1] (1.40ns)   --->   "%layer15_out_read = read i70 @_ssdm_op_Read.ap_fifo.volatile.i70P0A, i70 %layer15_out" [firmware/nnet_utils/nnet_dense_stream.h:43->firmware/nnet_utils/nnet_dense_stream.h:93]   --->   Operation 26 'read' 'layer15_out_read' <Predicate = (do_init)> <Delay = 1.40> <CoreInst = "FIFO_SRL">   --->   Core 81 'FIFO_SRL' <Latency = 0> <II = 1> <Delay = 1.40> <Storage> <Opcode : 'read' 'write' 'nbread' 'nbwrite'> <Ports = 0> <Width = 70> <Depth = 1> <FIFO>
ST_3 : Operation 27 [1/1] (0.00ns)   --->   "%data = trunc i70 %layer15_out_read" [firmware/nnet_utils/nnet_dense_stream.h:43->firmware/nnet_utils/nnet_dense_stream.h:93]   --->   Operation 27 'trunc' 'data' <Predicate = (do_init)> <Delay = 0.00>
ST_3 : Operation 28 [1/1] (0.00ns)   --->   "%data_5 = partselect i10 @_ssdm_op_PartSelect.i10.i70.i32.i32, i70 %layer15_out_read, i32 50, i32 59" [firmware/nnet_utils/nnet_dense_stream.h:43->firmware/nnet_utils/nnet_dense_stream.h:93]   --->   Operation 28 'partselect' 'data_5' <Predicate = (do_init)> <Delay = 0.00>
ST_3 : Operation 29 [1/1] (0.00ns)   --->   "%data_6 = partselect i10 @_ssdm_op_PartSelect.i10.i70.i32.i32, i70 %layer15_out_read, i32 60, i32 69" [firmware/nnet_utils/nnet_dense_stream.h:43->firmware/nnet_utils/nnet_dense_stream.h:93]   --->   Operation 29 'partselect' 'data_6' <Predicate = (do_init)> <Delay = 0.00>
ST_3 : Operation 30 [1/1] (0.00ns)   --->   "%data_1 = partselect i10 @_ssdm_op_PartSelect.i10.i70.i32.i32, i70 %layer15_out_read, i32 10, i32 19" [firmware/nnet_utils/nnet_dense_stream.h:43->firmware/nnet_utils/nnet_dense_stream.h:93]   --->   Operation 30 'partselect' 'data_1' <Predicate = (do_init)> <Delay = 0.00>
ST_3 : Operation 31 [1/1] (0.00ns)   --->   "%data_2 = partselect i10 @_ssdm_op_PartSelect.i10.i70.i32.i32, i70 %layer15_out_read, i32 20, i32 29" [firmware/nnet_utils/nnet_dense_stream.h:43->firmware/nnet_utils/nnet_dense_stream.h:93]   --->   Operation 31 'partselect' 'data_2' <Predicate = (do_init)> <Delay = 0.00>
ST_3 : Operation 32 [1/1] (0.00ns)   --->   "%data_3 = partselect i10 @_ssdm_op_PartSelect.i10.i70.i32.i32, i70 %layer15_out_read, i32 30, i32 39" [firmware/nnet_utils/nnet_dense_stream.h:43->firmware/nnet_utils/nnet_dense_stream.h:93]   --->   Operation 32 'partselect' 'data_3' <Predicate = (do_init)> <Delay = 0.00>
ST_3 : Operation 33 [1/1] (0.00ns)   --->   "%data_4 = partselect i10 @_ssdm_op_PartSelect.i10.i70.i32.i32, i70 %layer15_out_read, i32 40, i32 49" [firmware/nnet_utils/nnet_dense_stream.h:43->firmware/nnet_utils/nnet_dense_stream.h:93]   --->   Operation 33 'partselect' 'data_4' <Predicate = (do_init)> <Delay = 0.00>
ST_3 : Operation 34 [1/1] (0.38ns)   --->   "%br_ln42 = br void %for.body13.split.i.i" [firmware/nnet_utils/nnet_dense_resource.h:42->firmware/nnet_utils/nnet_dense_resource.h:240->firmware/nnet_utils/nnet_dense_stream.h:24->firmware/nnet_utils/nnet_dense_stream.h:97]   --->   Operation 34 'br' 'br_ln42' <Predicate = (do_init)> <Delay = 0.38>
ST_3 : Operation 35 [1/1] (0.00ns)   --->   "%data_4_phi = phi i10 %data_4, void %rewind_init, i10 %data_4_rewind, void %rewind_header"   --->   Operation 35 'phi' 'data_4_phi' <Predicate = true> <Delay = 0.00>
ST_3 : Operation 36 [1/1] (0.00ns)   --->   "%data_3_phi = phi i10 %data_3, void %rewind_init, i10 %data_3_rewind, void %rewind_header"   --->   Operation 36 'phi' 'data_3_phi' <Predicate = true> <Delay = 0.00>
ST_3 : Operation 37 [1/1] (0.00ns)   --->   "%data_2_phi = phi i10 %data_2, void %rewind_init, i10 %data_2_rewind, void %rewind_header"   --->   Operation 37 'phi' 'data_2_phi' <Predicate = true> <Delay = 0.00>
ST_3 : Operation 38 [1/1] (0.00ns)   --->   "%data_1_phi = phi i10 %data_1, void %rewind_init, i10 %data_1_rewind, void %rewind_header"   --->   Operation 38 'phi' 'data_1_phi' <Predicate = true> <Delay = 0.00>
ST_3 : Operation 39 [1/1] (0.00ns)   --->   "%data_6_phi = phi i10 %data_6, void %rewind_init, i10 %data_6_rewind, void %rewind_header"   --->   Operation 39 'phi' 'data_6_phi' <Predicate = true> <Delay = 0.00>
ST_3 : Operation 40 [1/1] (0.00ns)   --->   "%data_5_phi = phi i10 %data_5, void %rewind_init, i10 %data_5_rewind, void %rewind_header"   --->   Operation 40 'phi' 'data_5_phi' <Predicate = true> <Delay = 0.00>
ST_3 : Operation 41 [1/1] (0.00ns)   --->   "%p_phi = phi i10 %data, void %rewind_init, i10 %p_rewind, void %rewind_header"   --->   Operation 41 'phi' 'p_phi' <Predicate = true> <Delay = 0.00>
ST_3 : Operation 42 [1/1] (0.00ns)   --->   "%specpipeline_ln43 = specpipeline void @_ssdm_op_SpecPipeline, i32 1, i32 0, i32 0, i32 0, void @empty_6" [firmware/nnet_utils/nnet_dense_resource.h:43->firmware/nnet_utils/nnet_dense_resource.h:240->firmware/nnet_utils/nnet_dense_stream.h:24->firmware/nnet_utils/nnet_dense_stream.h:97]   --->   Operation 42 'specpipeline' 'specpipeline_ln43' <Predicate = true> <Delay = 0.00>
ST_3 : Operation 43 [1/1] (0.00ns)   --->   "%speclooptripcount_ln45 = speclooptripcount void @_ssdm_op_SpecLoopTripCount, i64 7, i64 7, i64 7" [firmware/nnet_utils/nnet_dense_resource.h:45->firmware/nnet_utils/nnet_dense_resource.h:240->firmware/nnet_utils/nnet_dense_stream.h:24->firmware/nnet_utils/nnet_dense_stream.h:97]   --->   Operation 43 'speclooptripcount' 'speclooptripcount_ln45' <Predicate = true> <Delay = 0.00>
ST_3 : Operation 44 [1/1] (0.00ns)   --->   "%specloopname_ln42 = specloopname void @_ssdm_op_SpecLoopName, void @empty_0" [firmware/nnet_utils/nnet_dense_resource.h:42->firmware/nnet_utils/nnet_dense_resource.h:240->firmware/nnet_utils/nnet_dense_stream.h:24->firmware/nnet_utils/nnet_dense_stream.h:97]   --->   Operation 44 'specloopname' 'specloopname_ln42' <Predicate = true> <Delay = 0.00>
ST_3 : Operation 45 [1/1] (0.55ns)   --->   "%a = mux i10 @_ssdm_op_Mux.ap_auto.7i10.i3, i10 %p_phi, i10 %data_1_phi, i10 %data_2_phi, i10 %data_3_phi, i10 %data_4_phi, i10 %data_5_phi, i10 %data_6_phi, i3 %in_index3" [firmware/nnet_utils/nnet_dense_stream.h:43->firmware/nnet_utils/nnet_dense_stream.h:93]   --->   Operation 45 'mux' 'a' <Predicate = true> <Delay = 0.55> <CoreInst = "Multiplexer">   --->   Core 76 'Multiplexer' <Latency = 0> <II = 1> <Delay = 0.55> <FuncUnit> <Opcode : 'mux'> <InPorts = 2> <OutPorts = 1>
ST_3 : Operation 46 [1/2] (0.68ns)   --->   "%w = load i3 %w16_addr" [firmware/nnet_utils/nnet_dense_resource.h:55->firmware/nnet_utils/nnet_dense_resource.h:240->firmware/nnet_utils/nnet_dense_stream.h:24->firmware/nnet_utils/nnet_dense_stream.h:97]   --->   Operation 46 'load' 'w' <Predicate = true> <Delay = 0.68> <CoreInst = "ROM">   --->   Core 101 'ROM' <Latency = 1> <II = 1> <Delay = 0.68> <Storage> <Opcode : 'load'> <Ports = 0> <Width = 10> <Depth = 7> <ROM>
ST_3 : Operation 47 [1/1] (0.00ns)   --->   "%zext_ln73 = zext i10 %a" [firmware/nnet_utils/nnet_mult.h:73->firmware/nnet_utils/nnet_dense_resource.h:54->firmware/nnet_utils/nnet_dense_resource.h:240->firmware/nnet_utils/nnet_dense_stream.h:24->firmware/nnet_utils/nnet_dense_stream.h:97]   --->   Operation 47 'zext' 'zext_ln73' <Predicate = true> <Delay = 0.00>
ST_3 : Operation 48 [1/1] (0.00ns)   --->   "%sext_ln73 = sext i10 %w" [firmware/nnet_utils/nnet_mult.h:73->firmware/nnet_utils/nnet_dense_resource.h:54->firmware/nnet_utils/nnet_dense_resource.h:240->firmware/nnet_utils/nnet_dense_stream.h:24->firmware/nnet_utils/nnet_dense_stream.h:97]   --->   Operation 48 'sext' 'sext_ln73' <Predicate = true> <Delay = 0.00>
ST_3 : Operation 49 [1/1] (1.70ns)   --->   "%mul_ln73 = mul i20 %sext_ln73, i20 %zext_ln73" [firmware/nnet_utils/nnet_mult.h:73->firmware/nnet_utils/nnet_dense_resource.h:54->firmware/nnet_utils/nnet_dense_resource.h:240->firmware/nnet_utils/nnet_dense_stream.h:24->firmware/nnet_utils/nnet_dense_stream.h:97]   --->   Operation 49 'mul' 'mul_ln73' <Predicate = true> <Delay = 1.70> <CoreInst = "Multiplier">   --->   Core 3 'Multiplier' <Latency = 0> <II = 1> <Delay = 1.70> <FuncUnit> <Opcode : 'mul'> <InPorts = 2> <OutPorts = 1>
ST_3 : Operation 50 [1/1] (0.00ns)   --->   "%trunc_ln = partselect i13 @_ssdm_op_PartSelect.i13.i20.i32.i32, i20 %mul_ln73, i32 7, i32 19" [firmware/nnet_utils/nnet_dense_resource.h:53->firmware/nnet_utils/nnet_dense_resource.h:240->firmware/nnet_utils/nnet_dense_stream.h:24->firmware/nnet_utils/nnet_dense_stream.h:97]   --->   Operation 50 'partselect' 'trunc_ln' <Predicate = true> <Delay = 0.00>
ST_3 : Operation 51 [1/1] (0.00ns)   --->   "%sext_ln53 = sext i13 %trunc_ln" [firmware/nnet_utils/nnet_dense_resource.h:53->firmware/nnet_utils/nnet_dense_resource.h:240->firmware/nnet_utils/nnet_dense_stream.h:24->firmware/nnet_utils/nnet_dense_stream.h:97]   --->   Operation 51 'sext' 'sext_ln53' <Predicate = true> <Delay = 0.00>
ST_3 : Operation 52 [1/1] (0.77ns)   --->   "%x = add i15 %sext_ln53, i15 %res4" [firmware/nnet_utils/nnet_dense_resource.h:53->firmware/nnet_utils/nnet_dense_resource.h:240->firmware/nnet_utils/nnet_dense_stream.h:24->firmware/nnet_utils/nnet_dense_stream.h:97]   --->   Operation 52 'add' 'x' <Predicate = true> <Delay = 0.77> <CoreInst = "Adder">   --->   Core 1 'Adder' <Latency = 0> <II = 1> <Delay = 0.77> <FuncUnit> <Opcode : 'add' 'sub'> <InPorts = 2> <OutPorts = 1>
ST_3 : Operation 53 [1/1] (0.00ns)   --->   "%sext_ln111 = sext i15 %x" [firmware/nnet_utils/nnet_mult.h:111->firmware/nnet_utils/nnet_dense_resource.h:76->firmware/nnet_utils/nnet_dense_resource.h:240->firmware/nnet_utils/nnet_dense_stream.h:24->firmware/nnet_utils/nnet_dense_stream.h:97]   --->   Operation 53 'sext' 'sext_ln111' <Predicate = (icmp_ln42)> <Delay = 0.00>
ST_3 : Operation 54 [1/1] (0.00ns)   --->   "%rend = specregionend i32 @_ssdm_op_SpecRegionEnd, void @nnet_KD_KD_dense_resource_MD_ap_ufixed_MD_10_MC_AC_0_MC_AC_IC_ap_q_mode_JC_4, i32 %rbegin" [firmware/nnet_utils/nnet_dense_stream.h:53->firmware/nnet_utils/nnet_dense_stream.h:100]   --->   Operation 54 'specregionend' 'rend' <Predicate = (icmp_ln42)> <Delay = 0.00>
ST_3 : Operation 55 [1/1] (1.34ns)   --->   "%write_ln77 = write void @_ssdm_op_Write.ap_fifo.volatile.i16P0A, i16 %layer16_out, i16 %sext_ln111" [firmware/nnet_utils/nnet_dense_stream.h:77->firmware/nnet_utils/nnet_dense_stream.h:100]   --->   Operation 55 'write' 'write_ln77' <Predicate = (icmp_ln42)> <Delay = 1.34> <CoreInst = "FIFO_SRL">   --->   Core 81 'FIFO_SRL' <Latency = 0> <II = 1> <Delay = 1.34> <Storage> <Opcode : 'read' 'write' 'nbread' 'nbwrite'> <Ports = 0> <Width = 16> <Depth = 1> <FIFO>
ST_3 : Operation 56 [1/1] (0.00ns)   --->   "%return_ln101 = return void @_ssdm_op_Return" [firmware/nnet_utils/nnet_dense_stream.h:101]   --->   Operation 56 'return' 'return_ln101' <Predicate = (icmp_ln42)> <Delay = 0.00>


============================================================
+ Verbose Summary: Timing violations
============================================================
Target clock period: 25.000ns, clock uncertainty: 6.750ns.

 <State 1>: 0.387ns
The critical path consists of the following:
	multiplexor before 'phi' operation ('do_init') [9]  (0.387 ns)

 <State 2>: 0.683ns
The critical path consists of the following:
	'phi' operation ('in_index') with incoming values : ('in_index', firmware/nnet_utils/nnet_dense_resource.h:42->firmware/nnet_utils/nnet_dense_resource.h:240->firmware/nnet_utils/nnet_dense_stream.h:24->firmware/nnet_utils/nnet_dense_stream.h:97) [18]  (0.000 ns)
	'getelementptr' operation ('w16_addr', firmware/nnet_utils/nnet_dense_resource.h:55->firmware/nnet_utils/nnet_dense_resource.h:240->firmware/nnet_utils/nnet_dense_stream.h:24->firmware/nnet_utils/nnet_dense_stream.h:97) [43]  (0.000 ns)
	'load' operation ('w', firmware/nnet_utils/nnet_dense_resource.h:55->firmware/nnet_utils/nnet_dense_resource.h:240->firmware/nnet_utils/nnet_dense_stream.h:24->firmware/nnet_utils/nnet_dense_stream.h:97) on array 'w16' [44]  (0.683 ns)

 <State 3>: 6.164ns
The critical path consists of the following:
	fifo read operation ('layer15_out_read', firmware/nnet_utils/nnet_dense_stream.h:43->firmware/nnet_utils/nnet_dense_stream.h:93) on port 'layer15_out' (firmware/nnet_utils/nnet_dense_stream.h:43->firmware/nnet_utils/nnet_dense_stream.h:93) [21]  (1.405 ns)
	multiplexor before 'phi' operation ('data') with incoming values : ('data', firmware/nnet_utils/nnet_dense_stream.h:43->firmware/nnet_utils/nnet_dense_stream.h:93) [37]  (0.387 ns)
	'phi' operation ('data') with incoming values : ('data', firmware/nnet_utils/nnet_dense_stream.h:43->firmware/nnet_utils/nnet_dense_stream.h:93) [37]  (0.000 ns)
	'mux' operation ('a', firmware/nnet_utils/nnet_dense_stream.h:43->firmware/nnet_utils/nnet_dense_stream.h:93) [42]  (0.551 ns)
	'mul' operation ('mul_ln73', firmware/nnet_utils/nnet_mult.h:73->firmware/nnet_utils/nnet_dense_resource.h:54->firmware/nnet_utils/nnet_dense_resource.h:240->firmware/nnet_utils/nnet_dense_stream.h:24->firmware/nnet_utils/nnet_dense_stream.h:97) [47]  (1.700 ns)
	'add' operation ('x', firmware/nnet_utils/nnet_dense_resource.h:53->firmware/nnet_utils/nnet_dense_resource.h:240->firmware/nnet_utils/nnet_dense_stream.h:24->firmware/nnet_utils/nnet_dense_stream.h:97) [50]  (0.775 ns)
	fifo write operation ('write_ln77', firmware/nnet_utils/nnet_dense_stream.h:77->firmware/nnet_utils/nnet_dense_stream.h:100) on port 'layer16_out' (firmware/nnet_utils/nnet_dense_stream.h:77->firmware/nnet_utils/nnet_dense_stream.h:100) [57]  (1.346 ns)


============================================================
+ Verbose Summary: Binding
============================================================
N/A
* FSMD analyzer results:
  - Output states:
 - Input state : 
  - Chain level:
	State 1
	State 2
	State 3


============================================================
+ Verbose Summary: Datapath Resource usage 
============================================================
N/A
