

================================================================
== Vitis HLS Report for 'dense_array_ap_fixed_43u_array_ap_fixed_16_6_5_3_0_7u_config13_s'
================================================================
* Date:           Mon May 20 13:45:16 2024

* Version:        2023.1 (Build 3854077 on May  4 2023)
* Project:        myproject_prj
* Solution:       solution1 (Vivado IP Flow Target)
* Product family: virtexuplus
* Target device:  xcvu13p-flga2577-2-e


================================================================
== Performance Estimates
================================================================
+ Timing: 
    * Summary: 
    +--------+----------+----------+------------+
    |  Clock |  Target  | Estimated| Uncertainty|
    +--------+----------+----------+------------+
    |ap_clk  |  25.00 ns|  7.015 ns|     6.75 ns|
    +--------+----------+----------+------------+

+ Latency: 
    * Summary: 
    +---------+---------+----------+----------+-----+-----+------------------------------------------+
    |  Latency (cycles) |  Latency (absolute) |  Interval |                 Pipeline                 |
    |   min   |   max   |    min   |    max   | min | max |                   Type                   |
    +---------+---------+----------+----------+-----+-----+------------------------------------------+
    |      301|      302|  7.525 us|  7.550 us|  301|  301|  loop rewind stp(delay=0 clock cycles(s))|
    +---------+---------+----------+----------+-----+-----+------------------------------------------+

    + Detail: 
        * Instance: 
        N/A

        * Loop: 
        +-------------+---------+---------+----------+-----------+-----------+------+----------+
        |             |  Latency (cycles) | Iteration|  Initiation Interval  | Trip |          |
        |  Loop Name  |   min   |   max   |  Latency |  achieved |   target  | Count| Pipelined|
        +-------------+---------+---------+----------+-----------+-----------+------+----------+
        |- ReuseLoop  |      301|      301|         2|          1|          1|   301|       yes|
        +-------------+---------+---------+----------+-----------+-----------+------+----------+

============================================================
+ Verbose Summary: Synthesis Manager
============================================================
InlineROM: 1
ExposeGlobal: 0
============================================================
+ Verbose Summary: CDFG Model
============================================================
IsTopModel: 0
ResetActiveHigh: 1
IsCombinational: 2
IsDatapathOnly: 0
HasWiredReturn: 1
HasMFsm: 2
HasVarLatency: 1
IsPipeline: 0
IsRtlPipelined: 0
IsInstanceOverlapped: 0
IsDontTouch: 0
HasImplIP: 0
IsGatedGlobalClock: 0

+ Individual pipeline summary: 
  * Pipeline-0: initiation interval (II) = 1, depth = 2


============================================================
+ Verbose Summary: Schedule
============================================================
* Number of FSM states : 3
* Pipeline : 1
  Pipeline-0 : II = 1, D = 2, States = { 2 3 }
* Dataflow Pipeline: 0

* FSM state transitions: 
1 --> 2 
2 --> 3 
3 --> 2 

* FSM state operations: 

State 1 <SV = 0> <Delay = 0.38>
ST_1 : Operation 4 [1/1] (0.00ns)   --->   "%specinterface_ln0 = specinterface void @_ssdm_op_SpecInterface, i112 %layer13_out, void @empty_7, i32 0, i32 0, void @empty_6, i32 0, i32 0, void @empty_6, void @empty_6, void @empty_6, i32 0, i32 0, i32 0, i32 0, void @empty_6, void @empty_6, i32 4294967295, i32 0"   --->   Operation 4 'specinterface' 'specinterface_ln0' <Predicate = true> <Delay = 0.00>
ST_1 : Operation 5 [1/1] (0.00ns)   --->   "%specinterface_ln0 = specinterface void @_ssdm_op_SpecInterface, i688 %layer12_out, void @empty_7, i32 0, i32 0, void @empty_6, i32 0, i32 0, void @empty_6, void @empty_6, void @empty_6, i32 0, i32 0, i32 0, i32 0, void @empty_6, void @empty_6, i32 4294967295, i32 0"   --->   Operation 5 'specinterface' 'specinterface_ln0' <Predicate = true> <Delay = 0.00>
ST_1 : Operation 6 [1/1] (0.00ns)   --->   "%rbegin = specregionbegin i32 @_ssdm_op_SpecRegionBegin, void @nnet_KD_KD_dense_resource_MD_ap_fixed_MD_16_MC_AC_6_MC_AC_IC_ap_q_mode_JC_5_s" [firmware/nnet_utils/nnet_dense_stream.h:24->firmware/nnet_utils/nnet_dense_stream.h:97]   --->   Operation 6 'specregionbegin' 'rbegin' <Predicate = true> <Delay = 0.00>
ST_1 : Operation 7 [1/1] (0.38ns)   --->   "%br_ln124 = br void %rewind_header" [firmware/nnet_utils/nnet_dense_resource.h:124->firmware/nnet_utils/nnet_dense_resource.h:242->firmware/nnet_utils/nnet_dense_stream.h:24->firmware/nnet_utils/nnet_dense_stream.h:97]   --->   Operation 7 'br' 'br_ln124' <Predicate = true> <Delay = 0.38>

State 2 <SV = 1> <Delay = 1.17>
ST_2 : Operation 8 [1/1] (0.00ns)   --->   "%do_init = phi i1 1, void %nnet::dense_resource<ap_fixed<16, 6, (ap_q_mode)5, (ap_o_mode)3, 0>, ap_fixed<16, 6, (ap_q_mode)5, (ap_o_mode)3, 0>, config13>.region_begin, i1 0, void %for.body27.split.i.i_ifconv, i1 1, void %nnet::dense_resource<ap_fixed<16, 6, (ap_q_mode)5, (ap_o_mode)3, 0>, ap_fixed<16, 6, (ap_q_mode)5, (ap_o_mode)3, 0>, config13>.region_end"   --->   Operation 8 'phi' 'do_init' <Predicate = true> <Delay = 0.00>
ST_2 : Operation 9 [1/1] (0.00ns)   --->   "%ir23 = phi i9 0, void %nnet::dense_resource<ap_fixed<16, 6, (ap_q_mode)5, (ap_o_mode)3, 0>, ap_fixed<16, 6, (ap_q_mode)5, (ap_o_mode)3, 0>, config13>.region_begin, i9 %ir, void %for.body27.split.i.i_ifconv, i9 0, void %nnet::dense_resource<ap_fixed<16, 6, (ap_q_mode)5, (ap_o_mode)3, 0>, ap_fixed<16, 6, (ap_q_mode)5, (ap_o_mode)3, 0>, config13>.region_end"   --->   Operation 9 'phi' 'ir23' <Predicate = true> <Delay = 0.00>
ST_2 : Operation 10 [1/1] (0.00ns)   --->   "%zext_ln124 = zext i9 %ir23" [firmware/nnet_utils/nnet_dense_resource.h:124->firmware/nnet_utils/nnet_dense_resource.h:242->firmware/nnet_utils/nnet_dense_stream.h:24->firmware/nnet_utils/nnet_dense_stream.h:97]   --->   Operation 10 'zext' 'zext_ln124' <Predicate = true> <Delay = 0.00>
ST_2 : Operation 11 [1/1] (0.00ns)   --->   "%outidx_addr = getelementptr i3 %outidx, i64 0, i64 %zext_ln124" [firmware/nnet_utils/nnet_dense_resource.h:127->firmware/nnet_utils/nnet_dense_resource.h:242->firmware/nnet_utils/nnet_dense_stream.h:24->firmware/nnet_utils/nnet_dense_stream.h:97]   --->   Operation 11 'getelementptr' 'outidx_addr' <Predicate = true> <Delay = 0.00>
ST_2 : Operation 12 [2/2] (0.66ns)   --->   "%out_index = load i9 %outidx_addr" [firmware/nnet_utils/nnet_dense_resource.h:110->firmware/nnet_utils/nnet_dense_resource.h:242->firmware/nnet_utils/nnet_dense_stream.h:24->firmware/nnet_utils/nnet_dense_stream.h:97]   --->   Operation 12 'load' 'out_index' <Predicate = true> <Delay = 0.66> <CoreInst = "ROM">   --->   Core 101 'ROM' <Latency = 1> <II = 1> <Delay = 0.66> <Storage> <Opcode : 'load'> <Ports = 0> <Width = 3> <Depth = 301> <ROM>
ST_2 : Operation 13 [1/1] (0.00ns)   --->   "%w13_addr = getelementptr i9 %w13, i64 0, i64 %zext_ln124" [firmware/nnet_utils/nnet_dense_resource.h:135->firmware/nnet_utils/nnet_dense_resource.h:242->firmware/nnet_utils/nnet_dense_stream.h:24->firmware/nnet_utils/nnet_dense_stream.h:97]   --->   Operation 13 'getelementptr' 'w13_addr' <Predicate = true> <Delay = 0.00>
ST_2 : Operation 14 [2/2] (1.17ns)   --->   "%w = load i9 %w13_addr" [firmware/nnet_utils/nnet_dense_resource.h:135->firmware/nnet_utils/nnet_dense_resource.h:242->firmware/nnet_utils/nnet_dense_stream.h:24->firmware/nnet_utils/nnet_dense_stream.h:97]   --->   Operation 14 'load' 'w' <Predicate = true> <Delay = 1.17> <CoreInst = "ROM">   --->   Core 101 'ROM' <Latency = 1> <II = 1> <Delay = 1.17> <Storage> <Opcode : 'load'> <Ports = 0> <Width = 9> <Depth = 301> <ROM>
ST_2 : Operation 15 [1/1] (0.71ns)   --->   "%ir = add i9 %ir23, i9 1" [firmware/nnet_utils/nnet_dense_resource.h:124->firmware/nnet_utils/nnet_dense_resource.h:242->firmware/nnet_utils/nnet_dense_stream.h:24->firmware/nnet_utils/nnet_dense_stream.h:97]   --->   Operation 15 'add' 'ir' <Predicate = true> <Delay = 0.71> <CoreInst = "Adder">   --->   Core 1 'Adder' <Latency = 0> <II = 1> <Delay = 0.71> <FuncUnit> <Opcode : 'add' 'sub'> <InPorts = 2> <OutPorts = 1>
ST_2 : Operation 16 [1/1] (0.71ns)   --->   "%icmp_ln124 = icmp_eq  i9 %ir23, i9 300" [firmware/nnet_utils/nnet_dense_resource.h:124->firmware/nnet_utils/nnet_dense_resource.h:242->firmware/nnet_utils/nnet_dense_stream.h:24->firmware/nnet_utils/nnet_dense_stream.h:97]   --->   Operation 16 'icmp' 'icmp_ln124' <Predicate = true> <Delay = 0.71> <CoreInst = "Cmp">   --->   Core 9 'Cmp' <Latency = 0> <II = 1> <Delay = 0.71> <FuncUnit> <Opcode : 'icmp'> <InPorts = 2> <OutPorts = 1>
ST_2 : Operation 17 [1/1] (0.00ns)   --->   "%br_ln124 = br i1 %icmp_ln124, void %rewind_header, void %nnet::dense_resource<ap_fixed<16, 6, (ap_q_mode)5, (ap_o_mode)3, 0>, ap_fixed<16, 6, (ap_q_mode)5, (ap_o_mode)3, 0>, config13>.region_end" [firmware/nnet_utils/nnet_dense_resource.h:124->firmware/nnet_utils/nnet_dense_resource.h:242->firmware/nnet_utils/nnet_dense_stream.h:24->firmware/nnet_utils/nnet_dense_stream.h:97]   --->   Operation 17 'br' 'br_ln124' <Predicate = true> <Delay = 0.00>
ST_2 : Operation 18 [1/1] (0.00ns)   --->   "%br_ln101 = br void %rewind_header" [firmware/nnet_utils/nnet_dense_stream.h:101]   --->   Operation 18 'br' 'br_ln101' <Predicate = (icmp_ln124)> <Delay = 0.00>

State 3 <SV = 2> <Delay = 7.01>
ST_3 : Operation 19 [1/1] (0.00ns)   --->   "%data_39_rewind = phi i16 0, void %nnet::dense_resource<ap_fixed<16, 6, (ap_q_mode)5, (ap_o_mode)3, 0>, ap_fixed<16, 6, (ap_q_mode)5, (ap_o_mode)3, 0>, config13>.region_begin, i16 %data_39_phi, void %for.body27.split.i.i_ifconv, i16 0, void %nnet::dense_resource<ap_fixed<16, 6, (ap_q_mode)5, (ap_o_mode)3, 0>, ap_fixed<16, 6, (ap_q_mode)5, (ap_o_mode)3, 0>, config13>.region_end" [firmware/nnet_utils/nnet_dense_stream.h:43->firmware/nnet_utils/nnet_dense_stream.h:93]   --->   Operation 19 'phi' 'data_39_rewind' <Predicate = true> <Delay = 0.00>
ST_3 : Operation 20 [1/1] (0.00ns)   --->   "%data_38_rewind = phi i16 0, void %nnet::dense_resource<ap_fixed<16, 6, (ap_q_mode)5, (ap_o_mode)3, 0>, ap_fixed<16, 6, (ap_q_mode)5, (ap_o_mode)3, 0>, config13>.region_begin, i16 %data_38_phi, void %for.body27.split.i.i_ifconv, i16 0, void %nnet::dense_resource<ap_fixed<16, 6, (ap_q_mode)5, (ap_o_mode)3, 0>, ap_fixed<16, 6, (ap_q_mode)5, (ap_o_mode)3, 0>, config13>.region_end" [firmware/nnet_utils/nnet_dense_stream.h:43->firmware/nnet_utils/nnet_dense_stream.h:93]   --->   Operation 20 'phi' 'data_38_rewind' <Predicate = true> <Delay = 0.00>
ST_3 : Operation 21 [1/1] (0.00ns)   --->   "%data_37_rewind = phi i16 0, void %nnet::dense_resource<ap_fixed<16, 6, (ap_q_mode)5, (ap_o_mode)3, 0>, ap_fixed<16, 6, (ap_q_mode)5, (ap_o_mode)3, 0>, config13>.region_begin, i16 %data_37_phi, void %for.body27.split.i.i_ifconv, i16 0, void %nnet::dense_resource<ap_fixed<16, 6, (ap_q_mode)5, (ap_o_mode)3, 0>, ap_fixed<16, 6, (ap_q_mode)5, (ap_o_mode)3, 0>, config13>.region_end" [firmware/nnet_utils/nnet_dense_stream.h:43->firmware/nnet_utils/nnet_dense_stream.h:93]   --->   Operation 21 'phi' 'data_37_rewind' <Predicate = true> <Delay = 0.00>
ST_3 : Operation 22 [1/1] (0.00ns)   --->   "%data_36_rewind = phi i16 0, void %nnet::dense_resource<ap_fixed<16, 6, (ap_q_mode)5, (ap_o_mode)3, 0>, ap_fixed<16, 6, (ap_q_mode)5, (ap_o_mode)3, 0>, config13>.region_begin, i16 %data_36_phi, void %for.body27.split.i.i_ifconv, i16 0, void %nnet::dense_resource<ap_fixed<16, 6, (ap_q_mode)5, (ap_o_mode)3, 0>, ap_fixed<16, 6, (ap_q_mode)5, (ap_o_mode)3, 0>, config13>.region_end" [firmware/nnet_utils/nnet_dense_stream.h:43->firmware/nnet_utils/nnet_dense_stream.h:93]   --->   Operation 22 'phi' 'data_36_rewind' <Predicate = true> <Delay = 0.00>
ST_3 : Operation 23 [1/1] (0.00ns)   --->   "%data_35_rewind = phi i16 0, void %nnet::dense_resource<ap_fixed<16, 6, (ap_q_mode)5, (ap_o_mode)3, 0>, ap_fixed<16, 6, (ap_q_mode)5, (ap_o_mode)3, 0>, config13>.region_begin, i16 %data_35_phi, void %for.body27.split.i.i_ifconv, i16 0, void %nnet::dense_resource<ap_fixed<16, 6, (ap_q_mode)5, (ap_o_mode)3, 0>, ap_fixed<16, 6, (ap_q_mode)5, (ap_o_mode)3, 0>, config13>.region_end" [firmware/nnet_utils/nnet_dense_stream.h:43->firmware/nnet_utils/nnet_dense_stream.h:93]   --->   Operation 23 'phi' 'data_35_rewind' <Predicate = true> <Delay = 0.00>
ST_3 : Operation 24 [1/1] (0.00ns)   --->   "%data_34_rewind = phi i16 0, void %nnet::dense_resource<ap_fixed<16, 6, (ap_q_mode)5, (ap_o_mode)3, 0>, ap_fixed<16, 6, (ap_q_mode)5, (ap_o_mode)3, 0>, config13>.region_begin, i16 %data_34_phi, void %for.body27.split.i.i_ifconv, i16 0, void %nnet::dense_resource<ap_fixed<16, 6, (ap_q_mode)5, (ap_o_mode)3, 0>, ap_fixed<16, 6, (ap_q_mode)5, (ap_o_mode)3, 0>, config13>.region_end" [firmware/nnet_utils/nnet_dense_stream.h:43->firmware/nnet_utils/nnet_dense_stream.h:93]   --->   Operation 24 'phi' 'data_34_rewind' <Predicate = true> <Delay = 0.00>
ST_3 : Operation 25 [1/1] (0.00ns)   --->   "%data_33_rewind = phi i16 0, void %nnet::dense_resource<ap_fixed<16, 6, (ap_q_mode)5, (ap_o_mode)3, 0>, ap_fixed<16, 6, (ap_q_mode)5, (ap_o_mode)3, 0>, config13>.region_begin, i16 %data_33_phi, void %for.body27.split.i.i_ifconv, i16 0, void %nnet::dense_resource<ap_fixed<16, 6, (ap_q_mode)5, (ap_o_mode)3, 0>, ap_fixed<16, 6, (ap_q_mode)5, (ap_o_mode)3, 0>, config13>.region_end" [firmware/nnet_utils/nnet_dense_stream.h:43->firmware/nnet_utils/nnet_dense_stream.h:93]   --->   Operation 25 'phi' 'data_33_rewind' <Predicate = true> <Delay = 0.00>
ST_3 : Operation 26 [1/1] (0.00ns)   --->   "%data_32_rewind = phi i16 0, void %nnet::dense_resource<ap_fixed<16, 6, (ap_q_mode)5, (ap_o_mode)3, 0>, ap_fixed<16, 6, (ap_q_mode)5, (ap_o_mode)3, 0>, config13>.region_begin, i16 %data_32_phi, void %for.body27.split.i.i_ifconv, i16 0, void %nnet::dense_resource<ap_fixed<16, 6, (ap_q_mode)5, (ap_o_mode)3, 0>, ap_fixed<16, 6, (ap_q_mode)5, (ap_o_mode)3, 0>, config13>.region_end" [firmware/nnet_utils/nnet_dense_stream.h:43->firmware/nnet_utils/nnet_dense_stream.h:93]   --->   Operation 26 'phi' 'data_32_rewind' <Predicate = true> <Delay = 0.00>
ST_3 : Operation 27 [1/1] (0.00ns)   --->   "%data_31_rewind = phi i16 0, void %nnet::dense_resource<ap_fixed<16, 6, (ap_q_mode)5, (ap_o_mode)3, 0>, ap_fixed<16, 6, (ap_q_mode)5, (ap_o_mode)3, 0>, config13>.region_begin, i16 %data_31_phi, void %for.body27.split.i.i_ifconv, i16 0, void %nnet::dense_resource<ap_fixed<16, 6, (ap_q_mode)5, (ap_o_mode)3, 0>, ap_fixed<16, 6, (ap_q_mode)5, (ap_o_mode)3, 0>, config13>.region_end" [firmware/nnet_utils/nnet_dense_stream.h:43->firmware/nnet_utils/nnet_dense_stream.h:93]   --->   Operation 27 'phi' 'data_31_rewind' <Predicate = true> <Delay = 0.00>
ST_3 : Operation 28 [1/1] (0.00ns)   --->   "%data_30_rewind = phi i16 0, void %nnet::dense_resource<ap_fixed<16, 6, (ap_q_mode)5, (ap_o_mode)3, 0>, ap_fixed<16, 6, (ap_q_mode)5, (ap_o_mode)3, 0>, config13>.region_begin, i16 %data_30_phi, void %for.body27.split.i.i_ifconv, i16 0, void %nnet::dense_resource<ap_fixed<16, 6, (ap_q_mode)5, (ap_o_mode)3, 0>, ap_fixed<16, 6, (ap_q_mode)5, (ap_o_mode)3, 0>, config13>.region_end" [firmware/nnet_utils/nnet_dense_stream.h:43->firmware/nnet_utils/nnet_dense_stream.h:93]   --->   Operation 28 'phi' 'data_30_rewind' <Predicate = true> <Delay = 0.00>
ST_3 : Operation 29 [1/1] (0.00ns)   --->   "%data_29_rewind = phi i16 0, void %nnet::dense_resource<ap_fixed<16, 6, (ap_q_mode)5, (ap_o_mode)3, 0>, ap_fixed<16, 6, (ap_q_mode)5, (ap_o_mode)3, 0>, config13>.region_begin, i16 %data_29_phi, void %for.body27.split.i.i_ifconv, i16 0, void %nnet::dense_resource<ap_fixed<16, 6, (ap_q_mode)5, (ap_o_mode)3, 0>, ap_fixed<16, 6, (ap_q_mode)5, (ap_o_mode)3, 0>, config13>.region_end" [firmware/nnet_utils/nnet_dense_stream.h:43->firmware/nnet_utils/nnet_dense_stream.h:93]   --->   Operation 29 'phi' 'data_29_rewind' <Predicate = true> <Delay = 0.00>
ST_3 : Operation 30 [1/1] (0.00ns)   --->   "%data_28_rewind = phi i16 0, void %nnet::dense_resource<ap_fixed<16, 6, (ap_q_mode)5, (ap_o_mode)3, 0>, ap_fixed<16, 6, (ap_q_mode)5, (ap_o_mode)3, 0>, config13>.region_begin, i16 %data_28_phi, void %for.body27.split.i.i_ifconv, i16 0, void %nnet::dense_resource<ap_fixed<16, 6, (ap_q_mode)5, (ap_o_mode)3, 0>, ap_fixed<16, 6, (ap_q_mode)5, (ap_o_mode)3, 0>, config13>.region_end" [firmware/nnet_utils/nnet_dense_stream.h:43->firmware/nnet_utils/nnet_dense_stream.h:93]   --->   Operation 30 'phi' 'data_28_rewind' <Predicate = true> <Delay = 0.00>
ST_3 : Operation 31 [1/1] (0.00ns)   --->   "%data_27_rewind = phi i16 0, void %nnet::dense_resource<ap_fixed<16, 6, (ap_q_mode)5, (ap_o_mode)3, 0>, ap_fixed<16, 6, (ap_q_mode)5, (ap_o_mode)3, 0>, config13>.region_begin, i16 %data_27_phi, void %for.body27.split.i.i_ifconv, i16 0, void %nnet::dense_resource<ap_fixed<16, 6, (ap_q_mode)5, (ap_o_mode)3, 0>, ap_fixed<16, 6, (ap_q_mode)5, (ap_o_mode)3, 0>, config13>.region_end" [firmware/nnet_utils/nnet_dense_stream.h:43->firmware/nnet_utils/nnet_dense_stream.h:93]   --->   Operation 31 'phi' 'data_27_rewind' <Predicate = true> <Delay = 0.00>
ST_3 : Operation 32 [1/1] (0.00ns)   --->   "%data_26_rewind = phi i16 0, void %nnet::dense_resource<ap_fixed<16, 6, (ap_q_mode)5, (ap_o_mode)3, 0>, ap_fixed<16, 6, (ap_q_mode)5, (ap_o_mode)3, 0>, config13>.region_begin, i16 %data_26_phi, void %for.body27.split.i.i_ifconv, i16 0, void %nnet::dense_resource<ap_fixed<16, 6, (ap_q_mode)5, (ap_o_mode)3, 0>, ap_fixed<16, 6, (ap_q_mode)5, (ap_o_mode)3, 0>, config13>.region_end" [firmware/nnet_utils/nnet_dense_stream.h:43->firmware/nnet_utils/nnet_dense_stream.h:93]   --->   Operation 32 'phi' 'data_26_rewind' <Predicate = true> <Delay = 0.00>
ST_3 : Operation 33 [1/1] (0.00ns)   --->   "%data_25_rewind = phi i16 0, void %nnet::dense_resource<ap_fixed<16, 6, (ap_q_mode)5, (ap_o_mode)3, 0>, ap_fixed<16, 6, (ap_q_mode)5, (ap_o_mode)3, 0>, config13>.region_begin, i16 %data_25_phi, void %for.body27.split.i.i_ifconv, i16 0, void %nnet::dense_resource<ap_fixed<16, 6, (ap_q_mode)5, (ap_o_mode)3, 0>, ap_fixed<16, 6, (ap_q_mode)5, (ap_o_mode)3, 0>, config13>.region_end" [firmware/nnet_utils/nnet_dense_stream.h:43->firmware/nnet_utils/nnet_dense_stream.h:93]   --->   Operation 33 'phi' 'data_25_rewind' <Predicate = true> <Delay = 0.00>
ST_3 : Operation 34 [1/1] (0.00ns)   --->   "%data_24_rewind = phi i16 0, void %nnet::dense_resource<ap_fixed<16, 6, (ap_q_mode)5, (ap_o_mode)3, 0>, ap_fixed<16, 6, (ap_q_mode)5, (ap_o_mode)3, 0>, config13>.region_begin, i16 %data_24_phi, void %for.body27.split.i.i_ifconv, i16 0, void %nnet::dense_resource<ap_fixed<16, 6, (ap_q_mode)5, (ap_o_mode)3, 0>, ap_fixed<16, 6, (ap_q_mode)5, (ap_o_mode)3, 0>, config13>.region_end" [firmware/nnet_utils/nnet_dense_stream.h:43->firmware/nnet_utils/nnet_dense_stream.h:93]   --->   Operation 34 'phi' 'data_24_rewind' <Predicate = true> <Delay = 0.00>
ST_3 : Operation 35 [1/1] (0.00ns)   --->   "%data_23_rewind = phi i16 0, void %nnet::dense_resource<ap_fixed<16, 6, (ap_q_mode)5, (ap_o_mode)3, 0>, ap_fixed<16, 6, (ap_q_mode)5, (ap_o_mode)3, 0>, config13>.region_begin, i16 %data_23_phi, void %for.body27.split.i.i_ifconv, i16 0, void %nnet::dense_resource<ap_fixed<16, 6, (ap_q_mode)5, (ap_o_mode)3, 0>, ap_fixed<16, 6, (ap_q_mode)5, (ap_o_mode)3, 0>, config13>.region_end" [firmware/nnet_utils/nnet_dense_stream.h:43->firmware/nnet_utils/nnet_dense_stream.h:93]   --->   Operation 35 'phi' 'data_23_rewind' <Predicate = true> <Delay = 0.00>
ST_3 : Operation 36 [1/1] (0.00ns)   --->   "%data_22_rewind = phi i16 0, void %nnet::dense_resource<ap_fixed<16, 6, (ap_q_mode)5, (ap_o_mode)3, 0>, ap_fixed<16, 6, (ap_q_mode)5, (ap_o_mode)3, 0>, config13>.region_begin, i16 %data_22_phi, void %for.body27.split.i.i_ifconv, i16 0, void %nnet::dense_resource<ap_fixed<16, 6, (ap_q_mode)5, (ap_o_mode)3, 0>, ap_fixed<16, 6, (ap_q_mode)5, (ap_o_mode)3, 0>, config13>.region_end" [firmware/nnet_utils/nnet_dense_stream.h:43->firmware/nnet_utils/nnet_dense_stream.h:93]   --->   Operation 36 'phi' 'data_22_rewind' <Predicate = true> <Delay = 0.00>
ST_3 : Operation 37 [1/1] (0.00ns)   --->   "%data_21_rewind = phi i16 0, void %nnet::dense_resource<ap_fixed<16, 6, (ap_q_mode)5, (ap_o_mode)3, 0>, ap_fixed<16, 6, (ap_q_mode)5, (ap_o_mode)3, 0>, config13>.region_begin, i16 %data_21_phi, void %for.body27.split.i.i_ifconv, i16 0, void %nnet::dense_resource<ap_fixed<16, 6, (ap_q_mode)5, (ap_o_mode)3, 0>, ap_fixed<16, 6, (ap_q_mode)5, (ap_o_mode)3, 0>, config13>.region_end" [firmware/nnet_utils/nnet_dense_stream.h:43->firmware/nnet_utils/nnet_dense_stream.h:93]   --->   Operation 37 'phi' 'data_21_rewind' <Predicate = true> <Delay = 0.00>
ST_3 : Operation 38 [1/1] (0.00ns)   --->   "%data_20_rewind = phi i16 0, void %nnet::dense_resource<ap_fixed<16, 6, (ap_q_mode)5, (ap_o_mode)3, 0>, ap_fixed<16, 6, (ap_q_mode)5, (ap_o_mode)3, 0>, config13>.region_begin, i16 %data_20_phi, void %for.body27.split.i.i_ifconv, i16 0, void %nnet::dense_resource<ap_fixed<16, 6, (ap_q_mode)5, (ap_o_mode)3, 0>, ap_fixed<16, 6, (ap_q_mode)5, (ap_o_mode)3, 0>, config13>.region_end" [firmware/nnet_utils/nnet_dense_stream.h:43->firmware/nnet_utils/nnet_dense_stream.h:93]   --->   Operation 38 'phi' 'data_20_rewind' <Predicate = true> <Delay = 0.00>
ST_3 : Operation 39 [1/1] (0.00ns)   --->   "%data_19_rewind = phi i16 0, void %nnet::dense_resource<ap_fixed<16, 6, (ap_q_mode)5, (ap_o_mode)3, 0>, ap_fixed<16, 6, (ap_q_mode)5, (ap_o_mode)3, 0>, config13>.region_begin, i16 %data_19_phi, void %for.body27.split.i.i_ifconv, i16 0, void %nnet::dense_resource<ap_fixed<16, 6, (ap_q_mode)5, (ap_o_mode)3, 0>, ap_fixed<16, 6, (ap_q_mode)5, (ap_o_mode)3, 0>, config13>.region_end" [firmware/nnet_utils/nnet_dense_stream.h:43->firmware/nnet_utils/nnet_dense_stream.h:93]   --->   Operation 39 'phi' 'data_19_rewind' <Predicate = true> <Delay = 0.00>
ST_3 : Operation 40 [1/1] (0.00ns)   --->   "%data_18_rewind = phi i16 0, void %nnet::dense_resource<ap_fixed<16, 6, (ap_q_mode)5, (ap_o_mode)3, 0>, ap_fixed<16, 6, (ap_q_mode)5, (ap_o_mode)3, 0>, config13>.region_begin, i16 %data_18_phi, void %for.body27.split.i.i_ifconv, i16 0, void %nnet::dense_resource<ap_fixed<16, 6, (ap_q_mode)5, (ap_o_mode)3, 0>, ap_fixed<16, 6, (ap_q_mode)5, (ap_o_mode)3, 0>, config13>.region_end" [firmware/nnet_utils/nnet_dense_stream.h:43->firmware/nnet_utils/nnet_dense_stream.h:93]   --->   Operation 40 'phi' 'data_18_rewind' <Predicate = true> <Delay = 0.00>
ST_3 : Operation 41 [1/1] (0.00ns)   --->   "%data_17_rewind = phi i16 0, void %nnet::dense_resource<ap_fixed<16, 6, (ap_q_mode)5, (ap_o_mode)3, 0>, ap_fixed<16, 6, (ap_q_mode)5, (ap_o_mode)3, 0>, config13>.region_begin, i16 %data_17_phi, void %for.body27.split.i.i_ifconv, i16 0, void %nnet::dense_resource<ap_fixed<16, 6, (ap_q_mode)5, (ap_o_mode)3, 0>, ap_fixed<16, 6, (ap_q_mode)5, (ap_o_mode)3, 0>, config13>.region_end" [firmware/nnet_utils/nnet_dense_stream.h:43->firmware/nnet_utils/nnet_dense_stream.h:93]   --->   Operation 41 'phi' 'data_17_rewind' <Predicate = true> <Delay = 0.00>
ST_3 : Operation 42 [1/1] (0.00ns)   --->   "%data_16_rewind = phi i16 0, void %nnet::dense_resource<ap_fixed<16, 6, (ap_q_mode)5, (ap_o_mode)3, 0>, ap_fixed<16, 6, (ap_q_mode)5, (ap_o_mode)3, 0>, config13>.region_begin, i16 %data_16_phi, void %for.body27.split.i.i_ifconv, i16 0, void %nnet::dense_resource<ap_fixed<16, 6, (ap_q_mode)5, (ap_o_mode)3, 0>, ap_fixed<16, 6, (ap_q_mode)5, (ap_o_mode)3, 0>, config13>.region_end" [firmware/nnet_utils/nnet_dense_stream.h:43->firmware/nnet_utils/nnet_dense_stream.h:93]   --->   Operation 42 'phi' 'data_16_rewind' <Predicate = true> <Delay = 0.00>
ST_3 : Operation 43 [1/1] (0.00ns)   --->   "%data_15_rewind = phi i16 0, void %nnet::dense_resource<ap_fixed<16, 6, (ap_q_mode)5, (ap_o_mode)3, 0>, ap_fixed<16, 6, (ap_q_mode)5, (ap_o_mode)3, 0>, config13>.region_begin, i16 %data_15_phi, void %for.body27.split.i.i_ifconv, i16 0, void %nnet::dense_resource<ap_fixed<16, 6, (ap_q_mode)5, (ap_o_mode)3, 0>, ap_fixed<16, 6, (ap_q_mode)5, (ap_o_mode)3, 0>, config13>.region_end" [firmware/nnet_utils/nnet_dense_stream.h:43->firmware/nnet_utils/nnet_dense_stream.h:93]   --->   Operation 43 'phi' 'data_15_rewind' <Predicate = true> <Delay = 0.00>
ST_3 : Operation 44 [1/1] (0.00ns)   --->   "%data_14_rewind = phi i16 0, void %nnet::dense_resource<ap_fixed<16, 6, (ap_q_mode)5, (ap_o_mode)3, 0>, ap_fixed<16, 6, (ap_q_mode)5, (ap_o_mode)3, 0>, config13>.region_begin, i16 %data_14_phi, void %for.body27.split.i.i_ifconv, i16 0, void %nnet::dense_resource<ap_fixed<16, 6, (ap_q_mode)5, (ap_o_mode)3, 0>, ap_fixed<16, 6, (ap_q_mode)5, (ap_o_mode)3, 0>, config13>.region_end" [firmware/nnet_utils/nnet_dense_stream.h:43->firmware/nnet_utils/nnet_dense_stream.h:93]   --->   Operation 44 'phi' 'data_14_rewind' <Predicate = true> <Delay = 0.00>
ST_3 : Operation 45 [1/1] (0.00ns)   --->   "%data_13_rewind = phi i16 0, void %nnet::dense_resource<ap_fixed<16, 6, (ap_q_mode)5, (ap_o_mode)3, 0>, ap_fixed<16, 6, (ap_q_mode)5, (ap_o_mode)3, 0>, config13>.region_begin, i16 %data_13_phi, void %for.body27.split.i.i_ifconv, i16 0, void %nnet::dense_resource<ap_fixed<16, 6, (ap_q_mode)5, (ap_o_mode)3, 0>, ap_fixed<16, 6, (ap_q_mode)5, (ap_o_mode)3, 0>, config13>.region_end" [firmware/nnet_utils/nnet_dense_stream.h:43->firmware/nnet_utils/nnet_dense_stream.h:93]   --->   Operation 45 'phi' 'data_13_rewind' <Predicate = true> <Delay = 0.00>
ST_3 : Operation 46 [1/1] (0.00ns)   --->   "%data_12_rewind = phi i16 0, void %nnet::dense_resource<ap_fixed<16, 6, (ap_q_mode)5, (ap_o_mode)3, 0>, ap_fixed<16, 6, (ap_q_mode)5, (ap_o_mode)3, 0>, config13>.region_begin, i16 %data_12_phi, void %for.body27.split.i.i_ifconv, i16 0, void %nnet::dense_resource<ap_fixed<16, 6, (ap_q_mode)5, (ap_o_mode)3, 0>, ap_fixed<16, 6, (ap_q_mode)5, (ap_o_mode)3, 0>, config13>.region_end" [firmware/nnet_utils/nnet_dense_stream.h:43->firmware/nnet_utils/nnet_dense_stream.h:93]   --->   Operation 46 'phi' 'data_12_rewind' <Predicate = true> <Delay = 0.00>
ST_3 : Operation 47 [1/1] (0.00ns)   --->   "%data_11_rewind = phi i16 0, void %nnet::dense_resource<ap_fixed<16, 6, (ap_q_mode)5, (ap_o_mode)3, 0>, ap_fixed<16, 6, (ap_q_mode)5, (ap_o_mode)3, 0>, config13>.region_begin, i16 %data_11_phi, void %for.body27.split.i.i_ifconv, i16 0, void %nnet::dense_resource<ap_fixed<16, 6, (ap_q_mode)5, (ap_o_mode)3, 0>, ap_fixed<16, 6, (ap_q_mode)5, (ap_o_mode)3, 0>, config13>.region_end" [firmware/nnet_utils/nnet_dense_stream.h:43->firmware/nnet_utils/nnet_dense_stream.h:93]   --->   Operation 47 'phi' 'data_11_rewind' <Predicate = true> <Delay = 0.00>
ST_3 : Operation 48 [1/1] (0.00ns)   --->   "%data_10_rewind = phi i16 0, void %nnet::dense_resource<ap_fixed<16, 6, (ap_q_mode)5, (ap_o_mode)3, 0>, ap_fixed<16, 6, (ap_q_mode)5, (ap_o_mode)3, 0>, config13>.region_begin, i16 %data_10_phi, void %for.body27.split.i.i_ifconv, i16 0, void %nnet::dense_resource<ap_fixed<16, 6, (ap_q_mode)5, (ap_o_mode)3, 0>, ap_fixed<16, 6, (ap_q_mode)5, (ap_o_mode)3, 0>, config13>.region_end" [firmware/nnet_utils/nnet_dense_stream.h:43->firmware/nnet_utils/nnet_dense_stream.h:93]   --->   Operation 48 'phi' 'data_10_rewind' <Predicate = true> <Delay = 0.00>
ST_3 : Operation 49 [1/1] (0.00ns)   --->   "%data_6_rewind = phi i16 0, void %nnet::dense_resource<ap_fixed<16, 6, (ap_q_mode)5, (ap_o_mode)3, 0>, ap_fixed<16, 6, (ap_q_mode)5, (ap_o_mode)3, 0>, config13>.region_begin, i16 %data_6_phi, void %for.body27.split.i.i_ifconv, i16 0, void %nnet::dense_resource<ap_fixed<16, 6, (ap_q_mode)5, (ap_o_mode)3, 0>, ap_fixed<16, 6, (ap_q_mode)5, (ap_o_mode)3, 0>, config13>.region_end" [firmware/nnet_utils/nnet_dense_stream.h:43->firmware/nnet_utils/nnet_dense_stream.h:93]   --->   Operation 49 'phi' 'data_6_rewind' <Predicate = true> <Delay = 0.00>
ST_3 : Operation 50 [1/1] (0.00ns)   --->   "%data_5_rewind = phi i16 0, void %nnet::dense_resource<ap_fixed<16, 6, (ap_q_mode)5, (ap_o_mode)3, 0>, ap_fixed<16, 6, (ap_q_mode)5, (ap_o_mode)3, 0>, config13>.region_begin, i16 %data_5_phi, void %for.body27.split.i.i_ifconv, i16 0, void %nnet::dense_resource<ap_fixed<16, 6, (ap_q_mode)5, (ap_o_mode)3, 0>, ap_fixed<16, 6, (ap_q_mode)5, (ap_o_mode)3, 0>, config13>.region_end" [firmware/nnet_utils/nnet_dense_stream.h:43->firmware/nnet_utils/nnet_dense_stream.h:93]   --->   Operation 50 'phi' 'data_5_rewind' <Predicate = true> <Delay = 0.00>
ST_3 : Operation 51 [1/1] (0.00ns)   --->   "%data_4_rewind = phi i16 0, void %nnet::dense_resource<ap_fixed<16, 6, (ap_q_mode)5, (ap_o_mode)3, 0>, ap_fixed<16, 6, (ap_q_mode)5, (ap_o_mode)3, 0>, config13>.region_begin, i16 %data_4_phi, void %for.body27.split.i.i_ifconv, i16 0, void %nnet::dense_resource<ap_fixed<16, 6, (ap_q_mode)5, (ap_o_mode)3, 0>, ap_fixed<16, 6, (ap_q_mode)5, (ap_o_mode)3, 0>, config13>.region_end" [firmware/nnet_utils/nnet_dense_stream.h:43->firmware/nnet_utils/nnet_dense_stream.h:93]   --->   Operation 51 'phi' 'data_4_rewind' <Predicate = true> <Delay = 0.00>
ST_3 : Operation 52 [1/1] (0.00ns)   --->   "%data_3_rewind = phi i16 0, void %nnet::dense_resource<ap_fixed<16, 6, (ap_q_mode)5, (ap_o_mode)3, 0>, ap_fixed<16, 6, (ap_q_mode)5, (ap_o_mode)3, 0>, config13>.region_begin, i16 %data_3_phi, void %for.body27.split.i.i_ifconv, i16 0, void %nnet::dense_resource<ap_fixed<16, 6, (ap_q_mode)5, (ap_o_mode)3, 0>, ap_fixed<16, 6, (ap_q_mode)5, (ap_o_mode)3, 0>, config13>.region_end" [firmware/nnet_utils/nnet_dense_stream.h:43->firmware/nnet_utils/nnet_dense_stream.h:93]   --->   Operation 52 'phi' 'data_3_rewind' <Predicate = true> <Delay = 0.00>
ST_3 : Operation 53 [1/1] (0.00ns)   --->   "%data_2_rewind = phi i16 0, void %nnet::dense_resource<ap_fixed<16, 6, (ap_q_mode)5, (ap_o_mode)3, 0>, ap_fixed<16, 6, (ap_q_mode)5, (ap_o_mode)3, 0>, config13>.region_begin, i16 %data_2_phi, void %for.body27.split.i.i_ifconv, i16 0, void %nnet::dense_resource<ap_fixed<16, 6, (ap_q_mode)5, (ap_o_mode)3, 0>, ap_fixed<16, 6, (ap_q_mode)5, (ap_o_mode)3, 0>, config13>.region_end" [firmware/nnet_utils/nnet_dense_stream.h:43->firmware/nnet_utils/nnet_dense_stream.h:93]   --->   Operation 53 'phi' 'data_2_rewind' <Predicate = true> <Delay = 0.00>
ST_3 : Operation 54 [1/1] (0.00ns)   --->   "%data_1_rewind = phi i16 0, void %nnet::dense_resource<ap_fixed<16, 6, (ap_q_mode)5, (ap_o_mode)3, 0>, ap_fixed<16, 6, (ap_q_mode)5, (ap_o_mode)3, 0>, config13>.region_begin, i16 %data_1_phi, void %for.body27.split.i.i_ifconv, i16 0, void %nnet::dense_resource<ap_fixed<16, 6, (ap_q_mode)5, (ap_o_mode)3, 0>, ap_fixed<16, 6, (ap_q_mode)5, (ap_o_mode)3, 0>, config13>.region_end" [firmware/nnet_utils/nnet_dense_stream.h:43->firmware/nnet_utils/nnet_dense_stream.h:93]   --->   Operation 54 'phi' 'data_1_rewind' <Predicate = true> <Delay = 0.00>
ST_3 : Operation 55 [1/1] (0.00ns)   --->   "%data_40_rewind = phi i16 0, void %nnet::dense_resource<ap_fixed<16, 6, (ap_q_mode)5, (ap_o_mode)3, 0>, ap_fixed<16, 6, (ap_q_mode)5, (ap_o_mode)3, 0>, config13>.region_begin, i16 %data_40_phi, void %for.body27.split.i.i_ifconv, i16 0, void %nnet::dense_resource<ap_fixed<16, 6, (ap_q_mode)5, (ap_o_mode)3, 0>, ap_fixed<16, 6, (ap_q_mode)5, (ap_o_mode)3, 0>, config13>.region_end" [firmware/nnet_utils/nnet_dense_stream.h:43->firmware/nnet_utils/nnet_dense_stream.h:93]   --->   Operation 55 'phi' 'data_40_rewind' <Predicate = true> <Delay = 0.00>
ST_3 : Operation 56 [1/1] (0.00ns)   --->   "%data_9_rewind = phi i16 0, void %nnet::dense_resource<ap_fixed<16, 6, (ap_q_mode)5, (ap_o_mode)3, 0>, ap_fixed<16, 6, (ap_q_mode)5, (ap_o_mode)3, 0>, config13>.region_begin, i16 %data_9_phi, void %for.body27.split.i.i_ifconv, i16 0, void %nnet::dense_resource<ap_fixed<16, 6, (ap_q_mode)5, (ap_o_mode)3, 0>, ap_fixed<16, 6, (ap_q_mode)5, (ap_o_mode)3, 0>, config13>.region_end" [firmware/nnet_utils/nnet_dense_stream.h:43->firmware/nnet_utils/nnet_dense_stream.h:93]   --->   Operation 56 'phi' 'data_9_rewind' <Predicate = true> <Delay = 0.00>
ST_3 : Operation 57 [1/1] (0.00ns)   --->   "%data_8_rewind = phi i16 0, void %nnet::dense_resource<ap_fixed<16, 6, (ap_q_mode)5, (ap_o_mode)3, 0>, ap_fixed<16, 6, (ap_q_mode)5, (ap_o_mode)3, 0>, config13>.region_begin, i16 %data_8_phi, void %for.body27.split.i.i_ifconv, i16 0, void %nnet::dense_resource<ap_fixed<16, 6, (ap_q_mode)5, (ap_o_mode)3, 0>, ap_fixed<16, 6, (ap_q_mode)5, (ap_o_mode)3, 0>, config13>.region_end" [firmware/nnet_utils/nnet_dense_stream.h:43->firmware/nnet_utils/nnet_dense_stream.h:93]   --->   Operation 57 'phi' 'data_8_rewind' <Predicate = true> <Delay = 0.00>
ST_3 : Operation 58 [1/1] (0.00ns)   --->   "%data_7_rewind = phi i16 0, void %nnet::dense_resource<ap_fixed<16, 6, (ap_q_mode)5, (ap_o_mode)3, 0>, ap_fixed<16, 6, (ap_q_mode)5, (ap_o_mode)3, 0>, config13>.region_begin, i16 %data_7_phi, void %for.body27.split.i.i_ifconv, i16 0, void %nnet::dense_resource<ap_fixed<16, 6, (ap_q_mode)5, (ap_o_mode)3, 0>, ap_fixed<16, 6, (ap_q_mode)5, (ap_o_mode)3, 0>, config13>.region_end" [firmware/nnet_utils/nnet_dense_stream.h:43->firmware/nnet_utils/nnet_dense_stream.h:93]   --->   Operation 58 'phi' 'data_7_rewind' <Predicate = true> <Delay = 0.00>
ST_3 : Operation 59 [1/1] (0.00ns)   --->   "%data_41_rewind = phi i16 0, void %nnet::dense_resource<ap_fixed<16, 6, (ap_q_mode)5, (ap_o_mode)3, 0>, ap_fixed<16, 6, (ap_q_mode)5, (ap_o_mode)3, 0>, config13>.region_begin, i16 %data_41_phi, void %for.body27.split.i.i_ifconv, i16 0, void %nnet::dense_resource<ap_fixed<16, 6, (ap_q_mode)5, (ap_o_mode)3, 0>, ap_fixed<16, 6, (ap_q_mode)5, (ap_o_mode)3, 0>, config13>.region_end" [firmware/nnet_utils/nnet_dense_stream.h:43->firmware/nnet_utils/nnet_dense_stream.h:93]   --->   Operation 59 'phi' 'data_41_rewind' <Predicate = true> <Delay = 0.00>
ST_3 : Operation 60 [1/1] (0.00ns)   --->   "%data_42_rewind = phi i16 0, void %nnet::dense_resource<ap_fixed<16, 6, (ap_q_mode)5, (ap_o_mode)3, 0>, ap_fixed<16, 6, (ap_q_mode)5, (ap_o_mode)3, 0>, config13>.region_begin, i16 %data_42_phi, void %for.body27.split.i.i_ifconv, i16 0, void %nnet::dense_resource<ap_fixed<16, 6, (ap_q_mode)5, (ap_o_mode)3, 0>, ap_fixed<16, 6, (ap_q_mode)5, (ap_o_mode)3, 0>, config13>.region_end" [firmware/nnet_utils/nnet_dense_stream.h:43->firmware/nnet_utils/nnet_dense_stream.h:93]   --->   Operation 60 'phi' 'data_42_rewind' <Predicate = true> <Delay = 0.00>
ST_3 : Operation 61 [1/1] (0.00ns)   --->   "%p_rewind = phi i16 0, void %nnet::dense_resource<ap_fixed<16, 6, (ap_q_mode)5, (ap_o_mode)3, 0>, ap_fixed<16, 6, (ap_q_mode)5, (ap_o_mode)3, 0>, config13>.region_begin, i16 %p_phi, void %for.body27.split.i.i_ifconv, i16 0, void %nnet::dense_resource<ap_fixed<16, 6, (ap_q_mode)5, (ap_o_mode)3, 0>, ap_fixed<16, 6, (ap_q_mode)5, (ap_o_mode)3, 0>, config13>.region_end" [firmware/nnet_utils/nnet_dense_stream.h:43->firmware/nnet_utils/nnet_dense_stream.h:93]   --->   Operation 61 'phi' 'p_rewind' <Predicate = true> <Delay = 0.00>
ST_3 : Operation 62 [1/1] (0.00ns)   --->   "%in_index24 = phi i6 0, void %nnet::dense_resource<ap_fixed<16, 6, (ap_q_mode)5, (ap_o_mode)3, 0>, ap_fixed<16, 6, (ap_q_mode)5, (ap_o_mode)3, 0>, config13>.region_begin, i6 %in_index, void %for.body27.split.i.i_ifconv, i6 0, void %nnet::dense_resource<ap_fixed<16, 6, (ap_q_mode)5, (ap_o_mode)3, 0>, ap_fixed<16, 6, (ap_q_mode)5, (ap_o_mode)3, 0>, config13>.region_end"   --->   Operation 62 'phi' 'in_index24' <Predicate = true> <Delay = 0.00>
ST_3 : Operation 63 [1/1] (0.00ns)   --->   "%acc22 = phi i15 32624, void %nnet::dense_resource<ap_fixed<16, 6, (ap_q_mode)5, (ap_o_mode)3, 0>, ap_fixed<16, 6, (ap_q_mode)5, (ap_o_mode)3, 0>, config13>.region_begin, i15 %acc, void %for.body27.split.i.i_ifconv, i15 32624, void %nnet::dense_resource<ap_fixed<16, 6, (ap_q_mode)5, (ap_o_mode)3, 0>, ap_fixed<16, 6, (ap_q_mode)5, (ap_o_mode)3, 0>, config13>.region_end"   --->   Operation 63 'phi' 'acc22' <Predicate = true> <Delay = 0.00>
ST_3 : Operation 64 [1/1] (0.00ns)   --->   "%acc_2520 = phi i15 32616, void %nnet::dense_resource<ap_fixed<16, 6, (ap_q_mode)5, (ap_o_mode)3, 0>, ap_fixed<16, 6, (ap_q_mode)5, (ap_o_mode)3, 0>, config13>.region_begin, i15 %acc_31, void %for.body27.split.i.i_ifconv, i15 32616, void %nnet::dense_resource<ap_fixed<16, 6, (ap_q_mode)5, (ap_o_mode)3, 0>, ap_fixed<16, 6, (ap_q_mode)5, (ap_o_mode)3, 0>, config13>.region_end"   --->   Operation 64 'phi' 'acc_2520' <Predicate = true> <Delay = 0.00>
ST_3 : Operation 65 [1/1] (0.00ns)   --->   "%acc_2618 = phi i15 80, void %nnet::dense_resource<ap_fixed<16, 6, (ap_q_mode)5, (ap_o_mode)3, 0>, ap_fixed<16, 6, (ap_q_mode)5, (ap_o_mode)3, 0>, config13>.region_begin, i15 %acc_32, void %for.body27.split.i.i_ifconv, i15 80, void %nnet::dense_resource<ap_fixed<16, 6, (ap_q_mode)5, (ap_o_mode)3, 0>, ap_fixed<16, 6, (ap_q_mode)5, (ap_o_mode)3, 0>, config13>.region_end"   --->   Operation 65 'phi' 'acc_2618' <Predicate = true> <Delay = 0.00>
ST_3 : Operation 66 [1/1] (0.00ns)   --->   "%acc_2716 = phi i15 152, void %nnet::dense_resource<ap_fixed<16, 6, (ap_q_mode)5, (ap_o_mode)3, 0>, ap_fixed<16, 6, (ap_q_mode)5, (ap_o_mode)3, 0>, config13>.region_begin, i15 %acc_33, void %for.body27.split.i.i_ifconv, i15 152, void %nnet::dense_resource<ap_fixed<16, 6, (ap_q_mode)5, (ap_o_mode)3, 0>, ap_fixed<16, 6, (ap_q_mode)5, (ap_o_mode)3, 0>, config13>.region_end"   --->   Operation 66 'phi' 'acc_2716' <Predicate = true> <Delay = 0.00>
ST_3 : Operation 67 [1/1] (0.00ns)   --->   "%acc_2814 = phi i15 32632, void %nnet::dense_resource<ap_fixed<16, 6, (ap_q_mode)5, (ap_o_mode)3, 0>, ap_fixed<16, 6, (ap_q_mode)5, (ap_o_mode)3, 0>, config13>.region_begin, i15 %acc_34, void %for.body27.split.i.i_ifconv, i15 32632, void %nnet::dense_resource<ap_fixed<16, 6, (ap_q_mode)5, (ap_o_mode)3, 0>, ap_fixed<16, 6, (ap_q_mode)5, (ap_o_mode)3, 0>, config13>.region_end"   --->   Operation 67 'phi' 'acc_2814' <Predicate = true> <Delay = 0.00>
ST_3 : Operation 68 [1/1] (0.00ns)   --->   "%acc_2912 = phi i15 32704, void %nnet::dense_resource<ap_fixed<16, 6, (ap_q_mode)5, (ap_o_mode)3, 0>, ap_fixed<16, 6, (ap_q_mode)5, (ap_o_mode)3, 0>, config13>.region_begin, i15 %acc_35, void %for.body27.split.i.i_ifconv, i15 32704, void %nnet::dense_resource<ap_fixed<16, 6, (ap_q_mode)5, (ap_o_mode)3, 0>, ap_fixed<16, 6, (ap_q_mode)5, (ap_o_mode)3, 0>, config13>.region_end"   --->   Operation 68 'phi' 'acc_2912' <Predicate = true> <Delay = 0.00>
ST_3 : Operation 69 [1/1] (0.00ns)   --->   "%acc_3010 = phi i15 64, void %nnet::dense_resource<ap_fixed<16, 6, (ap_q_mode)5, (ap_o_mode)3, 0>, ap_fixed<16, 6, (ap_q_mode)5, (ap_o_mode)3, 0>, config13>.region_begin, i15 %acc_36, void %for.body27.split.i.i_ifconv, i15 64, void %nnet::dense_resource<ap_fixed<16, 6, (ap_q_mode)5, (ap_o_mode)3, 0>, ap_fixed<16, 6, (ap_q_mode)5, (ap_o_mode)3, 0>, config13>.region_end"   --->   Operation 69 'phi' 'acc_3010' <Predicate = true> <Delay = 0.00>
ST_3 : Operation 70 [1/1] (0.38ns)   --->   "%br_ln0 = br i1 %do_init, void %for.body27.split.i.i_ifconv, void %rewind_init"   --->   Operation 70 'br' 'br_ln0' <Predicate = true> <Delay = 0.38>
ST_3 : Operation 71 [1/1] (1.33ns)   --->   "%layer12_out_read = read i688 @_ssdm_op_Read.ap_fifo.volatile.i688P0A, i688 %layer12_out" [firmware/nnet_utils/nnet_dense_stream.h:43->firmware/nnet_utils/nnet_dense_stream.h:93]   --->   Operation 71 'read' 'layer12_out_read' <Predicate = (do_init)> <Delay = 1.33> <CoreInst = "FIFO_SRL">   --->   Core 81 'FIFO_SRL' <Latency = 0> <II = 1> <Delay = 1.33> <Storage> <Opcode : 'read' 'write' 'nbread' 'nbwrite'> <Ports = 0> <Width = 688> <Depth = 1> <FIFO>
ST_3 : Operation 72 [1/1] (0.00ns)   --->   "%data = trunc i688 %layer12_out_read" [firmware/nnet_utils/nnet_dense_stream.h:43->firmware/nnet_utils/nnet_dense_stream.h:93]   --->   Operation 72 'trunc' 'data' <Predicate = (do_init)> <Delay = 0.00>
ST_3 : Operation 73 [1/1] (0.00ns)   --->   "%data_42 = partselect i16 @_ssdm_op_PartSelect.i16.i688.i32.i32, i688 %layer12_out_read, i32 656, i32 671" [firmware/nnet_utils/nnet_dense_stream.h:43->firmware/nnet_utils/nnet_dense_stream.h:93]   --->   Operation 73 'partselect' 'data_42' <Predicate = (do_init)> <Delay = 0.00>
ST_3 : Operation 74 [1/1] (0.00ns)   --->   "%data_43 = partselect i16 @_ssdm_op_PartSelect.i16.i688.i32.i32, i688 %layer12_out_read, i32 672, i32 687" [firmware/nnet_utils/nnet_dense_stream.h:43->firmware/nnet_utils/nnet_dense_stream.h:93]   --->   Operation 74 'partselect' 'data_43' <Predicate = (do_init)> <Delay = 0.00>
ST_3 : Operation 75 [1/1] (0.00ns)   --->   "%data_7 = partselect i16 @_ssdm_op_PartSelect.i16.i688.i32.i32, i688 %layer12_out_read, i32 16, i32 31" [firmware/nnet_utils/nnet_dense_stream.h:43->firmware/nnet_utils/nnet_dense_stream.h:93]   --->   Operation 75 'partselect' 'data_7' <Predicate = (do_init)> <Delay = 0.00>
ST_3 : Operation 76 [1/1] (0.00ns)   --->   "%data_8 = partselect i16 @_ssdm_op_PartSelect.i16.i688.i32.i32, i688 %layer12_out_read, i32 32, i32 47" [firmware/nnet_utils/nnet_dense_stream.h:43->firmware/nnet_utils/nnet_dense_stream.h:93]   --->   Operation 76 'partselect' 'data_8' <Predicate = (do_init)> <Delay = 0.00>
ST_3 : Operation 77 [1/1] (0.00ns)   --->   "%data_9 = partselect i16 @_ssdm_op_PartSelect.i16.i688.i32.i32, i688 %layer12_out_read, i32 48, i32 63" [firmware/nnet_utils/nnet_dense_stream.h:43->firmware/nnet_utils/nnet_dense_stream.h:93]   --->   Operation 77 'partselect' 'data_9' <Predicate = (do_init)> <Delay = 0.00>
ST_3 : Operation 78 [1/1] (0.00ns)   --->   "%data_44 = partselect i16 @_ssdm_op_PartSelect.i16.i688.i32.i32, i688 %layer12_out_read, i32 64, i32 79" [firmware/nnet_utils/nnet_dense_stream.h:43->firmware/nnet_utils/nnet_dense_stream.h:93]   --->   Operation 78 'partselect' 'data_44' <Predicate = (do_init)> <Delay = 0.00>
ST_3 : Operation 79 [1/1] (0.00ns)   --->   "%data_1 = partselect i16 @_ssdm_op_PartSelect.i16.i688.i32.i32, i688 %layer12_out_read, i32 80, i32 95" [firmware/nnet_utils/nnet_dense_stream.h:43->firmware/nnet_utils/nnet_dense_stream.h:93]   --->   Operation 79 'partselect' 'data_1' <Predicate = (do_init)> <Delay = 0.00>
ST_3 : Operation 80 [1/1] (0.00ns)   --->   "%data_2 = partselect i16 @_ssdm_op_PartSelect.i16.i688.i32.i32, i688 %layer12_out_read, i32 96, i32 111" [firmware/nnet_utils/nnet_dense_stream.h:43->firmware/nnet_utils/nnet_dense_stream.h:93]   --->   Operation 80 'partselect' 'data_2' <Predicate = (do_init)> <Delay = 0.00>
ST_3 : Operation 81 [1/1] (0.00ns)   --->   "%data_3 = partselect i16 @_ssdm_op_PartSelect.i16.i688.i32.i32, i688 %layer12_out_read, i32 112, i32 127" [firmware/nnet_utils/nnet_dense_stream.h:43->firmware/nnet_utils/nnet_dense_stream.h:93]   --->   Operation 81 'partselect' 'data_3' <Predicate = (do_init)> <Delay = 0.00>
ST_3 : Operation 82 [1/1] (0.00ns)   --->   "%data_4 = partselect i16 @_ssdm_op_PartSelect.i16.i688.i32.i32, i688 %layer12_out_read, i32 128, i32 143" [firmware/nnet_utils/nnet_dense_stream.h:43->firmware/nnet_utils/nnet_dense_stream.h:93]   --->   Operation 82 'partselect' 'data_4' <Predicate = (do_init)> <Delay = 0.00>
ST_3 : Operation 83 [1/1] (0.00ns)   --->   "%data_5 = partselect i16 @_ssdm_op_PartSelect.i16.i688.i32.i32, i688 %layer12_out_read, i32 144, i32 159" [firmware/nnet_utils/nnet_dense_stream.h:43->firmware/nnet_utils/nnet_dense_stream.h:93]   --->   Operation 83 'partselect' 'data_5' <Predicate = (do_init)> <Delay = 0.00>
ST_3 : Operation 84 [1/1] (0.00ns)   --->   "%data_6 = partselect i16 @_ssdm_op_PartSelect.i16.i688.i32.i32, i688 %layer12_out_read, i32 160, i32 175" [firmware/nnet_utils/nnet_dense_stream.h:43->firmware/nnet_utils/nnet_dense_stream.h:93]   --->   Operation 84 'partselect' 'data_6' <Predicate = (do_init)> <Delay = 0.00>
ST_3 : Operation 85 [1/1] (0.00ns)   --->   "%data_45 = partselect i16 @_ssdm_op_PartSelect.i16.i688.i32.i32, i688 %layer12_out_read, i32 176, i32 191" [firmware/nnet_utils/nnet_dense_stream.h:43->firmware/nnet_utils/nnet_dense_stream.h:93]   --->   Operation 85 'partselect' 'data_45' <Predicate = (do_init)> <Delay = 0.00>
ST_3 : Operation 86 [1/1] (0.00ns)   --->   "%data_46 = partselect i16 @_ssdm_op_PartSelect.i16.i688.i32.i32, i688 %layer12_out_read, i32 192, i32 207" [firmware/nnet_utils/nnet_dense_stream.h:43->firmware/nnet_utils/nnet_dense_stream.h:93]   --->   Operation 86 'partselect' 'data_46' <Predicate = (do_init)> <Delay = 0.00>
ST_3 : Operation 87 [1/1] (0.00ns)   --->   "%data_47 = partselect i16 @_ssdm_op_PartSelect.i16.i688.i32.i32, i688 %layer12_out_read, i32 208, i32 223" [firmware/nnet_utils/nnet_dense_stream.h:43->firmware/nnet_utils/nnet_dense_stream.h:93]   --->   Operation 87 'partselect' 'data_47' <Predicate = (do_init)> <Delay = 0.00>
ST_3 : Operation 88 [1/1] (0.00ns)   --->   "%data_48 = partselect i16 @_ssdm_op_PartSelect.i16.i688.i32.i32, i688 %layer12_out_read, i32 224, i32 239" [firmware/nnet_utils/nnet_dense_stream.h:43->firmware/nnet_utils/nnet_dense_stream.h:93]   --->   Operation 88 'partselect' 'data_48' <Predicate = (do_init)> <Delay = 0.00>
ST_3 : Operation 89 [1/1] (0.00ns)   --->   "%data_49 = partselect i16 @_ssdm_op_PartSelect.i16.i688.i32.i32, i688 %layer12_out_read, i32 240, i32 255" [firmware/nnet_utils/nnet_dense_stream.h:43->firmware/nnet_utils/nnet_dense_stream.h:93]   --->   Operation 89 'partselect' 'data_49' <Predicate = (do_init)> <Delay = 0.00>
ST_3 : Operation 90 [1/1] (0.00ns)   --->   "%data_50 = partselect i16 @_ssdm_op_PartSelect.i16.i688.i32.i32, i688 %layer12_out_read, i32 256, i32 271" [firmware/nnet_utils/nnet_dense_stream.h:43->firmware/nnet_utils/nnet_dense_stream.h:93]   --->   Operation 90 'partselect' 'data_50' <Predicate = (do_init)> <Delay = 0.00>
ST_3 : Operation 91 [1/1] (0.00ns)   --->   "%data_51 = partselect i16 @_ssdm_op_PartSelect.i16.i688.i32.i32, i688 %layer12_out_read, i32 272, i32 287" [firmware/nnet_utils/nnet_dense_stream.h:43->firmware/nnet_utils/nnet_dense_stream.h:93]   --->   Operation 91 'partselect' 'data_51' <Predicate = (do_init)> <Delay = 0.00>
ST_3 : Operation 92 [1/1] (0.00ns)   --->   "%data_52 = partselect i16 @_ssdm_op_PartSelect.i16.i688.i32.i32, i688 %layer12_out_read, i32 288, i32 303" [firmware/nnet_utils/nnet_dense_stream.h:43->firmware/nnet_utils/nnet_dense_stream.h:93]   --->   Operation 92 'partselect' 'data_52' <Predicate = (do_init)> <Delay = 0.00>
ST_3 : Operation 93 [1/1] (0.00ns)   --->   "%data_53 = partselect i16 @_ssdm_op_PartSelect.i16.i688.i32.i32, i688 %layer12_out_read, i32 304, i32 319" [firmware/nnet_utils/nnet_dense_stream.h:43->firmware/nnet_utils/nnet_dense_stream.h:93]   --->   Operation 93 'partselect' 'data_53' <Predicate = (do_init)> <Delay = 0.00>
ST_3 : Operation 94 [1/1] (0.00ns)   --->   "%data_54 = partselect i16 @_ssdm_op_PartSelect.i16.i688.i32.i32, i688 %layer12_out_read, i32 320, i32 335" [firmware/nnet_utils/nnet_dense_stream.h:43->firmware/nnet_utils/nnet_dense_stream.h:93]   --->   Operation 94 'partselect' 'data_54' <Predicate = (do_init)> <Delay = 0.00>
ST_3 : Operation 95 [1/1] (0.00ns)   --->   "%data_55 = partselect i16 @_ssdm_op_PartSelect.i16.i688.i32.i32, i688 %layer12_out_read, i32 336, i32 351" [firmware/nnet_utils/nnet_dense_stream.h:43->firmware/nnet_utils/nnet_dense_stream.h:93]   --->   Operation 95 'partselect' 'data_55' <Predicate = (do_init)> <Delay = 0.00>
ST_3 : Operation 96 [1/1] (0.00ns)   --->   "%data_56 = partselect i16 @_ssdm_op_PartSelect.i16.i688.i32.i32, i688 %layer12_out_read, i32 352, i32 367" [firmware/nnet_utils/nnet_dense_stream.h:43->firmware/nnet_utils/nnet_dense_stream.h:93]   --->   Operation 96 'partselect' 'data_56' <Predicate = (do_init)> <Delay = 0.00>
ST_3 : Operation 97 [1/1] (0.00ns)   --->   "%data_57 = partselect i16 @_ssdm_op_PartSelect.i16.i688.i32.i32, i688 %layer12_out_read, i32 368, i32 383" [firmware/nnet_utils/nnet_dense_stream.h:43->firmware/nnet_utils/nnet_dense_stream.h:93]   --->   Operation 97 'partselect' 'data_57' <Predicate = (do_init)> <Delay = 0.00>
ST_3 : Operation 98 [1/1] (0.00ns)   --->   "%data_58 = partselect i16 @_ssdm_op_PartSelect.i16.i688.i32.i32, i688 %layer12_out_read, i32 384, i32 399" [firmware/nnet_utils/nnet_dense_stream.h:43->firmware/nnet_utils/nnet_dense_stream.h:93]   --->   Operation 98 'partselect' 'data_58' <Predicate = (do_init)> <Delay = 0.00>
ST_3 : Operation 99 [1/1] (0.00ns)   --->   "%data_59 = partselect i16 @_ssdm_op_PartSelect.i16.i688.i32.i32, i688 %layer12_out_read, i32 400, i32 415" [firmware/nnet_utils/nnet_dense_stream.h:43->firmware/nnet_utils/nnet_dense_stream.h:93]   --->   Operation 99 'partselect' 'data_59' <Predicate = (do_init)> <Delay = 0.00>
ST_3 : Operation 100 [1/1] (0.00ns)   --->   "%data_60 = partselect i16 @_ssdm_op_PartSelect.i16.i688.i32.i32, i688 %layer12_out_read, i32 416, i32 431" [firmware/nnet_utils/nnet_dense_stream.h:43->firmware/nnet_utils/nnet_dense_stream.h:93]   --->   Operation 100 'partselect' 'data_60' <Predicate = (do_init)> <Delay = 0.00>
ST_3 : Operation 101 [1/1] (0.00ns)   --->   "%data_61 = partselect i16 @_ssdm_op_PartSelect.i16.i688.i32.i32, i688 %layer12_out_read, i32 432, i32 447" [firmware/nnet_utils/nnet_dense_stream.h:43->firmware/nnet_utils/nnet_dense_stream.h:93]   --->   Operation 101 'partselect' 'data_61' <Predicate = (do_init)> <Delay = 0.00>
ST_3 : Operation 102 [1/1] (0.00ns)   --->   "%data_62 = partselect i16 @_ssdm_op_PartSelect.i16.i688.i32.i32, i688 %layer12_out_read, i32 448, i32 463" [firmware/nnet_utils/nnet_dense_stream.h:43->firmware/nnet_utils/nnet_dense_stream.h:93]   --->   Operation 102 'partselect' 'data_62' <Predicate = (do_init)> <Delay = 0.00>
ST_3 : Operation 103 [1/1] (0.00ns)   --->   "%data_63 = partselect i16 @_ssdm_op_PartSelect.i16.i688.i32.i32, i688 %layer12_out_read, i32 464, i32 479" [firmware/nnet_utils/nnet_dense_stream.h:43->firmware/nnet_utils/nnet_dense_stream.h:93]   --->   Operation 103 'partselect' 'data_63' <Predicate = (do_init)> <Delay = 0.00>
ST_3 : Operation 104 [1/1] (0.00ns)   --->   "%data_64 = partselect i16 @_ssdm_op_PartSelect.i16.i688.i32.i32, i688 %layer12_out_read, i32 480, i32 495" [firmware/nnet_utils/nnet_dense_stream.h:43->firmware/nnet_utils/nnet_dense_stream.h:93]   --->   Operation 104 'partselect' 'data_64' <Predicate = (do_init)> <Delay = 0.00>
ST_3 : Operation 105 [1/1] (0.00ns)   --->   "%data_65 = partselect i16 @_ssdm_op_PartSelect.i16.i688.i32.i32, i688 %layer12_out_read, i32 496, i32 511" [firmware/nnet_utils/nnet_dense_stream.h:43->firmware/nnet_utils/nnet_dense_stream.h:93]   --->   Operation 105 'partselect' 'data_65' <Predicate = (do_init)> <Delay = 0.00>
ST_3 : Operation 106 [1/1] (0.00ns)   --->   "%data_66 = partselect i16 @_ssdm_op_PartSelect.i16.i688.i32.i32, i688 %layer12_out_read, i32 512, i32 527" [firmware/nnet_utils/nnet_dense_stream.h:43->firmware/nnet_utils/nnet_dense_stream.h:93]   --->   Operation 106 'partselect' 'data_66' <Predicate = (do_init)> <Delay = 0.00>
ST_3 : Operation 107 [1/1] (0.00ns)   --->   "%data_67 = partselect i16 @_ssdm_op_PartSelect.i16.i688.i32.i32, i688 %layer12_out_read, i32 528, i32 543" [firmware/nnet_utils/nnet_dense_stream.h:43->firmware/nnet_utils/nnet_dense_stream.h:93]   --->   Operation 107 'partselect' 'data_67' <Predicate = (do_init)> <Delay = 0.00>
ST_3 : Operation 108 [1/1] (0.00ns)   --->   "%data_68 = partselect i16 @_ssdm_op_PartSelect.i16.i688.i32.i32, i688 %layer12_out_read, i32 544, i32 559" [firmware/nnet_utils/nnet_dense_stream.h:43->firmware/nnet_utils/nnet_dense_stream.h:93]   --->   Operation 108 'partselect' 'data_68' <Predicate = (do_init)> <Delay = 0.00>
ST_3 : Operation 109 [1/1] (0.00ns)   --->   "%data_69 = partselect i16 @_ssdm_op_PartSelect.i16.i688.i32.i32, i688 %layer12_out_read, i32 560, i32 575" [firmware/nnet_utils/nnet_dense_stream.h:43->firmware/nnet_utils/nnet_dense_stream.h:93]   --->   Operation 109 'partselect' 'data_69' <Predicate = (do_init)> <Delay = 0.00>
ST_3 : Operation 110 [1/1] (0.00ns)   --->   "%data_70 = partselect i16 @_ssdm_op_PartSelect.i16.i688.i32.i32, i688 %layer12_out_read, i32 576, i32 591" [firmware/nnet_utils/nnet_dense_stream.h:43->firmware/nnet_utils/nnet_dense_stream.h:93]   --->   Operation 110 'partselect' 'data_70' <Predicate = (do_init)> <Delay = 0.00>
ST_3 : Operation 111 [1/1] (0.00ns)   --->   "%data_71 = partselect i16 @_ssdm_op_PartSelect.i16.i688.i32.i32, i688 %layer12_out_read, i32 592, i32 607" [firmware/nnet_utils/nnet_dense_stream.h:43->firmware/nnet_utils/nnet_dense_stream.h:93]   --->   Operation 111 'partselect' 'data_71' <Predicate = (do_init)> <Delay = 0.00>
ST_3 : Operation 112 [1/1] (0.00ns)   --->   "%data_72 = partselect i16 @_ssdm_op_PartSelect.i16.i688.i32.i32, i688 %layer12_out_read, i32 608, i32 623" [firmware/nnet_utils/nnet_dense_stream.h:43->firmware/nnet_utils/nnet_dense_stream.h:93]   --->   Operation 112 'partselect' 'data_72' <Predicate = (do_init)> <Delay = 0.00>
ST_3 : Operation 113 [1/1] (0.00ns)   --->   "%data_73 = partselect i16 @_ssdm_op_PartSelect.i16.i688.i32.i32, i688 %layer12_out_read, i32 624, i32 639" [firmware/nnet_utils/nnet_dense_stream.h:43->firmware/nnet_utils/nnet_dense_stream.h:93]   --->   Operation 113 'partselect' 'data_73' <Predicate = (do_init)> <Delay = 0.00>
ST_3 : Operation 114 [1/1] (0.00ns)   --->   "%data_74 = partselect i16 @_ssdm_op_PartSelect.i16.i688.i32.i32, i688 %layer12_out_read, i32 640, i32 655" [firmware/nnet_utils/nnet_dense_stream.h:43->firmware/nnet_utils/nnet_dense_stream.h:93]   --->   Operation 114 'partselect' 'data_74' <Predicate = (do_init)> <Delay = 0.00>
ST_3 : Operation 115 [1/1] (0.38ns)   --->   "%br_ln124 = br void %for.body27.split.i.i_ifconv" [firmware/nnet_utils/nnet_dense_resource.h:124->firmware/nnet_utils/nnet_dense_resource.h:242->firmware/nnet_utils/nnet_dense_stream.h:24->firmware/nnet_utils/nnet_dense_stream.h:97]   --->   Operation 115 'br' 'br_ln124' <Predicate = (do_init)> <Delay = 0.38>
ST_3 : Operation 116 [1/1] (0.00ns)   --->   "%data_39_phi = phi i16 %data_74, void %rewind_init, i16 %data_39_rewind, void %rewind_header"   --->   Operation 116 'phi' 'data_39_phi' <Predicate = true> <Delay = 0.00>
ST_3 : Operation 117 [1/1] (0.00ns)   --->   "%data_38_phi = phi i16 %data_73, void %rewind_init, i16 %data_38_rewind, void %rewind_header"   --->   Operation 117 'phi' 'data_38_phi' <Predicate = true> <Delay = 0.00>
ST_3 : Operation 118 [1/1] (0.00ns)   --->   "%data_37_phi = phi i16 %data_72, void %rewind_init, i16 %data_37_rewind, void %rewind_header"   --->   Operation 118 'phi' 'data_37_phi' <Predicate = true> <Delay = 0.00>
ST_3 : Operation 119 [1/1] (0.00ns)   --->   "%data_36_phi = phi i16 %data_71, void %rewind_init, i16 %data_36_rewind, void %rewind_header"   --->   Operation 119 'phi' 'data_36_phi' <Predicate = true> <Delay = 0.00>
ST_3 : Operation 120 [1/1] (0.00ns)   --->   "%data_35_phi = phi i16 %data_70, void %rewind_init, i16 %data_35_rewind, void %rewind_header"   --->   Operation 120 'phi' 'data_35_phi' <Predicate = true> <Delay = 0.00>
ST_3 : Operation 121 [1/1] (0.00ns)   --->   "%data_34_phi = phi i16 %data_69, void %rewind_init, i16 %data_34_rewind, void %rewind_header"   --->   Operation 121 'phi' 'data_34_phi' <Predicate = true> <Delay = 0.00>
ST_3 : Operation 122 [1/1] (0.00ns)   --->   "%data_33_phi = phi i16 %data_68, void %rewind_init, i16 %data_33_rewind, void %rewind_header"   --->   Operation 122 'phi' 'data_33_phi' <Predicate = true> <Delay = 0.00>
ST_3 : Operation 123 [1/1] (0.00ns)   --->   "%data_32_phi = phi i16 %data_67, void %rewind_init, i16 %data_32_rewind, void %rewind_header"   --->   Operation 123 'phi' 'data_32_phi' <Predicate = true> <Delay = 0.00>
ST_3 : Operation 124 [1/1] (0.00ns)   --->   "%data_31_phi = phi i16 %data_66, void %rewind_init, i16 %data_31_rewind, void %rewind_header"   --->   Operation 124 'phi' 'data_31_phi' <Predicate = true> <Delay = 0.00>
ST_3 : Operation 125 [1/1] (0.00ns)   --->   "%data_30_phi = phi i16 %data_65, void %rewind_init, i16 %data_30_rewind, void %rewind_header"   --->   Operation 125 'phi' 'data_30_phi' <Predicate = true> <Delay = 0.00>
ST_3 : Operation 126 [1/1] (0.00ns)   --->   "%data_29_phi = phi i16 %data_64, void %rewind_init, i16 %data_29_rewind, void %rewind_header"   --->   Operation 126 'phi' 'data_29_phi' <Predicate = true> <Delay = 0.00>
ST_3 : Operation 127 [1/1] (0.00ns)   --->   "%data_28_phi = phi i16 %data_63, void %rewind_init, i16 %data_28_rewind, void %rewind_header"   --->   Operation 127 'phi' 'data_28_phi' <Predicate = true> <Delay = 0.00>
ST_3 : Operation 128 [1/1] (0.00ns)   --->   "%data_27_phi = phi i16 %data_62, void %rewind_init, i16 %data_27_rewind, void %rewind_header"   --->   Operation 128 'phi' 'data_27_phi' <Predicate = true> <Delay = 0.00>
ST_3 : Operation 129 [1/1] (0.00ns)   --->   "%data_26_phi = phi i16 %data_61, void %rewind_init, i16 %data_26_rewind, void %rewind_header"   --->   Operation 129 'phi' 'data_26_phi' <Predicate = true> <Delay = 0.00>
ST_3 : Operation 130 [1/1] (0.00ns)   --->   "%data_25_phi = phi i16 %data_60, void %rewind_init, i16 %data_25_rewind, void %rewind_header"   --->   Operation 130 'phi' 'data_25_phi' <Predicate = true> <Delay = 0.00>
ST_3 : Operation 131 [1/1] (0.00ns)   --->   "%data_24_phi = phi i16 %data_59, void %rewind_init, i16 %data_24_rewind, void %rewind_header"   --->   Operation 131 'phi' 'data_24_phi' <Predicate = true> <Delay = 0.00>
ST_3 : Operation 132 [1/1] (0.00ns)   --->   "%data_23_phi = phi i16 %data_58, void %rewind_init, i16 %data_23_rewind, void %rewind_header"   --->   Operation 132 'phi' 'data_23_phi' <Predicate = true> <Delay = 0.00>
ST_3 : Operation 133 [1/1] (0.00ns)   --->   "%data_22_phi = phi i16 %data_57, void %rewind_init, i16 %data_22_rewind, void %rewind_header"   --->   Operation 133 'phi' 'data_22_phi' <Predicate = true> <Delay = 0.00>
ST_3 : Operation 134 [1/1] (0.00ns)   --->   "%data_21_phi = phi i16 %data_56, void %rewind_init, i16 %data_21_rewind, void %rewind_header"   --->   Operation 134 'phi' 'data_21_phi' <Predicate = true> <Delay = 0.00>
ST_3 : Operation 135 [1/1] (0.00ns)   --->   "%data_20_phi = phi i16 %data_55, void %rewind_init, i16 %data_20_rewind, void %rewind_header"   --->   Operation 135 'phi' 'data_20_phi' <Predicate = true> <Delay = 0.00>
ST_3 : Operation 136 [1/1] (0.00ns)   --->   "%data_19_phi = phi i16 %data_54, void %rewind_init, i16 %data_19_rewind, void %rewind_header"   --->   Operation 136 'phi' 'data_19_phi' <Predicate = true> <Delay = 0.00>
ST_3 : Operation 137 [1/1] (0.00ns)   --->   "%data_18_phi = phi i16 %data_53, void %rewind_init, i16 %data_18_rewind, void %rewind_header"   --->   Operation 137 'phi' 'data_18_phi' <Predicate = true> <Delay = 0.00>
ST_3 : Operation 138 [1/1] (0.00ns)   --->   "%data_17_phi = phi i16 %data_52, void %rewind_init, i16 %data_17_rewind, void %rewind_header"   --->   Operation 138 'phi' 'data_17_phi' <Predicate = true> <Delay = 0.00>
ST_3 : Operation 139 [1/1] (0.00ns)   --->   "%data_16_phi = phi i16 %data_51, void %rewind_init, i16 %data_16_rewind, void %rewind_header"   --->   Operation 139 'phi' 'data_16_phi' <Predicate = true> <Delay = 0.00>
ST_3 : Operation 140 [1/1] (0.00ns)   --->   "%data_15_phi = phi i16 %data_50, void %rewind_init, i16 %data_15_rewind, void %rewind_header"   --->   Operation 140 'phi' 'data_15_phi' <Predicate = true> <Delay = 0.00>
ST_3 : Operation 141 [1/1] (0.00ns)   --->   "%data_14_phi = phi i16 %data_49, void %rewind_init, i16 %data_14_rewind, void %rewind_header"   --->   Operation 141 'phi' 'data_14_phi' <Predicate = true> <Delay = 0.00>
ST_3 : Operation 142 [1/1] (0.00ns)   --->   "%data_13_phi = phi i16 %data_48, void %rewind_init, i16 %data_13_rewind, void %rewind_header"   --->   Operation 142 'phi' 'data_13_phi' <Predicate = true> <Delay = 0.00>
ST_3 : Operation 143 [1/1] (0.00ns)   --->   "%data_12_phi = phi i16 %data_47, void %rewind_init, i16 %data_12_rewind, void %rewind_header"   --->   Operation 143 'phi' 'data_12_phi' <Predicate = true> <Delay = 0.00>
ST_3 : Operation 144 [1/1] (0.00ns)   --->   "%data_11_phi = phi i16 %data_46, void %rewind_init, i16 %data_11_rewind, void %rewind_header"   --->   Operation 144 'phi' 'data_11_phi' <Predicate = true> <Delay = 0.00>
ST_3 : Operation 145 [1/1] (0.00ns)   --->   "%data_10_phi = phi i16 %data_45, void %rewind_init, i16 %data_10_rewind, void %rewind_header"   --->   Operation 145 'phi' 'data_10_phi' <Predicate = true> <Delay = 0.00>
ST_3 : Operation 146 [1/1] (0.00ns)   --->   "%data_6_phi = phi i16 %data_6, void %rewind_init, i16 %data_6_rewind, void %rewind_header"   --->   Operation 146 'phi' 'data_6_phi' <Predicate = true> <Delay = 0.00>
ST_3 : Operation 147 [1/1] (0.00ns)   --->   "%data_5_phi = phi i16 %data_5, void %rewind_init, i16 %data_5_rewind, void %rewind_header"   --->   Operation 147 'phi' 'data_5_phi' <Predicate = true> <Delay = 0.00>
ST_3 : Operation 148 [1/1] (0.00ns)   --->   "%data_4_phi = phi i16 %data_4, void %rewind_init, i16 %data_4_rewind, void %rewind_header"   --->   Operation 148 'phi' 'data_4_phi' <Predicate = true> <Delay = 0.00>
ST_3 : Operation 149 [1/1] (0.00ns)   --->   "%data_3_phi = phi i16 %data_3, void %rewind_init, i16 %data_3_rewind, void %rewind_header"   --->   Operation 149 'phi' 'data_3_phi' <Predicate = true> <Delay = 0.00>
ST_3 : Operation 150 [1/1] (0.00ns)   --->   "%data_2_phi = phi i16 %data_2, void %rewind_init, i16 %data_2_rewind, void %rewind_header"   --->   Operation 150 'phi' 'data_2_phi' <Predicate = true> <Delay = 0.00>
ST_3 : Operation 151 [1/1] (0.00ns)   --->   "%data_1_phi = phi i16 %data_1, void %rewind_init, i16 %data_1_rewind, void %rewind_header"   --->   Operation 151 'phi' 'data_1_phi' <Predicate = true> <Delay = 0.00>
ST_3 : Operation 152 [1/1] (0.00ns)   --->   "%data_40_phi = phi i16 %data_44, void %rewind_init, i16 %data_40_rewind, void %rewind_header"   --->   Operation 152 'phi' 'data_40_phi' <Predicate = true> <Delay = 0.00>
ST_3 : Operation 153 [1/1] (0.00ns)   --->   "%data_9_phi = phi i16 %data_9, void %rewind_init, i16 %data_9_rewind, void %rewind_header"   --->   Operation 153 'phi' 'data_9_phi' <Predicate = true> <Delay = 0.00>
ST_3 : Operation 154 [1/1] (0.00ns)   --->   "%data_8_phi = phi i16 %data_8, void %rewind_init, i16 %data_8_rewind, void %rewind_header"   --->   Operation 154 'phi' 'data_8_phi' <Predicate = true> <Delay = 0.00>
ST_3 : Operation 155 [1/1] (0.00ns)   --->   "%data_7_phi = phi i16 %data_7, void %rewind_init, i16 %data_7_rewind, void %rewind_header"   --->   Operation 155 'phi' 'data_7_phi' <Predicate = true> <Delay = 0.00>
ST_3 : Operation 156 [1/1] (0.00ns)   --->   "%data_41_phi = phi i16 %data_43, void %rewind_init, i16 %data_41_rewind, void %rewind_header"   --->   Operation 156 'phi' 'data_41_phi' <Predicate = true> <Delay = 0.00>
ST_3 : Operation 157 [1/1] (0.00ns)   --->   "%data_42_phi = phi i16 %data_42, void %rewind_init, i16 %data_42_rewind, void %rewind_header"   --->   Operation 157 'phi' 'data_42_phi' <Predicate = true> <Delay = 0.00>
ST_3 : Operation 158 [1/1] (0.00ns)   --->   "%p_phi = phi i16 %data, void %rewind_init, i16 %p_rewind, void %rewind_header"   --->   Operation 158 'phi' 'p_phi' <Predicate = true> <Delay = 0.00>
ST_3 : Operation 159 [1/1] (0.00ns)   --->   "%specpipeline_ln125 = specpipeline void @_ssdm_op_SpecPipeline, i32 1, i32 0, i32 0, i32 0, void @empty_6" [firmware/nnet_utils/nnet_dense_resource.h:125->firmware/nnet_utils/nnet_dense_resource.h:242->firmware/nnet_utils/nnet_dense_stream.h:24->firmware/nnet_utils/nnet_dense_stream.h:97]   --->   Operation 159 'specpipeline' 'specpipeline_ln125' <Predicate = true> <Delay = 0.00>
ST_3 : Operation 160 [1/1] (0.00ns)   --->   "%speclooptripcount_ln100 = speclooptripcount void @_ssdm_op_SpecLoopTripCount, i64 301, i64 301, i64 301" [firmware/nnet_utils/nnet_dense_resource.h:100->firmware/nnet_utils/nnet_dense_resource.h:242->firmware/nnet_utils/nnet_dense_stream.h:24->firmware/nnet_utils/nnet_dense_stream.h:97]   --->   Operation 160 'speclooptripcount' 'speclooptripcount_ln100' <Predicate = true> <Delay = 0.00>
ST_3 : Operation 161 [1/1] (0.00ns)   --->   "%specloopname_ln124 = specloopname void @_ssdm_op_SpecLoopName, void @empty_0" [firmware/nnet_utils/nnet_dense_resource.h:124->firmware/nnet_utils/nnet_dense_resource.h:242->firmware/nnet_utils/nnet_dense_stream.h:24->firmware/nnet_utils/nnet_dense_stream.h:97]   --->   Operation 161 'specloopname' 'specloopname_ln124' <Predicate = true> <Delay = 0.00>
ST_3 : Operation 162 [1/2] (0.66ns)   --->   "%out_index = load i9 %outidx_addr" [firmware/nnet_utils/nnet_dense_resource.h:110->firmware/nnet_utils/nnet_dense_resource.h:242->firmware/nnet_utils/nnet_dense_stream.h:24->firmware/nnet_utils/nnet_dense_stream.h:97]   --->   Operation 162 'load' 'out_index' <Predicate = true> <Delay = 0.66> <CoreInst = "ROM">   --->   Core 101 'ROM' <Latency = 1> <II = 1> <Delay = 0.66> <Storage> <Opcode : 'load'> <Ports = 0> <Width = 3> <Depth = 301> <ROM>
ST_3 : Operation 163 [1/1] (0.74ns)   --->   "%a = mux i16 @_ssdm_op_Mux.ap_auto.43i16.i6, i16 %p_phi, i16 %data_7_phi, i16 %data_8_phi, i16 %data_9_phi, i16 %data_40_phi, i16 %data_1_phi, i16 %data_2_phi, i16 %data_3_phi, i16 %data_4_phi, i16 %data_5_phi, i16 %data_6_phi, i16 %data_10_phi, i16 %data_11_phi, i16 %data_12_phi, i16 %data_13_phi, i16 %data_14_phi, i16 %data_15_phi, i16 %data_16_phi, i16 %data_17_phi, i16 %data_18_phi, i16 %data_19_phi, i16 %data_20_phi, i16 %data_21_phi, i16 %data_22_phi, i16 %data_23_phi, i16 %data_24_phi, i16 %data_25_phi, i16 %data_26_phi, i16 %data_27_phi, i16 %data_28_phi, i16 %data_29_phi, i16 %data_30_phi, i16 %data_31_phi, i16 %data_32_phi, i16 %data_33_phi, i16 %data_34_phi, i16 %data_35_phi, i16 %data_36_phi, i16 %data_37_phi, i16 %data_38_phi, i16 %data_39_phi, i16 %data_42_phi, i16 %data_41_phi, i6 %in_index24" [firmware/nnet_utils/nnet_dense_stream.h:43->firmware/nnet_utils/nnet_dense_stream.h:93]   --->   Operation 163 'mux' 'a' <Predicate = true> <Delay = 0.74> <CoreInst = "Multiplexer">   --->   Core 76 'Multiplexer' <Latency = 0> <II = 1> <Delay = 0.74> <FuncUnit> <Opcode : 'mux'> <InPorts = 2> <OutPorts = 1>
ST_3 : Operation 164 [1/2] (1.17ns)   --->   "%w = load i9 %w13_addr" [firmware/nnet_utils/nnet_dense_resource.h:135->firmware/nnet_utils/nnet_dense_resource.h:242->firmware/nnet_utils/nnet_dense_stream.h:24->firmware/nnet_utils/nnet_dense_stream.h:97]   --->   Operation 164 'load' 'w' <Predicate = true> <Delay = 1.17> <CoreInst = "ROM">   --->   Core 101 'ROM' <Latency = 1> <II = 1> <Delay = 1.17> <Storage> <Opcode : 'load'> <Ports = 0> <Width = 9> <Depth = 301> <ROM>
ST_3 : Operation 165 [1/1] (0.00ns)   --->   "%sext_ln133_7 = sext i16 %a" [firmware/nnet_utils/nnet_dense_resource.h:133->firmware/nnet_utils/nnet_dense_resource.h:242->firmware/nnet_utils/nnet_dense_stream.h:24->firmware/nnet_utils/nnet_dense_stream.h:97]   --->   Operation 165 'sext' 'sext_ln133_7' <Predicate = true> <Delay = 0.00>
ST_3 : Operation 166 [1/1] (0.00ns)   --->   "%sext_ln133_8 = sext i9 %w" [firmware/nnet_utils/nnet_dense_resource.h:133->firmware/nnet_utils/nnet_dense_resource.h:242->firmware/nnet_utils/nnet_dense_stream.h:24->firmware/nnet_utils/nnet_dense_stream.h:97]   --->   Operation 166 'sext' 'sext_ln133_8' <Predicate = true> <Delay = 0.00>
ST_3 : Operation 167 [1/1] (1.94ns)   --->   "%mul_ln133 = mul i22 %sext_ln133_7, i22 %sext_ln133_8" [firmware/nnet_utils/nnet_dense_resource.h:133->firmware/nnet_utils/nnet_dense_resource.h:242->firmware/nnet_utils/nnet_dense_stream.h:24->firmware/nnet_utils/nnet_dense_stream.h:97]   --->   Operation 167 'mul' 'mul_ln133' <Predicate = true> <Delay = 1.94> <CoreInst = "Multiplier">   --->   Core 3 'Multiplier' <Latency = 0> <II = 1> <Delay = 1.94> <FuncUnit> <Opcode : 'mul'> <InPorts = 2> <OutPorts = 1>
ST_3 : Operation 168 [1/1] (0.00ns)   --->   "%trunc_ln = partselect i15 @_ssdm_op_PartSelect.i15.i22.i32.i32, i22 %mul_ln133, i32 7, i32 21" [firmware/nnet_utils/nnet_dense_resource.h:133->firmware/nnet_utils/nnet_dense_resource.h:242->firmware/nnet_utils/nnet_dense_stream.h:24->firmware/nnet_utils/nnet_dense_stream.h:97]   --->   Operation 168 'partselect' 'trunc_ln' <Predicate = true> <Delay = 0.00>
ST_3 : Operation 169 [1/1] (0.55ns)   --->   "%tmp_s = mux i15 @_ssdm_op_Mux.ap_auto.7i15.i3, i15 %acc22, i15 %acc_2520, i15 %acc_2618, i15 %acc_2716, i15 %acc_2814, i15 %acc_2912, i15 %acc_3010, i3 %out_index" [firmware/nnet_utils/nnet_dense_resource.h:133->firmware/nnet_utils/nnet_dense_resource.h:242->firmware/nnet_utils/nnet_dense_stream.h:24->firmware/nnet_utils/nnet_dense_stream.h:97]   --->   Operation 169 'mux' 'tmp_s' <Predicate = true> <Delay = 0.55> <CoreInst = "Multiplexer">   --->   Core 76 'Multiplexer' <Latency = 0> <II = 1> <Delay = 0.55> <FuncUnit> <Opcode : 'mux'> <InPorts = 2> <OutPorts = 1>
ST_3 : Operation 170 [1/1] (0.00ns)   --->   "%sext_ln133 = sext i15 %tmp_s" [firmware/nnet_utils/nnet_dense_resource.h:133->firmware/nnet_utils/nnet_dense_resource.h:242->firmware/nnet_utils/nnet_dense_stream.h:24->firmware/nnet_utils/nnet_dense_stream.h:97]   --->   Operation 170 'sext' 'sext_ln133' <Predicate = true> <Delay = 0.00>
ST_3 : Operation 171 [1/1] (0.00ns)   --->   "%sext_ln133_3 = sext i15 %trunc_ln" [firmware/nnet_utils/nnet_dense_resource.h:133->firmware/nnet_utils/nnet_dense_resource.h:242->firmware/nnet_utils/nnet_dense_stream.h:24->firmware/nnet_utils/nnet_dense_stream.h:97]   --->   Operation 171 'sext' 'sext_ln133_3' <Predicate = true> <Delay = 0.00>
ST_3 : Operation 172 [1/1] (0.77ns)   --->   "%sub_ln133 = sub i16 0, i16 %sext_ln133" [firmware/nnet_utils/nnet_dense_resource.h:133->firmware/nnet_utils/nnet_dense_resource.h:242->firmware/nnet_utils/nnet_dense_stream.h:24->firmware/nnet_utils/nnet_dense_stream.h:97]   --->   Operation 172 'sub' 'sub_ln133' <Predicate = true> <Delay = 0.77> <CoreInst = "Adder">   --->   Core 1 'Adder' <Latency = 0> <II = 1> <Delay = 0.77> <FuncUnit> <Opcode : 'add' 'sub'> <InPorts = 2> <OutPorts = 1>
ST_3 : Operation 173 [1/1] (0.57ns)   --->   "%icmp_ln133 = icmp_eq  i3 %out_index, i3 0" [firmware/nnet_utils/nnet_dense_resource.h:133->firmware/nnet_utils/nnet_dense_resource.h:242->firmware/nnet_utils/nnet_dense_stream.h:24->firmware/nnet_utils/nnet_dense_stream.h:97]   --->   Operation 173 'icmp' 'icmp_ln133' <Predicate = true> <Delay = 0.57> <CoreInst = "Cmp">   --->   Core 9 'Cmp' <Latency = 0> <II = 1> <Delay = 0.57> <FuncUnit> <Opcode : 'icmp'> <InPorts = 2> <OutPorts = 1>
ST_3 : Operation 174 [1/1] (0.57ns)   --->   "%icmp_ln133_10 = icmp_eq  i3 %out_index, i3 1" [firmware/nnet_utils/nnet_dense_resource.h:133->firmware/nnet_utils/nnet_dense_resource.h:242->firmware/nnet_utils/nnet_dense_stream.h:24->firmware/nnet_utils/nnet_dense_stream.h:97]   --->   Operation 174 'icmp' 'icmp_ln133_10' <Predicate = true> <Delay = 0.57> <CoreInst = "Cmp">   --->   Core 9 'Cmp' <Latency = 0> <II = 1> <Delay = 0.57> <FuncUnit> <Opcode : 'icmp'> <InPorts = 2> <OutPorts = 1>
ST_3 : Operation 175 [1/1] (0.57ns)   --->   "%icmp_ln133_11 = icmp_eq  i3 %out_index, i3 2" [firmware/nnet_utils/nnet_dense_resource.h:133->firmware/nnet_utils/nnet_dense_resource.h:242->firmware/nnet_utils/nnet_dense_stream.h:24->firmware/nnet_utils/nnet_dense_stream.h:97]   --->   Operation 175 'icmp' 'icmp_ln133_11' <Predicate = true> <Delay = 0.57> <CoreInst = "Cmp">   --->   Core 9 'Cmp' <Latency = 0> <II = 1> <Delay = 0.57> <FuncUnit> <Opcode : 'icmp'> <InPorts = 2> <OutPorts = 1>
ST_3 : Operation 176 [1/1] (0.57ns)   --->   "%icmp_ln133_12 = icmp_eq  i3 %out_index, i3 3" [firmware/nnet_utils/nnet_dense_resource.h:133->firmware/nnet_utils/nnet_dense_resource.h:242->firmware/nnet_utils/nnet_dense_stream.h:24->firmware/nnet_utils/nnet_dense_stream.h:97]   --->   Operation 176 'icmp' 'icmp_ln133_12' <Predicate = true> <Delay = 0.57> <CoreInst = "Cmp">   --->   Core 9 'Cmp' <Latency = 0> <II = 1> <Delay = 0.57> <FuncUnit> <Opcode : 'icmp'> <InPorts = 2> <OutPorts = 1>
ST_3 : Operation 177 [1/1] (0.57ns)   --->   "%icmp_ln133_13 = icmp_eq  i3 %out_index, i3 4" [firmware/nnet_utils/nnet_dense_resource.h:133->firmware/nnet_utils/nnet_dense_resource.h:242->firmware/nnet_utils/nnet_dense_stream.h:24->firmware/nnet_utils/nnet_dense_stream.h:97]   --->   Operation 177 'icmp' 'icmp_ln133_13' <Predicate = true> <Delay = 0.57> <CoreInst = "Cmp">   --->   Core 9 'Cmp' <Latency = 0> <II = 1> <Delay = 0.57> <FuncUnit> <Opcode : 'icmp'> <InPorts = 2> <OutPorts = 1>
ST_3 : Operation 178 [1/1] (0.57ns)   --->   "%icmp_ln133_14 = icmp_eq  i3 %out_index, i3 5" [firmware/nnet_utils/nnet_dense_resource.h:133->firmware/nnet_utils/nnet_dense_resource.h:242->firmware/nnet_utils/nnet_dense_stream.h:24->firmware/nnet_utils/nnet_dense_stream.h:97]   --->   Operation 178 'icmp' 'icmp_ln133_14' <Predicate = true> <Delay = 0.57> <CoreInst = "Cmp">   --->   Core 9 'Cmp' <Latency = 0> <II = 1> <Delay = 0.57> <FuncUnit> <Opcode : 'icmp'> <InPorts = 2> <OutPorts = 1>
ST_3 : Operation 179 [1/1] (0.78ns)   --->   "%icmp_ln133_15 = icmp_ne  i16 %sext_ln133_3, i16 %sub_ln133" [firmware/nnet_utils/nnet_dense_resource.h:133->firmware/nnet_utils/nnet_dense_resource.h:242->firmware/nnet_utils/nnet_dense_stream.h:24->firmware/nnet_utils/nnet_dense_stream.h:97]   --->   Operation 179 'icmp' 'icmp_ln133_15' <Predicate = true> <Delay = 0.78> <CoreInst = "Cmp">   --->   Core 9 'Cmp' <Latency = 0> <II = 1> <Delay = 0.78> <FuncUnit> <Opcode : 'icmp'> <InPorts = 2> <OutPorts = 1>
ST_3 : Operation 180 [1/1] (0.00ns) (grouped into LUT with out node or_ln133_17)   --->   "%or_ln133 = or i1 %icmp_ln133_10, i1 %icmp_ln133_15" [firmware/nnet_utils/nnet_dense_resource.h:133->firmware/nnet_utils/nnet_dense_resource.h:242->firmware/nnet_utils/nnet_dense_stream.h:24->firmware/nnet_utils/nnet_dense_stream.h:97]   --->   Operation 180 'or' 'or_ln133' <Predicate = true> <Delay = 0.00> <CoreInst = "LogicGate">   --->   Core 74 'LogicGate' <Latency = 0> <II = 1> <Delay = 0.12> <FuncUnit> <Opcode : 'and' 'or' 'xor'> <InPorts = 2> <OutPorts = 1>
ST_3 : Operation 181 [1/1] (0.00ns) (grouped into LUT with out node or_ln133_17)   --->   "%or_ln133_13 = or i1 %or_ln133, i1 %icmp_ln133" [firmware/nnet_utils/nnet_dense_resource.h:133->firmware/nnet_utils/nnet_dense_resource.h:242->firmware/nnet_utils/nnet_dense_stream.h:24->firmware/nnet_utils/nnet_dense_stream.h:97]   --->   Operation 181 'or' 'or_ln133_13' <Predicate = true> <Delay = 0.00> <CoreInst = "LogicGate">   --->   Core 74 'LogicGate' <Latency = 0> <II = 1> <Delay = 0.12> <FuncUnit> <Opcode : 'and' 'or' 'xor'> <InPorts = 2> <OutPorts = 1>
ST_3 : Operation 182 [1/1] (0.00ns) (grouped into LUT with out node or_ln133_17)   --->   "%or_ln133_14 = or i1 %icmp_ln133_11, i1 %icmp_ln133_12" [firmware/nnet_utils/nnet_dense_resource.h:133->firmware/nnet_utils/nnet_dense_resource.h:242->firmware/nnet_utils/nnet_dense_stream.h:24->firmware/nnet_utils/nnet_dense_stream.h:97]   --->   Operation 182 'or' 'or_ln133_14' <Predicate = true> <Delay = 0.00> <CoreInst = "LogicGate">   --->   Core 74 'LogicGate' <Latency = 0> <II = 1> <Delay = 0.12> <FuncUnit> <Opcode : 'and' 'or' 'xor'> <InPorts = 2> <OutPorts = 1>
ST_3 : Operation 183 [1/1] (0.12ns)   --->   "%or_ln133_15 = or i1 %icmp_ln133_13, i1 %icmp_ln133_14" [firmware/nnet_utils/nnet_dense_resource.h:133->firmware/nnet_utils/nnet_dense_resource.h:242->firmware/nnet_utils/nnet_dense_stream.h:24->firmware/nnet_utils/nnet_dense_stream.h:97]   --->   Operation 183 'or' 'or_ln133_15' <Predicate = true> <Delay = 0.12> <CoreInst = "LogicGate">   --->   Core 74 'LogicGate' <Latency = 0> <II = 1> <Delay = 0.12> <FuncUnit> <Opcode : 'and' 'or' 'xor'> <InPorts = 2> <OutPorts = 1>
ST_3 : Operation 184 [1/1] (0.00ns) (grouped into LUT with out node or_ln133_17)   --->   "%or_ln133_16 = or i1 %or_ln133_15, i1 %or_ln133_14" [firmware/nnet_utils/nnet_dense_resource.h:133->firmware/nnet_utils/nnet_dense_resource.h:242->firmware/nnet_utils/nnet_dense_stream.h:24->firmware/nnet_utils/nnet_dense_stream.h:97]   --->   Operation 184 'or' 'or_ln133_16' <Predicate = true> <Delay = 0.00> <CoreInst = "LogicGate">   --->   Core 74 'LogicGate' <Latency = 0> <II = 1> <Delay = 0.12> <FuncUnit> <Opcode : 'and' 'or' 'xor'> <InPorts = 2> <OutPorts = 1>
ST_3 : Operation 185 [1/1] (0.12ns) (out node of the LUT)   --->   "%or_ln133_17 = or i1 %or_ln133_16, i1 %or_ln133_13" [firmware/nnet_utils/nnet_dense_resource.h:133->firmware/nnet_utils/nnet_dense_resource.h:242->firmware/nnet_utils/nnet_dense_stream.h:24->firmware/nnet_utils/nnet_dense_stream.h:97]   --->   Operation 185 'or' 'or_ln133_17' <Predicate = true> <Delay = 0.12> <CoreInst = "LogicGate">   --->   Core 74 'LogicGate' <Latency = 0> <II = 1> <Delay = 0.12> <FuncUnit> <Opcode : 'and' 'or' 'xor'> <InPorts = 2> <OutPorts = 1>
ST_3 : Operation 186 [1/1] (0.00ns) (grouped into LUT with out node acc_36)   --->   "%acc_29 = select i1 %or_ln133_17, i15 %acc_3010, i15 0" [firmware/nnet_utils/nnet_dense_resource.h:133->firmware/nnet_utils/nnet_dense_resource.h:242->firmware/nnet_utils/nnet_dense_stream.h:24->firmware/nnet_utils/nnet_dense_stream.h:97]   --->   Operation 186 'select' 'acc_29' <Predicate = true> <Delay = 0.00> <CoreInst = "Sel">   --->   Core 73 'Sel' <Latency = 0> <II = 1> <Delay = 0.29> <FuncUnit> <Opcode : 'select'> <InPorts = 3> <OutPorts = 1>
ST_3 : Operation 187 [1/1] (0.77ns)   --->   "%acc_30 = add i15 %trunc_ln, i15 %tmp_s" [firmware/nnet_utils/nnet_dense_resource.h:133->firmware/nnet_utils/nnet_dense_resource.h:242->firmware/nnet_utils/nnet_dense_stream.h:24->firmware/nnet_utils/nnet_dense_stream.h:97]   --->   Operation 187 'add' 'acc_30' <Predicate = true> <Delay = 0.77> <CoreInst = "Adder">   --->   Core 1 'Adder' <Latency = 0> <II = 1> <Delay = 0.77> <FuncUnit> <Opcode : 'add' 'sub'> <InPorts = 2> <OutPorts = 1>
ST_3 : Operation 188 [1/1] (0.00ns) (grouped into LUT with out node or_ln133_21)   --->   "%or_ln133_18 = or i1 %icmp_ln133_10, i1 %icmp_ln133_11" [firmware/nnet_utils/nnet_dense_resource.h:133->firmware/nnet_utils/nnet_dense_resource.h:242->firmware/nnet_utils/nnet_dense_stream.h:24->firmware/nnet_utils/nnet_dense_stream.h:97]   --->   Operation 188 'or' 'or_ln133_18' <Predicate = true> <Delay = 0.00> <CoreInst = "LogicGate">   --->   Core 74 'LogicGate' <Latency = 0> <II = 1> <Delay = 0.12> <FuncUnit> <Opcode : 'and' 'or' 'xor'> <InPorts = 2> <OutPorts = 1>
ST_3 : Operation 189 [1/1] (0.00ns) (grouped into LUT with out node or_ln133_21)   --->   "%or_ln133_19 = or i1 %or_ln133_18, i1 %icmp_ln133" [firmware/nnet_utils/nnet_dense_resource.h:133->firmware/nnet_utils/nnet_dense_resource.h:242->firmware/nnet_utils/nnet_dense_stream.h:24->firmware/nnet_utils/nnet_dense_stream.h:97]   --->   Operation 189 'or' 'or_ln133_19' <Predicate = true> <Delay = 0.00> <CoreInst = "LogicGate">   --->   Core 74 'LogicGate' <Latency = 0> <II = 1> <Delay = 0.12> <FuncUnit> <Opcode : 'and' 'or' 'xor'> <InPorts = 2> <OutPorts = 1>
ST_3 : Operation 190 [1/1] (0.00ns) (grouped into LUT with out node or_ln133_21)   --->   "%or_ln133_20 = or i1 %or_ln133_15, i1 %icmp_ln133_12" [firmware/nnet_utils/nnet_dense_resource.h:133->firmware/nnet_utils/nnet_dense_resource.h:242->firmware/nnet_utils/nnet_dense_stream.h:24->firmware/nnet_utils/nnet_dense_stream.h:97]   --->   Operation 190 'or' 'or_ln133_20' <Predicate = true> <Delay = 0.00> <CoreInst = "LogicGate">   --->   Core 74 'LogicGate' <Latency = 0> <II = 1> <Delay = 0.12> <FuncUnit> <Opcode : 'and' 'or' 'xor'> <InPorts = 2> <OutPorts = 1>
ST_3 : Operation 191 [1/1] (0.12ns) (out node of the LUT)   --->   "%or_ln133_21 = or i1 %or_ln133_20, i1 %or_ln133_19" [firmware/nnet_utils/nnet_dense_resource.h:133->firmware/nnet_utils/nnet_dense_resource.h:242->firmware/nnet_utils/nnet_dense_stream.h:24->firmware/nnet_utils/nnet_dense_stream.h:97]   --->   Operation 191 'or' 'or_ln133_21' <Predicate = true> <Delay = 0.12> <CoreInst = "LogicGate">   --->   Core 74 'LogicGate' <Latency = 0> <II = 1> <Delay = 0.12> <FuncUnit> <Opcode : 'and' 'or' 'xor'> <InPorts = 2> <OutPorts = 1>
ST_3 : Operation 192 [1/1] (0.29ns) (out node of the LUT)   --->   "%acc_36 = select i1 %or_ln133_21, i15 %acc_29, i15 %acc_30" [firmware/nnet_utils/nnet_dense_resource.h:133->firmware/nnet_utils/nnet_dense_resource.h:242->firmware/nnet_utils/nnet_dense_stream.h:24->firmware/nnet_utils/nnet_dense_stream.h:97]   --->   Operation 192 'select' 'acc_36' <Predicate = true> <Delay = 0.29> <CoreInst = "Sel">   --->   Core 73 'Sel' <Latency = 0> <II = 1> <Delay = 0.29> <FuncUnit> <Opcode : 'select'> <InPorts = 3> <OutPorts = 1>
ST_3 : Operation 193 [1/1] (0.29ns)   --->   "%acc_35 = select i1 %icmp_ln133_14, i15 %acc_30, i15 %acc_2912" [firmware/nnet_utils/nnet_dense_resource.h:133->firmware/nnet_utils/nnet_dense_resource.h:242->firmware/nnet_utils/nnet_dense_stream.h:24->firmware/nnet_utils/nnet_dense_stream.h:97]   --->   Operation 193 'select' 'acc_35' <Predicate = true> <Delay = 0.29> <CoreInst = "Sel">   --->   Core 73 'Sel' <Latency = 0> <II = 1> <Delay = 0.29> <FuncUnit> <Opcode : 'select'> <InPorts = 3> <OutPorts = 1>
ST_3 : Operation 194 [1/1] (0.29ns)   --->   "%acc_34 = select i1 %icmp_ln133_13, i15 %acc_30, i15 %acc_2814" [firmware/nnet_utils/nnet_dense_resource.h:133->firmware/nnet_utils/nnet_dense_resource.h:242->firmware/nnet_utils/nnet_dense_stream.h:24->firmware/nnet_utils/nnet_dense_stream.h:97]   --->   Operation 194 'select' 'acc_34' <Predicate = true> <Delay = 0.29> <CoreInst = "Sel">   --->   Core 73 'Sel' <Latency = 0> <II = 1> <Delay = 0.29> <FuncUnit> <Opcode : 'select'> <InPorts = 3> <OutPorts = 1>
ST_3 : Operation 195 [1/1] (0.29ns)   --->   "%acc_33 = select i1 %icmp_ln133_12, i15 %acc_30, i15 %acc_2716" [firmware/nnet_utils/nnet_dense_resource.h:133->firmware/nnet_utils/nnet_dense_resource.h:242->firmware/nnet_utils/nnet_dense_stream.h:24->firmware/nnet_utils/nnet_dense_stream.h:97]   --->   Operation 195 'select' 'acc_33' <Predicate = true> <Delay = 0.29> <CoreInst = "Sel">   --->   Core 73 'Sel' <Latency = 0> <II = 1> <Delay = 0.29> <FuncUnit> <Opcode : 'select'> <InPorts = 3> <OutPorts = 1>
ST_3 : Operation 196 [1/1] (0.29ns)   --->   "%acc_32 = select i1 %icmp_ln133_11, i15 %acc_30, i15 %acc_2618" [firmware/nnet_utils/nnet_dense_resource.h:133->firmware/nnet_utils/nnet_dense_resource.h:242->firmware/nnet_utils/nnet_dense_stream.h:24->firmware/nnet_utils/nnet_dense_stream.h:97]   --->   Operation 196 'select' 'acc_32' <Predicate = true> <Delay = 0.29> <CoreInst = "Sel">   --->   Core 73 'Sel' <Latency = 0> <II = 1> <Delay = 0.29> <FuncUnit> <Opcode : 'select'> <InPorts = 3> <OutPorts = 1>
ST_3 : Operation 197 [1/1] (0.29ns)   --->   "%acc_31 = select i1 %icmp_ln133_10, i15 %acc_30, i15 %acc_2520" [firmware/nnet_utils/nnet_dense_resource.h:133->firmware/nnet_utils/nnet_dense_resource.h:242->firmware/nnet_utils/nnet_dense_stream.h:24->firmware/nnet_utils/nnet_dense_stream.h:97]   --->   Operation 197 'select' 'acc_31' <Predicate = true> <Delay = 0.29> <CoreInst = "Sel">   --->   Core 73 'Sel' <Latency = 0> <II = 1> <Delay = 0.29> <FuncUnit> <Opcode : 'select'> <InPorts = 3> <OutPorts = 1>
ST_3 : Operation 198 [1/1] (0.29ns)   --->   "%acc = select i1 %icmp_ln133, i15 %acc_30, i15 %acc22" [firmware/nnet_utils/nnet_dense_resource.h:133->firmware/nnet_utils/nnet_dense_resource.h:242->firmware/nnet_utils/nnet_dense_stream.h:24->firmware/nnet_utils/nnet_dense_stream.h:97]   --->   Operation 198 'select' 'acc' <Predicate = true> <Delay = 0.29> <CoreInst = "Sel">   --->   Core 73 'Sel' <Latency = 0> <II = 1> <Delay = 0.29> <FuncUnit> <Opcode : 'select'> <InPorts = 3> <OutPorts = 1>
ST_3 : Operation 199 [1/1] (0.70ns)   --->   "%in_index_3 = add i6 %in_index24, i6 1" [firmware/nnet_utils/nnet_dense_resource.h:140->firmware/nnet_utils/nnet_dense_resource.h:242->firmware/nnet_utils/nnet_dense_stream.h:24->firmware/nnet_utils/nnet_dense_stream.h:97]   --->   Operation 199 'add' 'in_index_3' <Predicate = true> <Delay = 0.70> <CoreInst = "Adder">   --->   Core 1 'Adder' <Latency = 0> <II = 1> <Delay = 0.70> <FuncUnit> <Opcode : 'add' 'sub'> <InPorts = 2> <OutPorts = 1>
ST_3 : Operation 200 [1/1] (0.70ns)   --->   "%icmp_ln141 = icmp_ugt  i6 %in_index_3, i6 42" [firmware/nnet_utils/nnet_dense_resource.h:141->firmware/nnet_utils/nnet_dense_resource.h:242->firmware/nnet_utils/nnet_dense_stream.h:24->firmware/nnet_utils/nnet_dense_stream.h:97]   --->   Operation 200 'icmp' 'icmp_ln141' <Predicate = true> <Delay = 0.70> <CoreInst = "Cmp">   --->   Core 9 'Cmp' <Latency = 0> <II = 1> <Delay = 0.70> <FuncUnit> <Opcode : 'icmp'> <InPorts = 2> <OutPorts = 1>
ST_3 : Operation 201 [1/1] (0.29ns)   --->   "%in_index = select i1 %icmp_ln141, i6 0, i6 %in_index_3" [firmware/nnet_utils/nnet_dense_resource.h:141->firmware/nnet_utils/nnet_dense_resource.h:242->firmware/nnet_utils/nnet_dense_stream.h:24->firmware/nnet_utils/nnet_dense_stream.h:97]   --->   Operation 201 'select' 'in_index' <Predicate = true> <Delay = 0.29> <CoreInst = "Sel">   --->   Core 73 'Sel' <Latency = 0> <II = 1> <Delay = 0.29> <FuncUnit> <Opcode : 'select'> <InPorts = 3> <OutPorts = 1>
ST_3 : Operation 202 [1/1] (0.00ns)   --->   "%sext_ln111 = sext i15 %acc" [firmware/nnet_utils/nnet_mult.h:111->firmware/nnet_utils/nnet_dense_resource.h:151->firmware/nnet_utils/nnet_dense_resource.h:242->firmware/nnet_utils/nnet_dense_stream.h:24->firmware/nnet_utils/nnet_dense_stream.h:97]   --->   Operation 202 'sext' 'sext_ln111' <Predicate = (icmp_ln124)> <Delay = 0.00>
ST_3 : Operation 203 [1/1] (0.00ns)   --->   "%rend = specregionend i32 @_ssdm_op_SpecRegionEnd, void @nnet_KD_KD_dense_resource_MD_ap_fixed_MD_16_MC_AC_6_MC_AC_IC_ap_q_mode_JC_5_s, i32 %rbegin" [firmware/nnet_utils/nnet_dense_stream.h:53->firmware/nnet_utils/nnet_dense_stream.h:100]   --->   Operation 203 'specregionend' 'rend' <Predicate = (icmp_ln124)> <Delay = 0.00>
ST_3 : Operation 204 [1/1] (0.00ns)   --->   "%sext_ln77 = sext i15 %acc_31" [firmware/nnet_utils/nnet_dense_stream.h:77->firmware/nnet_utils/nnet_dense_stream.h:100]   --->   Operation 204 'sext' 'sext_ln77' <Predicate = (icmp_ln124)> <Delay = 0.00>
ST_3 : Operation 205 [1/1] (0.00ns)   --->   "%tmp = bitconcatenate i31 @_ssdm_op_BitConcatenate.i31.i15.i16, i15 %acc_32, i16 %sext_ln77" [firmware/nnet_utils/nnet_dense_stream.h:77->firmware/nnet_utils/nnet_dense_stream.h:100]   --->   Operation 205 'bitconcatenate' 'tmp' <Predicate = (icmp_ln124)> <Delay = 0.00>
ST_3 : Operation 206 [1/1] (0.00ns)   --->   "%sext_ln77_1 = sext i31 %tmp" [firmware/nnet_utils/nnet_dense_stream.h:77->firmware/nnet_utils/nnet_dense_stream.h:100]   --->   Operation 206 'sext' 'sext_ln77_1' <Predicate = (icmp_ln124)> <Delay = 0.00>
ST_3 : Operation 207 [1/1] (0.00ns)   --->   "%sext_ln77_2 = sext i15 %acc_33" [firmware/nnet_utils/nnet_dense_stream.h:77->firmware/nnet_utils/nnet_dense_stream.h:100]   --->   Operation 207 'sext' 'sext_ln77_2' <Predicate = (icmp_ln124)> <Delay = 0.00>
ST_3 : Operation 208 [1/1] (0.00ns)   --->   "%sext_ln77_3 = sext i15 %acc_34" [firmware/nnet_utils/nnet_dense_stream.h:77->firmware/nnet_utils/nnet_dense_stream.h:100]   --->   Operation 208 'sext' 'sext_ln77_3' <Predicate = (icmp_ln124)> <Delay = 0.00>
ST_3 : Operation 209 [1/1] (0.00ns)   --->   "%sext_ln77_4 = sext i15 %acc_35" [firmware/nnet_utils/nnet_dense_stream.h:77->firmware/nnet_utils/nnet_dense_stream.h:100]   --->   Operation 209 'sext' 'sext_ln77_4' <Predicate = (icmp_ln124)> <Delay = 0.00>
ST_3 : Operation 210 [1/1] (0.00ns)   --->   "%tmp_9 = bitconcatenate i111 @_ssdm_op_BitConcatenate.i111.i15.i16.i16.i16.i32.i16, i15 %acc_36, i16 %sext_ln77_4, i16 %sext_ln77_3, i16 %sext_ln77_2, i32 %sext_ln77_1, i16 %sext_ln111" [firmware/nnet_utils/nnet_dense_stream.h:77->firmware/nnet_utils/nnet_dense_stream.h:100]   --->   Operation 210 'bitconcatenate' 'tmp_9' <Predicate = (icmp_ln124)> <Delay = 0.00>
ST_3 : Operation 211 [1/1] (0.00ns)   --->   "%sext_ln77_5 = sext i111 %tmp_9" [firmware/nnet_utils/nnet_dense_stream.h:77->firmware/nnet_utils/nnet_dense_stream.h:100]   --->   Operation 211 'sext' 'sext_ln77_5' <Predicate = (icmp_ln124)> <Delay = 0.00>
ST_3 : Operation 212 [1/1] (1.40ns)   --->   "%write_ln77 = write void @_ssdm_op_Write.ap_fifo.volatile.i112P0A, i112 %layer13_out, i112 %sext_ln77_5" [firmware/nnet_utils/nnet_dense_stream.h:77->firmware/nnet_utils/nnet_dense_stream.h:100]   --->   Operation 212 'write' 'write_ln77' <Predicate = (icmp_ln124)> <Delay = 1.40> <CoreInst = "FIFO_SRL">   --->   Core 81 'FIFO_SRL' <Latency = 0> <II = 1> <Delay = 1.40> <Storage> <Opcode : 'read' 'write' 'nbread' 'nbwrite'> <Ports = 0> <Width = 112> <Depth = 1> <FIFO>
ST_3 : Operation 213 [1/1] (0.00ns)   --->   "%return_ln101 = return void @_ssdm_op_Return" [firmware/nnet_utils/nnet_dense_stream.h:101]   --->   Operation 213 'return' 'return_ln101' <Predicate = (icmp_ln124)> <Delay = 0.00>


============================================================
+ Verbose Summary: Timing violations
============================================================
Target clock period: 25.000ns, clock uncertainty: 6.750ns.

 <State 1>: 0.387ns
The critical path consists of the following:
	multiplexor before 'phi' operation ('do_init') [10]  (0.387 ns)

 <State 2>: 1.177ns
The critical path consists of the following:
	'phi' operation ('ir') with incoming values : ('ir', firmware/nnet_utils/nnet_dense_resource.h:124->firmware/nnet_utils/nnet_dense_resource.h:242->firmware/nnet_utils/nnet_dense_stream.h:24->firmware/nnet_utils/nnet_dense_stream.h:97) [55]  (0.000 ns)
	'getelementptr' operation ('w13_addr', firmware/nnet_utils/nnet_dense_resource.h:135->firmware/nnet_utils/nnet_dense_resource.h:242->firmware/nnet_utils/nnet_dense_stream.h:24->firmware/nnet_utils/nnet_dense_stream.h:97) [161]  (0.000 ns)
	'load' operation ('w', firmware/nnet_utils/nnet_dense_resource.h:135->firmware/nnet_utils/nnet_dense_resource.h:242->firmware/nnet_utils/nnet_dense_stream.h:24->firmware/nnet_utils/nnet_dense_stream.h:97) on array 'w13' [162]  (1.177 ns)

 <State 3>: 7.015ns
The critical path consists of the following:
	fifo read operation ('layer12_out_read', firmware/nnet_utils/nnet_dense_stream.h:43->firmware/nnet_utils/nnet_dense_stream.h:93) on port 'layer12_out' (firmware/nnet_utils/nnet_dense_stream.h:43->firmware/nnet_utils/nnet_dense_stream.h:93) [65]  (1.335 ns)
	multiplexor before 'phi' operation ('data') with incoming values : ('data', firmware/nnet_utils/nnet_dense_stream.h:43->firmware/nnet_utils/nnet_dense_stream.h:93) [111]  (0.387 ns)
	'phi' operation ('data') with incoming values : ('data', firmware/nnet_utils/nnet_dense_stream.h:43->firmware/nnet_utils/nnet_dense_stream.h:93) [111]  (0.000 ns)
	'mux' operation ('a', firmware/nnet_utils/nnet_dense_stream.h:43->firmware/nnet_utils/nnet_dense_stream.h:93) [160]  (0.748 ns)
	'mul' operation ('mul_ln133', firmware/nnet_utils/nnet_dense_resource.h:133->firmware/nnet_utils/nnet_dense_resource.h:242->firmware/nnet_utils/nnet_dense_stream.h:24->firmware/nnet_utils/nnet_dense_stream.h:97) [165]  (1.940 ns)
	'icmp' operation ('icmp_ln133_15', firmware/nnet_utils/nnet_dense_resource.h:133->firmware/nnet_utils/nnet_dense_resource.h:242->firmware/nnet_utils/nnet_dense_stream.h:24->firmware/nnet_utils/nnet_dense_stream.h:97) [177]  (0.785 ns)
	'or' operation ('or_ln133', firmware/nnet_utils/nnet_dense_resource.h:133->firmware/nnet_utils/nnet_dense_resource.h:242->firmware/nnet_utils/nnet_dense_stream.h:24->firmware/nnet_utils/nnet_dense_stream.h:97) [178]  (0.000 ns)
	'or' operation ('or_ln133_13', firmware/nnet_utils/nnet_dense_resource.h:133->firmware/nnet_utils/nnet_dense_resource.h:242->firmware/nnet_utils/nnet_dense_stream.h:24->firmware/nnet_utils/nnet_dense_stream.h:97) [179]  (0.000 ns)
	'or' operation ('or_ln133_17', firmware/nnet_utils/nnet_dense_resource.h:133->firmware/nnet_utils/nnet_dense_resource.h:242->firmware/nnet_utils/nnet_dense_stream.h:24->firmware/nnet_utils/nnet_dense_stream.h:97) [183]  (0.122 ns)
	'select' operation ('acc', firmware/nnet_utils/nnet_dense_resource.h:133->firmware/nnet_utils/nnet_dense_resource.h:242->firmware/nnet_utils/nnet_dense_stream.h:24->firmware/nnet_utils/nnet_dense_stream.h:97) [184]  (0.000 ns)
	'select' operation ('x', firmware/nnet_utils/nnet_dense_resource.h:133->firmware/nnet_utils/nnet_dense_resource.h:242->firmware/nnet_utils/nnet_dense_stream.h:24->firmware/nnet_utils/nnet_dense_stream.h:97) [190]  (0.292 ns)
	fifo write operation ('write_ln77', firmware/nnet_utils/nnet_dense_stream.h:77->firmware/nnet_utils/nnet_dense_stream.h:100) on port 'layer13_out' (firmware/nnet_utils/nnet_dense_stream.h:77->firmware/nnet_utils/nnet_dense_stream.h:100) [214]  (1.405 ns)


============================================================
+ Verbose Summary: Binding
============================================================
N/A
* FSMD analyzer results:
  - Output states:
 - Input state : 
  - Chain level:
	State 1
	State 2
	State 3


============================================================
+ Verbose Summary: Datapath Resource usage 
============================================================
N/A
