

================================================================
== Vitis HLS Report for 'myproject'
================================================================
* Date:           Mon Apr 29 02:51:18 2024

* Version:        2023.1 (Build 3854077 on May  4 2023)
* Project:        myproject_prj
* Solution:       solution1 (Vivado IP Flow Target)
* Product family: virtexuplus
* Target device:  xcvu13p-flga2577-2-e


================================================================
== Performance Estimates
================================================================
+ Timing: 
    * Summary: 
    +--------+---------+----------+------------+
    |  Clock |  Target | Estimated| Uncertainty|
    +--------+---------+----------+------------+
    |ap_clk  |  5.00 ns|  4.301 ns|     0.62 ns|
    +--------+---------+----------+------------+

+ Latency: 
    * Summary: 
    +---------+---------+----------+----------+-----+-----+----------+
    |  Latency (cycles) |  Latency (absolute) |  Interval | Pipeline |
    |   min   |   max   |    min   |    max   | min | max |   Type   |
    +---------+---------+----------+----------+-----+-----+----------+
    |      313|      313|  1.565 us|  1.565 us|  304|  304|  dataflow|
    +---------+---------+----------+----------+-----+-----+----------+

    + Detail: 
        * Instance: 
        +-------------------------------------------------------------------------+------------------------------------------------------------------------+---------+---------+-----------+-----------+-----+-----+---------+
        |                                                                         |                                                                        |  Latency (cycles) |   Latency (absolute)  |  Interval | Pipeline|
        |                                 Instance                                |                                 Module                                 |   min   |   max   |    min    |    max    | min | max |   Type  |
        +-------------------------------------------------------------------------+------------------------------------------------------------------------+---------+---------+-----------+-----------+-----+-----+---------+
        |zeropad2d_cl_array_ap_fixed_1u_array_ap_fixed_16_6_5_3_0_1u_config19_U0  |zeropad2d_cl_array_ap_fixed_1u_array_ap_fixed_16_6_5_3_0_1u_config19_s  |      163|      163|   0.815 us|   0.815 us|  163|  163|       no|
        |conv_2d_cl_array_ap_fixed_1u_array_ap_fixed_16_6_5_3_0_2u_config2_U0     |conv_2d_cl_array_ap_fixed_1u_array_ap_fixed_16_6_5_3_0_2u_config2_s     |      303|      303|   1.515 us|   1.515 us|  303|  303|       no|
        |relu_array_ap_fixed_2u_array_ap_ufixed_24_8_4_0_0_2u_relu_config4_U0     |relu_array_ap_fixed_2u_array_ap_ufixed_24_8_4_0_0_2u_relu_config4_s     |      106|      106|   0.530 us|   0.530 us|  106|  106|       no|
        |pooling2d_cl_array_ap_ufixed_2u_array_ap_fixed_16_6_5_3_0_2u_config5_U0  |pooling2d_cl_array_ap_ufixed_2u_array_ap_fixed_16_6_5_3_0_2u_config5_s  |      107|      107|   0.535 us|   0.535 us|  107|  107|       no|
        |zeropad2d_cl_array_ap_fixed_2u_array_ap_fixed_16_6_5_3_0_2u_config20_U0  |zeropad2d_cl_array_ap_fixed_2u_array_ap_fixed_16_6_5_3_0_2u_config20_s  |       61|       61|   0.305 us|   0.305 us|   61|   61|       no|
        |conv_2d_cl_array_ap_fixed_2u_array_ap_fixed_16_6_5_3_0_4u_config6_U0     |conv_2d_cl_array_ap_fixed_2u_array_ap_fixed_16_6_5_3_0_4u_config6_s     |      147|      147|   0.735 us|   0.735 us|  147|  147|       no|
        |relu_array_ap_fixed_4u_array_ap_ufixed_24_8_4_0_0_4u_relu_config8_U0     |relu_array_ap_fixed_4u_array_ap_ufixed_24_8_4_0_0_4u_relu_config8_s     |       26|       26|   0.130 us|   0.130 us|   26|   26|       no|
        |pooling2d_cl_array_ap_ufixed_4u_array_ap_fixed_16_6_5_3_0_4u_config9_U0  |pooling2d_cl_array_ap_ufixed_4u_array_ap_fixed_16_6_5_3_0_4u_config9_s  |       27|       27|   0.135 us|   0.135 us|   27|   27|       no|
        |concatenate1d_array_array_array_ap_fixed_16_6_5_3_0_25u_config12_U0      |concatenate1d_array_array_array_ap_fixed_16_6_5_3_0_25u_config12_s      |       16|       16|  80.000 ns|  80.000 ns|   16|   16|       no|
        |dense_array_ap_fixed_25u_array_ap_fixed_16_6_5_3_0_4u_config13_U0        |dense_array_ap_fixed_25u_array_ap_fixed_16_6_5_3_0_4u_config13_s        |        1|        1|   5.000 ns|   5.000 ns|    1|    1|       no|
        |relu_array_ap_fixed_4u_array_ap_ufixed_24_8_4_0_0_4u_relu_config15_U0    |relu_array_ap_fixed_4u_array_ap_ufixed_24_8_4_0_0_4u_relu_config15_s    |        0|        0|       0 ns|       0 ns|    0|    0|       no|
        |dense_array_ap_ufixed_4u_array_ap_fixed_16_6_5_3_0_1u_config16_U0        |dense_array_ap_ufixed_4u_array_ap_fixed_16_6_5_3_0_1u_config16_s        |        1|        1|   5.000 ns|   5.000 ns|    1|    1|       no|
        |sigmoid_array_array_ap_fixed_16_6_5_3_0_1u_sigmoid_config18_U0           |sigmoid_array_array_ap_fixed_16_6_5_3_0_1u_sigmoid_config18_s           |        3|        3|  15.000 ns|  15.000 ns|    3|    3|       no|
        +-------------------------------------------------------------------------+------------------------------------------------------------------------+---------+---------+-----------+-----------+-----+-----+---------+

        * Loop: 
        N/A



================================================================
== Utilization Estimates
================================================================
* Summary: 
+---------------------+---------+-------+---------+---------+------+
|         Name        | BRAM_18K|  DSP  |    FF   |   LUT   | URAM |
+---------------------+---------+-------+---------+---------+------+
|DSP                  |        -|      -|        -|        -|     -|
|Expression           |        -|      -|        0|        2|     -|
|FIFO                 |        3|      -|     2539|     1641|     -|
|Instance             |        1|    125|     4638|    11937|     0|
|Memory               |        -|      -|        -|        -|     -|
|Multiplexer          |        -|      -|        -|        -|     -|
|Register             |        -|      -|        -|        -|     -|
+---------------------+---------+-------+---------+---------+------+
|Total                |        4|    125|     7177|    13580|     0|
+---------------------+---------+-------+---------+---------+------+
|Available SLR        |     1344|   3072|   864000|   432000|   320|
+---------------------+---------+-------+---------+---------+------+
|Utilization SLR (%)  |       ~0|      4|       ~0|        3|     0|
+---------------------+---------+-------+---------+---------+------+
|Available            |     5376|  12288|  3456000|  1728000|  1280|
+---------------------+---------+-------+---------+---------+------+
|Utilization (%)      |       ~0|      1|       ~0|       ~0|     0|
+---------------------+---------+-------+---------+---------+------+

+ Detail: 
    * Instance: 
    +-------------------------------------------------------------------------+------------------------------------------------------------------------+---------+----+------+------+-----+
    |                                 Instance                                |                                 Module                                 | BRAM_18K| DSP|  FF  |  LUT | URAM|
    +-------------------------------------------------------------------------+------------------------------------------------------------------------+---------+----+------+------+-----+
    |concatenate1d_array_array_array_ap_fixed_16_6_5_3_0_25u_config12_U0      |concatenate1d_array_array_array_ap_fixed_16_6_5_3_0_25u_config12_s      |        0|   0|   373|   474|    0|
    |conv_2d_cl_array_ap_fixed_1u_array_ap_fixed_16_6_5_3_0_2u_config2_U0     |conv_2d_cl_array_ap_fixed_1u_array_ap_fixed_16_6_5_3_0_2u_config2_s     |        0|   1|   488|  1495|    0|
    |conv_2d_cl_array_ap_fixed_2u_array_ap_fixed_16_6_5_3_0_4u_config6_U0     |conv_2d_cl_array_ap_fixed_2u_array_ap_fixed_16_6_5_3_0_4u_config6_s     |        0|  72|  1466|  3593|    0|
    |dense_array_ap_fixed_25u_array_ap_fixed_16_6_5_3_0_4u_config13_U0        |dense_array_ap_fixed_25u_array_ap_fixed_16_6_5_3_0_4u_config13_s        |        0|  49|   917|  1828|    0|
    |dense_array_ap_ufixed_4u_array_ap_fixed_16_6_5_3_0_1u_config16_U0        |dense_array_ap_ufixed_4u_array_ap_fixed_16_6_5_3_0_1u_config16_s        |        0|   3|    88|   269|    0|
    |pooling2d_cl_array_ap_ufixed_2u_array_ap_fixed_16_6_5_3_0_2u_config5_U0  |pooling2d_cl_array_ap_ufixed_2u_array_ap_fixed_16_6_5_3_0_2u_config5_s  |        0|   0|   437|  1039|    0|
    |pooling2d_cl_array_ap_ufixed_4u_array_ap_fixed_16_6_5_3_0_4u_config9_U0  |pooling2d_cl_array_ap_ufixed_4u_array_ap_fixed_16_6_5_3_0_4u_config9_s  |        0|   0|   691|  1485|    0|
    |relu_array_ap_fixed_2u_array_ap_ufixed_24_8_4_0_0_2u_relu_config4_U0     |relu_array_ap_fixed_2u_array_ap_ufixed_24_8_4_0_0_2u_relu_config4_s     |        0|   0|    11|   187|    0|
    |relu_array_ap_fixed_4u_array_ap_ufixed_24_8_4_0_0_4u_relu_config15_U0    |relu_array_ap_fixed_4u_array_ap_ufixed_24_8_4_0_0_4u_relu_config15_s    |        0|   0|     3|   214|    0|
    |relu_array_ap_fixed_4u_array_ap_ufixed_24_8_4_0_0_4u_relu_config8_U0     |relu_array_ap_fixed_4u_array_ap_ufixed_24_8_4_0_0_4u_relu_config8_s     |        0|   0|     9|   271|    0|
    |sigmoid_array_array_ap_fixed_16_6_5_3_0_1u_sigmoid_config18_U0           |sigmoid_array_array_ap_fixed_16_6_5_3_0_1u_sigmoid_config18_s           |        1|   0|    15|   210|    0|
    |zeropad2d_cl_array_ap_fixed_1u_array_ap_fixed_16_6_5_3_0_1u_config19_U0  |zeropad2d_cl_array_ap_fixed_1u_array_ap_fixed_16_6_5_3_0_1u_config19_s  |        0|   0|    66|   445|    0|
    |zeropad2d_cl_array_ap_fixed_2u_array_ap_fixed_16_6_5_3_0_2u_config20_U0  |zeropad2d_cl_array_ap_fixed_2u_array_ap_fixed_16_6_5_3_0_2u_config20_s  |        0|   0|    74|   427|    0|
    +-------------------------------------------------------------------------+------------------------------------------------------------------------+---------+----+------+------+-----+
    |Total                                                                    |                                                                        |        1| 125|  4638| 11937|    0|
    +-------------------------------------------------------------------------+------------------------------------------------------------------------+---------+----+------+------+-----+

    * DSP: 
    N/A

    * Memory: 
    N/A

    * FIFO: 
    +---------------+---------+------+----+-----+------+-----+---------+
    |      Name     | BRAM_18K|  FF  | LUT| URAM| Depth| Bits| Size:D*B|
    +---------------+---------+------+----+-----+------+-----+---------+
    |layer12_out_U  |        0|  1028|   0|    -|     1|  400|      400|
    |layer13_out_U  |        0|   133|   0|    -|     1|   64|       64|
    |layer15_out_U  |        0|   260|   0|    -|     1|   96|       96|
    |layer16_out_U  |        0|    36|   0|    -|     1|   16|       16|
    |layer19_out_U  |        1|    60|   0|    -|   150|   16|     2400|
    |layer20_out_U  |        0|   118|   0|    -|    48|   32|     1536|
    |layer2_out_U   |        0|   121|   0|    -|   104|   32|     3328|
    |layer4_out_U   |        2|   153|   0|    -|   104|   48|     4992|
    |layer5_out_U   |        0|     8|   0|    -|    24|   32|      768|
    |layer6_out_U   |        0|   211|   0|    -|    24|   64|     1536|
    |layer8_out_U   |        0|   404|   0|    -|    24|   96|     2304|
    |layer9_out_U   |        0|     7|   0|    -|     6|   64|      384|
    +---------------+---------+------+----+-----+------+-----+---------+
    |Total          |        3|  2539|   0|    0|   488|  960|    17824|
    +---------------+---------+------+----+-----+------+-----+---------+

    * Expression: 
    +--------------+----------+----+---+----+------------+------------+
    | Variable Name| Operation| DSP| FF| LUT| Bitwidth P0| Bitwidth P1|
    +--------------+----------+----+---+----+------------+------------+
    |ap_idle       |       and|   0|  0|   2|           1|           1|
    +--------------+----------+----+---+----+------------+------------+
    |Total         |          |   0|  0|   2|           1|           1|
    +--------------+----------+----+---+----+------------+------------+

    * Multiplexer: 
    N/A

    * Register: 
    N/A



================================================================
== Interface
================================================================
* Summary: 
+------------------------+-----+-----+------------+-----------------+--------------+
|        RTL Ports       | Dir | Bits|  Protocol  |  Source Object  |    C Type    |
+------------------------+-----+-----+------------+-----------------+--------------+
|y_profile_input_TDATA   |   in|   16|        axis|  y_profile_input|       pointer|
|y_profile_input_TVALID  |   in|    1|        axis|  y_profile_input|       pointer|
|y_profile_input_TREADY  |  out|    1|        axis|  y_profile_input|       pointer|
|y0_input_TDATA          |   in|   16|        axis|         y0_input|       pointer|
|y0_input_TVALID         |   in|    1|        axis|         y0_input|       pointer|
|y0_input_TREADY         |  out|    1|        axis|         y0_input|       pointer|
|layer18_out_TDATA       |  out|   16|        axis|      layer18_out|       pointer|
|layer18_out_TVALID      |  out|    1|        axis|      layer18_out|       pointer|
|layer18_out_TREADY      |   in|    1|        axis|      layer18_out|       pointer|
|ap_clk                  |   in|    1|  ap_ctrl_hs|        myproject|  return value|
|ap_rst_n                |   in|    1|  ap_ctrl_hs|        myproject|  return value|
|ap_start                |   in|    1|  ap_ctrl_hs|        myproject|  return value|
|ap_done                 |  out|    1|  ap_ctrl_hs|        myproject|  return value|
|ap_ready                |  out|    1|  ap_ctrl_hs|        myproject|  return value|
|ap_idle                 |  out|    1|  ap_ctrl_hs|        myproject|  return value|
+------------------------+-----+-----+------------+-----------------+--------------+

