

================================================================
== Vitis HLS Report for 'dense_array_ap_fixed_105u_array_ap_fixed_16_6_5_3_0_32u_config2_s'
================================================================
* Date:           Thu Jul 11 13:34:28 2024

* Version:        2023.1 (Build 3854077 on May  4 2023)
* Project:        myproject_prj
* Solution:       solution1 (Vivado IP Flow Target)
* Product family: virtexuplus
* Target device:  xcvu13p-flga2577-2-e


================================================================
== Performance Estimates
================================================================
+ Timing: 
    * Summary: 
    +--------+---------+----------+------------+
    |  Clock |  Target | Estimated| Uncertainty|
    +--------+---------+----------+------------+
    |ap_clk  |  5.00 ns|  3.302 ns|     0.62 ns|
    +--------+---------+----------+------------+

+ Latency: 
    * Summary: 
    +---------+---------+-----------+-----------+------+------+------------------------------------------+
    |  Latency (cycles) |   Latency (absolute)  |   Interval  |                 Pipeline                 |
    |   min   |   max   |    min    |    max    |  min |  max |                   Type                   |
    +---------+---------+-----------+-----------+------+------+------------------------------------------+
    |     3362|     3363|  16.810 us|  16.815 us|  3360|  3360|  loop rewind stp(delay=0 clock cycles(s))|
    +---------+---------+-----------+-----------+------+------+------------------------------------------+

    + Detail: 
        * Instance: 
        N/A

        * Loop: 
        +-------------+---------+---------+----------+-----------+-----------+------+----------+
        |             |  Latency (cycles) | Iteration|  Initiation Interval  | Trip |          |
        |  Loop Name  |   min   |   max   |  Latency |  achieved |   target  | Count| Pipelined|
        +-------------+---------+---------+----------+-----------+-----------+------+----------+
        |- ReuseLoop  |     3362|     3362|         4|          1|          1|  3360|       yes|
        +-------------+---------+---------+----------+-----------+-----------+------+----------+



================================================================
== Utilization Estimates
================================================================
* Summary: 
+---------------------+---------+-------+---------+---------+------+
|         Name        | BRAM_18K|  DSP  |    FF   |   LUT   | URAM |
+---------------------+---------+-------+---------+---------+------+
|DSP                  |        -|      -|        -|        -|     -|
|Expression           |        -|      -|        0|      157|     -|
|FIFO                 |        -|      -|        -|        -|     -|
|Instance             |        -|      1|        0|      675|     -|
|Memory               |        6|      -|        0|        0|     -|
|Multiplexer          |        -|      -|        -|     4595|     -|
|Register             |        -|      -|     4451|       32|     -|
+---------------------+---------+-------+---------+---------+------+
|Total                |        6|      1|     4451|     5459|     0|
+---------------------+---------+-------+---------+---------+------+
|Available SLR        |     1344|   3072|   864000|   432000|   320|
+---------------------+---------+-------+---------+---------+------+
|Utilization SLR (%)  |       ~0|     ~0|       ~0|        1|     0|
+---------------------+---------+-------+---------+---------+------+
|Available            |     5376|  12288|  3456000|  1728000|  1280|
+---------------------+---------+-------+---------+---------+------+
|Utilization (%)      |       ~0|     ~0|       ~0|       ~0|     0|
+---------------------+---------+-------+---------+---------+------+

+ Detail: 
    * Instance: 
    +-----------------------+--------------------+---------+----+---+-----+-----+
    |        Instance       |       Module       | BRAM_18K| DSP| FF| LUT | URAM|
    +-----------------------+--------------------+---------+----+---+-----+-----+
    |mul_16s_10s_24_1_1_U2  |mul_16s_10s_24_1_1  |        0|   1|  0|    5|    0|
    |mux_105_7_16_1_1_U1    |mux_105_7_16_1_1    |        0|   0|  0|  522|    0|
    |mux_32_5_15_1_1_U3     |mux_32_5_15_1_1     |        0|   0|  0|  148|    0|
    +-----------------------+--------------------+---------+----+---+-----+-----+
    |Total                  |                    |        0|   1|  0|  675|    0|
    +-----------------------+--------------------+---------+----+---+-----+-----+

    * DSP: 
    N/A

    * Memory: 
    +------------+----------------------------------------------------------------------------------+---------+---+----+-----+------+-----+------+-------------+
    |   Memory   |                                      Module                                      | BRAM_18K| FF| LUT| URAM| Words| Bits| Banks| W*Bits*Banks|
    +------------+----------------------------------------------------------------------------------+---------+---+----+-----+------+-----+------+-------------+
    |outidx_2_U  |dense_array_ap_fixed_105u_array_ap_fixed_16_6_5_3_0_32u_config2_s_outidx_2_RObkb  |        2|  0|   0|    0|  3360|    5|     1|        16800|
    |w2_U        |dense_array_ap_fixed_105u_array_ap_fixed_16_6_5_3_0_32u_config2_s_w2_ROM_AUTOcud  |        4|  0|   0|    0|  3360|   10|     1|        33600|
    +------------+----------------------------------------------------------------------------------+---------+---+----+-----+------+-----+------+-------------+
    |Total       |                                                                                  |        6|  0|   0|    0|  6720|   15|     2|        50400|
    +------------+----------------------------------------------------------------------------------+---------+---+----+-----+------+-----+------+-------------+

    * FIFO: 
    N/A

    * Expression: 
    +----------------------------------+----------+----+---+----+------------+------------+
    |           Variable Name          | Operation| DSP| FF| LUT| Bitwidth P0| Bitwidth P1|
    +----------------------------------+----------+----+---+----+------------+------------+
    |acc_117_fu_11875_p2               |         +|   0|  0|  22|          15|          15|
    |in_index_3_fu_11767_p2            |         +|   0|  0|  14|           7|           1|
    |ir_fu_11515_p2                    |         +|   0|  0|  19|          12|           1|
    |sub_ln133_fu_11863_p2             |         -|   0|  0|  23|           1|          16|
    |ap_block_state2_pp0_stage0_iter0  |       and|   0|  0|   2|           1|           1|
    |ap_block_state5_pp0_stage0_iter3  |       and|   0|  0|   2|           1|           1|
    |ap_condition_73                   |       and|   0|  0|   2|           1|           1|
    |ap_condition_957                  |       and|   0|  0|   2|           1|           1|
    |ap_condition_978                  |       and|   0|  0|   2|           1|           1|
    |icmp_ln124_fu_11521_p2            |      icmp|   0|  0|  19|          12|          11|
    |icmp_ln133_fu_11869_p2            |      icmp|   0|  0|  23|          16|          16|
    |icmp_ln141_fu_11773_p2            |      icmp|   0|  0|  14|           7|           6|
    |ap_block_pp0_stage0_01001         |        or|   0|  0|   2|           1|           1|
    |ap_block_state1                   |        or|   0|  0|   2|           1|           1|
    |in_index_fu_11779_p3              |    select|   0|  0|   7|           1|           1|
    |ap_enable_pp0                     |       xor|   0|  0|   2|           1|           2|
    +----------------------------------+----------+----+---+----+------------+------------+
    |Total                             |          |   0|  0| 157|          79|          76|
    +----------------------------------+----------+----+---+----+------------+------------+

    * Multiplexer: 
    +-----------------------------------------------+----+-----------+-----+-----------+
    |                      Name                     | LUT| Input Size| Bits| Total Bits|
    +-----------------------------------------------+----+-----------+-----+-----------+
    |acc72_reg_3425                                 |   9|          2|   15|         30|
    |acc_118_reg_10261                              |  14|          3|   15|         45|
    |acc_119_reg_10159                              |  14|          3|   15|         45|
    |acc_120_reg_10057                              |  14|          3|   15|         45|
    |acc_121_reg_9955                               |  14|          3|   15|         45|
    |acc_122_reg_9853                               |  14|          3|   15|         45|
    |acc_123_reg_9751                               |  14|          3|   15|         45|
    |acc_124_reg_9649                               |  14|          3|   15|         45|
    |acc_125_reg_9547                               |  14|          3|   15|         45|
    |acc_126_reg_9445                               |  14|          3|   15|         45|
    |acc_127_reg_9343                               |  14|          3|   15|         45|
    |acc_128_reg_9241                               |  14|          3|   15|         45|
    |acc_129_reg_9139                               |  14|          3|   15|         45|
    |acc_130_reg_9037                               |  14|          3|   15|         45|
    |acc_131_reg_8935                               |  14|          3|   15|         45|
    |acc_132_reg_8833                               |  14|          3|   15|         45|
    |acc_133_reg_8731                               |  14|          3|   15|         45|
    |acc_134_reg_8629                               |  14|          3|   15|         45|
    |acc_135_reg_8527                               |  14|          3|   15|         45|
    |acc_136_reg_8425                               |  14|          3|   15|         45|
    |acc_137_reg_8323                               |  14|          3|   15|         45|
    |acc_138_reg_8221                               |  14|          3|   15|         45|
    |acc_139_reg_8119                               |  14|          3|   15|         45|
    |acc_140_reg_8017                               |  14|          3|   15|         45|
    |acc_141_reg_7915                               |  14|          3|   15|         45|
    |acc_142_reg_7813                               |  14|          3|   15|         45|
    |acc_143_reg_7711                               |  14|          3|   15|         45|
    |acc_144_reg_7609                               |  14|          3|   15|         45|
    |acc_145_reg_7507                               |  14|          3|   15|         45|
    |acc_146_reg_7405                               |  14|          3|   15|         45|
    |acc_147_reg_7303                               |  14|          3|   15|         45|
    |acc_148_reg_7201                               |  14|          3|   15|         45|
    |acc_5670_reg_3439                              |   9|          2|   15|         30|
    |acc_5768_reg_3453                              |   9|          2|   15|         30|
    |acc_5866_reg_3467                              |   9|          2|   15|         30|
    |acc_5964_reg_3481                              |   9|          2|   15|         30|
    |acc_6062_reg_3495                              |   9|          2|   15|         30|
    |acc_6160_reg_3509                              |   9|          2|   15|         30|
    |acc_6258_reg_3523                              |   9|          2|   15|         30|
    |acc_6356_reg_3537                              |   9|          2|   15|         30|
    |acc_6454_reg_3551                              |   9|          2|   15|         30|
    |acc_6552_reg_3565                              |   9|          2|   15|         30|
    |acc_6650_reg_3579                              |   9|          2|   15|         30|
    |acc_6748_reg_3593                              |   9|          2|   15|         30|
    |acc_6846_reg_3607                              |   9|          2|   15|         30|
    |acc_6944_reg_3621                              |   9|          2|   15|         30|
    |acc_7042_reg_3635                              |   9|          2|   15|         30|
    |acc_7140_reg_3649                              |   9|          2|   15|         30|
    |acc_7238_reg_3663                              |   9|          2|   15|         30|
    |acc_7336_reg_3677                              |   9|          2|   15|         30|
    |acc_7434_reg_3691                              |   9|          2|   15|         30|
    |acc_7532_reg_3705                              |   9|          2|   15|         30|
    |acc_7630_reg_3719                              |   9|          2|   15|         30|
    |acc_7728_reg_3733                              |   9|          2|   15|         30|
    |acc_7826_reg_3747                              |   9|          2|   15|         30|
    |acc_7924_reg_3761                              |   9|          2|   15|         30|
    |acc_8022_reg_3775                              |   9|          2|   15|         30|
    |acc_8120_reg_3789                              |   9|          2|   15|         30|
    |acc_8218_reg_3803                              |   9|          2|   15|         30|
    |acc_8316_reg_3817                              |   9|          2|   15|         30|
    |acc_8414_reg_3831                              |   9|          2|   15|         30|
    |acc_8512_reg_3845                              |   9|          2|   15|         30|
    |acc_8610_reg_3859                              |   9|          2|   15|         30|
    |acc_reg_10363                                  |  14|          3|   15|         45|
    |ap_NS_fsm                                      |  14|          3|    1|          3|
    |ap_done                                        |   9|          2|    1|          2|
    |ap_enable_reg_pp0_iter1                        |   9|          2|    1|          2|
    |ap_enable_reg_pp0_iter3                        |   9|          2|    1|          2|
    |ap_phi_mux_acc72_phi_fu_3429_p6                |  14|          3|   15|         45|
    |ap_phi_mux_acc_100_phi_fu_5540_p66             |  14|          3|   15|         45|
    |ap_phi_mux_acc_101_phi_fu_5436_p66             |  14|          3|   15|         45|
    |ap_phi_mux_acc_102_phi_fu_5332_p66             |  14|          3|   15|         45|
    |ap_phi_mux_acc_103_phi_fu_5228_p66             |  14|          3|   15|         45|
    |ap_phi_mux_acc_104_phi_fu_5124_p66             |  14|          3|   15|         45|
    |ap_phi_mux_acc_105_phi_fu_5020_p66             |  14|          3|   15|         45|
    |ap_phi_mux_acc_106_phi_fu_4916_p66             |  14|          3|   15|         45|
    |ap_phi_mux_acc_107_phi_fu_4812_p66             |  14|          3|   15|         45|
    |ap_phi_mux_acc_108_phi_fu_4708_p66             |  14|          3|   15|         45|
    |ap_phi_mux_acc_109_phi_fu_4604_p66             |  14|          3|   15|         45|
    |ap_phi_mux_acc_110_phi_fu_4500_p66             |  14|          3|   15|         45|
    |ap_phi_mux_acc_111_phi_fu_4396_p66             |  14|          3|   15|         45|
    |ap_phi_mux_acc_112_phi_fu_4292_p66             |  14|          3|   15|         45|
    |ap_phi_mux_acc_113_phi_fu_4188_p66             |  14|          3|   15|         45|
    |ap_phi_mux_acc_114_phi_fu_4084_p66             |  14|          3|   15|         45|
    |ap_phi_mux_acc_115_phi_fu_3980_p66             |  14|          3|   15|         45|
    |ap_phi_mux_acc_116_phi_fu_3876_p66             |  14|          3|   15|         45|
    |ap_phi_mux_acc_5670_phi_fu_3443_p6             |  14|          3|   15|         45|
    |ap_phi_mux_acc_5768_phi_fu_3457_p6             |  14|          3|   15|         45|
    |ap_phi_mux_acc_5866_phi_fu_3471_p6             |  14|          3|   15|         45|
    |ap_phi_mux_acc_5964_phi_fu_3485_p6             |  14|          3|   15|         45|
    |ap_phi_mux_acc_6062_phi_fu_3499_p6             |  14|          3|   15|         45|
    |ap_phi_mux_acc_6160_phi_fu_3513_p6             |  14|          3|   15|         45|
    |ap_phi_mux_acc_6258_phi_fu_3527_p6             |  14|          3|   15|         45|
    |ap_phi_mux_acc_6356_phi_fu_3541_p6             |  14|          3|   15|         45|
    |ap_phi_mux_acc_6454_phi_fu_3555_p6             |  14|          3|   15|         45|
    |ap_phi_mux_acc_6552_phi_fu_3569_p6             |  14|          3|   15|         45|
    |ap_phi_mux_acc_6650_phi_fu_3583_p6             |  14|          3|   15|         45|
    |ap_phi_mux_acc_6748_phi_fu_3597_p6             |  14|          3|   15|         45|
    |ap_phi_mux_acc_6846_phi_fu_3611_p6             |  14|          3|   15|         45|
    |ap_phi_mux_acc_6944_phi_fu_3625_p6             |  14|          3|   15|         45|
    |ap_phi_mux_acc_7042_phi_fu_3639_p6             |  14|          3|   15|         45|
    |ap_phi_mux_acc_7140_phi_fu_3653_p6             |  14|          3|   15|         45|
    |ap_phi_mux_acc_7238_phi_fu_3667_p6             |  14|          3|   15|         45|
    |ap_phi_mux_acc_7336_phi_fu_3681_p6             |  14|          3|   15|         45|
    |ap_phi_mux_acc_7434_phi_fu_3695_p6             |  14|          3|   15|         45|
    |ap_phi_mux_acc_7532_phi_fu_3709_p6             |  14|          3|   15|         45|
    |ap_phi_mux_acc_7630_phi_fu_3723_p6             |  14|          3|   15|         45|
    |ap_phi_mux_acc_7728_phi_fu_3737_p6             |  14|          3|   15|         45|
    |ap_phi_mux_acc_7826_phi_fu_3751_p6             |  14|          3|   15|         45|
    |ap_phi_mux_acc_7924_phi_fu_3765_p6             |  14|          3|   15|         45|
    |ap_phi_mux_acc_8022_phi_fu_3779_p6             |  14|          3|   15|         45|
    |ap_phi_mux_acc_8120_phi_fu_3793_p6             |  14|          3|   15|         45|
    |ap_phi_mux_acc_8218_phi_fu_3807_p6             |  14|          3|   15|         45|
    |ap_phi_mux_acc_8316_phi_fu_3821_p6             |  14|          3|   15|         45|
    |ap_phi_mux_acc_8414_phi_fu_3835_p6             |  14|          3|   15|         45|
    |ap_phi_mux_acc_8512_phi_fu_3849_p6             |  14|          3|   15|         45|
    |ap_phi_mux_acc_85_phi_fu_7100_p66              |  14|          3|   15|         45|
    |ap_phi_mux_acc_8610_phi_fu_3863_p6             |  14|          3|   15|         45|
    |ap_phi_mux_acc_86_phi_fu_6996_p66              |  14|          3|   15|         45|
    |ap_phi_mux_acc_87_phi_fu_6892_p66              |  14|          3|   15|         45|
    |ap_phi_mux_acc_88_phi_fu_6788_p66              |  14|          3|   15|         45|
    |ap_phi_mux_acc_89_phi_fu_6684_p66              |  14|          3|   15|         45|
    |ap_phi_mux_acc_90_phi_fu_6580_p66              |  14|          3|   15|         45|
    |ap_phi_mux_acc_91_phi_fu_6476_p66              |  14|          3|   15|         45|
    |ap_phi_mux_acc_92_phi_fu_6372_p66              |  14|          3|   15|         45|
    |ap_phi_mux_acc_93_phi_fu_6268_p66              |  14|          3|   15|         45|
    |ap_phi_mux_acc_94_phi_fu_6164_p66              |  14|          3|   15|         45|
    |ap_phi_mux_acc_95_phi_fu_6060_p66              |  14|          3|   15|         45|
    |ap_phi_mux_acc_96_phi_fu_5956_p66              |  14|          3|   15|         45|
    |ap_phi_mux_acc_97_phi_fu_5852_p66              |  14|          3|   15|         45|
    |ap_phi_mux_acc_98_phi_fu_5748_p66              |  14|          3|   15|         45|
    |ap_phi_mux_acc_99_phi_fu_5644_p66              |  14|          3|   15|         45|
    |ap_phi_mux_data_100136_phi_phi_fu_2685_p4      |   9|          2|   16|         32|
    |ap_phi_mux_data_101137_phi_phi_fu_2673_p4      |   9|          2|   16|         32|
    |ap_phi_mux_data_102138_phi_phi_fu_2661_p4      |   9|          2|   16|         32|
    |ap_phi_mux_data_103139_phi_phi_fu_2649_p4      |   9|          2|   16|         32|
    |ap_phi_mux_data_104140_phi_phi_fu_2637_p4      |   9|          2|   16|         32|
    |ap_phi_mux_data_105141_phi_phi_fu_2625_p4      |   9|          2|   16|         32|
    |ap_phi_mux_data_106142_phi_phi_fu_2613_p4      |   9|          2|   16|         32|
    |ap_phi_mux_data_107143_phi_phi_fu_2601_p4      |   9|          2|   16|         32|
    |ap_phi_mux_data_108144_phi_phi_fu_2589_p4      |   9|          2|   16|         32|
    |ap_phi_mux_data_109145_phi_phi_fu_2577_p4      |   9|          2|   16|         32|
    |ap_phi_mux_data_110146_phi_phi_fu_2565_p4      |   9|          2|   16|         32|
    |ap_phi_mux_data_111147_phi_phi_fu_2553_p4      |   9|          2|   16|         32|
    |ap_phi_mux_data_112148_phi_phi_fu_2541_p4      |   9|          2|   16|         32|
    |ap_phi_mux_data_113149_phi_phi_fu_2529_p4      |   9|          2|   16|         32|
    |ap_phi_mux_data_114150_phi_phi_fu_2517_p4      |   9|          2|   16|         32|
    |ap_phi_mux_data_115151_phi_phi_fu_2505_p4      |   9|          2|   16|         32|
    |ap_phi_mux_data_116152_phi_phi_fu_2493_p4      |   9|          2|   16|         32|
    |ap_phi_mux_data_117153_phi_phi_fu_2481_p4      |   9|          2|   16|         32|
    |ap_phi_mux_data_118154_phi_phi_fu_2469_p4      |   9|          2|   16|         32|
    |ap_phi_mux_data_119155_phi_phi_fu_2457_p4      |   9|          2|   16|         32|
    |ap_phi_mux_data_120156_phi_phi_fu_2445_p4      |   9|          2|   16|         32|
    |ap_phi_mux_data_121157_phi_phi_fu_2433_p4      |   9|          2|   16|         32|
    |ap_phi_mux_data_122158_phi_phi_fu_2421_p4      |   9|          2|   16|         32|
    |ap_phi_mux_data_123159_phi_phi_fu_2409_p4      |   9|          2|   16|         32|
    |ap_phi_mux_data_124160_phi_phi_fu_2397_p4      |   9|          2|   16|         32|
    |ap_phi_mux_data_125161_phi_phi_fu_2385_p4      |   9|          2|   16|         32|
    |ap_phi_mux_data_126162_phi_phi_fu_2373_p4      |   9|          2|   16|         32|
    |ap_phi_mux_data_127163_phi_phi_fu_2361_p4      |   9|          2|   16|         32|
    |ap_phi_mux_data_128164_phi_phi_fu_2349_p4      |   9|          2|   16|         32|
    |ap_phi_mux_data_129165_phi_phi_fu_2337_p4      |   9|          2|   16|         32|
    |ap_phi_mux_data_130166_phi_phi_fu_2325_p4      |   9|          2|   16|         32|
    |ap_phi_mux_data_131167_phi_phi_fu_2313_p4      |   9|          2|   16|         32|
    |ap_phi_mux_data_132168_phi_phi_fu_2301_p4      |   9|          2|   16|         32|
    |ap_phi_mux_data_133169_phi_phi_fu_2289_p4      |   9|          2|   16|         32|
    |ap_phi_mux_data_134170_phi_phi_fu_2277_p4      |   9|          2|   16|         32|
    |ap_phi_mux_data_135171_phi_phi_fu_2265_p4      |   9|          2|   16|         32|
    |ap_phi_mux_data_136172_phi_phi_fu_2253_p4      |   9|          2|   16|         32|
    |ap_phi_mux_data_137173_phi_phi_fu_2241_p4      |   9|          2|   16|         32|
    |ap_phi_mux_data_138174_phi_phi_fu_2229_p4      |   9|          2|   16|         32|
    |ap_phi_mux_data_139175_phi_phi_fu_2217_p4      |   9|          2|   16|         32|
    |ap_phi_mux_data_140176_phi_phi_fu_2205_p4      |   9|          2|   16|         32|
    |ap_phi_mux_data_141177_phi_phi_fu_2193_p4      |   9|          2|   16|         32|
    |ap_phi_mux_data_142178_phi_phi_fu_2181_p4      |   9|          2|   16|         32|
    |ap_phi_mux_data_143179_phi_phi_fu_2169_p4      |   9|          2|   16|         32|
    |ap_phi_mux_data_14476_phi_phi_fu_3405_p4       |   9|          2|   16|         32|
    |ap_phi_mux_data_4177_phi_phi_fu_3393_p4        |   9|          2|   16|         32|
    |ap_phi_mux_data_4278_phi_phi_fu_3381_p4        |   9|          2|   16|         32|
    |ap_phi_mux_data_4379_phi_phi_fu_3369_p4        |   9|          2|   16|         32|
    |ap_phi_mux_data_4480_phi_phi_fu_3357_p4        |   9|          2|   16|         32|
    |ap_phi_mux_data_4581_phi_phi_fu_3345_p4        |   9|          2|   16|         32|
    |ap_phi_mux_data_4682_phi_phi_fu_3333_p4        |   9|          2|   16|         32|
    |ap_phi_mux_data_4783_phi_phi_fu_3321_p4        |   9|          2|   16|         32|
    |ap_phi_mux_data_4884_phi_phi_fu_3309_p4        |   9|          2|   16|         32|
    |ap_phi_mux_data_4985_phi_phi_fu_3297_p4        |   9|          2|   16|         32|
    |ap_phi_mux_data_5086_phi_phi_fu_3285_p4        |   9|          2|   16|         32|
    |ap_phi_mux_data_5187_phi_phi_fu_3273_p4        |   9|          2|   16|         32|
    |ap_phi_mux_data_5288_phi_phi_fu_3261_p4        |   9|          2|   16|         32|
    |ap_phi_mux_data_5389_phi_phi_fu_3249_p4        |   9|          2|   16|         32|
    |ap_phi_mux_data_5490_phi_phi_fu_3237_p4        |   9|          2|   16|         32|
    |ap_phi_mux_data_5591_phi_phi_fu_3225_p4        |   9|          2|   16|         32|
    |ap_phi_mux_data_5692_phi_phi_fu_3213_p4        |   9|          2|   16|         32|
    |ap_phi_mux_data_5793_phi_phi_fu_3201_p4        |   9|          2|   16|         32|
    |ap_phi_mux_data_5894_phi_phi_fu_3189_p4        |   9|          2|   16|         32|
    |ap_phi_mux_data_5995_phi_phi_fu_3177_p4        |   9|          2|   16|         32|
    |ap_phi_mux_data_6096_phi_phi_fu_3165_p4        |   9|          2|   16|         32|
    |ap_phi_mux_data_6197_phi_phi_fu_3153_p4        |   9|          2|   16|         32|
    |ap_phi_mux_data_6298_phi_phi_fu_3141_p4        |   9|          2|   16|         32|
    |ap_phi_mux_data_6399_phi_phi_fu_3129_p4        |   9|          2|   16|         32|
    |ap_phi_mux_data_64100_phi_phi_fu_3117_p4       |   9|          2|   16|         32|
    |ap_phi_mux_data_65101_phi_phi_fu_3105_p4       |   9|          2|   16|         32|
    |ap_phi_mux_data_66102_phi_phi_fu_3093_p4       |   9|          2|   16|         32|
    |ap_phi_mux_data_67103_phi_phi_fu_3081_p4       |   9|          2|   16|         32|
    |ap_phi_mux_data_68104_phi_phi_fu_3069_p4       |   9|          2|   16|         32|
    |ap_phi_mux_data_69105_phi_phi_fu_3057_p4       |   9|          2|   16|         32|
    |ap_phi_mux_data_70106_phi_phi_fu_3045_p4       |   9|          2|   16|         32|
    |ap_phi_mux_data_71107_phi_phi_fu_3033_p4       |   9|          2|   16|         32|
    |ap_phi_mux_data_72108_phi_phi_fu_3021_p4       |   9|          2|   16|         32|
    |ap_phi_mux_data_73109_phi_phi_fu_3009_p4       |   9|          2|   16|         32|
    |ap_phi_mux_data_74110_phi_phi_fu_2997_p4       |   9|          2|   16|         32|
    |ap_phi_mux_data_75111_phi_phi_fu_2985_p4       |   9|          2|   16|         32|
    |ap_phi_mux_data_76112_phi_phi_fu_2973_p4       |   9|          2|   16|         32|
    |ap_phi_mux_data_77113_phi_phi_fu_2961_p4       |   9|          2|   16|         32|
    |ap_phi_mux_data_78114_phi_phi_fu_2949_p4       |   9|          2|   16|         32|
    |ap_phi_mux_data_79115_phi_phi_fu_2937_p4       |   9|          2|   16|         32|
    |ap_phi_mux_data_80116_phi_phi_fu_2925_p4       |   9|          2|   16|         32|
    |ap_phi_mux_data_81117_phi_phi_fu_2913_p4       |   9|          2|   16|         32|
    |ap_phi_mux_data_82118_phi_phi_fu_2901_p4       |   9|          2|   16|         32|
    |ap_phi_mux_data_83119_phi_phi_fu_2889_p4       |   9|          2|   16|         32|
    |ap_phi_mux_data_84120_phi_phi_fu_2877_p4       |   9|          2|   16|         32|
    |ap_phi_mux_data_85121_phi_phi_fu_2865_p4       |   9|          2|   16|         32|
    |ap_phi_mux_data_86122_phi_phi_fu_2853_p4       |   9|          2|   16|         32|
    |ap_phi_mux_data_87123_phi_phi_fu_2841_p4       |   9|          2|   16|         32|
    |ap_phi_mux_data_88124_phi_phi_fu_2829_p4       |   9|          2|   16|         32|
    |ap_phi_mux_data_89125_phi_phi_fu_2817_p4       |   9|          2|   16|         32|
    |ap_phi_mux_data_90126_phi_phi_fu_2805_p4       |   9|          2|   16|         32|
    |ap_phi_mux_data_91127_phi_phi_fu_2793_p4       |   9|          2|   16|         32|
    |ap_phi_mux_data_92128_phi_phi_fu_2781_p4       |   9|          2|   16|         32|
    |ap_phi_mux_data_93129_phi_phi_fu_2769_p4       |   9|          2|   16|         32|
    |ap_phi_mux_data_94130_phi_phi_fu_2757_p4       |   9|          2|   16|         32|
    |ap_phi_mux_data_95131_phi_phi_fu_2745_p4       |   9|          2|   16|         32|
    |ap_phi_mux_data_96132_phi_phi_fu_2733_p4       |   9|          2|   16|         32|
    |ap_phi_mux_data_97133_phi_phi_fu_2721_p4       |   9|          2|   16|         32|
    |ap_phi_mux_data_98134_phi_phi_fu_2709_p4       |   9|          2|   16|         32|
    |ap_phi_mux_data_99135_phi_phi_fu_2697_p4       |   9|          2|   16|         32|
    |ap_phi_mux_do_init_phi_fu_655_p6               |  14|          3|    1|          3|
    |ap_phi_mux_in_index74_phi_fu_2155_p6           |  14|          3|    7|         21|
    |ap_phi_mux_ir73_phi_fu_671_p6                  |  14|          3|   12|         36|
    |ap_phi_mux_p_phi_phi_fu_3417_p4                |   9|          2|   16|         32|
    |ap_phi_reg_pp0_iter1_data_100136_phi_reg_2681  |   9|          2|   16|         32|
    |ap_phi_reg_pp0_iter1_data_101137_phi_reg_2669  |   9|          2|   16|         32|
    |ap_phi_reg_pp0_iter1_data_102138_phi_reg_2657  |   9|          2|   16|         32|
    |ap_phi_reg_pp0_iter1_data_103139_phi_reg_2645  |   9|          2|   16|         32|
    |ap_phi_reg_pp0_iter1_data_104140_phi_reg_2633  |   9|          2|   16|         32|
    |ap_phi_reg_pp0_iter1_data_105141_phi_reg_2621  |   9|          2|   16|         32|
    |ap_phi_reg_pp0_iter1_data_106142_phi_reg_2609  |   9|          2|   16|         32|
    |ap_phi_reg_pp0_iter1_data_107143_phi_reg_2597  |   9|          2|   16|         32|
    |ap_phi_reg_pp0_iter1_data_108144_phi_reg_2585  |   9|          2|   16|         32|
    |ap_phi_reg_pp0_iter1_data_109145_phi_reg_2573  |   9|          2|   16|         32|
    |ap_phi_reg_pp0_iter1_data_110146_phi_reg_2561  |   9|          2|   16|         32|
    |ap_phi_reg_pp0_iter1_data_111147_phi_reg_2549  |   9|          2|   16|         32|
    |ap_phi_reg_pp0_iter1_data_112148_phi_reg_2537  |   9|          2|   16|         32|
    |ap_phi_reg_pp0_iter1_data_113149_phi_reg_2525  |   9|          2|   16|         32|
    |ap_phi_reg_pp0_iter1_data_114150_phi_reg_2513  |   9|          2|   16|         32|
    |ap_phi_reg_pp0_iter1_data_115151_phi_reg_2501  |   9|          2|   16|         32|
    |ap_phi_reg_pp0_iter1_data_116152_phi_reg_2489  |   9|          2|   16|         32|
    |ap_phi_reg_pp0_iter1_data_117153_phi_reg_2477  |   9|          2|   16|         32|
    |ap_phi_reg_pp0_iter1_data_118154_phi_reg_2465  |   9|          2|   16|         32|
    |ap_phi_reg_pp0_iter1_data_119155_phi_reg_2453  |   9|          2|   16|         32|
    |ap_phi_reg_pp0_iter1_data_120156_phi_reg_2441  |   9|          2|   16|         32|
    |ap_phi_reg_pp0_iter1_data_121157_phi_reg_2429  |   9|          2|   16|         32|
    |ap_phi_reg_pp0_iter1_data_122158_phi_reg_2417  |   9|          2|   16|         32|
    |ap_phi_reg_pp0_iter1_data_123159_phi_reg_2405  |   9|          2|   16|         32|
    |ap_phi_reg_pp0_iter1_data_124160_phi_reg_2393  |   9|          2|   16|         32|
    |ap_phi_reg_pp0_iter1_data_125161_phi_reg_2381  |   9|          2|   16|         32|
    |ap_phi_reg_pp0_iter1_data_126162_phi_reg_2369  |   9|          2|   16|         32|
    |ap_phi_reg_pp0_iter1_data_127163_phi_reg_2357  |   9|          2|   16|         32|
    |ap_phi_reg_pp0_iter1_data_128164_phi_reg_2345  |   9|          2|   16|         32|
    |ap_phi_reg_pp0_iter1_data_129165_phi_reg_2333  |   9|          2|   16|         32|
    |ap_phi_reg_pp0_iter1_data_130166_phi_reg_2321  |   9|          2|   16|         32|
    |ap_phi_reg_pp0_iter1_data_131167_phi_reg_2309  |   9|          2|   16|         32|
    |ap_phi_reg_pp0_iter1_data_132168_phi_reg_2297  |   9|          2|   16|         32|
    |ap_phi_reg_pp0_iter1_data_133169_phi_reg_2285  |   9|          2|   16|         32|
    |ap_phi_reg_pp0_iter1_data_134170_phi_reg_2273  |   9|          2|   16|         32|
    |ap_phi_reg_pp0_iter1_data_135171_phi_reg_2261  |   9|          2|   16|         32|
    |ap_phi_reg_pp0_iter1_data_136172_phi_reg_2249  |   9|          2|   16|         32|
    |ap_phi_reg_pp0_iter1_data_137173_phi_reg_2237  |   9|          2|   16|         32|
    |ap_phi_reg_pp0_iter1_data_138174_phi_reg_2225  |   9|          2|   16|         32|
    |ap_phi_reg_pp0_iter1_data_139175_phi_reg_2213  |   9|          2|   16|         32|
    |ap_phi_reg_pp0_iter1_data_140176_phi_reg_2201  |   9|          2|   16|         32|
    |ap_phi_reg_pp0_iter1_data_141177_phi_reg_2189  |   9|          2|   16|         32|
    |ap_phi_reg_pp0_iter1_data_142178_phi_reg_2177  |   9|          2|   16|         32|
    |ap_phi_reg_pp0_iter1_data_143179_phi_reg_2165  |   9|          2|   16|         32|
    |ap_phi_reg_pp0_iter1_data_14476_phi_reg_3401   |   9|          2|   16|         32|
    |ap_phi_reg_pp0_iter1_data_4177_phi_reg_3389    |   9|          2|   16|         32|
    |ap_phi_reg_pp0_iter1_data_4278_phi_reg_3377    |   9|          2|   16|         32|
    |ap_phi_reg_pp0_iter1_data_4379_phi_reg_3365    |   9|          2|   16|         32|
    |ap_phi_reg_pp0_iter1_data_4480_phi_reg_3353    |   9|          2|   16|         32|
    |ap_phi_reg_pp0_iter1_data_4581_phi_reg_3341    |   9|          2|   16|         32|
    |ap_phi_reg_pp0_iter1_data_4682_phi_reg_3329    |   9|          2|   16|         32|
    |ap_phi_reg_pp0_iter1_data_4783_phi_reg_3317    |   9|          2|   16|         32|
    |ap_phi_reg_pp0_iter1_data_4884_phi_reg_3305    |   9|          2|   16|         32|
    |ap_phi_reg_pp0_iter1_data_4985_phi_reg_3293    |   9|          2|   16|         32|
    |ap_phi_reg_pp0_iter1_data_5086_phi_reg_3281    |   9|          2|   16|         32|
    |ap_phi_reg_pp0_iter1_data_5187_phi_reg_3269    |   9|          2|   16|         32|
    |ap_phi_reg_pp0_iter1_data_5288_phi_reg_3257    |   9|          2|   16|         32|
    |ap_phi_reg_pp0_iter1_data_5389_phi_reg_3245    |   9|          2|   16|         32|
    |ap_phi_reg_pp0_iter1_data_5490_phi_reg_3233    |   9|          2|   16|         32|
    |ap_phi_reg_pp0_iter1_data_5591_phi_reg_3221    |   9|          2|   16|         32|
    |ap_phi_reg_pp0_iter1_data_5692_phi_reg_3209    |   9|          2|   16|         32|
    |ap_phi_reg_pp0_iter1_data_5793_phi_reg_3197    |   9|          2|   16|         32|
    |ap_phi_reg_pp0_iter1_data_5894_phi_reg_3185    |   9|          2|   16|         32|
    |ap_phi_reg_pp0_iter1_data_5995_phi_reg_3173    |   9|          2|   16|         32|
    |ap_phi_reg_pp0_iter1_data_6096_phi_reg_3161    |   9|          2|   16|         32|
    |ap_phi_reg_pp0_iter1_data_6197_phi_reg_3149    |   9|          2|   16|         32|
    |ap_phi_reg_pp0_iter1_data_6298_phi_reg_3137    |   9|          2|   16|         32|
    |ap_phi_reg_pp0_iter1_data_6399_phi_reg_3125    |   9|          2|   16|         32|
    |ap_phi_reg_pp0_iter1_data_64100_phi_reg_3113   |   9|          2|   16|         32|
    |ap_phi_reg_pp0_iter1_data_65101_phi_reg_3101   |   9|          2|   16|         32|
    |ap_phi_reg_pp0_iter1_data_66102_phi_reg_3089   |   9|          2|   16|         32|
    |ap_phi_reg_pp0_iter1_data_67103_phi_reg_3077   |   9|          2|   16|         32|
    |ap_phi_reg_pp0_iter1_data_68104_phi_reg_3065   |   9|          2|   16|         32|
    |ap_phi_reg_pp0_iter1_data_69105_phi_reg_3053   |   9|          2|   16|         32|
    |ap_phi_reg_pp0_iter1_data_70106_phi_reg_3041   |   9|          2|   16|         32|
    |ap_phi_reg_pp0_iter1_data_71107_phi_reg_3029   |   9|          2|   16|         32|
    |ap_phi_reg_pp0_iter1_data_72108_phi_reg_3017   |   9|          2|   16|         32|
    |ap_phi_reg_pp0_iter1_data_73109_phi_reg_3005   |   9|          2|   16|         32|
    |ap_phi_reg_pp0_iter1_data_74110_phi_reg_2993   |   9|          2|   16|         32|
    |ap_phi_reg_pp0_iter1_data_75111_phi_reg_2981   |   9|          2|   16|         32|
    |ap_phi_reg_pp0_iter1_data_76112_phi_reg_2969   |   9|          2|   16|         32|
    |ap_phi_reg_pp0_iter1_data_77113_phi_reg_2957   |   9|          2|   16|         32|
    |ap_phi_reg_pp0_iter1_data_78114_phi_reg_2945   |   9|          2|   16|         32|
    |ap_phi_reg_pp0_iter1_data_79115_phi_reg_2933   |   9|          2|   16|         32|
    |ap_phi_reg_pp0_iter1_data_80116_phi_reg_2921   |   9|          2|   16|         32|
    |ap_phi_reg_pp0_iter1_data_81117_phi_reg_2909   |   9|          2|   16|         32|
    |ap_phi_reg_pp0_iter1_data_82118_phi_reg_2897   |   9|          2|   16|         32|
    |ap_phi_reg_pp0_iter1_data_83119_phi_reg_2885   |   9|          2|   16|         32|
    |ap_phi_reg_pp0_iter1_data_84120_phi_reg_2873   |   9|          2|   16|         32|
    |ap_phi_reg_pp0_iter1_data_85121_phi_reg_2861   |   9|          2|   16|         32|
    |ap_phi_reg_pp0_iter1_data_86122_phi_reg_2849   |   9|          2|   16|         32|
    |ap_phi_reg_pp0_iter1_data_87123_phi_reg_2837   |   9|          2|   16|         32|
    |ap_phi_reg_pp0_iter1_data_88124_phi_reg_2825   |   9|          2|   16|         32|
    |ap_phi_reg_pp0_iter1_data_89125_phi_reg_2813   |   9|          2|   16|         32|
    |ap_phi_reg_pp0_iter1_data_90126_phi_reg_2801   |   9|          2|   16|         32|
    |ap_phi_reg_pp0_iter1_data_91127_phi_reg_2789   |   9|          2|   16|         32|
    |ap_phi_reg_pp0_iter1_data_92128_phi_reg_2777   |   9|          2|   16|         32|
    |ap_phi_reg_pp0_iter1_data_93129_phi_reg_2765   |   9|          2|   16|         32|
    |ap_phi_reg_pp0_iter1_data_94130_phi_reg_2753   |   9|          2|   16|         32|
    |ap_phi_reg_pp0_iter1_data_95131_phi_reg_2741   |   9|          2|   16|         32|
    |ap_phi_reg_pp0_iter1_data_96132_phi_reg_2729   |   9|          2|   16|         32|
    |ap_phi_reg_pp0_iter1_data_97133_phi_reg_2717   |   9|          2|   16|         32|
    |ap_phi_reg_pp0_iter1_data_98134_phi_reg_2705   |   9|          2|   16|         32|
    |ap_phi_reg_pp0_iter1_data_99135_phi_reg_2693   |   9|          2|   16|         32|
    |ap_phi_reg_pp0_iter1_p_phi_reg_3413            |   9|          2|   16|         32|
    |data_100136_phi_reg_2681                       |   9|          2|   16|         32|
    |data_101137_phi_reg_2669                       |   9|          2|   16|         32|
    |data_102138_phi_reg_2657                       |   9|          2|   16|         32|
    |data_103139_phi_reg_2645                       |   9|          2|   16|         32|
    |data_104140_phi_reg_2633                       |   9|          2|   16|         32|
    |data_105141_phi_reg_2621                       |   9|          2|   16|         32|
    |data_106142_phi_reg_2609                       |   9|          2|   16|         32|
    |data_107143_phi_reg_2597                       |   9|          2|   16|         32|
    |data_108144_phi_reg_2585                       |   9|          2|   16|         32|
    |data_109145_phi_reg_2573                       |   9|          2|   16|         32|
    |data_110146_phi_reg_2561                       |   9|          2|   16|         32|
    |data_111147_phi_reg_2549                       |   9|          2|   16|         32|
    |data_112148_phi_reg_2537                       |   9|          2|   16|         32|
    |data_113149_phi_reg_2525                       |   9|          2|   16|         32|
    |data_114150_phi_reg_2513                       |   9|          2|   16|         32|
    |data_115151_phi_reg_2501                       |   9|          2|   16|         32|
    |data_116152_phi_reg_2489                       |   9|          2|   16|         32|
    |data_117153_phi_reg_2477                       |   9|          2|   16|         32|
    |data_118154_phi_reg_2465                       |   9|          2|   16|         32|
    |data_119155_phi_reg_2453                       |   9|          2|   16|         32|
    |data_120156_phi_reg_2441                       |   9|          2|   16|         32|
    |data_121157_phi_reg_2429                       |   9|          2|   16|         32|
    |data_122158_phi_reg_2417                       |   9|          2|   16|         32|
    |data_123159_phi_reg_2405                       |   9|          2|   16|         32|
    |data_124160_phi_reg_2393                       |   9|          2|   16|         32|
    |data_125161_phi_reg_2381                       |   9|          2|   16|         32|
    |data_126162_phi_reg_2369                       |   9|          2|   16|         32|
    |data_127163_phi_reg_2357                       |   9|          2|   16|         32|
    |data_128164_phi_reg_2345                       |   9|          2|   16|         32|
    |data_129165_phi_reg_2333                       |   9|          2|   16|         32|
    |data_130166_phi_reg_2321                       |   9|          2|   16|         32|
    |data_131167_phi_reg_2309                       |   9|          2|   16|         32|
    |data_132168_phi_reg_2297                       |   9|          2|   16|         32|
    |data_133169_phi_reg_2285                       |   9|          2|   16|         32|
    |data_134170_phi_reg_2273                       |   9|          2|   16|         32|
    |data_135171_phi_reg_2261                       |   9|          2|   16|         32|
    |data_136172_phi_reg_2249                       |   9|          2|   16|         32|
    |data_137173_phi_reg_2237                       |   9|          2|   16|         32|
    |data_138174_phi_reg_2225                       |   9|          2|   16|         32|
    |data_139175_phi_reg_2213                       |   9|          2|   16|         32|
    |data_140176_phi_reg_2201                       |   9|          2|   16|         32|
    |data_141177_phi_reg_2189                       |   9|          2|   16|         32|
    |data_142178_phi_reg_2177                       |   9|          2|   16|         32|
    |data_143179_phi_reg_2165                       |   9|          2|   16|         32|
    |data_14476_phi_reg_3401                        |   9|          2|   16|         32|
    |data_4177_phi_reg_3389                         |   9|          2|   16|         32|
    |data_4278_phi_reg_3377                         |   9|          2|   16|         32|
    |data_4379_phi_reg_3365                         |   9|          2|   16|         32|
    |data_4480_phi_reg_3353                         |   9|          2|   16|         32|
    |data_4581_phi_reg_3341                         |   9|          2|   16|         32|
    |data_4682_phi_reg_3329                         |   9|          2|   16|         32|
    |data_4783_phi_reg_3317                         |   9|          2|   16|         32|
    |data_4884_phi_reg_3305                         |   9|          2|   16|         32|
    |data_4985_phi_reg_3293                         |   9|          2|   16|         32|
    |data_5086_phi_reg_3281                         |   9|          2|   16|         32|
    |data_5187_phi_reg_3269                         |   9|          2|   16|         32|
    |data_5288_phi_reg_3257                         |   9|          2|   16|         32|
    |data_5389_phi_reg_3245                         |   9|          2|   16|         32|
    |data_5490_phi_reg_3233                         |   9|          2|   16|         32|
    |data_5591_phi_reg_3221                         |   9|          2|   16|         32|
    |data_5692_phi_reg_3209                         |   9|          2|   16|         32|
    |data_5793_phi_reg_3197                         |   9|          2|   16|         32|
    |data_5894_phi_reg_3185                         |   9|          2|   16|         32|
    |data_5995_phi_reg_3173                         |   9|          2|   16|         32|
    |data_6096_phi_reg_3161                         |   9|          2|   16|         32|
    |data_6197_phi_reg_3149                         |   9|          2|   16|         32|
    |data_6298_phi_reg_3137                         |   9|          2|   16|         32|
    |data_6399_phi_reg_3125                         |   9|          2|   16|         32|
    |data_64100_phi_reg_3113                        |   9|          2|   16|         32|
    |data_65101_phi_reg_3101                        |   9|          2|   16|         32|
    |data_66102_phi_reg_3089                        |   9|          2|   16|         32|
    |data_67103_phi_reg_3077                        |   9|          2|   16|         32|
    |data_68104_phi_reg_3065                        |   9|          2|   16|         32|
    |data_69105_phi_reg_3053                        |   9|          2|   16|         32|
    |data_70106_phi_reg_3041                        |   9|          2|   16|         32|
    |data_71107_phi_reg_3029                        |   9|          2|   16|         32|
    |data_72108_phi_reg_3017                        |   9|          2|   16|         32|
    |data_73109_phi_reg_3005                        |   9|          2|   16|         32|
    |data_74110_phi_reg_2993                        |   9|          2|   16|         32|
    |data_75111_phi_reg_2981                        |   9|          2|   16|         32|
    |data_76112_phi_reg_2969                        |   9|          2|   16|         32|
    |data_77113_phi_reg_2957                        |   9|          2|   16|         32|
    |data_78114_phi_reg_2945                        |   9|          2|   16|         32|
    |data_79115_phi_reg_2933                        |   9|          2|   16|         32|
    |data_80116_phi_reg_2921                        |   9|          2|   16|         32|
    |data_81117_phi_reg_2909                        |   9|          2|   16|         32|
    |data_82118_phi_reg_2897                        |   9|          2|   16|         32|
    |data_83119_phi_reg_2885                        |   9|          2|   16|         32|
    |data_84120_phi_reg_2873                        |   9|          2|   16|         32|
    |data_85121_phi_reg_2861                        |   9|          2|   16|         32|
    |data_86122_phi_reg_2849                        |   9|          2|   16|         32|
    |data_87123_phi_reg_2837                        |   9|          2|   16|         32|
    |data_88124_phi_reg_2825                        |   9|          2|   16|         32|
    |data_89125_phi_reg_2813                        |   9|          2|   16|         32|
    |data_90126_phi_reg_2801                        |   9|          2|   16|         32|
    |data_91127_phi_reg_2789                        |   9|          2|   16|         32|
    |data_92128_phi_reg_2777                        |   9|          2|   16|         32|
    |data_93129_phi_reg_2765                        |   9|          2|   16|         32|
    |data_94130_phi_reg_2753                        |   9|          2|   16|         32|
    |data_95131_phi_reg_2741                        |   9|          2|   16|         32|
    |data_96132_phi_reg_2729                        |   9|          2|   16|         32|
    |data_97133_phi_reg_2717                        |   9|          2|   16|         32|
    |data_98134_phi_reg_2705                        |   9|          2|   16|         32|
    |data_99135_phi_reg_2693                        |   9|          2|   16|         32|
    |in_index74_reg_2151                            |   9|          2|    7|         14|
    |ir73_reg_667                                   |   9|          2|   12|         24|
    |layer2_out_blk_n                               |   9|          2|    1|          2|
    |p_phi_reg_3413                                 |   9|          2|   16|         32|
    |real_start                                     |   9|          2|    1|          2|
    |y_timed_input_TDATA_blk_n                      |   9|          2|    1|          2|
    +-----------------------------------------------+----+-----------+-----+-----------+
    |Total                                          |4595|       1010| 7006|      15473|
    +-----------------------------------------------+----+-----------+-----+-----------+

    * Register: 
    +-----------------------------------------------+----+----+-----+-----------+
    |                      Name                     | FF | LUT| Bits| Const Bits|
    +-----------------------------------------------+----+----+-----+-----------+
    |acc72_reg_3425                                 |  15|   0|   15|          0|
    |acc_118_reg_10261                              |  15|   0|   15|          0|
    |acc_119_reg_10159                              |  15|   0|   15|          0|
    |acc_120_reg_10057                              |  15|   0|   15|          0|
    |acc_121_reg_9955                               |  15|   0|   15|          0|
    |acc_122_reg_9853                               |  15|   0|   15|          0|
    |acc_123_reg_9751                               |  15|   0|   15|          0|
    |acc_124_reg_9649                               |  15|   0|   15|          0|
    |acc_125_reg_9547                               |  15|   0|   15|          0|
    |acc_126_reg_9445                               |  15|   0|   15|          0|
    |acc_127_reg_9343                               |  15|   0|   15|          0|
    |acc_128_reg_9241                               |  15|   0|   15|          0|
    |acc_129_reg_9139                               |  15|   0|   15|          0|
    |acc_130_reg_9037                               |  15|   0|   15|          0|
    |acc_131_reg_8935                               |  15|   0|   15|          0|
    |acc_132_reg_8833                               |  15|   0|   15|          0|
    |acc_133_reg_8731                               |  15|   0|   15|          0|
    |acc_134_reg_8629                               |  15|   0|   15|          0|
    |acc_135_reg_8527                               |  15|   0|   15|          0|
    |acc_136_reg_8425                               |  15|   0|   15|          0|
    |acc_137_reg_8323                               |  15|   0|   15|          0|
    |acc_138_reg_8221                               |  15|   0|   15|          0|
    |acc_139_reg_8119                               |  15|   0|   15|          0|
    |acc_140_reg_8017                               |  15|   0|   15|          0|
    |acc_141_reg_7915                               |  15|   0|   15|          0|
    |acc_142_reg_7813                               |  15|   0|   15|          0|
    |acc_143_reg_7711                               |  15|   0|   15|          0|
    |acc_144_reg_7609                               |  15|   0|   15|          0|
    |acc_145_reg_7507                               |  15|   0|   15|          0|
    |acc_146_reg_7405                               |  15|   0|   15|          0|
    |acc_147_reg_7303                               |  15|   0|   15|          0|
    |acc_148_reg_7201                               |  15|   0|   15|          0|
    |acc_5670_reg_3439                              |  15|   0|   15|          0|
    |acc_5768_reg_3453                              |  15|   0|   15|          0|
    |acc_5866_reg_3467                              |  15|   0|   15|          0|
    |acc_5964_reg_3481                              |  15|   0|   15|          0|
    |acc_6062_reg_3495                              |  15|   0|   15|          0|
    |acc_6160_reg_3509                              |  15|   0|   15|          0|
    |acc_6258_reg_3523                              |  15|   0|   15|          0|
    |acc_6356_reg_3537                              |  15|   0|   15|          0|
    |acc_6454_reg_3551                              |  15|   0|   15|          0|
    |acc_6552_reg_3565                              |  15|   0|   15|          0|
    |acc_6650_reg_3579                              |  15|   0|   15|          0|
    |acc_6748_reg_3593                              |  15|   0|   15|          0|
    |acc_6846_reg_3607                              |  15|   0|   15|          0|
    |acc_6944_reg_3621                              |  15|   0|   15|          0|
    |acc_7042_reg_3635                              |  15|   0|   15|          0|
    |acc_7140_reg_3649                              |  15|   0|   15|          0|
    |acc_7238_reg_3663                              |  15|   0|   15|          0|
    |acc_7336_reg_3677                              |  15|   0|   15|          0|
    |acc_7434_reg_3691                              |  15|   0|   15|          0|
    |acc_7532_reg_3705                              |  15|   0|   15|          0|
    |acc_7630_reg_3719                              |  15|   0|   15|          0|
    |acc_7728_reg_3733                              |  15|   0|   15|          0|
    |acc_7826_reg_3747                              |  15|   0|   15|          0|
    |acc_7924_reg_3761                              |  15|   0|   15|          0|
    |acc_8022_reg_3775                              |  15|   0|   15|          0|
    |acc_8120_reg_3789                              |  15|   0|   15|          0|
    |acc_8218_reg_3803                              |  15|   0|   15|          0|
    |acc_8316_reg_3817                              |  15|   0|   15|          0|
    |acc_8414_reg_3831                              |  15|   0|   15|          0|
    |acc_8512_reg_3845                              |  15|   0|   15|          0|
    |acc_8610_reg_3859                              |  15|   0|   15|          0|
    |acc_reg_10363                                  |  15|   0|   15|          0|
    |ap_CS_fsm                                      |   2|   0|    2|          0|
    |ap_done_reg                                    |   1|   0|    1|          0|
    |ap_enable_reg_pp0_iter1                        |   1|   0|    1|          0|
    |ap_enable_reg_pp0_iter2                        |   1|   0|    1|          0|
    |ap_enable_reg_pp0_iter3                        |   1|   0|    1|          0|
    |ap_phi_reg_pp0_iter1_data_100136_phi_reg_2681  |  16|   0|   16|          0|
    |ap_phi_reg_pp0_iter1_data_101137_phi_reg_2669  |  16|   0|   16|          0|
    |ap_phi_reg_pp0_iter1_data_102138_phi_reg_2657  |  16|   0|   16|          0|
    |ap_phi_reg_pp0_iter1_data_103139_phi_reg_2645  |  16|   0|   16|          0|
    |ap_phi_reg_pp0_iter1_data_104140_phi_reg_2633  |  16|   0|   16|          0|
    |ap_phi_reg_pp0_iter1_data_105141_phi_reg_2621  |  16|   0|   16|          0|
    |ap_phi_reg_pp0_iter1_data_106142_phi_reg_2609  |  16|   0|   16|          0|
    |ap_phi_reg_pp0_iter1_data_107143_phi_reg_2597  |  16|   0|   16|          0|
    |ap_phi_reg_pp0_iter1_data_108144_phi_reg_2585  |  16|   0|   16|          0|
    |ap_phi_reg_pp0_iter1_data_109145_phi_reg_2573  |  16|   0|   16|          0|
    |ap_phi_reg_pp0_iter1_data_110146_phi_reg_2561  |  16|   0|   16|          0|
    |ap_phi_reg_pp0_iter1_data_111147_phi_reg_2549  |  16|   0|   16|          0|
    |ap_phi_reg_pp0_iter1_data_112148_phi_reg_2537  |  16|   0|   16|          0|
    |ap_phi_reg_pp0_iter1_data_113149_phi_reg_2525  |  16|   0|   16|          0|
    |ap_phi_reg_pp0_iter1_data_114150_phi_reg_2513  |  16|   0|   16|          0|
    |ap_phi_reg_pp0_iter1_data_115151_phi_reg_2501  |  16|   0|   16|          0|
    |ap_phi_reg_pp0_iter1_data_116152_phi_reg_2489  |  16|   0|   16|          0|
    |ap_phi_reg_pp0_iter1_data_117153_phi_reg_2477  |  16|   0|   16|          0|
    |ap_phi_reg_pp0_iter1_data_118154_phi_reg_2465  |  16|   0|   16|          0|
    |ap_phi_reg_pp0_iter1_data_119155_phi_reg_2453  |  16|   0|   16|          0|
    |ap_phi_reg_pp0_iter1_data_120156_phi_reg_2441  |  16|   0|   16|          0|
    |ap_phi_reg_pp0_iter1_data_121157_phi_reg_2429  |  16|   0|   16|          0|
    |ap_phi_reg_pp0_iter1_data_122158_phi_reg_2417  |  16|   0|   16|          0|
    |ap_phi_reg_pp0_iter1_data_123159_phi_reg_2405  |  16|   0|   16|          0|
    |ap_phi_reg_pp0_iter1_data_124160_phi_reg_2393  |  16|   0|   16|          0|
    |ap_phi_reg_pp0_iter1_data_125161_phi_reg_2381  |  16|   0|   16|          0|
    |ap_phi_reg_pp0_iter1_data_126162_phi_reg_2369  |  16|   0|   16|          0|
    |ap_phi_reg_pp0_iter1_data_127163_phi_reg_2357  |  16|   0|   16|          0|
    |ap_phi_reg_pp0_iter1_data_128164_phi_reg_2345  |  16|   0|   16|          0|
    |ap_phi_reg_pp0_iter1_data_129165_phi_reg_2333  |  16|   0|   16|          0|
    |ap_phi_reg_pp0_iter1_data_130166_phi_reg_2321  |  16|   0|   16|          0|
    |ap_phi_reg_pp0_iter1_data_131167_phi_reg_2309  |  16|   0|   16|          0|
    |ap_phi_reg_pp0_iter1_data_132168_phi_reg_2297  |  16|   0|   16|          0|
    |ap_phi_reg_pp0_iter1_data_133169_phi_reg_2285  |  16|   0|   16|          0|
    |ap_phi_reg_pp0_iter1_data_134170_phi_reg_2273  |  16|   0|   16|          0|
    |ap_phi_reg_pp0_iter1_data_135171_phi_reg_2261  |  16|   0|   16|          0|
    |ap_phi_reg_pp0_iter1_data_136172_phi_reg_2249  |  16|   0|   16|          0|
    |ap_phi_reg_pp0_iter1_data_137173_phi_reg_2237  |  16|   0|   16|          0|
    |ap_phi_reg_pp0_iter1_data_138174_phi_reg_2225  |  16|   0|   16|          0|
    |ap_phi_reg_pp0_iter1_data_139175_phi_reg_2213  |  16|   0|   16|          0|
    |ap_phi_reg_pp0_iter1_data_140176_phi_reg_2201  |  16|   0|   16|          0|
    |ap_phi_reg_pp0_iter1_data_141177_phi_reg_2189  |  16|   0|   16|          0|
    |ap_phi_reg_pp0_iter1_data_142178_phi_reg_2177  |  16|   0|   16|          0|
    |ap_phi_reg_pp0_iter1_data_143179_phi_reg_2165  |  16|   0|   16|          0|
    |ap_phi_reg_pp0_iter1_data_14476_phi_reg_3401   |  16|   0|   16|          0|
    |ap_phi_reg_pp0_iter1_data_4177_phi_reg_3389    |  16|   0|   16|          0|
    |ap_phi_reg_pp0_iter1_data_4278_phi_reg_3377    |  16|   0|   16|          0|
    |ap_phi_reg_pp0_iter1_data_4379_phi_reg_3365    |  16|   0|   16|          0|
    |ap_phi_reg_pp0_iter1_data_4480_phi_reg_3353    |  16|   0|   16|          0|
    |ap_phi_reg_pp0_iter1_data_4581_phi_reg_3341    |  16|   0|   16|          0|
    |ap_phi_reg_pp0_iter1_data_4682_phi_reg_3329    |  16|   0|   16|          0|
    |ap_phi_reg_pp0_iter1_data_4783_phi_reg_3317    |  16|   0|   16|          0|
    |ap_phi_reg_pp0_iter1_data_4884_phi_reg_3305    |  16|   0|   16|          0|
    |ap_phi_reg_pp0_iter1_data_4985_phi_reg_3293    |  16|   0|   16|          0|
    |ap_phi_reg_pp0_iter1_data_5086_phi_reg_3281    |  16|   0|   16|          0|
    |ap_phi_reg_pp0_iter1_data_5187_phi_reg_3269    |  16|   0|   16|          0|
    |ap_phi_reg_pp0_iter1_data_5288_phi_reg_3257    |  16|   0|   16|          0|
    |ap_phi_reg_pp0_iter1_data_5389_phi_reg_3245    |  16|   0|   16|          0|
    |ap_phi_reg_pp0_iter1_data_5490_phi_reg_3233    |  16|   0|   16|          0|
    |ap_phi_reg_pp0_iter1_data_5591_phi_reg_3221    |  16|   0|   16|          0|
    |ap_phi_reg_pp0_iter1_data_5692_phi_reg_3209    |  16|   0|   16|          0|
    |ap_phi_reg_pp0_iter1_data_5793_phi_reg_3197    |  16|   0|   16|          0|
    |ap_phi_reg_pp0_iter1_data_5894_phi_reg_3185    |  16|   0|   16|          0|
    |ap_phi_reg_pp0_iter1_data_5995_phi_reg_3173    |  16|   0|   16|          0|
    |ap_phi_reg_pp0_iter1_data_6096_phi_reg_3161    |  16|   0|   16|          0|
    |ap_phi_reg_pp0_iter1_data_6197_phi_reg_3149    |  16|   0|   16|          0|
    |ap_phi_reg_pp0_iter1_data_6298_phi_reg_3137    |  16|   0|   16|          0|
    |ap_phi_reg_pp0_iter1_data_6399_phi_reg_3125    |  16|   0|   16|          0|
    |ap_phi_reg_pp0_iter1_data_64100_phi_reg_3113   |  16|   0|   16|          0|
    |ap_phi_reg_pp0_iter1_data_65101_phi_reg_3101   |  16|   0|   16|          0|
    |ap_phi_reg_pp0_iter1_data_66102_phi_reg_3089   |  16|   0|   16|          0|
    |ap_phi_reg_pp0_iter1_data_67103_phi_reg_3077   |  16|   0|   16|          0|
    |ap_phi_reg_pp0_iter1_data_68104_phi_reg_3065   |  16|   0|   16|          0|
    |ap_phi_reg_pp0_iter1_data_69105_phi_reg_3053   |  16|   0|   16|          0|
    |ap_phi_reg_pp0_iter1_data_70106_phi_reg_3041   |  16|   0|   16|          0|
    |ap_phi_reg_pp0_iter1_data_71107_phi_reg_3029   |  16|   0|   16|          0|
    |ap_phi_reg_pp0_iter1_data_72108_phi_reg_3017   |  16|   0|   16|          0|
    |ap_phi_reg_pp0_iter1_data_73109_phi_reg_3005   |  16|   0|   16|          0|
    |ap_phi_reg_pp0_iter1_data_74110_phi_reg_2993   |  16|   0|   16|          0|
    |ap_phi_reg_pp0_iter1_data_75111_phi_reg_2981   |  16|   0|   16|          0|
    |ap_phi_reg_pp0_iter1_data_76112_phi_reg_2969   |  16|   0|   16|          0|
    |ap_phi_reg_pp0_iter1_data_77113_phi_reg_2957   |  16|   0|   16|          0|
    |ap_phi_reg_pp0_iter1_data_78114_phi_reg_2945   |  16|   0|   16|          0|
    |ap_phi_reg_pp0_iter1_data_79115_phi_reg_2933   |  16|   0|   16|          0|
    |ap_phi_reg_pp0_iter1_data_80116_phi_reg_2921   |  16|   0|   16|          0|
    |ap_phi_reg_pp0_iter1_data_81117_phi_reg_2909   |  16|   0|   16|          0|
    |ap_phi_reg_pp0_iter1_data_82118_phi_reg_2897   |  16|   0|   16|          0|
    |ap_phi_reg_pp0_iter1_data_83119_phi_reg_2885   |  16|   0|   16|          0|
    |ap_phi_reg_pp0_iter1_data_84120_phi_reg_2873   |  16|   0|   16|          0|
    |ap_phi_reg_pp0_iter1_data_85121_phi_reg_2861   |  16|   0|   16|          0|
    |ap_phi_reg_pp0_iter1_data_86122_phi_reg_2849   |  16|   0|   16|          0|
    |ap_phi_reg_pp0_iter1_data_87123_phi_reg_2837   |  16|   0|   16|          0|
    |ap_phi_reg_pp0_iter1_data_88124_phi_reg_2825   |  16|   0|   16|          0|
    |ap_phi_reg_pp0_iter1_data_89125_phi_reg_2813   |  16|   0|   16|          0|
    |ap_phi_reg_pp0_iter1_data_90126_phi_reg_2801   |  16|   0|   16|          0|
    |ap_phi_reg_pp0_iter1_data_91127_phi_reg_2789   |  16|   0|   16|          0|
    |ap_phi_reg_pp0_iter1_data_92128_phi_reg_2777   |  16|   0|   16|          0|
    |ap_phi_reg_pp0_iter1_data_93129_phi_reg_2765   |  16|   0|   16|          0|
    |ap_phi_reg_pp0_iter1_data_94130_phi_reg_2753   |  16|   0|   16|          0|
    |ap_phi_reg_pp0_iter1_data_95131_phi_reg_2741   |  16|   0|   16|          0|
    |ap_phi_reg_pp0_iter1_data_96132_phi_reg_2729   |  16|   0|   16|          0|
    |ap_phi_reg_pp0_iter1_data_97133_phi_reg_2717   |  16|   0|   16|          0|
    |ap_phi_reg_pp0_iter1_data_98134_phi_reg_2705   |  16|   0|   16|          0|
    |ap_phi_reg_pp0_iter1_data_99135_phi_reg_2693   |  16|   0|   16|          0|
    |ap_phi_reg_pp0_iter1_p_phi_reg_3413            |  16|   0|   16|          0|
    |data_100136_phi_reg_2681                       |  16|   0|   16|          0|
    |data_101137_phi_reg_2669                       |  16|   0|   16|          0|
    |data_102138_phi_reg_2657                       |  16|   0|   16|          0|
    |data_103139_phi_reg_2645                       |  16|   0|   16|          0|
    |data_104140_phi_reg_2633                       |  16|   0|   16|          0|
    |data_105141_phi_reg_2621                       |  16|   0|   16|          0|
    |data_106142_phi_reg_2609                       |  16|   0|   16|          0|
    |data_107143_phi_reg_2597                       |  16|   0|   16|          0|
    |data_108144_phi_reg_2585                       |  16|   0|   16|          0|
    |data_109145_phi_reg_2573                       |  16|   0|   16|          0|
    |data_110146_phi_reg_2561                       |  16|   0|   16|          0|
    |data_111147_phi_reg_2549                       |  16|   0|   16|          0|
    |data_112148_phi_reg_2537                       |  16|   0|   16|          0|
    |data_113149_phi_reg_2525                       |  16|   0|   16|          0|
    |data_114150_phi_reg_2513                       |  16|   0|   16|          0|
    |data_115151_phi_reg_2501                       |  16|   0|   16|          0|
    |data_116152_phi_reg_2489                       |  16|   0|   16|          0|
    |data_117153_phi_reg_2477                       |  16|   0|   16|          0|
    |data_118154_phi_reg_2465                       |  16|   0|   16|          0|
    |data_119155_phi_reg_2453                       |  16|   0|   16|          0|
    |data_120156_phi_reg_2441                       |  16|   0|   16|          0|
    |data_121157_phi_reg_2429                       |  16|   0|   16|          0|
    |data_122158_phi_reg_2417                       |  16|   0|   16|          0|
    |data_123159_phi_reg_2405                       |  16|   0|   16|          0|
    |data_124160_phi_reg_2393                       |  16|   0|   16|          0|
    |data_125161_phi_reg_2381                       |  16|   0|   16|          0|
    |data_126162_phi_reg_2369                       |  16|   0|   16|          0|
    |data_127163_phi_reg_2357                       |  16|   0|   16|          0|
    |data_128164_phi_reg_2345                       |  16|   0|   16|          0|
    |data_129165_phi_reg_2333                       |  16|   0|   16|          0|
    |data_130166_phi_reg_2321                       |  16|   0|   16|          0|
    |data_131167_phi_reg_2309                       |  16|   0|   16|          0|
    |data_132168_phi_reg_2297                       |  16|   0|   16|          0|
    |data_133169_phi_reg_2285                       |  16|   0|   16|          0|
    |data_134170_phi_reg_2273                       |  16|   0|   16|          0|
    |data_135171_phi_reg_2261                       |  16|   0|   16|          0|
    |data_136172_phi_reg_2249                       |  16|   0|   16|          0|
    |data_137173_phi_reg_2237                       |  16|   0|   16|          0|
    |data_138174_phi_reg_2225                       |  16|   0|   16|          0|
    |data_139175_phi_reg_2213                       |  16|   0|   16|          0|
    |data_140176_phi_reg_2201                       |  16|   0|   16|          0|
    |data_141177_phi_reg_2189                       |  16|   0|   16|          0|
    |data_142178_phi_reg_2177                       |  16|   0|   16|          0|
    |data_143179_phi_reg_2165                       |  16|   0|   16|          0|
    |data_14476_phi_reg_3401                        |  16|   0|   16|          0|
    |data_4177_phi_reg_3389                         |  16|   0|   16|          0|
    |data_4278_phi_reg_3377                         |  16|   0|   16|          0|
    |data_4379_phi_reg_3365                         |  16|   0|   16|          0|
    |data_4480_phi_reg_3353                         |  16|   0|   16|          0|
    |data_4581_phi_reg_3341                         |  16|   0|   16|          0|
    |data_4682_phi_reg_3329                         |  16|   0|   16|          0|
    |data_4783_phi_reg_3317                         |  16|   0|   16|          0|
    |data_4884_phi_reg_3305                         |  16|   0|   16|          0|
    |data_4985_phi_reg_3293                         |  16|   0|   16|          0|
    |data_5086_phi_reg_3281                         |  16|   0|   16|          0|
    |data_5187_phi_reg_3269                         |  16|   0|   16|          0|
    |data_5288_phi_reg_3257                         |  16|   0|   16|          0|
    |data_5389_phi_reg_3245                         |  16|   0|   16|          0|
    |data_5490_phi_reg_3233                         |  16|   0|   16|          0|
    |data_5591_phi_reg_3221                         |  16|   0|   16|          0|
    |data_5692_phi_reg_3209                         |  16|   0|   16|          0|
    |data_5793_phi_reg_3197                         |  16|   0|   16|          0|
    |data_5894_phi_reg_3185                         |  16|   0|   16|          0|
    |data_5995_phi_reg_3173                         |  16|   0|   16|          0|
    |data_6096_phi_reg_3161                         |  16|   0|   16|          0|
    |data_6197_phi_reg_3149                         |  16|   0|   16|          0|
    |data_6298_phi_reg_3137                         |  16|   0|   16|          0|
    |data_6399_phi_reg_3125                         |  16|   0|   16|          0|
    |data_64100_phi_reg_3113                        |  16|   0|   16|          0|
    |data_65101_phi_reg_3101                        |  16|   0|   16|          0|
    |data_66102_phi_reg_3089                        |  16|   0|   16|          0|
    |data_67103_phi_reg_3077                        |  16|   0|   16|          0|
    |data_68104_phi_reg_3065                        |  16|   0|   16|          0|
    |data_69105_phi_reg_3053                        |  16|   0|   16|          0|
    |data_70106_phi_reg_3041                        |  16|   0|   16|          0|
    |data_71107_phi_reg_3029                        |  16|   0|   16|          0|
    |data_72108_phi_reg_3017                        |  16|   0|   16|          0|
    |data_73109_phi_reg_3005                        |  16|   0|   16|          0|
    |data_74110_phi_reg_2993                        |  16|   0|   16|          0|
    |data_75111_phi_reg_2981                        |  16|   0|   16|          0|
    |data_76112_phi_reg_2969                        |  16|   0|   16|          0|
    |data_77113_phi_reg_2957                        |  16|   0|   16|          0|
    |data_78114_phi_reg_2945                        |  16|   0|   16|          0|
    |data_79115_phi_reg_2933                        |  16|   0|   16|          0|
    |data_80116_phi_reg_2921                        |  16|   0|   16|          0|
    |data_81117_phi_reg_2909                        |  16|   0|   16|          0|
    |data_82118_phi_reg_2897                        |  16|   0|   16|          0|
    |data_83119_phi_reg_2885                        |  16|   0|   16|          0|
    |data_84120_phi_reg_2873                        |  16|   0|   16|          0|
    |data_85121_phi_reg_2861                        |  16|   0|   16|          0|
    |data_86122_phi_reg_2849                        |  16|   0|   16|          0|
    |data_87123_phi_reg_2837                        |  16|   0|   16|          0|
    |data_88124_phi_reg_2825                        |  16|   0|   16|          0|
    |data_89125_phi_reg_2813                        |  16|   0|   16|          0|
    |data_90126_phi_reg_2801                        |  16|   0|   16|          0|
    |data_91127_phi_reg_2789                        |  16|   0|   16|          0|
    |data_92128_phi_reg_2777                        |  16|   0|   16|          0|
    |data_93129_phi_reg_2765                        |  16|   0|   16|          0|
    |data_94130_phi_reg_2753                        |  16|   0|   16|          0|
    |data_95131_phi_reg_2741                        |  16|   0|   16|          0|
    |data_96132_phi_reg_2729                        |  16|   0|   16|          0|
    |data_97133_phi_reg_2717                        |  16|   0|   16|          0|
    |data_98134_phi_reg_2705                        |  16|   0|   16|          0|
    |data_99135_phi_reg_2693                        |  16|   0|   16|          0|
    |do_init_reg_651                                |   1|   0|    1|          0|
    |icmp_ln124_reg_12807                           |   1|   0|    1|          0|
    |in_index74_reg_2151                            |   7|   0|    7|          0|
    |in_index_reg_12822                             |   7|   0|    7|          0|
    |ir73_reg_667                                   |  12|   0|   12|          0|
    |ir_reg_12802                                   |  12|   0|   12|          0|
    |out_index_reg_12811                            |   5|   0|    5|          0|
    |p_phi_reg_3413                                 |  16|   0|   16|          0|
    |start_once_reg                                 |   1|   0|    1|          0|
    |trunc_ln_reg_12816                             |  15|   0|   15|          0|
    |icmp_ln124_reg_12807                           |  64|  32|    1|          0|
    +-----------------------------------------------+----+----+-----+-----------+
    |Total                                          |4451|  32| 4388|          0|
    +-----------------------------------------------+----+----+-----+-----------+



================================================================
== Interface
================================================================
* Summary: 
+---------------------------+-----+------+------------+---------------------------------------------------------------------+--------------+
|         RTL Ports         | Dir | Bits |  Protocol  |                            Source Object                            |    C Type    |
+---------------------------+-----+------+------------+---------------------------------------------------------------------+--------------+
|ap_clk                     |   in|     1|  ap_ctrl_hs|  dense<array<ap_fixed,105u>,array<ap_fixed<16,6,5,3,0>,32u>,config2>|  return value|
|ap_rst                     |   in|     1|  ap_ctrl_hs|  dense<array<ap_fixed,105u>,array<ap_fixed<16,6,5,3,0>,32u>,config2>|  return value|
|ap_start                   |   in|     1|  ap_ctrl_hs|  dense<array<ap_fixed,105u>,array<ap_fixed<16,6,5,3,0>,32u>,config2>|  return value|
|start_full_n               |   in|     1|  ap_ctrl_hs|  dense<array<ap_fixed,105u>,array<ap_fixed<16,6,5,3,0>,32u>,config2>|  return value|
|ap_done                    |  out|     1|  ap_ctrl_hs|  dense<array<ap_fixed,105u>,array<ap_fixed<16,6,5,3,0>,32u>,config2>|  return value|
|ap_continue                |   in|     1|  ap_ctrl_hs|  dense<array<ap_fixed,105u>,array<ap_fixed<16,6,5,3,0>,32u>,config2>|  return value|
|ap_idle                    |  out|     1|  ap_ctrl_hs|  dense<array<ap_fixed,105u>,array<ap_fixed<16,6,5,3,0>,32u>,config2>|  return value|
|ap_ready                   |  out|     1|  ap_ctrl_hs|  dense<array<ap_fixed,105u>,array<ap_fixed<16,6,5,3,0>,32u>,config2>|  return value|
|start_out                  |  out|     1|  ap_ctrl_hs|  dense<array<ap_fixed,105u>,array<ap_fixed<16,6,5,3,0>,32u>,config2>|  return value|
|start_write                |  out|     1|  ap_ctrl_hs|  dense<array<ap_fixed,105u>,array<ap_fixed<16,6,5,3,0>,32u>,config2>|  return value|
|y_timed_input_TVALID       |   in|     1|        axis|                                                        y_timed_input|       pointer|
|y_timed_input_TDATA        |   in|  1680|        axis|                                                        y_timed_input|       pointer|
|y_timed_input_TREADY       |  out|     1|        axis|                                                        y_timed_input|       pointer|
|layer2_out_din             |  out|   512|     ap_fifo|                                                           layer2_out|       pointer|
|layer2_out_num_data_valid  |   in|     2|     ap_fifo|                                                           layer2_out|       pointer|
|layer2_out_fifo_cap        |   in|     2|     ap_fifo|                                                           layer2_out|       pointer|
|layer2_out_full_n          |   in|     1|     ap_fifo|                                                           layer2_out|       pointer|
|layer2_out_write           |  out|     1|     ap_fifo|                                                           layer2_out|       pointer|
+---------------------------+-----+------+------------+---------------------------------------------------------------------+--------------+

