

================================================================
== Vitis HLS Report for 'myproject'
================================================================
* Date:           Thu Jul 11 13:34:30 2024

* Version:        2023.1 (Build 3854077 on May  4 2023)
* Project:        myproject_prj
* Solution:       solution1 (Vivado IP Flow Target)
* Product family: virtexuplus
* Target device:  xcvu13p-flga2577-2-e


================================================================
== Performance Estimates
================================================================
+ Timing: 
    * Summary: 
    +--------+---------+----------+------------+
    |  Clock |  Target | Estimated| Uncertainty|
    +--------+---------+----------+------------+
    |ap_clk  |  5.00 ns|  4.344 ns|     0.62 ns|
    +--------+---------+----------+------------+

+ Latency: 
    * Summary: 
    +---------+---------+-----------+-----------+------+------+----------+
    |  Latency (cycles) |   Latency (absolute)  |   Interval  | Pipeline |
    |   min   |   max   |    min    |    max    |  min |  max |   Type   |
    +---------+---------+-----------+-----------+------+------+----------+
    |     3362|     3363|  16.810 us|  16.815 us|  3360|  3360|  dataflow|
    +---------+---------+-----------+-----------+------+------+----------+

    + Detail: 
        * Instance: 
        +------------------------------------------------------------------------+-----------------------------------------------------------------------+---------+---------+-----------+-----------+------+------+------------------------------------------+
        |                                                                        |                                                                       |  Latency (cycles) |   Latency (absolute)  |   Interval  |                 Pipeline                 |
        |                                Instance                                |                                 Module                                |   min   |   max   |    min    |    max    |  min |  max |                   Type                   |
        +------------------------------------------------------------------------+-----------------------------------------------------------------------+---------+---------+-----------+-----------+------+------+------------------------------------------+
        |dense_array_ap_fixed_105u_array_ap_fixed_16_6_5_3_0_32u_config2_U0      |dense_array_ap_fixed_105u_array_ap_fixed_16_6_5_3_0_32u_config2_s      |     3362|     3363|  16.810 us|  16.815 us|  3360|  3360|  loop rewind stp(delay=0 clock cycles(s))|
        |normalize_array_ap_fixed_32u_array_ap_fixed_15_5_5_3_0_32u_config13_U0  |normalize_array_ap_fixed_32u_array_ap_fixed_15_5_5_3_0_32u_config13_s  |        0|        0|       0 ns|       0 ns|     0|     0|                                        no|
        |linear_array_array_ap_fixed_16_6_5_3_0_32u_linear_config3_U0            |linear_array_array_ap_fixed_16_6_5_3_0_32u_linear_config3_s            |        0|        0|       0 ns|       0 ns|     0|     0|                                        no|
        |relu_array_ap_fixed_32u_array_ap_ufixed_15_0_4_0_0_32u_relu_config4_U0  |relu_array_ap_fixed_32u_array_ap_ufixed_15_0_4_0_0_32u_relu_config4_s  |        0|        0|       0 ns|       0 ns|     0|     0|                                        no|
        |normalize_array_ap_ufixed_32u_array_ap_fixed_16_6_5_3_0_32u_config5_U0  |normalize_array_ap_ufixed_32u_array_ap_fixed_16_6_5_3_0_32u_config5_s  |       30|       30|   0.150 us|   0.150 us|    30|    30|                                        no|
        |dense_array_ap_fixed_32u_array_ap_fixed_16_6_5_3_0_16u_config6_U0       |dense_array_ap_fixed_32u_array_ap_fixed_16_6_5_3_0_16u_config6_s       |      514|      515|   2.570 us|   2.575 us|   512|   512|  loop rewind stp(delay=0 clock cycles(s))|
        |normalize_array_ap_fixed_16u_array_ap_fixed_15_5_5_3_0_16u_config14_U0  |normalize_array_ap_fixed_16u_array_ap_fixed_15_5_5_3_0_16u_config14_s  |        0|        0|       0 ns|       0 ns|     0|     0|                                        no|
        |linear_array_array_ap_fixed_16_6_5_3_0_16u_linear_config7_U0            |linear_array_array_ap_fixed_16_6_5_3_0_16u_linear_config7_s            |        0|        0|       0 ns|       0 ns|     0|     0|                                        no|
        |relu_array_ap_fixed_16u_array_ap_ufixed_15_0_4_0_0_16u_relu_config8_U0  |relu_array_ap_fixed_16u_array_ap_ufixed_15_0_4_0_0_16u_relu_config8_s  |        0|        0|       0 ns|       0 ns|     0|     0|                                        no|
        |normalize_array_ap_ufixed_16u_array_ap_fixed_16_6_5_3_0_16u_config9_U0  |normalize_array_ap_ufixed_16u_array_ap_fixed_16_6_5_3_0_16u_config9_s  |       15|       15|  75.000 ns|  75.000 ns|    15|    15|                                        no|
        |dense_array_ap_fixed_16u_array_ap_fixed_16_6_5_3_0_3u_config10_U0       |dense_array_ap_fixed_16u_array_ap_fixed_16_6_5_3_0_3u_config10_s       |       49|       50|   0.245 us|   0.250 us|    48|    48|  loop rewind stp(delay=0 clock cycles(s))|
        |normalize_array_ap_fixed_3u_array_ap_fixed_15_5_5_3_0_3u_config15_U0    |normalize_array_ap_fixed_3u_array_ap_fixed_15_5_5_3_0_3u_config15_s    |        0|        0|       0 ns|       0 ns|     0|     0|                                        no|
        |linear_array_array_ap_fixed_16_6_5_3_0_3u_linear_config11_U0            |linear_array_array_ap_fixed_16_6_5_3_0_3u_linear_config11_s            |        0|        0|       0 ns|       0 ns|     0|     0|                                        no|
        |softmax_array_array_ap_fixed_16_6_5_3_0_3u_softmax_config12_U0          |softmax_array_array_ap_fixed_16_6_5_3_0_3u_softmax_config12_s          |        8|        8|  40.000 ns|  40.000 ns|     8|     8|                                        no|
        +------------------------------------------------------------------------+-----------------------------------------------------------------------+---------+---------+-----------+-----------+------+------+------------------------------------------+

        * Loop: 
        N/A



================================================================
== Utilization Estimates
================================================================
* Summary: 
+---------------------+---------+-------+---------+---------+------+
|         Name        | BRAM_18K|  DSP  |    FF   |   LUT   | URAM |
+---------------------+---------+-------+---------+---------+------+
|DSP                  |        -|      -|        -|        -|     -|
|Expression           |        -|      -|        0|        2|     -|
|FIFO                 |        -|      -|     8119|     4134|     -|
|Instance             |       13|      6|     7440|    16616|     -|
|Memory               |        -|      -|        -|        -|     -|
|Multiplexer          |        -|      -|        -|        -|     -|
|Register             |        -|      -|        -|        -|     -|
+---------------------+---------+-------+---------+---------+------+
|Total                |       13|      6|    15559|    20752|     0|
+---------------------+---------+-------+---------+---------+------+
|Available SLR        |     1344|   3072|   864000|   432000|   320|
+---------------------+---------+-------+---------+---------+------+
|Utilization SLR (%)  |       ~0|     ~0|        1|        4|     0|
+---------------------+---------+-------+---------+---------+------+
|Available            |     5376|  12288|  3456000|  1728000|  1280|
+---------------------+---------+-------+---------+---------+------+
|Utilization (%)      |       ~0|     ~0|       ~0|        1|     0|
+---------------------+---------+-------+---------+---------+------+

+ Detail: 
    * Instance: 
    +------------------------------------------------------------------------+-----------------------------------------------------------------------+---------+----+------+------+-----+
    |                                Instance                                |                                 Module                                | BRAM_18K| DSP|  FF  |  LUT | URAM|
    +------------------------------------------------------------------------+-----------------------------------------------------------------------+---------+----+------+------+-----+
    |dense_array_ap_fixed_105u_array_ap_fixed_16_6_5_3_0_32u_config2_U0      |dense_array_ap_fixed_105u_array_ap_fixed_16_6_5_3_0_32u_config2_s      |        6|   1|  4451|  5459|    0|
    |dense_array_ap_fixed_16u_array_ap_fixed_16_6_5_3_0_3u_config10_U0       |dense_array_ap_fixed_16u_array_ap_fixed_16_6_5_3_0_3u_config10_s       |        0|   1|   365|   927|    0|
    |dense_array_ap_fixed_32u_array_ap_fixed_16_6_5_3_0_16u_config6_U0       |dense_array_ap_fixed_32u_array_ap_fixed_16_6_5_3_0_16u_config6_s       |        1|   1|  1127|  2267|    0|
    |linear_array_array_ap_fixed_16_6_5_3_0_16u_linear_config7_U0            |linear_array_array_ap_fixed_16_6_5_3_0_16u_linear_config7_s            |        0|   0|     3|    38|    0|
    |linear_array_array_ap_fixed_16_6_5_3_0_32u_linear_config3_U0            |linear_array_array_ap_fixed_16_6_5_3_0_32u_linear_config3_s            |        0|   0|     3|    38|    0|
    |linear_array_array_ap_fixed_16_6_5_3_0_3u_linear_config11_U0            |linear_array_array_ap_fixed_16_6_5_3_0_3u_linear_config11_s            |        0|   0|     3|    38|    0|
    |normalize_array_ap_fixed_16u_array_ap_fixed_15_5_5_3_0_16u_config14_U0  |normalize_array_ap_fixed_16u_array_ap_fixed_15_5_5_3_0_16u_config14_s  |        0|   0|     3|   518|    0|
    |normalize_array_ap_fixed_32u_array_ap_fixed_15_5_5_3_0_32u_config13_U0  |normalize_array_ap_fixed_32u_array_ap_fixed_15_5_5_3_0_32u_config13_s  |        0|   0|     3|  1030|    0|
    |normalize_array_ap_fixed_3u_array_ap_fixed_15_5_5_3_0_3u_config15_U0    |normalize_array_ap_fixed_3u_array_ap_fixed_15_5_5_3_0_3u_config15_s    |        0|   0|     3|   128|    0|
    |normalize_array_ap_ufixed_16u_array_ap_fixed_16_6_5_3_0_16u_config9_U0  |normalize_array_ap_ufixed_16u_array_ap_fixed_16_6_5_3_0_16u_config9_s  |        0|   1|   433|   838|    0|
    |normalize_array_ap_ufixed_32u_array_ap_fixed_16_6_5_3_0_32u_config5_U0  |normalize_array_ap_ufixed_32u_array_ap_fixed_16_6_5_3_0_32u_config5_s  |        0|   1|   871|  1611|    0|
    |relu_array_ap_fixed_16u_array_ap_ufixed_15_0_4_0_0_16u_relu_config8_U0  |relu_array_ap_fixed_16u_array_ap_ufixed_15_0_4_0_0_16u_relu_config8_s  |        0|   0|     3|  1094|    0|
    |relu_array_ap_fixed_32u_array_ap_ufixed_15_0_4_0_0_32u_relu_config4_U0  |relu_array_ap_fixed_32u_array_ap_ufixed_15_0_4_0_0_32u_relu_config4_s  |        0|   0|     3|  2150|    0|
    |softmax_array_array_ap_fixed_16_6_5_3_0_3u_softmax_config12_U0          |softmax_array_array_ap_fixed_16_6_5_3_0_3u_softmax_config12_s          |        6|   1|   169|   480|    0|
    +------------------------------------------------------------------------+-----------------------------------------------------------------------+---------+----+------+------+-----+
    |Total                                                                   |                                                                       |       13|   6|  7440| 16616|    0|
    +------------------------------------------------------------------------+-----------------------------------------------------------------------+---------+----+------+------+-----+

    * DSP: 
    N/A

    * Memory: 
    N/A

    * FIFO: 
    +---------------+---------+------+----+-----+------+-----+---------+
    |      Name     | BRAM_18K|  FF  | LUT| URAM| Depth| Bits| Size:D*B|
    +---------------+---------+------+----+-----+------+-----+---------+
    |layer10_out_U  |        0|   133|   0|    -|     1|   48|       48|
    |layer11_out_U  |        0|   133|   0|    -|     1|   48|       48|
    |layer13_out_U  |        0|  1028|   0|    -|     1|  480|      480|
    |layer14_out_U  |        0|   516|   0|    -|     1|  240|      240|
    |layer15_out_U  |        0|   133|   0|    -|     1|   45|       45|
    |layer2_out_U   |        0|  1028|   0|    -|     1|  512|      512|
    |layer3_out_U   |        0|  1028|   0|    -|     1|  512|      512|
    |layer4_out_U   |        0|  1028|   0|    -|     1|  480|      480|
    |layer5_out_U   |        0|  1028|   0|    -|     1|  512|      512|
    |layer6_out_U   |        0|   516|   0|    -|     1|  256|      256|
    |layer7_out_U   |        0|   516|   0|    -|     1|  256|      256|
    |layer8_out_U   |        0|   516|   0|    -|     1|  240|      240|
    |layer9_out_U   |        0|   516|   0|    -|     1|  256|      256|
    +---------------+---------+------+----+-----+------+-----+---------+
    |Total          |        0|  8119|   0|    0|    13| 3885|     3885|
    +---------------+---------+------+----+-----+------+-----+---------+

    * Expression: 
    +--------------+----------+----+---+----+------------+------------+
    | Variable Name| Operation| DSP| FF| LUT| Bitwidth P0| Bitwidth P1|
    +--------------+----------+----+---+----+------------+------------+
    |ap_idle       |       and|   0|  0|   2|           1|           1|
    +--------------+----------+----+---+----+------------+------------+
    |Total         |          |   0|  0|   2|           1|           1|
    +--------------+----------+----+---+----+------------+------------+

    * Multiplexer: 
    N/A

    * Register: 
    N/A



================================================================
== Interface
================================================================
* Summary: 
+----------------------+-----+------+------------+---------------+--------------+
|       RTL Ports      | Dir | Bits |  Protocol  | Source Object |    C Type    |
+----------------------+-----+------+------------+---------------+--------------+
|y_timed_input_TDATA   |   in|  1680|        axis|  y_timed_input|       pointer|
|y_timed_input_TVALID  |   in|     1|        axis|  y_timed_input|       pointer|
|y_timed_input_TREADY  |  out|     1|        axis|  y_timed_input|       pointer|
|layer12_out_TDATA     |  out|    48|        axis|    layer12_out|       pointer|
|layer12_out_TVALID    |  out|     1|        axis|    layer12_out|       pointer|
|layer12_out_TREADY    |   in|     1|        axis|    layer12_out|       pointer|
|ap_clk                |   in|     1|  ap_ctrl_hs|      myproject|  return value|
|ap_rst_n              |   in|     1|  ap_ctrl_hs|      myproject|  return value|
|ap_start              |   in|     1|  ap_ctrl_hs|      myproject|  return value|
|ap_done               |  out|     1|  ap_ctrl_hs|      myproject|  return value|
|ap_ready              |  out|     1|  ap_ctrl_hs|      myproject|  return value|
|ap_idle               |  out|     1|  ap_ctrl_hs|      myproject|  return value|
+----------------------+-----+------+------------+---------------+--------------+

