

================================================================
== Vitis HLS Report for 'pooling2d_cl_array_ap_ufixed_4u_array_ap_fixed_16_6_5_3_0_4u_config5_s'
================================================================
* Date:           Tue Jul 23 09:37:12 2024

* Version:        2023.1 (Build 3854077 on May  4 2023)
* Project:        myproject_prj
* Solution:       solution1 (Vivado IP Flow Target)
* Product family: virtexuplus
* Target device:  xcvu13p-flga2577-2-e


================================================================
== Performance Estimates
================================================================
+ Timing: 
    * Summary: 
    +--------+---------+----------+------------+
    |  Clock |  Target | Estimated| Uncertainty|
    +--------+---------+----------+------------+
    |ap_clk  |  5.00 ns|  3.935 ns|     0.62 ns|
    +--------+---------+----------+------------+

+ Latency: 
    * Summary: 
    +---------+---------+----------+----------+-----+-----+---------+
    |  Latency (cycles) |  Latency (absolute) |  Interval | Pipeline|
    |   min   |   max   |    min   |    max   | min | max |   Type  |
    +---------+---------+----------+----------+-----+-----+---------+
    |      107|      107|  0.535 us|  0.535 us|  107|  107|       no|
    +---------+---------+----------+----------+-----+-----+---------+

    + Detail: 
        * Instance: 
        N/A

        * Loop: 
        +----------------------------------+---------+---------+----------+-----------+-----------+------+----------+
        |                                  |  Latency (cycles) | Iteration|  Initiation Interval  | Trip |          |
        |             Loop Name            |   min   |   max   |  Latency |  achieved |   target  | Count| Pipelined|
        +----------------------------------+---------+---------+----------+-----------+-----------+------+----------+
        |- ReadInputHeight_ReadInputWidth  |      105|      105|         3|          1|          1|   104|       yes|
        +----------------------------------+---------+---------+----------+-----------+-----------+------+----------+



================================================================
== Utilization Estimates
================================================================
* Summary: 
+---------------------+---------+-------+---------+---------+------+
|         Name        | BRAM_18K|  DSP  |    FF   |   LUT   | URAM |
+---------------------+---------+-------+---------+---------+------+
|DSP                  |        -|      -|        -|        -|     -|
|Expression           |        -|      -|        0|      829|     -|
|FIFO                 |        -|      -|        -|        -|     -|
|Instance             |        -|      -|        -|        -|     -|
|Memory               |        -|      -|      256|      128|     -|
|Multiplexer          |        -|      -|        -|      108|     -|
|Register             |        -|      -|      301|        -|     -|
+---------------------+---------+-------+---------+---------+------+
|Total                |        0|      0|      557|     1065|     0|
+---------------------+---------+-------+---------+---------+------+
|Available SLR        |     1344|   3072|   864000|   432000|   320|
+---------------------+---------+-------+---------+---------+------+
|Utilization SLR (%)  |        0|      0|       ~0|       ~0|     0|
+---------------------+---------+-------+---------+---------+------+
|Available            |     5376|  12288|  3456000|  1728000|  1280|
+---------------------+---------+-------+---------+---------+------+
|Utilization (%)      |        0|      0|       ~0|       ~0|     0|
+---------------------+---------+-------+---------+---------+------+

+ Detail: 
    * Instance: 
    N/A

    * DSP: 
    N/A

    * Memory: 
    +---------------------------------------------------------------------+----------------------------------------------------------------------------------+---------+----+----+-----+------+-----+------+-------------+
    |                                Memory                               |                                      Module                                      | BRAM_18K| FF | LUT| URAM| Words| Bits| Banks| W*Bits*Banks|
    +---------------------------------------------------------------------+----------------------------------------------------------------------------------+---------+----+----+-----+------+-----+------+-------------+
    |void_pooling2d_cl_stream_stream_array_ap_fixed_4u_0_line_buffer_3_U  |pooling2d_cl_array_ap_ufixed_4u_array_ap_fixed_16_6_5_3_0_4u_config5_s_void_pfYi  |        0|  64|  32|    0|    13|   10|     1|          130|
    |void_pooling2d_cl_stream_stream_array_ap_fixed_4u_0_line_buffer_2_U  |pooling2d_cl_array_ap_ufixed_4u_array_ap_fixed_16_6_5_3_0_4u_config5_s_void_pfYi  |        0|  64|  32|    0|    13|   10|     1|          130|
    |void_pooling2d_cl_stream_stream_array_ap_fixed_4u_0_line_buffer_1_U  |pooling2d_cl_array_ap_ufixed_4u_array_ap_fixed_16_6_5_3_0_4u_config5_s_void_pfYi  |        0|  64|  32|    0|    13|   10|     1|          130|
    |void_pooling2d_cl_stream_stream_array_ap_fixed_4u_0_line_buffer_U    |pooling2d_cl_array_ap_ufixed_4u_array_ap_fixed_16_6_5_3_0_4u_config5_s_void_pfYi  |        0|  64|  32|    0|    13|   10|     1|          130|
    +---------------------------------------------------------------------+----------------------------------------------------------------------------------+---------+----+----+-----+------+-----+------+-------------+
    |Total                                                                |                                                                                  |        0| 256| 128|    0|    52|   40|     4|          520|
    +---------------------------------------------------------------------+----------------------------------------------------------------------------------+---------+----+----+-----+------+-----+------+-------------+

    * FIFO: 
    N/A

    * Expression: 
    +----------------------------------+----------+----+---+----+------------+------------+
    |           Variable Name          | Operation| DSP| FF| LUT| Bitwidth P0| Bitwidth P1|
    +----------------------------------+----------+----+---+----+------------+------------+
    |add_ln109_fu_146_p2               |         +|   0|  0|  14|           7|           1|
    |add_ln76_fu_182_p2                |         +|   0|  0|  39|          32|           1|
    |add_ln80_fu_236_p2                |         +|   0|  0|  39|          32|           1|
    |add_ln86_fu_697_p2                |         +|   0|  0|  39|          32|          32|
    |add_ln91_fu_208_p2                |         +|   0|  0|  39|          32|          32|
    |and_ln55_2_fu_433_p2              |       and|   0|  0|   2|           1|           1|
    |and_ln55_fu_429_p2                |       and|   0|  0|   2|           1|           1|
    |ap_block_state3_pp0_stage0_iter2  |       and|   0|  0|   2|           1|           1|
    |ap_condition_214                  |       and|   0|  0|   2|           1|           1|
    |ap_condition_216                  |       and|   0|  0|   2|           1|           1|
    |ap_condition_240                  |       and|   0|  0|   2|           1|           1|
    |ap_condition_281                  |       and|   0|  0|   2|           1|           1|
    |ap_predicate_op121_write_state3   |       and|   0|  0|   2|           1|           1|
    |icmp_ln109_fu_140_p2              |      icmp|   0|  0|  14|           7|           6|
    |icmp_ln55_4_fu_423_p2             |      icmp|   0|  0|  39|          32|           1|
    |icmp_ln55_5_fu_170_p2             |      icmp|   0|  0|  39|          32|           1|
    |icmp_ln55_6_fu_176_p2             |      icmp|   0|  0|  39|          32|           1|
    |icmp_ln55_fu_156_p2               |      icmp|   0|  0|  39|          32|           1|
    |icmp_ln65_21_fu_459_p2            |      icmp|   0|  0|  17|          10|          10|
    |icmp_ln65_22_fu_479_p2            |      icmp|   0|  0|  17|          10|          10|
    |icmp_ln65_23_fu_499_p2            |      icmp|   0|  0|  17|          10|          10|
    |icmp_ln65_24_fu_519_p2            |      icmp|   0|  0|  17|          10|          10|
    |icmp_ln65_25_fu_539_p2            |      icmp|   0|  0|  17|          10|          10|
    |icmp_ln65_26_fu_559_p2            |      icmp|   0|  0|  17|          10|          10|
    |icmp_ln65_27_fu_579_p2            |      icmp|   0|  0|  17|          10|          10|
    |icmp_ln65_28_fu_599_p2            |      icmp|   0|  0|  17|          10|          10|
    |icmp_ln65_29_fu_619_p2            |      icmp|   0|  0|  17|          10|          10|
    |icmp_ln65_30_fu_639_p2            |      icmp|   0|  0|  17|          10|          10|
    |icmp_ln65_31_fu_659_p2            |      icmp|   0|  0|  17|          10|          10|
    |icmp_ln65_fu_439_p2               |      icmp|   0|  0|  17|          10|          10|
    |icmp_ln76_fu_188_p2               |      icmp|   0|  0|  39|          32|           4|
    |icmp_ln80_fu_242_p2               |      icmp|   0|  0|  39|          32|           4|
    |icmp_ln86_fu_683_p2               |      icmp|   0|  0|  39|          32|           1|
    |ap_block_pp0_stage0_01001         |        or|   0|  0|   2|           1|           1|
    |select_ln65_21_fu_471_p3          |    select|   0|  0|  10|           1|          10|
    |select_ln65_22_fu_491_p3          |    select|   0|  0|  10|           1|          10|
    |select_ln65_23_fu_511_p3          |    select|   0|  0|  10|           1|          10|
    |select_ln65_24_fu_531_p3          |    select|   0|  0|  10|           1|          10|
    |select_ln65_25_fu_551_p3          |    select|   0|  0|  10|           1|          10|
    |select_ln65_26_fu_571_p3          |    select|   0|  0|  10|           1|          10|
    |select_ln65_27_fu_591_p3          |    select|   0|  0|  10|           1|          10|
    |select_ln65_28_fu_611_p3          |    select|   0|  0|  10|           1|          10|
    |select_ln65_29_fu_631_p3          |    select|   0|  0|  10|           1|          10|
    |select_ln65_30_fu_651_p3          |    select|   0|  0|  10|           1|          10|
    |select_ln65_31_fu_671_p3          |    select|   0|  0|  10|           1|          10|
    |select_ln65_fu_451_p3             |    select|   0|  0|  10|           1|          10|
    |select_ln86_fu_689_p3             |    select|   0|  0|   2|           1|           2|
    |select_ln91_fu_200_p3             |    select|   0|  0|   2|           1|           2|
    |ap_enable_pp0                     |       xor|   0|  0|   2|           1|           2|
    |xor_ln65_21_fu_465_p2             |       xor|   0|  0|   2|           1|           2|
    |xor_ln65_22_fu_485_p2             |       xor|   0|  0|   2|           1|           2|
    |xor_ln65_23_fu_505_p2             |       xor|   0|  0|   2|           1|           2|
    |xor_ln65_24_fu_525_p2             |       xor|   0|  0|   2|           1|           2|
    |xor_ln65_25_fu_545_p2             |       xor|   0|  0|   2|           1|           2|
    |xor_ln65_26_fu_565_p2             |       xor|   0|  0|   2|           1|           2|
    |xor_ln65_27_fu_585_p2             |       xor|   0|  0|   2|           1|           2|
    |xor_ln65_28_fu_605_p2             |       xor|   0|  0|   2|           1|           2|
    |xor_ln65_29_fu_625_p2             |       xor|   0|  0|   2|           1|           2|
    |xor_ln65_30_fu_645_p2             |       xor|   0|  0|   2|           1|           2|
    |xor_ln65_31_fu_665_p2             |       xor|   0|  0|   2|           1|           2|
    |xor_ln65_fu_445_p2                |       xor|   0|  0|   2|           1|           2|
    +----------------------------------+----------+----+---+----+------------+------------+
    |Total                             |          |   0|  0| 829|         522|         365|
    +----------------------------------+----------+----+---+----+------------+------------+

    * Multiplexer: 
    +-----------------------------------------+----+-----------+-----+-----------+
    |                   Name                  | LUT| Input Size| Bits| Total Bits|
    +-----------------------------------------+----+-----------+-----+-----------+
    |ap_done_int                              |   9|          2|    1|          2|
    |ap_enable_reg_pp0_iter1                  |   9|          2|    1|          2|
    |ap_phi_mux_storemerge_phi_fu_125_p4      |   9|          2|   32|         64|
    |ap_phi_reg_pp0_iter1_storemerge_reg_121  |   9|          2|   32|         64|
    |ap_sig_allocacmp_indvar_flatten_load     |   9|          2|    7|         14|
    |indvar_flatten_fu_104                    |   9|          2|    7|         14|
    |layer4_out_blk_n                         |   9|          2|    1|          2|
    |layer5_out_blk_n                         |   9|          2|    1|          2|
    |pX_1                                     |   9|          2|   32|         64|
    |pY_1                                     |   9|          2|   32|         64|
    |real_start                               |   9|          2|    1|          2|
    |sX_1                                     |   9|          2|   32|         64|
    +-----------------------------------------+----+-----------+-----+-----------+
    |Total                                    | 108|         24|  179|        358|
    +-----------------------------------------+----+-----------+-----+-----------+

    * Register: 
    +--------------------------------------------------------------------------------------+----+----+-----+-----------+
    |                                         Name                                         | FF | LUT| Bits| Const Bits|
    +--------------------------------------------------------------------------------------+----+----+-----+-----------+
    |and_ln55_2_reg_762                                                                    |   1|   0|    1|          0|
    |ap_CS_fsm                                                                             |   1|   0|    1|          0|
    |ap_done_reg                                                                           |   1|   0|    1|          0|
    |ap_enable_reg_pp0_iter1                                                               |   1|   0|    1|          0|
    |ap_enable_reg_pp0_iter2                                                               |   1|   0|    1|          0|
    |ap_loop_exit_ready_pp0_iter1_reg                                                      |   1|   0|    1|          0|
    |ap_phi_reg_pp0_iter1_storemerge_reg_121                                               |  32|   0|   32|          0|
    |icmp_ln109_reg_736                                                                    |   1|   0|    1|          0|
    |icmp_ln55_5_reg_744                                                                   |   1|   0|    1|          0|
    |icmp_ln55_6_reg_749                                                                   |   1|   0|    1|          0|
    |icmp_ln55_reg_740                                                                     |   1|   0|    1|          0|
    |icmp_ln55_reg_740_pp0_iter1_reg                                                       |   1|   0|    1|          0|
    |icmp_ln76_reg_754                                                                     |   1|   0|    1|          0|
    |icmp_ln80_reg_758                                                                     |   1|   0|    1|          0|
    |indvar_flatten_fu_104                                                                 |   7|   0|    7|          0|
    |pX_1                                                                                  |  32|   0|   32|          0|
    |pY_1                                                                                  |  32|   0|   32|          0|
    |p_ZZN4nnet22compute_pool_buffer_2dINS_5arrayI9ap_ufixedILi10ELi0EL9ap_q_mode4EL9a_11  |  10|   0|   10|          0|
    |p_ZZN4nnet22compute_pool_buffer_2dINS_5arrayI9ap_ufixedILi10ELi0EL9ap_q_mode4EL9a_12  |  10|   0|   10|          0|
    |p_ZZN4nnet22compute_pool_buffer_2dINS_5arrayI9ap_ufixedILi10ELi0EL9ap_q_mode4EL9a_13  |  10|   0|   10|          0|
    |p_ZZN4nnet22compute_pool_buffer_2dINS_5arrayI9ap_ufixedILi10ELi0EL9ap_q_mode4EL9a_14  |  10|   0|   10|          0|
    |sX_1                                                                                  |  32|   0|   32|          0|
    |sY_1                                                                                  |  32|   0|   32|          0|
    |select_ln65_22_reg_766                                                                |  10|   0|   10|          0|
    |select_ln65_25_reg_771                                                                |  10|   0|   10|          0|
    |select_ln65_28_reg_776                                                                |  10|   0|   10|          0|
    |select_ln65_31_reg_781                                                                |  10|   0|   10|          0|
    |start_once_reg                                                                        |   1|   0|    1|          0|
    |void_compute_pool_buffer_2d_array_const_ap_shift_reg_n_filt_stream_kernel_3           |  10|   0|   10|          0|
    |void_compute_pool_buffer_2d_array_const_ap_shift_reg_n_filt_stream_kernel_4           |  10|   0|   10|          0|
    |void_compute_pool_buffer_2d_array_const_ap_shift_reg_n_filt_stream_kernel_5           |  10|   0|   10|          0|
    |void_compute_pool_buffer_2d_array_const_ap_shift_reg_n_filt_stream_kernel_6           |  10|   0|   10|          0|
    +--------------------------------------------------------------------------------------+----+----+-----+-----------+
    |Total                                                                                 | 301|   0|  301|          0|
    +--------------------------------------------------------------------------------------+----+----+-----+-----------+



================================================================
== Interface
================================================================
* Summary: 
+---------------------------+-----+-----+------------+--------------------------------------------------------------------------+--------------+
|         RTL Ports         | Dir | Bits|  Protocol  |                               Source Object                              |    C Type    |
+---------------------------+-----+-----+------------+--------------------------------------------------------------------------+--------------+
|ap_clk                     |   in|    1|  ap_ctrl_hs|  pooling2d_cl<array<ap_ufixed,4u>,array<ap_fixed<16,6,5,3,0>,4u>,config5>|  return value|
|ap_rst                     |   in|    1|  ap_ctrl_hs|  pooling2d_cl<array<ap_ufixed,4u>,array<ap_fixed<16,6,5,3,0>,4u>,config5>|  return value|
|ap_start                   |   in|    1|  ap_ctrl_hs|  pooling2d_cl<array<ap_ufixed,4u>,array<ap_fixed<16,6,5,3,0>,4u>,config5>|  return value|
|start_full_n               |   in|    1|  ap_ctrl_hs|  pooling2d_cl<array<ap_ufixed,4u>,array<ap_fixed<16,6,5,3,0>,4u>,config5>|  return value|
|ap_done                    |  out|    1|  ap_ctrl_hs|  pooling2d_cl<array<ap_ufixed,4u>,array<ap_fixed<16,6,5,3,0>,4u>,config5>|  return value|
|ap_continue                |   in|    1|  ap_ctrl_hs|  pooling2d_cl<array<ap_ufixed,4u>,array<ap_fixed<16,6,5,3,0>,4u>,config5>|  return value|
|ap_idle                    |  out|    1|  ap_ctrl_hs|  pooling2d_cl<array<ap_ufixed,4u>,array<ap_fixed<16,6,5,3,0>,4u>,config5>|  return value|
|ap_ready                   |  out|    1|  ap_ctrl_hs|  pooling2d_cl<array<ap_ufixed,4u>,array<ap_fixed<16,6,5,3,0>,4u>,config5>|  return value|
|start_out                  |  out|    1|  ap_ctrl_hs|  pooling2d_cl<array<ap_ufixed,4u>,array<ap_fixed<16,6,5,3,0>,4u>,config5>|  return value|
|start_write                |  out|    1|  ap_ctrl_hs|  pooling2d_cl<array<ap_ufixed,4u>,array<ap_fixed<16,6,5,3,0>,4u>,config5>|  return value|
|layer4_out_dout            |   in|   40|     ap_fifo|                                                                layer4_out|       pointer|
|layer4_out_num_data_valid  |   in|    8|     ap_fifo|                                                                layer4_out|       pointer|
|layer4_out_fifo_cap        |   in|    8|     ap_fifo|                                                                layer4_out|       pointer|
|layer4_out_empty_n         |   in|    1|     ap_fifo|                                                                layer4_out|       pointer|
|layer4_out_read            |  out|    1|     ap_fifo|                                                                layer4_out|       pointer|
|layer5_out_din             |  out|   64|     ap_fifo|                                                                layer5_out|       pointer|
|layer5_out_num_data_valid  |   in|    6|     ap_fifo|                                                                layer5_out|       pointer|
|layer5_out_fifo_cap        |   in|    6|     ap_fifo|                                                                layer5_out|       pointer|
|layer5_out_full_n          |   in|    1|     ap_fifo|                                                                layer5_out|       pointer|
|layer5_out_write           |  out|    1|     ap_fifo|                                                                layer5_out|       pointer|
+---------------------------+-----+-----+------------+--------------------------------------------------------------------------+--------------+

