

================================================================
== Vitis HLS Report for 'relu_array_ap_fixed_12u_array_ap_ufixed_15_0_4_0_0_12u_relu_config9_s'
================================================================
* Date:           Wed Aug 14 11:42:38 2024

* Version:        2023.1 (Build 3854077 on May  4 2023)
* Project:        myproject_prj
* Solution:       solution1 (Vivado IP Flow Target)
* Product family: virtexuplus
* Target device:  xcvu13p-flga2577-2-e


================================================================
== Performance Estimates
================================================================
+ Timing: 
    * Summary: 
    +--------+---------+----------+------------+
    |  Clock |  Target | Estimated| Uncertainty|
    +--------+---------+----------+------------+
    |ap_clk  |  5.00 ns|  3.933 ns|     0.62 ns|
    +--------+---------+----------+------------+

+ Latency: 
    * Summary: 
    +---------+---------+----------+----------+-----+-----+---------+
    |  Latency (cycles) |  Latency (absolute) |  Interval | Pipeline|
    |   min   |   max   |    min   |    max   | min | max |   Type  |
    +---------+---------+----------+----------+-----+-----+---------+
    |        0|        0|      0 ns|      0 ns|    0|    0|       no|
    +---------+---------+----------+----------+-----+-----+---------+

    + Detail: 
        * Instance: 
        N/A

        * Loop: 
        N/A



================================================================
== Utilization Estimates
================================================================
* Summary: 
+---------------------+---------+-------+---------+---------+------+
|         Name        | BRAM_18K|  DSP  |    FF   |   LUT   | URAM |
+---------------------+---------+-------+---------+---------+------+
|DSP                  |        -|      -|        -|        -|     -|
|Expression           |        -|      -|        0|      794|     -|
|FIFO                 |        -|      -|        -|        -|     -|
|Instance             |        -|      -|        -|        -|     -|
|Memory               |        -|      -|        -|        -|     -|
|Multiplexer          |        -|      -|        -|       36|     -|
|Register             |        -|      -|        3|        -|     -|
+---------------------+---------+-------+---------+---------+------+
|Total                |        0|      0|        3|      830|     0|
+---------------------+---------+-------+---------+---------+------+
|Available SLR        |     1344|   3072|   864000|   432000|   320|
+---------------------+---------+-------+---------+---------+------+
|Utilization SLR (%)  |        0|      0|       ~0|       ~0|     0|
+---------------------+---------+-------+---------+---------+------+
|Available            |     5376|  12288|  3456000|  1728000|  1280|
+---------------------+---------+-------+---------+---------+------+
|Utilization (%)      |        0|      0|       ~0|       ~0|     0|
+---------------------+---------+-------+---------+---------+------+

+ Detail: 
    * Instance: 
    N/A

    * DSP: 
    N/A

    * Memory: 
    N/A

    * FIFO: 
    N/A

    * Expression: 
    +--------------------------+----------+----+---+----+------------+------------+
    |       Variable Name      | Operation| DSP| FF| LUT| Bitwidth P0| Bitwidth P1|
    +--------------------------+----------+----+---+----+------------+------------+
    |icmp_ln51_24_fu_307_p2    |      icmp|   0|  0|  23|          16|           1|
    |icmp_ln51_25_fu_363_p2    |      icmp|   0|  0|  23|          16|           1|
    |icmp_ln51_26_fu_419_p2    |      icmp|   0|  0|  23|          16|           1|
    |icmp_ln51_27_fu_475_p2    |      icmp|   0|  0|  23|          16|           1|
    |icmp_ln51_28_fu_531_p2    |      icmp|   0|  0|  23|          16|           1|
    |icmp_ln51_29_fu_587_p2    |      icmp|   0|  0|  23|          16|           1|
    |icmp_ln51_30_fu_643_p2    |      icmp|   0|  0|  23|          16|           1|
    |icmp_ln51_31_fu_699_p2    |      icmp|   0|  0|  23|          16|           1|
    |icmp_ln51_32_fu_755_p2    |      icmp|   0|  0|  23|          16|           1|
    |icmp_ln51_33_fu_811_p2    |      icmp|   0|  0|  23|          16|           1|
    |icmp_ln51_34_fu_867_p2    |      icmp|   0|  0|  23|          16|           1|
    |icmp_ln51_fu_257_p2       |      icmp|   0|  0|  23|          16|           1|
    |icmp_ln52_24_fu_341_p2    |      icmp|   0|  0|  13|           6|           1|
    |icmp_ln52_25_fu_397_p2    |      icmp|   0|  0|  13|           6|           1|
    |icmp_ln52_26_fu_453_p2    |      icmp|   0|  0|  13|           6|           1|
    |icmp_ln52_27_fu_509_p2    |      icmp|   0|  0|  13|           6|           1|
    |icmp_ln52_28_fu_565_p2    |      icmp|   0|  0|  13|           6|           1|
    |icmp_ln52_29_fu_621_p2    |      icmp|   0|  0|  13|           6|           1|
    |icmp_ln52_30_fu_677_p2    |      icmp|   0|  0|  13|           6|           1|
    |icmp_ln52_31_fu_733_p2    |      icmp|   0|  0|  13|           6|           1|
    |icmp_ln52_32_fu_789_p2    |      icmp|   0|  0|  13|           6|           1|
    |icmp_ln52_33_fu_845_p2    |      icmp|   0|  0|  13|           6|           1|
    |icmp_ln52_34_fu_901_p2    |      icmp|   0|  0|  13|           6|           1|
    |icmp_ln52_fu_285_p2       |      icmp|   0|  0|  13|           6|           1|
    |ap_block_state1           |        or|   0|  0|   2|           1|           1|
    |select_ln51_24_fu_355_p3  |    select|   0|  0|  15|           1|          15|
    |select_ln51_25_fu_411_p3  |    select|   0|  0|  15|           1|          15|
    |select_ln51_26_fu_467_p3  |    select|   0|  0|  15|           1|          15|
    |select_ln51_27_fu_523_p3  |    select|   0|  0|  15|           1|          15|
    |select_ln51_28_fu_579_p3  |    select|   0|  0|  15|           1|          15|
    |select_ln51_29_fu_635_p3  |    select|   0|  0|  15|           1|          15|
    |select_ln51_30_fu_691_p3  |    select|   0|  0|  15|           1|          15|
    |select_ln51_31_fu_747_p3  |    select|   0|  0|  15|           1|          15|
    |select_ln51_32_fu_803_p3  |    select|   0|  0|  15|           1|          15|
    |select_ln51_33_fu_859_p3  |    select|   0|  0|  15|           1|          15|
    |select_ln51_34_fu_915_p3  |    select|   0|  0|  15|           1|          15|
    |select_ln51_fu_299_p3     |    select|   0|  0|  15|           1|          15|
    |select_ln52_24_fu_347_p3  |    select|   0|  0|  15|           1|           2|
    |select_ln52_25_fu_403_p3  |    select|   0|  0|  15|           1|           2|
    |select_ln52_26_fu_459_p3  |    select|   0|  0|  15|           1|           2|
    |select_ln52_27_fu_515_p3  |    select|   0|  0|  15|           1|           2|
    |select_ln52_28_fu_571_p3  |    select|   0|  0|  15|           1|           2|
    |select_ln52_29_fu_627_p3  |    select|   0|  0|  15|           1|           2|
    |select_ln52_30_fu_683_p3  |    select|   0|  0|  15|           1|           2|
    |select_ln52_31_fu_739_p3  |    select|   0|  0|  15|           1|           2|
    |select_ln52_32_fu_795_p3  |    select|   0|  0|  15|           1|           2|
    |select_ln52_33_fu_851_p3  |    select|   0|  0|  15|           1|           2|
    |select_ln52_34_fu_907_p3  |    select|   0|  0|  15|           1|           2|
    |select_ln52_fu_291_p3     |    select|   0|  0|  15|           1|           2|
    +--------------------------+----------+----+---+----+------------+------------+
    |Total                     |          |   0|  0| 794|         289|         229|
    +--------------------------+----------+----+---+----+------------+------------+

    * Multiplexer: 
    +------------------+----+-----------+-----+-----------+
    |       Name       | LUT| Input Size| Bits| Total Bits|
    +------------------+----+-----------+-----+-----------+
    |ap_done           |   9|          2|    1|          2|
    |layer8_out_blk_n  |   9|          2|    1|          2|
    |layer9_out_blk_n  |   9|          2|    1|          2|
    |real_start        |   9|          2|    1|          2|
    +------------------+----+-----------+-----+-----------+
    |Total             |  36|          8|    4|          8|
    +------------------+----+-----------+-----+-----------+

    * Register: 
    +----------------+---+----+-----+-----------+
    |      Name      | FF| LUT| Bits| Const Bits|
    +----------------+---+----+-----+-----------+
    |ap_CS_fsm       |  1|   0|    1|          0|
    |ap_done_reg     |  1|   0|    1|          0|
    |start_once_reg  |  1|   0|    1|          0|
    +----------------+---+----+-----+-----------+
    |Total           |  3|   0|    3|          0|
    +----------------+---+----+-----+-----------+



================================================================
== Interface
================================================================
* Summary: 
+---------------------------+-----+-----+------------+-------------------------------------------------------------------------+--------------+
|         RTL Ports         | Dir | Bits|  Protocol  |                              Source Object                              |    C Type    |
+---------------------------+-----+-----+------------+-------------------------------------------------------------------------+--------------+
|ap_clk                     |   in|    1|  ap_ctrl_hs|  relu<array<ap_fixed,12u>,array<ap_ufixed<15,0,4,0,0>,12u>,relu_config9>|  return value|
|ap_rst                     |   in|    1|  ap_ctrl_hs|  relu<array<ap_fixed,12u>,array<ap_ufixed<15,0,4,0,0>,12u>,relu_config9>|  return value|
|ap_start                   |   in|    1|  ap_ctrl_hs|  relu<array<ap_fixed,12u>,array<ap_ufixed<15,0,4,0,0>,12u>,relu_config9>|  return value|
|start_full_n               |   in|    1|  ap_ctrl_hs|  relu<array<ap_fixed,12u>,array<ap_ufixed<15,0,4,0,0>,12u>,relu_config9>|  return value|
|ap_done                    |  out|    1|  ap_ctrl_hs|  relu<array<ap_fixed,12u>,array<ap_ufixed<15,0,4,0,0>,12u>,relu_config9>|  return value|
|ap_continue                |   in|    1|  ap_ctrl_hs|  relu<array<ap_fixed,12u>,array<ap_ufixed<15,0,4,0,0>,12u>,relu_config9>|  return value|
|ap_idle                    |  out|    1|  ap_ctrl_hs|  relu<array<ap_fixed,12u>,array<ap_ufixed<15,0,4,0,0>,12u>,relu_config9>|  return value|
|ap_ready                   |  out|    1|  ap_ctrl_hs|  relu<array<ap_fixed,12u>,array<ap_ufixed<15,0,4,0,0>,12u>,relu_config9>|  return value|
|start_out                  |  out|    1|  ap_ctrl_hs|  relu<array<ap_fixed,12u>,array<ap_ufixed<15,0,4,0,0>,12u>,relu_config9>|  return value|
|start_write                |  out|    1|  ap_ctrl_hs|  relu<array<ap_fixed,12u>,array<ap_ufixed<15,0,4,0,0>,12u>,relu_config9>|  return value|
|layer8_out_dout            |   in|  192|     ap_fifo|                                                               layer8_out|       pointer|
|layer8_out_num_data_valid  |   in|    2|     ap_fifo|                                                               layer8_out|       pointer|
|layer8_out_fifo_cap        |   in|    2|     ap_fifo|                                                               layer8_out|       pointer|
|layer8_out_empty_n         |   in|    1|     ap_fifo|                                                               layer8_out|       pointer|
|layer8_out_read            |  out|    1|     ap_fifo|                                                               layer8_out|       pointer|
|layer9_out_din             |  out|  180|     ap_fifo|                                                               layer9_out|       pointer|
|layer9_out_num_data_valid  |   in|    2|     ap_fifo|                                                               layer9_out|       pointer|
|layer9_out_fifo_cap        |   in|    2|     ap_fifo|                                                               layer9_out|       pointer|
|layer9_out_full_n          |   in|    1|     ap_fifo|                                                               layer9_out|       pointer|
|layer9_out_write           |  out|    1|     ap_fifo|                                                               layer9_out|       pointer|
+---------------------------+-----+-----+------------+-------------------------------------------------------------------------+--------------+

