

================================================================
== Vitis HLS Report for 'softmax_array_array_ap_fixed_16_6_5_3_0_3u_softmax_config12_s'
================================================================
* Date:           Thu Jul 11 13:34:30 2024

* Version:        2023.1 (Build 3854077 on May  4 2023)
* Project:        myproject_prj
* Solution:       solution1 (Vivado IP Flow Target)
* Product family: virtexuplus
* Target device:  xcvu13p-flga2577-2-e


================================================================
== Performance Estimates
================================================================
+ Timing: 
    * Summary: 
    +--------+---------+----------+------------+
    |  Clock |  Target | Estimated| Uncertainty|
    +--------+---------+----------+------------+
    |ap_clk  |  5.00 ns|  4.344 ns|     0.62 ns|
    +--------+---------+----------+------------+

+ Latency: 
    * Summary: 
    +---------+---------+-----------+-----------+-----+-----+---------+
    |  Latency (cycles) |   Latency (absolute)  |  Interval | Pipeline|
    |   min   |   max   |    min    |    max    | min | max |   Type  |
    +---------+---------+-----------+-----------+-----+-----+---------+
    |        8|        8|  40.000 ns|  40.000 ns|    8|    8|       no|
    +---------+---------+-----------+-----------+-----+-----+---------+

    + Detail: 
        * Instance: 
        +--------------------------------------------------------------------------------+----------------------------------------------------------------------+---------+---------+-----------+-----------+-----+-----+---------+
        |                                                                                |                                                                      |  Latency (cycles) |   Latency (absolute)  |  Interval | Pipeline|
        |                                    Instance                                    |                                Module                                |   min   |   max   |    min    |    max    | min | max |   Type  |
        +--------------------------------------------------------------------------------+----------------------------------------------------------------------+---------+---------+-----------+-----------+-----+-----+---------+
        |grp_softmax_stable_array_array_ap_fixed_16_6_5_3_0_3u_softmax_config12_s_fu_26  |softmax_stable_array_array_ap_fixed_16_6_5_3_0_3u_softmax_config12_s  |        6|        6|  30.000 ns|  30.000 ns|    6|    6|       no|
        +--------------------------------------------------------------------------------+----------------------------------------------------------------------+---------+---------+-----------+-----------+-----+-----+---------+

        * Loop: 
        N/A



================================================================
== Utilization Estimates
================================================================
* Summary: 
+---------------------+---------+-------+---------+---------+------+
|         Name        | BRAM_18K|  DSP  |    FF   |   LUT   | URAM |
+---------------------+---------+-------+---------+---------+------+
|DSP                  |        -|      -|        -|        -|     -|
|Expression           |        -|      -|        0|        4|     -|
|FIFO                 |        -|      -|        -|        -|     -|
|Instance             |        6|      1|      164|      438|     -|
|Memory               |        -|      -|        -|        -|     -|
|Multiplexer          |        -|      -|        -|       38|     -|
|Register             |        -|      -|        5|        -|     -|
+---------------------+---------+-------+---------+---------+------+
|Total                |        6|      1|      169|      480|     0|
+---------------------+---------+-------+---------+---------+------+
|Available SLR        |     1344|   3072|   864000|   432000|   320|
+---------------------+---------+-------+---------+---------+------+
|Utilization SLR (%)  |       ~0|     ~0|       ~0|       ~0|     0|
+---------------------+---------+-------+---------+---------+------+
|Available            |     5376|  12288|  3456000|  1728000|  1280|
+---------------------+---------+-------+---------+---------+------+
|Utilization (%)      |       ~0|     ~0|       ~0|       ~0|     0|
+---------------------+---------+-------+---------+---------+------+

+ Detail: 
    * Instance: 
    +--------------------------------------------------------------------------------+----------------------------------------------------------------------+---------+----+-----+-----+-----+
    |                                    Instance                                    |                                Module                                | BRAM_18K| DSP|  FF | LUT | URAM|
    +--------------------------------------------------------------------------------+----------------------------------------------------------------------+---------+----+-----+-----+-----+
    |grp_softmax_stable_array_array_ap_fixed_16_6_5_3_0_3u_softmax_config12_s_fu_26  |softmax_stable_array_array_ap_fixed_16_6_5_3_0_3u_softmax_config12_s  |        6|   1|  164|  438|    0|
    +--------------------------------------------------------------------------------+----------------------------------------------------------------------+---------+----+-----+-----+-----+
    |Total                                                                           |                                                                      |        6|   1|  164|  438|    0|
    +--------------------------------------------------------------------------------+----------------------------------------------------------------------+---------+----+-----+-----+-----+

    * DSP: 
    N/A

    * Memory: 
    N/A

    * FIFO: 
    N/A

    * Expression: 
    +---------------------------------------------------------------------------------------------------+----------+----+---+----+------------+------------+
    |                                           Variable Name                                           | Operation| DSP| FF| LUT| Bitwidth P0| Bitwidth P1|
    +---------------------------------------------------------------------------------------------------+----------+----+---+----+------------+------------+
    |grp_softmax_stable_array_array_ap_fixed_16_6_5_3_0_3u_softmax_config12_s_fu_26_layer12_out_TREADY  |       and|   0|  0|   2|           1|           1|
    |ap_block_state1                                                                                    |        or|   0|  0|   2|           1|           1|
    +---------------------------------------------------------------------------------------------------+----------+----+---+----+------------+------------+
    |Total                                                                                              |          |   0|  0|   4|           2|           2|
    +---------------------------------------------------------------------------------------------------+----------+----+---+----+------------+------------+

    * Multiplexer: 
    +------------------+----+-----------+-----+-----------+
    |       Name       | LUT| Input Size| Bits| Total Bits|
    +------------------+----+-----------+-----+-----------+
    |ap_NS_fsm         |  20|          4|    1|          4|
    |ap_done           |   9|          2|    1|          2|
    |layer11_out_read  |   9|          2|    1|          2|
    +------------------+----+-----------+-----+-----------+
    |Total             |  38|          8|    3|          8|
    +------------------+----+-----------+-----+-----------+

    * Register: 
    +---------------------------------------------------------------------------------------------+---+----+-----+-----------+
    |                                             Name                                            | FF| LUT| Bits| Const Bits|
    +---------------------------------------------------------------------------------------------+---+----+-----+-----------+
    |ap_CS_fsm                                                                                    |  3|   0|    3|          0|
    |ap_done_reg                                                                                  |  1|   0|    1|          0|
    |grp_softmax_stable_array_array_ap_fixed_16_6_5_3_0_3u_softmax_config12_s_fu_26_ap_start_reg  |  1|   0|    1|          0|
    +---------------------------------------------------------------------------------------------+---+----+-----+-----------+
    |Total                                                                                        |  5|   0|    5|          0|
    +---------------------------------------------------------------------------------------------+---+----+-----+-----------+



================================================================
== Interface
================================================================
* Summary: 
+----------------------------+-----+-----+------------+----------------------------------------------------------------+--------------+
|          RTL Ports         | Dir | Bits|  Protocol  |                          Source Object                         |    C Type    |
+----------------------------+-----+-----+------------+----------------------------------------------------------------+--------------+
|ap_clk                      |   in|    1|  ap_ctrl_hs|  softmax<array,array<ap_fixed<16,6,5,3,0>,3u>,softmax_config12>|  return value|
|ap_rst                      |   in|    1|  ap_ctrl_hs|  softmax<array,array<ap_fixed<16,6,5,3,0>,3u>,softmax_config12>|  return value|
|ap_start                    |   in|    1|  ap_ctrl_hs|  softmax<array,array<ap_fixed<16,6,5,3,0>,3u>,softmax_config12>|  return value|
|ap_done                     |  out|    1|  ap_ctrl_hs|  softmax<array,array<ap_fixed<16,6,5,3,0>,3u>,softmax_config12>|  return value|
|ap_continue                 |   in|    1|  ap_ctrl_hs|  softmax<array,array<ap_fixed<16,6,5,3,0>,3u>,softmax_config12>|  return value|
|ap_idle                     |  out|    1|  ap_ctrl_hs|  softmax<array,array<ap_fixed<16,6,5,3,0>,3u>,softmax_config12>|  return value|
|ap_ready                    |  out|    1|  ap_ctrl_hs|  softmax<array,array<ap_fixed<16,6,5,3,0>,3u>,softmax_config12>|  return value|
|layer11_out_dout            |   in|   48|     ap_fifo|                                                     layer11_out|       pointer|
|layer11_out_num_data_valid  |   in|    2|     ap_fifo|                                                     layer11_out|       pointer|
|layer11_out_fifo_cap        |   in|    2|     ap_fifo|                                                     layer11_out|       pointer|
|layer11_out_empty_n         |   in|    1|     ap_fifo|                                                     layer11_out|       pointer|
|layer11_out_read            |  out|    1|     ap_fifo|                                                     layer11_out|       pointer|
|layer12_out_TDATA           |  out|   48|        axis|                                                     layer12_out|       pointer|
|layer12_out_TVALID          |  out|    1|        axis|                                                     layer12_out|       pointer|
|layer12_out_TREADY          |   in|    1|        axis|                                                     layer12_out|       pointer|
+----------------------------+-----+-----+------------+----------------------------------------------------------------+--------------+

