

================================================================
== Vitis HLS Report for 'conv_2d_cl_array_ap_fixed_8u_array_ap_fixed_16_6_5_3_0_13u_config6_s'
================================================================
* Date:           Wed Aug 14 12:14:46 2024

* Version:        2023.1 (Build 3854077 on May  4 2023)
* Project:        myproject_prj
* Solution:       solution1 (Vivado IP Flow Target)
* Product family: virtexuplus
* Target device:  xcvu13p-flga2577-2-e


================================================================
== Performance Estimates
================================================================
+ Timing: 
    * Summary: 
    +--------+---------+----------+------------+
    |  Clock |  Target | Estimated| Uncertainty|
    +--------+---------+----------+------------+
    |ap_clk  |  5.00 ns|  4.155 ns|     0.62 ns|
    +--------+---------+----------+------------+

+ Latency: 
    * Summary: 
    +---------+---------+----------+----------+-----+-----+---------+
    |  Latency (cycles) |  Latency (absolute) |  Interval | Pipeline|
    |   min   |   max   |    min   |    max   | min | max |   Type  |
    +---------+---------+----------+----------+-----+-----+---------+
    |      146|      146|  0.730 us|  0.730 us|  146|  146|       no|
    +---------+---------+----------+----------+-----+-----+---------+

    + Detail: 
        * Instance: 
        +-----------------------------------------------------------------------------------+------------------------------------------------------------------------+---------+---------+-----------+-----------+-----+-----+---------+
        |                                                                                   |                                                                        |  Latency (cycles) |   Latency (absolute)  |  Interval | Pipeline|
        |                                      Instance                                     |                                 Module                                 |   min   |   max   |    min    |    max    | min | max |   Type  |
        +-----------------------------------------------------------------------------------+------------------------------------------------------------------------+---------+---------+-----------+-----------+-----+-----+---------+
        |grp_compute_output_buffer_2d_array_array_ap_fixed_16_6_5_3_0_13u_config6_s_fu_264  |compute_output_buffer_2d_array_array_ap_fixed_16_6_5_3_0_13u_config6_s  |        2|        2|  10.000 ns|  10.000 ns|    3|    3|      yes|
        +-----------------------------------------------------------------------------------+------------------------------------------------------------------------+---------+---------+-----------+-----------+-----+-----+---------+

        * Loop: 
        +----------------------------------+---------+---------+----------+-----------+-----------+------+----------+
        |                                  |  Latency (cycles) | Iteration|  Initiation Interval  | Trip |          |
        |             Loop Name            |   min   |   max   |  Latency |  achieved |   target  | Count| Pipelined|
        +----------------------------------+---------+---------+----------+-----------+-----------+------+----------+
        |- ReadInputHeight_ReadInputWidth  |      144|      144|         4|          3|          1|    48|       yes|
        +----------------------------------+---------+---------+----------+-----------+-----------+------+----------+



================================================================
== Utilization Estimates
================================================================
* Summary: 
+---------------------+---------+-------+---------+---------+------+
|         Name        | BRAM_18K|  DSP  |    FF   |   LUT   | URAM |
+---------------------+---------+-------+---------+---------+------+
|DSP                  |        -|      -|        -|        -|     -|
|Expression           |        -|      -|        0|       40|     -|
|FIFO                 |        -|      -|        -|        -|     -|
|Instance             |        -|    401|     4863|    33636|     -|
|Memory               |        -|      -|        -|        -|     -|
|Multiplexer          |        -|      -|        -|      110|     -|
|Register             |        -|      -|       15|        -|     -|
+---------------------+---------+-------+---------+---------+------+
|Total                |        0|    401|     4878|    33786|     0|
+---------------------+---------+-------+---------+---------+------+
|Available SLR        |     1344|   3072|   864000|   432000|   320|
+---------------------+---------+-------+---------+---------+------+
|Utilization SLR (%)  |        0|     13|       ~0|        7|     0|
+---------------------+---------+-------+---------+---------+------+
|Available            |     5376|  12288|  3456000|  1728000|  1280|
+---------------------+---------+-------+---------+---------+------+
|Utilization (%)      |        0|      3|       ~0|        1|     0|
+---------------------+---------+-------+---------+---------+------+

+ Detail: 
    * Instance: 
    +-----------------------------------------------------------------------------------+------------------------------------------------------------------------+---------+-----+------+-------+-----+
    |                                      Instance                                     |                                 Module                                 | BRAM_18K| DSP |  FF  |  LUT  | URAM|
    +-----------------------------------------------------------------------------------+------------------------------------------------------------------------+---------+-----+------+-------+-----+
    |grp_compute_output_buffer_2d_array_array_ap_fixed_16_6_5_3_0_13u_config6_s_fu_264  |compute_output_buffer_2d_array_array_ap_fixed_16_6_5_3_0_13u_config6_s  |        0|  401|  4863|  33636|    0|
    +-----------------------------------------------------------------------------------+------------------------------------------------------------------------+---------+-----+------+-------+-----+
    |Total                                                                              |                                                                        |        0|  401|  4863|  33636|    0|
    +-----------------------------------------------------------------------------------+------------------------------------------------------------------------+---------+-----+------+-------+-----+

    * DSP: 
    N/A

    * Memory: 
    N/A

    * FIFO: 
    N/A

    * Expression: 
    +------------------------------------------+----------+----+---+----+------------+------------+
    |               Variable Name              | Operation| DSP| FF| LUT| Bitwidth P0| Bitwidth P1|
    +------------------------------------------+----------+----+---+----+------------+------------+
    |add_ln51_fu_476_p2                        |         +|   0|  0|  13|           6|           1|
    |ap_block_pp0_stage0_11001_ignoreCallOp33  |       and|   0|  0|   2|           1|           1|
    |ap_block_state2_pp0_stage1_iter0          |       and|   0|  0|   2|           1|           1|
    |ap_block_state4_pp0_stage0_iter1          |       and|   0|  0|   2|           1|           1|
    |ap_condition_168                          |       and|   0|  0|   2|           1|           1|
    |icmp_ln51_fu_470_p2                       |      icmp|   0|  0|  13|           6|           6|
    |ap_block_pp0_stage0_11001                 |        or|   0|  0|   2|           1|           1|
    |ap_block_pp0_stage1_11001                 |        or|   0|  0|   2|           1|           1|
    |ap_enable_pp0                             |       xor|   0|  0|   2|           1|           2|
    +------------------------------------------+----------+----+---+----+------------+------------+
    |Total                                     |          |   0|  0|  40|          19|          15|
    +------------------------------------------+----------+----+---+----+------------+------------+

    * Multiplexer: 
    +--------------------------------------+----+-----------+-----+-----------+
    |                 Name                 | LUT| Input Size| Bits| Total Bits|
    +--------------------------------------+----+-----------+-----+-----------+
    |ap_NS_fsm                             |  20|          4|    1|          4|
    |ap_done_int                           |   9|          2|    1|          2|
    |ap_enable_reg_pp0_iter0               |   9|          2|    1|          2|
    |ap_enable_reg_pp0_iter0_reg           |   9|          2|    1|          2|
    |ap_enable_reg_pp0_iter1               |   9|          2|    1|          2|
    |ap_sig_allocacmp_indvar_flatten_load  |   9|          2|    6|         12|
    |indvar_flatten_fu_254                 |   9|          2|    6|         12|
    |layer20_out_blk_n                     |   9|          2|    1|          2|
    |layer6_out_blk_n                      |   9|          2|    1|          2|
    |layer6_out_write                      |   9|          2|    1|          2|
    |real_start                            |   9|          2|    1|          2|
    +--------------------------------------+----+-----------+-----+-----------+
    |Total                                 | 110|         24|   21|         44|
    +--------------------------------------+----+-----------+-----+-----------+

    * Register: 
    +------------------------------------------------------------------------------------------------+---+----+-----+-----------+
    |                                              Name                                              | FF| LUT| Bits| Const Bits|
    +------------------------------------------------------------------------------------------------+---+----+-----+-----------+
    |ap_CS_fsm                                                                                       |  3|   0|    3|          0|
    |ap_done_reg                                                                                     |  1|   0|    1|          0|
    |ap_enable_reg_pp0_iter0_reg                                                                     |  1|   0|    1|          0|
    |ap_enable_reg_pp0_iter1                                                                         |  1|   0|    1|          0|
    |grp_compute_output_buffer_2d_array_array_ap_fixed_16_6_5_3_0_13u_config6_s_fu_264_ap_start_reg  |  1|   0|    1|          0|
    |icmp_ln51_reg_576                                                                               |  1|   0|    1|          0|
    |indvar_flatten_fu_254                                                                           |  6|   0|    6|          0|
    |start_once_reg                                                                                  |  1|   0|    1|          0|
    +------------------------------------------------------------------------------------------------+---+----+-----+-----------+
    |Total                                                                                           | 15|   0|   15|          0|
    +------------------------------------------------------------------------------------------------+---+----+-----+-----------+



================================================================
== Interface
================================================================
* Summary: 
+----------------------------+-----+-----+------------+------------------------------------------------------------------------+--------------+
|          RTL Ports         | Dir | Bits|  Protocol  |                              Source Object                             |    C Type    |
+----------------------------+-----+-----+------------+------------------------------------------------------------------------+--------------+
|ap_clk                      |   in|    1|  ap_ctrl_hs|  conv_2d_cl<array<ap_fixed,8u>,array<ap_fixed<16,6,5,3,0>,13u>,config6>|  return value|
|ap_rst                      |   in|    1|  ap_ctrl_hs|  conv_2d_cl<array<ap_fixed,8u>,array<ap_fixed<16,6,5,3,0>,13u>,config6>|  return value|
|ap_start                    |   in|    1|  ap_ctrl_hs|  conv_2d_cl<array<ap_fixed,8u>,array<ap_fixed<16,6,5,3,0>,13u>,config6>|  return value|
|start_full_n                |   in|    1|  ap_ctrl_hs|  conv_2d_cl<array<ap_fixed,8u>,array<ap_fixed<16,6,5,3,0>,13u>,config6>|  return value|
|ap_done                     |  out|    1|  ap_ctrl_hs|  conv_2d_cl<array<ap_fixed,8u>,array<ap_fixed<16,6,5,3,0>,13u>,config6>|  return value|
|ap_continue                 |   in|    1|  ap_ctrl_hs|  conv_2d_cl<array<ap_fixed,8u>,array<ap_fixed<16,6,5,3,0>,13u>,config6>|  return value|
|ap_idle                     |  out|    1|  ap_ctrl_hs|  conv_2d_cl<array<ap_fixed,8u>,array<ap_fixed<16,6,5,3,0>,13u>,config6>|  return value|
|ap_ready                    |  out|    1|  ap_ctrl_hs|  conv_2d_cl<array<ap_fixed,8u>,array<ap_fixed<16,6,5,3,0>,13u>,config6>|  return value|
|start_out                   |  out|    1|  ap_ctrl_hs|  conv_2d_cl<array<ap_fixed,8u>,array<ap_fixed<16,6,5,3,0>,13u>,config6>|  return value|
|start_write                 |  out|    1|  ap_ctrl_hs|  conv_2d_cl<array<ap_fixed,8u>,array<ap_fixed<16,6,5,3,0>,13u>,config6>|  return value|
|layer20_out_dout            |   in|  128|     ap_fifo|                                                             layer20_out|       pointer|
|layer20_out_num_data_valid  |   in|    7|     ap_fifo|                                                             layer20_out|       pointer|
|layer20_out_fifo_cap        |   in|    7|     ap_fifo|                                                             layer20_out|       pointer|
|layer20_out_empty_n         |   in|    1|     ap_fifo|                                                             layer20_out|       pointer|
|layer20_out_read            |  out|    1|     ap_fifo|                                                             layer20_out|       pointer|
|layer6_out_din              |  out|  208|     ap_fifo|                                                              layer6_out|       pointer|
|layer6_out_num_data_valid   |   in|    6|     ap_fifo|                                                              layer6_out|       pointer|
|layer6_out_fifo_cap         |   in|    6|     ap_fifo|                                                              layer6_out|       pointer|
|layer6_out_full_n           |   in|    1|     ap_fifo|                                                              layer6_out|       pointer|
|layer6_out_write            |  out|    1|     ap_fifo|                                                              layer6_out|       pointer|
+----------------------------+-----+-----+------------+------------------------------------------------------------------------+--------------+

