

================================================================
== Vitis HLS Report for 'myproject'
================================================================
* Date:           Wed Aug 14 12:14:36 2024

* Version:        2023.1 (Build 3854077 on May  4 2023)
* Project:        myproject_prj
* Solution:       solution1 (Vivado IP Flow Target)
* Product family: virtexuplus
* Target device:  xcvu13p-flga2577-2-e


================================================================
== Performance Estimates
================================================================
+ Timing: 
    * Summary: 
    +--------+---------+----------+------------+
    |  Clock |  Target | Estimated| Uncertainty|
    +--------+---------+----------+------------+
    |ap_clk  |  5.00 ns|  4.316 ns|     0.62 ns|
    +--------+---------+----------+------------+

+ Latency: 
    * Summary: 
    +---------+---------+----------+----------+-----+-----+----------+
    |  Latency (cycles) |  Latency (absolute) |  Interval | Pipeline |
    |   min   |   max   |    min   |    max   | min | max |   Type   |
    +---------+---------+----------+----------+-----+-----+----------+
    |      313|      313|  1.565 us|  1.565 us|  304|  304|  dataflow|
    +---------+---------+----------+----------+-----+-----+----------+

    + Detail: 
        * Instance: 
        N/A

        * Loop: 
        N/A

============================================================
+ Verbose Summary: Synthesis Manager
============================================================
InlineROM: 1
ExposeGlobal: 0
============================================================
+ Verbose Summary: CDFG Model
============================================================
IsTopModel: 1
ResetActiveHigh: 1
IsCombinational: 2
IsDatapathOnly: 0
HasWiredReturn: 1
HasMFsm: 0
HasVarLatency: 1
IsPipeline: 0
IsRtlPipelined: 0
IsInstanceOverlapped: 0
IsDontTouch: 0
HasImplIP: 0
IsGatedGlobalClock: 0


============================================================
+ Verbose Summary: Schedule
============================================================
* Number of FSM states : 27
* Pipeline : 0
* Dataflow Pipeline: 1
  DF-Pipeline-0: Size = 27, States = { 1 2 3 4 5 6 7 8 9 10 11 12 13 14 15 16 17 18 19 20 21 22 23 24 25 26 27 }

* FSM state transitions: 
1 --> 2 
2 --> 3 
3 --> 4 
4 --> 5 
5 --> 6 
6 --> 7 
7 --> 8 
8 --> 9 
9 --> 10 
10 --> 11 
11 --> 12 
12 --> 13 
13 --> 14 
14 --> 15 
15 --> 16 
16 --> 17 
17 --> 18 
18 --> 19 
19 --> 20 
20 --> 21 
21 --> 22 
22 --> 23 
23 --> 24 
24 --> 25 
25 --> 26 
26 --> 27 
27 --> 

* FSM state operations: 

State 1 <SV = 0> <Delay = 0.00>
ST_1 : Operation 28 [1/1] (0.00ns)   --->   "%layer19_out = alloca i64 1"   --->   Operation 28 'alloca' 'layer19_out' <Predicate = true> <Delay = 0.00> <CoreInst = "FIFO">   --->   Core 78 'FIFO' <Latency = 0> <II = 1> <Delay = 1.23> <Storage> <Opcode : 'read' 'write' 'nbread' 'nbwrite'> <Ports = 0> <Width = 16> <Depth = 150> <FIFO>
ST_1 : Operation 29 [1/1] (0.00ns)   --->   "%layer2_out = alloca i64 1"   --->   Operation 29 'alloca' 'layer2_out' <Predicate = true> <Delay = 0.00> <CoreInst = "FIFO">   --->   Core 78 'FIFO' <Latency = 0> <II = 1> <Delay = 1.23> <Storage> <Opcode : 'read' 'write' 'nbread' 'nbwrite'> <Ports = 0> <Width = 128> <Depth = 104> <FIFO>
ST_1 : Operation 30 [1/1] (0.00ns)   --->   "%layer4_out = alloca i64 1"   --->   Operation 30 'alloca' 'layer4_out' <Predicate = true> <Delay = 0.00> <CoreInst = "FIFO">   --->   Core 78 'FIFO' <Latency = 0> <II = 1> <Delay = 1.23> <Storage> <Opcode : 'read' 'write' 'nbread' 'nbwrite'> <Ports = 0> <Width = 80> <Depth = 104> <FIFO>
ST_1 : Operation 31 [1/1] (0.00ns)   --->   "%layer5_out = alloca i64 1"   --->   Operation 31 'alloca' 'layer5_out' <Predicate = true> <Delay = 0.00> <CoreInst = "FIFO">   --->   Core 78 'FIFO' <Latency = 0> <II = 1> <Delay = 1.23> <Storage> <Opcode : 'read' 'write' 'nbread' 'nbwrite'> <Ports = 0> <Width = 128> <Depth = 24> <FIFO>
ST_1 : Operation 32 [1/1] (0.00ns)   --->   "%layer20_out = alloca i64 1"   --->   Operation 32 'alloca' 'layer20_out' <Predicate = true> <Delay = 0.00> <CoreInst = "FIFO">   --->   Core 78 'FIFO' <Latency = 0> <II = 1> <Delay = 1.06> <Storage> <Opcode : 'read' 'write' 'nbread' 'nbwrite'> <Ports = 0> <Width = 128> <Depth = 48> <FIFO>
ST_1 : Operation 33 [1/1] (0.00ns)   --->   "%layer6_out = alloca i64 1"   --->   Operation 33 'alloca' 'layer6_out' <Predicate = true> <Delay = 0.00> <CoreInst = "FIFO">   --->   Core 78 'FIFO' <Latency = 0> <II = 1> <Delay = 1.25> <Storage> <Opcode : 'read' 'write' 'nbread' 'nbwrite'> <Ports = 0> <Width = 208> <Depth = 24> <FIFO>
ST_1 : Operation 34 [1/1] (0.00ns)   --->   "%layer8_out = alloca i64 1"   --->   Operation 34 'alloca' 'layer8_out' <Predicate = true> <Delay = 0.00> <CoreInst = "FIFO">   --->   Core 78 'FIFO' <Latency = 0> <II = 1> <Delay = 1.25> <Storage> <Opcode : 'read' 'write' 'nbread' 'nbwrite'> <Ports = 0> <Width = 130> <Depth = 24> <FIFO>
ST_1 : Operation 35 [1/1] (0.00ns)   --->   "%layer9_out = alloca i64 1"   --->   Operation 35 'alloca' 'layer9_out' <Predicate = true> <Delay = 0.00> <CoreInst = "FIFO">   --->   Core 78 'FIFO' <Latency = 0> <II = 1> <Delay = 1.06> <Storage> <Opcode : 'read' 'write' 'nbread' 'nbwrite'> <Ports = 0> <Width = 208> <Depth = 6> <FIFO>
ST_1 : Operation 36 [1/1] (0.00ns)   --->   "%layer12_out = alloca i64 1"   --->   Operation 36 'alloca' 'layer12_out' <Predicate = true> <Delay = 0.00> <CoreInst = "FIFO_SRL">   --->   Core 81 'FIFO_SRL' <Latency = 0> <II = 1> <Delay = 1.33> <Storage> <Opcode : 'read' 'write' 'nbread' 'nbwrite'> <Ports = 0> <Width = 1264> <Depth = 1> <FIFO>
ST_1 : Operation 37 [1/1] (0.00ns)   --->   "%layer13_out = alloca i64 1"   --->   Operation 37 'alloca' 'layer13_out' <Predicate = true> <Delay = 0.00> <CoreInst = "FIFO_SRL">   --->   Core 81 'FIFO_SRL' <Latency = 0> <II = 1> <Delay = 1.42> <Storage> <Opcode : 'read' 'write' 'nbread' 'nbwrite'> <Ports = 0> <Width = 208> <Depth = 1> <FIFO>
ST_1 : Operation 38 [1/1] (0.00ns)   --->   "%layer15_out = alloca i64 1"   --->   Operation 38 'alloca' 'layer15_out' <Predicate = true> <Delay = 0.00> <CoreInst = "FIFO_SRL">   --->   Core 81 'FIFO_SRL' <Latency = 0> <II = 1> <Delay = 1.42> <Storage> <Opcode : 'read' 'write' 'nbread' 'nbwrite'> <Ports = 0> <Width = 130> <Depth = 1> <FIFO>
ST_1 : Operation 39 [1/1] (0.00ns)   --->   "%layer16_out = alloca i64 1"   --->   Operation 39 'alloca' 'layer16_out' <Predicate = true> <Delay = 0.00> <CoreInst = "FIFO_SRL">   --->   Core 81 'FIFO_SRL' <Latency = 0> <II = 1> <Delay = 1.34> <Storage> <Opcode : 'read' 'write' 'nbread' 'nbwrite'> <Ports = 0> <Width = 16> <Depth = 1> <FIFO>

State 2 <SV = 1> <Delay = 0.00>
ST_2 : Operation 40 [2/2] (0.00ns)   --->   "%call_ln39 = call void @zeropad2d_cl<array<ap_fixed,1u>,array<ap_fixed<16,6,5,3,0>,1u>,config19>, i16 %y_profile_input, i16 %layer19_out" [firmware/myproject.cpp:39]   --->   Operation 40 'call' 'call_ln39' <Predicate = true> <Delay = 0.00> <CoreType = "Generic">   --->   Core 0 '' <Latency = 0> <II = 1> <Delay = 1.00> <Generic> <Opcode : >

State 3 <SV = 2> <Delay = 0.00>
ST_3 : Operation 41 [1/2] (0.00ns)   --->   "%call_ln39 = call void @zeropad2d_cl<array<ap_fixed,1u>,array<ap_fixed<16,6,5,3,0>,1u>,config19>, i16 %y_profile_input, i16 %layer19_out" [firmware/myproject.cpp:39]   --->   Operation 41 'call' 'call_ln39' <Predicate = true> <Delay = 0.00> <CoreType = "Generic">   --->   Core 0 '' <Latency = 0> <II = 1> <Delay = 1.00> <Generic> <Opcode : >

State 4 <SV = 3> <Delay = 0.00>
ST_4 : Operation 42 [2/2] (0.00ns)   --->   "%call_ln43 = call void @conv_2d_cl<array<ap_fixed,1u>,array<ap_fixed<16,6,5,3,0>,8u>,config2>, i16 %layer19_out, i128 %layer2_out, i16 %void_compute_output_buffer_2d_array_const_ap_shift_reg_n_chan_stream_weig_17, i16 %void_compute_output_buffer_2d_array_const_ap_shift_reg_n_chan_stream_weig_14, i16 %void_compute_output_buffer_2d_array_const_ap_shift_reg_n_chan_stream_weig_11, i16 %void_compute_output_buffer_2d_array_const_ap_shift_reg_n_chan_stream_weig_16, i16 %void_compute_output_buffer_2d_array_const_ap_shift_reg_n_chan_stream_weig_13, i16 %void_compute_output_buffer_2d_array_const_ap_shift_reg_n_chan_stream_weig_10, i16 %void_compute_output_buffer_2d_array_const_ap_shift_reg_n_chan_stream_weig_18, i16 %void_compute_output_buffer_2d_array_const_ap_shift_reg_n_chan_stream_weig_15, i16 %void_compute_output_buffer_2d_array_const_ap_shift_reg_n_chan_stream_weig_12, i16 %void_conv_2d_buffer_resource_cl_stream_stream_weight_t_bias_t_line_buffer_1, i16 %void_conv_2d_buffer_resource_cl_stream_stream_weight_t_bias_t_line_buffer, i32 %sX_3, i32 %sY_3, i32 %pY_3, i32 %pX_3" [firmware/myproject.cpp:43]   --->   Operation 42 'call' 'call_ln43' <Predicate = true> <Delay = 0.00> <CoreType = "Generic">   --->   Core 0 '' <Latency = 0> <II = 1> <Delay = 1.00> <Generic> <Opcode : >

State 5 <SV = 4> <Delay = 0.00>
ST_5 : Operation 43 [1/2] (0.00ns)   --->   "%call_ln43 = call void @conv_2d_cl<array<ap_fixed,1u>,array<ap_fixed<16,6,5,3,0>,8u>,config2>, i16 %layer19_out, i128 %layer2_out, i16 %void_compute_output_buffer_2d_array_const_ap_shift_reg_n_chan_stream_weig_17, i16 %void_compute_output_buffer_2d_array_const_ap_shift_reg_n_chan_stream_weig_14, i16 %void_compute_output_buffer_2d_array_const_ap_shift_reg_n_chan_stream_weig_11, i16 %void_compute_output_buffer_2d_array_const_ap_shift_reg_n_chan_stream_weig_16, i16 %void_compute_output_buffer_2d_array_const_ap_shift_reg_n_chan_stream_weig_13, i16 %void_compute_output_buffer_2d_array_const_ap_shift_reg_n_chan_stream_weig_10, i16 %void_compute_output_buffer_2d_array_const_ap_shift_reg_n_chan_stream_weig_18, i16 %void_compute_output_buffer_2d_array_const_ap_shift_reg_n_chan_stream_weig_15, i16 %void_compute_output_buffer_2d_array_const_ap_shift_reg_n_chan_stream_weig_12, i16 %void_conv_2d_buffer_resource_cl_stream_stream_weight_t_bias_t_line_buffer_1, i16 %void_conv_2d_buffer_resource_cl_stream_stream_weight_t_bias_t_line_buffer, i32 %sX_3, i32 %sY_3, i32 %pY_3, i32 %pX_3" [firmware/myproject.cpp:43]   --->   Operation 43 'call' 'call_ln43' <Predicate = true> <Delay = 0.00> <CoreType = "Generic">   --->   Core 0 '' <Latency = 0> <II = 1> <Delay = 1.00> <Generic> <Opcode : >

State 6 <SV = 5> <Delay = 0.00>
ST_6 : Operation 44 [2/2] (0.00ns)   --->   "%call_ln47 = call void @relu<array<ap_fixed,8u>,array<ap_ufixed<10,0,4,0,0>,8u>,relu_config4>, i128 %layer2_out, i80 %layer4_out" [firmware/myproject.cpp:47]   --->   Operation 44 'call' 'call_ln47' <Predicate = true> <Delay = 0.00> <CoreType = "Generic">   --->   Core 0 '' <Latency = 0> <II = 1> <Delay = 1.00> <Generic> <Opcode : >

State 7 <SV = 6> <Delay = 0.00>
ST_7 : Operation 45 [1/2] (0.00ns)   --->   "%call_ln47 = call void @relu<array<ap_fixed,8u>,array<ap_ufixed<10,0,4,0,0>,8u>,relu_config4>, i128 %layer2_out, i80 %layer4_out" [firmware/myproject.cpp:47]   --->   Operation 45 'call' 'call_ln47' <Predicate = true> <Delay = 0.00> <CoreType = "Generic">   --->   Core 0 '' <Latency = 0> <II = 1> <Delay = 1.00> <Generic> <Opcode : >

State 8 <SV = 7> <Delay = 0.00>
ST_8 : Operation 46 [2/2] (0.00ns)   --->   "%call_ln51 = call void @pooling2d_cl<array<ap_ufixed,8u>,array<ap_fixed<16,6,5,3,0>,8u>,config5>, i80 %layer4_out, i128 %layer5_out, i32 %sY, i32 %pY, i32 %pX, i32 %sX, i10 %void_compute_pool_buffer_2d_array_const_ap_shift_reg_n_filt_stream_kernel_1, i10 %void_compute_pool_buffer_2d_array_const_ap_shift_reg_n_filt_stream_kernel, i10 %p_ZZN4nnet22compute_pool_buffer_2dINS_5arrayI9ap_ufixedILi10ELi0EL9ap_q_mode4EL9a_13, i10 %p_ZZN4nnet22compute_pool_buffer_2dINS_5arrayI9ap_ufixedILi10ELi0EL9ap_q_mode4EL9a_12, i10 %p_ZZN4nnet22compute_pool_buffer_2dINS_5arrayI9ap_ufixedILi10ELi0EL9ap_q_mode4EL9a_11, i10 %p_ZZN4nnet22compute_pool_buffer_2dINS_5arrayI9ap_ufixedILi10ELi0EL9ap_q_mode4EL9a_10, i10 %p_ZZN4nnet22compute_pool_buffer_2dINS_5arrayI9ap_ufixedILi10ELi0EL9ap_q_mode4EL9a_9, i10 %p_ZZN4nnet22compute_pool_buffer_2dINS_5arrayI9ap_ufixedILi10ELi0EL9ap_q_mode4EL9a_8, i10 %p_ZZN4nnet22compute_pool_buffer_2dINS_5arrayI9ap_ufixedILi10ELi0EL9ap_q_mode4EL9a_7, i10 %p_ZZN4nnet22compute_pool_buffer_2dINS_5arrayI9ap_ufixedILi10ELi0EL9ap_q_mode4EL9a_6, i10 %p_ZZN4nnet22compute_pool_buffer_2dINS_5arrayI9ap_ufixedILi10ELi0EL9ap_q_mode4EL9a_5, i10 %p_ZZN4nnet22compute_pool_buffer_2dINS_5arrayI9ap_ufixedILi10ELi0EL9ap_q_mode4EL9a_4, i10 %p_ZZN4nnet22compute_pool_buffer_2dINS_5arrayI9ap_ufixedILi10ELi0EL9ap_q_mode4EL9a_3, i10 %p_ZZN4nnet22compute_pool_buffer_2dINS_5arrayI9ap_ufixedILi10ELi0EL9ap_q_mode4EL9a_2, i10 %p_ZZN4nnet22compute_pool_buffer_2dINS_5arrayI9ap_ufixedILi10ELi0EL9ap_q_mode4EL9a_1, i10 %p_ZZN4nnet22compute_pool_buffer_2dINS_5arrayI9ap_ufixedILi10ELi0EL9ap_q_mode4EL9a, i10 %void_pooling2d_cl_stream_stream_array_ap_fixed_8u_0_line_buffer_7, i10 %void_pooling2d_cl_stream_stream_array_ap_fixed_8u_0_line_buffer_6, i10 %void_pooling2d_cl_stream_stream_array_ap_fixed_8u_0_line_buffer_5, i10 %void_pooling2d_cl_stream_stream_array_ap_fixed_8u_0_line_buffer_4, i10 %void_pooling2d_cl_stream_stream_array_ap_fixed_8u_0_line_buffer_3, i10 %void_pooling2d_cl_stream_stream_array_ap_fixed_8u_0_line_buffer_2, i10 %void_pooling2d_cl_stream_stream_array_ap_fixed_8u_0_line_buffer_1, i10 %void_pooling2d_cl_stream_stream_array_ap_fixed_8u_0_line_buffer" [firmware/myproject.cpp:51]   --->   Operation 46 'call' 'call_ln51' <Predicate = true> <Delay = 0.00> <CoreType = "Generic">   --->   Core 0 '' <Latency = 0> <II = 1> <Delay = 1.00> <Generic> <Opcode : >

State 9 <SV = 8> <Delay = 0.00>
ST_9 : Operation 47 [1/2] (0.00ns)   --->   "%call_ln51 = call void @pooling2d_cl<array<ap_ufixed,8u>,array<ap_fixed<16,6,5,3,0>,8u>,config5>, i80 %layer4_out, i128 %layer5_out, i32 %sY, i32 %pY, i32 %pX, i32 %sX, i10 %void_compute_pool_buffer_2d_array_const_ap_shift_reg_n_filt_stream_kernel_1, i10 %void_compute_pool_buffer_2d_array_const_ap_shift_reg_n_filt_stream_kernel, i10 %p_ZZN4nnet22compute_pool_buffer_2dINS_5arrayI9ap_ufixedILi10ELi0EL9ap_q_mode4EL9a_13, i10 %p_ZZN4nnet22compute_pool_buffer_2dINS_5arrayI9ap_ufixedILi10ELi0EL9ap_q_mode4EL9a_12, i10 %p_ZZN4nnet22compute_pool_buffer_2dINS_5arrayI9ap_ufixedILi10ELi0EL9ap_q_mode4EL9a_11, i10 %p_ZZN4nnet22compute_pool_buffer_2dINS_5arrayI9ap_ufixedILi10ELi0EL9ap_q_mode4EL9a_10, i10 %p_ZZN4nnet22compute_pool_buffer_2dINS_5arrayI9ap_ufixedILi10ELi0EL9ap_q_mode4EL9a_9, i10 %p_ZZN4nnet22compute_pool_buffer_2dINS_5arrayI9ap_ufixedILi10ELi0EL9ap_q_mode4EL9a_8, i10 %p_ZZN4nnet22compute_pool_buffer_2dINS_5arrayI9ap_ufixedILi10ELi0EL9ap_q_mode4EL9a_7, i10 %p_ZZN4nnet22compute_pool_buffer_2dINS_5arrayI9ap_ufixedILi10ELi0EL9ap_q_mode4EL9a_6, i10 %p_ZZN4nnet22compute_pool_buffer_2dINS_5arrayI9ap_ufixedILi10ELi0EL9ap_q_mode4EL9a_5, i10 %p_ZZN4nnet22compute_pool_buffer_2dINS_5arrayI9ap_ufixedILi10ELi0EL9ap_q_mode4EL9a_4, i10 %p_ZZN4nnet22compute_pool_buffer_2dINS_5arrayI9ap_ufixedILi10ELi0EL9ap_q_mode4EL9a_3, i10 %p_ZZN4nnet22compute_pool_buffer_2dINS_5arrayI9ap_ufixedILi10ELi0EL9ap_q_mode4EL9a_2, i10 %p_ZZN4nnet22compute_pool_buffer_2dINS_5arrayI9ap_ufixedILi10ELi0EL9ap_q_mode4EL9a_1, i10 %p_ZZN4nnet22compute_pool_buffer_2dINS_5arrayI9ap_ufixedILi10ELi0EL9ap_q_mode4EL9a, i10 %void_pooling2d_cl_stream_stream_array_ap_fixed_8u_0_line_buffer_7, i10 %void_pooling2d_cl_stream_stream_array_ap_fixed_8u_0_line_buffer_6, i10 %void_pooling2d_cl_stream_stream_array_ap_fixed_8u_0_line_buffer_5, i10 %void_pooling2d_cl_stream_stream_array_ap_fixed_8u_0_line_buffer_4, i10 %void_pooling2d_cl_stream_stream_array_ap_fixed_8u_0_line_buffer_3, i10 %void_pooling2d_cl_stream_stream_array_ap_fixed_8u_0_line_buffer_2, i10 %void_pooling2d_cl_stream_stream_array_ap_fixed_8u_0_line_buffer_1, i10 %void_pooling2d_cl_stream_stream_array_ap_fixed_8u_0_line_buffer" [firmware/myproject.cpp:51]   --->   Operation 47 'call' 'call_ln51' <Predicate = true> <Delay = 0.00> <CoreType = "Generic">   --->   Core 0 '' <Latency = 0> <II = 1> <Delay = 1.00> <Generic> <Opcode : >

State 10 <SV = 9> <Delay = 0.00>
ST_10 : Operation 48 [2/2] (0.00ns)   --->   "%call_ln55 = call void @zeropad2d_cl<array<ap_fixed,8u>,array<ap_fixed<16,6,5,3,0>,8u>,config20>, i128 %layer5_out, i128 %layer20_out" [firmware/myproject.cpp:55]   --->   Operation 48 'call' 'call_ln55' <Predicate = true> <Delay = 0.00> <CoreType = "Generic">   --->   Core 0 '' <Latency = 0> <II = 1> <Delay = 1.00> <Generic> <Opcode : >

State 11 <SV = 10> <Delay = 0.00>
ST_11 : Operation 49 [1/2] (0.00ns)   --->   "%call_ln55 = call void @zeropad2d_cl<array<ap_fixed,8u>,array<ap_fixed<16,6,5,3,0>,8u>,config20>, i128 %layer5_out, i128 %layer20_out" [firmware/myproject.cpp:55]   --->   Operation 49 'call' 'call_ln55' <Predicate = true> <Delay = 0.00> <CoreType = "Generic">   --->   Core 0 '' <Latency = 0> <II = 1> <Delay = 1.00> <Generic> <Opcode : >

State 12 <SV = 11> <Delay = 0.00>
ST_12 : Operation 50 [2/2] (0.00ns)   --->   "%call_ln59 = call void @conv_2d_cl<array<ap_fixed,8u>,array<ap_fixed<16,6,5,3,0>,13u>,config6>, i128 %layer20_out, i208 %layer6_out, i16 %void_compute_output_buffer_2d_array_const_ap_shift_reg_n_chan_stream_weig_1, i16 %void_compute_output_buffer_2d_array_const_ap_shift_reg_n_chan_stream_weig, i16 %p_ZZN4nnet24compute_output_buffer_2dINS_5arrayI8ap_fixedILi16ELi6EL9ap_q_mode5EL9_61, i16 %p_ZZN4nnet24compute_output_buffer_2dINS_5arrayI8ap_fixedILi16ELi6EL9ap_q_mode5EL9_60, i16 %p_ZZN4nnet24compute_output_buffer_2dINS_5arrayI8ap_fixedILi16ELi6EL9ap_q_mode5EL9_59, i16 %p_ZZN4nnet24compute_output_buffer_2dINS_5arrayI8ap_fixedILi16ELi6EL9ap_q_mode5EL9_58, i16 %p_ZZN4nnet24compute_output_buffer_2dINS_5arrayI8ap_fixedILi16ELi6EL9ap_q_mode5EL9_57, i16 %p_ZZN4nnet24compute_output_buffer_2dINS_5arrayI8ap_fixedILi16ELi6EL9ap_q_mode5EL9_56, i16 %p_ZZN4nnet24compute_output_buffer_2dINS_5arrayI8ap_fixedILi16ELi6EL9ap_q_mode5EL9_39, i16 %p_ZZN4nnet24compute_output_buffer_2dINS_5arrayI8ap_fixedILi16ELi6EL9ap_q_mode5EL9_38, i16 %p_ZZN4nnet24compute_output_buffer_2dINS_5arrayI8ap_fixedILi16ELi6EL9ap_q_mode5EL9_37, i16 %p_ZZN4nnet24compute_output_buffer_2dINS_5arrayI8ap_fixedILi16ELi6EL9ap_q_mode5EL9_36, i16 %p_ZZN4nnet24compute_output_buffer_2dINS_5arrayI8ap_fixedILi16ELi6EL9ap_q_mode5EL9_35, i16 %p_ZZN4nnet24compute_output_buffer_2dINS_5arrayI8ap_fixedILi16ELi6EL9ap_q_mode5EL9_34, i16 %p_ZZN4nnet24compute_output_buffer_2dINS_5arrayI8ap_fixedILi16ELi6EL9ap_q_mode5EL9_33, i16 %p_ZZN4nnet24compute_output_buffer_2dINS_5arrayI8ap_fixedILi16ELi6EL9ap_q_mode5EL9_32, i16 %p_ZZN4nnet24compute_output_buffer_2dINS_5arrayI8ap_fixedILi16ELi6EL9ap_q_mode5EL9_15, i16 %p_ZZN4nnet24compute_output_buffer_2dINS_5arrayI8ap_fixedILi16ELi6EL9ap_q_mode5EL9_14, i16 %p_ZZN4nnet24compute_output_buffer_2dINS_5arrayI8ap_fixedILi16ELi6EL9ap_q_mode5EL9_13, i16 %p_ZZN4nnet24compute_output_buffer_2dINS_5arrayI8ap_fixedILi16ELi6EL9ap_q_mode5EL9_12, i16 %p_ZZN4nnet24compute_output_buffer_2dINS_5arrayI8ap_fixedILi16ELi6EL9ap_q_mode5EL9_11, i16 %p_ZZN4nnet24compute_output_buffer_2dINS_5arrayI8ap_fixedILi16ELi6EL9ap_q_mode5EL9_10, i16 %p_ZZN4nnet24compute_output_buffer_2dINS_5arrayI8ap_fixedILi16ELi6EL9ap_q_mode5EL9_9, i16 %p_ZZN4nnet24compute_output_buffer_2dINS_5arrayI8ap_fixedILi16ELi6EL9ap_q_mode5EL9_8, i16 %p_ZZN4nnet24compute_output_buffer_2dINS_5arrayI8ap_fixedILi16ELi6EL9ap_q_mode5EL9_55, i16 %p_ZZN4nnet24compute_output_buffer_2dINS_5arrayI8ap_fixedILi16ELi6EL9ap_q_mode5EL9_54, i16 %p_ZZN4nnet24compute_output_buffer_2dINS_5arrayI8ap_fixedILi16ELi6EL9ap_q_mode5EL9_53, i16 %p_ZZN4nnet24compute_output_buffer_2dINS_5arrayI8ap_fixedILi16ELi6EL9ap_q_mode5EL9_52, i16 %p_ZZN4nnet24compute_output_buffer_2dINS_5arrayI8ap_fixedILi16ELi6EL9ap_q_mode5EL9_51, i16 %p_ZZN4nnet24compute_output_buffer_2dINS_5arrayI8ap_fixedILi16ELi6EL9ap_q_mode5EL9_50, i16 %p_ZZN4nnet24compute_output_buffer_2dINS_5arrayI8ap_fixedILi16ELi6EL9ap_q_mode5EL9_49, i16 %p_ZZN4nnet24compute_output_buffer_2dINS_5arrayI8ap_fixedILi16ELi6EL9ap_q_mode5EL9_48, i16 %p_ZZN4nnet24compute_output_buffer_2dINS_5arrayI8ap_fixedILi16ELi6EL9ap_q_mode5EL9_31, i16 %p_ZZN4nnet24compute_output_buffer_2dINS_5arrayI8ap_fixedILi16ELi6EL9ap_q_mode5EL9_30, i16 %p_ZZN4nnet24compute_output_buffer_2dINS_5arrayI8ap_fixedILi16ELi6EL9ap_q_mode5EL9_29, i16 %p_ZZN4nnet24compute_output_buffer_2dINS_5arrayI8ap_fixedILi16ELi6EL9ap_q_mode5EL9_28, i16 %p_ZZN4nnet24compute_output_buffer_2dINS_5arrayI8ap_fixedILi16ELi6EL9ap_q_mode5EL9_27, i16 %p_ZZN4nnet24compute_output_buffer_2dINS_5arrayI8ap_fixedILi16ELi6EL9ap_q_mode5EL9_26, i16 %p_ZZN4nnet24compute_output_buffer_2dINS_5arrayI8ap_fixedILi16ELi6EL9ap_q_mode5EL9_25, i16 %p_ZZN4nnet24compute_output_buffer_2dINS_5arrayI8ap_fixedILi16ELi6EL9ap_q_mode5EL9_24, i16 %p_ZZN4nnet24compute_output_buffer_2dINS_5arrayI8ap_fixedILi16ELi6EL9ap_q_mode5EL9_7, i16 %p_ZZN4nnet24compute_output_buffer_2dINS_5arrayI8ap_fixedILi16ELi6EL9ap_q_mode5EL9_6, i16 %p_ZZN4nnet24compute_output_buffer_2dINS_5arrayI8ap_fixedILi16ELi6EL9ap_q_mode5EL9_5, i16 %p_ZZN4nnet24compute_output_buffer_2dINS_5arrayI8ap_fixedILi16ELi6EL9ap_q_mode5EL9_4, i16 %p_ZZN4nnet24compute_output_buffer_2dINS_5arrayI8ap_fixedILi16ELi6EL9ap_q_mode5EL9_3, i16 %p_ZZN4nnet24compute_output_buffer_2dINS_5arrayI8ap_fixedILi16ELi6EL9ap_q_mode5EL9_2, i16 %p_ZZN4nnet24compute_output_buffer_2dINS_5arrayI8ap_fixedILi16ELi6EL9ap_q_mode5EL9_1, i16 %p_ZZN4nnet24compute_output_buffer_2dINS_5arrayI8ap_fixedILi16ELi6EL9ap_q_mode5EL9, i16 %void_compute_output_buffer_2d_array_const_ap_shift_reg_n_chan_stream_weig_9, i16 %void_compute_output_buffer_2d_array_const_ap_shift_reg_n_chan_stream_weig_8, i16 %void_compute_output_buffer_2d_array_const_ap_shift_reg_n_chan_stream_weig_7, i16 %void_compute_output_buffer_2d_array_const_ap_shift_reg_n_chan_stream_weig_6, i16 %void_compute_output_buffer_2d_array_const_ap_shift_reg_n_chan_stream_weig_5, i16 %void_compute_output_buffer_2d_array_const_ap_shift_reg_n_chan_stream_weig_4, i16 %void_compute_output_buffer_2d_array_const_ap_shift_reg_n_chan_stream_weig_3, i16 %void_compute_output_buffer_2d_array_const_ap_shift_reg_n_chan_stream_weig_2, i16 %p_ZZN4nnet24compute_output_buffer_2dINS_5arrayI8ap_fixedILi16ELi6EL9ap_q_mode5EL9_47, i16 %p_ZZN4nnet24compute_output_buffer_2dINS_5arrayI8ap_fixedILi16ELi6EL9ap_q_mode5EL9_46, i16 %p_ZZN4nnet24compute_output_buffer_2dINS_5arrayI8ap_fixedILi16ELi6EL9ap_q_mode5EL9_45, i16 %p_ZZN4nnet24compute_output_buffer_2dINS_5arrayI8ap_fixedILi16ELi6EL9ap_q_mode5EL9_44, i16 %p_ZZN4nnet24compute_output_buffer_2dINS_5arrayI8ap_fixedILi16ELi6EL9ap_q_mode5EL9_43, i16 %p_ZZN4nnet24compute_output_buffer_2dINS_5arrayI8ap_fixedILi16ELi6EL9ap_q_mode5EL9_42, i16 %p_ZZN4nnet24compute_output_buffer_2dINS_5arrayI8ap_fixedILi16ELi6EL9ap_q_mode5EL9_41, i16 %p_ZZN4nnet24compute_output_buffer_2dINS_5arrayI8ap_fixedILi16ELi6EL9ap_q_mode5EL9_40, i16 %p_ZZN4nnet24compute_output_buffer_2dINS_5arrayI8ap_fixedILi16ELi6EL9ap_q_mode5EL9_23, i16 %p_ZZN4nnet24compute_output_buffer_2dINS_5arrayI8ap_fixedILi16ELi6EL9ap_q_mode5EL9_22, i16 %p_ZZN4nnet24compute_output_buffer_2dINS_5arrayI8ap_fixedILi16ELi6EL9ap_q_mode5EL9_21, i16 %p_ZZN4nnet24compute_output_buffer_2dINS_5arrayI8ap_fixedILi16ELi6EL9ap_q_mode5EL9_20, i16 %p_ZZN4nnet24compute_output_buffer_2dINS_5arrayI8ap_fixedILi16ELi6EL9ap_q_mode5EL9_19, i16 %p_ZZN4nnet24compute_output_buffer_2dINS_5arrayI8ap_fixedILi16ELi6EL9ap_q_mode5EL9_18, i16 %p_ZZN4nnet24compute_output_buffer_2dINS_5arrayI8ap_fixedILi16ELi6EL9ap_q_mode5EL9_17, i16 %p_ZZN4nnet24compute_output_buffer_2dINS_5arrayI8ap_fixedILi16ELi6EL9ap_q_mode5EL9_16, i16 %p_ZZN4nnet26conv_2d_buffer_resource_clINS_5arrayI8ap_fixedILi16ELi6EL9ap_q_mode5E_15, i16 %p_ZZN4nnet26conv_2d_buffer_resource_clINS_5arrayI8ap_fixedILi16ELi6EL9ap_q_mode5E_7, i16 %p_ZZN4nnet26conv_2d_buffer_resource_clINS_5arrayI8ap_fixedILi16ELi6EL9ap_q_mode5E_14, i16 %p_ZZN4nnet26conv_2d_buffer_resource_clINS_5arrayI8ap_fixedILi16ELi6EL9ap_q_mode5E_6, i16 %p_ZZN4nnet26conv_2d_buffer_resource_clINS_5arrayI8ap_fixedILi16ELi6EL9ap_q_mode5E_13, i16 %p_ZZN4nnet26conv_2d_buffer_resource_clINS_5arrayI8ap_fixedILi16ELi6EL9ap_q_mode5E_5, i16 %p_ZZN4nnet26conv_2d_buffer_resource_clINS_5arrayI8ap_fixedILi16ELi6EL9ap_q_mode5E_12, i16 %p_ZZN4nnet26conv_2d_buffer_resource_clINS_5arrayI8ap_fixedILi16ELi6EL9ap_q_mode5E_4, i16 %p_ZZN4nnet26conv_2d_buffer_resource_clINS_5arrayI8ap_fixedILi16ELi6EL9ap_q_mode5E_11, i16 %p_ZZN4nnet26conv_2d_buffer_resource_clINS_5arrayI8ap_fixedILi16ELi6EL9ap_q_mode5E_3, i16 %p_ZZN4nnet26conv_2d_buffer_resource_clINS_5arrayI8ap_fixedILi16ELi6EL9ap_q_mode5E_10, i16 %p_ZZN4nnet26conv_2d_buffer_resource_clINS_5arrayI8ap_fixedILi16ELi6EL9ap_q_mode5E_2, i16 %p_ZZN4nnet26conv_2d_buffer_resource_clINS_5arrayI8ap_fixedILi16ELi6EL9ap_q_mode5E_9, i16 %p_ZZN4nnet26conv_2d_buffer_resource_clINS_5arrayI8ap_fixedILi16ELi6EL9ap_q_mode5E_1, i16 %p_ZZN4nnet26conv_2d_buffer_resource_clINS_5arrayI8ap_fixedILi16ELi6EL9ap_q_mode5E_8, i16 %p_ZZN4nnet26conv_2d_buffer_resource_clINS_5arrayI8ap_fixedILi16ELi6EL9ap_q_mode5E, i32 %sX_2, i32 %sY_2, i32 %pY_2, i32 %pX_2" [firmware/myproject.cpp:59]   --->   Operation 50 'call' 'call_ln59' <Predicate = true> <Delay = 0.00> <CoreType = "Generic">   --->   Core 0 '' <Latency = 0> <II = 1> <Delay = 1.00> <Generic> <Opcode : >

State 13 <SV = 12> <Delay = 0.00>
ST_13 : Operation 51 [1/2] (0.00ns)   --->   "%call_ln59 = call void @conv_2d_cl<array<ap_fixed,8u>,array<ap_fixed<16,6,5,3,0>,13u>,config6>, i128 %layer20_out, i208 %layer6_out, i16 %void_compute_output_buffer_2d_array_const_ap_shift_reg_n_chan_stream_weig_1, i16 %void_compute_output_buffer_2d_array_const_ap_shift_reg_n_chan_stream_weig, i16 %p_ZZN4nnet24compute_output_buffer_2dINS_5arrayI8ap_fixedILi16ELi6EL9ap_q_mode5EL9_61, i16 %p_ZZN4nnet24compute_output_buffer_2dINS_5arrayI8ap_fixedILi16ELi6EL9ap_q_mode5EL9_60, i16 %p_ZZN4nnet24compute_output_buffer_2dINS_5arrayI8ap_fixedILi16ELi6EL9ap_q_mode5EL9_59, i16 %p_ZZN4nnet24compute_output_buffer_2dINS_5arrayI8ap_fixedILi16ELi6EL9ap_q_mode5EL9_58, i16 %p_ZZN4nnet24compute_output_buffer_2dINS_5arrayI8ap_fixedILi16ELi6EL9ap_q_mode5EL9_57, i16 %p_ZZN4nnet24compute_output_buffer_2dINS_5arrayI8ap_fixedILi16ELi6EL9ap_q_mode5EL9_56, i16 %p_ZZN4nnet24compute_output_buffer_2dINS_5arrayI8ap_fixedILi16ELi6EL9ap_q_mode5EL9_39, i16 %p_ZZN4nnet24compute_output_buffer_2dINS_5arrayI8ap_fixedILi16ELi6EL9ap_q_mode5EL9_38, i16 %p_ZZN4nnet24compute_output_buffer_2dINS_5arrayI8ap_fixedILi16ELi6EL9ap_q_mode5EL9_37, i16 %p_ZZN4nnet24compute_output_buffer_2dINS_5arrayI8ap_fixedILi16ELi6EL9ap_q_mode5EL9_36, i16 %p_ZZN4nnet24compute_output_buffer_2dINS_5arrayI8ap_fixedILi16ELi6EL9ap_q_mode5EL9_35, i16 %p_ZZN4nnet24compute_output_buffer_2dINS_5arrayI8ap_fixedILi16ELi6EL9ap_q_mode5EL9_34, i16 %p_ZZN4nnet24compute_output_buffer_2dINS_5arrayI8ap_fixedILi16ELi6EL9ap_q_mode5EL9_33, i16 %p_ZZN4nnet24compute_output_buffer_2dINS_5arrayI8ap_fixedILi16ELi6EL9ap_q_mode5EL9_32, i16 %p_ZZN4nnet24compute_output_buffer_2dINS_5arrayI8ap_fixedILi16ELi6EL9ap_q_mode5EL9_15, i16 %p_ZZN4nnet24compute_output_buffer_2dINS_5arrayI8ap_fixedILi16ELi6EL9ap_q_mode5EL9_14, i16 %p_ZZN4nnet24compute_output_buffer_2dINS_5arrayI8ap_fixedILi16ELi6EL9ap_q_mode5EL9_13, i16 %p_ZZN4nnet24compute_output_buffer_2dINS_5arrayI8ap_fixedILi16ELi6EL9ap_q_mode5EL9_12, i16 %p_ZZN4nnet24compute_output_buffer_2dINS_5arrayI8ap_fixedILi16ELi6EL9ap_q_mode5EL9_11, i16 %p_ZZN4nnet24compute_output_buffer_2dINS_5arrayI8ap_fixedILi16ELi6EL9ap_q_mode5EL9_10, i16 %p_ZZN4nnet24compute_output_buffer_2dINS_5arrayI8ap_fixedILi16ELi6EL9ap_q_mode5EL9_9, i16 %p_ZZN4nnet24compute_output_buffer_2dINS_5arrayI8ap_fixedILi16ELi6EL9ap_q_mode5EL9_8, i16 %p_ZZN4nnet24compute_output_buffer_2dINS_5arrayI8ap_fixedILi16ELi6EL9ap_q_mode5EL9_55, i16 %p_ZZN4nnet24compute_output_buffer_2dINS_5arrayI8ap_fixedILi16ELi6EL9ap_q_mode5EL9_54, i16 %p_ZZN4nnet24compute_output_buffer_2dINS_5arrayI8ap_fixedILi16ELi6EL9ap_q_mode5EL9_53, i16 %p_ZZN4nnet24compute_output_buffer_2dINS_5arrayI8ap_fixedILi16ELi6EL9ap_q_mode5EL9_52, i16 %p_ZZN4nnet24compute_output_buffer_2dINS_5arrayI8ap_fixedILi16ELi6EL9ap_q_mode5EL9_51, i16 %p_ZZN4nnet24compute_output_buffer_2dINS_5arrayI8ap_fixedILi16ELi6EL9ap_q_mode5EL9_50, i16 %p_ZZN4nnet24compute_output_buffer_2dINS_5arrayI8ap_fixedILi16ELi6EL9ap_q_mode5EL9_49, i16 %p_ZZN4nnet24compute_output_buffer_2dINS_5arrayI8ap_fixedILi16ELi6EL9ap_q_mode5EL9_48, i16 %p_ZZN4nnet24compute_output_buffer_2dINS_5arrayI8ap_fixedILi16ELi6EL9ap_q_mode5EL9_31, i16 %p_ZZN4nnet24compute_output_buffer_2dINS_5arrayI8ap_fixedILi16ELi6EL9ap_q_mode5EL9_30, i16 %p_ZZN4nnet24compute_output_buffer_2dINS_5arrayI8ap_fixedILi16ELi6EL9ap_q_mode5EL9_29, i16 %p_ZZN4nnet24compute_output_buffer_2dINS_5arrayI8ap_fixedILi16ELi6EL9ap_q_mode5EL9_28, i16 %p_ZZN4nnet24compute_output_buffer_2dINS_5arrayI8ap_fixedILi16ELi6EL9ap_q_mode5EL9_27, i16 %p_ZZN4nnet24compute_output_buffer_2dINS_5arrayI8ap_fixedILi16ELi6EL9ap_q_mode5EL9_26, i16 %p_ZZN4nnet24compute_output_buffer_2dINS_5arrayI8ap_fixedILi16ELi6EL9ap_q_mode5EL9_25, i16 %p_ZZN4nnet24compute_output_buffer_2dINS_5arrayI8ap_fixedILi16ELi6EL9ap_q_mode5EL9_24, i16 %p_ZZN4nnet24compute_output_buffer_2dINS_5arrayI8ap_fixedILi16ELi6EL9ap_q_mode5EL9_7, i16 %p_ZZN4nnet24compute_output_buffer_2dINS_5arrayI8ap_fixedILi16ELi6EL9ap_q_mode5EL9_6, i16 %p_ZZN4nnet24compute_output_buffer_2dINS_5arrayI8ap_fixedILi16ELi6EL9ap_q_mode5EL9_5, i16 %p_ZZN4nnet24compute_output_buffer_2dINS_5arrayI8ap_fixedILi16ELi6EL9ap_q_mode5EL9_4, i16 %p_ZZN4nnet24compute_output_buffer_2dINS_5arrayI8ap_fixedILi16ELi6EL9ap_q_mode5EL9_3, i16 %p_ZZN4nnet24compute_output_buffer_2dINS_5arrayI8ap_fixedILi16ELi6EL9ap_q_mode5EL9_2, i16 %p_ZZN4nnet24compute_output_buffer_2dINS_5arrayI8ap_fixedILi16ELi6EL9ap_q_mode5EL9_1, i16 %p_ZZN4nnet24compute_output_buffer_2dINS_5arrayI8ap_fixedILi16ELi6EL9ap_q_mode5EL9, i16 %void_compute_output_buffer_2d_array_const_ap_shift_reg_n_chan_stream_weig_9, i16 %void_compute_output_buffer_2d_array_const_ap_shift_reg_n_chan_stream_weig_8, i16 %void_compute_output_buffer_2d_array_const_ap_shift_reg_n_chan_stream_weig_7, i16 %void_compute_output_buffer_2d_array_const_ap_shift_reg_n_chan_stream_weig_6, i16 %void_compute_output_buffer_2d_array_const_ap_shift_reg_n_chan_stream_weig_5, i16 %void_compute_output_buffer_2d_array_const_ap_shift_reg_n_chan_stream_weig_4, i16 %void_compute_output_buffer_2d_array_const_ap_shift_reg_n_chan_stream_weig_3, i16 %void_compute_output_buffer_2d_array_const_ap_shift_reg_n_chan_stream_weig_2, i16 %p_ZZN4nnet24compute_output_buffer_2dINS_5arrayI8ap_fixedILi16ELi6EL9ap_q_mode5EL9_47, i16 %p_ZZN4nnet24compute_output_buffer_2dINS_5arrayI8ap_fixedILi16ELi6EL9ap_q_mode5EL9_46, i16 %p_ZZN4nnet24compute_output_buffer_2dINS_5arrayI8ap_fixedILi16ELi6EL9ap_q_mode5EL9_45, i16 %p_ZZN4nnet24compute_output_buffer_2dINS_5arrayI8ap_fixedILi16ELi6EL9ap_q_mode5EL9_44, i16 %p_ZZN4nnet24compute_output_buffer_2dINS_5arrayI8ap_fixedILi16ELi6EL9ap_q_mode5EL9_43, i16 %p_ZZN4nnet24compute_output_buffer_2dINS_5arrayI8ap_fixedILi16ELi6EL9ap_q_mode5EL9_42, i16 %p_ZZN4nnet24compute_output_buffer_2dINS_5arrayI8ap_fixedILi16ELi6EL9ap_q_mode5EL9_41, i16 %p_ZZN4nnet24compute_output_buffer_2dINS_5arrayI8ap_fixedILi16ELi6EL9ap_q_mode5EL9_40, i16 %p_ZZN4nnet24compute_output_buffer_2dINS_5arrayI8ap_fixedILi16ELi6EL9ap_q_mode5EL9_23, i16 %p_ZZN4nnet24compute_output_buffer_2dINS_5arrayI8ap_fixedILi16ELi6EL9ap_q_mode5EL9_22, i16 %p_ZZN4nnet24compute_output_buffer_2dINS_5arrayI8ap_fixedILi16ELi6EL9ap_q_mode5EL9_21, i16 %p_ZZN4nnet24compute_output_buffer_2dINS_5arrayI8ap_fixedILi16ELi6EL9ap_q_mode5EL9_20, i16 %p_ZZN4nnet24compute_output_buffer_2dINS_5arrayI8ap_fixedILi16ELi6EL9ap_q_mode5EL9_19, i16 %p_ZZN4nnet24compute_output_buffer_2dINS_5arrayI8ap_fixedILi16ELi6EL9ap_q_mode5EL9_18, i16 %p_ZZN4nnet24compute_output_buffer_2dINS_5arrayI8ap_fixedILi16ELi6EL9ap_q_mode5EL9_17, i16 %p_ZZN4nnet24compute_output_buffer_2dINS_5arrayI8ap_fixedILi16ELi6EL9ap_q_mode5EL9_16, i16 %p_ZZN4nnet26conv_2d_buffer_resource_clINS_5arrayI8ap_fixedILi16ELi6EL9ap_q_mode5E_15, i16 %p_ZZN4nnet26conv_2d_buffer_resource_clINS_5arrayI8ap_fixedILi16ELi6EL9ap_q_mode5E_7, i16 %p_ZZN4nnet26conv_2d_buffer_resource_clINS_5arrayI8ap_fixedILi16ELi6EL9ap_q_mode5E_14, i16 %p_ZZN4nnet26conv_2d_buffer_resource_clINS_5arrayI8ap_fixedILi16ELi6EL9ap_q_mode5E_6, i16 %p_ZZN4nnet26conv_2d_buffer_resource_clINS_5arrayI8ap_fixedILi16ELi6EL9ap_q_mode5E_13, i16 %p_ZZN4nnet26conv_2d_buffer_resource_clINS_5arrayI8ap_fixedILi16ELi6EL9ap_q_mode5E_5, i16 %p_ZZN4nnet26conv_2d_buffer_resource_clINS_5arrayI8ap_fixedILi16ELi6EL9ap_q_mode5E_12, i16 %p_ZZN4nnet26conv_2d_buffer_resource_clINS_5arrayI8ap_fixedILi16ELi6EL9ap_q_mode5E_4, i16 %p_ZZN4nnet26conv_2d_buffer_resource_clINS_5arrayI8ap_fixedILi16ELi6EL9ap_q_mode5E_11, i16 %p_ZZN4nnet26conv_2d_buffer_resource_clINS_5arrayI8ap_fixedILi16ELi6EL9ap_q_mode5E_3, i16 %p_ZZN4nnet26conv_2d_buffer_resource_clINS_5arrayI8ap_fixedILi16ELi6EL9ap_q_mode5E_10, i16 %p_ZZN4nnet26conv_2d_buffer_resource_clINS_5arrayI8ap_fixedILi16ELi6EL9ap_q_mode5E_2, i16 %p_ZZN4nnet26conv_2d_buffer_resource_clINS_5arrayI8ap_fixedILi16ELi6EL9ap_q_mode5E_9, i16 %p_ZZN4nnet26conv_2d_buffer_resource_clINS_5arrayI8ap_fixedILi16ELi6EL9ap_q_mode5E_1, i16 %p_ZZN4nnet26conv_2d_buffer_resource_clINS_5arrayI8ap_fixedILi16ELi6EL9ap_q_mode5E_8, i16 %p_ZZN4nnet26conv_2d_buffer_resource_clINS_5arrayI8ap_fixedILi16ELi6EL9ap_q_mode5E, i32 %sX_2, i32 %sY_2, i32 %pY_2, i32 %pX_2" [firmware/myproject.cpp:59]   --->   Operation 51 'call' 'call_ln59' <Predicate = true> <Delay = 0.00> <CoreType = "Generic">   --->   Core 0 '' <Latency = 0> <II = 1> <Delay = 1.00> <Generic> <Opcode : >

State 14 <SV = 13> <Delay = 0.00>
ST_14 : Operation 52 [2/2] (0.00ns)   --->   "%call_ln63 = call void @relu<array<ap_fixed,13u>,array<ap_ufixed<10,0,4,0,0>,13u>,relu_config8>, i208 %layer6_out, i130 %layer8_out" [firmware/myproject.cpp:63]   --->   Operation 52 'call' 'call_ln63' <Predicate = true> <Delay = 0.00> <CoreType = "Generic">   --->   Core 0 '' <Latency = 0> <II = 1> <Delay = 1.00> <Generic> <Opcode : >

State 15 <SV = 14> <Delay = 0.00>
ST_15 : Operation 53 [1/2] (0.00ns)   --->   "%call_ln63 = call void @relu<array<ap_fixed,13u>,array<ap_ufixed<10,0,4,0,0>,13u>,relu_config8>, i208 %layer6_out, i130 %layer8_out" [firmware/myproject.cpp:63]   --->   Operation 53 'call' 'call_ln63' <Predicate = true> <Delay = 0.00> <CoreType = "Generic">   --->   Core 0 '' <Latency = 0> <II = 1> <Delay = 1.00> <Generic> <Opcode : >

State 16 <SV = 15> <Delay = 0.00>
ST_16 : Operation 54 [2/2] (0.00ns)   --->   "%call_ln67 = call void @pooling2d_cl<array,array<ap_fixed<16,6,5,3,0>,13u>,config9>, i130 %layer8_out, i208 %layer9_out, i32 %sY_1, i32 %pY_1, i32 %pX_1, i32 %sX_1, i10 %p_ZZN4nnet22compute_pool_buffer_2dINS_5arrayI9ap_ufixedILi10ELi0EL9ap_q_mode4EL9a_39, i10 %p_ZZN4nnet22compute_pool_buffer_2dINS_5arrayI9ap_ufixedILi10ELi0EL9ap_q_mode4EL9a_38, i10 %p_ZZN4nnet22compute_pool_buffer_2dINS_5arrayI9ap_ufixedILi10ELi0EL9ap_q_mode4EL9a_37, i10 %p_ZZN4nnet22compute_pool_buffer_2dINS_5arrayI9ap_ufixedILi10ELi0EL9ap_q_mode4EL9a_36, i10 %p_ZZN4nnet22compute_pool_buffer_2dINS_5arrayI9ap_ufixedILi10ELi0EL9ap_q_mode4EL9a_35, i10 %p_ZZN4nnet22compute_pool_buffer_2dINS_5arrayI9ap_ufixedILi10ELi0EL9ap_q_mode4EL9a_34, i10 %p_ZZN4nnet22compute_pool_buffer_2dINS_5arrayI9ap_ufixedILi10ELi0EL9ap_q_mode4EL9a_33, i10 %p_ZZN4nnet22compute_pool_buffer_2dINS_5arrayI9ap_ufixedILi10ELi0EL9ap_q_mode4EL9a_32, i10 %p_ZZN4nnet22compute_pool_buffer_2dINS_5arrayI9ap_ufixedILi10ELi0EL9ap_q_mode4EL9a_31, i10 %p_ZZN4nnet22compute_pool_buffer_2dINS_5arrayI9ap_ufixedILi10ELi0EL9ap_q_mode4EL9a_30, i10 %p_ZZN4nnet22compute_pool_buffer_2dINS_5arrayI9ap_ufixedILi10ELi0EL9ap_q_mode4EL9a_29, i10 %p_ZZN4nnet22compute_pool_buffer_2dINS_5arrayI9ap_ufixedILi10ELi0EL9ap_q_mode4EL9a_28, i10 %p_ZZN4nnet22compute_pool_buffer_2dINS_5arrayI9ap_ufixedILi10ELi0EL9ap_q_mode4EL9a_27, i10 %p_ZZN4nnet22compute_pool_buffer_2dINS_5arrayI9ap_ufixedILi10ELi0EL9ap_q_mode4EL9a_26, i10 %p_ZZN4nnet22compute_pool_buffer_2dINS_5arrayI9ap_ufixedILi10ELi0EL9ap_q_mode4EL9a_25, i10 %p_ZZN4nnet22compute_pool_buffer_2dINS_5arrayI9ap_ufixedILi10ELi0EL9ap_q_mode4EL9a_24, i10 %p_ZZN4nnet22compute_pool_buffer_2dINS_5arrayI9ap_ufixedILi10ELi0EL9ap_q_mode4EL9a_23, i10 %p_ZZN4nnet22compute_pool_buffer_2dINS_5arrayI9ap_ufixedILi10ELi0EL9ap_q_mode4EL9a_22, i10 %p_ZZN4nnet22compute_pool_buffer_2dINS_5arrayI9ap_ufixedILi10ELi0EL9ap_q_mode4EL9a_21, i10 %p_ZZN4nnet22compute_pool_buffer_2dINS_5arrayI9ap_ufixedILi10ELi0EL9ap_q_mode4EL9a_20, i10 %p_ZZN4nnet22compute_pool_buffer_2dINS_5arrayI9ap_ufixedILi10ELi0EL9ap_q_mode4EL9a_19, i10 %p_ZZN4nnet22compute_pool_buffer_2dINS_5arrayI9ap_ufixedILi10ELi0EL9ap_q_mode4EL9a_18, i10 %p_ZZN4nnet22compute_pool_buffer_2dINS_5arrayI9ap_ufixedILi10ELi0EL9ap_q_mode4EL9a_17, i10 %p_ZZN4nnet22compute_pool_buffer_2dINS_5arrayI9ap_ufixedILi10ELi0EL9ap_q_mode4EL9a_16, i10 %p_ZZN4nnet22compute_pool_buffer_2dINS_5arrayI9ap_ufixedILi10ELi0EL9ap_q_mode4EL9a_15, i10 %p_ZZN4nnet22compute_pool_buffer_2dINS_5arrayI9ap_ufixedILi10ELi0EL9ap_q_mode4EL9a_14, i10 %void_pooling2d_cl_stream_stream_array_ap_fixed_13u_0_line_buffer_9, i10 %void_pooling2d_cl_stream_stream_array_ap_fixed_13u_0_line_buffer_8, i10 %void_pooling2d_cl_stream_stream_array_ap_fixed_13u_0_line_buffer_7, i10 %void_pooling2d_cl_stream_stream_array_ap_fixed_13u_0_line_buffer_6, i10 %void_pooling2d_cl_stream_stream_array_ap_fixed_13u_0_line_buffer_5, i10 %void_pooling2d_cl_stream_stream_array_ap_fixed_13u_0_line_buffer_4, i10 %void_pooling2d_cl_stream_stream_array_ap_fixed_13u_0_line_buffer_3, i10 %void_pooling2d_cl_stream_stream_array_ap_fixed_13u_0_line_buffer_2, i10 %void_pooling2d_cl_stream_stream_array_ap_fixed_13u_0_line_buffer_1, i10 %void_pooling2d_cl_stream_stream_array_ap_fixed_13u_0_line_buffer, i10 %p_ZZN4nnet12pooling2d_clINS_5arrayI9ap_ufixedILi10ELi0EL9ap_q_mode4EL9ap_o_mode0E_2, i10 %p_ZZN4nnet12pooling2d_clINS_5arrayI9ap_ufixedILi10ELi0EL9ap_q_mode4EL9ap_o_mode0E_1, i10 %p_ZZN4nnet12pooling2d_clINS_5arrayI9ap_ufixedILi10ELi0EL9ap_q_mode4EL9ap_o_mode0E" [firmware/myproject.cpp:67]   --->   Operation 54 'call' 'call_ln67' <Predicate = true> <Delay = 0.00> <CoreType = "Generic">   --->   Core 0 '' <Latency = 0> <II = 1> <Delay = 1.00> <Generic> <Opcode : >

State 17 <SV = 16> <Delay = 0.00>
ST_17 : Operation 55 [1/2] (0.00ns)   --->   "%call_ln67 = call void @pooling2d_cl<array,array<ap_fixed<16,6,5,3,0>,13u>,config9>, i130 %layer8_out, i208 %layer9_out, i32 %sY_1, i32 %pY_1, i32 %pX_1, i32 %sX_1, i10 %p_ZZN4nnet22compute_pool_buffer_2dINS_5arrayI9ap_ufixedILi10ELi0EL9ap_q_mode4EL9a_39, i10 %p_ZZN4nnet22compute_pool_buffer_2dINS_5arrayI9ap_ufixedILi10ELi0EL9ap_q_mode4EL9a_38, i10 %p_ZZN4nnet22compute_pool_buffer_2dINS_5arrayI9ap_ufixedILi10ELi0EL9ap_q_mode4EL9a_37, i10 %p_ZZN4nnet22compute_pool_buffer_2dINS_5arrayI9ap_ufixedILi10ELi0EL9ap_q_mode4EL9a_36, i10 %p_ZZN4nnet22compute_pool_buffer_2dINS_5arrayI9ap_ufixedILi10ELi0EL9ap_q_mode4EL9a_35, i10 %p_ZZN4nnet22compute_pool_buffer_2dINS_5arrayI9ap_ufixedILi10ELi0EL9ap_q_mode4EL9a_34, i10 %p_ZZN4nnet22compute_pool_buffer_2dINS_5arrayI9ap_ufixedILi10ELi0EL9ap_q_mode4EL9a_33, i10 %p_ZZN4nnet22compute_pool_buffer_2dINS_5arrayI9ap_ufixedILi10ELi0EL9ap_q_mode4EL9a_32, i10 %p_ZZN4nnet22compute_pool_buffer_2dINS_5arrayI9ap_ufixedILi10ELi0EL9ap_q_mode4EL9a_31, i10 %p_ZZN4nnet22compute_pool_buffer_2dINS_5arrayI9ap_ufixedILi10ELi0EL9ap_q_mode4EL9a_30, i10 %p_ZZN4nnet22compute_pool_buffer_2dINS_5arrayI9ap_ufixedILi10ELi0EL9ap_q_mode4EL9a_29, i10 %p_ZZN4nnet22compute_pool_buffer_2dINS_5arrayI9ap_ufixedILi10ELi0EL9ap_q_mode4EL9a_28, i10 %p_ZZN4nnet22compute_pool_buffer_2dINS_5arrayI9ap_ufixedILi10ELi0EL9ap_q_mode4EL9a_27, i10 %p_ZZN4nnet22compute_pool_buffer_2dINS_5arrayI9ap_ufixedILi10ELi0EL9ap_q_mode4EL9a_26, i10 %p_ZZN4nnet22compute_pool_buffer_2dINS_5arrayI9ap_ufixedILi10ELi0EL9ap_q_mode4EL9a_25, i10 %p_ZZN4nnet22compute_pool_buffer_2dINS_5arrayI9ap_ufixedILi10ELi0EL9ap_q_mode4EL9a_24, i10 %p_ZZN4nnet22compute_pool_buffer_2dINS_5arrayI9ap_ufixedILi10ELi0EL9ap_q_mode4EL9a_23, i10 %p_ZZN4nnet22compute_pool_buffer_2dINS_5arrayI9ap_ufixedILi10ELi0EL9ap_q_mode4EL9a_22, i10 %p_ZZN4nnet22compute_pool_buffer_2dINS_5arrayI9ap_ufixedILi10ELi0EL9ap_q_mode4EL9a_21, i10 %p_ZZN4nnet22compute_pool_buffer_2dINS_5arrayI9ap_ufixedILi10ELi0EL9ap_q_mode4EL9a_20, i10 %p_ZZN4nnet22compute_pool_buffer_2dINS_5arrayI9ap_ufixedILi10ELi0EL9ap_q_mode4EL9a_19, i10 %p_ZZN4nnet22compute_pool_buffer_2dINS_5arrayI9ap_ufixedILi10ELi0EL9ap_q_mode4EL9a_18, i10 %p_ZZN4nnet22compute_pool_buffer_2dINS_5arrayI9ap_ufixedILi10ELi0EL9ap_q_mode4EL9a_17, i10 %p_ZZN4nnet22compute_pool_buffer_2dINS_5arrayI9ap_ufixedILi10ELi0EL9ap_q_mode4EL9a_16, i10 %p_ZZN4nnet22compute_pool_buffer_2dINS_5arrayI9ap_ufixedILi10ELi0EL9ap_q_mode4EL9a_15, i10 %p_ZZN4nnet22compute_pool_buffer_2dINS_5arrayI9ap_ufixedILi10ELi0EL9ap_q_mode4EL9a_14, i10 %void_pooling2d_cl_stream_stream_array_ap_fixed_13u_0_line_buffer_9, i10 %void_pooling2d_cl_stream_stream_array_ap_fixed_13u_0_line_buffer_8, i10 %void_pooling2d_cl_stream_stream_array_ap_fixed_13u_0_line_buffer_7, i10 %void_pooling2d_cl_stream_stream_array_ap_fixed_13u_0_line_buffer_6, i10 %void_pooling2d_cl_stream_stream_array_ap_fixed_13u_0_line_buffer_5, i10 %void_pooling2d_cl_stream_stream_array_ap_fixed_13u_0_line_buffer_4, i10 %void_pooling2d_cl_stream_stream_array_ap_fixed_13u_0_line_buffer_3, i10 %void_pooling2d_cl_stream_stream_array_ap_fixed_13u_0_line_buffer_2, i10 %void_pooling2d_cl_stream_stream_array_ap_fixed_13u_0_line_buffer_1, i10 %void_pooling2d_cl_stream_stream_array_ap_fixed_13u_0_line_buffer, i10 %p_ZZN4nnet12pooling2d_clINS_5arrayI9ap_ufixedILi10ELi0EL9ap_q_mode4EL9ap_o_mode0E_2, i10 %p_ZZN4nnet12pooling2d_clINS_5arrayI9ap_ufixedILi10ELi0EL9ap_q_mode4EL9ap_o_mode0E_1, i10 %p_ZZN4nnet12pooling2d_clINS_5arrayI9ap_ufixedILi10ELi0EL9ap_q_mode4EL9ap_o_mode0E" [firmware/myproject.cpp:67]   --->   Operation 55 'call' 'call_ln67' <Predicate = true> <Delay = 0.00> <CoreType = "Generic">   --->   Core 0 '' <Latency = 0> <II = 1> <Delay = 1.00> <Generic> <Opcode : >

State 18 <SV = 17> <Delay = 0.00>
ST_18 : Operation 56 [2/2] (0.00ns)   --->   "%call_ln72 = call void @concatenate1d<array,array,array<ap_fixed<16,6,5,3,0>,79u>,config12>, i208 %layer9_out, i16 %y0_input, i1264 %layer12_out" [firmware/myproject.cpp:72]   --->   Operation 56 'call' 'call_ln72' <Predicate = true> <Delay = 0.00> <CoreType = "Generic">   --->   Core 0 '' <Latency = 0> <II = 1> <Delay = 1.00> <Generic> <Opcode : >

State 19 <SV = 18> <Delay = 0.00>
ST_19 : Operation 57 [1/2] (0.00ns)   --->   "%call_ln72 = call void @concatenate1d<array,array,array<ap_fixed<16,6,5,3,0>,79u>,config12>, i208 %layer9_out, i16 %y0_input, i1264 %layer12_out" [firmware/myproject.cpp:72]   --->   Operation 57 'call' 'call_ln72' <Predicate = true> <Delay = 0.00> <CoreType = "Generic">   --->   Core 0 '' <Latency = 0> <II = 1> <Delay = 1.00> <Generic> <Opcode : >

State 20 <SV = 19> <Delay = 0.00>
ST_20 : Operation 58 [2/2] (0.00ns)   --->   "%call_ln76 = call void @dense<array<ap_fixed,79u>,array<ap_fixed<16,6,5,3,0>,13u>,config13>, i1264 %layer12_out, i208 %layer13_out" [firmware/myproject.cpp:76]   --->   Operation 58 'call' 'call_ln76' <Predicate = true> <Delay = 0.00> <CoreType = "Generic">   --->   Core 0 '' <Latency = 0> <II = 1> <Delay = 1.00> <Generic> <Opcode : >

State 21 <SV = 20> <Delay = 0.00>
ST_21 : Operation 59 [1/2] (0.00ns)   --->   "%call_ln76 = call void @dense<array<ap_fixed,79u>,array<ap_fixed<16,6,5,3,0>,13u>,config13>, i1264 %layer12_out, i208 %layer13_out" [firmware/myproject.cpp:76]   --->   Operation 59 'call' 'call_ln76' <Predicate = true> <Delay = 0.00> <CoreType = "Generic">   --->   Core 0 '' <Latency = 0> <II = 1> <Delay = 1.00> <Generic> <Opcode : >

State 22 <SV = 21> <Delay = 0.00>
ST_22 : Operation 60 [1/1] (0.00ns)   --->   "%call_ln80 = call void @relu<array<ap_fixed,13u>,array<ap_ufixed<10,0,4,0,0>,13u>,relu_config15>, i208 %layer13_out, i130 %layer15_out" [firmware/myproject.cpp:80]   --->   Operation 60 'call' 'call_ln80' <Predicate = true> <Delay = 0.00> <CoreType = "Generic">   --->   Core 0 '' <Latency = 0> <II = 1> <Delay = 1.00> <Generic> <Opcode : >

State 23 <SV = 22> <Delay = 0.00>
ST_23 : Operation 61 [2/2] (0.00ns)   --->   "%call_ln84 = call void @dense<array<ap_ufixed,13u>,array<ap_fixed<16,6,5,3,0>,1u>,config16>, i130 %layer15_out, i16 %layer16_out" [firmware/myproject.cpp:84]   --->   Operation 61 'call' 'call_ln84' <Predicate = true> <Delay = 0.00> <CoreType = "Generic">   --->   Core 0 '' <Latency = 0> <II = 1> <Delay = 1.00> <Generic> <Opcode : >

State 24 <SV = 23> <Delay = 0.00>
ST_24 : Operation 62 [1/2] (0.00ns)   --->   "%call_ln84 = call void @dense<array<ap_ufixed,13u>,array<ap_fixed<16,6,5,3,0>,1u>,config16>, i130 %layer15_out, i16 %layer16_out" [firmware/myproject.cpp:84]   --->   Operation 62 'call' 'call_ln84' <Predicate = true> <Delay = 0.00> <CoreType = "Generic">   --->   Core 0 '' <Latency = 0> <II = 1> <Delay = 1.00> <Generic> <Opcode : >

State 25 <SV = 24> <Delay = 0.00>
ST_25 : Operation 63 [2/2] (0.00ns)   --->   "%call_ln86 = call void @sigmoid<array,array<ap_fixed<16,6,5,3,0>,1u>,sigmoid_config18>, i16 %layer16_out, i16 %layer18_out, i10 %sigmoid_table" [firmware/myproject.cpp:86]   --->   Operation 63 'call' 'call_ln86' <Predicate = true> <Delay = 0.00> <CoreType = "Generic">   --->   Core 0 '' <Latency = 0> <II = 1> <Delay = 1.00> <Generic> <Opcode : >

State 26 <SV = 25> <Delay = 0.00>
ST_26 : Operation 64 [1/2] (0.00ns)   --->   "%call_ln86 = call void @sigmoid<array,array<ap_fixed<16,6,5,3,0>,1u>,sigmoid_config18>, i16 %layer16_out, i16 %layer18_out, i10 %sigmoid_table" [firmware/myproject.cpp:86]   --->   Operation 64 'call' 'call_ln86' <Predicate = true> <Delay = 0.00> <CoreType = "Generic">   --->   Core 0 '' <Latency = 0> <II = 1> <Delay = 1.00> <Generic> <Opcode : >

State 27 <SV = 26> <Delay = 0.00>
ST_27 : Operation 65 [1/1] (0.00ns)   --->   "%specdataflowpipeline_ln13 = specdataflowpipeline void @_ssdm_op_SpecDataflowPipeline, i32 4294967295, i32 0, void @empty_1" [firmware/myproject.cpp:13]   --->   Operation 65 'specdataflowpipeline' 'specdataflowpipeline_ln13' <Predicate = true> <Delay = 0.00>
ST_27 : Operation 66 [1/1] (0.00ns)   --->   "%spectopmodule_ln6 = spectopmodule void @_ssdm_op_SpecTopModule, void @empty_9" [firmware/myproject.cpp:6]   --->   Operation 66 'spectopmodule' 'spectopmodule_ln6' <Predicate = true> <Delay = 0.00>
ST_27 : Operation 67 [1/1] (0.00ns)   --->   "%specinterface_ln0 = specinterface void @_ssdm_op_SpecInterface, i16 %y_profile_input, void @empty_5, i32 1, i32 1, void @empty_4, i32 0, i32 0, void @empty_1, void @empty_1, void @empty_1, i32 0, i32 0, i32 0, i32 0, void @empty_1, void @empty_1, i32 4294967295, i32 0"   --->   Operation 67 'specinterface' 'specinterface_ln0' <Predicate = true> <Delay = 0.00>
ST_27 : Operation 68 [1/1] (0.00ns)   --->   "%specbitsmap_ln0 = specbitsmap void @_ssdm_op_SpecBitsMap, i16 %y_profile_input"   --->   Operation 68 'specbitsmap' 'specbitsmap_ln0' <Predicate = true> <Delay = 0.00>
ST_27 : Operation 69 [1/1] (0.00ns)   --->   "%specinterface_ln0 = specinterface void @_ssdm_op_SpecInterface, i16 %y0_input, void @empty_5, i32 1, i32 1, void @empty_4, i32 0, i32 0, void @empty_1, void @empty_1, void @empty_1, i32 0, i32 0, i32 0, i32 0, void @empty_1, void @empty_1, i32 4294967295, i32 0"   --->   Operation 69 'specinterface' 'specinterface_ln0' <Predicate = true> <Delay = 0.00>
ST_27 : Operation 70 [1/1] (0.00ns)   --->   "%specbitsmap_ln0 = specbitsmap void @_ssdm_op_SpecBitsMap, i16 %y0_input"   --->   Operation 70 'specbitsmap' 'specbitsmap_ln0' <Predicate = true> <Delay = 0.00>
ST_27 : Operation 71 [1/1] (0.00ns)   --->   "%specinterface_ln0 = specinterface void @_ssdm_op_SpecInterface, i16 %layer18_out, void @empty_5, i32 1, i32 1, void @empty_4, i32 0, i32 0, void @empty_1, void @empty_1, void @empty_1, i32 0, i32 0, i32 0, i32 0, void @empty_1, void @empty_1, i32 4294967295, i32 0"   --->   Operation 71 'specinterface' 'specinterface_ln0' <Predicate = true> <Delay = 0.00>
ST_27 : Operation 72 [1/1] (0.00ns)   --->   "%specbitsmap_ln0 = specbitsmap void @_ssdm_op_SpecBitsMap, i16 %layer18_out"   --->   Operation 72 'specbitsmap' 'specbitsmap_ln0' <Predicate = true> <Delay = 0.00>
ST_27 : Operation 73 [1/1] (0.00ns)   --->   "%empty = specchannel i32 @_ssdm_op_SpecChannel, void @layer19_out_str, i32 1, void @p_str, void @p_str, i32 150, i32 150, i16 %layer19_out, i16 %layer19_out"   --->   Operation 73 'specchannel' 'empty' <Predicate = true> <Delay = 0.00>
ST_27 : Operation 74 [1/1] (0.00ns)   --->   "%specinterface_ln0 = specinterface void @_ssdm_op_SpecInterface, i16 %layer19_out, void @empty_6, i32 0, i32 0, void @empty_1, i32 0, i32 0, void @empty_1, void @empty_1, void @empty_1, i32 0, i32 0, i32 0, i32 0, void @empty_1, void @empty_1, i32 4294967295, i32 0"   --->   Operation 74 'specinterface' 'specinterface_ln0' <Predicate = true> <Delay = 0.00>
ST_27 : Operation 75 [1/1] (0.00ns)   --->   "%empty_57 = specchannel i32 @_ssdm_op_SpecChannel, void @layer2_out_str, i32 1, void @p_str, void @p_str, i32 104, i32 104, i128 %layer2_out, i128 %layer2_out"   --->   Operation 75 'specchannel' 'empty_57' <Predicate = true> <Delay = 0.00>
ST_27 : Operation 76 [1/1] (0.00ns)   --->   "%specinterface_ln0 = specinterface void @_ssdm_op_SpecInterface, i128 %layer2_out, void @empty_6, i32 0, i32 0, void @empty_1, i32 0, i32 0, void @empty_1, void @empty_1, void @empty_1, i32 0, i32 0, i32 0, i32 0, void @empty_1, void @empty_1, i32 4294967295, i32 0"   --->   Operation 76 'specinterface' 'specinterface_ln0' <Predicate = true> <Delay = 0.00>
ST_27 : Operation 77 [1/1] (0.00ns)   --->   "%empty_58 = specchannel i32 @_ssdm_op_SpecChannel, void @layer4_out_str, i32 1, void @p_str, void @p_str, i32 104, i32 104, i80 %layer4_out, i80 %layer4_out"   --->   Operation 77 'specchannel' 'empty_58' <Predicate = true> <Delay = 0.00>
ST_27 : Operation 78 [1/1] (0.00ns)   --->   "%specinterface_ln0 = specinterface void @_ssdm_op_SpecInterface, i80 %layer4_out, void @empty_6, i32 0, i32 0, void @empty_1, i32 0, i32 0, void @empty_1, void @empty_1, void @empty_1, i32 0, i32 0, i32 0, i32 0, void @empty_1, void @empty_1, i32 4294967295, i32 0"   --->   Operation 78 'specinterface' 'specinterface_ln0' <Predicate = true> <Delay = 0.00>
ST_27 : Operation 79 [1/1] (0.00ns)   --->   "%empty_59 = specchannel i32 @_ssdm_op_SpecChannel, void @layer5_out_str, i32 1, void @p_str, void @p_str, i32 24, i32 24, i128 %layer5_out, i128 %layer5_out"   --->   Operation 79 'specchannel' 'empty_59' <Predicate = true> <Delay = 0.00>
ST_27 : Operation 80 [1/1] (0.00ns)   --->   "%specinterface_ln0 = specinterface void @_ssdm_op_SpecInterface, i128 %layer5_out, void @empty_6, i32 0, i32 0, void @empty_1, i32 0, i32 0, void @empty_1, void @empty_1, void @empty_1, i32 0, i32 0, i32 0, i32 0, void @empty_1, void @empty_1, i32 4294967295, i32 0"   --->   Operation 80 'specinterface' 'specinterface_ln0' <Predicate = true> <Delay = 0.00>
ST_27 : Operation 81 [1/1] (0.00ns)   --->   "%empty_60 = specchannel i32 @_ssdm_op_SpecChannel, void @layer20_out_str, i32 1, void @p_str, void @p_str, i32 48, i32 48, i128 %layer20_out, i128 %layer20_out"   --->   Operation 81 'specchannel' 'empty_60' <Predicate = true> <Delay = 0.00>
ST_27 : Operation 82 [1/1] (0.00ns)   --->   "%specinterface_ln0 = specinterface void @_ssdm_op_SpecInterface, i128 %layer20_out, void @empty_6, i32 0, i32 0, void @empty_1, i32 0, i32 0, void @empty_1, void @empty_1, void @empty_1, i32 0, i32 0, i32 0, i32 0, void @empty_1, void @empty_1, i32 4294967295, i32 0"   --->   Operation 82 'specinterface' 'specinterface_ln0' <Predicate = true> <Delay = 0.00>
ST_27 : Operation 83 [1/1] (0.00ns)   --->   "%empty_61 = specchannel i32 @_ssdm_op_SpecChannel, void @layer6_out_str, i32 1, void @p_str, void @p_str, i32 24, i32 24, i208 %layer6_out, i208 %layer6_out"   --->   Operation 83 'specchannel' 'empty_61' <Predicate = true> <Delay = 0.00>
ST_27 : Operation 84 [1/1] (0.00ns)   --->   "%specinterface_ln0 = specinterface void @_ssdm_op_SpecInterface, i208 %layer6_out, void @empty_6, i32 0, i32 0, void @empty_1, i32 0, i32 0, void @empty_1, void @empty_1, void @empty_1, i32 0, i32 0, i32 0, i32 0, void @empty_1, void @empty_1, i32 4294967295, i32 0"   --->   Operation 84 'specinterface' 'specinterface_ln0' <Predicate = true> <Delay = 0.00>
ST_27 : Operation 85 [1/1] (0.00ns)   --->   "%empty_62 = specchannel i32 @_ssdm_op_SpecChannel, void @layer8_out_str, i32 1, void @p_str, void @p_str, i32 24, i32 24, i130 %layer8_out, i130 %layer8_out"   --->   Operation 85 'specchannel' 'empty_62' <Predicate = true> <Delay = 0.00>
ST_27 : Operation 86 [1/1] (0.00ns)   --->   "%specinterface_ln0 = specinterface void @_ssdm_op_SpecInterface, i130 %layer8_out, void @empty_6, i32 0, i32 0, void @empty_1, i32 0, i32 0, void @empty_1, void @empty_1, void @empty_1, i32 0, i32 0, i32 0, i32 0, void @empty_1, void @empty_1, i32 4294967295, i32 0"   --->   Operation 86 'specinterface' 'specinterface_ln0' <Predicate = true> <Delay = 0.00>
ST_27 : Operation 87 [1/1] (0.00ns)   --->   "%empty_63 = specchannel i32 @_ssdm_op_SpecChannel, void @layer9_out_str, i32 1, void @p_str, void @p_str, i32 6, i32 6, i208 %layer9_out, i208 %layer9_out"   --->   Operation 87 'specchannel' 'empty_63' <Predicate = true> <Delay = 0.00>
ST_27 : Operation 88 [1/1] (0.00ns)   --->   "%specinterface_ln0 = specinterface void @_ssdm_op_SpecInterface, i208 %layer9_out, void @empty_6, i32 0, i32 0, void @empty_1, i32 0, i32 0, void @empty_1, void @empty_1, void @empty_1, i32 0, i32 0, i32 0, i32 0, void @empty_1, void @empty_1, i32 4294967295, i32 0"   --->   Operation 88 'specinterface' 'specinterface_ln0' <Predicate = true> <Delay = 0.00>
ST_27 : Operation 89 [1/1] (0.00ns)   --->   "%empty_64 = specchannel i32 @_ssdm_op_SpecChannel, void @layer12_out_str, i32 1, void @p_str, void @p_str, i32 1, i32 1, i1264 %layer12_out, i1264 %layer12_out"   --->   Operation 89 'specchannel' 'empty_64' <Predicate = true> <Delay = 0.00>
ST_27 : Operation 90 [1/1] (0.00ns)   --->   "%specinterface_ln0 = specinterface void @_ssdm_op_SpecInterface, i1264 %layer12_out, void @empty_6, i32 0, i32 0, void @empty_1, i32 0, i32 0, void @empty_1, void @empty_1, void @empty_1, i32 0, i32 0, i32 0, i32 0, void @empty_1, void @empty_1, i32 4294967295, i32 0"   --->   Operation 90 'specinterface' 'specinterface_ln0' <Predicate = true> <Delay = 0.00>
ST_27 : Operation 91 [1/1] (0.00ns)   --->   "%empty_65 = specchannel i32 @_ssdm_op_SpecChannel, void @layer13_out_str, i32 1, void @p_str, void @p_str, i32 1, i32 1, i208 %layer13_out, i208 %layer13_out"   --->   Operation 91 'specchannel' 'empty_65' <Predicate = true> <Delay = 0.00>
ST_27 : Operation 92 [1/1] (0.00ns)   --->   "%specinterface_ln0 = specinterface void @_ssdm_op_SpecInterface, i208 %layer13_out, void @empty_6, i32 0, i32 0, void @empty_1, i32 0, i32 0, void @empty_1, void @empty_1, void @empty_1, i32 0, i32 0, i32 0, i32 0, void @empty_1, void @empty_1, i32 4294967295, i32 0"   --->   Operation 92 'specinterface' 'specinterface_ln0' <Predicate = true> <Delay = 0.00>
ST_27 : Operation 93 [1/1] (0.00ns)   --->   "%empty_66 = specchannel i32 @_ssdm_op_SpecChannel, void @layer15_out_str, i32 1, void @p_str, void @p_str, i32 1, i32 1, i130 %layer15_out, i130 %layer15_out"   --->   Operation 93 'specchannel' 'empty_66' <Predicate = true> <Delay = 0.00>
ST_27 : Operation 94 [1/1] (0.00ns)   --->   "%specinterface_ln0 = specinterface void @_ssdm_op_SpecInterface, i130 %layer15_out, void @empty_6, i32 0, i32 0, void @empty_1, i32 0, i32 0, void @empty_1, void @empty_1, void @empty_1, i32 0, i32 0, i32 0, i32 0, void @empty_1, void @empty_1, i32 4294967295, i32 0"   --->   Operation 94 'specinterface' 'specinterface_ln0' <Predicate = true> <Delay = 0.00>
ST_27 : Operation 95 [1/1] (0.00ns)   --->   "%empty_67 = specchannel i32 @_ssdm_op_SpecChannel, void @layer16_out_str, i32 1, void @p_str, void @p_str, i32 1, i32 1, i16 %layer16_out, i16 %layer16_out"   --->   Operation 95 'specchannel' 'empty_67' <Predicate = true> <Delay = 0.00>
ST_27 : Operation 96 [1/1] (0.00ns)   --->   "%specinterface_ln0 = specinterface void @_ssdm_op_SpecInterface, i16 %layer16_out, void @empty_6, i32 0, i32 0, void @empty_1, i32 0, i32 0, void @empty_1, void @empty_1, void @empty_1, i32 0, i32 0, i32 0, i32 0, void @empty_1, void @empty_1, i32 4294967295, i32 0"   --->   Operation 96 'specinterface' 'specinterface_ln0' <Predicate = true> <Delay = 0.00>
ST_27 : Operation 97 [1/1] (0.00ns)   --->   "%ret_ln88 = ret" [firmware/myproject.cpp:88]   --->   Operation 97 'ret' 'ret_ln88' <Predicate = true> <Delay = 0.00>


============================================================
+ Verbose Summary: Timing violations
============================================================
Target clock period: 5.000ns, clock uncertainty: 0.625ns.

 <State 1>: 0.000ns
The critical path consists of the following:

 <State 2>: 0.000ns
The critical path consists of the following:

 <State 3>: 0.000ns
The critical path consists of the following:

 <State 4>: 0.000ns
The critical path consists of the following:

 <State 5>: 0.000ns
The critical path consists of the following:

 <State 6>: 0.000ns
The critical path consists of the following:

 <State 7>: 0.000ns
The critical path consists of the following:

 <State 8>: 0.000ns
The critical path consists of the following:

 <State 9>: 0.000ns
The critical path consists of the following:

 <State 10>: 0.000ns
The critical path consists of the following:

 <State 11>: 0.000ns
The critical path consists of the following:

 <State 12>: 0.000ns
The critical path consists of the following:

 <State 13>: 0.000ns
The critical path consists of the following:

 <State 14>: 0.000ns
The critical path consists of the following:

 <State 15>: 0.000ns
The critical path consists of the following:

 <State 16>: 0.000ns
The critical path consists of the following:

 <State 17>: 0.000ns
The critical path consists of the following:

 <State 18>: 0.000ns
The critical path consists of the following:

 <State 19>: 0.000ns
The critical path consists of the following:

 <State 20>: 0.000ns
The critical path consists of the following:

 <State 21>: 0.000ns
The critical path consists of the following:

 <State 22>: 0.000ns
The critical path consists of the following:

 <State 23>: 0.000ns
The critical path consists of the following:

 <State 24>: 0.000ns
The critical path consists of the following:

 <State 25>: 0.000ns
The critical path consists of the following:

 <State 26>: 0.000ns
The critical path consists of the following:

 <State 27>: 0.000ns
The critical path consists of the following:


============================================================
+ Verbose Summary: Binding
============================================================
N/A
* FSMD analyzer results:
  - Output states:
 - Input state : 
  - Chain level:
	State 1
	State 2
	State 3
	State 4
	State 5
	State 6
	State 7
	State 8
	State 9
	State 10
	State 11
	State 12
	State 13
	State 14
	State 15
	State 16
	State 17
	State 18
	State 19
	State 20
	State 21
	State 22
	State 23
	State 24
	State 25
	State 26
	State 27


============================================================
+ Verbose Summary: Datapath Resource usage 
============================================================
N/A
