

================================================================
== Vitis HLS Report for 'pooling2d_cl_array_ap_ufixed_8u_array_ap_fixed_16_6_5_3_0_8u_config5_s'
================================================================
* Date:           Wed Aug 14 12:14:18 2024

* Version:        2023.1 (Build 3854077 on May  4 2023)
* Project:        myproject_prj
* Solution:       solution1 (Vivado IP Flow Target)
* Product family: virtexuplus
* Target device:  xcvu13p-flga2577-2-e


================================================================
== Performance Estimates
================================================================
+ Timing: 
    * Summary: 
    +--------+---------+----------+------------+
    |  Clock |  Target | Estimated| Uncertainty|
    +--------+---------+----------+------------+
    |ap_clk  |  5.00 ns|  3.906 ns|     0.62 ns|
    +--------+---------+----------+------------+

+ Latency: 
    * Summary: 
    +---------+---------+----------+----------+-----+-----+---------+
    |  Latency (cycles) |  Latency (absolute) |  Interval | Pipeline|
    |   min   |   max   |    min   |    max   | min | max |   Type  |
    +---------+---------+----------+----------+-----+-----+---------+
    |      107|      107|  0.535 us|  0.535 us|  107|  107|       no|
    +---------+---------+----------+----------+-----+-----+---------+

    + Detail: 
        * Instance: 
        N/A

        * Loop: 
        +----------------------------------+---------+---------+----------+-----------+-----------+------+----------+
        |                                  |  Latency (cycles) | Iteration|  Initiation Interval  | Trip |          |
        |             Loop Name            |   min   |   max   |  Latency |  achieved |   target  | Count| Pipelined|
        +----------------------------------+---------+---------+----------+-----------+-----------+------+----------+
        |- ReadInputHeight_ReadInputWidth  |      105|      105|         3|          1|          1|   104|       yes|
        +----------------------------------+---------+---------+----------+-----------+-----------+------+----------+

============================================================
+ Verbose Summary: Synthesis Manager
============================================================
InlineROM: 1
ExposeGlobal: 0
============================================================
+ Verbose Summary: CDFG Model
============================================================
IsTopModel: 0
ResetActiveHigh: 1
IsCombinational: 2
IsDatapathOnly: 0
HasWiredReturn: 1
HasMFsm: 2
HasVarLatency: 1
IsPipeline: 0
IsRtlPipelined: 0
IsInstanceOverlapped: 0
IsDontTouch: 0
HasImplIP: 0
IsGatedGlobalClock: 0

+ Individual pipeline summary: 
  * Pipeline-0: initiation interval (II) = 1, depth = 3


============================================================
+ Verbose Summary: Schedule
============================================================
* Number of FSM states : 3
* Pipeline : 1
  Pipeline-0 : II = 1, D = 3, States = { 1 2 3 }
* Dataflow Pipeline: 0

* FSM state transitions: 
1 --> 2 
2 --> 3 
3 --> 

* FSM state operations: 

State 1 <SV = 0> <Delay = 2.26>
ST_1 : Operation 6 [1/1] (0.00ns)   --->   "%indvar_flatten = alloca i32 1"   --->   Operation 6 'alloca' 'indvar_flatten' <Predicate = true> <Delay = 0.00>
ST_1 : Operation 7 [1/1] (0.00ns)   --->   "%specinterface_ln0 = specinterface void @_ssdm_op_SpecInterface, i128 %layer5_out, void @empty_6, i32 0, i32 0, void @empty_1, i32 0, i32 0, void @empty_1, void @empty_1, void @empty_1, i32 0, i32 0, i32 0, i32 0, void @empty_1, void @empty_1, i32 4294967295, i32 0"   --->   Operation 7 'specinterface' 'specinterface_ln0' <Predicate = true> <Delay = 0.00>
ST_1 : Operation 8 [1/1] (0.00ns)   --->   "%specinterface_ln0 = specinterface void @_ssdm_op_SpecInterface, i80 %layer4_out, void @empty_6, i32 0, i32 0, void @empty_1, i32 0, i32 0, void @empty_1, void @empty_1, void @empty_1, i32 0, i32 0, i32 0, i32 0, void @empty_1, void @empty_1, i32 4294967295, i32 0"   --->   Operation 8 'specinterface' 'specinterface_ln0' <Predicate = true> <Delay = 0.00>
ST_1 : Operation 9 [1/1] (0.38ns)   --->   "%store_ln109 = store i7 0, i7 %indvar_flatten" [firmware/nnet_utils/nnet_pooling_stream.h:109]   --->   Operation 9 'store' 'store_ln109' <Predicate = true> <Delay = 0.38>
ST_1 : Operation 10 [1/1] (0.00ns)   --->   "%br_ln109 = br void %entry2.i" [firmware/nnet_utils/nnet_pooling_stream.h:109]   --->   Operation 10 'br' 'br_ln109' <Predicate = true> <Delay = 0.00>
ST_1 : Operation 11 [1/1] (0.00ns)   --->   "%indvar_flatten_load = load i7 %indvar_flatten" [firmware/nnet_utils/nnet_pooling_stream.h:109]   --->   Operation 11 'load' 'indvar_flatten_load' <Predicate = true> <Delay = 0.00>
ST_1 : Operation 12 [1/1] (0.70ns)   --->   "%icmp_ln109 = icmp_eq  i7 %indvar_flatten_load, i7 104" [firmware/nnet_utils/nnet_pooling_stream.h:109]   --->   Operation 12 'icmp' 'icmp_ln109' <Predicate = true> <Delay = 0.70> <CoreInst = "Cmp">   --->   Core 9 'Cmp' <Latency = 0> <II = 1> <Delay = 0.70> <FuncUnit> <Opcode : 'icmp'> <InPorts = 2> <OutPorts = 1>
ST_1 : Operation 13 [1/1] (0.70ns)   --->   "%add_ln109 = add i7 %indvar_flatten_load, i7 1" [firmware/nnet_utils/nnet_pooling_stream.h:109]   --->   Operation 13 'add' 'add_ln109' <Predicate = true> <Delay = 0.70> <CoreInst = "Adder">   --->   Core 1 'Adder' <Latency = 0> <II = 1> <Delay = 0.70> <FuncUnit> <Opcode : 'add' 'sub'> <InPorts = 2> <OutPorts = 1>
ST_1 : Operation 14 [1/1] (0.00ns)   --->   "%br_ln109 = br i1 %icmp_ln109, void %for.inc15, void %for.end17" [firmware/nnet_utils/nnet_pooling_stream.h:109]   --->   Operation 14 'br' 'br_ln109' <Predicate = true> <Delay = 0.00>
ST_1 : Operation 15 [1/1] (0.00ns)   --->   "%sX_load = load i32 %sX" [firmware/nnet_utils/nnet_pooling_stream.h:55->firmware/nnet_utils/nnet_pooling_stream.h:115]   --->   Operation 15 'load' 'sX_load' <Predicate = (!icmp_ln109)> <Delay = 0.00>
ST_1 : Operation 16 [1/1] (0.88ns)   --->   "%icmp_ln55 = icmp_eq  i32 %sX_load, i32 1" [firmware/nnet_utils/nnet_pooling_stream.h:55->firmware/nnet_utils/nnet_pooling_stream.h:115]   --->   Operation 16 'icmp' 'icmp_ln55' <Predicate = (!icmp_ln109)> <Delay = 0.88> <CoreInst = "Cmp">   --->   Core 9 'Cmp' <Latency = 0> <II = 1> <Delay = 0.88> <FuncUnit> <Opcode : 'icmp'> <InPorts = 2> <OutPorts = 1>
ST_1 : Operation 17 [1/1] (0.00ns)   --->   "%pX_load = load i32 %pX" [firmware/nnet_utils/nnet_pooling_stream.h:76->firmware/nnet_utils/nnet_pooling_stream.h:115]   --->   Operation 17 'load' 'pX_load' <Predicate = (!icmp_ln109)> <Delay = 0.00>
ST_1 : Operation 18 [1/1] (0.00ns)   --->   "%br_ln55 = br i1 %icmp_ln55, void %if.end.i, void %land.lhs.true.i" [firmware/nnet_utils/nnet_pooling_stream.h:55->firmware/nnet_utils/nnet_pooling_stream.h:115]   --->   Operation 18 'br' 'br_ln55' <Predicate = (!icmp_ln109)> <Delay = 0.00>
ST_1 : Operation 19 [1/1] (0.00ns)   --->   "%pY_load = load i32 %pY" [firmware/nnet_utils/nnet_pooling_stream.h:55->firmware/nnet_utils/nnet_pooling_stream.h:115]   --->   Operation 19 'load' 'pY_load' <Predicate = (!icmp_ln109 & icmp_ln55)> <Delay = 0.00>
ST_1 : Operation 20 [1/1] (0.88ns)   --->   "%icmp_ln55_2 = icmp_sgt  i32 %pY_load, i32 0" [firmware/nnet_utils/nnet_pooling_stream.h:55->firmware/nnet_utils/nnet_pooling_stream.h:115]   --->   Operation 20 'icmp' 'icmp_ln55_2' <Predicate = (!icmp_ln109 & icmp_ln55)> <Delay = 0.88> <CoreInst = "Cmp">   --->   Core 9 'Cmp' <Latency = 0> <II = 1> <Delay = 0.88> <FuncUnit> <Opcode : 'icmp'> <InPorts = 2> <OutPorts = 1>
ST_1 : Operation 21 [1/1] (0.88ns)   --->   "%icmp_ln55_3 = icmp_sgt  i32 %pX_load, i32 0" [firmware/nnet_utils/nnet_pooling_stream.h:55->firmware/nnet_utils/nnet_pooling_stream.h:115]   --->   Operation 21 'icmp' 'icmp_ln55_3' <Predicate = (!icmp_ln109 & icmp_ln55)> <Delay = 0.88> <CoreInst = "Cmp">   --->   Core 9 'Cmp' <Latency = 0> <II = 1> <Delay = 0.88> <FuncUnit> <Opcode : 'icmp'> <InPorts = 2> <OutPorts = 1>
ST_1 : Operation 22 [1/1] (0.88ns)   --->   "%add_ln76 = add i32 %pX_load, i32 1" [firmware/nnet_utils/nnet_pooling_stream.h:76->firmware/nnet_utils/nnet_pooling_stream.h:115]   --->   Operation 22 'add' 'add_ln76' <Predicate = (!icmp_ln109)> <Delay = 0.88> <CoreInst = "Adder">   --->   Core 1 'Adder' <Latency = 0> <II = 1> <Delay = 0.88> <FuncUnit> <Opcode : 'add' 'sub'> <InPorts = 2> <OutPorts = 1>
ST_1 : Operation 23 [1/1] (0.88ns)   --->   "%icmp_ln76 = icmp_eq  i32 %add_ln76, i32 13" [firmware/nnet_utils/nnet_pooling_stream.h:76->firmware/nnet_utils/nnet_pooling_stream.h:115]   --->   Operation 23 'icmp' 'icmp_ln76' <Predicate = (!icmp_ln109)> <Delay = 0.88> <CoreInst = "Cmp">   --->   Core 9 'Cmp' <Latency = 0> <II = 1> <Delay = 0.88> <FuncUnit> <Opcode : 'icmp'> <InPorts = 2> <OutPorts = 1>
ST_1 : Operation 24 [1/1] (0.00ns)   --->   "%br_ln76 = br i1 %icmp_ln76, void %if.else39.i, void %if.then28.i" [firmware/nnet_utils/nnet_pooling_stream.h:76->firmware/nnet_utils/nnet_pooling_stream.h:115]   --->   Operation 24 'br' 'br_ln76' <Predicate = (!icmp_ln109)> <Delay = 0.00>
ST_1 : Operation 25 [1/1] (0.38ns)   --->   "%store_ln89 = store i32 %add_ln76, i32 %pX" [firmware/nnet_utils/nnet_pooling_stream.h:89->firmware/nnet_utils/nnet_pooling_stream.h:115]   --->   Operation 25 'store' 'store_ln89' <Predicate = (!icmp_ln109 & !icmp_ln76)> <Delay = 0.38>
ST_1 : Operation 26 [1/1] (0.00ns) (grouped into LUT with out node add_ln91)   --->   "%select_ln91 = select i1 %icmp_ln55, i32 4294967295, i32 1" [firmware/nnet_utils/nnet_pooling_stream.h:91->firmware/nnet_utils/nnet_pooling_stream.h:115]   --->   Operation 26 'select' 'select_ln91' <Predicate = (!icmp_ln109 & !icmp_ln76)> <Delay = 0.00> <CoreInst = "Sel">   --->   Core 73 'Sel' <Latency = 0> <II = 1> <Delay = 0.27> <FuncUnit> <Opcode : 'select'> <InPorts = 3> <OutPorts = 1>
ST_1 : Operation 27 [1/1] (0.88ns) (out node of the LUT)   --->   "%add_ln91 = add i32 %sX_load, i32 %select_ln91" [firmware/nnet_utils/nnet_pooling_stream.h:91->firmware/nnet_utils/nnet_pooling_stream.h:115]   --->   Operation 27 'add' 'add_ln91' <Predicate = (!icmp_ln109 & !icmp_ln76)> <Delay = 0.88> <CoreInst = "Adder">   --->   Core 1 'Adder' <Latency = 0> <II = 1> <Delay = 0.88> <FuncUnit> <Opcode : 'add' 'sub'> <InPorts = 2> <OutPorts = 1>
ST_1 : Operation 28 [1/1] (0.38ns)   --->   "%store_ln91 = store i32 %add_ln91, i32 %sX" [firmware/nnet_utils/nnet_pooling_stream.h:91->firmware/nnet_utils/nnet_pooling_stream.h:115]   --->   Operation 28 'store' 'store_ln91' <Predicate = (!icmp_ln109 & !icmp_ln76)> <Delay = 0.38>
ST_1 : Operation 29 [1/1] (0.00ns)   --->   "%br_ln0 = br void %for.inc"   --->   Operation 29 'br' 'br_ln0' <Predicate = (!icmp_ln109 & !icmp_ln76)> <Delay = 0.00>
ST_1 : Operation 30 [1/1] (0.38ns)   --->   "%store_ln78 = store i32 0, i32 %pX" [firmware/nnet_utils/nnet_pooling_stream.h:78->firmware/nnet_utils/nnet_pooling_stream.h:115]   --->   Operation 30 'store' 'store_ln78' <Predicate = (!icmp_ln109 & icmp_ln76)> <Delay = 0.38>
ST_1 : Operation 31 [1/1] (0.38ns)   --->   "%store_ln79 = store i32 0, i32 %sX" [firmware/nnet_utils/nnet_pooling_stream.h:79->firmware/nnet_utils/nnet_pooling_stream.h:115]   --->   Operation 31 'store' 'store_ln79' <Predicate = (!icmp_ln109 & icmp_ln76)> <Delay = 0.38>
ST_1 : Operation 32 [1/1] (0.00ns)   --->   "%pY_load_1 = load i32 %pY" [firmware/nnet_utils/nnet_pooling_stream.h:80->firmware/nnet_utils/nnet_pooling_stream.h:115]   --->   Operation 32 'load' 'pY_load_1' <Predicate = (!icmp_ln109 & icmp_ln76)> <Delay = 0.00>
ST_1 : Operation 33 [1/1] (0.88ns)   --->   "%add_ln80 = add i32 %pY_load_1, i32 1" [firmware/nnet_utils/nnet_pooling_stream.h:80->firmware/nnet_utils/nnet_pooling_stream.h:115]   --->   Operation 33 'add' 'add_ln80' <Predicate = (!icmp_ln109 & icmp_ln76)> <Delay = 0.88> <CoreInst = "Adder">   --->   Core 1 'Adder' <Latency = 0> <II = 1> <Delay = 0.88> <FuncUnit> <Opcode : 'add' 'sub'> <InPorts = 2> <OutPorts = 1>
ST_1 : Operation 34 [1/1] (0.88ns)   --->   "%icmp_ln80 = icmp_eq  i32 %add_ln80, i32 8" [firmware/nnet_utils/nnet_pooling_stream.h:80->firmware/nnet_utils/nnet_pooling_stream.h:115]   --->   Operation 34 'icmp' 'icmp_ln80' <Predicate = (!icmp_ln109 & icmp_ln76)> <Delay = 0.88> <CoreInst = "Cmp">   --->   Core 9 'Cmp' <Latency = 0> <II = 1> <Delay = 0.88> <FuncUnit> <Opcode : 'icmp'> <InPorts = 2> <OutPorts = 1>
ST_1 : Operation 35 [1/1] (0.00ns)   --->   "%br_ln80 = br i1 %icmp_ln80, void %if.else.i, void %if.then31.i" [firmware/nnet_utils/nnet_pooling_stream.h:80->firmware/nnet_utils/nnet_pooling_stream.h:115]   --->   Operation 35 'br' 'br_ln80' <Predicate = (!icmp_ln109 & icmp_ln76)> <Delay = 0.00>
ST_1 : Operation 36 [1/1] (0.38ns)   --->   "%store_ln84 = store i32 %add_ln80, i32 %pY" [firmware/nnet_utils/nnet_pooling_stream.h:84->firmware/nnet_utils/nnet_pooling_stream.h:115]   --->   Operation 36 'store' 'store_ln84' <Predicate = (!icmp_ln109 & icmp_ln76 & !icmp_ln80)> <Delay = 0.38>
ST_1 : Operation 37 [1/1] (0.38ns)   --->   "%store_ln81 = store i32 0, i32 %pY" [firmware/nnet_utils/nnet_pooling_stream.h:81->firmware/nnet_utils/nnet_pooling_stream.h:115]   --->   Operation 37 'store' 'store_ln81' <Predicate = (!icmp_ln109 & icmp_ln76 & icmp_ln80)> <Delay = 0.38>
ST_1 : Operation 38 [1/1] (0.38ns)   --->   "%br_ln83 = br void %if.end38.i" [firmware/nnet_utils/nnet_pooling_stream.h:83->firmware/nnet_utils/nnet_pooling_stream.h:115]   --->   Operation 38 'br' 'br_ln83' <Predicate = (!icmp_ln109 & icmp_ln76 & icmp_ln80)> <Delay = 0.38>
ST_1 : Operation 39 [1/1] (0.38ns)   --->   "%store_ln111 = store i7 %add_ln109, i7 %indvar_flatten" [firmware/nnet_utils/nnet_pooling_stream.h:111]   --->   Operation 39 'store' 'store_ln111' <Predicate = (!icmp_ln109)> <Delay = 0.38>
ST_1 : Operation 40 [1/1] (0.00ns)   --->   "%br_ln111 = br void %entry2.i" [firmware/nnet_utils/nnet_pooling_stream.h:111]   --->   Operation 40 'br' 'br_ln111' <Predicate = (!icmp_ln109)> <Delay = 0.00>

State 2 <SV = 1> <Delay = 3.90>
ST_2 : Operation 41 [1/1] (0.00ns)   --->   "%specloopname_ln0 = specloopname void @_ssdm_op_SpecLoopName, void @ReadInputHeight_ReadInputWidth_str"   --->   Operation 41 'specloopname' 'specloopname_ln0' <Predicate = true> <Delay = 0.00>
ST_2 : Operation 42 [1/1] (0.00ns)   --->   "%speclooptripcount_ln0 = speclooptripcount void @_ssdm_op_SpecLoopTripCount, i64 104, i64 104, i64 104"   --->   Operation 42 'speclooptripcount' 'speclooptripcount_ln0' <Predicate = true> <Delay = 0.00>
ST_2 : Operation 43 [1/1] (0.00ns)   --->   "%specpipeline_ln113 = specpipeline void @_ssdm_op_SpecPipeline, i32 4294967295, i32 0, i32 0, i32 0, void @empty_1" [firmware/nnet_utils/nnet_pooling_stream.h:113]   --->   Operation 43 'specpipeline' 'specpipeline_ln113' <Predicate = true> <Delay = 0.00>
ST_2 : Operation 44 [1/1] (0.00ns)   --->   "%specloopname_ln111 = specloopname void @_ssdm_op_SpecLoopName, void @empty_8" [firmware/nnet_utils/nnet_pooling_stream.h:111]   --->   Operation 44 'specloopname' 'specloopname_ln111' <Predicate = true> <Delay = 0.00>
ST_2 : Operation 45 [1/1] (1.23ns)   --->   "%layer4_out_read = read i80 @_ssdm_op_Read.ap_fifo.volatile.i80P0A, i80 %layer4_out" [firmware/nnet_utils/nnet_pooling_stream.h:115]   --->   Operation 45 'read' 'layer4_out_read' <Predicate = true> <Delay = 1.23> <CoreInst = "FIFO">   --->   Core 78 'FIFO' <Latency = 0> <II = 1> <Delay = 1.23> <Storage> <Opcode : 'read' 'write' 'nbread' 'nbwrite'> <Ports = 0> <Width = 80> <Depth = 104> <FIFO>
ST_2 : Operation 46 [1/1] (0.00ns)   --->   "%trunc_ln115 = trunc i80 %layer4_out_read" [firmware/nnet_utils/nnet_pooling_stream.h:115]   --->   Operation 46 'trunc' 'trunc_ln115' <Predicate = true> <Delay = 0.00>
ST_2 : Operation 47 [1/1] (0.00ns)   --->   "%trunc_ln115_6 = partselect i10 @_ssdm_op_PartSelect.i10.i80.i32.i32, i80 %layer4_out_read, i32 60, i32 69" [firmware/nnet_utils/nnet_pooling_stream.h:115]   --->   Operation 47 'partselect' 'trunc_ln115_6' <Predicate = true> <Delay = 0.00>
ST_2 : Operation 48 [1/1] (0.00ns)   --->   "%trunc_ln115_7 = partselect i10 @_ssdm_op_PartSelect.i10.i80.i32.i32, i80 %layer4_out_read, i32 70, i32 79" [firmware/nnet_utils/nnet_pooling_stream.h:115]   --->   Operation 48 'partselect' 'trunc_ln115_7' <Predicate = true> <Delay = 0.00>
ST_2 : Operation 49 [1/1] (0.00ns)   --->   "%trunc_ln115_9 = partselect i10 @_ssdm_op_PartSelect.i10.i80.i32.i32, i80 %layer4_out_read, i32 10, i32 19" [firmware/nnet_utils/nnet_pooling_stream.h:115]   --->   Operation 49 'partselect' 'trunc_ln115_9' <Predicate = true> <Delay = 0.00>
ST_2 : Operation 50 [1/1] (0.00ns)   --->   "%trunc_ln115_s = partselect i10 @_ssdm_op_PartSelect.i10.i80.i32.i32, i80 %layer4_out_read, i32 20, i32 29" [firmware/nnet_utils/nnet_pooling_stream.h:115]   --->   Operation 50 'partselect' 'trunc_ln115_s' <Predicate = true> <Delay = 0.00>
ST_2 : Operation 51 [1/1] (0.00ns)   --->   "%trunc_ln115_1 = partselect i10 @_ssdm_op_PartSelect.i10.i80.i32.i32, i80 %layer4_out_read, i32 30, i32 39" [firmware/nnet_utils/nnet_pooling_stream.h:115]   --->   Operation 51 'partselect' 'trunc_ln115_1' <Predicate = true> <Delay = 0.00>
ST_2 : Operation 52 [1/1] (0.00ns)   --->   "%trunc_ln115_2 = partselect i10 @_ssdm_op_PartSelect.i10.i80.i32.i32, i80 %layer4_out_read, i32 40, i32 49" [firmware/nnet_utils/nnet_pooling_stream.h:115]   --->   Operation 52 'partselect' 'trunc_ln115_2' <Predicate = true> <Delay = 0.00>
ST_2 : Operation 53 [1/1] (0.00ns)   --->   "%trunc_ln115_3 = partselect i10 @_ssdm_op_PartSelect.i10.i80.i32.i32, i80 %layer4_out_read, i32 50, i32 59" [firmware/nnet_utils/nnet_pooling_stream.h:115]   --->   Operation 53 'partselect' 'trunc_ln115_3' <Predicate = true> <Delay = 0.00>
ST_2 : Operation 54 [1/1] (0.61ns)   --->   "%p_7 = memshiftread i10 @_ssdm_op_MemShiftRead.[13 x i10]P0A, i10 12, i10 %trunc_ln115, i1 1" [firmware/nnet_utils/nnet_conv_stream.h:246->firmware/nnet_utils/nnet_pooling_stream.h:52->firmware/nnet_utils/nnet_pooling_stream.h:115]   --->   Operation 54 'memshiftread' 'p_7' <Predicate = true> <Delay = 0.61> <CoreInst = "ShiftReg">   --->   Core 77 'ShiftReg' <Latency = 0> <II = 1> <Delay = 0.61> <Storage> <Opcode : 'memshiftread' 'load'> <Ports = 1> <Width = 10> <Depth = 13> <ShiftMem>
ST_2 : Operation 55 [1/1] (0.61ns)   --->   "%p_8 = memshiftread i10 @_ssdm_op_MemShiftRead.[13 x i10]P0A, i10 12, i10 %trunc_ln115_9, i1 1" [firmware/nnet_utils/nnet_conv_stream.h:246->firmware/nnet_utils/nnet_pooling_stream.h:52->firmware/nnet_utils/nnet_pooling_stream.h:115]   --->   Operation 55 'memshiftread' 'p_8' <Predicate = true> <Delay = 0.61> <CoreInst = "ShiftReg">   --->   Core 77 'ShiftReg' <Latency = 0> <II = 1> <Delay = 0.61> <Storage> <Opcode : 'memshiftread' 'load'> <Ports = 1> <Width = 10> <Depth = 13> <ShiftMem>
ST_2 : Operation 56 [1/1] (0.61ns)   --->   "%p_9 = memshiftread i10 @_ssdm_op_MemShiftRead.[13 x i10]P0A, i10 12, i10 %trunc_ln115_s, i1 1" [firmware/nnet_utils/nnet_conv_stream.h:246->firmware/nnet_utils/nnet_pooling_stream.h:52->firmware/nnet_utils/nnet_pooling_stream.h:115]   --->   Operation 56 'memshiftread' 'p_9' <Predicate = true> <Delay = 0.61> <CoreInst = "ShiftReg">   --->   Core 77 'ShiftReg' <Latency = 0> <II = 1> <Delay = 0.61> <Storage> <Opcode : 'memshiftread' 'load'> <Ports = 1> <Width = 10> <Depth = 13> <ShiftMem>
ST_2 : Operation 57 [1/1] (0.61ns)   --->   "%p_4 = memshiftread i10 @_ssdm_op_MemShiftRead.[13 x i10]P0A, i10 12, i10 %trunc_ln115_1, i1 1" [firmware/nnet_utils/nnet_conv_stream.h:246->firmware/nnet_utils/nnet_pooling_stream.h:52->firmware/nnet_utils/nnet_pooling_stream.h:115]   --->   Operation 57 'memshiftread' 'p_4' <Predicate = true> <Delay = 0.61> <CoreInst = "ShiftReg">   --->   Core 77 'ShiftReg' <Latency = 0> <II = 1> <Delay = 0.61> <Storage> <Opcode : 'memshiftread' 'load'> <Ports = 1> <Width = 10> <Depth = 13> <ShiftMem>
ST_2 : Operation 58 [1/1] (0.61ns)   --->   "%p_5 = memshiftread i10 @_ssdm_op_MemShiftRead.[13 x i10]P0A, i10 12, i10 %trunc_ln115_2, i1 1" [firmware/nnet_utils/nnet_conv_stream.h:246->firmware/nnet_utils/nnet_pooling_stream.h:52->firmware/nnet_utils/nnet_pooling_stream.h:115]   --->   Operation 58 'memshiftread' 'p_5' <Predicate = true> <Delay = 0.61> <CoreInst = "ShiftReg">   --->   Core 77 'ShiftReg' <Latency = 0> <II = 1> <Delay = 0.61> <Storage> <Opcode : 'memshiftread' 'load'> <Ports = 1> <Width = 10> <Depth = 13> <ShiftMem>
ST_2 : Operation 59 [1/1] (0.61ns)   --->   "%p_6 = memshiftread i10 @_ssdm_op_MemShiftRead.[13 x i10]P0A, i10 12, i10 %trunc_ln115_3, i1 1" [firmware/nnet_utils/nnet_conv_stream.h:246->firmware/nnet_utils/nnet_pooling_stream.h:52->firmware/nnet_utils/nnet_pooling_stream.h:115]   --->   Operation 59 'memshiftread' 'p_6' <Predicate = true> <Delay = 0.61> <CoreInst = "ShiftReg">   --->   Core 77 'ShiftReg' <Latency = 0> <II = 1> <Delay = 0.61> <Storage> <Opcode : 'memshiftread' 'load'> <Ports = 1> <Width = 10> <Depth = 13> <ShiftMem>
ST_2 : Operation 60 [1/1] (0.61ns)   --->   "%p_s = memshiftread i10 @_ssdm_op_MemShiftRead.[13 x i10]P0A, i10 12, i10 %trunc_ln115_6, i1 1" [firmware/nnet_utils/nnet_conv_stream.h:246->firmware/nnet_utils/nnet_pooling_stream.h:52->firmware/nnet_utils/nnet_pooling_stream.h:115]   --->   Operation 60 'memshiftread' 'p_s' <Predicate = true> <Delay = 0.61> <CoreInst = "ShiftReg">   --->   Core 77 'ShiftReg' <Latency = 0> <II = 1> <Delay = 0.61> <Storage> <Opcode : 'memshiftread' 'load'> <Ports = 1> <Width = 10> <Depth = 13> <ShiftMem>
ST_2 : Operation 61 [1/1] (0.61ns)   --->   "%p_0 = memshiftread i10 @_ssdm_op_MemShiftRead.[13 x i10]P0A, i10 12, i10 %trunc_ln115_7, i1 1" [firmware/nnet_utils/nnet_conv_stream.h:246->firmware/nnet_utils/nnet_pooling_stream.h:52->firmware/nnet_utils/nnet_pooling_stream.h:115]   --->   Operation 61 'memshiftread' 'p_0' <Predicate = true> <Delay = 0.61> <CoreInst = "ShiftReg">   --->   Core 77 'ShiftReg' <Latency = 0> <II = 1> <Delay = 0.61> <Storage> <Opcode : 'memshiftread' 'load'> <Ports = 1> <Width = 10> <Depth = 13> <ShiftMem>
ST_2 : Operation 62 [1/1] (0.00ns)   --->   "%void_compute_pool_buffer_2d_array_const_ap_shift_reg_n_filt_stream_kernel_2 = load i10 %void_compute_pool_buffer_2d_array_const_ap_shift_reg_n_filt_stream_kernel_1" [firmware/nnet_utils/nnet_conv_stream.h:201->firmware/nnet_utils/nnet_conv_stream.h:252->firmware/nnet_utils/nnet_pooling_stream.h:52->firmware/nnet_utils/nnet_pooling_stream.h:115]   --->   Operation 62 'load' 'void_compute_pool_buffer_2d_array_const_ap_shift_reg_n_filt_stream_kernel_2' <Predicate = true> <Delay = 0.00>
ST_2 : Operation 63 [1/1] (0.00ns)   --->   "%void_compute_pool_buffer_2d_array_const_ap_shift_reg_n_filt_stream_kernel_3 = load i10 %void_compute_pool_buffer_2d_array_const_ap_shift_reg_n_filt_stream_kernel" [firmware/nnet_utils/nnet_conv_stream.h:201->firmware/nnet_utils/nnet_conv_stream.h:252->firmware/nnet_utils/nnet_pooling_stream.h:52->firmware/nnet_utils/nnet_pooling_stream.h:115]   --->   Operation 63 'load' 'void_compute_pool_buffer_2d_array_const_ap_shift_reg_n_filt_stream_kernel_3' <Predicate = true> <Delay = 0.00>
ST_2 : Operation 64 [1/1] (0.00ns)   --->   "%p_ZZN4nnet22compute_pool_buffer_2dINS_5arrayI9ap_ufixedILi10ELi0EL9ap_q_mode4EL9a_40 = load i10 %p_ZZN4nnet22compute_pool_buffer_2dINS_5arrayI9ap_ufixedILi10ELi0EL9ap_q_mode4EL9a_13" [firmware/nnet_utils/nnet_conv_stream.h:201->firmware/nnet_utils/nnet_conv_stream.h:252->firmware/nnet_utils/nnet_pooling_stream.h:52->firmware/nnet_utils/nnet_pooling_stream.h:115]   --->   Operation 64 'load' 'p_ZZN4nnet22compute_pool_buffer_2dINS_5arrayI9ap_ufixedILi10ELi0EL9ap_q_mode4EL9a_40' <Predicate = true> <Delay = 0.00>
ST_2 : Operation 65 [1/1] (0.00ns)   --->   "%p_ZZN4nnet22compute_pool_buffer_2dINS_5arrayI9ap_ufixedILi10ELi0EL9ap_q_mode4EL9a_41 = load i10 %p_ZZN4nnet22compute_pool_buffer_2dINS_5arrayI9ap_ufixedILi10ELi0EL9ap_q_mode4EL9a_12" [firmware/nnet_utils/nnet_conv_stream.h:201->firmware/nnet_utils/nnet_conv_stream.h:252->firmware/nnet_utils/nnet_pooling_stream.h:52->firmware/nnet_utils/nnet_pooling_stream.h:115]   --->   Operation 65 'load' 'p_ZZN4nnet22compute_pool_buffer_2dINS_5arrayI9ap_ufixedILi10ELi0EL9ap_q_mode4EL9a_41' <Predicate = true> <Delay = 0.00>
ST_2 : Operation 66 [1/1] (0.00ns)   --->   "%p_ZZN4nnet22compute_pool_buffer_2dINS_5arrayI9ap_ufixedILi10ELi0EL9ap_q_mode4EL9a_42 = load i10 %p_ZZN4nnet22compute_pool_buffer_2dINS_5arrayI9ap_ufixedILi10ELi0EL9ap_q_mode4EL9a_11" [firmware/nnet_utils/nnet_conv_stream.h:201->firmware/nnet_utils/nnet_conv_stream.h:252->firmware/nnet_utils/nnet_pooling_stream.h:52->firmware/nnet_utils/nnet_pooling_stream.h:115]   --->   Operation 66 'load' 'p_ZZN4nnet22compute_pool_buffer_2dINS_5arrayI9ap_ufixedILi10ELi0EL9ap_q_mode4EL9a_42' <Predicate = true> <Delay = 0.00>
ST_2 : Operation 67 [1/1] (0.00ns)   --->   "%p_ZZN4nnet22compute_pool_buffer_2dINS_5arrayI9ap_ufixedILi10ELi0EL9ap_q_mode4EL9a_43 = load i10 %p_ZZN4nnet22compute_pool_buffer_2dINS_5arrayI9ap_ufixedILi10ELi0EL9ap_q_mode4EL9a_10" [firmware/nnet_utils/nnet_conv_stream.h:201->firmware/nnet_utils/nnet_conv_stream.h:252->firmware/nnet_utils/nnet_pooling_stream.h:52->firmware/nnet_utils/nnet_pooling_stream.h:115]   --->   Operation 67 'load' 'p_ZZN4nnet22compute_pool_buffer_2dINS_5arrayI9ap_ufixedILi10ELi0EL9ap_q_mode4EL9a_43' <Predicate = true> <Delay = 0.00>
ST_2 : Operation 68 [1/1] (0.00ns)   --->   "%p_ZZN4nnet22compute_pool_buffer_2dINS_5arrayI9ap_ufixedILi10ELi0EL9ap_q_mode4EL9a_44 = load i10 %p_ZZN4nnet22compute_pool_buffer_2dINS_5arrayI9ap_ufixedILi10ELi0EL9ap_q_mode4EL9a_9" [firmware/nnet_utils/nnet_conv_stream.h:201->firmware/nnet_utils/nnet_conv_stream.h:252->firmware/nnet_utils/nnet_pooling_stream.h:52->firmware/nnet_utils/nnet_pooling_stream.h:115]   --->   Operation 68 'load' 'p_ZZN4nnet22compute_pool_buffer_2dINS_5arrayI9ap_ufixedILi10ELi0EL9ap_q_mode4EL9a_44' <Predicate = true> <Delay = 0.00>
ST_2 : Operation 69 [1/1] (0.00ns)   --->   "%p_ZZN4nnet22compute_pool_buffer_2dINS_5arrayI9ap_ufixedILi10ELi0EL9ap_q_mode4EL9a_45 = load i10 %p_ZZN4nnet22compute_pool_buffer_2dINS_5arrayI9ap_ufixedILi10ELi0EL9ap_q_mode4EL9a_8" [firmware/nnet_utils/nnet_conv_stream.h:201->firmware/nnet_utils/nnet_conv_stream.h:252->firmware/nnet_utils/nnet_pooling_stream.h:52->firmware/nnet_utils/nnet_pooling_stream.h:115]   --->   Operation 69 'load' 'p_ZZN4nnet22compute_pool_buffer_2dINS_5arrayI9ap_ufixedILi10ELi0EL9ap_q_mode4EL9a_45' <Predicate = true> <Delay = 0.00>
ST_2 : Operation 70 [1/1] (0.00ns)   --->   "%p_ZZN4nnet22compute_pool_buffer_2dINS_5arrayI9ap_ufixedILi10ELi0EL9ap_q_mode4EL9a_46 = load i10 %p_ZZN4nnet22compute_pool_buffer_2dINS_5arrayI9ap_ufixedILi10ELi0EL9ap_q_mode4EL9a_7" [firmware/nnet_utils/nnet_conv_stream.h:201->firmware/nnet_utils/nnet_conv_stream.h:252->firmware/nnet_utils/nnet_pooling_stream.h:52->firmware/nnet_utils/nnet_pooling_stream.h:115]   --->   Operation 70 'load' 'p_ZZN4nnet22compute_pool_buffer_2dINS_5arrayI9ap_ufixedILi10ELi0EL9ap_q_mode4EL9a_46' <Predicate = true> <Delay = 0.00>
ST_2 : Operation 71 [1/1] (0.00ns)   --->   "%p_ZZN4nnet22compute_pool_buffer_2dINS_5arrayI9ap_ufixedILi10ELi0EL9ap_q_mode4EL9a_47 = load i10 %p_ZZN4nnet22compute_pool_buffer_2dINS_5arrayI9ap_ufixedILi10ELi0EL9ap_q_mode4EL9a_6" [firmware/nnet_utils/nnet_conv_stream.h:201->firmware/nnet_utils/nnet_conv_stream.h:252->firmware/nnet_utils/nnet_pooling_stream.h:52->firmware/nnet_utils/nnet_pooling_stream.h:115]   --->   Operation 71 'load' 'p_ZZN4nnet22compute_pool_buffer_2dINS_5arrayI9ap_ufixedILi10ELi0EL9ap_q_mode4EL9a_47' <Predicate = true> <Delay = 0.00>
ST_2 : Operation 72 [1/1] (0.00ns)   --->   "%p_ZZN4nnet22compute_pool_buffer_2dINS_5arrayI9ap_ufixedILi10ELi0EL9ap_q_mode4EL9a_48 = load i10 %p_ZZN4nnet22compute_pool_buffer_2dINS_5arrayI9ap_ufixedILi10ELi0EL9ap_q_mode4EL9a_5" [firmware/nnet_utils/nnet_conv_stream.h:201->firmware/nnet_utils/nnet_conv_stream.h:252->firmware/nnet_utils/nnet_pooling_stream.h:52->firmware/nnet_utils/nnet_pooling_stream.h:115]   --->   Operation 72 'load' 'p_ZZN4nnet22compute_pool_buffer_2dINS_5arrayI9ap_ufixedILi10ELi0EL9ap_q_mode4EL9a_48' <Predicate = true> <Delay = 0.00>
ST_2 : Operation 73 [1/1] (0.00ns)   --->   "%p_ZZN4nnet22compute_pool_buffer_2dINS_5arrayI9ap_ufixedILi10ELi0EL9ap_q_mode4EL9a_49 = load i10 %p_ZZN4nnet22compute_pool_buffer_2dINS_5arrayI9ap_ufixedILi10ELi0EL9ap_q_mode4EL9a_4" [firmware/nnet_utils/nnet_conv_stream.h:201->firmware/nnet_utils/nnet_conv_stream.h:252->firmware/nnet_utils/nnet_pooling_stream.h:52->firmware/nnet_utils/nnet_pooling_stream.h:115]   --->   Operation 73 'load' 'p_ZZN4nnet22compute_pool_buffer_2dINS_5arrayI9ap_ufixedILi10ELi0EL9ap_q_mode4EL9a_49' <Predicate = true> <Delay = 0.00>
ST_2 : Operation 74 [1/1] (0.00ns)   --->   "%p_ZZN4nnet22compute_pool_buffer_2dINS_5arrayI9ap_ufixedILi10ELi0EL9ap_q_mode4EL9a_50 = load i10 %p_ZZN4nnet22compute_pool_buffer_2dINS_5arrayI9ap_ufixedILi10ELi0EL9ap_q_mode4EL9a_3" [firmware/nnet_utils/nnet_conv_stream.h:201->firmware/nnet_utils/nnet_conv_stream.h:252->firmware/nnet_utils/nnet_pooling_stream.h:52->firmware/nnet_utils/nnet_pooling_stream.h:115]   --->   Operation 74 'load' 'p_ZZN4nnet22compute_pool_buffer_2dINS_5arrayI9ap_ufixedILi10ELi0EL9ap_q_mode4EL9a_50' <Predicate = true> <Delay = 0.00>
ST_2 : Operation 75 [1/1] (0.00ns)   --->   "%p_ZZN4nnet22compute_pool_buffer_2dINS_5arrayI9ap_ufixedILi10ELi0EL9ap_q_mode4EL9a_51 = load i10 %p_ZZN4nnet22compute_pool_buffer_2dINS_5arrayI9ap_ufixedILi10ELi0EL9ap_q_mode4EL9a_2" [firmware/nnet_utils/nnet_conv_stream.h:201->firmware/nnet_utils/nnet_conv_stream.h:252->firmware/nnet_utils/nnet_pooling_stream.h:52->firmware/nnet_utils/nnet_pooling_stream.h:115]   --->   Operation 75 'load' 'p_ZZN4nnet22compute_pool_buffer_2dINS_5arrayI9ap_ufixedILi10ELi0EL9ap_q_mode4EL9a_51' <Predicate = true> <Delay = 0.00>
ST_2 : Operation 76 [1/1] (0.00ns)   --->   "%p_ZZN4nnet22compute_pool_buffer_2dINS_5arrayI9ap_ufixedILi10ELi0EL9ap_q_mode4EL9a_52 = load i10 %p_ZZN4nnet22compute_pool_buffer_2dINS_5arrayI9ap_ufixedILi10ELi0EL9ap_q_mode4EL9a_1" [firmware/nnet_utils/nnet_conv_stream.h:201->firmware/nnet_utils/nnet_conv_stream.h:252->firmware/nnet_utils/nnet_pooling_stream.h:52->firmware/nnet_utils/nnet_pooling_stream.h:115]   --->   Operation 76 'load' 'p_ZZN4nnet22compute_pool_buffer_2dINS_5arrayI9ap_ufixedILi10ELi0EL9ap_q_mode4EL9a_52' <Predicate = true> <Delay = 0.00>
ST_2 : Operation 77 [1/1] (0.00ns)   --->   "%p_ZZN4nnet22compute_pool_buffer_2dINS_5arrayI9ap_ufixedILi10ELi0EL9ap_q_mode4EL9a_53 = load i10 %p_ZZN4nnet22compute_pool_buffer_2dINS_5arrayI9ap_ufixedILi10ELi0EL9ap_q_mode4EL9a" [firmware/nnet_utils/nnet_conv_stream.h:201->firmware/nnet_utils/nnet_conv_stream.h:252->firmware/nnet_utils/nnet_pooling_stream.h:52->firmware/nnet_utils/nnet_pooling_stream.h:115]   --->   Operation 77 'load' 'p_ZZN4nnet22compute_pool_buffer_2dINS_5arrayI9ap_ufixedILi10ELi0EL9ap_q_mode4EL9a_53' <Predicate = true> <Delay = 0.00>
ST_2 : Operation 78 [1/1] (0.00ns)   --->   "%store_ln214 = store i10 %p_7, i10 %void_compute_pool_buffer_2d_array_const_ap_shift_reg_n_filt_stream_kernel_1" [firmware/nnet_utils/nnet_conv_stream.h:214->firmware/nnet_utils/nnet_conv_stream.h:252->firmware/nnet_utils/nnet_pooling_stream.h:52->firmware/nnet_utils/nnet_pooling_stream.h:115]   --->   Operation 78 'store' 'store_ln214' <Predicate = true> <Delay = 0.00>
ST_2 : Operation 79 [1/1] (0.00ns)   --->   "%store_ln214 = store i10 %p_8, i10 %void_compute_pool_buffer_2d_array_const_ap_shift_reg_n_filt_stream_kernel" [firmware/nnet_utils/nnet_conv_stream.h:214->firmware/nnet_utils/nnet_conv_stream.h:252->firmware/nnet_utils/nnet_pooling_stream.h:52->firmware/nnet_utils/nnet_pooling_stream.h:115]   --->   Operation 79 'store' 'store_ln214' <Predicate = true> <Delay = 0.00>
ST_2 : Operation 80 [1/1] (0.00ns)   --->   "%store_ln214 = store i10 %p_9, i10 %p_ZZN4nnet22compute_pool_buffer_2dINS_5arrayI9ap_ufixedILi10ELi0EL9ap_q_mode4EL9a_13" [firmware/nnet_utils/nnet_conv_stream.h:214->firmware/nnet_utils/nnet_conv_stream.h:252->firmware/nnet_utils/nnet_pooling_stream.h:52->firmware/nnet_utils/nnet_pooling_stream.h:115]   --->   Operation 80 'store' 'store_ln214' <Predicate = true> <Delay = 0.00>
ST_2 : Operation 81 [1/1] (0.00ns)   --->   "%store_ln214 = store i10 %p_4, i10 %p_ZZN4nnet22compute_pool_buffer_2dINS_5arrayI9ap_ufixedILi10ELi0EL9ap_q_mode4EL9a_12" [firmware/nnet_utils/nnet_conv_stream.h:214->firmware/nnet_utils/nnet_conv_stream.h:252->firmware/nnet_utils/nnet_pooling_stream.h:52->firmware/nnet_utils/nnet_pooling_stream.h:115]   --->   Operation 81 'store' 'store_ln214' <Predicate = true> <Delay = 0.00>
ST_2 : Operation 82 [1/1] (0.00ns)   --->   "%store_ln214 = store i10 %p_5, i10 %p_ZZN4nnet22compute_pool_buffer_2dINS_5arrayI9ap_ufixedILi10ELi0EL9ap_q_mode4EL9a_11" [firmware/nnet_utils/nnet_conv_stream.h:214->firmware/nnet_utils/nnet_conv_stream.h:252->firmware/nnet_utils/nnet_pooling_stream.h:52->firmware/nnet_utils/nnet_pooling_stream.h:115]   --->   Operation 82 'store' 'store_ln214' <Predicate = true> <Delay = 0.00>
ST_2 : Operation 83 [1/1] (0.00ns)   --->   "%store_ln214 = store i10 %p_6, i10 %p_ZZN4nnet22compute_pool_buffer_2dINS_5arrayI9ap_ufixedILi10ELi0EL9ap_q_mode4EL9a_10" [firmware/nnet_utils/nnet_conv_stream.h:214->firmware/nnet_utils/nnet_conv_stream.h:252->firmware/nnet_utils/nnet_pooling_stream.h:52->firmware/nnet_utils/nnet_pooling_stream.h:115]   --->   Operation 83 'store' 'store_ln214' <Predicate = true> <Delay = 0.00>
ST_2 : Operation 84 [1/1] (0.00ns)   --->   "%store_ln214 = store i10 %p_s, i10 %p_ZZN4nnet22compute_pool_buffer_2dINS_5arrayI9ap_ufixedILi10ELi0EL9ap_q_mode4EL9a_9" [firmware/nnet_utils/nnet_conv_stream.h:214->firmware/nnet_utils/nnet_conv_stream.h:252->firmware/nnet_utils/nnet_pooling_stream.h:52->firmware/nnet_utils/nnet_pooling_stream.h:115]   --->   Operation 84 'store' 'store_ln214' <Predicate = true> <Delay = 0.00>
ST_2 : Operation 85 [1/1] (0.00ns)   --->   "%store_ln214 = store i10 %p_0, i10 %p_ZZN4nnet22compute_pool_buffer_2dINS_5arrayI9ap_ufixedILi10ELi0EL9ap_q_mode4EL9a_8" [firmware/nnet_utils/nnet_conv_stream.h:214->firmware/nnet_utils/nnet_conv_stream.h:252->firmware/nnet_utils/nnet_pooling_stream.h:52->firmware/nnet_utils/nnet_pooling_stream.h:115]   --->   Operation 85 'store' 'store_ln214' <Predicate = true> <Delay = 0.00>
ST_2 : Operation 86 [1/1] (0.00ns)   --->   "%store_ln214 = store i10 %trunc_ln115, i10 %p_ZZN4nnet22compute_pool_buffer_2dINS_5arrayI9ap_ufixedILi10ELi0EL9ap_q_mode4EL9a_7" [firmware/nnet_utils/nnet_conv_stream.h:214->firmware/nnet_utils/nnet_conv_stream.h:252->firmware/nnet_utils/nnet_pooling_stream.h:52->firmware/nnet_utils/nnet_pooling_stream.h:115]   --->   Operation 86 'store' 'store_ln214' <Predicate = true> <Delay = 0.00>
ST_2 : Operation 87 [1/1] (0.00ns)   --->   "%store_ln214 = store i10 %trunc_ln115_9, i10 %p_ZZN4nnet22compute_pool_buffer_2dINS_5arrayI9ap_ufixedILi10ELi0EL9ap_q_mode4EL9a_6" [firmware/nnet_utils/nnet_conv_stream.h:214->firmware/nnet_utils/nnet_conv_stream.h:252->firmware/nnet_utils/nnet_pooling_stream.h:52->firmware/nnet_utils/nnet_pooling_stream.h:115]   --->   Operation 87 'store' 'store_ln214' <Predicate = true> <Delay = 0.00>
ST_2 : Operation 88 [1/1] (0.00ns)   --->   "%store_ln214 = store i10 %trunc_ln115_s, i10 %p_ZZN4nnet22compute_pool_buffer_2dINS_5arrayI9ap_ufixedILi10ELi0EL9ap_q_mode4EL9a_5" [firmware/nnet_utils/nnet_conv_stream.h:214->firmware/nnet_utils/nnet_conv_stream.h:252->firmware/nnet_utils/nnet_pooling_stream.h:52->firmware/nnet_utils/nnet_pooling_stream.h:115]   --->   Operation 88 'store' 'store_ln214' <Predicate = true> <Delay = 0.00>
ST_2 : Operation 89 [1/1] (0.00ns)   --->   "%store_ln214 = store i10 %trunc_ln115_1, i10 %p_ZZN4nnet22compute_pool_buffer_2dINS_5arrayI9ap_ufixedILi10ELi0EL9ap_q_mode4EL9a_4" [firmware/nnet_utils/nnet_conv_stream.h:214->firmware/nnet_utils/nnet_conv_stream.h:252->firmware/nnet_utils/nnet_pooling_stream.h:52->firmware/nnet_utils/nnet_pooling_stream.h:115]   --->   Operation 89 'store' 'store_ln214' <Predicate = true> <Delay = 0.00>
ST_2 : Operation 90 [1/1] (0.00ns)   --->   "%store_ln214 = store i10 %trunc_ln115_2, i10 %p_ZZN4nnet22compute_pool_buffer_2dINS_5arrayI9ap_ufixedILi10ELi0EL9ap_q_mode4EL9a_3" [firmware/nnet_utils/nnet_conv_stream.h:214->firmware/nnet_utils/nnet_conv_stream.h:252->firmware/nnet_utils/nnet_pooling_stream.h:52->firmware/nnet_utils/nnet_pooling_stream.h:115]   --->   Operation 90 'store' 'store_ln214' <Predicate = true> <Delay = 0.00>
ST_2 : Operation 91 [1/1] (0.00ns)   --->   "%store_ln214 = store i10 %trunc_ln115_3, i10 %p_ZZN4nnet22compute_pool_buffer_2dINS_5arrayI9ap_ufixedILi10ELi0EL9ap_q_mode4EL9a_2" [firmware/nnet_utils/nnet_conv_stream.h:214->firmware/nnet_utils/nnet_conv_stream.h:252->firmware/nnet_utils/nnet_pooling_stream.h:52->firmware/nnet_utils/nnet_pooling_stream.h:115]   --->   Operation 91 'store' 'store_ln214' <Predicate = true> <Delay = 0.00>
ST_2 : Operation 92 [1/1] (0.00ns)   --->   "%store_ln214 = store i10 %trunc_ln115_6, i10 %p_ZZN4nnet22compute_pool_buffer_2dINS_5arrayI9ap_ufixedILi10ELi0EL9ap_q_mode4EL9a_1" [firmware/nnet_utils/nnet_conv_stream.h:214->firmware/nnet_utils/nnet_conv_stream.h:252->firmware/nnet_utils/nnet_pooling_stream.h:52->firmware/nnet_utils/nnet_pooling_stream.h:115]   --->   Operation 92 'store' 'store_ln214' <Predicate = true> <Delay = 0.00>
ST_2 : Operation 93 [1/1] (0.00ns)   --->   "%store_ln214 = store i10 %trunc_ln115_7, i10 %p_ZZN4nnet22compute_pool_buffer_2dINS_5arrayI9ap_ufixedILi10ELi0EL9ap_q_mode4EL9a" [firmware/nnet_utils/nnet_conv_stream.h:214->firmware/nnet_utils/nnet_conv_stream.h:252->firmware/nnet_utils/nnet_pooling_stream.h:52->firmware/nnet_utils/nnet_pooling_stream.h:115]   --->   Operation 93 'store' 'store_ln214' <Predicate = true> <Delay = 0.00>
ST_2 : Operation 94 [1/1] (0.00ns)   --->   "%sY_load = load i32 %sY" [firmware/nnet_utils/nnet_pooling_stream.h:55->firmware/nnet_utils/nnet_pooling_stream.h:115]   --->   Operation 94 'load' 'sY_load' <Predicate = (icmp_ln55)> <Delay = 0.00>
ST_2 : Operation 95 [1/1] (0.88ns)   --->   "%icmp_ln55_1 = icmp_eq  i32 %sY_load, i32 1" [firmware/nnet_utils/nnet_pooling_stream.h:55->firmware/nnet_utils/nnet_pooling_stream.h:115]   --->   Operation 95 'icmp' 'icmp_ln55_1' <Predicate = (icmp_ln55)> <Delay = 0.88> <CoreInst = "Cmp">   --->   Core 9 'Cmp' <Latency = 0> <II = 1> <Delay = 0.88> <FuncUnit> <Opcode : 'icmp'> <InPorts = 2> <OutPorts = 1>
ST_2 : Operation 96 [1/1] (0.00ns) (grouped into LUT with out node and_ln55_1)   --->   "%and_ln55 = and i1 %icmp_ln55_2, i1 %icmp_ln55_3" [firmware/nnet_utils/nnet_pooling_stream.h:55->firmware/nnet_utils/nnet_pooling_stream.h:115]   --->   Operation 96 'and' 'and_ln55' <Predicate = (icmp_ln55)> <Delay = 0.00> <CoreInst = "LogicGate">   --->   Core 74 'LogicGate' <Latency = 0> <II = 1> <Delay = 0.12> <FuncUnit> <Opcode : 'and' 'or' 'xor'> <InPorts = 2> <OutPorts = 1>
ST_2 : Operation 97 [1/1] (0.12ns) (out node of the LUT)   --->   "%and_ln55_1 = and i1 %and_ln55, i1 %icmp_ln55_1" [firmware/nnet_utils/nnet_pooling_stream.h:55->firmware/nnet_utils/nnet_pooling_stream.h:115]   --->   Operation 97 'and' 'and_ln55_1' <Predicate = (icmp_ln55)> <Delay = 0.12> <CoreInst = "LogicGate">   --->   Core 74 'LogicGate' <Latency = 0> <II = 1> <Delay = 0.12> <FuncUnit> <Opcode : 'and' 'or' 'xor'> <InPorts = 2> <OutPorts = 1>
ST_2 : Operation 98 [1/1] (0.00ns)   --->   "%br_ln55 = br i1 %and_ln55_1, void %if.end.i, void %for.body19.i" [firmware/nnet_utils/nnet_pooling_stream.h:55->firmware/nnet_utils/nnet_pooling_stream.h:115]   --->   Operation 98 'br' 'br_ln55' <Predicate = (icmp_ln55)> <Delay = 0.00>
ST_2 : Operation 99 [1/1] (0.72ns)   --->   "%icmp_ln65 = icmp_ult  i10 %void_compute_pool_buffer_2d_array_const_ap_shift_reg_n_filt_stream_kernel_2, i10 %p_7" [firmware/nnet_utils/nnet_common.h:65->firmware/nnet_utils/nnet_common.h:43->firmware/nnet_utils/nnet_common.h:45->firmware/nnet_utils/nnet_pooling_stream.h:21->firmware/nnet_utils/nnet_pooling_stream.h:68->firmware/nnet_utils/nnet_pooling_stream.h:115]   --->   Operation 99 'icmp' 'icmp_ln65' <Predicate = (icmp_ln55 & and_ln55_1)> <Delay = 0.72> <CoreInst = "Cmp">   --->   Core 9 'Cmp' <Latency = 0> <II = 1> <Delay = 0.72> <FuncUnit> <Opcode : 'icmp'> <InPorts = 2> <OutPorts = 1>
ST_2 : Operation 100 [1/1] (0.00ns) (grouped into LUT with out node select_ln65)   --->   "%xor_ln65 = xor i1 %icmp_ln65, i1 1" [firmware/nnet_utils/nnet_common.h:65->firmware/nnet_utils/nnet_common.h:43->firmware/nnet_utils/nnet_common.h:45->firmware/nnet_utils/nnet_pooling_stream.h:21->firmware/nnet_utils/nnet_pooling_stream.h:68->firmware/nnet_utils/nnet_pooling_stream.h:115]   --->   Operation 100 'xor' 'xor_ln65' <Predicate = (icmp_ln55 & and_ln55_1)> <Delay = 0.00> <CoreInst = "LogicGate">   --->   Core 74 'LogicGate' <Latency = 0> <II = 1> <Delay = 0.12> <FuncUnit> <Opcode : 'and' 'or' 'xor'> <InPorts = 2> <OutPorts = 1>
ST_2 : Operation 101 [1/1] (0.30ns) (out node of the LUT)   --->   "%select_ln65 = select i1 %xor_ln65, i10 %void_compute_pool_buffer_2d_array_const_ap_shift_reg_n_filt_stream_kernel_2, i10 %p_7" [firmware/nnet_utils/nnet_common.h:65->firmware/nnet_utils/nnet_common.h:43->firmware/nnet_utils/nnet_common.h:45->firmware/nnet_utils/nnet_pooling_stream.h:21->firmware/nnet_utils/nnet_pooling_stream.h:68->firmware/nnet_utils/nnet_pooling_stream.h:115]   --->   Operation 101 'select' 'select_ln65' <Predicate = (icmp_ln55 & and_ln55_1)> <Delay = 0.30> <CoreInst = "Sel">   --->   Core 73 'Sel' <Latency = 0> <II = 1> <Delay = 0.30> <FuncUnit> <Opcode : 'select'> <InPorts = 3> <OutPorts = 1>
ST_2 : Operation 102 [1/1] (0.72ns)   --->   "%icmp_ln65_1 = icmp_ult  i10 %p_ZZN4nnet22compute_pool_buffer_2dINS_5arrayI9ap_ufixedILi10ELi0EL9ap_q_mode4EL9a_46, i10 %trunc_ln115" [firmware/nnet_utils/nnet_common.h:65->firmware/nnet_utils/nnet_common.h:43->firmware/nnet_utils/nnet_common.h:45->firmware/nnet_utils/nnet_pooling_stream.h:21->firmware/nnet_utils/nnet_pooling_stream.h:68->firmware/nnet_utils/nnet_pooling_stream.h:115]   --->   Operation 102 'icmp' 'icmp_ln65_1' <Predicate = (icmp_ln55 & and_ln55_1)> <Delay = 0.72> <CoreInst = "Cmp">   --->   Core 9 'Cmp' <Latency = 0> <II = 1> <Delay = 0.72> <FuncUnit> <Opcode : 'icmp'> <InPorts = 2> <OutPorts = 1>
ST_2 : Operation 103 [1/1] (0.00ns) (grouped into LUT with out node select_ln65_1)   --->   "%xor_ln65_1 = xor i1 %icmp_ln65_1, i1 1" [firmware/nnet_utils/nnet_common.h:65->firmware/nnet_utils/nnet_common.h:43->firmware/nnet_utils/nnet_common.h:45->firmware/nnet_utils/nnet_pooling_stream.h:21->firmware/nnet_utils/nnet_pooling_stream.h:68->firmware/nnet_utils/nnet_pooling_stream.h:115]   --->   Operation 103 'xor' 'xor_ln65_1' <Predicate = (icmp_ln55 & and_ln55_1)> <Delay = 0.00> <CoreInst = "LogicGate">   --->   Core 74 'LogicGate' <Latency = 0> <II = 1> <Delay = 0.12> <FuncUnit> <Opcode : 'and' 'or' 'xor'> <InPorts = 2> <OutPorts = 1>
ST_2 : Operation 104 [1/1] (0.30ns) (out node of the LUT)   --->   "%select_ln65_1 = select i1 %xor_ln65_1, i10 %p_ZZN4nnet22compute_pool_buffer_2dINS_5arrayI9ap_ufixedILi10ELi0EL9ap_q_mode4EL9a_46, i10 %trunc_ln115" [firmware/nnet_utils/nnet_common.h:65->firmware/nnet_utils/nnet_common.h:43->firmware/nnet_utils/nnet_common.h:45->firmware/nnet_utils/nnet_pooling_stream.h:21->firmware/nnet_utils/nnet_pooling_stream.h:68->firmware/nnet_utils/nnet_pooling_stream.h:115]   --->   Operation 104 'select' 'select_ln65_1' <Predicate = (icmp_ln55 & and_ln55_1)> <Delay = 0.30> <CoreInst = "Sel">   --->   Core 73 'Sel' <Latency = 0> <II = 1> <Delay = 0.30> <FuncUnit> <Opcode : 'select'> <InPorts = 3> <OutPorts = 1>
ST_2 : Operation 105 [1/1] (0.72ns)   --->   "%icmp_ln65_2 = icmp_ult  i10 %select_ln65, i10 %select_ln65_1" [firmware/nnet_utils/nnet_common.h:65->firmware/nnet_utils/nnet_common.h:45->firmware/nnet_utils/nnet_pooling_stream.h:21->firmware/nnet_utils/nnet_pooling_stream.h:68->firmware/nnet_utils/nnet_pooling_stream.h:115]   --->   Operation 105 'icmp' 'icmp_ln65_2' <Predicate = (icmp_ln55 & and_ln55_1)> <Delay = 0.72> <CoreInst = "Cmp">   --->   Core 9 'Cmp' <Latency = 0> <II = 1> <Delay = 0.72> <FuncUnit> <Opcode : 'icmp'> <InPorts = 2> <OutPorts = 1>
ST_2 : Operation 106 [1/1] (0.00ns) (grouped into LUT with out node select_ln65_2)   --->   "%xor_ln65_2 = xor i1 %icmp_ln65_2, i1 1" [firmware/nnet_utils/nnet_common.h:65->firmware/nnet_utils/nnet_common.h:45->firmware/nnet_utils/nnet_pooling_stream.h:21->firmware/nnet_utils/nnet_pooling_stream.h:68->firmware/nnet_utils/nnet_pooling_stream.h:115]   --->   Operation 106 'xor' 'xor_ln65_2' <Predicate = (icmp_ln55 & and_ln55_1)> <Delay = 0.00> <CoreInst = "LogicGate">   --->   Core 74 'LogicGate' <Latency = 0> <II = 1> <Delay = 0.12> <FuncUnit> <Opcode : 'and' 'or' 'xor'> <InPorts = 2> <OutPorts = 1>
ST_2 : Operation 107 [1/1] (0.30ns) (out node of the LUT)   --->   "%select_ln65_2 = select i1 %xor_ln65_2, i10 %select_ln65, i10 %select_ln65_1" [firmware/nnet_utils/nnet_common.h:65->firmware/nnet_utils/nnet_common.h:45->firmware/nnet_utils/nnet_pooling_stream.h:21->firmware/nnet_utils/nnet_pooling_stream.h:68->firmware/nnet_utils/nnet_pooling_stream.h:115]   --->   Operation 107 'select' 'select_ln65_2' <Predicate = (icmp_ln55 & and_ln55_1)> <Delay = 0.30> <CoreInst = "Sel">   --->   Core 73 'Sel' <Latency = 0> <II = 1> <Delay = 0.30> <FuncUnit> <Opcode : 'select'> <InPorts = 3> <OutPorts = 1>
ST_2 : Operation 108 [1/1] (0.72ns)   --->   "%icmp_ln65_3 = icmp_ult  i10 %void_compute_pool_buffer_2d_array_const_ap_shift_reg_n_filt_stream_kernel_3, i10 %p_8" [firmware/nnet_utils/nnet_common.h:65->firmware/nnet_utils/nnet_common.h:43->firmware/nnet_utils/nnet_common.h:45->firmware/nnet_utils/nnet_pooling_stream.h:21->firmware/nnet_utils/nnet_pooling_stream.h:68->firmware/nnet_utils/nnet_pooling_stream.h:115]   --->   Operation 108 'icmp' 'icmp_ln65_3' <Predicate = (icmp_ln55 & and_ln55_1)> <Delay = 0.72> <CoreInst = "Cmp">   --->   Core 9 'Cmp' <Latency = 0> <II = 1> <Delay = 0.72> <FuncUnit> <Opcode : 'icmp'> <InPorts = 2> <OutPorts = 1>
ST_2 : Operation 109 [1/1] (0.00ns) (grouped into LUT with out node select_ln65_3)   --->   "%xor_ln65_3 = xor i1 %icmp_ln65_3, i1 1" [firmware/nnet_utils/nnet_common.h:65->firmware/nnet_utils/nnet_common.h:43->firmware/nnet_utils/nnet_common.h:45->firmware/nnet_utils/nnet_pooling_stream.h:21->firmware/nnet_utils/nnet_pooling_stream.h:68->firmware/nnet_utils/nnet_pooling_stream.h:115]   --->   Operation 109 'xor' 'xor_ln65_3' <Predicate = (icmp_ln55 & and_ln55_1)> <Delay = 0.00> <CoreInst = "LogicGate">   --->   Core 74 'LogicGate' <Latency = 0> <II = 1> <Delay = 0.12> <FuncUnit> <Opcode : 'and' 'or' 'xor'> <InPorts = 2> <OutPorts = 1>
ST_2 : Operation 110 [1/1] (0.30ns) (out node of the LUT)   --->   "%select_ln65_3 = select i1 %xor_ln65_3, i10 %void_compute_pool_buffer_2d_array_const_ap_shift_reg_n_filt_stream_kernel_3, i10 %p_8" [firmware/nnet_utils/nnet_common.h:65->firmware/nnet_utils/nnet_common.h:43->firmware/nnet_utils/nnet_common.h:45->firmware/nnet_utils/nnet_pooling_stream.h:21->firmware/nnet_utils/nnet_pooling_stream.h:68->firmware/nnet_utils/nnet_pooling_stream.h:115]   --->   Operation 110 'select' 'select_ln65_3' <Predicate = (icmp_ln55 & and_ln55_1)> <Delay = 0.30> <CoreInst = "Sel">   --->   Core 73 'Sel' <Latency = 0> <II = 1> <Delay = 0.30> <FuncUnit> <Opcode : 'select'> <InPorts = 3> <OutPorts = 1>
ST_2 : Operation 111 [1/1] (0.72ns)   --->   "%icmp_ln65_4 = icmp_ult  i10 %p_ZZN4nnet22compute_pool_buffer_2dINS_5arrayI9ap_ufixedILi10ELi0EL9ap_q_mode4EL9a_47, i10 %trunc_ln115_9" [firmware/nnet_utils/nnet_common.h:65->firmware/nnet_utils/nnet_common.h:43->firmware/nnet_utils/nnet_common.h:45->firmware/nnet_utils/nnet_pooling_stream.h:21->firmware/nnet_utils/nnet_pooling_stream.h:68->firmware/nnet_utils/nnet_pooling_stream.h:115]   --->   Operation 111 'icmp' 'icmp_ln65_4' <Predicate = (icmp_ln55 & and_ln55_1)> <Delay = 0.72> <CoreInst = "Cmp">   --->   Core 9 'Cmp' <Latency = 0> <II = 1> <Delay = 0.72> <FuncUnit> <Opcode : 'icmp'> <InPorts = 2> <OutPorts = 1>
ST_2 : Operation 112 [1/1] (0.00ns) (grouped into LUT with out node select_ln65_4)   --->   "%xor_ln65_4 = xor i1 %icmp_ln65_4, i1 1" [firmware/nnet_utils/nnet_common.h:65->firmware/nnet_utils/nnet_common.h:43->firmware/nnet_utils/nnet_common.h:45->firmware/nnet_utils/nnet_pooling_stream.h:21->firmware/nnet_utils/nnet_pooling_stream.h:68->firmware/nnet_utils/nnet_pooling_stream.h:115]   --->   Operation 112 'xor' 'xor_ln65_4' <Predicate = (icmp_ln55 & and_ln55_1)> <Delay = 0.00> <CoreInst = "LogicGate">   --->   Core 74 'LogicGate' <Latency = 0> <II = 1> <Delay = 0.12> <FuncUnit> <Opcode : 'and' 'or' 'xor'> <InPorts = 2> <OutPorts = 1>
ST_2 : Operation 113 [1/1] (0.30ns) (out node of the LUT)   --->   "%select_ln65_4 = select i1 %xor_ln65_4, i10 %p_ZZN4nnet22compute_pool_buffer_2dINS_5arrayI9ap_ufixedILi10ELi0EL9ap_q_mode4EL9a_47, i10 %trunc_ln115_9" [firmware/nnet_utils/nnet_common.h:65->firmware/nnet_utils/nnet_common.h:43->firmware/nnet_utils/nnet_common.h:45->firmware/nnet_utils/nnet_pooling_stream.h:21->firmware/nnet_utils/nnet_pooling_stream.h:68->firmware/nnet_utils/nnet_pooling_stream.h:115]   --->   Operation 113 'select' 'select_ln65_4' <Predicate = (icmp_ln55 & and_ln55_1)> <Delay = 0.30> <CoreInst = "Sel">   --->   Core 73 'Sel' <Latency = 0> <II = 1> <Delay = 0.30> <FuncUnit> <Opcode : 'select'> <InPorts = 3> <OutPorts = 1>
ST_2 : Operation 114 [1/1] (0.72ns)   --->   "%icmp_ln65_5 = icmp_ult  i10 %select_ln65_3, i10 %select_ln65_4" [firmware/nnet_utils/nnet_common.h:65->firmware/nnet_utils/nnet_common.h:45->firmware/nnet_utils/nnet_pooling_stream.h:21->firmware/nnet_utils/nnet_pooling_stream.h:68->firmware/nnet_utils/nnet_pooling_stream.h:115]   --->   Operation 114 'icmp' 'icmp_ln65_5' <Predicate = (icmp_ln55 & and_ln55_1)> <Delay = 0.72> <CoreInst = "Cmp">   --->   Core 9 'Cmp' <Latency = 0> <II = 1> <Delay = 0.72> <FuncUnit> <Opcode : 'icmp'> <InPorts = 2> <OutPorts = 1>
ST_2 : Operation 115 [1/1] (0.00ns) (grouped into LUT with out node select_ln65_5)   --->   "%xor_ln65_5 = xor i1 %icmp_ln65_5, i1 1" [firmware/nnet_utils/nnet_common.h:65->firmware/nnet_utils/nnet_common.h:45->firmware/nnet_utils/nnet_pooling_stream.h:21->firmware/nnet_utils/nnet_pooling_stream.h:68->firmware/nnet_utils/nnet_pooling_stream.h:115]   --->   Operation 115 'xor' 'xor_ln65_5' <Predicate = (icmp_ln55 & and_ln55_1)> <Delay = 0.00> <CoreInst = "LogicGate">   --->   Core 74 'LogicGate' <Latency = 0> <II = 1> <Delay = 0.12> <FuncUnit> <Opcode : 'and' 'or' 'xor'> <InPorts = 2> <OutPorts = 1>
ST_2 : Operation 116 [1/1] (0.30ns) (out node of the LUT)   --->   "%select_ln65_5 = select i1 %xor_ln65_5, i10 %select_ln65_3, i10 %select_ln65_4" [firmware/nnet_utils/nnet_common.h:65->firmware/nnet_utils/nnet_common.h:45->firmware/nnet_utils/nnet_pooling_stream.h:21->firmware/nnet_utils/nnet_pooling_stream.h:68->firmware/nnet_utils/nnet_pooling_stream.h:115]   --->   Operation 116 'select' 'select_ln65_5' <Predicate = (icmp_ln55 & and_ln55_1)> <Delay = 0.30> <CoreInst = "Sel">   --->   Core 73 'Sel' <Latency = 0> <II = 1> <Delay = 0.30> <FuncUnit> <Opcode : 'select'> <InPorts = 3> <OutPorts = 1>
ST_2 : Operation 117 [1/1] (0.72ns)   --->   "%icmp_ln65_6 = icmp_ult  i10 %p_ZZN4nnet22compute_pool_buffer_2dINS_5arrayI9ap_ufixedILi10ELi0EL9ap_q_mode4EL9a_40, i10 %p_9" [firmware/nnet_utils/nnet_common.h:65->firmware/nnet_utils/nnet_common.h:43->firmware/nnet_utils/nnet_common.h:45->firmware/nnet_utils/nnet_pooling_stream.h:21->firmware/nnet_utils/nnet_pooling_stream.h:68->firmware/nnet_utils/nnet_pooling_stream.h:115]   --->   Operation 117 'icmp' 'icmp_ln65_6' <Predicate = (icmp_ln55 & and_ln55_1)> <Delay = 0.72> <CoreInst = "Cmp">   --->   Core 9 'Cmp' <Latency = 0> <II = 1> <Delay = 0.72> <FuncUnit> <Opcode : 'icmp'> <InPorts = 2> <OutPorts = 1>
ST_2 : Operation 118 [1/1] (0.00ns) (grouped into LUT with out node select_ln65_6)   --->   "%xor_ln65_6 = xor i1 %icmp_ln65_6, i1 1" [firmware/nnet_utils/nnet_common.h:65->firmware/nnet_utils/nnet_common.h:43->firmware/nnet_utils/nnet_common.h:45->firmware/nnet_utils/nnet_pooling_stream.h:21->firmware/nnet_utils/nnet_pooling_stream.h:68->firmware/nnet_utils/nnet_pooling_stream.h:115]   --->   Operation 118 'xor' 'xor_ln65_6' <Predicate = (icmp_ln55 & and_ln55_1)> <Delay = 0.00> <CoreInst = "LogicGate">   --->   Core 74 'LogicGate' <Latency = 0> <II = 1> <Delay = 0.12> <FuncUnit> <Opcode : 'and' 'or' 'xor'> <InPorts = 2> <OutPorts = 1>
ST_2 : Operation 119 [1/1] (0.30ns) (out node of the LUT)   --->   "%select_ln65_6 = select i1 %xor_ln65_6, i10 %p_ZZN4nnet22compute_pool_buffer_2dINS_5arrayI9ap_ufixedILi10ELi0EL9ap_q_mode4EL9a_40, i10 %p_9" [firmware/nnet_utils/nnet_common.h:65->firmware/nnet_utils/nnet_common.h:43->firmware/nnet_utils/nnet_common.h:45->firmware/nnet_utils/nnet_pooling_stream.h:21->firmware/nnet_utils/nnet_pooling_stream.h:68->firmware/nnet_utils/nnet_pooling_stream.h:115]   --->   Operation 119 'select' 'select_ln65_6' <Predicate = (icmp_ln55 & and_ln55_1)> <Delay = 0.30> <CoreInst = "Sel">   --->   Core 73 'Sel' <Latency = 0> <II = 1> <Delay = 0.30> <FuncUnit> <Opcode : 'select'> <InPorts = 3> <OutPorts = 1>
ST_2 : Operation 120 [1/1] (0.72ns)   --->   "%icmp_ln65_7 = icmp_ult  i10 %p_ZZN4nnet22compute_pool_buffer_2dINS_5arrayI9ap_ufixedILi10ELi0EL9ap_q_mode4EL9a_48, i10 %trunc_ln115_s" [firmware/nnet_utils/nnet_common.h:65->firmware/nnet_utils/nnet_common.h:43->firmware/nnet_utils/nnet_common.h:45->firmware/nnet_utils/nnet_pooling_stream.h:21->firmware/nnet_utils/nnet_pooling_stream.h:68->firmware/nnet_utils/nnet_pooling_stream.h:115]   --->   Operation 120 'icmp' 'icmp_ln65_7' <Predicate = (icmp_ln55 & and_ln55_1)> <Delay = 0.72> <CoreInst = "Cmp">   --->   Core 9 'Cmp' <Latency = 0> <II = 1> <Delay = 0.72> <FuncUnit> <Opcode : 'icmp'> <InPorts = 2> <OutPorts = 1>
ST_2 : Operation 121 [1/1] (0.00ns) (grouped into LUT with out node select_ln65_7)   --->   "%xor_ln65_7 = xor i1 %icmp_ln65_7, i1 1" [firmware/nnet_utils/nnet_common.h:65->firmware/nnet_utils/nnet_common.h:43->firmware/nnet_utils/nnet_common.h:45->firmware/nnet_utils/nnet_pooling_stream.h:21->firmware/nnet_utils/nnet_pooling_stream.h:68->firmware/nnet_utils/nnet_pooling_stream.h:115]   --->   Operation 121 'xor' 'xor_ln65_7' <Predicate = (icmp_ln55 & and_ln55_1)> <Delay = 0.00> <CoreInst = "LogicGate">   --->   Core 74 'LogicGate' <Latency = 0> <II = 1> <Delay = 0.12> <FuncUnit> <Opcode : 'and' 'or' 'xor'> <InPorts = 2> <OutPorts = 1>
ST_2 : Operation 122 [1/1] (0.30ns) (out node of the LUT)   --->   "%select_ln65_7 = select i1 %xor_ln65_7, i10 %p_ZZN4nnet22compute_pool_buffer_2dINS_5arrayI9ap_ufixedILi10ELi0EL9ap_q_mode4EL9a_48, i10 %trunc_ln115_s" [firmware/nnet_utils/nnet_common.h:65->firmware/nnet_utils/nnet_common.h:43->firmware/nnet_utils/nnet_common.h:45->firmware/nnet_utils/nnet_pooling_stream.h:21->firmware/nnet_utils/nnet_pooling_stream.h:68->firmware/nnet_utils/nnet_pooling_stream.h:115]   --->   Operation 122 'select' 'select_ln65_7' <Predicate = (icmp_ln55 & and_ln55_1)> <Delay = 0.30> <CoreInst = "Sel">   --->   Core 73 'Sel' <Latency = 0> <II = 1> <Delay = 0.30> <FuncUnit> <Opcode : 'select'> <InPorts = 3> <OutPorts = 1>
ST_2 : Operation 123 [1/1] (0.72ns)   --->   "%icmp_ln65_8 = icmp_ult  i10 %select_ln65_6, i10 %select_ln65_7" [firmware/nnet_utils/nnet_common.h:65->firmware/nnet_utils/nnet_common.h:45->firmware/nnet_utils/nnet_pooling_stream.h:21->firmware/nnet_utils/nnet_pooling_stream.h:68->firmware/nnet_utils/nnet_pooling_stream.h:115]   --->   Operation 123 'icmp' 'icmp_ln65_8' <Predicate = (icmp_ln55 & and_ln55_1)> <Delay = 0.72> <CoreInst = "Cmp">   --->   Core 9 'Cmp' <Latency = 0> <II = 1> <Delay = 0.72> <FuncUnit> <Opcode : 'icmp'> <InPorts = 2> <OutPorts = 1>
ST_2 : Operation 124 [1/1] (0.00ns) (grouped into LUT with out node select_ln65_8)   --->   "%xor_ln65_8 = xor i1 %icmp_ln65_8, i1 1" [firmware/nnet_utils/nnet_common.h:65->firmware/nnet_utils/nnet_common.h:45->firmware/nnet_utils/nnet_pooling_stream.h:21->firmware/nnet_utils/nnet_pooling_stream.h:68->firmware/nnet_utils/nnet_pooling_stream.h:115]   --->   Operation 124 'xor' 'xor_ln65_8' <Predicate = (icmp_ln55 & and_ln55_1)> <Delay = 0.00> <CoreInst = "LogicGate">   --->   Core 74 'LogicGate' <Latency = 0> <II = 1> <Delay = 0.12> <FuncUnit> <Opcode : 'and' 'or' 'xor'> <InPorts = 2> <OutPorts = 1>
ST_2 : Operation 125 [1/1] (0.30ns) (out node of the LUT)   --->   "%select_ln65_8 = select i1 %xor_ln65_8, i10 %select_ln65_6, i10 %select_ln65_7" [firmware/nnet_utils/nnet_common.h:65->firmware/nnet_utils/nnet_common.h:45->firmware/nnet_utils/nnet_pooling_stream.h:21->firmware/nnet_utils/nnet_pooling_stream.h:68->firmware/nnet_utils/nnet_pooling_stream.h:115]   --->   Operation 125 'select' 'select_ln65_8' <Predicate = (icmp_ln55 & and_ln55_1)> <Delay = 0.30> <CoreInst = "Sel">   --->   Core 73 'Sel' <Latency = 0> <II = 1> <Delay = 0.30> <FuncUnit> <Opcode : 'select'> <InPorts = 3> <OutPorts = 1>
ST_2 : Operation 126 [1/1] (0.72ns)   --->   "%icmp_ln65_9 = icmp_ult  i10 %p_ZZN4nnet22compute_pool_buffer_2dINS_5arrayI9ap_ufixedILi10ELi0EL9ap_q_mode4EL9a_41, i10 %p_4" [firmware/nnet_utils/nnet_common.h:65->firmware/nnet_utils/nnet_common.h:43->firmware/nnet_utils/nnet_common.h:45->firmware/nnet_utils/nnet_pooling_stream.h:21->firmware/nnet_utils/nnet_pooling_stream.h:68->firmware/nnet_utils/nnet_pooling_stream.h:115]   --->   Operation 126 'icmp' 'icmp_ln65_9' <Predicate = (icmp_ln55 & and_ln55_1)> <Delay = 0.72> <CoreInst = "Cmp">   --->   Core 9 'Cmp' <Latency = 0> <II = 1> <Delay = 0.72> <FuncUnit> <Opcode : 'icmp'> <InPorts = 2> <OutPorts = 1>
ST_2 : Operation 127 [1/1] (0.00ns) (grouped into LUT with out node select_ln65_9)   --->   "%xor_ln65_9 = xor i1 %icmp_ln65_9, i1 1" [firmware/nnet_utils/nnet_common.h:65->firmware/nnet_utils/nnet_common.h:43->firmware/nnet_utils/nnet_common.h:45->firmware/nnet_utils/nnet_pooling_stream.h:21->firmware/nnet_utils/nnet_pooling_stream.h:68->firmware/nnet_utils/nnet_pooling_stream.h:115]   --->   Operation 127 'xor' 'xor_ln65_9' <Predicate = (icmp_ln55 & and_ln55_1)> <Delay = 0.00> <CoreInst = "LogicGate">   --->   Core 74 'LogicGate' <Latency = 0> <II = 1> <Delay = 0.12> <FuncUnit> <Opcode : 'and' 'or' 'xor'> <InPorts = 2> <OutPorts = 1>
ST_2 : Operation 128 [1/1] (0.30ns) (out node of the LUT)   --->   "%select_ln65_9 = select i1 %xor_ln65_9, i10 %p_ZZN4nnet22compute_pool_buffer_2dINS_5arrayI9ap_ufixedILi10ELi0EL9ap_q_mode4EL9a_41, i10 %p_4" [firmware/nnet_utils/nnet_common.h:65->firmware/nnet_utils/nnet_common.h:43->firmware/nnet_utils/nnet_common.h:45->firmware/nnet_utils/nnet_pooling_stream.h:21->firmware/nnet_utils/nnet_pooling_stream.h:68->firmware/nnet_utils/nnet_pooling_stream.h:115]   --->   Operation 128 'select' 'select_ln65_9' <Predicate = (icmp_ln55 & and_ln55_1)> <Delay = 0.30> <CoreInst = "Sel">   --->   Core 73 'Sel' <Latency = 0> <II = 1> <Delay = 0.30> <FuncUnit> <Opcode : 'select'> <InPorts = 3> <OutPorts = 1>
ST_2 : Operation 129 [1/1] (0.72ns)   --->   "%icmp_ln65_10 = icmp_ult  i10 %p_ZZN4nnet22compute_pool_buffer_2dINS_5arrayI9ap_ufixedILi10ELi0EL9ap_q_mode4EL9a_49, i10 %trunc_ln115_1" [firmware/nnet_utils/nnet_common.h:65->firmware/nnet_utils/nnet_common.h:43->firmware/nnet_utils/nnet_common.h:45->firmware/nnet_utils/nnet_pooling_stream.h:21->firmware/nnet_utils/nnet_pooling_stream.h:68->firmware/nnet_utils/nnet_pooling_stream.h:115]   --->   Operation 129 'icmp' 'icmp_ln65_10' <Predicate = (icmp_ln55 & and_ln55_1)> <Delay = 0.72> <CoreInst = "Cmp">   --->   Core 9 'Cmp' <Latency = 0> <II = 1> <Delay = 0.72> <FuncUnit> <Opcode : 'icmp'> <InPorts = 2> <OutPorts = 1>
ST_2 : Operation 130 [1/1] (0.00ns) (grouped into LUT with out node select_ln65_10)   --->   "%xor_ln65_10 = xor i1 %icmp_ln65_10, i1 1" [firmware/nnet_utils/nnet_common.h:65->firmware/nnet_utils/nnet_common.h:43->firmware/nnet_utils/nnet_common.h:45->firmware/nnet_utils/nnet_pooling_stream.h:21->firmware/nnet_utils/nnet_pooling_stream.h:68->firmware/nnet_utils/nnet_pooling_stream.h:115]   --->   Operation 130 'xor' 'xor_ln65_10' <Predicate = (icmp_ln55 & and_ln55_1)> <Delay = 0.00> <CoreInst = "LogicGate">   --->   Core 74 'LogicGate' <Latency = 0> <II = 1> <Delay = 0.12> <FuncUnit> <Opcode : 'and' 'or' 'xor'> <InPorts = 2> <OutPorts = 1>
ST_2 : Operation 131 [1/1] (0.30ns) (out node of the LUT)   --->   "%select_ln65_10 = select i1 %xor_ln65_10, i10 %p_ZZN4nnet22compute_pool_buffer_2dINS_5arrayI9ap_ufixedILi10ELi0EL9ap_q_mode4EL9a_49, i10 %trunc_ln115_1" [firmware/nnet_utils/nnet_common.h:65->firmware/nnet_utils/nnet_common.h:43->firmware/nnet_utils/nnet_common.h:45->firmware/nnet_utils/nnet_pooling_stream.h:21->firmware/nnet_utils/nnet_pooling_stream.h:68->firmware/nnet_utils/nnet_pooling_stream.h:115]   --->   Operation 131 'select' 'select_ln65_10' <Predicate = (icmp_ln55 & and_ln55_1)> <Delay = 0.30> <CoreInst = "Sel">   --->   Core 73 'Sel' <Latency = 0> <II = 1> <Delay = 0.30> <FuncUnit> <Opcode : 'select'> <InPorts = 3> <OutPorts = 1>
ST_2 : Operation 132 [1/1] (0.72ns)   --->   "%icmp_ln65_11 = icmp_ult  i10 %select_ln65_9, i10 %select_ln65_10" [firmware/nnet_utils/nnet_common.h:65->firmware/nnet_utils/nnet_common.h:45->firmware/nnet_utils/nnet_pooling_stream.h:21->firmware/nnet_utils/nnet_pooling_stream.h:68->firmware/nnet_utils/nnet_pooling_stream.h:115]   --->   Operation 132 'icmp' 'icmp_ln65_11' <Predicate = (icmp_ln55 & and_ln55_1)> <Delay = 0.72> <CoreInst = "Cmp">   --->   Core 9 'Cmp' <Latency = 0> <II = 1> <Delay = 0.72> <FuncUnit> <Opcode : 'icmp'> <InPorts = 2> <OutPorts = 1>
ST_2 : Operation 133 [1/1] (0.00ns) (grouped into LUT with out node select_ln65_11)   --->   "%xor_ln65_11 = xor i1 %icmp_ln65_11, i1 1" [firmware/nnet_utils/nnet_common.h:65->firmware/nnet_utils/nnet_common.h:45->firmware/nnet_utils/nnet_pooling_stream.h:21->firmware/nnet_utils/nnet_pooling_stream.h:68->firmware/nnet_utils/nnet_pooling_stream.h:115]   --->   Operation 133 'xor' 'xor_ln65_11' <Predicate = (icmp_ln55 & and_ln55_1)> <Delay = 0.00> <CoreInst = "LogicGate">   --->   Core 74 'LogicGate' <Latency = 0> <II = 1> <Delay = 0.12> <FuncUnit> <Opcode : 'and' 'or' 'xor'> <InPorts = 2> <OutPorts = 1>
ST_2 : Operation 134 [1/1] (0.30ns) (out node of the LUT)   --->   "%select_ln65_11 = select i1 %xor_ln65_11, i10 %select_ln65_9, i10 %select_ln65_10" [firmware/nnet_utils/nnet_common.h:65->firmware/nnet_utils/nnet_common.h:45->firmware/nnet_utils/nnet_pooling_stream.h:21->firmware/nnet_utils/nnet_pooling_stream.h:68->firmware/nnet_utils/nnet_pooling_stream.h:115]   --->   Operation 134 'select' 'select_ln65_11' <Predicate = (icmp_ln55 & and_ln55_1)> <Delay = 0.30> <CoreInst = "Sel">   --->   Core 73 'Sel' <Latency = 0> <II = 1> <Delay = 0.30> <FuncUnit> <Opcode : 'select'> <InPorts = 3> <OutPorts = 1>
ST_2 : Operation 135 [1/1] (0.72ns)   --->   "%icmp_ln65_12 = icmp_ult  i10 %p_ZZN4nnet22compute_pool_buffer_2dINS_5arrayI9ap_ufixedILi10ELi0EL9ap_q_mode4EL9a_42, i10 %p_5" [firmware/nnet_utils/nnet_common.h:65->firmware/nnet_utils/nnet_common.h:43->firmware/nnet_utils/nnet_common.h:45->firmware/nnet_utils/nnet_pooling_stream.h:21->firmware/nnet_utils/nnet_pooling_stream.h:68->firmware/nnet_utils/nnet_pooling_stream.h:115]   --->   Operation 135 'icmp' 'icmp_ln65_12' <Predicate = (icmp_ln55 & and_ln55_1)> <Delay = 0.72> <CoreInst = "Cmp">   --->   Core 9 'Cmp' <Latency = 0> <II = 1> <Delay = 0.72> <FuncUnit> <Opcode : 'icmp'> <InPorts = 2> <OutPorts = 1>
ST_2 : Operation 136 [1/1] (0.00ns) (grouped into LUT with out node select_ln65_12)   --->   "%xor_ln65_12 = xor i1 %icmp_ln65_12, i1 1" [firmware/nnet_utils/nnet_common.h:65->firmware/nnet_utils/nnet_common.h:43->firmware/nnet_utils/nnet_common.h:45->firmware/nnet_utils/nnet_pooling_stream.h:21->firmware/nnet_utils/nnet_pooling_stream.h:68->firmware/nnet_utils/nnet_pooling_stream.h:115]   --->   Operation 136 'xor' 'xor_ln65_12' <Predicate = (icmp_ln55 & and_ln55_1)> <Delay = 0.00> <CoreInst = "LogicGate">   --->   Core 74 'LogicGate' <Latency = 0> <II = 1> <Delay = 0.12> <FuncUnit> <Opcode : 'and' 'or' 'xor'> <InPorts = 2> <OutPorts = 1>
ST_2 : Operation 137 [1/1] (0.30ns) (out node of the LUT)   --->   "%select_ln65_12 = select i1 %xor_ln65_12, i10 %p_ZZN4nnet22compute_pool_buffer_2dINS_5arrayI9ap_ufixedILi10ELi0EL9ap_q_mode4EL9a_42, i10 %p_5" [firmware/nnet_utils/nnet_common.h:65->firmware/nnet_utils/nnet_common.h:43->firmware/nnet_utils/nnet_common.h:45->firmware/nnet_utils/nnet_pooling_stream.h:21->firmware/nnet_utils/nnet_pooling_stream.h:68->firmware/nnet_utils/nnet_pooling_stream.h:115]   --->   Operation 137 'select' 'select_ln65_12' <Predicate = (icmp_ln55 & and_ln55_1)> <Delay = 0.30> <CoreInst = "Sel">   --->   Core 73 'Sel' <Latency = 0> <II = 1> <Delay = 0.30> <FuncUnit> <Opcode : 'select'> <InPorts = 3> <OutPorts = 1>
ST_2 : Operation 138 [1/1] (0.72ns)   --->   "%icmp_ln65_13 = icmp_ult  i10 %p_ZZN4nnet22compute_pool_buffer_2dINS_5arrayI9ap_ufixedILi10ELi0EL9ap_q_mode4EL9a_50, i10 %trunc_ln115_2" [firmware/nnet_utils/nnet_common.h:65->firmware/nnet_utils/nnet_common.h:43->firmware/nnet_utils/nnet_common.h:45->firmware/nnet_utils/nnet_pooling_stream.h:21->firmware/nnet_utils/nnet_pooling_stream.h:68->firmware/nnet_utils/nnet_pooling_stream.h:115]   --->   Operation 138 'icmp' 'icmp_ln65_13' <Predicate = (icmp_ln55 & and_ln55_1)> <Delay = 0.72> <CoreInst = "Cmp">   --->   Core 9 'Cmp' <Latency = 0> <II = 1> <Delay = 0.72> <FuncUnit> <Opcode : 'icmp'> <InPorts = 2> <OutPorts = 1>
ST_2 : Operation 139 [1/1] (0.00ns) (grouped into LUT with out node select_ln65_13)   --->   "%xor_ln65_13 = xor i1 %icmp_ln65_13, i1 1" [firmware/nnet_utils/nnet_common.h:65->firmware/nnet_utils/nnet_common.h:43->firmware/nnet_utils/nnet_common.h:45->firmware/nnet_utils/nnet_pooling_stream.h:21->firmware/nnet_utils/nnet_pooling_stream.h:68->firmware/nnet_utils/nnet_pooling_stream.h:115]   --->   Operation 139 'xor' 'xor_ln65_13' <Predicate = (icmp_ln55 & and_ln55_1)> <Delay = 0.00> <CoreInst = "LogicGate">   --->   Core 74 'LogicGate' <Latency = 0> <II = 1> <Delay = 0.12> <FuncUnit> <Opcode : 'and' 'or' 'xor'> <InPorts = 2> <OutPorts = 1>
ST_2 : Operation 140 [1/1] (0.30ns) (out node of the LUT)   --->   "%select_ln65_13 = select i1 %xor_ln65_13, i10 %p_ZZN4nnet22compute_pool_buffer_2dINS_5arrayI9ap_ufixedILi10ELi0EL9ap_q_mode4EL9a_50, i10 %trunc_ln115_2" [firmware/nnet_utils/nnet_common.h:65->firmware/nnet_utils/nnet_common.h:43->firmware/nnet_utils/nnet_common.h:45->firmware/nnet_utils/nnet_pooling_stream.h:21->firmware/nnet_utils/nnet_pooling_stream.h:68->firmware/nnet_utils/nnet_pooling_stream.h:115]   --->   Operation 140 'select' 'select_ln65_13' <Predicate = (icmp_ln55 & and_ln55_1)> <Delay = 0.30> <CoreInst = "Sel">   --->   Core 73 'Sel' <Latency = 0> <II = 1> <Delay = 0.30> <FuncUnit> <Opcode : 'select'> <InPorts = 3> <OutPorts = 1>
ST_2 : Operation 141 [1/1] (0.72ns)   --->   "%icmp_ln65_14 = icmp_ult  i10 %select_ln65_12, i10 %select_ln65_13" [firmware/nnet_utils/nnet_common.h:65->firmware/nnet_utils/nnet_common.h:45->firmware/nnet_utils/nnet_pooling_stream.h:21->firmware/nnet_utils/nnet_pooling_stream.h:68->firmware/nnet_utils/nnet_pooling_stream.h:115]   --->   Operation 141 'icmp' 'icmp_ln65_14' <Predicate = (icmp_ln55 & and_ln55_1)> <Delay = 0.72> <CoreInst = "Cmp">   --->   Core 9 'Cmp' <Latency = 0> <II = 1> <Delay = 0.72> <FuncUnit> <Opcode : 'icmp'> <InPorts = 2> <OutPorts = 1>
ST_2 : Operation 142 [1/1] (0.00ns) (grouped into LUT with out node select_ln65_14)   --->   "%xor_ln65_14 = xor i1 %icmp_ln65_14, i1 1" [firmware/nnet_utils/nnet_common.h:65->firmware/nnet_utils/nnet_common.h:45->firmware/nnet_utils/nnet_pooling_stream.h:21->firmware/nnet_utils/nnet_pooling_stream.h:68->firmware/nnet_utils/nnet_pooling_stream.h:115]   --->   Operation 142 'xor' 'xor_ln65_14' <Predicate = (icmp_ln55 & and_ln55_1)> <Delay = 0.00> <CoreInst = "LogicGate">   --->   Core 74 'LogicGate' <Latency = 0> <II = 1> <Delay = 0.12> <FuncUnit> <Opcode : 'and' 'or' 'xor'> <InPorts = 2> <OutPorts = 1>
ST_2 : Operation 143 [1/1] (0.30ns) (out node of the LUT)   --->   "%select_ln65_14 = select i1 %xor_ln65_14, i10 %select_ln65_12, i10 %select_ln65_13" [firmware/nnet_utils/nnet_common.h:65->firmware/nnet_utils/nnet_common.h:45->firmware/nnet_utils/nnet_pooling_stream.h:21->firmware/nnet_utils/nnet_pooling_stream.h:68->firmware/nnet_utils/nnet_pooling_stream.h:115]   --->   Operation 143 'select' 'select_ln65_14' <Predicate = (icmp_ln55 & and_ln55_1)> <Delay = 0.30> <CoreInst = "Sel">   --->   Core 73 'Sel' <Latency = 0> <II = 1> <Delay = 0.30> <FuncUnit> <Opcode : 'select'> <InPorts = 3> <OutPorts = 1>
ST_2 : Operation 144 [1/1] (0.72ns)   --->   "%icmp_ln65_15 = icmp_ult  i10 %p_ZZN4nnet22compute_pool_buffer_2dINS_5arrayI9ap_ufixedILi10ELi0EL9ap_q_mode4EL9a_43, i10 %p_6" [firmware/nnet_utils/nnet_common.h:65->firmware/nnet_utils/nnet_common.h:43->firmware/nnet_utils/nnet_common.h:45->firmware/nnet_utils/nnet_pooling_stream.h:21->firmware/nnet_utils/nnet_pooling_stream.h:68->firmware/nnet_utils/nnet_pooling_stream.h:115]   --->   Operation 144 'icmp' 'icmp_ln65_15' <Predicate = (icmp_ln55 & and_ln55_1)> <Delay = 0.72> <CoreInst = "Cmp">   --->   Core 9 'Cmp' <Latency = 0> <II = 1> <Delay = 0.72> <FuncUnit> <Opcode : 'icmp'> <InPorts = 2> <OutPorts = 1>
ST_2 : Operation 145 [1/1] (0.00ns) (grouped into LUT with out node select_ln65_15)   --->   "%xor_ln65_15 = xor i1 %icmp_ln65_15, i1 1" [firmware/nnet_utils/nnet_common.h:65->firmware/nnet_utils/nnet_common.h:43->firmware/nnet_utils/nnet_common.h:45->firmware/nnet_utils/nnet_pooling_stream.h:21->firmware/nnet_utils/nnet_pooling_stream.h:68->firmware/nnet_utils/nnet_pooling_stream.h:115]   --->   Operation 145 'xor' 'xor_ln65_15' <Predicate = (icmp_ln55 & and_ln55_1)> <Delay = 0.00> <CoreInst = "LogicGate">   --->   Core 74 'LogicGate' <Latency = 0> <II = 1> <Delay = 0.12> <FuncUnit> <Opcode : 'and' 'or' 'xor'> <InPorts = 2> <OutPorts = 1>
ST_2 : Operation 146 [1/1] (0.30ns) (out node of the LUT)   --->   "%select_ln65_15 = select i1 %xor_ln65_15, i10 %p_ZZN4nnet22compute_pool_buffer_2dINS_5arrayI9ap_ufixedILi10ELi0EL9ap_q_mode4EL9a_43, i10 %p_6" [firmware/nnet_utils/nnet_common.h:65->firmware/nnet_utils/nnet_common.h:43->firmware/nnet_utils/nnet_common.h:45->firmware/nnet_utils/nnet_pooling_stream.h:21->firmware/nnet_utils/nnet_pooling_stream.h:68->firmware/nnet_utils/nnet_pooling_stream.h:115]   --->   Operation 146 'select' 'select_ln65_15' <Predicate = (icmp_ln55 & and_ln55_1)> <Delay = 0.30> <CoreInst = "Sel">   --->   Core 73 'Sel' <Latency = 0> <II = 1> <Delay = 0.30> <FuncUnit> <Opcode : 'select'> <InPorts = 3> <OutPorts = 1>
ST_2 : Operation 147 [1/1] (0.72ns)   --->   "%icmp_ln65_16 = icmp_ult  i10 %p_ZZN4nnet22compute_pool_buffer_2dINS_5arrayI9ap_ufixedILi10ELi0EL9ap_q_mode4EL9a_51, i10 %trunc_ln115_3" [firmware/nnet_utils/nnet_common.h:65->firmware/nnet_utils/nnet_common.h:43->firmware/nnet_utils/nnet_common.h:45->firmware/nnet_utils/nnet_pooling_stream.h:21->firmware/nnet_utils/nnet_pooling_stream.h:68->firmware/nnet_utils/nnet_pooling_stream.h:115]   --->   Operation 147 'icmp' 'icmp_ln65_16' <Predicate = (icmp_ln55 & and_ln55_1)> <Delay = 0.72> <CoreInst = "Cmp">   --->   Core 9 'Cmp' <Latency = 0> <II = 1> <Delay = 0.72> <FuncUnit> <Opcode : 'icmp'> <InPorts = 2> <OutPorts = 1>
ST_2 : Operation 148 [1/1] (0.00ns) (grouped into LUT with out node select_ln65_16)   --->   "%xor_ln65_16 = xor i1 %icmp_ln65_16, i1 1" [firmware/nnet_utils/nnet_common.h:65->firmware/nnet_utils/nnet_common.h:43->firmware/nnet_utils/nnet_common.h:45->firmware/nnet_utils/nnet_pooling_stream.h:21->firmware/nnet_utils/nnet_pooling_stream.h:68->firmware/nnet_utils/nnet_pooling_stream.h:115]   --->   Operation 148 'xor' 'xor_ln65_16' <Predicate = (icmp_ln55 & and_ln55_1)> <Delay = 0.00> <CoreInst = "LogicGate">   --->   Core 74 'LogicGate' <Latency = 0> <II = 1> <Delay = 0.12> <FuncUnit> <Opcode : 'and' 'or' 'xor'> <InPorts = 2> <OutPorts = 1>
ST_2 : Operation 149 [1/1] (0.30ns) (out node of the LUT)   --->   "%select_ln65_16 = select i1 %xor_ln65_16, i10 %p_ZZN4nnet22compute_pool_buffer_2dINS_5arrayI9ap_ufixedILi10ELi0EL9ap_q_mode4EL9a_51, i10 %trunc_ln115_3" [firmware/nnet_utils/nnet_common.h:65->firmware/nnet_utils/nnet_common.h:43->firmware/nnet_utils/nnet_common.h:45->firmware/nnet_utils/nnet_pooling_stream.h:21->firmware/nnet_utils/nnet_pooling_stream.h:68->firmware/nnet_utils/nnet_pooling_stream.h:115]   --->   Operation 149 'select' 'select_ln65_16' <Predicate = (icmp_ln55 & and_ln55_1)> <Delay = 0.30> <CoreInst = "Sel">   --->   Core 73 'Sel' <Latency = 0> <II = 1> <Delay = 0.30> <FuncUnit> <Opcode : 'select'> <InPorts = 3> <OutPorts = 1>
ST_2 : Operation 150 [1/1] (0.72ns)   --->   "%icmp_ln65_17 = icmp_ult  i10 %select_ln65_15, i10 %select_ln65_16" [firmware/nnet_utils/nnet_common.h:65->firmware/nnet_utils/nnet_common.h:45->firmware/nnet_utils/nnet_pooling_stream.h:21->firmware/nnet_utils/nnet_pooling_stream.h:68->firmware/nnet_utils/nnet_pooling_stream.h:115]   --->   Operation 150 'icmp' 'icmp_ln65_17' <Predicate = (icmp_ln55 & and_ln55_1)> <Delay = 0.72> <CoreInst = "Cmp">   --->   Core 9 'Cmp' <Latency = 0> <II = 1> <Delay = 0.72> <FuncUnit> <Opcode : 'icmp'> <InPorts = 2> <OutPorts = 1>
ST_2 : Operation 151 [1/1] (0.00ns) (grouped into LUT with out node select_ln65_17)   --->   "%xor_ln65_17 = xor i1 %icmp_ln65_17, i1 1" [firmware/nnet_utils/nnet_common.h:65->firmware/nnet_utils/nnet_common.h:45->firmware/nnet_utils/nnet_pooling_stream.h:21->firmware/nnet_utils/nnet_pooling_stream.h:68->firmware/nnet_utils/nnet_pooling_stream.h:115]   --->   Operation 151 'xor' 'xor_ln65_17' <Predicate = (icmp_ln55 & and_ln55_1)> <Delay = 0.00> <CoreInst = "LogicGate">   --->   Core 74 'LogicGate' <Latency = 0> <II = 1> <Delay = 0.12> <FuncUnit> <Opcode : 'and' 'or' 'xor'> <InPorts = 2> <OutPorts = 1>
ST_2 : Operation 152 [1/1] (0.30ns) (out node of the LUT)   --->   "%select_ln65_17 = select i1 %xor_ln65_17, i10 %select_ln65_15, i10 %select_ln65_16" [firmware/nnet_utils/nnet_common.h:65->firmware/nnet_utils/nnet_common.h:45->firmware/nnet_utils/nnet_pooling_stream.h:21->firmware/nnet_utils/nnet_pooling_stream.h:68->firmware/nnet_utils/nnet_pooling_stream.h:115]   --->   Operation 152 'select' 'select_ln65_17' <Predicate = (icmp_ln55 & and_ln55_1)> <Delay = 0.30> <CoreInst = "Sel">   --->   Core 73 'Sel' <Latency = 0> <II = 1> <Delay = 0.30> <FuncUnit> <Opcode : 'select'> <InPorts = 3> <OutPorts = 1>
ST_2 : Operation 153 [1/1] (0.72ns)   --->   "%icmp_ln65_18 = icmp_ult  i10 %p_ZZN4nnet22compute_pool_buffer_2dINS_5arrayI9ap_ufixedILi10ELi0EL9ap_q_mode4EL9a_44, i10 %p_s" [firmware/nnet_utils/nnet_common.h:65->firmware/nnet_utils/nnet_common.h:43->firmware/nnet_utils/nnet_common.h:45->firmware/nnet_utils/nnet_pooling_stream.h:21->firmware/nnet_utils/nnet_pooling_stream.h:68->firmware/nnet_utils/nnet_pooling_stream.h:115]   --->   Operation 153 'icmp' 'icmp_ln65_18' <Predicate = (icmp_ln55 & and_ln55_1)> <Delay = 0.72> <CoreInst = "Cmp">   --->   Core 9 'Cmp' <Latency = 0> <II = 1> <Delay = 0.72> <FuncUnit> <Opcode : 'icmp'> <InPorts = 2> <OutPorts = 1>
ST_2 : Operation 154 [1/1] (0.00ns) (grouped into LUT with out node select_ln65_18)   --->   "%xor_ln65_18 = xor i1 %icmp_ln65_18, i1 1" [firmware/nnet_utils/nnet_common.h:65->firmware/nnet_utils/nnet_common.h:43->firmware/nnet_utils/nnet_common.h:45->firmware/nnet_utils/nnet_pooling_stream.h:21->firmware/nnet_utils/nnet_pooling_stream.h:68->firmware/nnet_utils/nnet_pooling_stream.h:115]   --->   Operation 154 'xor' 'xor_ln65_18' <Predicate = (icmp_ln55 & and_ln55_1)> <Delay = 0.00> <CoreInst = "LogicGate">   --->   Core 74 'LogicGate' <Latency = 0> <II = 1> <Delay = 0.12> <FuncUnit> <Opcode : 'and' 'or' 'xor'> <InPorts = 2> <OutPorts = 1>
ST_2 : Operation 155 [1/1] (0.30ns) (out node of the LUT)   --->   "%select_ln65_18 = select i1 %xor_ln65_18, i10 %p_ZZN4nnet22compute_pool_buffer_2dINS_5arrayI9ap_ufixedILi10ELi0EL9ap_q_mode4EL9a_44, i10 %p_s" [firmware/nnet_utils/nnet_common.h:65->firmware/nnet_utils/nnet_common.h:43->firmware/nnet_utils/nnet_common.h:45->firmware/nnet_utils/nnet_pooling_stream.h:21->firmware/nnet_utils/nnet_pooling_stream.h:68->firmware/nnet_utils/nnet_pooling_stream.h:115]   --->   Operation 155 'select' 'select_ln65_18' <Predicate = (icmp_ln55 & and_ln55_1)> <Delay = 0.30> <CoreInst = "Sel">   --->   Core 73 'Sel' <Latency = 0> <II = 1> <Delay = 0.30> <FuncUnit> <Opcode : 'select'> <InPorts = 3> <OutPorts = 1>
ST_2 : Operation 156 [1/1] (0.72ns)   --->   "%icmp_ln65_19 = icmp_ult  i10 %p_ZZN4nnet22compute_pool_buffer_2dINS_5arrayI9ap_ufixedILi10ELi0EL9ap_q_mode4EL9a_52, i10 %trunc_ln115_6" [firmware/nnet_utils/nnet_common.h:65->firmware/nnet_utils/nnet_common.h:43->firmware/nnet_utils/nnet_common.h:45->firmware/nnet_utils/nnet_pooling_stream.h:21->firmware/nnet_utils/nnet_pooling_stream.h:68->firmware/nnet_utils/nnet_pooling_stream.h:115]   --->   Operation 156 'icmp' 'icmp_ln65_19' <Predicate = (icmp_ln55 & and_ln55_1)> <Delay = 0.72> <CoreInst = "Cmp">   --->   Core 9 'Cmp' <Latency = 0> <II = 1> <Delay = 0.72> <FuncUnit> <Opcode : 'icmp'> <InPorts = 2> <OutPorts = 1>
ST_2 : Operation 157 [1/1] (0.00ns) (grouped into LUT with out node select_ln65_19)   --->   "%xor_ln65_19 = xor i1 %icmp_ln65_19, i1 1" [firmware/nnet_utils/nnet_common.h:65->firmware/nnet_utils/nnet_common.h:43->firmware/nnet_utils/nnet_common.h:45->firmware/nnet_utils/nnet_pooling_stream.h:21->firmware/nnet_utils/nnet_pooling_stream.h:68->firmware/nnet_utils/nnet_pooling_stream.h:115]   --->   Operation 157 'xor' 'xor_ln65_19' <Predicate = (icmp_ln55 & and_ln55_1)> <Delay = 0.00> <CoreInst = "LogicGate">   --->   Core 74 'LogicGate' <Latency = 0> <II = 1> <Delay = 0.12> <FuncUnit> <Opcode : 'and' 'or' 'xor'> <InPorts = 2> <OutPorts = 1>
ST_2 : Operation 158 [1/1] (0.30ns) (out node of the LUT)   --->   "%select_ln65_19 = select i1 %xor_ln65_19, i10 %p_ZZN4nnet22compute_pool_buffer_2dINS_5arrayI9ap_ufixedILi10ELi0EL9ap_q_mode4EL9a_52, i10 %trunc_ln115_6" [firmware/nnet_utils/nnet_common.h:65->firmware/nnet_utils/nnet_common.h:43->firmware/nnet_utils/nnet_common.h:45->firmware/nnet_utils/nnet_pooling_stream.h:21->firmware/nnet_utils/nnet_pooling_stream.h:68->firmware/nnet_utils/nnet_pooling_stream.h:115]   --->   Operation 158 'select' 'select_ln65_19' <Predicate = (icmp_ln55 & and_ln55_1)> <Delay = 0.30> <CoreInst = "Sel">   --->   Core 73 'Sel' <Latency = 0> <II = 1> <Delay = 0.30> <FuncUnit> <Opcode : 'select'> <InPorts = 3> <OutPorts = 1>
ST_2 : Operation 159 [1/1] (0.72ns)   --->   "%icmp_ln65_20 = icmp_ult  i10 %select_ln65_18, i10 %select_ln65_19" [firmware/nnet_utils/nnet_common.h:65->firmware/nnet_utils/nnet_common.h:45->firmware/nnet_utils/nnet_pooling_stream.h:21->firmware/nnet_utils/nnet_pooling_stream.h:68->firmware/nnet_utils/nnet_pooling_stream.h:115]   --->   Operation 159 'icmp' 'icmp_ln65_20' <Predicate = (icmp_ln55 & and_ln55_1)> <Delay = 0.72> <CoreInst = "Cmp">   --->   Core 9 'Cmp' <Latency = 0> <II = 1> <Delay = 0.72> <FuncUnit> <Opcode : 'icmp'> <InPorts = 2> <OutPorts = 1>
ST_2 : Operation 160 [1/1] (0.00ns) (grouped into LUT with out node select_ln65_20)   --->   "%xor_ln65_20 = xor i1 %icmp_ln65_20, i1 1" [firmware/nnet_utils/nnet_common.h:65->firmware/nnet_utils/nnet_common.h:45->firmware/nnet_utils/nnet_pooling_stream.h:21->firmware/nnet_utils/nnet_pooling_stream.h:68->firmware/nnet_utils/nnet_pooling_stream.h:115]   --->   Operation 160 'xor' 'xor_ln65_20' <Predicate = (icmp_ln55 & and_ln55_1)> <Delay = 0.00> <CoreInst = "LogicGate">   --->   Core 74 'LogicGate' <Latency = 0> <II = 1> <Delay = 0.12> <FuncUnit> <Opcode : 'and' 'or' 'xor'> <InPorts = 2> <OutPorts = 1>
ST_2 : Operation 161 [1/1] (0.30ns) (out node of the LUT)   --->   "%select_ln65_20 = select i1 %xor_ln65_20, i10 %select_ln65_18, i10 %select_ln65_19" [firmware/nnet_utils/nnet_common.h:65->firmware/nnet_utils/nnet_common.h:45->firmware/nnet_utils/nnet_pooling_stream.h:21->firmware/nnet_utils/nnet_pooling_stream.h:68->firmware/nnet_utils/nnet_pooling_stream.h:115]   --->   Operation 161 'select' 'select_ln65_20' <Predicate = (icmp_ln55 & and_ln55_1)> <Delay = 0.30> <CoreInst = "Sel">   --->   Core 73 'Sel' <Latency = 0> <II = 1> <Delay = 0.30> <FuncUnit> <Opcode : 'select'> <InPorts = 3> <OutPorts = 1>
ST_2 : Operation 162 [1/1] (0.72ns)   --->   "%icmp_ln65_21 = icmp_ult  i10 %p_ZZN4nnet22compute_pool_buffer_2dINS_5arrayI9ap_ufixedILi10ELi0EL9ap_q_mode4EL9a_45, i10 %p_0" [firmware/nnet_utils/nnet_common.h:65->firmware/nnet_utils/nnet_common.h:43->firmware/nnet_utils/nnet_common.h:45->firmware/nnet_utils/nnet_pooling_stream.h:21->firmware/nnet_utils/nnet_pooling_stream.h:68->firmware/nnet_utils/nnet_pooling_stream.h:115]   --->   Operation 162 'icmp' 'icmp_ln65_21' <Predicate = (icmp_ln55 & and_ln55_1)> <Delay = 0.72> <CoreInst = "Cmp">   --->   Core 9 'Cmp' <Latency = 0> <II = 1> <Delay = 0.72> <FuncUnit> <Opcode : 'icmp'> <InPorts = 2> <OutPorts = 1>
ST_2 : Operation 163 [1/1] (0.00ns) (grouped into LUT with out node select_ln65_21)   --->   "%xor_ln65_21 = xor i1 %icmp_ln65_21, i1 1" [firmware/nnet_utils/nnet_common.h:65->firmware/nnet_utils/nnet_common.h:43->firmware/nnet_utils/nnet_common.h:45->firmware/nnet_utils/nnet_pooling_stream.h:21->firmware/nnet_utils/nnet_pooling_stream.h:68->firmware/nnet_utils/nnet_pooling_stream.h:115]   --->   Operation 163 'xor' 'xor_ln65_21' <Predicate = (icmp_ln55 & and_ln55_1)> <Delay = 0.00> <CoreInst = "LogicGate">   --->   Core 74 'LogicGate' <Latency = 0> <II = 1> <Delay = 0.12> <FuncUnit> <Opcode : 'and' 'or' 'xor'> <InPorts = 2> <OutPorts = 1>
ST_2 : Operation 164 [1/1] (0.30ns) (out node of the LUT)   --->   "%select_ln65_21 = select i1 %xor_ln65_21, i10 %p_ZZN4nnet22compute_pool_buffer_2dINS_5arrayI9ap_ufixedILi10ELi0EL9ap_q_mode4EL9a_45, i10 %p_0" [firmware/nnet_utils/nnet_common.h:65->firmware/nnet_utils/nnet_common.h:43->firmware/nnet_utils/nnet_common.h:45->firmware/nnet_utils/nnet_pooling_stream.h:21->firmware/nnet_utils/nnet_pooling_stream.h:68->firmware/nnet_utils/nnet_pooling_stream.h:115]   --->   Operation 164 'select' 'select_ln65_21' <Predicate = (icmp_ln55 & and_ln55_1)> <Delay = 0.30> <CoreInst = "Sel">   --->   Core 73 'Sel' <Latency = 0> <II = 1> <Delay = 0.30> <FuncUnit> <Opcode : 'select'> <InPorts = 3> <OutPorts = 1>
ST_2 : Operation 165 [1/1] (0.72ns)   --->   "%icmp_ln65_22 = icmp_ult  i10 %p_ZZN4nnet22compute_pool_buffer_2dINS_5arrayI9ap_ufixedILi10ELi0EL9ap_q_mode4EL9a_53, i10 %trunc_ln115_7" [firmware/nnet_utils/nnet_common.h:65->firmware/nnet_utils/nnet_common.h:43->firmware/nnet_utils/nnet_common.h:45->firmware/nnet_utils/nnet_pooling_stream.h:21->firmware/nnet_utils/nnet_pooling_stream.h:68->firmware/nnet_utils/nnet_pooling_stream.h:115]   --->   Operation 165 'icmp' 'icmp_ln65_22' <Predicate = (icmp_ln55 & and_ln55_1)> <Delay = 0.72> <CoreInst = "Cmp">   --->   Core 9 'Cmp' <Latency = 0> <II = 1> <Delay = 0.72> <FuncUnit> <Opcode : 'icmp'> <InPorts = 2> <OutPorts = 1>
ST_2 : Operation 166 [1/1] (0.00ns) (grouped into LUT with out node select_ln65_22)   --->   "%xor_ln65_22 = xor i1 %icmp_ln65_22, i1 1" [firmware/nnet_utils/nnet_common.h:65->firmware/nnet_utils/nnet_common.h:43->firmware/nnet_utils/nnet_common.h:45->firmware/nnet_utils/nnet_pooling_stream.h:21->firmware/nnet_utils/nnet_pooling_stream.h:68->firmware/nnet_utils/nnet_pooling_stream.h:115]   --->   Operation 166 'xor' 'xor_ln65_22' <Predicate = (icmp_ln55 & and_ln55_1)> <Delay = 0.00> <CoreInst = "LogicGate">   --->   Core 74 'LogicGate' <Latency = 0> <II = 1> <Delay = 0.12> <FuncUnit> <Opcode : 'and' 'or' 'xor'> <InPorts = 2> <OutPorts = 1>
ST_2 : Operation 167 [1/1] (0.30ns) (out node of the LUT)   --->   "%select_ln65_22 = select i1 %xor_ln65_22, i10 %p_ZZN4nnet22compute_pool_buffer_2dINS_5arrayI9ap_ufixedILi10ELi0EL9ap_q_mode4EL9a_53, i10 %trunc_ln115_7" [firmware/nnet_utils/nnet_common.h:65->firmware/nnet_utils/nnet_common.h:43->firmware/nnet_utils/nnet_common.h:45->firmware/nnet_utils/nnet_pooling_stream.h:21->firmware/nnet_utils/nnet_pooling_stream.h:68->firmware/nnet_utils/nnet_pooling_stream.h:115]   --->   Operation 167 'select' 'select_ln65_22' <Predicate = (icmp_ln55 & and_ln55_1)> <Delay = 0.30> <CoreInst = "Sel">   --->   Core 73 'Sel' <Latency = 0> <II = 1> <Delay = 0.30> <FuncUnit> <Opcode : 'select'> <InPorts = 3> <OutPorts = 1>
ST_2 : Operation 168 [1/1] (0.72ns)   --->   "%icmp_ln65_23 = icmp_ult  i10 %select_ln65_21, i10 %select_ln65_22" [firmware/nnet_utils/nnet_common.h:65->firmware/nnet_utils/nnet_common.h:45->firmware/nnet_utils/nnet_pooling_stream.h:21->firmware/nnet_utils/nnet_pooling_stream.h:68->firmware/nnet_utils/nnet_pooling_stream.h:115]   --->   Operation 168 'icmp' 'icmp_ln65_23' <Predicate = (icmp_ln55 & and_ln55_1)> <Delay = 0.72> <CoreInst = "Cmp">   --->   Core 9 'Cmp' <Latency = 0> <II = 1> <Delay = 0.72> <FuncUnit> <Opcode : 'icmp'> <InPorts = 2> <OutPorts = 1>
ST_2 : Operation 169 [1/1] (0.00ns) (grouped into LUT with out node select_ln65_23)   --->   "%xor_ln65_23 = xor i1 %icmp_ln65_23, i1 1" [firmware/nnet_utils/nnet_common.h:65->firmware/nnet_utils/nnet_common.h:45->firmware/nnet_utils/nnet_pooling_stream.h:21->firmware/nnet_utils/nnet_pooling_stream.h:68->firmware/nnet_utils/nnet_pooling_stream.h:115]   --->   Operation 169 'xor' 'xor_ln65_23' <Predicate = (icmp_ln55 & and_ln55_1)> <Delay = 0.00> <CoreInst = "LogicGate">   --->   Core 74 'LogicGate' <Latency = 0> <II = 1> <Delay = 0.12> <FuncUnit> <Opcode : 'and' 'or' 'xor'> <InPorts = 2> <OutPorts = 1>
ST_2 : Operation 170 [1/1] (0.30ns) (out node of the LUT)   --->   "%select_ln65_23 = select i1 %xor_ln65_23, i10 %select_ln65_21, i10 %select_ln65_22" [firmware/nnet_utils/nnet_common.h:65->firmware/nnet_utils/nnet_common.h:45->firmware/nnet_utils/nnet_pooling_stream.h:21->firmware/nnet_utils/nnet_pooling_stream.h:68->firmware/nnet_utils/nnet_pooling_stream.h:115]   --->   Operation 170 'select' 'select_ln65_23' <Predicate = (icmp_ln55 & and_ln55_1)> <Delay = 0.30> <CoreInst = "Sel">   --->   Core 73 'Sel' <Latency = 0> <II = 1> <Delay = 0.30> <FuncUnit> <Opcode : 'select'> <InPorts = 3> <OutPorts = 1>
ST_2 : Operation 171 [1/1] (0.00ns)   --->   "%sY_load_1 = load i32 %sY" [firmware/nnet_utils/nnet_pooling_stream.h:86->firmware/nnet_utils/nnet_pooling_stream.h:115]   --->   Operation 171 'load' 'sY_load_1' <Predicate = (!icmp_ln109 & icmp_ln76 & !icmp_ln80)> <Delay = 0.00>
ST_2 : Operation 172 [1/1] (0.88ns)   --->   "%icmp_ln86 = icmp_eq  i32 %sY_load_1, i32 1" [firmware/nnet_utils/nnet_pooling_stream.h:86->firmware/nnet_utils/nnet_pooling_stream.h:115]   --->   Operation 172 'icmp' 'icmp_ln86' <Predicate = (!icmp_ln109 & icmp_ln76 & !icmp_ln80)> <Delay = 0.88> <CoreInst = "Cmp">   --->   Core 9 'Cmp' <Latency = 0> <II = 1> <Delay = 0.88> <FuncUnit> <Opcode : 'icmp'> <InPorts = 2> <OutPorts = 1>
ST_2 : Operation 173 [1/1] (0.00ns) (grouped into LUT with out node add_ln86)   --->   "%select_ln86 = select i1 %icmp_ln86, i32 4294967295, i32 1" [firmware/nnet_utils/nnet_pooling_stream.h:86->firmware/nnet_utils/nnet_pooling_stream.h:115]   --->   Operation 173 'select' 'select_ln86' <Predicate = (!icmp_ln109 & icmp_ln76 & !icmp_ln80)> <Delay = 0.00> <CoreInst = "Sel">   --->   Core 73 'Sel' <Latency = 0> <II = 1> <Delay = 0.27> <FuncUnit> <Opcode : 'select'> <InPorts = 3> <OutPorts = 1>
ST_2 : Operation 174 [1/1] (0.88ns) (out node of the LUT)   --->   "%add_ln86 = add i32 %sY_load_1, i32 %select_ln86" [firmware/nnet_utils/nnet_pooling_stream.h:86->firmware/nnet_utils/nnet_pooling_stream.h:115]   --->   Operation 174 'add' 'add_ln86' <Predicate = (!icmp_ln109 & icmp_ln76 & !icmp_ln80)> <Delay = 0.88> <CoreInst = "Adder">   --->   Core 1 'Adder' <Latency = 0> <II = 1> <Delay = 0.88> <FuncUnit> <Opcode : 'add' 'sub'> <InPorts = 2> <OutPorts = 1>
ST_2 : Operation 175 [1/1] (0.38ns)   --->   "%br_ln0 = br void %if.end38.i"   --->   Operation 175 'br' 'br_ln0' <Predicate = (!icmp_ln109 & icmp_ln76 & !icmp_ln80)> <Delay = 0.38>
ST_2 : Operation 176 [1/1] (0.00ns)   --->   "%storemerge = phi i32 %add_ln86, void %if.else.i, i32 0, void %if.then31.i" [firmware/nnet_utils/nnet_pooling_stream.h:86->firmware/nnet_utils/nnet_pooling_stream.h:115]   --->   Operation 176 'phi' 'storemerge' <Predicate = (icmp_ln76)> <Delay = 0.00>
ST_2 : Operation 177 [1/1] (0.00ns)   --->   "%store_ln82 = store i32 %storemerge, i32 %sY" [firmware/nnet_utils/nnet_pooling_stream.h:82->firmware/nnet_utils/nnet_pooling_stream.h:115]   --->   Operation 177 'store' 'store_ln82' <Predicate = (icmp_ln76)> <Delay = 0.00>
ST_2 : Operation 178 [1/1] (0.00ns)   --->   "%br_ln88 = br void %for.inc" [firmware/nnet_utils/nnet_pooling_stream.h:88->firmware/nnet_utils/nnet_pooling_stream.h:115]   --->   Operation 178 'br' 'br_ln88' <Predicate = (icmp_ln76)> <Delay = 0.00>
ST_2 : Operation 183 [1/1] (0.00ns)   --->   "%ret_ln118 = ret" [firmware/nnet_utils/nnet_pooling_stream.h:118]   --->   Operation 183 'ret' 'ret_ln118' <Predicate = (icmp_ln109)> <Delay = 0.00>

State 3 <SV = 2> <Delay = 1.23>
ST_3 : Operation 179 [1/1] (0.00ns)   --->   "%tmp_7 = bitconcatenate i122 @_ssdm_op_BitConcatenate.i122.i10.i6.i10.i6.i10.i6.i10.i6.i10.i6.i10.i6.i10.i6.i10, i10 %select_ln65_23, i6 0, i10 %select_ln65_20, i6 0, i10 %select_ln65_17, i6 0, i10 %select_ln65_14, i6 0, i10 %select_ln65_11, i6 0, i10 %select_ln65_8, i6 0, i10 %select_ln65_5, i6 0, i10 %select_ln65_2" [firmware/nnet_utils/nnet_pooling_stream.h:72->firmware/nnet_utils/nnet_pooling_stream.h:115]   --->   Operation 179 'bitconcatenate' 'tmp_7' <Predicate = (icmp_ln55 & and_ln55_1)> <Delay = 0.00>
ST_3 : Operation 180 [1/1] (0.00ns)   --->   "%zext_ln72 = zext i122 %tmp_7" [firmware/nnet_utils/nnet_pooling_stream.h:72->firmware/nnet_utils/nnet_pooling_stream.h:115]   --->   Operation 180 'zext' 'zext_ln72' <Predicate = (icmp_ln55 & and_ln55_1)> <Delay = 0.00>
ST_3 : Operation 181 [1/1] (1.23ns)   --->   "%write_ln72 = write void @_ssdm_op_Write.ap_fifo.volatile.i128P0A, i128 %layer5_out, i128 %zext_ln72" [firmware/nnet_utils/nnet_pooling_stream.h:72->firmware/nnet_utils/nnet_pooling_stream.h:115]   --->   Operation 181 'write' 'write_ln72' <Predicate = (icmp_ln55 & and_ln55_1)> <Delay = 1.23> <CoreInst = "FIFO">   --->   Core 78 'FIFO' <Latency = 0> <II = 1> <Delay = 1.23> <Storage> <Opcode : 'read' 'write' 'nbread' 'nbwrite'> <Ports = 0> <Width = 128> <Depth = 24> <FIFO>
ST_3 : Operation 182 [1/1] (0.00ns)   --->   "%br_ln73 = br void %if.end.i" [firmware/nnet_utils/nnet_pooling_stream.h:73->firmware/nnet_utils/nnet_pooling_stream.h:115]   --->   Operation 182 'br' 'br_ln73' <Predicate = (icmp_ln55 & and_ln55_1)> <Delay = 0.00>


============================================================
+ Verbose Summary: Timing violations
============================================================
Target clock period: 5.000ns, clock uncertainty: 0.625ns.

 <State 1>: 2.269ns
The critical path consists of the following:
	'load' operation ('sX_load', firmware/nnet_utils/nnet_pooling_stream.h:55->firmware/nnet_utils/nnet_pooling_stream.h:115) on static variable 'sX' [87]  (0.000 ns)
	'icmp' operation ('icmp_ln55', firmware/nnet_utils/nnet_pooling_stream.h:55->firmware/nnet_utils/nnet_pooling_stream.h:115) [88]  (0.880 ns)
	'select' operation ('select_ln91', firmware/nnet_utils/nnet_pooling_stream.h:91->firmware/nnet_utils/nnet_pooling_stream.h:115) [183]  (0.000 ns)
	'add' operation ('add_ln91', firmware/nnet_utils/nnet_pooling_stream.h:91->firmware/nnet_utils/nnet_pooling_stream.h:115) [184]  (0.880 ns)
	'store' operation ('store_ln91', firmware/nnet_utils/nnet_pooling_stream.h:91->firmware/nnet_utils/nnet_pooling_stream.h:115) of variable 'add_ln91', firmware/nnet_utils/nnet_pooling_stream.h:91->firmware/nnet_utils/nnet_pooling_stream.h:115 on static variable 'sX' [185]  (0.387 ns)
	blocking operation 0.122 ns on control path)

 <State 2>: 3.906ns
The critical path consists of the following:
	fifo read operation ('layer4_out_read', firmware/nnet_utils/nnet_pooling_stream.h:115) on port 'layer4_out' (firmware/nnet_utils/nnet_pooling_stream.h:115) [38]  (1.239 ns)
	'memshiftread' operation ('p_7', firmware/nnet_utils/nnet_conv_stream.h:246->firmware/nnet_utils/nnet_pooling_stream.h:52->firmware/nnet_utils/nnet_pooling_stream.h:115) [47]  (0.611 ns)
	'icmp' operation ('icmp_ln65', firmware/nnet_utils/nnet_common.h:65->firmware/nnet_utils/nnet_common.h:43->firmware/nnet_utils/nnet_common.h:45->firmware/nnet_utils/nnet_pooling_stream.h:21->firmware/nnet_utils/nnet_pooling_stream.h:68->firmware/nnet_utils/nnet_pooling_stream.h:115) [101]  (0.725 ns)
	'xor' operation ('xor_ln65', firmware/nnet_utils/nnet_common.h:65->firmware/nnet_utils/nnet_common.h:43->firmware/nnet_utils/nnet_common.h:45->firmware/nnet_utils/nnet_pooling_stream.h:21->firmware/nnet_utils/nnet_pooling_stream.h:68->firmware/nnet_utils/nnet_pooling_stream.h:115) [102]  (0.000 ns)
	'select' operation ('select_ln65', firmware/nnet_utils/nnet_common.h:65->firmware/nnet_utils/nnet_common.h:43->firmware/nnet_utils/nnet_common.h:45->firmware/nnet_utils/nnet_pooling_stream.h:21->firmware/nnet_utils/nnet_pooling_stream.h:68->firmware/nnet_utils/nnet_pooling_stream.h:115) [103]  (0.303 ns)
	'icmp' operation ('icmp_ln65_2', firmware/nnet_utils/nnet_common.h:65->firmware/nnet_utils/nnet_common.h:45->firmware/nnet_utils/nnet_pooling_stream.h:21->firmware/nnet_utils/nnet_pooling_stream.h:68->firmware/nnet_utils/nnet_pooling_stream.h:115) [107]  (0.725 ns)
	'xor' operation ('xor_ln65_2', firmware/nnet_utils/nnet_common.h:65->firmware/nnet_utils/nnet_common.h:45->firmware/nnet_utils/nnet_pooling_stream.h:21->firmware/nnet_utils/nnet_pooling_stream.h:68->firmware/nnet_utils/nnet_pooling_stream.h:115) [108]  (0.000 ns)
	'select' operation ('select_ln65_2', firmware/nnet_utils/nnet_common.h:65->firmware/nnet_utils/nnet_common.h:45->firmware/nnet_utils/nnet_pooling_stream.h:21->firmware/nnet_utils/nnet_pooling_stream.h:68->firmware/nnet_utils/nnet_pooling_stream.h:115) [109]  (0.303 ns)

 <State 3>: 1.231ns
The critical path consists of the following:
	fifo write operation ('write_ln72', firmware/nnet_utils/nnet_pooling_stream.h:72->firmware/nnet_utils/nnet_pooling_stream.h:115) on port 'layer5_out' (firmware/nnet_utils/nnet_pooling_stream.h:72->firmware/nnet_utils/nnet_pooling_stream.h:115) [175]  (1.231 ns)


============================================================
+ Verbose Summary: Binding
============================================================
N/A
* FSMD analyzer results:
  - Output states:
 - Input state : 
  - Chain level:
	State 1
	State 2
	State 3


============================================================
+ Verbose Summary: Datapath Resource usage 
============================================================
N/A
