

================================================================
== Vitis HLS Report for 'dense_latency_ap_fixed_16_6_5_3_0_ap_fixed_16_6_5_3_0_config6_s'
================================================================
* Date:           Mon Jul 15 08:30:57 2024

* Version:        2023.1 (Build 3854077 on May  4 2023)
* Project:        myproject_prj
* Solution:       solution1 (Vivado IP Flow Target)
* Product family: virtexuplus
* Target device:  xcvu13p-flga2577-2-e


================================================================
== Performance Estimates
================================================================
+ Timing: 
    * Summary: 
    +--------+---------+----------+------------+
    |  Clock |  Target | Estimated| Uncertainty|
    +--------+---------+----------+------------+
    |ap_clk  |  5.00 ns|  4.106 ns|     0.62 ns|
    +--------+---------+----------+------------+

+ Latency: 
    * Summary: 
    +---------+---------+----------+----------+-----+-----+---------+
    |  Latency (cycles) |  Latency (absolute) |  Interval | Pipeline|
    |   min   |   max   |    min   |    max   | min | max |   Type  |
    +---------+---------+----------+----------+-----+-----+---------+
    |        1|        1|  5.000 ns|  5.000 ns|    1|    1|      yes|
    +---------+---------+----------+----------+-----+-----+---------+

    + Detail: 
        * Instance: 
        N/A

        * Loop: 
        N/A



================================================================
== Utilization Estimates
================================================================
* Summary: 
+---------------------+---------+-------+---------+---------+------+
|         Name        | BRAM_18K|  DSP  |    FF   |   LUT   | URAM |
+---------------------+---------+-------+---------+---------+------+
|DSP                  |        -|      -|        -|        -|     -|
|Expression           |        -|      -|        0|     3009|     -|
|FIFO                 |        -|      -|        -|        -|     -|
|Instance             |        -|    137|        0|      685|     -|
|Memory               |        -|      -|        -|        -|     -|
|Multiplexer          |        -|      -|        -|       42|     -|
|Register             |        -|      -|      394|        -|     -|
+---------------------+---------+-------+---------+---------+------+
|Total                |        0|    137|      394|     3736|     0|
+---------------------+---------+-------+---------+---------+------+
|Available SLR        |     1344|   3072|   864000|   432000|   320|
+---------------------+---------+-------+---------+---------+------+
|Utilization SLR (%)  |        0|      4|       ~0|       ~0|     0|
+---------------------+---------+-------+---------+---------+------+
|Available            |     5376|  12288|  3456000|  1728000|  1280|
+---------------------+---------+-------+---------+---------+------+
|Utilization (%)      |        0|      1|       ~0|       ~0|     0|
+---------------------+---------+-------+---------+---------+------+

+ Detail: 
    * Instance: 
    +---------------------------+---------------------+---------+----+---+----+-----+
    |          Instance         |        Module       | BRAM_18K| DSP| FF| LUT| URAM|
    +---------------------------+---------------------+---------+----+---+----+-----+
    |mul_16s_10ns_24_1_0_U4464  |mul_16s_10ns_24_1_0  |        0|   1|  0|   5|    0|
    |mul_16s_10ns_24_1_0_U4476  |mul_16s_10ns_24_1_0  |        0|   1|  0|   5|    0|
    |mul_16s_10ns_24_1_0_U4493  |mul_16s_10ns_24_1_0  |        0|   1|  0|   5|    0|
    |mul_16s_10ns_24_1_0_U4501  |mul_16s_10ns_24_1_0  |        0|   1|  0|   5|    0|
    |mul_16s_10ns_24_1_0_U4513  |mul_16s_10ns_24_1_0  |        0|   1|  0|   5|    0|
    |mul_16s_10s_24_1_0_U4439   |mul_16s_10s_24_1_0   |        0|   1|  0|   5|    0|
    |mul_16s_10s_24_1_0_U4467   |mul_16s_10s_24_1_0   |        0|   1|  0|   5|    0|
    |mul_16s_10s_24_1_0_U4512   |mul_16s_10s_24_1_0   |        0|   1|  0|   5|    0|
    |mul_16s_7s_23_1_0_U4487    |mul_16s_7s_23_1_0    |        0|   1|  0|   5|    0|
    |mul_16s_8ns_24_1_0_U4378   |mul_16s_8ns_24_1_0   |        0|   1|  0|   5|    0|
    |mul_16s_8ns_24_1_0_U4383   |mul_16s_8ns_24_1_0   |        0|   1|  0|   5|    0|
    |mul_16s_8ns_24_1_0_U4390   |mul_16s_8ns_24_1_0   |        0|   1|  0|   5|    0|
    |mul_16s_8ns_24_1_0_U4394   |mul_16s_8ns_24_1_0   |        0|   1|  0|   5|    0|
    |mul_16s_8ns_24_1_0_U4409   |mul_16s_8ns_24_1_0   |        0|   1|  0|   5|    0|
    |mul_16s_8ns_24_1_0_U4423   |mul_16s_8ns_24_1_0   |        0|   1|  0|   5|    0|
    |mul_16s_8ns_24_1_0_U4429   |mul_16s_8ns_24_1_0   |        0|   1|  0|   5|    0|
    |mul_16s_8ns_24_1_0_U4447   |mul_16s_8ns_24_1_0   |        0|   1|  0|   5|    0|
    |mul_16s_8ns_24_1_0_U4450   |mul_16s_8ns_24_1_0   |        0|   1|  0|   5|    0|
    |mul_16s_8ns_24_1_0_U4454   |mul_16s_8ns_24_1_0   |        0|   1|  0|   5|    0|
    |mul_16s_8ns_24_1_0_U4459   |mul_16s_8ns_24_1_0   |        0|   1|  0|   5|    0|
    |mul_16s_8ns_24_1_0_U4460   |mul_16s_8ns_24_1_0   |        0|   1|  0|   5|    0|
    |mul_16s_8ns_24_1_0_U4473   |mul_16s_8ns_24_1_0   |        0|   1|  0|   5|    0|
    |mul_16s_8ns_24_1_0_U4485   |mul_16s_8ns_24_1_0   |        0|   1|  0|   5|    0|
    |mul_16s_8ns_24_1_0_U4500   |mul_16s_8ns_24_1_0   |        0|   1|  0|   5|    0|
    |mul_16s_8s_24_1_0_U4382    |mul_16s_8s_24_1_0    |        0|   1|  0|   5|    0|
    |mul_16s_8s_24_1_0_U4384    |mul_16s_8s_24_1_0    |        0|   1|  0|   5|    0|
    |mul_16s_8s_24_1_0_U4392    |mul_16s_8s_24_1_0    |        0|   1|  0|   5|    0|
    |mul_16s_8s_24_1_0_U4431    |mul_16s_8s_24_1_0    |        0|   1|  0|   5|    0|
    |mul_16s_8s_24_1_0_U4432    |mul_16s_8s_24_1_0    |        0|   1|  0|   5|    0|
    |mul_16s_8s_24_1_0_U4435    |mul_16s_8s_24_1_0    |        0|   1|  0|   5|    0|
    |mul_16s_8s_24_1_0_U4436    |mul_16s_8s_24_1_0    |        0|   1|  0|   5|    0|
    |mul_16s_8s_24_1_0_U4440    |mul_16s_8s_24_1_0    |        0|   1|  0|   5|    0|
    |mul_16s_8s_24_1_0_U4469    |mul_16s_8s_24_1_0    |        0|   1|  0|   5|    0|
    |mul_16s_8s_24_1_0_U4471    |mul_16s_8s_24_1_0    |        0|   1|  0|   5|    0|
    |mul_16s_8s_24_1_0_U4480    |mul_16s_8s_24_1_0    |        0|   1|  0|   5|    0|
    |mul_16s_8s_24_1_0_U4489    |mul_16s_8s_24_1_0    |        0|   1|  0|   5|    0|
    |mul_16s_8s_24_1_0_U4492    |mul_16s_8s_24_1_0    |        0|   1|  0|   5|    0|
    |mul_16s_8s_24_1_0_U4497    |mul_16s_8s_24_1_0    |        0|   1|  0|   5|    0|
    |mul_16s_8s_24_1_0_U4505    |mul_16s_8s_24_1_0    |        0|   1|  0|   5|    0|
    |mul_16s_9ns_24_1_0_U4381   |mul_16s_9ns_24_1_0   |        0|   1|  0|   5|    0|
    |mul_16s_9ns_24_1_0_U4387   |mul_16s_9ns_24_1_0   |        0|   1|  0|   5|    0|
    |mul_16s_9ns_24_1_0_U4389   |mul_16s_9ns_24_1_0   |        0|   1|  0|   5|    0|
    |mul_16s_9ns_24_1_0_U4391   |mul_16s_9ns_24_1_0   |        0|   1|  0|   5|    0|
    |mul_16s_9ns_24_1_0_U4397   |mul_16s_9ns_24_1_0   |        0|   1|  0|   5|    0|
    |mul_16s_9ns_24_1_0_U4400   |mul_16s_9ns_24_1_0   |        0|   1|  0|   5|    0|
    |mul_16s_9ns_24_1_0_U4401   |mul_16s_9ns_24_1_0   |        0|   1|  0|   5|    0|
    |mul_16s_9ns_24_1_0_U4402   |mul_16s_9ns_24_1_0   |        0|   1|  0|   5|    0|
    |mul_16s_9ns_24_1_0_U4403   |mul_16s_9ns_24_1_0   |        0|   1|  0|   5|    0|
    |mul_16s_9ns_24_1_0_U4404   |mul_16s_9ns_24_1_0   |        0|   1|  0|   5|    0|
    |mul_16s_9ns_24_1_0_U4406   |mul_16s_9ns_24_1_0   |        0|   1|  0|   5|    0|
    |mul_16s_9ns_24_1_0_U4412   |mul_16s_9ns_24_1_0   |        0|   1|  0|   5|    0|
    |mul_16s_9ns_24_1_0_U4414   |mul_16s_9ns_24_1_0   |        0|   1|  0|   5|    0|
    |mul_16s_9ns_24_1_0_U4417   |mul_16s_9ns_24_1_0   |        0|   1|  0|   5|    0|
    |mul_16s_9ns_24_1_0_U4420   |mul_16s_9ns_24_1_0   |        0|   1|  0|   5|    0|
    |mul_16s_9ns_24_1_0_U4421   |mul_16s_9ns_24_1_0   |        0|   1|  0|   5|    0|
    |mul_16s_9ns_24_1_0_U4425   |mul_16s_9ns_24_1_0   |        0|   1|  0|   5|    0|
    |mul_16s_9ns_24_1_0_U4426   |mul_16s_9ns_24_1_0   |        0|   1|  0|   5|    0|
    |mul_16s_9ns_24_1_0_U4428   |mul_16s_9ns_24_1_0   |        0|   1|  0|   5|    0|
    |mul_16s_9ns_24_1_0_U4437   |mul_16s_9ns_24_1_0   |        0|   1|  0|   5|    0|
    |mul_16s_9ns_24_1_0_U4441   |mul_16s_9ns_24_1_0   |        0|   1|  0|   5|    0|
    |mul_16s_9ns_24_1_0_U4444   |mul_16s_9ns_24_1_0   |        0|   1|  0|   5|    0|
    |mul_16s_9ns_24_1_0_U4448   |mul_16s_9ns_24_1_0   |        0|   1|  0|   5|    0|
    |mul_16s_9ns_24_1_0_U4449   |mul_16s_9ns_24_1_0   |        0|   1|  0|   5|    0|
    |mul_16s_9ns_24_1_0_U4453   |mul_16s_9ns_24_1_0   |        0|   1|  0|   5|    0|
    |mul_16s_9ns_24_1_0_U4455   |mul_16s_9ns_24_1_0   |        0|   1|  0|   5|    0|
    |mul_16s_9ns_24_1_0_U4457   |mul_16s_9ns_24_1_0   |        0|   1|  0|   5|    0|
    |mul_16s_9ns_24_1_0_U4458   |mul_16s_9ns_24_1_0   |        0|   1|  0|   5|    0|
    |mul_16s_9ns_24_1_0_U4461   |mul_16s_9ns_24_1_0   |        0|   1|  0|   5|    0|
    |mul_16s_9ns_24_1_0_U4462   |mul_16s_9ns_24_1_0   |        0|   1|  0|   5|    0|
    |mul_16s_9ns_24_1_0_U4463   |mul_16s_9ns_24_1_0   |        0|   1|  0|   5|    0|
    |mul_16s_9ns_24_1_0_U4465   |mul_16s_9ns_24_1_0   |        0|   1|  0|   5|    0|
    |mul_16s_9ns_24_1_0_U4466   |mul_16s_9ns_24_1_0   |        0|   1|  0|   5|    0|
    |mul_16s_9ns_24_1_0_U4468   |mul_16s_9ns_24_1_0   |        0|   1|  0|   5|    0|
    |mul_16s_9ns_24_1_0_U4475   |mul_16s_9ns_24_1_0   |        0|   1|  0|   5|    0|
    |mul_16s_9ns_24_1_0_U4477   |mul_16s_9ns_24_1_0   |        0|   1|  0|   5|    0|
    |mul_16s_9ns_24_1_0_U4478   |mul_16s_9ns_24_1_0   |        0|   1|  0|   5|    0|
    |mul_16s_9ns_24_1_0_U4479   |mul_16s_9ns_24_1_0   |        0|   1|  0|   5|    0|
    |mul_16s_9ns_24_1_0_U4483   |mul_16s_9ns_24_1_0   |        0|   1|  0|   5|    0|
    |mul_16s_9ns_24_1_0_U4484   |mul_16s_9ns_24_1_0   |        0|   1|  0|   5|    0|
    |mul_16s_9ns_24_1_0_U4491   |mul_16s_9ns_24_1_0   |        0|   1|  0|   5|    0|
    |mul_16s_9ns_24_1_0_U4494   |mul_16s_9ns_24_1_0   |        0|   1|  0|   5|    0|
    |mul_16s_9ns_24_1_0_U4498   |mul_16s_9ns_24_1_0   |        0|   1|  0|   5|    0|
    |mul_16s_9ns_24_1_0_U4503   |mul_16s_9ns_24_1_0   |        0|   1|  0|   5|    0|
    |mul_16s_9ns_24_1_0_U4506   |mul_16s_9ns_24_1_0   |        0|   1|  0|   5|    0|
    |mul_16s_9ns_24_1_0_U4508   |mul_16s_9ns_24_1_0   |        0|   1|  0|   5|    0|
    |mul_16s_9ns_24_1_0_U4509   |mul_16s_9ns_24_1_0   |        0|   1|  0|   5|    0|
    |mul_16s_9ns_24_1_0_U4511   |mul_16s_9ns_24_1_0   |        0|   1|  0|   5|    0|
    |mul_16s_9s_24_1_0_U4377    |mul_16s_9s_24_1_0    |        0|   1|  0|   5|    0|
    |mul_16s_9s_24_1_0_U4379    |mul_16s_9s_24_1_0    |        0|   1|  0|   5|    0|
    |mul_16s_9s_24_1_0_U4380    |mul_16s_9s_24_1_0    |        0|   1|  0|   5|    0|
    |mul_16s_9s_24_1_0_U4385    |mul_16s_9s_24_1_0    |        0|   1|  0|   5|    0|
    |mul_16s_9s_24_1_0_U4386    |mul_16s_9s_24_1_0    |        0|   1|  0|   5|    0|
    |mul_16s_9s_24_1_0_U4388    |mul_16s_9s_24_1_0    |        0|   1|  0|   5|    0|
    |mul_16s_9s_24_1_0_U4393    |mul_16s_9s_24_1_0    |        0|   1|  0|   5|    0|
    |mul_16s_9s_24_1_0_U4395    |mul_16s_9s_24_1_0    |        0|   1|  0|   5|    0|
    |mul_16s_9s_24_1_0_U4396    |mul_16s_9s_24_1_0    |        0|   1|  0|   5|    0|
    |mul_16s_9s_24_1_0_U4398    |mul_16s_9s_24_1_0    |        0|   1|  0|   5|    0|
    |mul_16s_9s_24_1_0_U4399    |mul_16s_9s_24_1_0    |        0|   1|  0|   5|    0|
    |mul_16s_9s_24_1_0_U4405    |mul_16s_9s_24_1_0    |        0|   1|  0|   5|    0|
    |mul_16s_9s_24_1_0_U4407    |mul_16s_9s_24_1_0    |        0|   1|  0|   5|    0|
    |mul_16s_9s_24_1_0_U4408    |mul_16s_9s_24_1_0    |        0|   1|  0|   5|    0|
    |mul_16s_9s_24_1_0_U4410    |mul_16s_9s_24_1_0    |        0|   1|  0|   5|    0|
    |mul_16s_9s_24_1_0_U4411    |mul_16s_9s_24_1_0    |        0|   1|  0|   5|    0|
    |mul_16s_9s_24_1_0_U4413    |mul_16s_9s_24_1_0    |        0|   1|  0|   5|    0|
    |mul_16s_9s_24_1_0_U4415    |mul_16s_9s_24_1_0    |        0|   1|  0|   5|    0|
    |mul_16s_9s_24_1_0_U4416    |mul_16s_9s_24_1_0    |        0|   1|  0|   5|    0|
    |mul_16s_9s_24_1_0_U4418    |mul_16s_9s_24_1_0    |        0|   1|  0|   5|    0|
    |mul_16s_9s_24_1_0_U4419    |mul_16s_9s_24_1_0    |        0|   1|  0|   5|    0|
    |mul_16s_9s_24_1_0_U4422    |mul_16s_9s_24_1_0    |        0|   1|  0|   5|    0|
    |mul_16s_9s_24_1_0_U4424    |mul_16s_9s_24_1_0    |        0|   1|  0|   5|    0|
    |mul_16s_9s_24_1_0_U4427    |mul_16s_9s_24_1_0    |        0|   1|  0|   5|    0|
    |mul_16s_9s_24_1_0_U4430    |mul_16s_9s_24_1_0    |        0|   1|  0|   5|    0|
    |mul_16s_9s_24_1_0_U4433    |mul_16s_9s_24_1_0    |        0|   1|  0|   5|    0|
    |mul_16s_9s_24_1_0_U4434    |mul_16s_9s_24_1_0    |        0|   1|  0|   5|    0|
    |mul_16s_9s_24_1_0_U4438    |mul_16s_9s_24_1_0    |        0|   1|  0|   5|    0|
    |mul_16s_9s_24_1_0_U4442    |mul_16s_9s_24_1_0    |        0|   1|  0|   5|    0|
    |mul_16s_9s_24_1_0_U4443    |mul_16s_9s_24_1_0    |        0|   1|  0|   5|    0|
    |mul_16s_9s_24_1_0_U4445    |mul_16s_9s_24_1_0    |        0|   1|  0|   5|    0|
    |mul_16s_9s_24_1_0_U4446    |mul_16s_9s_24_1_0    |        0|   1|  0|   5|    0|
    |mul_16s_9s_24_1_0_U4451    |mul_16s_9s_24_1_0    |        0|   1|  0|   5|    0|
    |mul_16s_9s_24_1_0_U4452    |mul_16s_9s_24_1_0    |        0|   1|  0|   5|    0|
    |mul_16s_9s_24_1_0_U4456    |mul_16s_9s_24_1_0    |        0|   1|  0|   5|    0|
    |mul_16s_9s_24_1_0_U4470    |mul_16s_9s_24_1_0    |        0|   1|  0|   5|    0|
    |mul_16s_9s_24_1_0_U4472    |mul_16s_9s_24_1_0    |        0|   1|  0|   5|    0|
    |mul_16s_9s_24_1_0_U4474    |mul_16s_9s_24_1_0    |        0|   1|  0|   5|    0|
    |mul_16s_9s_24_1_0_U4481    |mul_16s_9s_24_1_0    |        0|   1|  0|   5|    0|
    |mul_16s_9s_24_1_0_U4482    |mul_16s_9s_24_1_0    |        0|   1|  0|   5|    0|
    |mul_16s_9s_24_1_0_U4486    |mul_16s_9s_24_1_0    |        0|   1|  0|   5|    0|
    |mul_16s_9s_24_1_0_U4488    |mul_16s_9s_24_1_0    |        0|   1|  0|   5|    0|
    |mul_16s_9s_24_1_0_U4490    |mul_16s_9s_24_1_0    |        0|   1|  0|   5|    0|
    |mul_16s_9s_24_1_0_U4495    |mul_16s_9s_24_1_0    |        0|   1|  0|   5|    0|
    |mul_16s_9s_24_1_0_U4496    |mul_16s_9s_24_1_0    |        0|   1|  0|   5|    0|
    |mul_16s_9s_24_1_0_U4499    |mul_16s_9s_24_1_0    |        0|   1|  0|   5|    0|
    |mul_16s_9s_24_1_0_U4502    |mul_16s_9s_24_1_0    |        0|   1|  0|   5|    0|
    |mul_16s_9s_24_1_0_U4504    |mul_16s_9s_24_1_0    |        0|   1|  0|   5|    0|
    |mul_16s_9s_24_1_0_U4507    |mul_16s_9s_24_1_0    |        0|   1|  0|   5|    0|
    |mul_16s_9s_24_1_0_U4510    |mul_16s_9s_24_1_0    |        0|   1|  0|   5|    0|
    +---------------------------+---------------------+---------+----+---+----+-----+
    |Total                      |                     |        0| 137|  0| 685|    0|
    +---------------------------+---------------------+---------+----+---+----+-----+

    * DSP: 
    N/A

    * Memory: 
    N/A

    * FIFO: 
    N/A

    * Expression: 
    +--------------------------+----------+----+---+----+------------+------------+
    |       Variable Name      | Operation| DSP| FF| LUT| Bitwidth P0| Bitwidth P1|
    +--------------------------+----------+----+---+----+------------+------------+
    |add_ln58_100_fu_87546_p2  |         +|   0|  0|  16|          15|          15|
    |add_ln58_101_fu_87552_p2  |         +|   0|  0|  16|          15|          15|
    |add_ln58_102_fu_87844_p2  |         +|   0|  0|  16|          15|          15|
    |add_ln58_103_fu_87558_p2  |         +|   0|  0|  22|          15|          15|
    |add_ln58_104_fu_87564_p2  |         +|   0|  0|  22|          15|          15|
    |add_ln58_105_fu_87570_p2  |         +|   0|  0|  16|          15|          15|
    |add_ln58_106_fu_87576_p2  |         +|   0|  0|  16|          15|          15|
    |add_ln58_107_fu_87582_p2  |         +|   0|  0|  16|          15|          15|
    |add_ln58_108_fu_87588_p2  |         +|   0|  0|  16|          15|          15|
    |add_ln58_109_fu_87594_p2  |         +|   0|  0|  16|          15|          15|
    |add_ln58_10_fu_87078_p2   |         +|   0|  0|  22|          15|          15|
    |add_ln58_110_fu_87600_p2  |         +|   0|  0|  16|          15|          15|
    |add_ln58_111_fu_87848_p2  |         +|   0|  0|  16|          15|          15|
    |add_ln58_112_fu_87853_p2  |         +|   0|  0|  16|          15|          15|
    |add_ln58_113_fu_87606_p2  |         +|   0|  0|  22|          15|          15|
    |add_ln58_114_fu_87612_p2  |         +|   0|  0|  22|          15|          15|
    |add_ln58_115_fu_87618_p2  |         +|   0|  0|  16|          15|          15|
    |add_ln58_116_fu_87624_p2  |         +|   0|  0|  16|          15|          15|
    |add_ln58_117_fu_87630_p2  |         +|   0|  0|  22|          15|          15|
    |add_ln58_118_fu_87636_p2  |         +|   0|  0|  16|          15|          15|
    |add_ln58_119_fu_87642_p2  |         +|   0|  0|  16|          15|          15|
    |add_ln58_11_fu_87084_p2   |         +|   0|  0|  16|          15|          15|
    |add_ln58_120_fu_87648_p2  |         +|   0|  0|  22|          15|          15|
    |add_ln58_121_fu_87654_p2  |         +|   0|  0|  22|          15|          15|
    |add_ln58_122_fu_87660_p2  |         +|   0|  0|  16|          15|          15|
    |add_ln58_123_fu_87666_p2  |         +|   0|  0|  16|          15|          15|
    |add_ln58_124_fu_87672_p2  |         +|   0|  0|  16|          15|          15|
    |add_ln58_125_fu_87678_p2  |         +|   0|  0|  16|          15|          15|
    |add_ln58_126_fu_87684_p2  |         +|   0|  0|  16|          15|          15|
    |add_ln58_127_fu_87690_p2  |         +|   0|  0|  16|          15|          15|
    |add_ln58_128_fu_87859_p2  |         +|   0|  0|  16|          15|          15|
    |add_ln58_129_fu_87696_p2  |         +|   0|  0|  16|          15|          15|
    |add_ln58_12_fu_87090_p2   |         +|   0|  0|  16|          15|          15|
    |add_ln58_130_fu_87702_p2  |         +|   0|  0|  22|          15|          15|
    |add_ln58_131_fu_87708_p2  |         +|   0|  0|  16|          15|          15|
    |add_ln58_132_fu_87714_p2  |         +|   0|  0|  16|          15|          15|
    |add_ln58_133_fu_87720_p2  |         +|   0|  0|  16|          15|          15|
    |add_ln58_134_fu_87726_p2  |         +|   0|  0|  16|          15|          15|
    |add_ln58_135_fu_87732_p2  |         +|   0|  0|  16|          15|          15|
    |add_ln58_136_fu_87863_p2  |         +|   0|  0|  16|          15|          15|
    |add_ln58_137_fu_87738_p2  |         +|   0|  0|  22|          15|          15|
    |add_ln58_138_fu_87744_p2  |         +|   0|  0|  22|          15|          15|
    |add_ln58_139_fu_87750_p2  |         +|   0|  0|  16|          15|          15|
    |add_ln58_13_fu_87096_p2   |         +|   0|  0|  22|          15|          15|
    |add_ln58_140_fu_87756_p2  |         +|   0|  0|  16|          15|          15|
    |add_ln58_141_fu_87762_p2  |         +|   0|  0|  16|          15|          15|
    |add_ln58_142_fu_87768_p2  |         +|   0|  0|  16|          15|          15|
    |add_ln58_143_fu_87774_p2  |         +|   0|  0|  16|          15|          15|
    |add_ln58_144_fu_87780_p2  |         +|   0|  0|  16|          15|          15|
    |add_ln58_145_fu_87867_p2  |         +|   0|  0|  16|          15|          15|
    |add_ln58_146_fu_87872_p2  |         +|   0|  0|  16|          15|          15|
    |add_ln58_14_fu_87102_p2   |         +|   0|  0|  16|          15|          15|
    |add_ln58_15_fu_87786_p2   |         +|   0|  0|  16|          15|          15|
    |add_ln58_16_fu_87108_p2   |         +|   0|  0|  22|          15|          15|
    |add_ln58_17_fu_87114_p2   |         +|   0|  0|  22|          15|          15|
    |add_ln58_18_fu_87120_p2   |         +|   0|  0|  16|          15|          15|
    |add_ln58_19_fu_87126_p2   |         +|   0|  0|  16|          15|          15|
    |add_ln58_1_fu_87024_p2    |         +|   0|  0|  16|          15|          15|
    |add_ln58_20_fu_87132_p2   |         +|   0|  0|  16|          15|          15|
    |add_ln58_21_fu_87138_p2   |         +|   0|  0|  16|          15|          15|
    |add_ln58_22_fu_87144_p2   |         +|   0|  0|  16|          15|          15|
    |add_ln58_23_fu_87150_p2   |         +|   0|  0|  16|          15|          15|
    |add_ln58_24_fu_87790_p2   |         +|   0|  0|  16|          15|          15|
    |add_ln58_25_fu_87156_p2   |         +|   0|  0|  16|          15|          15|
    |add_ln58_26_fu_87162_p2   |         +|   0|  0|  22|          15|          15|
    |add_ln58_27_fu_87168_p2   |         +|   0|  0|  16|          15|          15|
    |add_ln58_28_fu_87174_p2   |         +|   0|  0|  16|          15|          15|
    |add_ln58_29_fu_87180_p2   |         +|   0|  0|  16|          15|          15|
    |add_ln58_2_fu_87030_p2    |         +|   0|  0|  16|          15|          15|
    |add_ln58_30_fu_87186_p2   |         +|   0|  0|  16|          15|          15|
    |add_ln58_31_fu_87192_p2   |         +|   0|  0|  16|          15|          15|
    |add_ln58_32_fu_87795_p2   |         +|   0|  0|  16|          15|          15|
    |add_ln58_33_fu_87198_p2   |         +|   0|  0|  22|          15|          15|
    |add_ln58_34_fu_87204_p2   |         +|   0|  0|  22|          15|          15|
    |add_ln58_35_fu_87210_p2   |         +|   0|  0|  16|          15|          15|
    |add_ln58_36_fu_87216_p2   |         +|   0|  0|  16|          15|          15|
    |add_ln58_37_fu_87222_p2   |         +|   0|  0|  16|          15|          15|
    |add_ln58_38_fu_87228_p2   |         +|   0|  0|  16|          15|          15|
    |add_ln58_39_fu_87234_p2   |         +|   0|  0|  16|          15|          15|
    |add_ln58_3_fu_87036_p2    |         +|   0|  0|  16|          15|          15|
    |add_ln58_40_fu_87240_p2   |         +|   0|  0|  16|          15|          15|
    |add_ln58_41_fu_87799_p2   |         +|   0|  0|  16|          15|          15|
    |add_ln58_42_fu_87804_p2   |         +|   0|  0|  16|          15|          15|
    |add_ln58_43_fu_87246_p2   |         +|   0|  0|  22|          15|          15|
    |add_ln58_44_fu_87252_p2   |         +|   0|  0|  22|          15|          15|
    |add_ln58_45_fu_87258_p2   |         +|   0|  0|  16|          15|          15|
    |add_ln58_46_fu_87264_p2   |         +|   0|  0|  16|          15|          15|
    |add_ln58_47_fu_87270_p2   |         +|   0|  0|  16|          15|          15|
    |add_ln58_48_fu_87276_p2   |         +|   0|  0|  16|          15|          15|
    |add_ln58_49_fu_87282_p2   |         +|   0|  0|  16|          15|          15|
    |add_ln58_4_fu_87042_p2    |         +|   0|  0|  16|          15|          15|
    |add_ln58_50_fu_87288_p2   |         +|   0|  0|  16|          15|          15|
    |add_ln58_51_fu_87294_p2   |         +|   0|  0|  22|          15|          15|
    |add_ln58_52_fu_87300_p2   |         +|   0|  0|  22|          15|          15|
    |add_ln58_53_fu_87306_p2   |         +|   0|  0|  16|          15|          15|
    |add_ln58_54_fu_87312_p2   |         +|   0|  0|  16|          15|          15|
    |add_ln58_55_fu_87318_p2   |         +|   0|  0|  16|          15|          15|
    |add_ln58_56_fu_87324_p2   |         +|   0|  0|  16|          15|          15|
    |add_ln58_57_fu_87330_p2   |         +|   0|  0|  16|          15|          15|
    |add_ln58_58_fu_87336_p2   |         +|   0|  0|  16|          15|          15|
    |add_ln58_59_fu_87810_p2   |         +|   0|  0|  16|          15|          15|
    |add_ln58_5_fu_87048_p2    |         +|   0|  0|  16|          15|          15|
    |add_ln58_60_fu_87342_p2   |         +|   0|  0|  16|          15|          15|
    |add_ln58_61_fu_87348_p2   |         +|   0|  0|  22|          15|          15|
    |add_ln58_62_fu_87354_p2   |         +|   0|  0|  16|          15|          15|
    |add_ln58_63_fu_87360_p2   |         +|   0|  0|  16|          15|          15|
    |add_ln58_64_fu_87366_p2   |         +|   0|  0|  16|          15|          15|
    |add_ln58_65_fu_87372_p2   |         +|   0|  0|  16|          15|          15|
    |add_ln58_66_fu_87378_p2   |         +|   0|  0|  16|          15|          15|
    |add_ln58_67_fu_87814_p2   |         +|   0|  0|  16|          15|          15|
    |add_ln58_68_fu_87384_p2   |         +|   0|  0|  22|          15|          15|
    |add_ln58_69_fu_87390_p2   |         +|   0|  0|  22|          15|          15|
    |add_ln58_6_fu_87054_p2    |         +|   0|  0|  16|          15|          15|
    |add_ln58_70_fu_87396_p2   |         +|   0|  0|  16|          15|          15|
    |add_ln58_71_fu_87402_p2   |         +|   0|  0|  16|          15|          15|
    |add_ln58_72_fu_87408_p2   |         +|   0|  0|  16|          15|          15|
    |add_ln58_73_fu_87414_p2   |         +|   0|  0|  16|          15|          15|
    |add_ln58_74_fu_87420_p2   |         +|   0|  0|  16|          15|          15|
    |add_ln58_75_fu_87426_p2   |         +|   0|  0|  16|          15|          15|
    |add_ln58_76_fu_87818_p2   |         +|   0|  0|  16|          15|          15|
    |add_ln58_77_fu_87823_p2   |         +|   0|  0|  16|          15|          15|
    |add_ln58_79_fu_87432_p2   |         +|   0|  0|  16|          15|          15|
    |add_ln58_7_fu_87060_p2    |         +|   0|  0|  16|          15|          15|
    |add_ln58_80_fu_87438_p2   |         +|   0|  0|  22|          15|          15|
    |add_ln58_81_fu_87444_p2   |         +|   0|  0|  16|          15|          15|
    |add_ln58_82_fu_87450_p2   |         +|   0|  0|  16|          15|          15|
    |add_ln58_83_fu_87456_p2   |         +|   0|  0|  22|          15|          15|
    |add_ln58_84_fu_87462_p2   |         +|   0|  0|  16|          15|          15|
    |add_ln58_85_fu_87835_p2   |         +|   0|  0|  16|          15|          15|
    |add_ln58_86_fu_87468_p2   |         +|   0|  0|  22|          15|          15|
    |add_ln58_87_fu_87474_p2   |         +|   0|  0|  22|          15|          15|
    |add_ln58_88_fu_87480_p2   |         +|   0|  0|  16|          15|          15|
    |add_ln58_89_fu_87486_p2   |         +|   0|  0|  16|          15|          15|
    |add_ln58_90_fu_87492_p2   |         +|   0|  0|  16|          15|          15|
    |add_ln58_91_fu_87498_p2   |         +|   0|  0|  16|          15|          15|
    |add_ln58_92_fu_87504_p2   |         +|   0|  0|  16|          15|          15|
    |add_ln58_93_fu_87510_p2   |         +|   0|  0|  16|          15|          15|
    |add_ln58_94_fu_87839_p2   |         +|   0|  0|  16|          15|          15|
    |add_ln58_95_fu_87516_p2   |         +|   0|  0|  16|          15|          15|
    |add_ln58_96_fu_87522_p2   |         +|   0|  0|  22|          15|          15|
    |add_ln58_97_fu_87528_p2   |         +|   0|  0|  16|          15|          15|
    |add_ln58_98_fu_87534_p2   |         +|   0|  0|  16|          15|          15|
    |add_ln58_99_fu_87540_p2   |         +|   0|  0|  16|          15|          15|
    |add_ln58_9_fu_87072_p2    |         +|   0|  0|  16|          15|          15|
    |add_ln58_fu_87018_p2      |         +|   0|  0|  22|          15|          15|
    |add_ln73_1_fu_85719_p2    |         +|   0|  0|  31|          24|          24|
    |add_ln73_2_fu_85906_p2    |         +|   0|  0|  31|          24|          24|
    |add_ln73_3_fu_86235_p2    |         +|   0|  0|  31|          24|          24|
    |add_ln73_fu_84951_p2      |         +|   0|  0|  31|          24|          24|
    |x_1_fu_87829_p2           |         +|   0|  0|  16|          15|          15|
    |x_2_fu_87878_p2           |         +|   0|  0|  16|          15|          15|
    |x_fu_87066_p2             |         +|   0|  0|  16|          15|          15|
    |sub_ln73_10_fu_86887_p2   |         -|   0|  0|  31|          24|          24|
    |sub_ln73_11_fu_85890_p2   |         -|   0|  0|  31|          24|          24|
    |sub_ln73_12_fu_86161_p2   |         -|   0|  0|  31|          24|          24|
    |sub_ln73_1_fu_84840_p2    |         -|   0|  0|  19|          19|          19|
    |sub_ln73_2_fu_85070_p2    |         -|   0|  0|  31|          24|          24|
    |sub_ln73_3_fu_85528_p2    |         -|   0|  0|  24|           1|          24|
    |sub_ln73_4_fu_85546_p2    |         -|   0|  0|  24|          24|          24|
    |sub_ln73_5_fu_85762_p2    |         -|   0|  0|  24|           1|          24|
    |sub_ln73_6_fu_85780_p2    |         -|   0|  0|  24|          24|          24|
    |sub_ln73_7_fu_86504_p2    |         -|   0|  0|  31|          24|          24|
    |sub_ln73_8_fu_86704_p2    |         -|   0|  0|  24|           1|          24|
    |sub_ln73_9_fu_86722_p2    |         -|   0|  0|  24|          24|          24|
    |sub_ln73_fu_84834_p2      |         -|   0|  0|  19|           1|          19|
    +--------------------------+----------+----+---+----+------------+------------+
    |Total                     |          |   0|  0|3009|        2531|        2618|
    +--------------------------+----------+----+---+----+------------+------------+

    * Multiplexer: 
    +-------------+----+-----------+-----+-----------+
    |     Name    | LUT| Input Size| Bits| Total Bits|
    +-------------+----+-----------+-----+-----------+
    |ap_return_0  |  14|          3|   16|         48|
    |ap_return_1  |  14|          3|   16|         48|
    |ap_return_2  |  14|          3|   16|         48|
    +-------------+----+-----------+-----+-----------+
    |Total        |  42|          9|   48|        144|
    +-------------+----+-----------+-----+-----------+

    * Register: 
    +------------------------+----+----+-----+-----------+
    |          Name          | FF | LUT| Bits| Const Bits|
    +------------------------+----+----+-----+-----------+
    |add_ln58_101_reg_87993  |  15|   0|   15|          0|
    |add_ln58_110_reg_87998  |  15|   0|   15|          0|
    |add_ln58_119_reg_88003  |  15|   0|   15|          0|
    |add_ln58_11_reg_87918   |  15|   0|   15|          0|
    |add_ln58_127_reg_88008  |  15|   0|   15|          0|
    |add_ln58_131_reg_88013  |  15|   0|   15|          0|
    |add_ln58_135_reg_88018  |  15|   0|   15|          0|
    |add_ln58_144_reg_88023  |  15|   0|   15|          0|
    |add_ln58_14_reg_87923   |  15|   0|   15|          0|
    |add_ln58_23_reg_87928   |  15|   0|   15|          0|
    |add_ln58_27_reg_87933   |  15|   0|   15|          0|
    |add_ln58_31_reg_87938   |  15|   0|   15|          0|
    |add_ln58_40_reg_87943   |  15|   0|   15|          0|
    |add_ln58_50_reg_87948   |  15|   0|   15|          0|
    |add_ln58_58_reg_87953   |  15|   0|   15|          0|
    |add_ln58_62_reg_87958   |  15|   0|   15|          0|
    |add_ln58_66_reg_87963   |  15|   0|   15|          0|
    |add_ln58_75_reg_87968   |  15|   0|   15|          0|
    |add_ln58_81_reg_87973   |  15|   0|   15|          0|
    |add_ln58_84_reg_87978   |  15|   0|   15|          0|
    |add_ln58_93_reg_87983   |  15|   0|   15|          0|
    |add_ln58_97_reg_87988   |  15|   0|   15|          0|
    |ap_ce_reg               |   1|   0|    1|          0|
    |ap_return_0_int_reg     |  16|   0|   16|          0|
    |ap_return_1_int_reg     |  16|   0|   16|          0|
    |ap_return_2_int_reg     |  16|   0|   16|          0|
    |x_reg_87913             |  15|   0|   15|          0|
    +------------------------+----+----+-----+-----------+
    |Total                   | 394|   0|  394|          0|
    +------------------------+----+----+-----+-----------+



================================================================
== Interface
================================================================
* Summary: 
+-------------+-----+-----+------------+----------------------------------------------------------------------------+--------------+
|  RTL Ports  | Dir | Bits|  Protocol  |                                Source Object                               |    C Type    |
+-------------+-----+-----+------------+----------------------------------------------------------------------------+--------------+
|ap_clk       |   in|    1|  ap_ctrl_hs|  dense_latency<ap_fixed<16, 6, 5, 3, 0>, ap_fixed<16, 6, 5, 3, 0>, config6>|  return value|
|ap_rst       |   in|    1|  ap_ctrl_hs|  dense_latency<ap_fixed<16, 6, 5, 3, 0>, ap_fixed<16, 6, 5, 3, 0>, config6>|  return value|
|ap_return_0  |  out|   16|  ap_ctrl_hs|  dense_latency<ap_fixed<16, 6, 5, 3, 0>, ap_fixed<16, 6, 5, 3, 0>, config6>|  return value|
|ap_return_1  |  out|   16|  ap_ctrl_hs|  dense_latency<ap_fixed<16, 6, 5, 3, 0>, ap_fixed<16, 6, 5, 3, 0>, config6>|  return value|
|ap_return_2  |  out|   16|  ap_ctrl_hs|  dense_latency<ap_fixed<16, 6, 5, 3, 0>, ap_fixed<16, 6, 5, 3, 0>, config6>|  return value|
|ap_ce        |   in|    1|  ap_ctrl_hs|  dense_latency<ap_fixed<16, 6, 5, 3, 0>, ap_fixed<16, 6, 5, 3, 0>, config6>|  return value|
|data_0_val   |   in|   16|     ap_none|                                                                  data_0_val|        scalar|
|data_1_val   |   in|   16|     ap_none|                                                                  data_1_val|        scalar|
|data_2_val   |   in|   16|     ap_none|                                                                  data_2_val|        scalar|
|data_3_val   |   in|   16|     ap_none|                                                                  data_3_val|        scalar|
|data_4_val   |   in|   16|     ap_none|                                                                  data_4_val|        scalar|
|data_5_val   |   in|   16|     ap_none|                                                                  data_5_val|        scalar|
|data_6_val   |   in|   16|     ap_none|                                                                  data_6_val|        scalar|
|data_7_val   |   in|   16|     ap_none|                                                                  data_7_val|        scalar|
|data_8_val   |   in|   16|     ap_none|                                                                  data_8_val|        scalar|
|data_9_val   |   in|   16|     ap_none|                                                                  data_9_val|        scalar|
|data_10_val  |   in|   16|     ap_none|                                                                 data_10_val|        scalar|
|data_11_val  |   in|   16|     ap_none|                                                                 data_11_val|        scalar|
|data_12_val  |   in|   16|     ap_none|                                                                 data_12_val|        scalar|
|data_13_val  |   in|   16|     ap_none|                                                                 data_13_val|        scalar|
|data_14_val  |   in|   16|     ap_none|                                                                 data_14_val|        scalar|
|data_15_val  |   in|   16|     ap_none|                                                                 data_15_val|        scalar|
|data_16_val  |   in|   16|     ap_none|                                                                 data_16_val|        scalar|
|data_17_val  |   in|   16|     ap_none|                                                                 data_17_val|        scalar|
|data_18_val  |   in|   16|     ap_none|                                                                 data_18_val|        scalar|
|data_19_val  |   in|   16|     ap_none|                                                                 data_19_val|        scalar|
|data_20_val  |   in|   16|     ap_none|                                                                 data_20_val|        scalar|
|data_21_val  |   in|   16|     ap_none|                                                                 data_21_val|        scalar|
|data_22_val  |   in|   16|     ap_none|                                                                 data_22_val|        scalar|
|data_23_val  |   in|   16|     ap_none|                                                                 data_23_val|        scalar|
|data_24_val  |   in|   16|     ap_none|                                                                 data_24_val|        scalar|
|data_25_val  |   in|   16|     ap_none|                                                                 data_25_val|        scalar|
|data_26_val  |   in|   16|     ap_none|                                                                 data_26_val|        scalar|
|data_27_val  |   in|   16|     ap_none|                                                                 data_27_val|        scalar|
|data_28_val  |   in|   16|     ap_none|                                                                 data_28_val|        scalar|
|data_29_val  |   in|   16|     ap_none|                                                                 data_29_val|        scalar|
|data_30_val  |   in|   16|     ap_none|                                                                 data_30_val|        scalar|
|data_31_val  |   in|   16|     ap_none|                                                                 data_31_val|        scalar|
|data_32_val  |   in|   16|     ap_none|                                                                 data_32_val|        scalar|
|data_33_val  |   in|   16|     ap_none|                                                                 data_33_val|        scalar|
|data_34_val  |   in|   16|     ap_none|                                                                 data_34_val|        scalar|
|data_35_val  |   in|   16|     ap_none|                                                                 data_35_val|        scalar|
|data_36_val  |   in|   16|     ap_none|                                                                 data_36_val|        scalar|
|data_37_val  |   in|   16|     ap_none|                                                                 data_37_val|        scalar|
|data_38_val  |   in|   16|     ap_none|                                                                 data_38_val|        scalar|
|data_39_val  |   in|   16|     ap_none|                                                                 data_39_val|        scalar|
|data_40_val  |   in|   16|     ap_none|                                                                 data_40_val|        scalar|
|data_41_val  |   in|   16|     ap_none|                                                                 data_41_val|        scalar|
|data_42_val  |   in|   16|     ap_none|                                                                 data_42_val|        scalar|
|data_43_val  |   in|   16|     ap_none|                                                                 data_43_val|        scalar|
|data_44_val  |   in|   16|     ap_none|                                                                 data_44_val|        scalar|
|data_45_val  |   in|   16|     ap_none|                                                                 data_45_val|        scalar|
|data_46_val  |   in|   16|     ap_none|                                                                 data_46_val|        scalar|
|data_47_val  |   in|   16|     ap_none|                                                                 data_47_val|        scalar|
|data_48_val  |   in|   16|     ap_none|                                                                 data_48_val|        scalar|
|data_49_val  |   in|   16|     ap_none|                                                                 data_49_val|        scalar|
|data_50_val  |   in|   16|     ap_none|                                                                 data_50_val|        scalar|
|data_51_val  |   in|   16|     ap_none|                                                                 data_51_val|        scalar|
|data_52_val  |   in|   16|     ap_none|                                                                 data_52_val|        scalar|
|data_53_val  |   in|   16|     ap_none|                                                                 data_53_val|        scalar|
|data_54_val  |   in|   16|     ap_none|                                                                 data_54_val|        scalar|
|data_55_val  |   in|   16|     ap_none|                                                                 data_55_val|        scalar|
|data_56_val  |   in|   16|     ap_none|                                                                 data_56_val|        scalar|
|data_57_val  |   in|   16|     ap_none|                                                                 data_57_val|        scalar|
|data_58_val  |   in|   16|     ap_none|                                                                 data_58_val|        scalar|
|data_59_val  |   in|   16|     ap_none|                                                                 data_59_val|        scalar|
|data_60_val  |   in|   16|     ap_none|                                                                 data_60_val|        scalar|
|data_61_val  |   in|   16|     ap_none|                                                                 data_61_val|        scalar|
|data_62_val  |   in|   16|     ap_none|                                                                 data_62_val|        scalar|
|data_63_val  |   in|   16|     ap_none|                                                                 data_63_val|        scalar|
|data_64_val  |   in|   16|     ap_none|                                                                 data_64_val|        scalar|
|data_65_val  |   in|   16|     ap_none|                                                                 data_65_val|        scalar|
|data_66_val  |   in|   16|     ap_none|                                                                 data_66_val|        scalar|
|data_67_val  |   in|   16|     ap_none|                                                                 data_67_val|        scalar|
|data_68_val  |   in|   16|     ap_none|                                                                 data_68_val|        scalar|
|data_69_val  |   in|   16|     ap_none|                                                                 data_69_val|        scalar|
|data_70_val  |   in|   16|     ap_none|                                                                 data_70_val|        scalar|
|data_71_val  |   in|   16|     ap_none|                                                                 data_71_val|        scalar|
+-------------+-----+-----+------------+----------------------------------------------------------------------------+--------------+

