

================================================================
== Vitis HLS Report for 'relu_ap_fixed_16_6_5_3_0_ap_ufixed_15_0_4_0_0_relu_config4_s'
================================================================
* Date:           Mon Jul 15 08:30:56 2024

* Version:        2023.1 (Build 3854077 on May  4 2023)
* Project:        myproject_prj
* Solution:       solution1 (Vivado IP Flow Target)
* Product family: virtexuplus
* Target device:  xcvu13p-flga2577-2-e


================================================================
== Performance Estimates
================================================================
+ Timing: 
    * Summary: 
    +--------+---------+----------+------------+
    |  Clock |  Target | Estimated| Uncertainty|
    +--------+---------+----------+------------+
    |ap_clk  |  5.00 ns|  1.078 ns|     0.62 ns|
    +--------+---------+----------+------------+

+ Latency: 
    * Summary: 
    +---------+---------+----------+----------+-----+-----+---------+
    |  Latency (cycles) |  Latency (absolute) |  Interval | Pipeline|
    |   min   |   max   |    min   |    max   | min | max |   Type  |
    +---------+---------+----------+----------+-----+-----+---------+
    |        0|        0|      0 ns|      0 ns|    1|    1|      yes|
    +---------+---------+----------+----------+-----+-----+---------+

    + Detail: 
        * Instance: 
        N/A

        * Loop: 
        N/A



================================================================
== Utilization Estimates
================================================================
* Summary: 
+---------------------+---------+-------+---------+---------+------+
|         Name        | BRAM_18K|  DSP  |    FF   |   LUT   | URAM |
+---------------------+---------+-------+---------+---------+------+
|DSP                  |        -|      -|        -|        -|     -|
|Expression           |        -|      -|        0|     4752|     -|
|FIFO                 |        -|      -|        -|        -|     -|
|Instance             |        -|      -|        -|        -|     -|
|Memory               |        -|      -|        -|        -|     -|
|Multiplexer          |        -|      -|        -|        -|     -|
|Register             |        -|      -|        -|        -|     -|
+---------------------+---------+-------+---------+---------+------+
|Total                |        0|      0|        0|     4752|     0|
+---------------------+---------+-------+---------+---------+------+
|Available SLR        |     1344|   3072|   864000|   432000|   320|
+---------------------+---------+-------+---------+---------+------+
|Utilization SLR (%)  |        0|      0|        0|        1|     0|
+---------------------+---------+-------+---------+---------+------+
|Available            |     5376|  12288|  3456000|  1728000|  1280|
+---------------------+---------+-------+---------+---------+------+
|Utilization (%)      |        0|      0|        0|       ~0|     0|
+---------------------+---------+-------+---------+---------+------+

+ Detail: 
    * Instance: 
    N/A

    * DSP: 
    N/A

    * Memory: 
    N/A

    * FIFO: 
    N/A

    * Expression: 
    +---------------------------+----------+----+---+----+------------+------------+
    |       Variable Name       | Operation| DSP| FF| LUT| Bitwidth P0| Bitwidth P1|
    +---------------------------+----------+----+---+----+------------+------------+
    |icmp_ln45_10_fu_1106_p2    |      icmp|   0|  0|  23|          16|           1|
    |icmp_ln45_11_fu_1156_p2    |      icmp|   0|  0|  23|          16|           1|
    |icmp_ln45_12_fu_1206_p2    |      icmp|   0|  0|  23|          16|           1|
    |icmp_ln45_13_fu_1256_p2    |      icmp|   0|  0|  23|          16|           1|
    |icmp_ln45_14_fu_1306_p2    |      icmp|   0|  0|  23|          16|           1|
    |icmp_ln45_15_fu_1356_p2    |      icmp|   0|  0|  23|          16|           1|
    |icmp_ln45_16_fu_1406_p2    |      icmp|   0|  0|  23|          16|           1|
    |icmp_ln45_17_fu_1456_p2    |      icmp|   0|  0|  23|          16|           1|
    |icmp_ln45_18_fu_1506_p2    |      icmp|   0|  0|  23|          16|           1|
    |icmp_ln45_19_fu_1556_p2    |      icmp|   0|  0|  23|          16|           1|
    |icmp_ln45_1_fu_656_p2      |      icmp|   0|  0|  23|          16|           1|
    |icmp_ln45_20_fu_1606_p2    |      icmp|   0|  0|  23|          16|           1|
    |icmp_ln45_21_fu_1656_p2    |      icmp|   0|  0|  23|          16|           1|
    |icmp_ln45_22_fu_1706_p2    |      icmp|   0|  0|  23|          16|           1|
    |icmp_ln45_23_fu_1756_p2    |      icmp|   0|  0|  23|          16|           1|
    |icmp_ln45_24_fu_1806_p2    |      icmp|   0|  0|  23|          16|           1|
    |icmp_ln45_25_fu_1856_p2    |      icmp|   0|  0|  23|          16|           1|
    |icmp_ln45_26_fu_1906_p2    |      icmp|   0|  0|  23|          16|           1|
    |icmp_ln45_27_fu_1956_p2    |      icmp|   0|  0|  23|          16|           1|
    |icmp_ln45_28_fu_2006_p2    |      icmp|   0|  0|  23|          16|           1|
    |icmp_ln45_29_fu_2056_p2    |      icmp|   0|  0|  23|          16|           1|
    |icmp_ln45_2_fu_706_p2      |      icmp|   0|  0|  23|          16|           1|
    |icmp_ln45_30_fu_2106_p2    |      icmp|   0|  0|  23|          16|           1|
    |icmp_ln45_31_fu_2156_p2    |      icmp|   0|  0|  23|          16|           1|
    |icmp_ln45_32_fu_2206_p2    |      icmp|   0|  0|  23|          16|           1|
    |icmp_ln45_33_fu_2256_p2    |      icmp|   0|  0|  23|          16|           1|
    |icmp_ln45_34_fu_2306_p2    |      icmp|   0|  0|  23|          16|           1|
    |icmp_ln45_35_fu_2356_p2    |      icmp|   0|  0|  23|          16|           1|
    |icmp_ln45_36_fu_2406_p2    |      icmp|   0|  0|  23|          16|           1|
    |icmp_ln45_37_fu_2456_p2    |      icmp|   0|  0|  23|          16|           1|
    |icmp_ln45_38_fu_2506_p2    |      icmp|   0|  0|  23|          16|           1|
    |icmp_ln45_39_fu_2556_p2    |      icmp|   0|  0|  23|          16|           1|
    |icmp_ln45_3_fu_756_p2      |      icmp|   0|  0|  23|          16|           1|
    |icmp_ln45_40_fu_2606_p2    |      icmp|   0|  0|  23|          16|           1|
    |icmp_ln45_41_fu_2656_p2    |      icmp|   0|  0|  23|          16|           1|
    |icmp_ln45_42_fu_2706_p2    |      icmp|   0|  0|  23|          16|           1|
    |icmp_ln45_43_fu_2756_p2    |      icmp|   0|  0|  23|          16|           1|
    |icmp_ln45_44_fu_2806_p2    |      icmp|   0|  0|  23|          16|           1|
    |icmp_ln45_45_fu_2856_p2    |      icmp|   0|  0|  23|          16|           1|
    |icmp_ln45_46_fu_2906_p2    |      icmp|   0|  0|  23|          16|           1|
    |icmp_ln45_47_fu_2956_p2    |      icmp|   0|  0|  23|          16|           1|
    |icmp_ln45_48_fu_3006_p2    |      icmp|   0|  0|  23|          16|           1|
    |icmp_ln45_49_fu_3056_p2    |      icmp|   0|  0|  23|          16|           1|
    |icmp_ln45_4_fu_806_p2      |      icmp|   0|  0|  23|          16|           1|
    |icmp_ln45_50_fu_3106_p2    |      icmp|   0|  0|  23|          16|           1|
    |icmp_ln45_51_fu_3156_p2    |      icmp|   0|  0|  23|          16|           1|
    |icmp_ln45_52_fu_3206_p2    |      icmp|   0|  0|  23|          16|           1|
    |icmp_ln45_53_fu_3256_p2    |      icmp|   0|  0|  23|          16|           1|
    |icmp_ln45_54_fu_3306_p2    |      icmp|   0|  0|  23|          16|           1|
    |icmp_ln45_55_fu_3356_p2    |      icmp|   0|  0|  23|          16|           1|
    |icmp_ln45_56_fu_3406_p2    |      icmp|   0|  0|  23|          16|           1|
    |icmp_ln45_57_fu_3456_p2    |      icmp|   0|  0|  23|          16|           1|
    |icmp_ln45_58_fu_3506_p2    |      icmp|   0|  0|  23|          16|           1|
    |icmp_ln45_59_fu_3556_p2    |      icmp|   0|  0|  23|          16|           1|
    |icmp_ln45_5_fu_856_p2      |      icmp|   0|  0|  23|          16|           1|
    |icmp_ln45_60_fu_3606_p2    |      icmp|   0|  0|  23|          16|           1|
    |icmp_ln45_61_fu_3656_p2    |      icmp|   0|  0|  23|          16|           1|
    |icmp_ln45_62_fu_3706_p2    |      icmp|   0|  0|  23|          16|           1|
    |icmp_ln45_63_fu_3756_p2    |      icmp|   0|  0|  23|          16|           1|
    |icmp_ln45_64_fu_3806_p2    |      icmp|   0|  0|  23|          16|           1|
    |icmp_ln45_65_fu_3856_p2    |      icmp|   0|  0|  23|          16|           1|
    |icmp_ln45_66_fu_3906_p2    |      icmp|   0|  0|  23|          16|           1|
    |icmp_ln45_67_fu_3956_p2    |      icmp|   0|  0|  23|          16|           1|
    |icmp_ln45_68_fu_4006_p2    |      icmp|   0|  0|  23|          16|           1|
    |icmp_ln45_69_fu_4056_p2    |      icmp|   0|  0|  23|          16|           1|
    |icmp_ln45_6_fu_906_p2      |      icmp|   0|  0|  23|          16|           1|
    |icmp_ln45_70_fu_4106_p2    |      icmp|   0|  0|  23|          16|           1|
    |icmp_ln45_71_fu_4156_p2    |      icmp|   0|  0|  23|          16|           1|
    |icmp_ln45_7_fu_956_p2      |      icmp|   0|  0|  23|          16|           1|
    |icmp_ln45_8_fu_1006_p2     |      icmp|   0|  0|  23|          16|           1|
    |icmp_ln45_9_fu_1056_p2     |      icmp|   0|  0|  23|          16|           1|
    |icmp_ln45_fu_606_p2        |      icmp|   0|  0|  23|          16|           1|
    |icmp_ln46_10_fu_1134_p2    |      icmp|   0|  0|  13|           6|           1|
    |icmp_ln46_11_fu_1184_p2    |      icmp|   0|  0|  13|           6|           1|
    |icmp_ln46_12_fu_1234_p2    |      icmp|   0|  0|  13|           6|           1|
    |icmp_ln46_13_fu_1284_p2    |      icmp|   0|  0|  13|           6|           1|
    |icmp_ln46_14_fu_1334_p2    |      icmp|   0|  0|  13|           6|           1|
    |icmp_ln46_15_fu_1384_p2    |      icmp|   0|  0|  13|           6|           1|
    |icmp_ln46_16_fu_1434_p2    |      icmp|   0|  0|  13|           6|           1|
    |icmp_ln46_17_fu_1484_p2    |      icmp|   0|  0|  13|           6|           1|
    |icmp_ln46_18_fu_1534_p2    |      icmp|   0|  0|  13|           6|           1|
    |icmp_ln46_19_fu_1584_p2    |      icmp|   0|  0|  13|           6|           1|
    |icmp_ln46_1_fu_684_p2      |      icmp|   0|  0|  13|           6|           1|
    |icmp_ln46_20_fu_1634_p2    |      icmp|   0|  0|  13|           6|           1|
    |icmp_ln46_21_fu_1684_p2    |      icmp|   0|  0|  13|           6|           1|
    |icmp_ln46_22_fu_1734_p2    |      icmp|   0|  0|  13|           6|           1|
    |icmp_ln46_23_fu_1784_p2    |      icmp|   0|  0|  13|           6|           1|
    |icmp_ln46_24_fu_1834_p2    |      icmp|   0|  0|  13|           6|           1|
    |icmp_ln46_25_fu_1884_p2    |      icmp|   0|  0|  13|           6|           1|
    |icmp_ln46_26_fu_1934_p2    |      icmp|   0|  0|  13|           6|           1|
    |icmp_ln46_27_fu_1984_p2    |      icmp|   0|  0|  13|           6|           1|
    |icmp_ln46_28_fu_2034_p2    |      icmp|   0|  0|  13|           6|           1|
    |icmp_ln46_29_fu_2084_p2    |      icmp|   0|  0|  13|           6|           1|
    |icmp_ln46_2_fu_734_p2      |      icmp|   0|  0|  13|           6|           1|
    |icmp_ln46_30_fu_2134_p2    |      icmp|   0|  0|  13|           6|           1|
    |icmp_ln46_31_fu_2184_p2    |      icmp|   0|  0|  13|           6|           1|
    |icmp_ln46_32_fu_2234_p2    |      icmp|   0|  0|  13|           6|           1|
    |icmp_ln46_33_fu_2284_p2    |      icmp|   0|  0|  13|           6|           1|
    |icmp_ln46_34_fu_2334_p2    |      icmp|   0|  0|  13|           6|           1|
    |icmp_ln46_35_fu_2384_p2    |      icmp|   0|  0|  13|           6|           1|
    |icmp_ln46_36_fu_2434_p2    |      icmp|   0|  0|  13|           6|           1|
    |icmp_ln46_37_fu_2484_p2    |      icmp|   0|  0|  13|           6|           1|
    |icmp_ln46_38_fu_2534_p2    |      icmp|   0|  0|  13|           6|           1|
    |icmp_ln46_39_fu_2584_p2    |      icmp|   0|  0|  13|           6|           1|
    |icmp_ln46_3_fu_784_p2      |      icmp|   0|  0|  13|           6|           1|
    |icmp_ln46_40_fu_2634_p2    |      icmp|   0|  0|  13|           6|           1|
    |icmp_ln46_41_fu_2684_p2    |      icmp|   0|  0|  13|           6|           1|
    |icmp_ln46_42_fu_2734_p2    |      icmp|   0|  0|  13|           6|           1|
    |icmp_ln46_43_fu_2784_p2    |      icmp|   0|  0|  13|           6|           1|
    |icmp_ln46_44_fu_2834_p2    |      icmp|   0|  0|  13|           6|           1|
    |icmp_ln46_45_fu_2884_p2    |      icmp|   0|  0|  13|           6|           1|
    |icmp_ln46_46_fu_2934_p2    |      icmp|   0|  0|  13|           6|           1|
    |icmp_ln46_47_fu_2984_p2    |      icmp|   0|  0|  13|           6|           1|
    |icmp_ln46_48_fu_3034_p2    |      icmp|   0|  0|  13|           6|           1|
    |icmp_ln46_49_fu_3084_p2    |      icmp|   0|  0|  13|           6|           1|
    |icmp_ln46_4_fu_834_p2      |      icmp|   0|  0|  13|           6|           1|
    |icmp_ln46_50_fu_3134_p2    |      icmp|   0|  0|  13|           6|           1|
    |icmp_ln46_51_fu_3184_p2    |      icmp|   0|  0|  13|           6|           1|
    |icmp_ln46_52_fu_3234_p2    |      icmp|   0|  0|  13|           6|           1|
    |icmp_ln46_53_fu_3284_p2    |      icmp|   0|  0|  13|           6|           1|
    |icmp_ln46_54_fu_3334_p2    |      icmp|   0|  0|  13|           6|           1|
    |icmp_ln46_55_fu_3384_p2    |      icmp|   0|  0|  13|           6|           1|
    |icmp_ln46_56_fu_3434_p2    |      icmp|   0|  0|  13|           6|           1|
    |icmp_ln46_57_fu_3484_p2    |      icmp|   0|  0|  13|           6|           1|
    |icmp_ln46_58_fu_3534_p2    |      icmp|   0|  0|  13|           6|           1|
    |icmp_ln46_59_fu_3584_p2    |      icmp|   0|  0|  13|           6|           1|
    |icmp_ln46_5_fu_884_p2      |      icmp|   0|  0|  13|           6|           1|
    |icmp_ln46_60_fu_3634_p2    |      icmp|   0|  0|  13|           6|           1|
    |icmp_ln46_61_fu_3684_p2    |      icmp|   0|  0|  13|           6|           1|
    |icmp_ln46_62_fu_3734_p2    |      icmp|   0|  0|  13|           6|           1|
    |icmp_ln46_63_fu_3784_p2    |      icmp|   0|  0|  13|           6|           1|
    |icmp_ln46_64_fu_3834_p2    |      icmp|   0|  0|  13|           6|           1|
    |icmp_ln46_65_fu_3884_p2    |      icmp|   0|  0|  13|           6|           1|
    |icmp_ln46_66_fu_3934_p2    |      icmp|   0|  0|  13|           6|           1|
    |icmp_ln46_67_fu_3984_p2    |      icmp|   0|  0|  13|           6|           1|
    |icmp_ln46_68_fu_4034_p2    |      icmp|   0|  0|  13|           6|           1|
    |icmp_ln46_69_fu_4084_p2    |      icmp|   0|  0|  13|           6|           1|
    |icmp_ln46_6_fu_934_p2      |      icmp|   0|  0|  13|           6|           1|
    |icmp_ln46_70_fu_4134_p2    |      icmp|   0|  0|  13|           6|           1|
    |icmp_ln46_71_fu_4184_p2    |      icmp|   0|  0|  13|           6|           1|
    |icmp_ln46_7_fu_984_p2      |      icmp|   0|  0|  13|           6|           1|
    |icmp_ln46_8_fu_1034_p2     |      icmp|   0|  0|  13|           6|           1|
    |icmp_ln46_9_fu_1084_p2     |      icmp|   0|  0|  13|           6|           1|
    |icmp_ln46_fu_634_p2        |      icmp|   0|  0|  13|           6|           1|
    |select_ln45_10_fu_1148_p3  |    select|   0|  0|  15|           1|          15|
    |select_ln45_11_fu_1198_p3  |    select|   0|  0|  15|           1|          15|
    |select_ln45_12_fu_1248_p3  |    select|   0|  0|  15|           1|          15|
    |select_ln45_13_fu_1298_p3  |    select|   0|  0|  15|           1|          15|
    |select_ln45_14_fu_1348_p3  |    select|   0|  0|  15|           1|          15|
    |select_ln45_15_fu_1398_p3  |    select|   0|  0|  15|           1|          15|
    |select_ln45_16_fu_1448_p3  |    select|   0|  0|  15|           1|          15|
    |select_ln45_17_fu_1498_p3  |    select|   0|  0|  15|           1|          15|
    |select_ln45_18_fu_1548_p3  |    select|   0|  0|  15|           1|          15|
    |select_ln45_19_fu_1598_p3  |    select|   0|  0|  15|           1|          15|
    |select_ln45_1_fu_698_p3    |    select|   0|  0|  15|           1|          15|
    |select_ln45_20_fu_1648_p3  |    select|   0|  0|  15|           1|          15|
    |select_ln45_21_fu_1698_p3  |    select|   0|  0|  15|           1|          15|
    |select_ln45_22_fu_1748_p3  |    select|   0|  0|  15|           1|          15|
    |select_ln45_23_fu_1798_p3  |    select|   0|  0|  15|           1|          15|
    |select_ln45_24_fu_1848_p3  |    select|   0|  0|  15|           1|          15|
    |select_ln45_25_fu_1898_p3  |    select|   0|  0|  15|           1|          15|
    |select_ln45_26_fu_1948_p3  |    select|   0|  0|  15|           1|          15|
    |select_ln45_27_fu_1998_p3  |    select|   0|  0|  15|           1|          15|
    |select_ln45_28_fu_2048_p3  |    select|   0|  0|  15|           1|          15|
    |select_ln45_29_fu_2098_p3  |    select|   0|  0|  15|           1|          15|
    |select_ln45_2_fu_748_p3    |    select|   0|  0|  15|           1|          15|
    |select_ln45_30_fu_2148_p3  |    select|   0|  0|  15|           1|          15|
    |select_ln45_31_fu_2198_p3  |    select|   0|  0|  15|           1|          15|
    |select_ln45_32_fu_2248_p3  |    select|   0|  0|  15|           1|          15|
    |select_ln45_33_fu_2298_p3  |    select|   0|  0|  15|           1|          15|
    |select_ln45_34_fu_2348_p3  |    select|   0|  0|  15|           1|          15|
    |select_ln45_35_fu_2398_p3  |    select|   0|  0|  15|           1|          15|
    |select_ln45_36_fu_2448_p3  |    select|   0|  0|  15|           1|          15|
    |select_ln45_37_fu_2498_p3  |    select|   0|  0|  15|           1|          15|
    |select_ln45_38_fu_2548_p3  |    select|   0|  0|  15|           1|          15|
    |select_ln45_39_fu_2598_p3  |    select|   0|  0|  15|           1|          15|
    |select_ln45_3_fu_798_p3    |    select|   0|  0|  15|           1|          15|
    |select_ln45_40_fu_2648_p3  |    select|   0|  0|  15|           1|          15|
    |select_ln45_41_fu_2698_p3  |    select|   0|  0|  15|           1|          15|
    |select_ln45_42_fu_2748_p3  |    select|   0|  0|  15|           1|          15|
    |select_ln45_43_fu_2798_p3  |    select|   0|  0|  15|           1|          15|
    |select_ln45_44_fu_2848_p3  |    select|   0|  0|  15|           1|          15|
    |select_ln45_45_fu_2898_p3  |    select|   0|  0|  15|           1|          15|
    |select_ln45_46_fu_2948_p3  |    select|   0|  0|  15|           1|          15|
    |select_ln45_47_fu_2998_p3  |    select|   0|  0|  15|           1|          15|
    |select_ln45_48_fu_3048_p3  |    select|   0|  0|  15|           1|          15|
    |select_ln45_49_fu_3098_p3  |    select|   0|  0|  15|           1|          15|
    |select_ln45_4_fu_848_p3    |    select|   0|  0|  15|           1|          15|
    |select_ln45_50_fu_3148_p3  |    select|   0|  0|  15|           1|          15|
    |select_ln45_51_fu_3198_p3  |    select|   0|  0|  15|           1|          15|
    |select_ln45_52_fu_3248_p3  |    select|   0|  0|  15|           1|          15|
    |select_ln45_53_fu_3298_p3  |    select|   0|  0|  15|           1|          15|
    |select_ln45_54_fu_3348_p3  |    select|   0|  0|  15|           1|          15|
    |select_ln45_55_fu_3398_p3  |    select|   0|  0|  15|           1|          15|
    |select_ln45_56_fu_3448_p3  |    select|   0|  0|  15|           1|          15|
    |select_ln45_57_fu_3498_p3  |    select|   0|  0|  15|           1|          15|
    |select_ln45_58_fu_3548_p3  |    select|   0|  0|  15|           1|          15|
    |select_ln45_59_fu_3598_p3  |    select|   0|  0|  15|           1|          15|
    |select_ln45_5_fu_898_p3    |    select|   0|  0|  15|           1|          15|
    |select_ln45_60_fu_3648_p3  |    select|   0|  0|  15|           1|          15|
    |select_ln45_61_fu_3698_p3  |    select|   0|  0|  15|           1|          15|
    |select_ln45_62_fu_3748_p3  |    select|   0|  0|  15|           1|          15|
    |select_ln45_63_fu_3798_p3  |    select|   0|  0|  15|           1|          15|
    |select_ln45_64_fu_3848_p3  |    select|   0|  0|  15|           1|          15|
    |select_ln45_65_fu_3898_p3  |    select|   0|  0|  15|           1|          15|
    |select_ln45_66_fu_3948_p3  |    select|   0|  0|  15|           1|          15|
    |select_ln45_67_fu_3998_p3  |    select|   0|  0|  15|           1|          15|
    |select_ln45_68_fu_4048_p3  |    select|   0|  0|  15|           1|          15|
    |select_ln45_69_fu_4098_p3  |    select|   0|  0|  15|           1|          15|
    |select_ln45_6_fu_948_p3    |    select|   0|  0|  15|           1|          15|
    |select_ln45_70_fu_4148_p3  |    select|   0|  0|  15|           1|          15|
    |select_ln45_71_fu_4198_p3  |    select|   0|  0|  15|           1|          15|
    |select_ln45_7_fu_998_p3    |    select|   0|  0|  15|           1|          15|
    |select_ln45_8_fu_1048_p3   |    select|   0|  0|  15|           1|          15|
    |select_ln45_9_fu_1098_p3   |    select|   0|  0|  15|           1|          15|
    |select_ln45_fu_648_p3      |    select|   0|  0|  15|           1|          15|
    |select_ln46_10_fu_1140_p3  |    select|   0|  0|  15|           1|           2|
    |select_ln46_11_fu_1190_p3  |    select|   0|  0|  15|           1|           2|
    |select_ln46_12_fu_1240_p3  |    select|   0|  0|  15|           1|           2|
    |select_ln46_13_fu_1290_p3  |    select|   0|  0|  15|           1|           2|
    |select_ln46_14_fu_1340_p3  |    select|   0|  0|  15|           1|           2|
    |select_ln46_15_fu_1390_p3  |    select|   0|  0|  15|           1|           2|
    |select_ln46_16_fu_1440_p3  |    select|   0|  0|  15|           1|           2|
    |select_ln46_17_fu_1490_p3  |    select|   0|  0|  15|           1|           2|
    |select_ln46_18_fu_1540_p3  |    select|   0|  0|  15|           1|           2|
    |select_ln46_19_fu_1590_p3  |    select|   0|  0|  15|           1|           2|
    |select_ln46_1_fu_690_p3    |    select|   0|  0|  15|           1|           2|
    |select_ln46_20_fu_1640_p3  |    select|   0|  0|  15|           1|           2|
    |select_ln46_21_fu_1690_p3  |    select|   0|  0|  15|           1|           2|
    |select_ln46_22_fu_1740_p3  |    select|   0|  0|  15|           1|           2|
    |select_ln46_23_fu_1790_p3  |    select|   0|  0|  15|           1|           2|
    |select_ln46_24_fu_1840_p3  |    select|   0|  0|  15|           1|           2|
    |select_ln46_25_fu_1890_p3  |    select|   0|  0|  15|           1|           2|
    |select_ln46_26_fu_1940_p3  |    select|   0|  0|  15|           1|           2|
    |select_ln46_27_fu_1990_p3  |    select|   0|  0|  15|           1|           2|
    |select_ln46_28_fu_2040_p3  |    select|   0|  0|  15|           1|           2|
    |select_ln46_29_fu_2090_p3  |    select|   0|  0|  15|           1|           2|
    |select_ln46_2_fu_740_p3    |    select|   0|  0|  15|           1|           2|
    |select_ln46_30_fu_2140_p3  |    select|   0|  0|  15|           1|           2|
    |select_ln46_31_fu_2190_p3  |    select|   0|  0|  15|           1|           2|
    |select_ln46_32_fu_2240_p3  |    select|   0|  0|  15|           1|           2|
    |select_ln46_33_fu_2290_p3  |    select|   0|  0|  15|           1|           2|
    |select_ln46_34_fu_2340_p3  |    select|   0|  0|  15|           1|           2|
    |select_ln46_35_fu_2390_p3  |    select|   0|  0|  15|           1|           2|
    |select_ln46_36_fu_2440_p3  |    select|   0|  0|  15|           1|           2|
    |select_ln46_37_fu_2490_p3  |    select|   0|  0|  15|           1|           2|
    |select_ln46_38_fu_2540_p3  |    select|   0|  0|  15|           1|           2|
    |select_ln46_39_fu_2590_p3  |    select|   0|  0|  15|           1|           2|
    |select_ln46_3_fu_790_p3    |    select|   0|  0|  15|           1|           2|
    |select_ln46_40_fu_2640_p3  |    select|   0|  0|  15|           1|           2|
    |select_ln46_41_fu_2690_p3  |    select|   0|  0|  15|           1|           2|
    |select_ln46_42_fu_2740_p3  |    select|   0|  0|  15|           1|           2|
    |select_ln46_43_fu_2790_p3  |    select|   0|  0|  15|           1|           2|
    |select_ln46_44_fu_2840_p3  |    select|   0|  0|  15|           1|           2|
    |select_ln46_45_fu_2890_p3  |    select|   0|  0|  15|           1|           2|
    |select_ln46_46_fu_2940_p3  |    select|   0|  0|  15|           1|           2|
    |select_ln46_47_fu_2990_p3  |    select|   0|  0|  15|           1|           2|
    |select_ln46_48_fu_3040_p3  |    select|   0|  0|  15|           1|           2|
    |select_ln46_49_fu_3090_p3  |    select|   0|  0|  15|           1|           2|
    |select_ln46_4_fu_840_p3    |    select|   0|  0|  15|           1|           2|
    |select_ln46_50_fu_3140_p3  |    select|   0|  0|  15|           1|           2|
    |select_ln46_51_fu_3190_p3  |    select|   0|  0|  15|           1|           2|
    |select_ln46_52_fu_3240_p3  |    select|   0|  0|  15|           1|           2|
    |select_ln46_53_fu_3290_p3  |    select|   0|  0|  15|           1|           2|
    |select_ln46_54_fu_3340_p3  |    select|   0|  0|  15|           1|           2|
    |select_ln46_55_fu_3390_p3  |    select|   0|  0|  15|           1|           2|
    |select_ln46_56_fu_3440_p3  |    select|   0|  0|  15|           1|           2|
    |select_ln46_57_fu_3490_p3  |    select|   0|  0|  15|           1|           2|
    |select_ln46_58_fu_3540_p3  |    select|   0|  0|  15|           1|           2|
    |select_ln46_59_fu_3590_p3  |    select|   0|  0|  15|           1|           2|
    |select_ln46_5_fu_890_p3    |    select|   0|  0|  15|           1|           2|
    |select_ln46_60_fu_3640_p3  |    select|   0|  0|  15|           1|           2|
    |select_ln46_61_fu_3690_p3  |    select|   0|  0|  15|           1|           2|
    |select_ln46_62_fu_3740_p3  |    select|   0|  0|  15|           1|           2|
    |select_ln46_63_fu_3790_p3  |    select|   0|  0|  15|           1|           2|
    |select_ln46_64_fu_3840_p3  |    select|   0|  0|  15|           1|           2|
    |select_ln46_65_fu_3890_p3  |    select|   0|  0|  15|           1|           2|
    |select_ln46_66_fu_3940_p3  |    select|   0|  0|  15|           1|           2|
    |select_ln46_67_fu_3990_p3  |    select|   0|  0|  15|           1|           2|
    |select_ln46_68_fu_4040_p3  |    select|   0|  0|  15|           1|           2|
    |select_ln46_69_fu_4090_p3  |    select|   0|  0|  15|           1|           2|
    |select_ln46_6_fu_940_p3    |    select|   0|  0|  15|           1|           2|
    |select_ln46_70_fu_4140_p3  |    select|   0|  0|  15|           1|           2|
    |select_ln46_71_fu_4190_p3  |    select|   0|  0|  15|           1|           2|
    |select_ln46_7_fu_990_p3    |    select|   0|  0|  15|           1|           2|
    |select_ln46_8_fu_1040_p3   |    select|   0|  0|  15|           1|           2|
    |select_ln46_9_fu_1090_p3   |    select|   0|  0|  15|           1|           2|
    |select_ln46_fu_640_p3      |    select|   0|  0|  15|           1|           2|
    +---------------------------+----------+----+---+----+------------+------------+
    |Total                      |          |   0|  0|4752|        1728|        1368|
    +---------------------------+----------+----+---+----+------------+------------+

    * Multiplexer: 
    N/A

    * Register: 
    N/A



================================================================
== Interface
================================================================
* Summary: 
+--------------+-----+-----+------------+-------------------------------------------------------------------------+--------------+
|   RTL Ports  | Dir | Bits|  Protocol  |                              Source Object                              |    C Type    |
+--------------+-----+-----+------------+-------------------------------------------------------------------------+--------------+
|ap_ready      |  out|    1|  ap_ctrl_hs|  relu<ap_fixed<16, 6, 5, 3, 0>, ap_ufixed<15, 0, 4, 0, 0>, relu_config4>|  return value|
|ap_return_0   |  out|   15|  ap_ctrl_hs|  relu<ap_fixed<16, 6, 5, 3, 0>, ap_ufixed<15, 0, 4, 0, 0>, relu_config4>|  return value|
|ap_return_1   |  out|   15|  ap_ctrl_hs|  relu<ap_fixed<16, 6, 5, 3, 0>, ap_ufixed<15, 0, 4, 0, 0>, relu_config4>|  return value|
|ap_return_2   |  out|   15|  ap_ctrl_hs|  relu<ap_fixed<16, 6, 5, 3, 0>, ap_ufixed<15, 0, 4, 0, 0>, relu_config4>|  return value|
|ap_return_3   |  out|   15|  ap_ctrl_hs|  relu<ap_fixed<16, 6, 5, 3, 0>, ap_ufixed<15, 0, 4, 0, 0>, relu_config4>|  return value|
|ap_return_4   |  out|   15|  ap_ctrl_hs|  relu<ap_fixed<16, 6, 5, 3, 0>, ap_ufixed<15, 0, 4, 0, 0>, relu_config4>|  return value|
|ap_return_5   |  out|   15|  ap_ctrl_hs|  relu<ap_fixed<16, 6, 5, 3, 0>, ap_ufixed<15, 0, 4, 0, 0>, relu_config4>|  return value|
|ap_return_6   |  out|   15|  ap_ctrl_hs|  relu<ap_fixed<16, 6, 5, 3, 0>, ap_ufixed<15, 0, 4, 0, 0>, relu_config4>|  return value|
|ap_return_7   |  out|   15|  ap_ctrl_hs|  relu<ap_fixed<16, 6, 5, 3, 0>, ap_ufixed<15, 0, 4, 0, 0>, relu_config4>|  return value|
|ap_return_8   |  out|   15|  ap_ctrl_hs|  relu<ap_fixed<16, 6, 5, 3, 0>, ap_ufixed<15, 0, 4, 0, 0>, relu_config4>|  return value|
|ap_return_9   |  out|   15|  ap_ctrl_hs|  relu<ap_fixed<16, 6, 5, 3, 0>, ap_ufixed<15, 0, 4, 0, 0>, relu_config4>|  return value|
|ap_return_10  |  out|   15|  ap_ctrl_hs|  relu<ap_fixed<16, 6, 5, 3, 0>, ap_ufixed<15, 0, 4, 0, 0>, relu_config4>|  return value|
|ap_return_11  |  out|   15|  ap_ctrl_hs|  relu<ap_fixed<16, 6, 5, 3, 0>, ap_ufixed<15, 0, 4, 0, 0>, relu_config4>|  return value|
|ap_return_12  |  out|   15|  ap_ctrl_hs|  relu<ap_fixed<16, 6, 5, 3, 0>, ap_ufixed<15, 0, 4, 0, 0>, relu_config4>|  return value|
|ap_return_13  |  out|   15|  ap_ctrl_hs|  relu<ap_fixed<16, 6, 5, 3, 0>, ap_ufixed<15, 0, 4, 0, 0>, relu_config4>|  return value|
|ap_return_14  |  out|   15|  ap_ctrl_hs|  relu<ap_fixed<16, 6, 5, 3, 0>, ap_ufixed<15, 0, 4, 0, 0>, relu_config4>|  return value|
|ap_return_15  |  out|   15|  ap_ctrl_hs|  relu<ap_fixed<16, 6, 5, 3, 0>, ap_ufixed<15, 0, 4, 0, 0>, relu_config4>|  return value|
|ap_return_16  |  out|   15|  ap_ctrl_hs|  relu<ap_fixed<16, 6, 5, 3, 0>, ap_ufixed<15, 0, 4, 0, 0>, relu_config4>|  return value|
|ap_return_17  |  out|   15|  ap_ctrl_hs|  relu<ap_fixed<16, 6, 5, 3, 0>, ap_ufixed<15, 0, 4, 0, 0>, relu_config4>|  return value|
|ap_return_18  |  out|   15|  ap_ctrl_hs|  relu<ap_fixed<16, 6, 5, 3, 0>, ap_ufixed<15, 0, 4, 0, 0>, relu_config4>|  return value|
|ap_return_19  |  out|   15|  ap_ctrl_hs|  relu<ap_fixed<16, 6, 5, 3, 0>, ap_ufixed<15, 0, 4, 0, 0>, relu_config4>|  return value|
|ap_return_20  |  out|   15|  ap_ctrl_hs|  relu<ap_fixed<16, 6, 5, 3, 0>, ap_ufixed<15, 0, 4, 0, 0>, relu_config4>|  return value|
|ap_return_21  |  out|   15|  ap_ctrl_hs|  relu<ap_fixed<16, 6, 5, 3, 0>, ap_ufixed<15, 0, 4, 0, 0>, relu_config4>|  return value|
|ap_return_22  |  out|   15|  ap_ctrl_hs|  relu<ap_fixed<16, 6, 5, 3, 0>, ap_ufixed<15, 0, 4, 0, 0>, relu_config4>|  return value|
|ap_return_23  |  out|   15|  ap_ctrl_hs|  relu<ap_fixed<16, 6, 5, 3, 0>, ap_ufixed<15, 0, 4, 0, 0>, relu_config4>|  return value|
|ap_return_24  |  out|   15|  ap_ctrl_hs|  relu<ap_fixed<16, 6, 5, 3, 0>, ap_ufixed<15, 0, 4, 0, 0>, relu_config4>|  return value|
|ap_return_25  |  out|   15|  ap_ctrl_hs|  relu<ap_fixed<16, 6, 5, 3, 0>, ap_ufixed<15, 0, 4, 0, 0>, relu_config4>|  return value|
|ap_return_26  |  out|   15|  ap_ctrl_hs|  relu<ap_fixed<16, 6, 5, 3, 0>, ap_ufixed<15, 0, 4, 0, 0>, relu_config4>|  return value|
|ap_return_27  |  out|   15|  ap_ctrl_hs|  relu<ap_fixed<16, 6, 5, 3, 0>, ap_ufixed<15, 0, 4, 0, 0>, relu_config4>|  return value|
|ap_return_28  |  out|   15|  ap_ctrl_hs|  relu<ap_fixed<16, 6, 5, 3, 0>, ap_ufixed<15, 0, 4, 0, 0>, relu_config4>|  return value|
|ap_return_29  |  out|   15|  ap_ctrl_hs|  relu<ap_fixed<16, 6, 5, 3, 0>, ap_ufixed<15, 0, 4, 0, 0>, relu_config4>|  return value|
|ap_return_30  |  out|   15|  ap_ctrl_hs|  relu<ap_fixed<16, 6, 5, 3, 0>, ap_ufixed<15, 0, 4, 0, 0>, relu_config4>|  return value|
|ap_return_31  |  out|   15|  ap_ctrl_hs|  relu<ap_fixed<16, 6, 5, 3, 0>, ap_ufixed<15, 0, 4, 0, 0>, relu_config4>|  return value|
|ap_return_32  |  out|   15|  ap_ctrl_hs|  relu<ap_fixed<16, 6, 5, 3, 0>, ap_ufixed<15, 0, 4, 0, 0>, relu_config4>|  return value|
|ap_return_33  |  out|   15|  ap_ctrl_hs|  relu<ap_fixed<16, 6, 5, 3, 0>, ap_ufixed<15, 0, 4, 0, 0>, relu_config4>|  return value|
|ap_return_34  |  out|   15|  ap_ctrl_hs|  relu<ap_fixed<16, 6, 5, 3, 0>, ap_ufixed<15, 0, 4, 0, 0>, relu_config4>|  return value|
|ap_return_35  |  out|   15|  ap_ctrl_hs|  relu<ap_fixed<16, 6, 5, 3, 0>, ap_ufixed<15, 0, 4, 0, 0>, relu_config4>|  return value|
|ap_return_36  |  out|   15|  ap_ctrl_hs|  relu<ap_fixed<16, 6, 5, 3, 0>, ap_ufixed<15, 0, 4, 0, 0>, relu_config4>|  return value|
|ap_return_37  |  out|   15|  ap_ctrl_hs|  relu<ap_fixed<16, 6, 5, 3, 0>, ap_ufixed<15, 0, 4, 0, 0>, relu_config4>|  return value|
|ap_return_38  |  out|   15|  ap_ctrl_hs|  relu<ap_fixed<16, 6, 5, 3, 0>, ap_ufixed<15, 0, 4, 0, 0>, relu_config4>|  return value|
|ap_return_39  |  out|   15|  ap_ctrl_hs|  relu<ap_fixed<16, 6, 5, 3, 0>, ap_ufixed<15, 0, 4, 0, 0>, relu_config4>|  return value|
|ap_return_40  |  out|   15|  ap_ctrl_hs|  relu<ap_fixed<16, 6, 5, 3, 0>, ap_ufixed<15, 0, 4, 0, 0>, relu_config4>|  return value|
|ap_return_41  |  out|   15|  ap_ctrl_hs|  relu<ap_fixed<16, 6, 5, 3, 0>, ap_ufixed<15, 0, 4, 0, 0>, relu_config4>|  return value|
|ap_return_42  |  out|   15|  ap_ctrl_hs|  relu<ap_fixed<16, 6, 5, 3, 0>, ap_ufixed<15, 0, 4, 0, 0>, relu_config4>|  return value|
|ap_return_43  |  out|   15|  ap_ctrl_hs|  relu<ap_fixed<16, 6, 5, 3, 0>, ap_ufixed<15, 0, 4, 0, 0>, relu_config4>|  return value|
|ap_return_44  |  out|   15|  ap_ctrl_hs|  relu<ap_fixed<16, 6, 5, 3, 0>, ap_ufixed<15, 0, 4, 0, 0>, relu_config4>|  return value|
|ap_return_45  |  out|   15|  ap_ctrl_hs|  relu<ap_fixed<16, 6, 5, 3, 0>, ap_ufixed<15, 0, 4, 0, 0>, relu_config4>|  return value|
|ap_return_46  |  out|   15|  ap_ctrl_hs|  relu<ap_fixed<16, 6, 5, 3, 0>, ap_ufixed<15, 0, 4, 0, 0>, relu_config4>|  return value|
|ap_return_47  |  out|   15|  ap_ctrl_hs|  relu<ap_fixed<16, 6, 5, 3, 0>, ap_ufixed<15, 0, 4, 0, 0>, relu_config4>|  return value|
|ap_return_48  |  out|   15|  ap_ctrl_hs|  relu<ap_fixed<16, 6, 5, 3, 0>, ap_ufixed<15, 0, 4, 0, 0>, relu_config4>|  return value|
|ap_return_49  |  out|   15|  ap_ctrl_hs|  relu<ap_fixed<16, 6, 5, 3, 0>, ap_ufixed<15, 0, 4, 0, 0>, relu_config4>|  return value|
|ap_return_50  |  out|   15|  ap_ctrl_hs|  relu<ap_fixed<16, 6, 5, 3, 0>, ap_ufixed<15, 0, 4, 0, 0>, relu_config4>|  return value|
|ap_return_51  |  out|   15|  ap_ctrl_hs|  relu<ap_fixed<16, 6, 5, 3, 0>, ap_ufixed<15, 0, 4, 0, 0>, relu_config4>|  return value|
|ap_return_52  |  out|   15|  ap_ctrl_hs|  relu<ap_fixed<16, 6, 5, 3, 0>, ap_ufixed<15, 0, 4, 0, 0>, relu_config4>|  return value|
|ap_return_53  |  out|   15|  ap_ctrl_hs|  relu<ap_fixed<16, 6, 5, 3, 0>, ap_ufixed<15, 0, 4, 0, 0>, relu_config4>|  return value|
|ap_return_54  |  out|   15|  ap_ctrl_hs|  relu<ap_fixed<16, 6, 5, 3, 0>, ap_ufixed<15, 0, 4, 0, 0>, relu_config4>|  return value|
|ap_return_55  |  out|   15|  ap_ctrl_hs|  relu<ap_fixed<16, 6, 5, 3, 0>, ap_ufixed<15, 0, 4, 0, 0>, relu_config4>|  return value|
|ap_return_56  |  out|   15|  ap_ctrl_hs|  relu<ap_fixed<16, 6, 5, 3, 0>, ap_ufixed<15, 0, 4, 0, 0>, relu_config4>|  return value|
|ap_return_57  |  out|   15|  ap_ctrl_hs|  relu<ap_fixed<16, 6, 5, 3, 0>, ap_ufixed<15, 0, 4, 0, 0>, relu_config4>|  return value|
|ap_return_58  |  out|   15|  ap_ctrl_hs|  relu<ap_fixed<16, 6, 5, 3, 0>, ap_ufixed<15, 0, 4, 0, 0>, relu_config4>|  return value|
|ap_return_59  |  out|   15|  ap_ctrl_hs|  relu<ap_fixed<16, 6, 5, 3, 0>, ap_ufixed<15, 0, 4, 0, 0>, relu_config4>|  return value|
|ap_return_60  |  out|   15|  ap_ctrl_hs|  relu<ap_fixed<16, 6, 5, 3, 0>, ap_ufixed<15, 0, 4, 0, 0>, relu_config4>|  return value|
|ap_return_61  |  out|   15|  ap_ctrl_hs|  relu<ap_fixed<16, 6, 5, 3, 0>, ap_ufixed<15, 0, 4, 0, 0>, relu_config4>|  return value|
|ap_return_62  |  out|   15|  ap_ctrl_hs|  relu<ap_fixed<16, 6, 5, 3, 0>, ap_ufixed<15, 0, 4, 0, 0>, relu_config4>|  return value|
|ap_return_63  |  out|   15|  ap_ctrl_hs|  relu<ap_fixed<16, 6, 5, 3, 0>, ap_ufixed<15, 0, 4, 0, 0>, relu_config4>|  return value|
|ap_return_64  |  out|   15|  ap_ctrl_hs|  relu<ap_fixed<16, 6, 5, 3, 0>, ap_ufixed<15, 0, 4, 0, 0>, relu_config4>|  return value|
|ap_return_65  |  out|   15|  ap_ctrl_hs|  relu<ap_fixed<16, 6, 5, 3, 0>, ap_ufixed<15, 0, 4, 0, 0>, relu_config4>|  return value|
|ap_return_66  |  out|   15|  ap_ctrl_hs|  relu<ap_fixed<16, 6, 5, 3, 0>, ap_ufixed<15, 0, 4, 0, 0>, relu_config4>|  return value|
|ap_return_67  |  out|   15|  ap_ctrl_hs|  relu<ap_fixed<16, 6, 5, 3, 0>, ap_ufixed<15, 0, 4, 0, 0>, relu_config4>|  return value|
|ap_return_68  |  out|   15|  ap_ctrl_hs|  relu<ap_fixed<16, 6, 5, 3, 0>, ap_ufixed<15, 0, 4, 0, 0>, relu_config4>|  return value|
|ap_return_69  |  out|   15|  ap_ctrl_hs|  relu<ap_fixed<16, 6, 5, 3, 0>, ap_ufixed<15, 0, 4, 0, 0>, relu_config4>|  return value|
|ap_return_70  |  out|   15|  ap_ctrl_hs|  relu<ap_fixed<16, 6, 5, 3, 0>, ap_ufixed<15, 0, 4, 0, 0>, relu_config4>|  return value|
|ap_return_71  |  out|   15|  ap_ctrl_hs|  relu<ap_fixed<16, 6, 5, 3, 0>, ap_ufixed<15, 0, 4, 0, 0>, relu_config4>|  return value|
|data_0_val    |   in|   16|     ap_none|                                                               data_0_val|        scalar|
|data_1_val    |   in|   16|     ap_none|                                                               data_1_val|        scalar|
|data_2_val    |   in|   16|     ap_none|                                                               data_2_val|        scalar|
|data_3_val    |   in|   16|     ap_none|                                                               data_3_val|        scalar|
|data_4_val    |   in|   16|     ap_none|                                                               data_4_val|        scalar|
|data_5_val    |   in|   16|     ap_none|                                                               data_5_val|        scalar|
|data_6_val    |   in|   16|     ap_none|                                                               data_6_val|        scalar|
|data_7_val    |   in|   16|     ap_none|                                                               data_7_val|        scalar|
|data_8_val    |   in|   16|     ap_none|                                                               data_8_val|        scalar|
|data_9_val    |   in|   16|     ap_none|                                                               data_9_val|        scalar|
|data_10_val   |   in|   16|     ap_none|                                                              data_10_val|        scalar|
|data_11_val   |   in|   16|     ap_none|                                                              data_11_val|        scalar|
|data_12_val   |   in|   16|     ap_none|                                                              data_12_val|        scalar|
|data_13_val   |   in|   16|     ap_none|                                                              data_13_val|        scalar|
|data_14_val   |   in|   16|     ap_none|                                                              data_14_val|        scalar|
|data_15_val   |   in|   16|     ap_none|                                                              data_15_val|        scalar|
|data_16_val   |   in|   16|     ap_none|                                                              data_16_val|        scalar|
|data_17_val   |   in|   16|     ap_none|                                                              data_17_val|        scalar|
|data_18_val   |   in|   16|     ap_none|                                                              data_18_val|        scalar|
|data_19_val   |   in|   16|     ap_none|                                                              data_19_val|        scalar|
|data_20_val   |   in|   16|     ap_none|                                                              data_20_val|        scalar|
|data_21_val   |   in|   16|     ap_none|                                                              data_21_val|        scalar|
|data_22_val   |   in|   16|     ap_none|                                                              data_22_val|        scalar|
|data_23_val   |   in|   16|     ap_none|                                                              data_23_val|        scalar|
|data_24_val   |   in|   16|     ap_none|                                                              data_24_val|        scalar|
|data_25_val   |   in|   16|     ap_none|                                                              data_25_val|        scalar|
|data_26_val   |   in|   16|     ap_none|                                                              data_26_val|        scalar|
|data_27_val   |   in|   16|     ap_none|                                                              data_27_val|        scalar|
|data_28_val   |   in|   16|     ap_none|                                                              data_28_val|        scalar|
|data_29_val   |   in|   16|     ap_none|                                                              data_29_val|        scalar|
|data_30_val   |   in|   16|     ap_none|                                                              data_30_val|        scalar|
|data_31_val   |   in|   16|     ap_none|                                                              data_31_val|        scalar|
|data_32_val   |   in|   16|     ap_none|                                                              data_32_val|        scalar|
|data_33_val   |   in|   16|     ap_none|                                                              data_33_val|        scalar|
|data_34_val   |   in|   16|     ap_none|                                                              data_34_val|        scalar|
|data_35_val   |   in|   16|     ap_none|                                                              data_35_val|        scalar|
|data_36_val   |   in|   16|     ap_none|                                                              data_36_val|        scalar|
|data_37_val   |   in|   16|     ap_none|                                                              data_37_val|        scalar|
|data_38_val   |   in|   16|     ap_none|                                                              data_38_val|        scalar|
|data_39_val   |   in|   16|     ap_none|                                                              data_39_val|        scalar|
|data_40_val   |   in|   16|     ap_none|                                                              data_40_val|        scalar|
|data_41_val   |   in|   16|     ap_none|                                                              data_41_val|        scalar|
|data_42_val   |   in|   16|     ap_none|                                                              data_42_val|        scalar|
|data_43_val   |   in|   16|     ap_none|                                                              data_43_val|        scalar|
|data_44_val   |   in|   16|     ap_none|                                                              data_44_val|        scalar|
|data_45_val   |   in|   16|     ap_none|                                                              data_45_val|        scalar|
|data_46_val   |   in|   16|     ap_none|                                                              data_46_val|        scalar|
|data_47_val   |   in|   16|     ap_none|                                                              data_47_val|        scalar|
|data_48_val   |   in|   16|     ap_none|                                                              data_48_val|        scalar|
|data_49_val   |   in|   16|     ap_none|                                                              data_49_val|        scalar|
|data_50_val   |   in|   16|     ap_none|                                                              data_50_val|        scalar|
|data_51_val   |   in|   16|     ap_none|                                                              data_51_val|        scalar|
|data_52_val   |   in|   16|     ap_none|                                                              data_52_val|        scalar|
|data_53_val   |   in|   16|     ap_none|                                                              data_53_val|        scalar|
|data_54_val   |   in|   16|     ap_none|                                                              data_54_val|        scalar|
|data_55_val   |   in|   16|     ap_none|                                                              data_55_val|        scalar|
|data_56_val   |   in|   16|     ap_none|                                                              data_56_val|        scalar|
|data_57_val   |   in|   16|     ap_none|                                                              data_57_val|        scalar|
|data_58_val   |   in|   16|     ap_none|                                                              data_58_val|        scalar|
|data_59_val   |   in|   16|     ap_none|                                                              data_59_val|        scalar|
|data_60_val   |   in|   16|     ap_none|                                                              data_60_val|        scalar|
|data_61_val   |   in|   16|     ap_none|                                                              data_61_val|        scalar|
|data_62_val   |   in|   16|     ap_none|                                                              data_62_val|        scalar|
|data_63_val   |   in|   16|     ap_none|                                                              data_63_val|        scalar|
|data_64_val   |   in|   16|     ap_none|                                                              data_64_val|        scalar|
|data_65_val   |   in|   16|     ap_none|                                                              data_65_val|        scalar|
|data_66_val   |   in|   16|     ap_none|                                                              data_66_val|        scalar|
|data_67_val   |   in|   16|     ap_none|                                                              data_67_val|        scalar|
|data_68_val   |   in|   16|     ap_none|                                                              data_68_val|        scalar|
|data_69_val   |   in|   16|     ap_none|                                                              data_69_val|        scalar|
|data_70_val   |   in|   16|     ap_none|                                                              data_70_val|        scalar|
|data_71_val   |   in|   16|     ap_none|                                                              data_71_val|        scalar|
+--------------+-----+-----+------------+-------------------------------------------------------------------------+--------------+

